[COT 2024-02-18 04:49:58] 76561199407766611: Set GodMode To true [guid=spMEkRl42onhFHdF_u42e0T03x2sj347kUc600NXdGA=]
[COT 2024-02-18 04:49:58] 76561199407766611: Set Invisibility To 1 [guid=spMEkRl42onhFHdF_u42e0T03x2sj347kUc600NXdGA=]
[COT 2024-02-18 04:49:59] 76561199407766611: Set UnlimitedStamina To true [guid=spMEkRl42onhFHdF_u42e0T03x2sj347kUc600NXdGA=]
[COT 2024-02-18 04:50:01] 76561199407766611: Set UnlimitedAmmo To true [guid=spMEkRl42onhFHdF_u42e0T03x2sj347kUc600NXdGA=]
[COT 2024-02-18 04:50:18] 76561199407766611: Set Reputation To 42069 [guid=spMEkRl42onhFHdF_u42e0T03x2sj347kUc600NXdGA=]
[COT 2024-02-18 04:50:23] 76561199407766611: Healed [guid=spMEkRl42onhFHdF_u42e0T03x2sj347kUc600NXdGA=]
[COT 2024-02-18 04:50:26] 76561199407766611: Stripped [guid=spMEkRl42onhFHdF_u42e0T03x2sj347kUc600NXdGA=]
[COT 2024-02-18 04:52:34] 76561199407766611: Spawned Entity ADMIN GEAR-DOC-TOP (DOC_ADMIN_DOC_TOP<7664a070>, 100, 50, 0) at <3716.430664, 2.541380, 5882.113281>
[COT 2024-02-18 04:52:37] 76561199407766611: Spawned Entity ADMIN GEAR-DOC-BOTTOM (DOC_ADMIN_DOC_BOTTOM<7667ec80>, 100, 50, 0) at <3716.421631, 2.723960, 5882.097656>
[COT 2024-02-18 04:52:54] 76561199407766611: Spawned Entity Doc's Royalfoil M4 Carstock (DOC_M4CARSTOCK_ROYALFOIL<7667f810>, 100, 200, 0) at <3716.415527, 2.913325, 5882.081055>
[COT 2024-02-18 04:52:54] 76561199407766611: Spawned Entity Doc's Royalfoil M4 Carstock (DOC_M4CARSTOCK_ROYALFOIL<76679000>, 100, 200, 0) at <3716.412354, 2.997108, 5882.071777>
[COT 2024-02-18 04:52:54] 76561199407766611: Spawned Entity Doc's Royalfoil M4 Carstock (DOC_M4CARSTOCK_ROYALFOIL<7667be40>, 100, 200, 0) at <3716.409180, 3.081296, 5882.064453>
[COT 2024-02-18 04:52:56] 76561199407766611: Spawned Entity Doc's Royalfoil M4 RIS Handguard (DOC_M4RIS_ROYALFOIL<76679b90>, 100, 250, 0) at <3716.416992, 3.167185, 5882.057617>
[COT 2024-02-18 04:52:57] 76561199407766611: Spawned Entity Doc's Royalfoil M4 RIS Handguard (DOC_M4RIS_ROYALFOIL<766803a0>, 100, 250, 0) at <3716.414551, 3.230752, 5882.051270>
[COT 2024-02-18 04:52:57] 76561199407766611: Spawned Entity Doc's Royalfoil M4 RIS Handguard (DOC_M4RIS_ROYALFOIL<76680f30>, 100, 250, 0) at <3716.411377, 3.294318, 5882.043945>
[COT 2024-02-18 04:52:59] 76561199407766611: Spawned Entity Doc's Royalfoil Suppressor (ItemSuppressor<7667a720>, 100, 1800, 0) at <3716.399414, 3.357885, 5882.035645>
[COT 2024-02-18 04:53:00] 76561199407766611: Spawned Entity Doc's Royalfoil Suppressor (ItemSuppressor<76684900>, 100, 1800, 0) at <3716.399170, 3.397767, 5882.034180>
[COT 2024-02-18 04:53:00] 76561199407766611: Spawned Entity Doc's Royalfoil Suppressor (ItemSuppressor<76686020>, 100, 1800, 0) at <3716.399414, 3.437648, 5882.035156>
[COT 2024-02-18 04:53:02] 76561199407766611: Spawned Entity Doc's Royalfoil M4 (DOC_M4_ROYALFOIL<1b236e30>, 100, 1200, 0) at <3716.401611, 3.477530, 5882.034180>
[COT 2024-02-18 04:53:02] 76561199407766611: Spawned Entity Doc's Royalfoil M4 (DOC_M4_ROYALFOIL<11f14cd0>, 100, 1200, 0) at <3716.402100, 3.573287, 5882.027344>
[COT 2024-02-18 04:53:03] 76561199407766611: Spawned Entity Doc's Royalfoil M4 (DOC_M4_ROYALFOIL<11f159e0>, 100, 1200, 0) at <3716.400391, 3.667926, 5882.021484>
[COT 2024-02-18 04:53:06] 76561199407766611: Spawned Entity Doc's Royalfoil Stanag69 (DOC_STANAG69_ROYALFOIL<78ea0b80>, 69, 200, 0) at <3716.391602, 3.757282, 5882.008789>
[COT 2024-02-18 04:53:06] 76561199407766611: Spawned Entity Doc's Royalfoil Stanag69 (DOC_STANAG69_ROYALFOIL<78e9f460>, 69, 200, 0) at <3716.387695, 3.844062, 5881.998047>
[COT 2024-02-18 04:53:06] 76561199407766611: Spawned Entity Doc's Royalfoil Stanag69 (DOC_STANAG69_ROYALFOIL<78ea6800>, 69, 200, 0) at <3716.384277, 3.930842, 5881.987793>
[COT 2024-02-18 04:54:32] 76561199407766611: Set GodMode To true [guid=spMEkRl42onhFHdF_u42e0T03x2sj347kUc600NXdGA=]
[COT 2024-02-18 04:54:32] 76561199407766611: Set Invisibility To 1 [guid=spMEkRl42onhFHdF_u42e0T03x2sj347kUc600NXdGA=]
[COT 2024-02-18 04:54:33] 76561199407766611: Set UnlimitedStamina To true [guid=spMEkRl42onhFHdF_u42e0T03x2sj347kUc600NXdGA=]
[COT 2024-02-18 04:54:34] 76561199407766611: Set UnlimitedAmmo To true [guid=spMEkRl42onhFHdF_u42e0T03x2sj347kUc600NXdGA=]
[COT 2024-02-18 04:54:37] 76561199407766611: Healed [guid=spMEkRl42onhFHdF_u42e0T03x2sj347kUc600NXdGA=]
[COT 2024-02-18 04:56:35] 76561199407766611: Teleported to position <1644.959961, 16.656181, 5203.869141>
[COT 2024-02-18 04:57:07] 76561199407766611: Spawned Entity Sea Chest (SeaChest<75c30e80>, 100, 600, 0) at <1586.096069, 39.563862, 5427.505371>
[COT 2024-02-18 04:57:32] 76561199407766611: Spawned Entity Doc's Green M4 Carstock (DOC_M4CARSTOCK_GREEN<75c2f760>, 100, 200, 0) at <1586.200317, 39.849258, 5427.744141>
[COT 2024-02-18 04:57:38] 76561199407766611: Spawned Entity Doc's Yellow M4 RIS Handguard (DOC_M4RIS_YELLOW<75c35f70>, 100, 250, 0) at <1586.221924, 39.923454, 5427.803711>
[COT 2024-02-18 04:57:44] 76561199407766611: Spawned Entity Doc's Dark Blue Suppressor (ItemSuppressor<7a667150>, 100, 1800, 0) at <1586.232666, 39.987022, 5427.858398>
[COT 2024-02-18 04:57:52] 76561199407766611: Spawned Entity Doc's Black M4 (DOC_M4_BLACK<17666300>, 100, 1200, 0) at <1586.241821, 40.018135, 5427.879395>
[COT 2024-02-18 04:57:56] 76561199407766611: Spawned Entity Doc's Oilfoil Stanag69 (DOC_STANAG69_OILFOIL<7a667ce0>, 69, 200, 0) at <1586.270630, 40.113888, 5427.959473>
[COT 2024-02-18 04:58:01] 76561199407766611: Spawned Entity Doc's Pink Stanag69 (DOC_STANAG69_PINK<7a675890>, 69, 200, 0) at <1586.300293, 40.191074, 5428.022461>
