[COT 2024-02-18 17:21:47] 76561199407766611: Set GodMode To true [guid=spMEkRl42onhFHdF_u42e0T03x2sj347kUc600NXdGA=]
[COT 2024-02-18 17:21:48] 76561199407766611: Set Invisibility To 1 [guid=spMEkRl42onhFHdF_u42e0T03x2sj347kUc600NXdGA=]
[COT 2024-02-18 17:21:51] 76561199407766611: Set UnlimitedStamina To true [guid=spMEkRl42onhFHdF_u42e0T03x2sj347kUc600NXdGA=]
[COT 2024-02-18 17:21:52] 76561199407766611: Set UnlimitedAmmo To true [guid=spMEkRl42onhFHdF_u42e0T03x2sj347kUc600NXdGA=]
[COT 2024-02-18 17:22:00] 76561199407766611: Teleported [guid=-r2araXommLNgd2kLCOg5MUhQUGYZRsIrQF--_XcIVE=] to <3625.000000, 4.108688, 7426.000000>
[COT 2024-02-18 17:22:02] 76561199407766611: Healed [guid=-r2araXommLNgd2kLCOg5MUhQUGYZRsIrQF--_XcIVE=]
[COT 2024-02-18 17:22:32] 76561199407766611: Teleported to position <1524.711670, 16.355671, 5225.377930>
[COT 2024-02-18 17:22:57] 76561199407766611: Spawned Entity ADMIN GEAR-DOC-TOP (DOC_ADMIN_DOC_TOP<e731da40>, 100, 50, 0) at <1522.982056, 16.925667, 5216.497070>
[COT 2024-02-18 17:23:00] 76561199407766611: Spawned Entity ADMIN GEAR-DOC-BOTTOM (DOC_ADMIN_DOC_BOTTOM<e7317230>, 100, 50, 0) at <1523.011597, 17.108246, 5216.436035>
[COT 2024-02-18 17:23:23] 76561199407766611: Spawned Entity Sea Chest (SeaChest<e731b790>, 100, 600, 0) at <1522.976807, 17.739874, 5217.519043>
[COT 2024-02-18 17:23:28] 76561199407766611: Spawned Entity Sea Chest (SeaChest<e73194e0>, 100, 600, 0) at <1522.490356, 17.739874, 5217.231934>
[COT 2024-02-18 17:23:31] 76561199407766611: Spawned Entity Sea Chest (SeaChest<e731f160>, 100, 600, 0) at <1522.060181, 17.739874, 5216.944824>
[COT 2024-02-18 17:23:33] 76561199407766611: Spawned Entity Sea Chest (SeaChest<e72f8100>, 100, 600, 0) at <1522.319092, 17.961672, 5216.618652>
[COT 2024-02-18 17:24:29] 76561199407766611: Teleported [guid=-r2araXommLNgd2kLCOg5MUhQUGYZRsIrQF--_XcIVE=] to <1523.248413, 16.925623, 5215.794434>
[COT 2024-02-18 17:24:38] 76561199407766611: Spawned Entity Keys (ExpansionCarKey<f8366890>, 100, 100, 0) at <1522.073364, 16.925667, 5217.072266>
[COT 2024-02-18 17:24:38] 76561199407766611: Spawned Entity Keys (ExpansionCarKey<f8368b40>, 100, 100, 0) at <1522.076538, 16.937843, 5217.062500>
[COT 2024-02-18 17:24:39] 76561199407766611: Spawned Entity Keys (ExpansionCarKey<f8367420>, 100, 100, 0) at <1522.080566, 16.950020, 5217.054688>
[COT 2024-02-18 17:24:39] 76561199407766611: Spawned Entity Keys (ExpansionCarKey<f8365d00>, 100, 100, 0) at <1522.083496, 16.962194, 5217.053223>
[COT 2024-02-18 17:24:42] 76561199407766611: Spawned Entity Keys (ExpansionCarKey<f836b980>, 100, 100, 0) at <1522.082031, 16.974371, 5217.046875>
[COT 2024-02-18 17:24:58] 76561199407766611: Spawned Entity Doc's Glock - Black/FDE (DOC_GLOCK_BLKFDE<e7891e20>, 100, 2800, 0) at <1522.088013, 16.986547, 5217.038574>
[COT 2024-02-18 17:24:58] 76561199407766611: Spawned Entity Doc's Glock - Black/FDE (DOC_GLOCK_BLKFDE<e789bae0>, 100, 2800, 0) at <1522.111328, 17.051853, 5217.010254>
[COT 2024-02-18 17:24:59] 76561199407766611: Spawned Entity Doc's Glock - Black/FDE (DOC_GLOCK_BLKFDE<e78993b0>, 100, 2800, 0) at <1522.133789, 17.120779, 5216.979004>
[COT 2024-02-18 17:24:59] 76561199407766611: Spawned Entity Doc's Glock - Black/FDE (DOC_GLOCK_BLKFDE<e789c7f0>, 100, 2800, 0) at <1522.156860, 17.188482, 5216.946289>
[COT 2024-02-18 17:24:59] 76561199407766611: Spawned Entity Doc's Glock - Black/FDE (DOC_GLOCK_BLKFDE<e789a0c0>, 100, 2800, 0) at <1522.172363, 17.231821, 5216.923828>
[COT 2024-02-18 17:25:02] 76561199407766611: Spawned Entity 15rd Mlock-91 Mag (Mag_Glock_15Rnd<f8387c70>, 15, 100, 0) at <1522.178345, 17.273876, 5216.895020>
[COT 2024-02-18 17:25:02] 76561199407766611: Spawned Entity 15rd Mlock-91 Mag (Mag_Glock_15Rnd<f8381460>, 15, 100, 0) at <1522.201782, 17.345903, 5216.855957>
[COT 2024-02-18 17:25:02] 76561199407766611: Spawned Entity 15rd Mlock-91 Mag (Mag_Glock_15Rnd<f8388800>, 15, 100, 0) at <1522.225464, 17.417547, 5216.819336>
[COT 2024-02-18 17:25:03] 76561199407766611: Spawned Entity 15rd Mlock-91 Mag (Mag_Glock_15Rnd<f8389390>, 15, 100, 0) at <1522.248657, 17.489334, 5216.785156>
[COT 2024-02-18 17:25:03] 76561199407766611: Spawned Entity 15rd Mlock-91 Mag (Mag_Glock_15Rnd<f8382b80>, 15, 100, 0) at <1522.272217, 17.561363, 5216.752930>
[COT 2024-02-18 17:25:30] 76561199407766611: Spawned Entity Boxed Nails (NailBox<f8386550>, 15, 80, 0) at <1522.297729, 17.633795, 5216.728027>
[COT 2024-02-18 17:25:30] 76561199407766611: Spawned Entity Boxed Nails (NailBox<f8389f20>, 15, 80, 0) at <1522.351807, 17.803501, 5216.642090>
[COT 2024-02-18 17:25:31] 76561199407766611: Spawned Entity Boxed Nails (NailBox<f8383710>, 15, 80, 0) at <1522.405518, 17.973139, 5216.554688>
[COT 2024-02-18 17:25:31] 76561199407766611: Spawned Entity Boxed Nails (NailBox<f838aab0>, 15, 80, 0) at <1522.461792, 18.145912, 5216.465332>
[COT 2024-02-18 17:25:31] 76561199407766611: Spawned Entity Boxed Nails (NailBox<f83842a0>, 15, 80, 0) at <1522.521729, 18.329693, 5216.374023>
[COT 2024-02-18 17:25:31] 76561199407766611: Spawned Entity Boxed Nails (NailBox<f838d8f0>, 15, 80, 0) at <1522.575439, 18.495245, 5216.293945>
[COT 2024-02-18 17:25:34] 76561199407766611: Spawned Entity Boxed Nails (NailBox<f838b640>, 15, 80, 0) at <1522.691040, 16.925596, 5216.108398>
[COT 2024-02-18 17:25:34] 76561199407766611: Spawned Entity Boxed Nails (NailBox<f838f010>, 15, 80, 0) at <1522.691040, 16.925596, 5216.108398>
[COT 2024-02-18 17:25:34] 76561199407766611: Spawned Entity Boxed Nails (NailBox<f838fba0>, 15, 80, 0) at <1522.691040, 16.925596, 5216.108398>
[COT 2024-02-18 17:25:34] 76561199407766611: Spawned Entity Boxed Nails (NailBox<f8390730>, 15, 80, 0) at <1522.691040, 16.925596, 5216.108398>
[COT 2024-02-18 17:25:44] 76561199407766611: Spawned Entity Tactical Gloves (TacticalGloves_Black<f8391e50>, 15, 165, 0) at <1522.691040, 16.925596, 5216.108398>
[COT 2024-02-18 17:25:46] 76561199407766611: Spawned Entity Tactical Gloves (TacticalGloves_Black<f838e480>, 15, 165, 0) at <1522.691040, 16.925596, 5216.108398>
[COT 2024-02-18 17:25:46] 76561199407766611: Spawned Entity Tactical Gloves (TacticalGloves_Black<f838c1d0>, 15, 165, 0) at <1522.691040, 16.925596, 5216.108398>
[COT 2024-02-18 17:25:46] 76561199407766611: Spawned Entity Tactical Gloves (TacticalGloves_Black<f83912c0>, 15, 165, 0) at <1522.691040, 16.925596, 5216.108398>
[COT 2024-02-18 17:25:46] 76561199407766611: Spawned Entity Tactical Gloves (TacticalGloves_Black<f83929e0>, 15, 165, 0) at <1522.691040, 16.925596, 5216.108398>
[COT 2024-02-18 17:25:50] 76561199407766611: Spawned Entity Canned Bacon (TacticalBaconCan<f838cd60>, 15, 100, 0) at <1522.691040, 16.925596, 5216.108398>
[COT 2024-02-18 17:25:50] 76561199407766611: Spawned Entity Canned Bacon (TacticalBaconCan<f2246630>, 15, 100, 0) at <1522.691040, 16.925596, 5216.108398>
[COT 2024-02-18 17:25:50] 76561199407766611: Spawned Entity Canned Bacon (TacticalBaconCan<f22471c0>, 15, 100, 0) at <1522.691040, 16.925596, 5216.108398>
[COT 2024-02-18 17:25:50] 76561199407766611: Spawned Entity Canned Bacon (TacticalBaconCan<f2244f10>, 15, 100, 0) at <1522.691040, 16.925596, 5216.108398>
[COT 2024-02-18 17:25:50] 76561199407766611: Spawned Entity Canned Bacon (TacticalBaconCan<f22488e0>, 15, 100, 0) at <1522.691040, 16.925596, 5216.108398>
[COT 2024-02-18 17:25:58] 76561199407766611: Spawned Entity MVS Canteen - Tan (Canteen<ed566550>, 1000, 100, 512) at <1522.691040, 16.925596, 5216.108398>
[COT 2024-02-18 17:25:58] 76561199407766611: Spawned Entity MVS Canteen - Tan (Canteen<ed568980>, 1000, 100, 512) at <1522.691040, 16.925596, 5216.108398>
[COT 2024-02-18 17:25:58] 76561199407766611: Spawned Entity MVS Canteen - Tan (Canteen<ed567160>, 1000, 100, 512) at <1522.691040, 16.925596, 5216.108398>
[COT 2024-02-18 17:25:59] 76561199407766611: Spawned Entity MVS Canteen - Tan (Canteen<ed56a1a0>, 1000, 100, 512) at <1522.691040, 16.925596, 5216.108398>
[COT 2024-02-18 17:25:59] 76561199407766611: Spawned Entity MVS Canteen - Tan (Canteen<ed563510>, 1000, 100, 512) at <1522.691040, 16.925596, 5216.108398>
[COT 2024-02-18 17:26:07] 76561199407766611: Spawned Entity MVS Sling Pack - Snow (MountainBag_ColorBase<f2249470>, 1000, 300, 0) at <1522.691040, 16.925596, 5216.108398>
[COT 2024-02-18 17:26:07] 76561199407766611: Spawned Entity MVS Sling Pack - Snow (MountainBag_ColorBase<f224c2b0>, 1000, 300, 0) at <1522.691040, 16.925596, 5216.108398>
[COT 2024-02-18 17:26:07] 76561199407766611: Spawned Entity MVS Sling Pack - Snow (MountainBag_ColorBase<f22513a0>, 1000, 300, 0) at <1522.691040, 16.925596, 5216.108398>
[COT 2024-02-18 17:26:07] 76561199407766611: Spawned Entity MVS Sling Pack - Snow (MountainBag_ColorBase<f2259e60>, 1000, 300, 0) at <1522.691040, 16.925596, 5216.108398>
[COT 2024-02-18 17:26:07] 76561199407766611: Spawned Entity MVS Sling Pack - Snow (MountainBag_ColorBase<f225ef50>, 1000, 300, 0) at <1522.691040, 16.925596, 5216.108398>
[COT 2024-02-18 17:32:36] 76561199407766611: Deleted Entity DOC_ADMIN_DOC_TOP:26933 at <1519.565186, 16.891785, 5220.265137>
[COT 2024-02-18 17:32:46] 76561199407766611: Spawned Entity ADMIN GEAR-DOC-TOP (DOC_ADMIN_DOC_TOP<fe559190>, 100, 50, 0) at <1519.565186, 16.925556, 5220.915527>
[COT 2024-02-18 17:32:56] 76561199407766611: Set Invisibility To 0 [guid=spMEkRl42onhFHdF_u42e0T03x2sj347kUc600NXdGA=]
[COT 2024-02-18 17:33:04] 76561199407766611: Healed [guid=KWl3ojgjStHOe3-iLRChpUG8crsNiNfei3BT6NCIfaw=]
[COT 2024-02-18 17:33:08] 76561199407766611: Healed [guid=-r2araXommLNgd2kLCOg5MUhQUGYZRsIrQF--_XcIVE=]
[COT 2024-02-18 17:33:10] 76561199407766611: Healed [guid=ysXLPGxvINTWJrUI_cLicG01RRa30GIHtUhoD1SXkpo=]
[COT 2024-02-18 17:33:12] 76561199407766611: Healed [guid=SgADkNjbGaUs8SauxTNPqYQENYs5GlEGD7NNksMh0hI=]
[COT 2024-02-18 17:33:14] 76561199407766611: Healed [guid=2H7391gmOSCz4VnnBebcTth-2Sm4qjaSYaboxsOPA1Q=]
[COT 2024-02-18 17:33:51] 76561199407766611: Teleported to <4422.168945, 4.936852, 8094.989746> [guid=KWl3ojgjStHOe3-iLRChpUG8crsNiNfei3BT6NCIfaw=]
[COT 2024-02-18 17:34:23] 76561199407766611: Teleported to <1454.774658, 35.972469, 4825.662598> [guid=ysXLPGxvINTWJrUI_cLicG01RRa30GIHtUhoD1SXkpo=]
[COT 2024-02-18 17:34:55] 76561199407766611: Teleported to <1678.940918, 51.018105, 5557.622559> [guid=SgADkNjbGaUs8SauxTNPqYQENYs5GlEGD7NNksMh0hI=]
[COT 2024-02-18 17:35:18] 76561199407766611: Teleported to <2898.332275, 43.959839, 6125.530762> [guid=2H7391gmOSCz4VnnBebcTth-2Sm4qjaSYaboxsOPA1Q=]
[COT 2024-02-18 17:35:37] 76561199407766611: Entered the Free Camera
[COT 2024-02-18 17:35:45] 76561199407766611: Left the Free Camera
[COT 2024-02-18 17:35:52] 76561199407766611: Set Invisibility To 1 [guid=spMEkRl42onhFHdF_u42e0T03x2sj347kUc600NXdGA=]
[COT 2024-02-18 17:36:04] 76561199407766611: Teleported to position <4840.334473, 9.909142, 2288.311523>
[COT 2024-02-18 17:36:14] 76561199407766611: Set Invisibility To 1 [guid=-r2araXommLNgd2kLCOg5MUhQUGYZRsIrQF--_XcIVE=]
[COT 2024-02-18 17:36:47] 76561199407766611: Teleported to position <6689.274902, 14.376179, 6801.792969>
[COT 2024-02-18 17:37:06] 76561199407766611: Spawned Entity Mercedes-Benz W140 (MBw140<ecb41120>, 100, 10000, 0) at <6704.719238, 14.718898, 6800.584961>
[COT 2024-02-18 17:37:18] 76561199407766611: Spawned Entity Mercedes-Benz W140 Left Door (MBw140_Doors_Driver<f22437f0>, 100, 500, 0) at <6697.918457, 14.388680, 6799.765625>
[COT 2024-02-18 17:37:20] 76561199407766611: Spawned Entity Mercedes-Benz W140 Right Door (MBw140_Doors_coDriver<f2244380>, 100, 500, 0) at <6697.884766, 14.832435, 6799.598633>
[COT 2024-02-18 17:37:22] 76561199407766611: Spawned Entity Mercedes-Benz W140 Rear left door (MBw140_Doors_cargo1<f224b720>, 100, 500, 0) at <6697.905762, 15.300901, 6799.763184>
[COT 2024-02-18 17:37:24] 76561199407766611: Spawned Entity Mercedes-Benz W140 Rear right door (MBw140_Doors_cargo2<f2252ac0>, 100, 500, 0) at <6697.749512, 15.747181, 6799.883789>
[COT 2024-02-18 17:37:30] 76561199407766611: Spawned Entity Mercedes-Benz W140 Hood (MBw140_Doors_hood<f22541e0>, 100, 500, 0) at <6697.611816, 16.067932, 6800.013672>
[COT 2024-02-18 17:37:32] 76561199407766611: Spawned Entity Mercedes-Benz W140 Trunk Door (MBw140_Doors_trunk<f2261200>, 100, 500, 0) at <6697.671387, 16.654707, 6799.839355>
[COT 2024-02-18 17:37:41] 76561199407766611: Spawned Entity Mercedes-Benz W140 Wheel (MBw140_Wheel<f2264040>, 100, 200, 0) at <6695.059082, 14.376180, 6799.193848>
[COT 2024-02-18 17:37:41] 76561199407766611: Spawned Entity Mercedes-Benz W140 Wheel (MBw140_Wheel<f2261d90>, 100, 200, 0) at <6695.264648, 14.795926, 6799.219727>
[COT 2024-02-18 17:37:41] 76561199407766611: Spawned Entity Mercedes-Benz W140 Wheel (MBw140_Wheel<f2269130>, 100, 200, 0) at <6695.471680, 15.215672, 6799.244629>
[COT 2024-02-18 17:37:41] 76561199407766611: Spawned Entity Mercedes-Benz W140 Wheel (MBw140_Wheel<f2262920>, 100, 200, 0) at <6695.678711, 15.635416, 6799.270508>
[COT 2024-02-18 17:38:42] 76561199407766611: Spawned Entity Doc's Glock - Gold (DOC_GLOCK_GOLD<e789fc30>, 100, 2800, 0) at <6700.258301, 14.376150, 6799.864258>
[COT 2024-02-18 17:38:56] 76561199407766611: Spawned Entity 15rd Mlock-91 Mag (Mag_Glock_15Rnd<fb533b40>, 15, 100, 0) at <6700.302734, 14.512819, 6800.466797>
[COT 2024-02-18 17:39:38] 76561199407766611: Spawned Entity Mercedes-Benz W140 Wheel (MBw140_Wheel<fb53aee0>, 100, 200, 0) at <6699.032227, 14.376181, 6800.467285>
[COT 2024-02-18 17:40:25] 76561199407766611: Teleported to position <4188.392578, 23.206509, 4660.373047>
[COT 2024-02-18 17:40:46] 76561199407766611: Spawned Entity BMW X5 (BMW_X5<ecb51980>, 100, 10000, 0) at <4189.971191, 23.727962, 4644.441406>
[COT 2024-02-18 17:40:55] 76561199407766611: Spawned Entity BMW_X5_Wheel (red) (BMW_X5_Wheel<fb509110>, 100, 1500, 0) at <4191.204102, 23.793550, 4644.371094>
[COT 2024-02-18 17:40:57] 76561199407766611: Spawned Entity BMW_X5_Wheel (blue) (BMW_X5_Wheel<fb505740>, 100, 1500, 0) at <4191.194824, 23.940685, 4644.812988>
[COT 2024-02-18 17:40:59] 76561199407766611: Spawned Entity BMW_X5_Wheel (black) (BMW_X5_Wheel<fb5062d0>, 100, 1500, 0) at <4191.178711, 24.091763, 4645.262695>
[COT 2024-02-18 17:41:03] 76561199407766611: Spawned Entity BMW X5 White  Left Door (BMW_X5_Doors_Driver<fb50b3c0>, 100, 4500, 0) at <4191.163086, 24.242044, 4645.706543>
[COT 2024-02-18 17:41:04] 76561199407766611: Spawned Entity BMW X5 Black Rear left door (BMW_X5_Doors_cargo1<fb50cae0>, 100, 4500, 0) at <4191.136230, 24.499292, 4646.474609>
[COT 2024-02-18 17:41:13] 76561199407766611: Spawned Entity BMW X5 Flecktarn Hood (BMW_X5_Doors_hood<fb50ed90>, 100, 4500, 0) at <4191.168457, 24.476971, 4646.509277>
[COT 2024-02-18 17:41:19] 76561199407766611: Spawned Entity BMW X5 Red trunk (BMW_X5_Doors_trunk<fb516cc0>, 100, 4500, 0) at <4191.137695, 24.499012, 4646.475586>
[COT 2024-02-18 17:42:19] 76561199407766611: Spawned Entity BMW X5 Wheel (BMW_X5_Wheel<fb517850>, 100, 1500, 0) at <4188.000977, 23.613008, 4645.362305>
[COT 2024-02-18 17:42:45] 76561199407766611: Spawned Entity BMW X5 Flecktarn Right Door (BMW_X5_Doors_coDriver<fb526b20>, 100, 4500, 0) at <4192.068848, 23.805733, 4644.855957>
[COT 2024-02-18 17:42:51] 76561199407766611: Spawned Entity BMW X5 Rear right door (BMW_X5_Doors_cargo2<fb528240>, 100, 4500, 0) at <4192.604004, 24.304863, 4644.738770>
[COT 2024-02-18 17:43:26] 76561199407766611: Teleported to position <2089.168945, 54.799999, 3012.538086>
[COT 2024-02-18 17:43:52] 76561199407766611: Spawned Entity Lock Pick (Lockpick<fb53d190>, 100, 125, 0) at <2094.013184, 54.904221, 2996.930176>
[COT 2024-02-18 17:44:55] 76561199407766611: Spawned Entity NivaPickup Red (NivaPickup_red<ecb571a0>, 100, 5000, 0) at <2089.977051, 54.904217, 2991.043213>
[COT 2024-02-18 17:45:04] 76561199407766611: Spawned Entity NivaPickup Wheel (NivaPickup_Wheel<f8365d00>, 100, 1500, 0) at <2089.977051, 54.904217, 2991.052002>
[COT 2024-02-18 17:45:04] 76561199407766611: Spawned Entity NivaPickup Wheel (NivaPickup_Wheel<f8363a50>, 100, 1500, 0) at <2089.977783, 54.904221, 2991.051270>
[COT 2024-02-18 17:45:05] 76561199407766611: Spawned Entity NivaPickup Wheel (NivaPickup_Wheel<f8375b60>, 100, 1500, 0) at <2089.978760, 54.904221, 2991.050293>
[COT 2024-02-18 17:45:05] 76561199407766611: Spawned Entity NivaPickup Wheel (NivaPickup_Wheel<f836f350>, 100, 1500, 0) at <2089.979248, 54.904217, 2991.049072>
[COT 2024-02-18 17:45:12] 76561199407766611: Spawned Entity NivaPickup Left Door (NivaPickup_Doors_Driver<f837c370>, 100, 2500, 0) at <2091.464111, 54.904221, 2991.411377>
[COT 2024-02-18 17:45:17] 76561199407766611: Spawned Entity NivaPickup Blue Right Door (NivaPickup_Doors_coDriver<e731c320>, 100, 2500, 0) at <2091.460938, 54.904217, 2991.405273>
[COT 2024-02-18 17:45:22] 76561199407766611: Spawned Entity NivaPickup Camo Hood (NivaPickup_Doors_hood<e7314f80>, 100, 2500, 0) at <2091.463379, 54.904217, 2991.400635>
[COT 2024-02-18 17:45:25] 76561199407766611: Spawned Entity NivaPickup Skul Trunk (NivaPickup_Doors_trunk<e730e770>, 100, 2500, 0) at <2092.334229, 55.329613, 2990.960449>
[COT 2024-02-18 17:45:47] 76561198036774377: Bleeding stopped [guid=mBNlxASsPlOcry0dpDl8K-WgHNR5WMCMmoJ9NhpU4FY=]
[COT 2024-02-18 17:45:47] 76561198036774377: Bleeding stopped [guid=mBNlxASsPlOcry0dpDl8K-WgHNR5WMCMmoJ9NhpU4FY=]
[COT 2024-02-18 17:45:48] 76561198036774377: Healed [guid=mBNlxASsPlOcry0dpDl8K-WgHNR5WMCMmoJ9NhpU4FY=]
[COT 2024-02-18 17:45:49] 76561198036774377: Set GodMode To true [guid=mBNlxASsPlOcry0dpDl8K-WgHNR5WMCMmoJ9NhpU4FY=]
[COT 2024-02-18 17:45:50] 76561198036774377: Set Invisibility To 1 [guid=mBNlxASsPlOcry0dpDl8K-WgHNR5WMCMmoJ9NhpU4FY=]
[COT 2024-02-18 17:46:04] 76561198036774377: Teleported to position <4826.880371, 6.310000, 2266.867188>
[COT 2024-02-18 17:46:46] 76561198036774377: Spawned Entity Campfire (FBF_FireplaceIgnited<e78acd30>, 100, 100, 0) at <4802.727539, 5.986425, 2250.607178>
[COT 2024-02-18 17:46:47] 76561198036774377: Spawned Entity Cooking Pot (Pot<ed5853e0>, 2000, 200, 512) at <4802.727051, 6.231203, 2250.606934>
[COT 2024-02-18 17:47:19] 76561199407766611: Teleported to position <1906.373901, 50.418362, 3493.180664>
[COT 2024-02-18 17:47:42] 76561199407766611: Spawned Entity BMW (rust) (BMW<ecb59db0>, 100, 10000, 0) at <1906.574707, 50.795898, 3496.704346>
[COT 2024-02-18 17:48:12] 76561199407766611: Spawned Entity Citroen 2CV Rust  (Citroen2CV_rust<ecb5c9c0>, 100, 5000, 0) at <1876.809448, 51.595955, 3499.738525>
[COT 2024-02-18 17:48:16] 76561198036774377: Spawned Entity Interceptor (Interceptor<7fabe80>, 100, 10000, 0) at <4842.625000, 6.322500, 2242.599609>
[COT 2024-02-18 17:49:20] 76561198036774377: Spawned Entity MUSTANG Rust  (MUSTANG_rust<7fa9270>, 100, 3000, 0) at <4837.597656, 6.309999, 2246.439453>
[COT 2024-02-18 17:49:39] 76561199407766611: Spawned Entity Compass (Compass<8175940>, 100, 70, 0) at <1905.350952, 50.559040, 3494.374023>
[COT 2024-02-18 17:50:07] 76561198036774377: Spawned Entity Keys (ExpansionCarKey<81713e0>, 100, 100, 0) at <4837.740723, 6.310012, 2244.683105>
[COT 2024-02-18 17:50:17] 76561198036774377: Spawned Entity Keys (ExpansionCarKey<817e400>, 100, 100, 0) at <4838.130371, 6.310003, 2245.027832>
[COT 2024-02-18 17:52:38] 76561198036774377: Teleported to position <3475.100830, 19.053160, 5286.210938>
[COT 2024-02-18 17:52:47] 76561199407766611: Set Invisibility To 0 [guid=-r2araXommLNgd2kLCOg5MUhQUGYZRsIrQF--_XcIVE=]
[COT 2024-02-18 17:53:05] 76561199407766611: Teleported to position <4824.809570, 11.675513, 2323.669434>
[COT 2024-02-18 17:53:07] 76561199407766611: Teleported to position <4858.667969, 10.214137, 2286.484863>
[COT 2024-02-18 17:53:18] 76561198036774377: Set Invisibility To 0 [guid=mBNlxASsPlOcry0dpDl8K-WgHNR5WMCMmoJ9NhpU4FY=]
[COT 2024-02-18 17:53:37] 76561198036774377: Teleported to position <4830.785645, 6.310000, 2264.457520>
[COT 2024-02-18 17:55:15] 76561198036774377: Teleported to position <4874.125977, 10.648888, 2317.734863>
[COT 2024-02-18 17:56:54] 76561198036774377: Teleported to position <4865.662109, 10.511920, 2305.671875>
[COT 2024-02-18 18:01:36] 76561198036774377: Teleported to position <4807.992188, 6.262996, 2256.137207>
[COT 2024-02-18 18:28:21] 76561199407766611: Healed [guid=spMEkRl42onhFHdF_u42e0T03x2sj347kUc600NXdGA=]
[COT 2024-02-18 18:29:04] 76561199407766611: Teleported to position <4644.881348, 21.857046, 6665.342773>
[COT 2024-02-18 18:29:15] 76561199407766611: Spawned Entity NVG Headstrap (NVGHeadstrap<f8383710>, 100, 200, 0) at <4644.881348, 21.857046, 6665.342773>
[COT 2024-02-18 18:31:18] 76561199407766611: Spawned Entity PONTIAC (rust) (PONTIAC_rust<7fb9ad0>, 100, 10000, 0) at <4658.189941, 20.306326, 6723.523926>
[COT 2024-02-18 18:31:37] 76561199407766611: Spawned Entity Колесо от PONTIAC (PONTIAC_Wheel<b559a0b0>, 100, 200, 0) at <4656.895508, 20.340033, 6725.425781>
[COT 2024-02-18 18:31:37] 76561199407766611: Spawned Entity Колесо от PONTIAC (PONTIAC_Wheel<b559b7d0>, 100, 200, 0) at <4656.903809, 20.622200, 6725.003906>
[COT 2024-02-18 18:31:37] 76561199407766611: Spawned Entity Колесо от PONTIAC (PONTIAC_Wheel<b5594fc0>, 100, 200, 0) at <4656.911133, 20.902832, 6724.584473>
[COT 2024-02-18 18:31:38] 76561199407766611: Spawned Entity Колесо от PONTIAC (PONTIAC_Wheel<b559c360>, 100, 200, 0) at <4656.918457, 21.185326, 6724.160156>
[COT 2024-02-18 18:31:48] 76561199407766611: Spawned Entity Trunk от PONTIAC (PONTIAC_Doors_trunk<b55bf9f0>, 100, 500, 0) at <4656.895996, 21.322622, 6723.737305>
[COT 2024-02-18 18:32:02] 76561199407766611: Spawned Entity Водительская дверь PONTIAC (PONTIAC_Doors_Driver<b29cfb80>, 100, 500, 0) at <4656.953613, 20.404009, 6722.477051>
[COT 2024-02-18 18:32:03] 76561199407766611: Spawned Entity Передняя правая дверь от PONTIAC (PONTIAC_Doors_Driver<b29d3550>, 100, 500, 0) at <4656.963867, 20.840908, 6722.482422>
[COT 2024-02-18 18:32:54] 76561199407766611: Spawned Entity Doc's FDE Pistol Suppressor (ItemSuppressor<5d427b0>, 100, 1800, 0) at <4656.197754, 20.412430, 6723.969238>
[COT 2024-02-18 18:33:50] 76561199407766611: Spawned Entity Колесо от PONTIAC (PONTIAC_Wheel<cac5e000>, 100, 200, 0) at <4657.008789, 20.344803, 6725.574219>
[COT 2024-02-18 18:33:57] 76561199407766611: Spawned Entity Капот от PONTIAC (PONTIAC_Doors_hood<cac5b1c0>, 100, 500, 0) at <4657.008789, 20.794910, 6725.574219>
[COT 2024-02-18 18:34:28] 76561199407766611: Teleported to position <6328.428711, 121.730003, 992.669434>
[COT 2024-02-18 18:35:22] 76561199407766611: Spawned Entity Medium Safe (ExpansionSafeMedium<193004b0>, 100, 15000, 0) at <6324.047852, 134.469910, 960.577515>
[COT 2024-02-18 18:36:09] 76561199407766611: Spawned Entity Hryvnia Banknotes Stack (ExpansionBanknoteHryvnia<19308f70>, 1340, 100, 0) at <6323.574219, 134.426926, 959.231384>
[COT 2024-02-18 18:36:28] 76561199407766611: Spawned Entity Bag of Blue God Weed (CP_CannabisBagBlue<191e17f0>, 3, 100, 0) at <6323.574219, 134.426926, 959.231384>
[COT 2024-02-18 18:36:43] 76561199407766611: Spawned Entity PSG1 (308Win) (SVD_Base<7cc01a0>, 3, 250, 0) at <6323.574219, 134.426926, 959.231384>
[COT 2024-02-18 18:36:46] 76561199407766611: Spawned Entity PSG1_mag_5Rnd (Mag_CZ527_5rnd<191fdae0>, 1, 100, 0) at <6323.574219, 134.426926, 959.231384>
[COT 2024-02-18 18:36:46] 76561199407766611: Spawned Entity PSG1_mag_5Rnd (Mag_CZ527_5rnd<191fe670>, 1, 100, 0) at <6323.574219, 134.426926, 959.231384>
[COT 2024-02-18 18:37:24] 76561199407766611: Spawned Entity .308 WIN Tracer Rounds (Ammo_308WinTracer<19214ce0>, 20, 100, 0) at <6323.574219, 134.426926, 959.231384>
[COT 2024-02-18 18:37:25] 76561199407766611: Spawned Entity .308 WIN Tracer Rounds (Ammo_308WinTracer<19214150>, 20, 100, 0) at <6323.574219, 134.426926, 959.231384>
[COT 2024-02-18 18:37:57] 76561199407766611: Spawned Entity MasterSword - Shadow (DOC_SWORD_BASE_MEDIEVAL<1920cdb0>, 100, 600, 0) at <6323.574219, 134.426926, 959.231384>
[COT 2024-02-18 18:38:10] 76561199407766611: Spawned Entity 42 Glocks After Mag (DOC_42MA_GLOCK_MAG<19216f90>, 42, 100, 0) at <6323.574219, 134.426926, 959.231384>
[COT 2024-02-18 18:38:11] 76561199407766611: Spawned Entity 42 Glocks After (DOC_42MA_GLOCK1<7cc0eb0>, 42, 2800, 0) at <6323.574219, 134.426926, 959.231384>
[COT 2024-02-18 18:38:14] 76561199407766611: Spawned Entity 42MA Pistol Suppressor (ItemSuppressor<1921cc10>, 42, 1800, 0) at <6323.574219, 134.426926, 959.231384>
[COT 2024-02-18 18:38:31] 76561198036774377: Spawned Entity Fireplace (FBF_OvenIndoor<b841550>, 100, 100, 0) at <4845.499023, 6.351067, 2242.231201>
[COT 2024-02-18 18:38:32] 76561199407766611: Spawned Entity Rangefinder (Rangefinder<ed598170>, 42, 70, 0) at <6323.574219, 134.426926, 959.231384>
[COT 2024-02-18 18:38:51] 76561198036774377: Spawned Entity Flashlight (Flashlight<b73c20f0>, 100, 70, 0) at <4847.686035, 6.351066, 2242.061279>
[COT 2024-02-18 18:38:51] 76561199407766611: Spawned Entity Boxed .45 ACP Rounds (AmmoBox_45ACP_25rnd<b73c2c80>, 100, 100, 0) at <6323.574219, 134.426926, 959.231384>
[COT 2024-02-18 18:38:59] 76561199407766611: Spawned Entity .45 ACP Rounds (Ammo_45ACP<17d18b00>, 100, 100, 0) at <6323.574219, 134.426926, 959.231384>
[COT 2024-02-18 18:39:03] 76561198036774377: Deleted Entity FBF_OvenIndoor:18079 at <4845.499023, 6.351067, 2242.231201>
[COT 2024-02-18 22:37:22] 76561199407766611: Set GodMode To true [guid=spMEkRl42onhFHdF_u42e0T03x2sj347kUc600NXdGA=]
[COT 2024-02-18 22:37:23] 76561199407766611: Set Invisibility To 1 [guid=spMEkRl42onhFHdF_u42e0T03x2sj347kUc600NXdGA=]
[COT 2024-02-18 22:37:24] 76561199407766611: Set UnlimitedStamina To true [guid=spMEkRl42onhFHdF_u42e0T03x2sj347kUc600NXdGA=]
[COT 2024-02-18 22:37:24] 76561199407766611: Set UnlimitedAmmo To true [guid=spMEkRl42onhFHdF_u42e0T03x2sj347kUc600NXdGA=]
[COT 2024-02-18 22:37:50] 76561199407766611: Teleported to position <6062.163574, 14.810500, 6827.828613>
[COT 2024-02-18 22:37:53] 76561199407766611: Set GodMode To false [guid=spMEkRl42onhFHdF_u42e0T03x2sj347kUc600NXdGA=]
[COT 2024-02-18 22:37:54] 76561199407766611: Set GodMode To true [guid=spMEkRl42onhFHdF_u42e0T03x2sj347kUc600NXdGA=]
[COT 2024-02-18 22:38:32] 76561199407766611: Entered the Free Camera
[COT 2024-02-18 22:38:38] 76561199407766611: Left the Free Camera
[COT 2024-02-18 22:38:46] 76561199407766611: Set Invisibility To 0 [guid=spMEkRl42onhFHdF_u42e0T03x2sj347kUc600NXdGA=]
[COT 2024-02-18 22:39:09] 76561199407766611: ESP: ESP updating
[COT 2024-02-18 22:39:17] 76561199407766611: Entered the Free Camera
[COT 2024-02-18 22:39:25] 76561199407766611: Left the Free Camera
[COT 2024-02-18 22:40:10] 76561199407766611: Spawned Entity AX-50 (50BMG) (CZ527_Base<82b75be0>, 100, 300, 0) at <5678.728027, 8.181980, 6735.772461>
[COT 2024-02-18 22:40:13] 76561199407766611: Spawned Entity AX50_Buttstock (ItemBase<b93a5a80>, 100, 300, 0) at <5678.731445, 8.245198, 6735.712402>
[COT 2024-02-18 22:40:16] 76561199407766611: Spawned Entity Optic_AX50 (HuntingOptic<f59158f0>, 100, 50, 0) at <5678.742188, 8.312672, 6735.655762>
[COT 2024-02-18 22:41:41] 76561199407766611: Teleported to position <6991.871582, 3.043804, 3333.916016>
[COT 2024-02-18 22:41:57] 76561199407766611: Spawned Entity Large Tent (LargeTent<f590ec60>, 100, 2000, 0) at <7000.312012, 3.085183, 3338.937500>
[COT 2024-02-18 22:42:33] 76561199407766611: Spawned Entity MVS Flat Cap - Multicam Black (FlatCap_Black<b5940b30>, 100, 45, 0) at <6997.739258, 3.233774, 3330.783691>
[COT 2024-02-18 22:42:34] 76561199407766611: Spawned Entity MVS BDU Top - Multicam Black (TacticalShirt_Olive<b5947ed0>, 100, 90, 0) at <6997.739258, 3.233774, 3330.783691>
[COT 2024-02-18 22:42:37] 76561199407766611: Spawned Entity MVS Gorka Pants - Multicam Black (GorkaPants_Flat<b15e0710>, 100, 130, 0) at <6997.739258, 3.233774, 3330.783691>
[COT 2024-02-18 22:42:49] 76561199407766611: Spawned Entity BerettaSamuraiEdge (9x19) (CZ75_Base<a6ac4070>, 100, 170, 0) at <6997.739258, 3.233774, 3330.783691>
[COT 2024-02-18 22:42:51] 76561199407766611: Spawned Entity BerettaSamuraiEdge_mag_18Rnd (Mag_CZ75_15Rnd<b8a779f0>, 18, 100, 0) at <6997.739258, 3.233774, 3330.783691>
[COT 2024-02-18 22:44:00] 76561199407766611: Spawned Entity AWM (Expansion_AWM<e78825f0>, 100, 200, 0) at <6998.459961, 3.244195, 3330.569824>
[COT 2024-02-18 22:44:03] 76561199407766611: Spawned Entity 5Rnd AWM Mag (Mag_Expansion_AWM_5rnd<b4d1ffa0>, 5, 100, 0) at <6998.459961, 3.244195, 3330.569824>
[COT 2024-02-18 22:46:00] 76561199407766611: Set Invisibility To 1 [guid=spMEkRl42onhFHdF_u42e0T03x2sj347kUc600NXdGA=]
[COT 2024-02-18 22:46:07] 76561199407766611: Entered the Free Camera
[COT 2024-02-18 22:46:17] 76561199407766611: Left the Free Camera
[COT 2024-02-18 22:46:28] 76561199407766611: Spawned Entity MMG TA-50 Locker Kit Blue (mmg_locker02_blue_kit<aba46250>, 100, 1000, 0) at <6475.837891, 97.543968, 6546.030762>
[COT 2024-02-18 22:46:31] 76561199407766611: Spawned Entity MMG Solo Locker Red Kit (mmg_solo_locker_red_kit<aba48500>, 100, 1000, 0) at <6475.837891, 97.543968, 6546.030762>
[COT 2024-02-18 22:46:32] 76561199407766611: Spawned Entity MMG Solo Locker Yellow Kit (mmg_solo_locker_yellow_kit<aba4f8a0>, 100, 1000, 0) at <6475.837891, 97.543968, 6546.030762>
[COT 2024-02-18 22:46:34] 76561199407766611: Spawned Entity MMG Solo Locker Blue Kit (mmg_solo_locker_blue_kit<aba56c40>, 100, 1000, 0) at <6475.837891, 97.543968, 6546.030762>
[COT 2024-02-18 22:47:29] 76561199407766611: Spawned Entity Hard Hat (ConstructionHelmet_Yellow<b2c8eea0>, 100, 60, 0) at <6480.458984, 97.543915, 6543.052734>
[COT 2024-02-18 22:47:30] 76561199407766611: Spawned Entity Hard Hat (ConstructionHelmet_Yellow<b2c97960>, 100, 60, 0) at <6480.262695, 97.543877, 6541.701660>
[COT 2024-02-18 22:47:32] 76561199407766611: Spawned Entity Hard Hat (ConstructionHelmet_Yellow<b2c9ed00>, 100, 60, 0) at <6478.777832, 97.543922, 6541.531738>
[COT 2024-02-18 22:47:38] 76561199407766611: Set GodMode To false [guid=spMEkRl42onhFHdF_u42e0T03x2sj347kUc600NXdGA=]
[COT 2024-02-18 22:47:39] 76561199407766611: Set GodMode To true [guid=spMEkRl42onhFHdF_u42e0T03x2sj347kUc600NXdGA=]
[COT 2024-02-18 22:51:03] 76561199407766611: Spawned Entity Rooster (Animal_GallusGallusDomesticus<3df37a0>, 100, 15, 0) at <6478.407227, 97.543930, 6544.178223>
[COT 2024-02-18 22:51:17] 76561199407766611: Entered the Free Camera
[COT 2024-02-18 22:53:12] 76561199407766611: Spawned Entity Rooster (Animal_GallusGallusDomesticus<115c9260>, 100, 15, 0) at <6475.582031, 86.993286, 6540.645508>
[COT 2024-02-18 22:54:10] 76561199407766611: Left the Free Camera
[COT 2024-02-18 22:55:35] 76561199407766611: Teleported to position <4130.782715, 10.652140, 4079.639160>
[COT 2024-02-18 22:55:46] 76561199407766611: Spawned Entity Hen (Animal_GallusGallusDomesticusF_Spotted<3df37a0>, 100, 15, 0) at <4121.748047, 10.675625, 4082.538086>
[COT 2024-02-18 22:56:00] 76561199407766611: Entered the Free Camera
[COT 2024-02-18 22:56:20] 76561199407766611: Left the Free Camera
[COT 2024-02-18 22:56:38] 76561199407766611: Spawned Entity Dragonblade (DOC_DRAGON_KNIFE<abfa9f30>, 100, 150, 0) at <4049.572021, 6.610069, 3954.463379>
[COT 2024-02-18 22:56:58] 76561199407766611: Deleted Entity DOC_DRAGON_KNIFE:23464 at <4049.572021, 6.636255, 3954.463379>
[COT 2024-02-18 22:57:11] 76561199407766611: Entered the Free Camera
[COT 2024-02-18 22:57:22] 76561199407766611: Left the Free Camera
[COT 2024-02-18 22:57:32] 76561199407766611: Spawned Entity Blade of The Daywalker (DOC_DAYWALKERS_SWORD<a12aa530>, 100, 600, 0) at <4004.015381, 6.689012, 4061.875732>
[COT 2024-02-18 22:57:47] 76561199407766611: Spawned Entity BerettaSwordCutlass(9x19) (FNX45_Base<82b78310>, 100, 150, 0) at <3995.190918, 6.689012, 4062.366943>
[COT 2024-02-18 22:57:51] 76561199407766611: Spawned Entity BerettaSwordCutlass_mag_20Rnd (Mag_FNX45_15Rnd<a12c22c0>, 20, 150, 0) at <4002.148193, 6.689012, 4063.945313>
[COT 2024-02-18 22:58:23] 76561199407766611: Spawned Entity Lighter (PetrolLighter<b8392eb0>, 20, 20, 0) at <4002.312256, 6.806902, 4075.701660>
[COT 2024-02-18 22:58:28] 76561199407766611: Spawned Entity Fireworks Launcher (FireworksLauncher<afa26c70>, 20, 30, 0) at <4002.322510, 6.818929, 4075.674072>
