[COT 2024-02-18 05:01:54] 76561199407766611: Spawned Entity .308 WIN Rounds (Ammo_308Win<b994f720>, 80, 100, 0) at <1586.497803, 39.665901, 5427.726563>
[COT 2024-02-18 05:02:33] 76561199407766611: Spawned Entity AWM (Expansion_AWM<c2f660c0>, 80, 200, 0) at <1586.491943, 39.748486, 5427.780273>
[COT 2024-02-18 05:03:10] 76561199407766611: Spawned Entity AmmoBox 338LapuaMagnum 20Rnd (TWP_AmmoBox_338Lapua_20Rnd<d10d67b0>, 100, 100, 0) at <1586.527466, 39.563862, 5427.778320>
[COT 2024-02-18 05:03:10] 76561199407766611: Spawned Entity AmmoBox 338LapuaMagnum 20Rnd (TWP_AmmoBox_338Lapua_20Rnd<d10ddb50>, 100, 100, 0) at <1586.532349, 39.615131, 5427.811035>
[COT 2024-02-18 05:03:37] 76561199407766611: Spawned Entity Compass (Compass<ea1c3180>, 100, 70, 0) at <1586.393433, 39.563862, 5428.130859>
[COT 2024-02-18 05:03:44] 76561199407766611: Spawned Entity MVS Canteen - Multicam (Canteen<e4a4aed0>, 1000, 100, 512) at <1586.288330, 39.563862, 5428.049316>
[COT 2024-02-18 05:03:54] 76561199407766611: Spawned Entity Tactical Gloves (TacticalGloves_Black<ea1a34c0>, 1000, 165, 0) at <1586.402954, 39.639027, 5428.163574>
[COT 2024-02-18 05:04:18] 76561199407766611: Spawned Entity Canned Bacon (TacticalBaconCan<ea1b1070>, 100, 100, 0) at <1586.291382, 39.563862, 5428.232422>
[COT 2024-02-18 05:04:19] 76561199407766611: Spawned Entity Canned Bacon (TacticalBaconCan<ea1b6cf0>, 100, 100, 0) at <1586.317871, 39.716797, 5428.286621>
[COT 2024-02-18 05:04:19] 76561199407766611: Spawned Entity Canned Bacon (TacticalBaconCan<ea1b1c00>, 100, 100, 0) at <1586.343384, 39.862995, 5428.338867>
[COT 2024-02-18 05:04:19] 76561199407766611: Spawned Entity Canned Bacon (TacticalBaconCan<ea1b04e0>, 100, 100, 0) at <1586.362671, 39.972374, 5428.378906>
[COT 2024-02-18 05:04:19] 76561199407766611: Spawned Entity Canned Bacon (TacticalBaconCan<ea1b7880>, 100, 100, 0) at <1586.383301, 40.086243, 5428.419922>
[COT 2024-02-18 05:04:56] 76561199407766611: Set GodMode To true [guid=spMEkRl42onhFHdF_u42e0T03x2sj347kUc600NXdGA=]
[COT 2024-02-18 05:04:57] 76561199407766611: Set Invisibility To 1 [guid=spMEkRl42onhFHdF_u42e0T03x2sj347kUc600NXdGA=]
[COT 2024-02-18 05:04:58] 76561199407766611: Set UnlimitedStamina To true [guid=spMEkRl42onhFHdF_u42e0T03x2sj347kUc600NXdGA=]
[COT 2024-02-18 05:04:59] 76561199407766611: Set UnlimitedAmmo To true [guid=spMEkRl42onhFHdF_u42e0T03x2sj347kUc600NXdGA=]
[COT 2024-02-18 05:05:02] 76561199407766611: Healed [guid=spMEkRl42onhFHdF_u42e0T03x2sj347kUc600NXdGA=]
[COT 2024-02-18 05:05:03] 76561199407766611: Bleeding stopped [guid=spMEkRl42onhFHdF_u42e0T03x2sj347kUc600NXdGA=]
[COT 2024-02-18 05:05:04] 76561199407766611: Dried [guid=spMEkRl42onhFHdF_u42e0T03x2sj347kUc600NXdGA=]
[COT 2024-02-18 05:05:26] 76561199407766611: Teleported to position <3259.436768, 6.983098, 5017.944336>
[COT 2024-02-18 05:05:31] 76561199407766611: Entered the Free Camera
[COT 2024-02-18 05:05:59] 76561199407766611: Left the Free Camera
[COT 2024-02-18 05:07:05] 76561199407766611: Spawned Entity Sea Chest (SeaChest<e3476010>, 100, 600, 0) at <3429.415771, 61.328781, 5326.239746>
[COT 2024-02-18 05:07:27] 76561199407766611: Spawned Entity Blade of The Daywalker (DOC_DAYWALKERS_SWORD<e9b28e40>, 100, 600, 0) at <3428.442627, 61.328781, 5326.678711>
[COT 2024-02-18 05:08:47] 76561199407766611: Spawned Entity MasterSword (DOC_SWORD_BASE_MEDIEVAL<e9b1be20>, 100, 600, 0) at <5843.159668, 29.088238, 5237.529785>
[COT 2024-02-18 05:08:54] 76561199407766611: Spawned Entity Sea Chest (SeaChest<e9b231c0>, 100, 600, 0) at <5843.236328, 29.148323, 5237.500488>
[COT 2024-02-18 05:09:51] 76561199407766611: Teleported to position <2705.363037, 43.939999, 5793.584473>
[COT 2024-02-18 05:10:06] 76561199407766611: Spawned Entity BMW (BMW<e12e7120>, 100, 10000, 0) at <2715.411133, 43.939987, 5788.069824>
[COT 2024-02-18 05:10:13] 76561199407766611: Spawned Entity BMW Wheel (BMW_Wheel<ecdb04d0>, 100, 200, 0) at <2713.690430, 43.940002, 5786.153320>
[COT 2024-02-18 05:10:13] 76561199407766611: Spawned Entity BMW Wheel (BMW_Wheel<ecda9cc0>, 100, 200, 0) at <2713.427490, 44.025631, 5786.426758>
[COT 2024-02-18 05:10:14] 76561199407766611: Spawned Entity BMW Wheel (BMW_Wheel<ecdb2780>, 100, 200, 0) at <2713.164795, 44.111221, 5786.699707>
[COT 2024-02-18 05:10:14] 76561199407766611: Spawned Entity BMW Wheel (BMW_Wheel<ecdb6ce0>, 100, 200, 0) at <2712.897217, 44.197834, 5786.976074>
[COT 2024-02-18 05:10:22] 76561199407766611: Spawned Entity BMW red Left Door (BMW_Doors_Driver<ecdb3310>, 100, 500, 0) at <2712.631836, 44.283844, 5787.254395>
[COT 2024-02-18 05:10:24] 76561199407766611: Spawned Entity BMW black Rear right door (BMW_Doors_cargo2<ecdb55c0>, 100, 500, 0) at <2712.207031, 44.408901, 5787.687012>
[COT 2024-02-18 05:10:28] 76561199407766611: Spawned Entity Передняя правая дверь от BMW (rust) (BMW_Doors_coDriver<ecdb7870>, 100, 500, 0) at <2712.173096, 44.432941, 5787.727051>
[COT 2024-02-18 05:11:06] 76561199407766611: Spawned Entity BMW Rear right door (BMW_Doors_cargo2<ecb72f90>, 100, 500, 0) at <2713.369629, 43.939999, 5787.141113>
[COT 2024-02-18 05:11:40] 76561199407766611: Spawned Entity BMW white  Rear left door (BMW_Doors_cargo1<ecb94f00>, 100, 500, 0) at <2716.171143, 43.939995, 5785.330566>
[COT 2024-02-18 05:11:54] 76561199407766611: Spawned Entity BMW trunk (BMW_Doors_trunk<f49cacf0>, 100, 500, 0) at <2715.502686, 43.939999, 5784.779785>
[COT 2024-02-18 05:11:58] 76561199407766611: Spawned Entity BMW red Hood (BMW_Doors_hood<f49c5c00>, 100, 500, 0) at <2715.141846, 44.341194, 5784.825684>
[COT 2024-02-18 05:12:33] 76561199407766611: Teleported to position <2413.585449, 54.799999, 3116.961914>
[COT 2024-02-18 05:12:52] 76561199407766611: Spawned Entity ToyotaHilux (ToyotaHilux<e12f4d70>, 100, 5000, 0) at <2383.259766, 54.799992, 3130.799072>
[COT 2024-02-18 05:12:56] 76561199407766611: Spawned Entity ToyotaHilux Wheel (ToyotaHilux_Wheel<f49f28e0>, 100, 1500, 0) at <2384.691895, 54.799988, 3134.180420>
[COT 2024-02-18 05:12:57] 76561199407766611: Spawned Entity ToyotaHilux Wheel (ToyotaHilux_Wheel<f49efaa0>, 100, 1500, 0) at <2384.691895, 54.799999, 3134.180908>
[COT 2024-02-18 05:12:57] 76561199407766611: Spawned Entity ToyotaHilux Wheel (ToyotaHilux_Wheel<f49f11c0>, 100, 1500, 0) at <2384.692627, 54.799995, 3134.179443>
[COT 2024-02-18 05:12:57] 76561199407766611: Spawned Entity ToyotaHilux Wheel (ToyotaHilux_Wheel<f49f8560>, 100, 1500, 0) at <2384.693359, 54.799992, 3134.177979>
[COT 2024-02-18 05:12:57] 76561199407766611: Spawned Entity ToyotaHilux Wheel (ToyotaHilux_Wheel<f49f90f0>, 100, 1500, 0) at <2384.693848, 54.799992, 3134.178223>
[COT 2024-02-18 05:13:02] 76561199407766611: Spawned Entity ToyotaHilux Left Door (ToyotaHilux_Doors_Driver<f49f6e40>, 100, 2500, 0) at <2384.699951, 54.799992, 3134.149658>
[COT 2024-02-18 05:13:03] 76561199407766611: Spawned Entity ToyotaHilux Right Door (ToyotaHilux_Doors_coDriver<f49f4000>, 100, 2500, 0) at <2384.688721, 54.799988, 3134.178223>
[COT 2024-02-18 05:13:03] 76561199407766611: Spawned Entity ToyotaHilux Blue Left Door (ToyotaHilux_Doors_Driver<f49f9c80>, 100, 2500, 0) at <2384.688721, 54.799995, 3134.181152>
[COT 2024-02-18 05:13:09] 76561199407766611: Spawned Entity ToyotaHilux Red Hood (ToyotaHilux_Doors_hood<f49f4b90>, 100, 2500, 0) at <2384.692627, 54.799988, 3134.168701>
[COT 2024-02-18 05:13:12] 76561199407766611: Spawned Entity ToyotaHilux Trunk (ToyotaHilux_Doors_trunk<f41a0980>, 100, 2500, 0) at <2384.692627, 54.799988, 3134.180420>
[COT 2024-02-18 05:14:07] 76561199407766611: Teleported to position <5172.933105, 16.881416, 3137.245117>
[COT 2024-02-18 05:14:32] 76561199407766611: Spawned Entity Audi RS6 (Audi_RS6<e12f7980>, 100, 10000, 0) at <5180.951172, 16.096176, 3130.880615>
[COT 2024-02-18 05:15:10] 76561199407766611: Teleported to position <6924.083984, 62.043152, 773.428223>
[COT 2024-02-18 05:15:34] 76561199407766611: Spawned Entity Fennek RUST (Fennek_RUST<e12fa590>, 100, 30000, 0) at <6906.560547, 62.064976, 773.989258>
[COT 2024-02-18 05:15:41] 76561199407766611: Spawned Entity Fennek RUST Trunk Door (Fennek_Doors_trunk_RUST<fbfb5290>, 100, 4500, 0) at <6903.207031, 62.146713, 768.621460>
[COT 2024-02-18 05:15:42] 76561199407766611: Spawned Entity Fennek RUST Hood (Fennek_Doors_hood_RUST<fbfb3b70>, 100, 4500, 0) at <6903.205078, 62.149429, 768.648743>
[COT 2024-02-18 05:15:44] 76561199407766611: Spawned Entity Fennek RUST Left Door (Fennek_Doors_Driver_RUST<fbfb5e20>, 100, 4500, 0) at <6903.205566, 62.147793, 768.641602>
[COT 2024-02-18 05:15:45] 76561199407766611: Spawned Entity Fennek RUST Right Door (Fennek_Doors_coDriver_RUST<fbfb69b0>, 100, 4500, 0) at <6903.207031, 62.146950, 768.621399>
[COT 2024-02-18 05:15:54] 76561199407766611: Spawned Entity Fennek Wheel RUST (Fennek_Wheel<ff8f9dd0>, 100, 2000, 0) at <6903.206543, 62.146763, 768.630798>
[COT 2024-02-18 05:15:54] 76561199407766611: Spawned Entity Fennek Wheel RUST (Fennek_Wheel<ff8f86b0>, 100, 2000, 0) at <6903.362305, 62.224602, 769.257202>
[COT 2024-02-18 05:15:55] 76561199407766611: Spawned Entity Fennek Wheel RUST (Fennek_Wheel<ff8f6400>, 100, 2000, 0) at <6903.519043, 62.302139, 769.880981>
[COT 2024-02-18 05:15:56] 76561199407766611: Spawned Entity Fennek Wheel RUST (Fennek_Wheel<ff8f6f90>, 100, 2000, 0) at <6903.668945, 62.379269, 770.507019>
[COT 2024-02-18 05:17:22] 76561199407766611: Teleported to position <1519.052490, 16.284405, 5218.500000>
[COT 2024-02-18 05:17:39] 76561199407766611: Teleported to position <1583.778564, 39.059875, 5422.561523>
