[COT 2024-02-12 04:43:25] 76561199108250772: Teleported to <7855.124512, 39.423603, 1987.465942> [guid=KWl3ojgjStHOe3-iLRChpUG8crsNiNfei3BT6NCIfaw=]
[COT 2024-02-12 04:43:46] 76561199108250772: Spawned Entity Rope (Rope<146c18e0>, 100, 200, 0) at <7869.848145, 38.487915, 1985.317871>
[COT 2024-02-12 04:44:03] 76561199108250772: Spawned Entity Short Stick (WoodenStick<16480990>, 5, 50, 0) at <7869.866699, 38.519394, 1985.303711>
[COT 2024-02-12 04:45:18] 76561199108250772: Spawned Entity (Large/Small) Door Kit (BBP_Door_Kit<1647db50>, 4, 100, 0) at <7867.881348, 38.487915, 1983.714233>
[COT 2024-02-12 04:45:57] 76561199108250772: Spawned Entity ADMIN HAMMER (BBP_Admin_Hammer<fcc58490>, 150, 100, 0) at <7873.241699, 26.490425, 1985.343872>
[COT 2024-02-12 04:46:31] 76561199108250772: Spawned Entity Code Lock (ExpansionCodeLock<fcc590a0>, 100, 100, 0) at <7872.599609, 26.489830, 1984.322144>
[COT 2024-02-12 04:46:31] 76561199108250772: Spawned Entity Code Lock (ExpansionCodeLock<fcc5a8c0>, 100, 100, 0) at <7872.597656, 26.510138, 1984.321411>
[COT 2024-02-12 04:47:15] 76561199108250772: Spawned Entity (Large/Small) Door Kit (BBP_Door_Kit<1647a180>, 50, 100, 0) at <7872.671387, 26.489910, 1984.484863>
[COT 2024-02-12 04:48:39] 76561199108250772: Spawned Entity (Large/Small) Door Kit (BBP_Door_Kit<1647a180>, 100, 100, 0) at <7873.282227, 30.488073, 1985.333984>
[COT 2024-02-12 04:49:24] 76561199108250772: Spawned Entity Code Lock (ExpansionCodeLock<fcc59cb0>, 100, 100, 0) at <7872.768066, 30.488071, 1984.378418>
[COT 2024-02-12 04:49:48] 76561199108250772: Set rain to 0 0 0
[COT 2024-02-12 04:49:48] 76561199108250772: Set storm to 0 0.8 4000
[COT 2024-02-12 04:49:48] 76561199108250772: Set fog to 0 0 0
[COT 2024-02-12 04:49:48] 76561199108250772: Set overcast to 0 0 0
[COT 2024-02-12 04:49:48] 76561199108250772: Set wind to 0 0 1
[COT 2024-02-12 04:50:12] 76561199108250772: Spawned Entity Code Lock (ExpansionCodeLock<fcc62160>, 100, 100, 0) at <7849.584961, 38.437847, 1998.075928>
[COT 2024-02-12 04:50:12] 76561199108250772: Spawned Entity Code Lock (ExpansionCodeLock<fcc5d900>, 100, 100, 0) at <7849.588379, 38.458157, 1998.070923>
[COT 2024-02-12 04:50:18] 76561199108250772: Spawned Entity (Large/Small) Door Kit (BBP_Door_Kit<1647cfc0>, 100, 100, 0) at <7849.591309, 38.478466, 1998.065796>
[COT 2024-02-12 04:52:01] 76561199108250772: Teleported [guid=KWl3ojgjStHOe3-iLRChpUG8crsNiNfei3BT6NCIfaw=] to <7654.936035, 26.262012, 1899.316650>
[COT 2024-02-12 04:53:52] 76561199108250772: Set GodMode To true [guid=KWl3ojgjStHOe3-iLRChpUG8crsNiNfei3BT6NCIfaw=]
[COT 2024-02-12 04:53:58] 76561199108250772: Set GodMode To true [guid=OAdpPkJP2Ps_W7h2ttR1bK23ekHCzrxw0mDT3zqLMdU=]
[COT 2024-02-12 04:54:37] 76561199108250772: Teleported to position <5472.194336, 109.691177, 3614.780273>
[COT 2024-02-12 04:54:45] 76561199108250772: Teleported [guid=KWl3ojgjStHOe3-iLRChpUG8crsNiNfei3BT6NCIfaw=] to <5472.196777, 109.730713, 3614.761963>
