[COT 2024-02-08 06:28:14] 76561199108250772: Entered the Free Camera
[COT 2024-02-08 06:28:31] 76561199108250772: Left the Free Camera
[COT 2024-02-08 06:28:33] 76561199108250772: Entered the Free Camera
[COT 2024-02-08 06:28:44] 76561199108250772: Left the Free Camera
[COT 2024-02-08 06:30:36] 76561199108250772: Entered the Free Camera
[COT 2024-02-08 06:31:28] 76561199108250772: Left the Free Camera
[COT 2024-02-08 06:49:15] 76561199108250772: Spawned vehicle UAZ 469 Cargo (ExpansionUAZCargo) at <4936.150391, 6.506742, 2254.926270>
[COT 2024-02-08 06:49:34] 76561199108250772: Spawned Entity Keys (ExpansionCarKey<e50e7550>, 100, 100, 0) at <4934.102051, 6.506752, 2253.843018>
[COT 2024-02-08 06:50:18] 76561199108250772: Entered the Free Camera
[COT 2024-02-08 06:50:26] 76561199108250772: Left the Free Camera
[COT 2024-02-08 06:50:37] 76561199108250772: Spawned Entity Parking Meter Construction-Kit (ExpansionParkingMeterKit<e50e80e0>, 100, 200, 0) at <4971.012207, 3.695695, 2209.753906>
[COT 2024-02-08 06:51:01] 76561199108250772: Entered the Free Camera
[COT 2024-02-08 06:51:22] 76561199108250772: Left the Free Camera
[COT 2024-02-08 06:51:34] 76561199108250772: Spawned Entity Flag Pole Kit (TerritoryFlagKit<e50e52a0>, 100, 200, 0) at <4845.702637, 9.237772, 2280.400391>
[COT 2024-02-08 06:54:19] 76561199108250772: Entered the Free Camera
[COT 2024-02-08 06:54:25] 76561199108250772: Left the Free Camera
[COT 2024-02-08 06:55:08] 76561199108250772: Spawned Entity Car Battery (CarBattery<e50e52a0>, 50, 200, 0) at <4935.244141, 6.083694, 2231.314941>
[COT 2024-02-08 06:55:15] 76561199108250772: Spawned Entity Circuit Board - MK3 (ExpansionCircuitBoard_MK3<e50e69c0>, 50, 20, 0) at <4935.227539, 6.305333, 2231.230713>
[COT 2024-02-08 06:57:50] 76561199108250772: Entered the Free Camera
[COT 2024-02-08 06:57:57] 76561199108250772: Left the Free Camera
[COT 2024-02-08 06:58:08] 76561199108250772: Spawned Entity Circuit Board - MK3 (ExpansionCircuitBoard_MK3<e245e440>, 100, 20, 0) at <4746.851074, 6.738584, 2258.999268>
[COT 2024-02-08 06:58:14] 76561199108250772: Spawned Entity Car Battery (CarBattery<e2459350>, 50, 200, 0) at <4746.844238, 6.773630, 2259.024902>
[COT 2024-02-08 06:58:26] 76561199108250772: Spawned Entity Parking Meter Construction-Kit (ExpansionParkingMeterKit<e245d8b0>, 50, 200, 0) at <4747.552246, 6.750127, 2259.114014>
