[COT 2024-02-12 05:07:49] 76561199108250772: Set Invisibility To 1 [guid=OAdpPkJP2Ps_W7h2ttR1bK23ekHCzrxw0mDT3zqLMdU=]
[COT 2024-02-12 05:07:49] 76561199108250772: Set GodMode To true [guid=OAdpPkJP2Ps_W7h2ttR1bK23ekHCzrxw0mDT3zqLMdU=]
[COT 2024-02-12 05:07:51] 76561199108250772: Set UnlimitedStamina To true [guid=OAdpPkJP2Ps_W7h2ttR1bK23ekHCzrxw0mDT3zqLMdU=]
[COT 2024-02-12 05:07:51] 76561199108250772: Set UnlimitedAmmo To true [guid=OAdpPkJP2Ps_W7h2ttR1bK23ekHCzrxw0mDT3zqLMdU=]
[COT 2024-02-12 05:08:15] 76561199108250772: Healed [guid=KWl3ojgjStHOe3-iLRChpUG8crsNiNfei3BT6NCIfaw=]
[COT 2024-02-12 05:08:44] 76561199108250772: Teleported to position <7835.139160, 26.129999, 2028.679199>
[COT 2024-02-12 05:08:57] 76561199108250772: Entered the Free Camera
[COT 2024-02-12 05:09:15] 76561199108250772: Left the Free Camera
[COT 2024-02-12 05:09:23] 76561199108250772: Teleported [guid=KWl3ojgjStHOe3-iLRChpUG8crsNiNfei3BT6NCIfaw=] to <7856.065430, 38.437801, 1982.514893>
[COT 2024-02-12 05:10:28] 76561199108250772: Teleported to position <3595.726318, 5.895523, 7196.062012>
[COT 2024-02-12 05:10:46] 76561199108250772: Spawned Entity Sea Chest (SeaChest<16b64e80>, 100, 600, 0) at <3597.283203, 5.888264, 7204.199219>
[COT 2024-02-12 05:10:54] 76561199108250772: Spawned Entity Canned Bacon (TacticalBaconCan<16b60620>, 100, 100, 0) at <3597.599609, 6.076433, 7204.371582>
[COT 2024-02-12 05:10:55] 76561199108250772: Spawned Entity Canned Bacon (TacticalBaconCan<16b5e1f0>, 100, 100, 0) at <3597.677002, 6.128786, 7204.414551>
[COT 2024-02-12 05:10:55] 76561199108250772: Spawned Entity Canned Bacon (TacticalBaconCan<16b70370>, 100, 100, 0) at <3597.713867, 6.153363, 7204.436035>
[COT 2024-02-12 05:10:56] 76561199108250772: Spawned Entity Canned Bacon (TacticalBaconCan<16b7a040>, 100, 100, 0) at <3597.787354, 6.200823, 7204.474609>
[COT 2024-02-12 05:10:56] 76561199108250772: Spawned Entity Canned Bacon (TacticalBaconCan<16b7ac50>, 100, 100, 0) at <3597.860596, 6.248867, 7204.512695>
[COT 2024-02-12 05:11:46] 76561199108250772: Spawned Entity Canned Bacon (TacticalBaconCan<16b824f0>, 100, 50, 0) at <3559.275635, 11.592504, 7067.123047>
[COT 2024-02-12 05:11:47] 76561199108250772: Spawned Entity Canned Bacon (TacticalBaconCan<16b80cd0>, 100, 50, 0) at <3559.279541, 11.592504, 7067.123047>
[COT 2024-02-12 05:11:55] 76561199108250772: Entered the Free Camera
[COT 2024-02-12 05:12:16] 76561199108250772: Left the Free Camera
[COT 2024-02-12 05:12:38] 76561199108250772: Entered the Free Camera
[COT 2024-02-12 05:13:24] 76561199108250772: Spawned Entity STR_Camaro_Hagr_name (Chevrolet_Camaro<326bbdb0>, 100, 7902, 0) at <3535.920654, 10.134481, 7049.961426>
[COT 2024-02-12 05:13:47] 76561199108250772: Left the Free Camera
[COT 2024-02-12 05:14:02] 76561199108250772: Entered the Free Camera
[COT 2024-02-12 05:14:12] 76561199108250772: Left the Free Camera
