[COT 2024-03-12 00:30:27] 76561199407766611: Teleported to position <3848.700439, 5.150201, 3715.821289>
[COT 2024-03-12 00:30:44] 76561199407766611: Spawned Entity Medium Tent (MediumTent<5fe64b70>, 100, 600, 0) at <3811.139893, 3.785028, 3741.958984>
[COT 2024-03-12 00:31:13] 76561199407766611: Healed [guid=spMEkRl42onhFHdF_u42e0T03x2sj347kUc600NXdGA=]
[COT 2024-03-12 00:31:14] 76561199407766611: Set GodMode To true [guid=spMEkRl42onhFHdF_u42e0T03x2sj347kUc600NXdGA=]
[COT 2024-03-12 01:12:25] 76561199407766611: Spawned Entity Scar H (308Win) (FAL_Base<9d108820>, 100, 200, 0) at <3810.440186, 3.795256, 3742.645508>
[COT 2024-03-12 01:13:11] 76561199407766611: Teleported to position <2099.199951, 8.227113, 829.155273>
[COT 2024-03-12 01:13:17] 76561199407766611: Entered the Free Camera
[COT 2024-03-12 01:13:27] 76561199407766611: Left the Free Camera
[COT 2024-03-12 01:13:45] 76561199407766611: Spawned Entity MMG Solo Locker Blue (mmg_solo_locker_base<209edd00>, 100, 1000, 0) at <2112.400635, 24.554178, 885.368652>
[COT 2024-03-12 01:13:52] 76561199407766611: Deleted Entity mmg_solo_locker_blue:14816 at <2112.400635, 24.554178, 885.368652>
[COT 2024-03-12 01:13:58] 76561199407766611: Spawned Entity MMG Solo Locker Yellow (mmg_solo_locker_base<eb4add0>, 100, 1000, 0) at <2112.746094, 24.554178, 884.661133>
[COT 2024-03-12 01:15:07] 76561199407766611: Spawned Entity Chicken Jacket 1 (DOC_BOMBERJACKET_CHOOK1<876a9440>, 100, 130, 0) at <2114.112061, 24.554174, 883.333801>
[COT 2024-03-12 01:15:37] 76561199407766611: Spawned Entity P90Arctic (57x28) (CZ61_Base<21d97450>, 100, 200, 0) at <2114.104492, 24.554174, 883.341919>
[COT 2024-03-12 01:15:55] 76561199407766611: Spawned Entity P90Arctic_mag_50Rnd (Mag_CZ61_20Rnd<25c27b40>, 50, 100, 0) at <2114.123047, 24.554174, 883.335022>
[COT 2024-03-12 01:17:17] 76561199407766611: Spawned Entity Sharpening Stone (Whetstone<176d3260>, 100, 50, 0) at <2096.645020, 24.554178, 883.320496>
[COT 2024-03-12 01:17:17] 76561199407766611: Spawned Entity Sharpening Stone (Whetstone<176e2530>, 100, 50, 0) at <2096.735352, 24.568798, 883.320007>
[COT 2024-03-12 01:17:18] 76561199407766611: Spawned Entity Sharpening Stone (Whetstone<176e3c50>, 100, 50, 0) at <2096.795166, 24.578379, 883.320251>
[COT 2024-03-12 01:18:02] 76561199407766611: Teleported to position <4181.844238, 6.779358, 4996.986328>
[COT 2024-03-12 01:18:32] 76561199407766611: Spawned Entity MMG TA-50 Locker Green (mmg_locker02_base<278bd2c0>, 100, 1000, 0) at <4167.731445, 6.533468, 5041.770508>
[COT 2024-03-12 01:19:59] 76561199407766611: Spawned Entity 30rd KA-101 Mag (Mag_AK101_30Rnd<1748b340>, 30, 100, 0) at <4168.918457, 6.533468, 5041.796875>
[COT 2024-03-12 01:20:36] 76561199407766611: Teleported to position <2927.104004, 24.007109, 4078.819824>
[COT 2024-03-12 01:20:36] 76561199407766611: Teleported to position <2927.104004, 24.007109, 4078.819824>
[COT 2024-03-12 01:20:39] 76561199407766611: Teleported to position <2991.775146, 24.496162, 4165.748047>
[COT 2024-03-12 01:21:01] 76561199407766611: Teleported to position <2504.578369, 43.939999, 5764.076660>
[COT 2024-03-12 01:21:19] 76561199407766611: Teleported to position <5879.301270, 12.892858, 7055.572266>
[COT 2024-03-12 01:21:46] 76561199407766611: Stripped [guid=spMEkRl42onhFHdF_u42e0T03x2sj347kUc600NXdGA=]
[COT 2024-03-12 01:21:59] 76561199407766611: Spawned Entity ADMIN GEAR-DOC-TOP (DOC_ADMIN_DOC_TOP<197f96b0>, 100, 80, 0) at <5880.245117, 12.871288, 7055.726563>
[COT 2024-03-12 01:22:28] 76561199407766611: Spawned Entity ADMIN GEAR-BUNKER-BOTTOM (DOC_ADMIN_BUNKER_BOTTOM<7db3cdd0>, 100, 100, 0) at <5880.245605, 12.871267, 7055.727051>
[COT 2024-03-12 01:24:08] 76561199407766611: Spawned Entity Fennek RUST (Fennek_RUST<80a125c0>, 100, 30000, 0) at <5827.842285, 14.396550, 7057.052734>
[COT 2024-03-12 01:24:36] 76561199407766611: Teleported to position <4423.657715, 40.316933, 1097.912109>
[COT 2024-03-12 01:25:10] 76561199407766611: Spawned Entity MUSTANG Rust  (MUSTANG_rust<80a151d0>, 100, 3000, 0) at <4409.705566, 40.210712, 1126.825439>
[COT 2024-03-12 01:25:23] 76561199407766611: Teleported to position <4015.046631, 9.213228, 4185.541016>
[COT 2024-03-12 01:25:26] 76561199407766611: Entered the Free Camera
[COT 2024-03-12 01:25:28] 76561199407766611: Left the Free Camera
[COT 2024-03-12 01:25:29] 76561199407766611: Entered the Free Camera
[COT 2024-03-12 01:25:30] 76561199407766611: Left the Free Camera
[COT 2024-03-12 01:25:30] 76561199407766611: Entered the Free Camera
[COT 2024-03-12 01:25:31] 76561199407766611: Left the Free Camera
[COT 2024-03-12 01:25:33] 76561199407766611: Entered the Free Camera
[COT 2024-03-12 01:25:45] 76561199407766611: Left the Free Camera
[COT 2024-03-12 01:27:18] 76561199407766611: Spawned Entity SUV Camo (SUV_kamo<80a0f9b0>, 100, 10000, 0) at <4062.753174, 10.107957, 4142.663086>
