[COT 2024-02-29 21:11:23] 76561199407766611: Deleted Entity Kamaz_Typhoon:15050 at <2376.010742, 55.474422, 3562.648193>
[COT 2024-02-29 21:11:26] 76561199407766611: Entered the Free Camera
[COT 2024-02-29 21:11:35] 76561199407766611: Left the Free Camera
[COT 2024-02-29 21:11:42] 76561199407766611: Deleted Entity ExpansionSignDanger2:7362 at <2396.403809, 56.497887, 3482.796875>
[COT 2024-02-29 21:11:53] 76561199407766611: Deleted Entity TerritoryFlag:6127 at <2393.381104, 56.439999, 3494.425293>
[COT 2024-02-29 21:11:58] 76561199407766611: Entered the Free Camera
[COT 2024-02-29 21:12:11] 76561199407766611: Left the Free Camera
[COT 2024-02-29 21:12:16] 76561199407766611: Set GodMode To true [guid=spMEkRl42onhFHdF_u42e0T03x2sj347kUc600NXdGA=]
[COT 2024-02-29 21:12:16] 76561199407766611: Set Invisibility To 1 [guid=spMEkRl42onhFHdF_u42e0T03x2sj347kUc600NXdGA=]
[COT 2024-02-29 21:12:25] 76561199407766611: Entered the Free Camera
[COT 2024-02-29 21:12:34] 76561199407766611: Left the Free Camera
[COT 2024-02-29 21:12:50] 76561199407766611: Spawned Entity Mercedes-Benz W140 Black (MBw140_black<745a5cb0>, 100, 10000, 0) at <2858.327148, 53.410000, 3191.650391>
[COT 2024-02-29 21:20:18] 76561199407766611: Entered the Free Camera
[COT 2024-02-29 21:21:59] 76561199407766611: Left the Free Camera
[COT 2024-02-29 21:22:23] 76561199407766611: Spawned Entity HEMTT rust (HEMTT_rust<75f7f170>, 100, 10000, 0) at <3682.392334, 4.650867, 5945.827637>
[COT 2024-02-29 21:22:56] 76561199407766611: Deleted Entity HEMTT_rust:14807 at <3682.392090, 4.755604, 5945.830078>
[COT 2024-02-29 21:23:01] 76561199407766611: Spawned Entity LUAZ 969 rust (LUAZ_rust<74598060>, 100, 2100, 0) at <3683.072998, 4.670000, 5939.401367>
[COT 2024-02-29 21:23:37] 76561199407766611: Teleported to position <1194.564209, 26.537987, 3044.645020>
[COT 2024-02-29 21:23:53] 76561199407766611: Entered the Free Camera
[COT 2024-02-29 21:24:01] 76561199407766611: Left the Free Camera
[COT 2024-02-29 21:24:11] 76561199407766611: Spawned Entity PONTIAC (rust) (PONTIAC_rust<745c6d70>, 100, 10000, 0) at <1170.967163, 20.523016, 2995.227539>
[COT 2024-02-29 21:25:41] 76561199407766611: Teleported to position <7771.185547, 26.129999, 1682.960938>
[COT 2024-02-29 21:25:58] 76561199407766611: Spawned Entity Fennek RUST (Fennek_RUST<745c1550>, 100, 30000, 0) at <7777.976563, 26.130005, 1678.617676>
[COT 2024-02-29 21:26:08] 76561199407766611: Spawned Entity Fennek Wheel (Fennek_Wheel<7fbbafe0>, 100, 2000, 0) at <7776.726563, 26.650795, 1677.473633>
[COT 2024-02-29 21:27:11] 76561199407766611: Teleported to position <5227.994141, 18.221949, 5032.826172>
[COT 2024-02-29 21:27:14] 76561199407766611: Entered the Free Camera
[COT 2024-02-29 21:27:26] 76561199407766611: Left the Free Camera
[COT 2024-02-29 21:27:39] 76561199407766611: Spawned Entity BMW (rust) (BMW<745b3900>, 100, 10000, 0) at <5273.642578, 18.482927, 5048.001953>
[COT 2024-02-29 21:28:33] 76561199407766611: Teleported to position <4074.756836, 15.775314, 7257.897949>
[COT 2024-02-29 21:28:51] 76561199407766611: Spawned Entity STR_Kart_Orange_name (Kart_Orange<745be940>, 100, 2000, 0) at <4055.880371, 15.816318, 7214.047363>
[COT 2024-02-29 21:29:04] 76561199407766611: Teleported to position <2615.518066, 44.232044, 5966.778320>
[COT 2024-02-29 21:29:10] 76561199407766611: Spawned Entity STR_Kart_name (Kart<745b6510>, 100, 2000, 0) at <2614.872803, 44.261784, 5970.528809>
