[COT 2024-02-23 05:31:05] 76561199407766611: Healed [guid=spMEkRl42onhFHdF_u42e0T03x2sj347kUc600NXdGA=]
[COT 2024-02-23 05:31:12] 76561199407766611: Set GodMode To true [guid=spMEkRl42onhFHdF_u42e0T03x2sj347kUc600NXdGA=]
[COT 2024-02-23 05:31:13] 76561199407766611: Set Invisibility To 1 [guid=spMEkRl42onhFHdF_u42e0T03x2sj347kUc600NXdGA=]
[COT 2024-02-23 05:31:15] 76561199407766611: Set UnlimitedAmmo To true [guid=spMEkRl42onhFHdF_u42e0T03x2sj347kUc600NXdGA=]
[COT 2024-02-23 05:31:24] 76561199407766611: Healed [guid=KWl3ojgjStHOe3-iLRChpUG8crsNiNfei3BT6NCIfaw=]
[COT 2024-02-23 05:31:27] 76561199407766611: Healed [guid=2H7391gmOSCz4VnnBebcTth-2Sm4qjaSYaboxsOPA1Q=]
[COT 2024-02-23 05:31:30] 76561199407766611: Healed [guid=eZvdqnhxQZeB4Wvp7ko5cFy79bCUMACrCdUKq6S9F3w=]
[COT 2024-02-23 05:31:53] 76561199407766611: Teleported to position <2385.064697, 56.439999, 3478.074219>
[COT 2024-02-23 05:32:14] 76561199407766611: ESP: ESP updating
[COT 2024-02-23 05:35:17] 76561199407766611: Spawned Entity M107_mag_15Rnd (Mag_SVD_10Rnd<85842c80>, 15, 100, 0) at <2403.077393, 55.766975, 3584.392334>
[COT 2024-02-23 05:35:22] 76561199407766611: Spawned Entity M107 (50BMG) (SVD_Base<6ff829f0>, 15, 250, 0) at <2403.092285, 55.818375, 3584.361328>
[COT 2024-02-23 05:39:20] 76561199407766611: Set GodMode To true [guid=spMEkRl42onhFHdF_u42e0T03x2sj347kUc600NXdGA=]
[COT 2024-02-23 05:39:21] 76561199407766611: Set Invisibility To 1 [guid=spMEkRl42onhFHdF_u42e0T03x2sj347kUc600NXdGA=]
[COT 2024-02-23 05:39:38] 76561199407766611: Entered the Free Camera
[COT 2024-02-23 05:39:53] 76561199407766611: Left the Free Camera
[COT 2024-02-23 05:40:09] 76561199407766611: Spawned Entity Keys (ExpansionCarKey<2400b8a0>, 100, 100, 0) at <2404.295654, 56.440002, 3491.507568>
[COT 2024-02-23 05:43:23] 76561199407766611: Spawned Entity MUSTANG (MUSTANG<780eeac0>, 100, 3000, 0) at <2237.828125, 54.800018, 3155.891357>
[COT 2024-02-23 05:43:40] 76561199407766611: Teleported to position <1288.562256, 10.072637, 5162.329102>
[COT 2024-02-23 05:43:42] 76561199407766611: Entered the Free Camera
[COT 2024-02-23 05:44:05] 76561199407766611: ESP: ESP updating
[COT 2024-02-23 05:44:42] 76561199407766611: Spawned Entity Velociraptor6x6 (Velociraptor6x6<780db650>, 100, 10000, 0) at <1236.872070, 23.203735, 5390.449707>
[COT 2024-02-23 05:45:35] 76561199407766611: Deleted Entity Velociraptor6x6:8142 at <1236.869263, 23.253752, 5390.442383>
[COT 2024-02-23 05:45:51] 76561199407766611: Spawned Entity Velociraptor6x6 (Velociraptor6x6<780db650>, 100, 10000, 0) at <1364.283813, 23.060072, 5305.800293>
[COT 2024-02-23 05:46:21] 76561199407766611: Left the Free Camera
[COT 2024-02-23 05:46:35] 76561199407766611: Teleported to position <5842.305664, 5.752532, 5926.989746>
[COT 2024-02-23 05:46:37] 76561199407766611: Entered the Free Camera
[COT 2024-02-23 05:46:56] 76561199407766611: Spawned Entity Velociraptor6x6 Red (Velociraptor6x6_red<780f16d0>, 100, 10000, 0) at <5833.437012, 6.564013, 5859.639160>
[COT 2024-02-23 05:48:03] 76561199407766611: Teleported to position <2373.683350, 56.874458, 3582.482910>
[COT 2024-02-23 05:48:07] 76561199407766611: Left the Free Camera
[COT 2024-02-23 05:48:12] 76561199407766611: Entered the Free Camera
[COT 2024-02-23 05:48:35] 76561199407766611: Spawned Entity Kamaz Typhoon 63969 (Kamaz_Typhoon<77f28d90>, 100, 10000, 0) at <2384.494141, 55.297474, 3561.602539>
[COT 2024-02-23 05:53:36] 76561199407766611: Spawned Entity Hen (Animal_GallusGallusDomesticusF_Spotted<86cc6060>, 100, 15, 0) at <2379.996338, 55.866806, 3560.247559>
[COT 2024-02-23 05:53:58] 76561199407766611: Spawned Entity Rooster (Animal_GallusGallusDomesticus<86cc7d10>, 100, 15, 0) at <2391.854736, 55.045147, 3557.652588>
[COT 2024-02-23 05:55:33] 76561199407766611: Left the Free Camera
[COT 2024-02-23 05:55:34] 76561199407766611: Entered the Free Camera
[COT 2024-02-23 05:56:37] 76561199407766611: Spawned Entity Keys (ExpansionCarKey<11b71fb0>, 100, 100, 0) at <2427.017090, 53.177715, 3578.741211>
[COT 2024-02-23 05:56:38] 76561199407766611: Spawned Entity Keys (ExpansionCarKey<11b7c190>, 100, 100, 0) at <2427.009766, 53.189892, 3578.743408>
[COT 2024-02-23 05:56:45] 76561199407766611: Left the Free Camera
[COT 2024-02-23 05:58:01] 76561199407766611: Entered the Free Camera
[COT 2024-02-23 05:58:13] 76561199407766611: Left the Free Camera
[COT 2024-02-23 05:58:44] 76561199407766611: Entered the Free Camera
[COT 2024-02-23 05:58:52] 76561199407766611: Left the Free Camera
[COT 2024-02-23 06:00:07] 76561199407766611: Spawned Entity Buster Sword (DOC_BUSTER_SWORD<16151720>, 4, 600, 0) at <2369.549316, 55.870384, 3563.048828>
[COT 2024-02-23 06:00:07] 76561199407766611: Spawned Entity Buster Sword (DOC_BUSTER_SWORD<1615dbb0>, 4, 600, 0) at <2369.553955, 55.940182, 3563.050049>
[COT 2024-02-23 06:01:14] 76561199407766611: Entered the Free Camera
[COT 2024-02-23 06:02:00] 76561199407766611: Left the Free Camera
[COT 2024-02-23 06:02:02] 76561199407766611: Entered the Free Camera
[COT 2024-02-23 06:02:08] 76561199407766611: Left the Free Camera
[COT 2024-02-23 06:02:22] 76561199407766611: Spawned Entity STR_Kart_Wheel_name (KartWheel<1bb67e60>, 100, 500, 0) at <2400.920898, 56.439999, 3488.621582>
[COT 2024-02-23 06:02:23] 76561199407766611: Spawned Entity STR_Kart_Wheel_name (KartWheel<1bb61650>, 100, 500, 0) at <2400.849365, 56.718746, 3488.471680>
[COT 2024-02-23 06:03:06] 76561199407766611: Entered the Free Camera
[COT 2024-02-23 06:03:50] 76561199407766611: ESP: Clearing ESP
[COT 2024-02-23 06:20:59] 76561199407766611: Deleted Entity BBP_BDoor:7168 at <2393.618164, 56.439995, 3485.055420>
[COT 2024-02-23 06:21:52] 76561199407766611: Left the Free Camera
[COT 2024-02-23 06:22:09] 76561199407766611: Spawned Entity Tripwire (TripwireTrap<78463820>, 10, 50, 0) at <2394.611328, 56.439999, 3495.579346>
[COT 2024-02-23 06:22:16] 76561199407766611: Entered the Free Camera
[COT 2024-02-23 06:22:21] 76561199407766611: Left the Free Camera
[COT 2024-02-23 06:22:37] 76561199407766611: Entered the Free Camera
[COT 2024-02-23 06:22:42] 76561199407766611: Left the Free Camera
[COT 2024-02-23 06:24:22] 76561199407766611: Spawned Entity Tough Wolf (Animal_CanisLupus<86ca78b0>, 100, 3000, 0) at <2651.630127, 38.331196, 3623.423828>
[COT 2024-02-23 06:24:29] 76561199407766611: Entered the Free Camera
[COT 2024-02-23 06:24:53] 76561199407766611: Left the Free Camera
[COT 2024-02-23 06:25:56] 76561199407766611: Set Invisibility To 0 [guid=spMEkRl42onhFHdF_u42e0T03x2sj347kUc600NXdGA=]
[COT 2024-02-23 06:26:10] 76561199407766611: Set Invisibility To 1 [guid=spMEkRl42onhFHdF_u42e0T03x2sj347kUc600NXdGA=]
[COT 2024-02-23 06:27:24] 76561199407766611: Entered the Free Camera
