[COT 2024-02-12 13:59:24] 76561199108250772: Teleported to position <7935.915039, 16.861914, 2015.385742>
[COT 2024-02-12 13:59:30] 76561199108250772: Entered the Free Camera
[COT 2024-02-12 13:59:56] 76561199108250772: Left the Free Camera
[COT 2024-02-12 14:00:20] 76561199108250772: Spawned Entity (Large/Small) Wall Kit (BBP_Wall_Kit<945a0060>, 100, 100, 0) at <7872.767578, 38.487911, 1984.442139>
[COT 2024-02-12 14:00:20] 76561199108250772: Spawned Entity (Large/Small) Wall Kit (BBP_Wall_Kit<945a7f90>, 100, 100, 0) at <7872.794434, 38.833626, 1984.423218>
[COT 2024-02-12 14:00:51] 76561199108250772: Spawned Entity (Large/Small) Door Kit (BBP_Door_Kit<945a8b20>, 100, 100, 0) at <7873.306641, 38.487911, 1984.738403>
[COT 2024-02-12 14:02:36] 76561199108250772: Spawned Entity (Large/Small) Stair Kit (BBP_Stair_Kit<945a3a30>, 100, 100, 0) at <7868.786621, 38.487789, 1988.508057>
[COT 2024-02-12 14:03:33] 76561199108250772: Spawned Entity Metal Stair Kit (BBP_Metal_Stair_Kit<945a7f90>, 100, 100, 0) at <7868.079590, 38.487915, 1988.251709>
[COT 2024-02-12 14:04:55] 76561199108250772: Healed [guid=OAdpPkJP2Ps_W7h2ttR1bK23ekHCzrxw0mDT3zqLMdU=]
[COT 2024-02-12 14:05:21] 76561199108250772: Teleported to position <1445.593140, 10.354806, 7423.282227>
[COT 2024-02-12 14:05:37] 76561199108250772: Spawned Entity Sea Chest (SeaChest<8c8a2560>, 100, 600, 0) at <1429.411133, 10.515523, 7434.119629>
[COT 2024-02-12 14:05:49] 76561199108250772: Spawned Entity Tactical Gloves (TacticalGloves_Beige<8c89b8d0>, 100, 165, 0) at <1430.007324, 10.515524, 7434.229004>
[COT 2024-02-12 14:05:49] 76561199108250772: Spawned Entity Tactical Gloves (TacticalGloves_Beige<8c8a55a0>, 100, 165, 0) at <1430.037231, 10.639455, 7434.235352>
[COT 2024-02-12 14:05:56] 76561199108250772: Spawned Entity Canteen (Canteen<95e32a80>, 1000, 100, 512) at <1430.067139, 10.763388, 7434.241699>
[COT 2024-02-12 14:05:56] 76561199108250772: Spawned Entity Canteen (Canteen<95e2b970>, 1000, 100, 512) at <1430.128784, 11.018579, 7434.254395>
[COT 2024-02-12 14:06:06] 76561199108250772: Spawned Entity Fishing Rod (FishingRod<945a7f90>, 1000, 150, 0) at <1430.193970, 11.288145, 7434.268555>
[COT 2024-02-12 14:06:23] 76561199108250772: Spawned Entity Chlorine Tablets (PurificationTablets<8c8a3d80>, 10, 30, 0) at <1430.218628, 11.390166, 7434.273438>
[COT 2024-02-12 14:06:24] 76561199108250772: Spawned Entity Chlorine Tablets (PurificationTablets<8c8a4990>, 10, 30, 0) at <1430.235718, 11.460900, 7434.276855>
[COT 2024-02-12 14:06:52] 76561199108250772: Spawned Entity Lighter (PetrolLighter<945b7260>, 20, 20, 0) at <1430.240112, 10.515524, 7434.300781>
[COT 2024-02-12 14:06:52] 76561199108250772: Spawned Entity Lighter (PetrolLighter<945b15e0>, 20, 20, 0) at <1430.243286, 10.527550, 7434.301270>
[COT 2024-02-12 14:06:53] 76561199108250772: Spawned Entity Lighter (PetrolLighter<945b9510>, 20, 20, 0) at <1430.246338, 10.539577, 7434.301758>
[COT 2024-02-12 14:06:53] 76561199108250772: Spawned Entity Lighter (PetrolLighter<945bb7c0>, 20, 20, 0) at <1430.249512, 10.551603, 7434.302246>
[COT 2024-02-12 14:07:02] 76561199108250772: Spawned Entity Bandage (BandageDressing<945bac30>, 4, 50, 0) at <1430.252563, 10.563510, 7434.302734>
[COT 2024-02-12 14:07:02] 76561199108250772: Spawned Entity Bandage (BandageDressing<945b8980>, 4, 50, 0) at <1430.275513, 10.652274, 7434.306152>
[COT 2024-02-12 14:07:02] 76561199108250772: Spawned Entity Bandage (BandageDressing<945b7df0>, 4, 50, 0) at <1430.298584, 10.741039, 7434.309570>
[COT 2024-02-12 14:07:03] 76561199108250772: Spawned Entity Bandage (BandageDressing<945ba0a0>, 4, 50, 0) at <1430.321655, 10.829803, 7434.312988>
[COT 2024-02-12 14:07:03] 76561199108250772: Spawned Entity Bandage (BandageDressing<945b4fb0>, 4, 50, 0) at <1430.321655, 10.829803, 7434.312988>
[COT 2024-02-12 14:07:03] 76561199108250772: Spawned Entity Bandage (BandageDressing<945c1440>, 4, 50, 0) at <1430.344849, 10.919249, 7434.316406>
[COT 2024-02-12 14:07:03] 76561199108250772: Spawned Entity Bandage (BandageDressing<945c1fd0>, 4, 50, 0) at <1430.367798, 11.008021, 7434.319824>
[COT 2024-02-12 14:07:03] 76561199108250772: Spawned Entity Bandage (BandageDressing<945be600>, 4, 50, 0) at <1430.367798, 11.008013, 7434.319824>
[COT 2024-02-12 14:07:03] 76561199108250772: Spawned Entity Bandage (BandageDressing<945bf190>, 4, 50, 0) at <1430.390991, 11.097459, 7434.323242>
[COT 2024-02-12 14:07:04] 76561199108250772: Spawned Entity Bandage (BandageDressing<945c2b60>, 4, 50, 0) at <1430.390991, 11.097459, 7434.323242>
[COT 2024-02-12 14:07:04] 76561199108250772: Spawned Entity Bandage (BandageDressing<945bfd20>, 4, 50, 0) at <1430.414063, 11.186223, 7434.326660>
[COT 2024-02-12 14:07:04] 76561199108250772: Spawned Entity Bandage (BandageDressing<945bc350>, 4, 50, 0) at <1430.437012, 11.274988, 7434.330078>
[COT 2024-02-12 14:07:04] 76561199108250772: Spawned Entity Bandage (BandageDressing<945c36f0>, 4, 50, 0) at <1430.437012, 11.274988, 7434.330078>
[COT 2024-02-12 14:07:04] 76561199108250772: Spawned Entity Bandage (BandageDressing<945c08b0>, 4, 50, 0) at <1430.460205, 11.364434, 7434.333496>
[COT 2024-02-12 14:07:12] 76561199108250772: Spawned Entity Alcoholic Tincture (DisinfectantAlcohol<8c8a61b0>, 200, 30, 0) at <1430.483276, 11.453197, 7434.336914>
[COT 2024-02-12 14:07:13] 76561199108250772: Spawned Entity Alcoholic Tincture (DisinfectantAlcohol<8c8a6dc0>, 200, 30, 0) at <1430.534424, 11.650620, 7434.344727>
[COT 2024-02-12 14:07:13] 76561199108250772: Spawned Entity Alcoholic Tincture (DisinfectantAlcohol<8c8a3170>, 200, 30, 0) at <1430.585938, 11.849100, 7434.352539>
[COT 2024-02-12 14:07:13] 76561199108250772: Spawned Entity Alcoholic Tincture (DisinfectantAlcohol<8c8ace40>, 200, 30, 0) at <1430.635864, 12.041635, 7434.359863>
[COT 2024-02-12 14:07:14] 76561199108250772: Spawned Entity Alcoholic Tincture (DisinfectantAlcohol<8c8a79d0>, 200, 30, 0) at <1430.635864, 12.041635, 7434.359863>
[COT 2024-02-12 14:08:02] 76561199108250772: Spawned Entity Rag (Rag<945bcee0>, 6, 50, 0) at <1430.365601, 10.515523, 7434.334473>
[COT 2024-02-12 14:08:03] 76561199108250772: Spawned Entity Rag (Rag<945c4280>, 6, 50, 0) at <1430.394775, 10.635788, 7434.339844>
[COT 2024-02-12 14:08:03] 76561199108250772: Spawned Entity Rag (Rag<945c7c50>, 6, 50, 0) at <1430.422729, 10.751448, 7434.345215>
[COT 2024-02-12 14:08:17] 76561199108250772: Spawned Entity Canned Tuna (TunaCan<8c8a85e0>, 100, 70, 0) at <1430.472656, 10.515524, 7434.383301>
[COT 2024-02-12 14:08:17] 76561199108250772: Spawned Entity Canned Tuna (TunaCan<8c8ac230>, 100, 70, 0) at <1430.489746, 10.585584, 7434.384766>
[COT 2024-02-12 14:08:18] 76561199108250772: Spawned Entity Canned Tuna (TunaCan<8c8ada50>, 100, 70, 0) at <1430.506958, 10.655643, 7434.386719>
[COT 2024-02-12 14:08:18] 76561199108250772: Spawned Entity Canned Tuna (TunaCan<8c8afe80>, 100, 70, 0) at <1430.524170, 10.725703, 7434.388184>
[COT 2024-02-12 14:08:19] 76561199108250772: Spawned Entity Canned Tuna (TunaCan<8c8b0a90>, 100, 70, 0) at <1430.541260, 10.795763, 7434.389648>
[COT 2024-02-12 14:08:19] 76561199108250772: Spawned Entity Canned Tuna (TunaCan<8c8ae660>, 100, 70, 0) at <1430.558472, 10.865823, 7434.391113>
[COT 2024-02-12 14:08:19] 76561199108250772: Spawned Entity Canned Tuna (TunaCan<8c8b16a0>, 100, 70, 0) at <1430.575684, 10.935883, 7434.392578>
[COT 2024-02-12 14:08:20] 76561199108250772: Spawned Entity Canned Tuna (TunaCan<8c8ab620>, 100, 70, 0) at <1430.592773, 11.005942, 7434.394043>
[COT 2024-02-12 14:08:20] 76561199108250772: Spawned Entity Canned Tuna (TunaCan<8c8aaa10>, 100, 70, 0) at <1430.609985, 11.076002, 7434.395996>
[COT 2024-02-12 14:08:21] 76561199108250772: Spawned Entity Canned Tuna (TunaCan<8c8b3ad0>, 100, 70, 0) at <1430.627197, 11.146062, 7434.397461>
[COT 2024-02-12 14:08:43] 76561199108250772: Spawned Entity Sea Chest (SeaChest<8c8b46e0>, 100, 600, 0) at <1430.545776, 10.515524, 7433.684570>
[COT 2024-02-12 14:09:00] 76561199108250772: Spawned Entity Fishing Rod (FishingRod<945bda70>, 100, 150, 0) at <1431.005981, 10.515524, 7434.321777>
[COT 2024-02-12 14:09:01] 76561199108250772: Spawned Entity Fishing Rod (FishingRod<945c6530>, 100, 150, 0) at <1430.972656, 10.626110, 7434.324707>
[COT 2024-02-12 14:09:02] 76561199108250772: Spawned Entity Fishing Rod (FishingRod<945cfb80>, 100, 150, 0) at <1430.940796, 10.731859, 7434.328125>
[COT 2024-02-12 14:09:02] 76561199108250772: Spawned Entity Fishing Rod (FishingRod<945d91d0>, 100, 150, 0) at <1430.906494, 10.845696, 7434.331543>
[COT 2024-02-12 14:09:52] 76561199108250772: Spawned Entity Fange (FangeKnife<8c8b22b0>, 100, 130, 0) at <1430.901245, 10.515524, 7434.134766>
[COT 2024-02-12 14:09:52] 76561199108250772: Spawned Entity Fange (FangeKnife<8c8b52f0>, 100, 130, 0) at <1430.879883, 10.586929, 7434.142090>
[COT 2024-02-12 14:09:53] 76561199108250772: Spawned Entity Fange (FangeKnife<8c8b2ec0>, 100, 130, 0) at <1430.858643, 10.658012, 7434.149414>
[COT 2024-02-12 14:09:53] 76561199108250772: Spawned Entity Fange (FangeKnife<8c8b5f00>, 100, 130, 0) at <1430.837646, 10.728597, 7434.156738>
[COT 2024-02-12 14:09:58] 76561199108250772: Spawned Entity Sharpening Stone (Whetstone<945dee50>, 100, 50, 0) at <1430.816650, 10.798885, 7434.164063>
[COT 2024-02-12 14:09:59] 76561199108250772: Spawned Entity Sharpening Stone (Whetstone<945dc010>, 100, 50, 0) at <1430.799316, 10.856732, 7434.169922>
[COT 2024-02-12 14:09:59] 76561199108250772: Spawned Entity Sharpening Stone (Whetstone<f27f6310>, 100, 50, 0) at <1430.782227, 10.914193, 7434.176270>
[COT 2024-02-12 14:10:00] 76561199108250772: Spawned Entity Sharpening Stone (Whetstone<f27f6ea0>, 100, 50, 0) at <1430.765015, 10.971634, 7434.182129>
[COT 2024-02-12 16:26:18] 76561199407766611: Set GodMode To true [guid=spMEkRl42onhFHdF_u42e0T03x2sj347kUc600NXdGA=]
[COT 2024-02-12 16:26:19] 76561199407766611: Set Invisibility To 1 [guid=spMEkRl42onhFHdF_u42e0T03x2sj347kUc600NXdGA=]
[COT 2024-02-12 16:26:20] 76561199407766611: Set UnlimitedStamina To true [guid=spMEkRl42onhFHdF_u42e0T03x2sj347kUc600NXdGA=]
[COT 2024-02-12 16:26:20] 76561199407766611: Set UnlimitedAmmo To true [guid=spMEkRl42onhFHdF_u42e0T03x2sj347kUc600NXdGA=]
[COT 2024-02-12 16:27:05] 76561199407766611: Teleported to position <1441.471436, 9.730000, 7436.288086>
[COT 2024-02-12 16:28:15] 76561199407766611: Spawned Entity Sea Chest (SeaChest<91cf9920>, 100, 600, 0) at <1429.847778, 10.513618, 7438.423340>
[COT 2024-02-12 16:28:25] 76561199407766611: Spawned Entity Doc's Glock - Black/FDE (DOC_GLOCK_BLKFDE<8e411740>, 100, 2800, 0) at <1430.043579, 10.513207, 7439.121582>
[COT 2024-02-12 16:28:26] 76561199407766611: Spawned Entity Doc's Glock - Black/FDE (DOC_GLOCK_BLKFDE<8e412450>, 100, 2800, 0) at <1430.084717, 10.569354, 7439.069336>
[COT 2024-02-12 16:28:26] 76561199407766611: Spawned Entity Doc's Glock - Black/FDE (DOC_GLOCK_BLKFDE<8e413160>, 100, 2800, 0) at <1430.134644, 10.637716, 7439.004883>
[COT 2024-02-12 16:28:26] 76561199407766611: Spawned Entity Doc's Glock - Black/FDE (DOC_GLOCK_BLKFDE<8e40d5f0>, 100, 2800, 0) at <1430.168335, 10.683474, 7438.962402>
[COT 2024-02-12 16:28:26] 76561199407766611: Spawned Entity Doc's Glock - Black/FDE (DOC_GLOCK_BLKFDE<8e415890>, 100, 2800, 0) at <1430.191772, 10.715975, 7438.932129>
[COT 2024-02-12 16:28:26] 76561199407766611: Spawned Entity Doc's Glock - Black/FDE (DOC_GLOCK_BLKFDE<8e414b80>, 100, 2800, 0) at <1430.215698, 10.751424, 7438.900391>
[COT 2024-02-12 16:28:26] 76561199407766611: Spawned Entity Doc's Glock - Black/FDE (DOC_GLOCK_BLKFDE<8e417fc0>, 100, 2800, 0) at <1430.257080, 10.813121, 7438.844238>
[COT 2024-02-12 16:29:06] 76561199407766611: Spawned Entity Boxed 9x19mm Rounds (AmmoBox_9x19_25rnd<f27f4060>, 100, 100, 0) at <1430.558960, 10.513465, 7438.663086>
[COT 2024-02-12 16:29:06] 76561199407766611: Spawned Entity Boxed 9x19mm Rounds (AmmoBox_9x19_25rnd<f27f9ce0>, 100, 100, 0) at <1430.567139, 10.555840, 7438.678223>
[COT 2024-02-12 16:29:06] 76561199407766611: Spawned Entity Boxed 9x19mm Rounds (AmmoBox_9x19_25rnd<f27f9150>, 100, 100, 0) at <1430.574707, 10.598214, 7438.692383>
[COT 2024-02-12 16:29:06] 76561199407766611: Spawned Entity Boxed 9x19mm Rounds (AmmoBox_9x19_25rnd<f27fb400>, 100, 100, 0) at <1430.581299, 10.640589, 7438.705078>
[COT 2024-02-12 16:29:07] 76561199407766611: Spawned Entity Boxed 9x19mm Rounds (AmmoBox_9x19_25rnd<f27f4bf0>, 100, 100, 0) at <1430.597534, 10.682280, 7438.717285>
[COT 2024-02-12 16:29:07] 76561199407766611: Spawned Entity Boxed 9x19mm Rounds (AmmoBox_9x19_25rnd<f27fbf90>, 100, 100, 0) at <1430.611694, 10.724654, 7438.734863>
[COT 2024-02-12 16:29:07] 76561199407766611: Spawned Entity Boxed 9x19mm Rounds (AmmoBox_9x19_25rnd<f27f5780>, 100, 100, 0) at <1430.629272, 10.766346, 7438.762207>
[COT 2024-02-12 16:34:14] 76561199407766611: Teleported to position <2541.423096, 43.939999, 5800.632324>
[COT 2024-02-12 16:35:54] 76561199407766611: Spawned Entity Sea Chest (SeaChest<8c8d4180>, 100, 600, 0) at <2559.315186, 45.147888, 5820.358398>
[COT 2024-02-12 16:36:06] 76561199407766611: Spawned Entity Canned Bacon (TacticalBaconCan<8c8d2960>, 100, 100, 0) at <2557.775879, 44.219982, 5820.289551>
[COT 2024-02-12 16:36:06] 76561199407766611: Spawned Entity Canned Bacon (TacticalBaconCan<8c8d4d90>, 100, 100, 0) at <2557.775879, 44.219982, 5820.289551>
[COT 2024-02-12 16:36:20] 76561199407766611: Spawned Entity Karambit Carbon (DOC_COMBATKNIFE_BASE<f2801c10>, 100, 150, 0) at <2557.775879, 44.219982, 5820.289551>
[COT 2024-02-12 16:36:27] 76561199407766611: Spawned Entity MVS Canteen - Tan (Canteen<95e2ace0>, 1000, 100, 512) at <2557.775879, 44.219982, 5820.289551>
[COT 2024-02-12 16:36:42] 76561199407766611: Spawned Entity Chicken Jacket 1 (DOC_BOMBERJACKET_CHOOK1<394d7070>, 1000, 100, 0) at <2557.775879, 44.219982, 5820.289551>
[COT 2024-02-12 16:36:59] 76561199407766611: Set Invisibility To 0 [guid=spMEkRl42onhFHdF_u42e0T03x2sj347kUc600NXdGA=]
[COT 2024-02-12 16:37:00] 76561199407766611: Set cannot be targeted by AI to true [guid=spMEkRl42onhFHdF_u42e0T03x2sj347kUc600NXdGA=]
[COT 2024-02-12 16:37:11] 76561199407766611: Entered the Free Camera
[COT 2024-02-12 16:39:10] 76561199407766611: Left the Free Camera
[COT 2024-02-12 16:39:47] 76561199407766611: Spawned Entity Initiates Chain Chausses of The Withering Flesh (DOC_CULT_CHAINPANT<394dacc0>, 100, 550, 0) at <3427.400635, 61.328716, 5326.479492>
[COT 2024-02-12 16:39:49] 76561199407766611: Spawned Entity Initiates Chain Tunic of The Withering Flesh (DOC_CULT_CHAINTOP<394dc4e0>, 100, 550, 0) at <3427.400635, 61.328716, 5326.479492>
[COT 2024-02-12 16:39:51] 76561199407766611: Spawned Entity Initiates Blade Of The Withering Flesh (DOC_SWORD_BASE_MEDIEVAL<f27f85c0>, 100, 600, 0) at <3427.400635, 61.328716, 5326.479492>
[COT 2024-02-12 16:40:02] 76561199407766611: Spawned Entity Sea Chest (SeaChest<394dd0f0>, 100, 600, 0) at <3427.400635, 61.328716, 5326.479492>
[COT 2024-02-12 16:40:54] 76561199407766611: Spawned Entity Doc's Glock - Tan/Green (DOC_GLOCK_TANGRN<93fcbd10>, 100, 2800, 0) at <3428.266602, 61.328720, 5326.698242>
[COT 2024-02-12 16:40:58] 76561199407766611: Spawned Entity 15rd Mlock-91 Mag (Mag_Glock_15Rnd<394e0130>, 15, 100, 0) at <3428.266602, 61.328720, 5326.698242>
[COT 2024-02-12 16:41:07] 76561199407766611: Spawned Entity 40mm PO-X Grenade (Ammo_40mm_ChemGas<394db8d0>, 1, 50, 0) at <3428.266602, 61.328720, 5326.698242>
[COT 2024-02-12 16:41:10] 76561199407766611: Spawned Entity PO-X Vial (Grenade_ChemGas<95e343a0>, 1, 5, 0) at <3428.266602, 61.328720, 5326.698242>
[COT 2024-02-12 16:44:54] 76561199407766611: Entered the Free Camera
[COT 2024-02-12 16:45:12] 76561199407766611: Left the Free Camera
[COT 2024-02-12 16:45:48] 76561199407766611: Spawned Entity Barrel (Barrel_Blue<394c36d0>, 0, 1300, 8192) at <4303.425781, 8.985469, 8114.056152>
[COT 2024-02-12 16:46:33] 76561199407766611: Spawned Entity Doc's Royalfoil M4 Carstock (DOC_M4CARSTOCK_ROYALFOIL<f2803330>, 100, 200, 0) at <4303.113770, 9.624986, 8113.981445>
[COT 2024-02-12 16:46:35] 76561199407766611: Spawned Entity Doc's Royalfoil M4 RIS Handguard (DOC_M4RIS_ROYALFOIL<f2806170>, 100, 250, 0) at <4303.085938, 9.708756, 8113.939941>
[COT 2024-02-12 16:46:38] 76561199407766611: Spawned Entity Doc's Royalfoil Suppressor (ItemSuppressor<394bee70>, 100, 1800, 0) at <4303.047852, 9.772324, 8113.918457>
[COT 2024-02-12 16:46:40] 76561199407766611: Spawned Entity Doc's Royalfoil M4 (DOC_M4_ROYALFOIL<93fed4a0>, 100, 1200, 0) at <4303.128906, 9.709665, 8113.922852>
[COT 2024-02-12 16:46:41] 76561199407766611: Spawned Entity Doc's Royalfoil Stanag69 (DOC_STANAG69_ROYALFOIL<394cbb80>, 69, 200, 0) at <4303.051270, 9.812205, 8113.895996>
[COT 2024-02-12 16:46:41] 76561199407766611: Spawned Entity Doc's Royalfoil Stanag69 (DOC_STANAG69_ROYALFOIL<394cdfb0>, 69, 200, 0) at <4303.009277, 9.898668, 8113.859863>
[COT 2024-02-12 16:47:03] 76561199407766611: Spawned Entity MVS Canteen - Multicam Black (Canteen<95e35030>, 1000, 100, 512) at <4303.121582, 9.594116, 8113.962402>
[COT 2024-02-12 16:47:10] 76561199407766611: Spawned Entity MVS Heavy - OD (ModularVestSystem_Heavy<394cf7d0>, 1000, 300, 0) at <4303.077637, 9.739925, 8113.899414>
[COT 2024-02-12 16:47:13] 76561199407766611: Spawned Entity MVS Heavy LMG Pouch - OD (MVS_Pouch_Base<394c8b40>, 1000, 100, 0) at <4302.913086, 10.076622, 8113.752441>
[COT 2024-02-12 16:48:01] 76561199407766611: Spawned Entity Leupold Deltapoint Reflex Sight (ExpansionDeltapointOptic<394d1c00>, 100, 30, 0) at <4302.691406, 8.985468, 8114.190430>
[COT 2024-02-12 16:48:28] 76561199407766611: Spawned Entity Baraka Sights (ReflexOptic<394d4c40>, 100, 30, 0) at <4302.690430, 8.985468, 8114.194824>
[COT 2024-02-12 16:48:42] 76561199407766611: Spawned Entity 9V Battery (Battery9V<394d3420>, 50, 20, 0) at <4302.691895, 8.985469, 8114.189941>
[COT 2024-02-12 16:48:54] 76561199407766611: Entered the Free Camera
[COT 2024-02-12 16:49:27] 76561199407766611: Left the Free Camera
