[COT 2024-02-03 21:45:09] 76561198036774377: Teleported to position <2631.886963, 43.939999, 5865.355469>
[COT 2024-02-03 21:46:31] 76561198036774377: Spawned Entity Gunter 2 (Hatchback_02<358c26f0>, 100, 1000, 0) at <2640.100342, 43.939995, 5875.545410>
[COT 2024-02-03 21:46:54] 76561198036774377: Teleported to position <4378.284668, 15.711424, 7640.157227>
[COT 2024-02-03 21:47:05] 76561198036774377: Spawned Entity Sarka 120 (Sedan_02<358bfae0>, 100, 1000, 0) at <4386.435547, 15.736539, 7648.100098>
[COT 2024-02-03 21:47:19] 76561198036774377: Teleported to position <3811.359375, 6.621529, 4836.758301>
[COT 2024-02-03 21:47:29] 76561198036774377: Spawned Entity Fennek RUST (Fennek_RUST<358b76b0>, 100, 30000, 0) at <3817.735596, 7.000507, 4842.961914>
[COT 2024-02-03 21:47:41] 76561198036774377: Teleported to position <2139.659912, 54.799999, 3020.086426>
[COT 2024-02-03 21:47:54] 76561198036774377: Spawned Entity G65 Rust  (G65_rust<358b4aa0>, 100, 10000, 0) at <2148.120850, 54.799995, 3024.930420>
[COT 2024-02-03 21:48:08] 76561198036774377: Teleported to position <1959.539063, 15.570000, 547.651367>
[COT 2024-02-03 21:48:26] 76561198036774377: Spawned Entity HAMMER_H1 black_rust (HAMMER_H1_black_rust<358cd730>, 100, 1e+07, 0) at <1954.599731, 15.569994, 547.989624>
[COT 2024-02-03 21:48:39] 76561198036774377: Teleported to position <3992.941162, 28.700001, 1669.543945>
[COT 2024-02-03 21:48:58] 76561198036774377: Spawned Entity Kamaz Typhoon 63969 rust (Kamaz_Typhoon_rust<efa57a20>, 200000, 10000, 0) at <3989.141602, 28.699997, 1670.702637>
[COT 2024-02-03 21:49:18] 76561198036774377: Teleported to position <5241.473145, 32.146622, 1513.833496>
[COT 2024-02-03 21:49:27] 76561198036774377: Spawned Entity LUAZ 969 rust (LUAZ_rust<358ba2c0>, 200000, 2100, 0) at <5235.530762, 32.084072, 1513.626465>
[COT 2024-02-03 21:49:38] 76561198036774377: Teleported to position <7403.362305, 26.129999, 2163.321777>
[COT 2024-02-03 21:49:50] 76561198036774377: Spawned Entity HEMTT rust (HEMTT_rust<f503f4c0>, 200000, 10000, 0) at <7402.288574, 26.130001, 2168.478760>
[COT 2024-02-03 21:50:00] 76561198036774377: Teleported to position <6277.954102, 26.129999, 2129.238770>
[COT 2024-02-03 21:50:10] 76561198036774377: Spawned Entity HAMMER_H1 rust (HAMMER_H1_rust<f4d65890>, 200000, 1e+07, 0) at <6271.885742, 26.130001, 2133.366211>
[COT 2024-02-03 21:50:22] 76561198036774377: Teleported to position <6736.222168, 19.120001, 3695.147461>
[COT 2024-02-03 21:50:31] 76561198036774377: Spawned Entity M35a2 Rust (M35a2_Rust<f5036a90>, 200000, 10000, 0) at <6730.154785, 19.119993, 3699.275879>
[COT 2024-02-03 21:50:52] 76561198036774377: Teleported to position <5541.383789, 209.889999, 4118.501953>
[COT 2024-02-03 21:51:00] 76561198036774377: Spawned Entity MOSKVICH 2140 (AZLK_rust<f4d708d0>, 200000, 5000, 0) at <5541.283691, 209.890015, 4123.538086>
[COT 2024-02-03 21:51:10] 76561198036774377: Teleported to position <6623.608887, 175.234406, 4731.726563>
[COT 2024-02-03 21:51:20] 76561198036774377: Teleported to position <6621.626465, 203.680008, 4909.383789>
[COT 2024-02-03 21:51:37] 76561198036774377: Teleported to position <6686.973145, 14.376179, 6804.999023>
[COT 2024-02-03 21:51:45] 76561198036774377: Spawned Entity BMW (rust) (BMW<f4d7e520>, 200000, 10000, 0) at <6674.347656, 14.376178, 6799.992188>
[COT 2024-02-03 21:52:06] 76561198036774377: Teleported to position <1806.392944, 98.825729, 6516.250488>
[COT 2024-02-03 21:52:19] 76561198036774377: Spawned Entity Chevrolet Corvette rust (ChevroletCorvette_rust<f49d3c20>, 200000, 6000, 0) at <1803.812988, 98.861008, 6519.463379>
[COT 2024-02-03 21:52:25] 76561198036774377: Teleported to position <2243.657959, 94.510002, 6342.525391>
[COT 2024-02-03 21:52:35] 76561198036774377: Spawned Entity Citroen 2CV Rust  (Citroen2CV_rust<f4d760f0>, 200000, 5000, 0) at <2240.629639, 94.509995, 6341.403809>
[COT 2024-02-03 21:52:47] 76561198036774377: Teleported to position <2706.318359, 21.750000, 4347.880859>
[COT 2024-02-03 21:52:57] 76561198036774377: Spawned Entity Cougar Rust kamo (Cougar_rust<ee492010>, 200000, 10000, 0) at <2703.172363, 21.750004, 4345.576660>
[COT 2024-02-03 21:53:23] 76561198036774377: Teleported to position <1227.063721, 26.250000, 3045.396484>
[COT 2024-02-03 21:53:37] 76561198036774377: Spawned Entity MUSTANG Rust  (MUSTANG_rust<f4d6dcc0>, 200000, 3000, 0) at <1228.842163, 26.250000, 3048.459473>
[COT 2024-02-03 21:53:52] 76561198036774377: Teleported to position <4824.049805, 6.310000, 2269.641113>
[COT 2024-02-03 21:54:03] 76561198036774377: Spawned Entity MotorHome rust (MotorHome_rust<8b2282b0>, 200000, 5000, 0) at <4818.421875, 6.310000, 2269.126709>
[COT 2024-02-03 21:54:25] 76561198036774377: Teleported to position <6865.323730, 19.133308, 3852.390625>
[COT 2024-02-03 21:54:32] 76561198036774377: Spawned Entity PONTIAC (rust) (PONTIAC_rust<f4d83d40>, 200000, 10000, 0) at <6866.021973, 19.135387, 3856.132813>
[COT 2024-02-03 21:54:55] 76561198036774377: Teleported to position <2289.291260, 64.037262, 6982.238281>
[COT 2024-02-03 21:55:02] 76561198036774377: Spawned Entity ToyotaHilux rust (ToyotaHilux_rust<f4d8c170>, 200000, 5000, 0) at <2288.442383, 64.131821, 6985.354004>
[COT 2024-02-03 21:55:21] 76561198036774377: Teleported to position <1761.237305, 22.324135, 7411.171387>
[COT 2024-02-03 21:55:27] 76561198036774377: Spawned Entity UAZ469 (Rust) (UAZ469_Rust<f4d86950>, 200000, 3000, 0) at <1757.700806, 22.197651, 7412.465820>
[COT 2024-02-03 21:56:08] 76561198036774377: Teleported to position <2516.408936, 63.149590, 2316.167480>
[COT 2024-02-03 21:56:28] 76561198036774377: Spawned Entity URAL 4320 (URAL_4320_rust<f502e060>, 200000, 10000, 0) at <2514.198486, 63.211864, 2311.861572>
[COT 2024-02-03 21:56:51] 76561198036774377: Teleported to position <5300.586426, 7.236337, 2154.177734>
[COT 2024-02-03 21:56:57] 76561198036774377: Spawned Entity Velociraptor6x6 rust  (Velociraptor6x6_rust<f4d971b0>, 200000, 10000, 0) at <5299.949707, 7.262376, 2151.625488>
[COT 2024-02-03 21:57:20] 76561198036774377: Healed [guid=mBNlxASsPlOcry0dpDl8K-WgHNR5WMCMmoJ9NhpU4FY=]
