[COT 2024-03-13 12:29:47] 76561199407766611: Teleported to position <5566.133301, 23.859613, 748.161621>
[COT 2024-03-13 12:30:03] 76561199407766611: Entered the Free Camera
[COT 2024-03-13 12:30:32] 76561199407766611: Teleported to position <7611.901367, 8.750000, 3940.791504>
[COT 2024-03-13 12:30:34] 76561199407766611: Left the Free Camera
[COT 2024-03-13 12:30:49] 76561199407766611: Set GodMode To true [guid=spMEkRl42onhFHdF_u42e0T03x2sj347kUc600NXdGA=]
[COT 2024-03-13 12:30:49] 76561199407766611: Set Invisibility To 1 [guid=spMEkRl42onhFHdF_u42e0T03x2sj347kUc600NXdGA=]
[COT 2024-03-13 12:32:07] 76561199407766611: Entered the Free Camera
[COT 2024-03-13 12:32:36] 76561199407766611: Left the Free Camera
[COT 2024-03-13 12:33:04] 76561199407766611: Teleported to position <7305.846680, 4.755232, 4259.250000>
[COT 2024-03-13 12:34:44] 76561199407766611: Teleported to position <7071.214844, 67.123810, 5513.910156>
[COT 2024-03-13 12:35:25] 76561199407766611: Teleported to position <7541.065918, 4.853788, 5441.041016>
[COT 2024-03-13 12:35:27] 76561199407766611: Entered the Free Camera
[COT 2024-03-13 12:38:24] 76561199407766611: Left the Free Camera
[COT 2024-03-13 12:38:40] 76561199407766611: Entered the Free Camera
[COT 2024-03-13 12:42:57] 76561199407766611: Left the Free Camera
[COT 2024-03-13 12:43:46] 76561199407766611: Entered the Free Camera
[COT 2024-03-13 12:43:58] 76561199407766611: Left the Free Camera
[COT 2024-03-13 12:44:17] 76561199407766611: Entered the Free Camera
[COT 2024-03-13 12:50:08] 76561199407766611: Left the Free Camera
[COT 2024-03-13 12:50:20] 76561199407766611: Entered the Free Camera
[COT 2024-03-13 12:50:27] 76561199407766611: Left the Free Camera
[COT 2024-03-13 12:50:53] 76561199407766611: Entered the Free Camera
[COT 2024-03-13 12:51:01] 76561199407766611: Left the Free Camera
[COT 2024-03-13 12:51:03] 76561199407766611: Entered the Free Camera
[COT 2024-03-13 12:54:16] 76561199407766611: Left the Free Camera
[COT 2024-03-13 12:54:19] 76561199407766611: Entered the Free Camera
[COT 2024-03-13 12:57:29] 76561199407766611: Left the Free Camera
[COT 2024-03-13 12:57:50] 76561199407766611: Teleported to position <7552.037109, 4.853788, 5384.122070>
[COT 2024-03-13 12:57:52] 76561199407766611: Entered the Free Camera
[COT 2024-03-13 12:58:19] 76561199407766611: Left the Free Camera
[COT 2024-03-13 12:59:02] 76561199407766611: Spawned Entity Sea Chest (SeaChest<1967cab0>, 100, 600, 0) at <7619.939453, 10.131570, 5309.009277>
[COT 2024-03-13 12:59:11] 76561199407766611: Spawned Entity Flag Pole Kit (TerritoryFlagKit<19683e50>, 100, 200, 0) at <7619.098633, 10.131569, 5309.301270>
[COT 2024-03-13 12:59:18] 76561199407766611: Spawned Entity Plank (WoodenPlank<24535e00>, 10, 100, 0) at <7619.261230, 10.352694, 5309.179688>
[COT 2024-03-13 12:59:18] 76561199407766611: Spawned Entity Plank (WoodenPlank<24536990>, 10, 100, 0) at <7619.370117, 10.502050, 5309.098145>
[COT 2024-03-13 12:59:19] 76561199407766611: Spawned Entity Plank (WoodenPlank<24541700>, 10, 100, 0) at <7619.478027, 10.651402, 5309.015625>
[COT 2024-03-13 12:59:32] 76561199407766611: Spawned Entity Splitting Axe (WoodAxe<245467f0>, 10, 250, 0) at <7619.585938, 10.793511, 5308.934570>
[COT 2024-03-13 12:59:38] 76561199407766611: Spawned Entity Sharpening Stone (Whetstone<24545c60>, 100, 50, 0) at <7619.674316, 10.894851, 5308.928223>
[COT 2024-03-13 12:59:38] 76561199407766611: Spawned Entity Sharpening Stone (Whetstone<24547380>, 100, 50, 0) at <7619.708008, 10.943790, 5308.905273>
[COT 2024-03-13 13:18:51] 76561199407766611: Set GodMode To true [guid=spMEkRl42onhFHdF_u42e0T03x2sj347kUc600NXdGA=]
[COT 2024-03-13 13:18:51] 76561199407766611: Set Invisibility To 1 [guid=spMEkRl42onhFHdF_u42e0T03x2sj347kUc600NXdGA=]
[COT 2024-03-13 13:18:54] 76561199407766611: Teleported to <3854.771484, 59.579258, 1225.042969> [guid=SgADkNjbGaUs8SauxTNPqYQENYs5GlEGD7NNksMh0hI=]
[COT 2024-03-13 13:19:00] 76561199407766611: Entered the Free Camera
[COT 2024-03-13 13:19:04] 76561199407766611: Left the Free Camera
