[COT 2024-02-14 05:15:19] 76561199108250772: Teleported to position <1290.957642, 26.250000, 3057.606445>
[COT 2024-02-14 05:15:35] 76561199108250772: Spawned Entity Sea Chest (SeaChest<6518e7b0>, 100, 600, 0) at <1289.455444, 27.373022, 3042.036621>
[COT 2024-02-14 05:15:42] 76561199108250772: Spawned Entity Hatchet (Hatchet<6518ade0>, 100, 150, 0) at <1288.933716, 27.375122, 3042.635498>
[COT 2024-02-14 05:15:43] 76561199108250772: Spawned Entity Hatchet (Hatchet<6518dc20>, 100, 150, 0) at <1288.987183, 27.445223, 3042.679443>
[COT 2024-02-14 05:15:43] 76561199108250772: Spawned Entity Hatchet (Hatchet<6518c500>, 100, 150, 0) at <1289.039917, 27.514139, 3042.722412>
[COT 2024-02-14 05:15:44] 76561199108250772: Spawned Entity Hatchet (Hatchet<651896c0>, 100, 150, 0) at <1289.093140, 27.583763, 3042.766113>
[COT 2024-02-14 05:15:44] 76561199108250772: Spawned Entity Hatchet (Hatchet<6518b970>, 100, 150, 0) at <1289.146362, 27.653387, 3042.809570>
[COT 2024-02-14 05:15:44] 76561199108250772: Spawned Entity Hatchet (Hatchet<65187fa0>, 100, 150, 0) at <1289.199585, 27.723011, 3042.853027>
[COT 2024-02-14 05:16:22] 76561199108250772: Teleported to position <727.680908, 63.835949, 2310.575684>
[COT 2024-02-14 05:17:30] 76561199108250772: Spawned Entity (Large/Small) Door Kit (BBP_Door_Kit<65185cf0>, 4, 100, 0) at <709.374146, 64.847519, 2303.972900>
[COT 2024-02-14 05:17:30] 76561199108250772: Spawned Entity (Large/Small) Door Kit (BBP_Door_Kit<6518d090>, 4, 100, 0) at <709.084595, 65.165085, 2304.003174>
[COT 2024-02-14 05:18:28] 76561199108250772: Spawned Entity Interceptor Black (Interceptor_Black<fb47f0b0>, 100, 10000, 0) at <706.175659, 64.848816, 2304.157959>
[COT 2024-02-14 05:19:26] 76561199108250772: Set GodMode To true [guid=OAdpPkJP2Ps_W7h2ttR1bK23ekHCzrxw0mDT3zqLMdU=]
[COT 2024-02-14 05:19:26] 76561199108250772: Set UnlimitedAmmo To true [guid=OAdpPkJP2Ps_W7h2ttR1bK23ekHCzrxw0mDT3zqLMdU=]
[COT 2024-02-14 05:19:27] 76561199108250772: Set UnlimitedStamina To true [guid=OAdpPkJP2Ps_W7h2ttR1bK23ekHCzrxw0mDT3zqLMdU=]
[COT 2024-02-14 05:19:27] 76561199108250772: Set cannot be targeted by AI to true [guid=OAdpPkJP2Ps_W7h2ttR1bK23ekHCzrxw0mDT3zqLMdU=]
[COT 2024-02-14 05:21:06] 76561199108250772: Set Invisibility To 1 [guid=OAdpPkJP2Ps_W7h2ttR1bK23ekHCzrxw0mDT3zqLMdU=]
[COT 2024-02-14 05:21:16] 76561199108250772: Teleported to position <2265.662354, 15.619164, 809.747559>
[COT 2024-02-14 05:23:22] 76561199108250772: Set UnlimitedAmmo To true [guid=KWl3ojgjStHOe3-iLRChpUG8crsNiNfei3BT6NCIfaw=]
[COT 2024-02-14 05:23:26] 76561199108250772: Set UnlimitedAmmo To true [guid=sotoW1_Nk-TTJiiIPsCtS3o5Fa1yZMPYUSJANQxS2rE=]
[COT 2024-02-14 05:23:29] 76561199108250772: Set UnlimitedAmmo To true [guid=34grYJQ9r2wo1L8neGIz09ZgpCiXK_Fe8Cp4Z0ErlKE=]
[COT 2024-02-14 05:23:31] 76561199108250772: Set UnlimitedAmmo To true [guid=aZuey8BZu5enttVf1frXEoSPxF2bH_OE61qSIaeu7J0=]
[COT 2024-02-14 05:23:37] 76561199108250772: Set UnlimitedAmmo To true [guid=r2lUmFLKL-sI1uKdFopNx0EDhXQoZf7KY0E9WNMzn7w=]
[COT 2024-02-14 05:37:45] 76561199108250772: Spawned Entity Keys (ExpansionCarKey<60373ce0>, 100, 100, 0) at <2182.835938, 15.915612, 636.395752>
[COT 2024-02-14 05:37:45] 76561199108250772: Spawned Entity Keys (ExpansionCarKey<60371a30>, 100, 100, 0) at <2182.830811, 15.927788, 636.395447>
[COT 2024-02-14 05:38:13] 76561199108250772: Teleported to position <2110.257324, 54.799999, 3093.532227>
[COT 2024-02-14 05:40:05] 76561199108250772: Spawned Entity Gun Cleaning Kit (WeaponCleaningKit<6037a4f0>, 100, 100, 0) at <2113.052979, 54.869568, 3108.889648>
[COT 2024-02-14 05:40:05] 76561199108250772: Spawned Entity Gun Cleaning Kit (WeaponCleaningKit<60380170>, 100, 100, 0) at <2112.987549, 54.965916, 3108.807129>
[COT 2024-02-14 05:40:06] 76561199108250772: Spawned Entity Gun Cleaning Kit (WeaponCleaningKit<6037dec0>, 100, 100, 0) at <2112.916748, 55.068577, 3108.716797>
[COT 2024-02-14 05:40:07] 76561199108250772: Spawned Entity Gun Cleaning Kit (WeaponCleaningKit<6037c7a0>, 100, 100, 0) at <2112.848633, 55.159771, 3108.634766>
[COT 2024-02-14 05:40:14] 76561199108250772: Spawned Entity Gun Cleaning Kit (WeaponCleaningKit<60381890>, 100, 100, 0) at <2120.414063, 54.799999, 3084.911133>
[COT 2024-02-14 05:40:14] 76561199108250772: Spawned Entity Gun Cleaning Kit (WeaponCleaningKit<6037d330>, 100, 100, 0) at <2120.331787, 54.903107, 3084.917480>
[COT 2024-02-14 05:40:15] 76561199108250772: Spawned Entity Gun Cleaning Kit (WeaponCleaningKit<6037ea50>, 100, 100, 0) at <2120.251221, 55.005569, 3084.926270>
[COT 2024-02-14 05:40:15] 76561199108250772: Spawned Entity Gun Cleaning Kit (WeaponCleaningKit<6037b080>, 100, 100, 0) at <2120.166992, 55.108036, 3084.936523>
[COT 2024-02-14 05:42:30] 76561199108250772: Healed [guid=sotoW1_Nk-TTJiiIPsCtS3o5Fa1yZMPYUSJANQxS2rE=]
[COT 2024-02-14 05:42:33] 76561199108250772: Healed [guid=34grYJQ9r2wo1L8neGIz09ZgpCiXK_Fe8Cp4Z0ErlKE=]
[COT 2024-02-14 05:42:35] 76561199108250772: Healed [guid=aZuey8BZu5enttVf1frXEoSPxF2bH_OE61qSIaeu7J0=]
[COT 2024-02-14 05:42:37] 76561199108250772: Healed [guid=r2lUmFLKL-sI1uKdFopNx0EDhXQoZf7KY0E9WNMzn7w=]
[COT 2024-02-14 05:43:24] 76561199108250772: Spawned Entity Lighter (PetrolLighter<6037f5e0>, 20, 20, 0) at <2103.579102, 56.300007, 3098.665039>
[COT 2024-02-14 05:43:30] 76561199108250772: Entered the Free Camera
[COT 2024-02-14 05:43:36] 76561199108250772: Left the Free Camera
[COT 2024-02-14 05:43:46] 76561199108250772: Entered the Free Camera
[COT 2024-02-14 05:43:52] 76561199108250772: Left the Free Camera
[COT 2024-02-14 05:44:25] 76561199108250772: Spawned Entity Fireworks Launcher (FireworksLauncher<65bfc8a0>, 100, 30, 0) at <1923.194702, 54.799995, 2934.869141>
[COT 2024-02-14 05:44:56] 76561199108250772: Spawned Entity Snow Owl SSS (jmc_SnowOwl<66885220>, 100, 250, 0) at <1921.255615, 54.800003, 2934.822998>
[COT 2024-02-14 05:44:57] 76561199108250772: Spawned Entity Snow Owl SSS (jmc_SnowOwl<6688a080>, 100, 250, 0) at <1921.196167, 54.831062, 2934.811523>
[COT 2024-02-14 05:44:58] 76561199108250772: Spawned Entity Snow Owl SSS (jmc_SnowOwl<66888660>, 100, 250, 0) at <1921.153198, 54.860054, 2934.802246>
[COT 2024-02-14 05:44:59] 76561199108250772: Spawned Entity Snow Owl SSS (jmc_SnowOwl<6688ad90>, 100, 250, 0) at <1921.112305, 54.885780, 2934.792236>
[COT 2024-02-14 05:45:04] 76561199108250772: Entered the Free Camera
[COT 2024-02-14 05:45:10] 76561199108250772: Left the Free Camera
[COT 2024-02-14 05:45:28] 76561199108250772: Entered the Free Camera
[COT 2024-02-14 05:45:30] 76561199108250772: Left the Free Camera
[COT 2024-02-14 05:45:35] 76561199108250772: ESP: Viewing ESP
[COT 2024-02-14 05:45:39] 76561199108250772: ESP: Clearing ESP
[COT 2024-02-14 05:45:41] 76561199108250772: Entered the Free Camera
[COT 2024-02-14 05:45:55] 76561199108250772: Left the Free Camera
[COT 2024-02-14 06:04:02] 76561199108250772: Repaired Transport [guid=sotoW1_Nk-TTJiiIPsCtS3o5Fa1yZMPYUSJANQxS2rE=]
[COT 2024-02-14 06:05:30] 76561199108250772: Repaired Transport [guid=sotoW1_Nk-TTJiiIPsCtS3o5Fa1yZMPYUSJANQxS2rE=]
[COT 2024-02-14 06:06:35] 76561199108250772: Teleported to position <3987.560791, 24.776241, 1891.908691>
[COT 2024-02-14 06:08:02] 76561199108250772: Spawned Entity LandCruiser Wheel (LandCruiser_Wheel<611d60a0>, 100, 200, 0) at <3988.187988, 24.745060, 1888.094971>
[COT 2024-02-14 06:08:03] 76561199108250772: Spawned Entity LandCruiser Wheel (LandCruiser_Wheel<611d5510>, 100, 200, 0) at <3987.737793, 25.102205, 1887.812866>
[COT 2024-02-14 06:08:06] 76561199108250772: Spawned Entity LandCruiser Wheel (LandCruiser_Wheel<611d0fb0>, 100, 200, 0) at <3989.249756, 24.715714, 1887.986084>
[COT 2024-02-14 06:08:07] 76561199108250772: Spawned Entity LandCruiser Wheel (LandCruiser_Wheel<611d4980>, 100, 200, 0) at <3989.285400, 25.031338, 1887.457275>
