[COT 2024-02-04 23:34:05] 76561199108250772: Set the date to 2024/10/6 12:0
[COT 2024-02-04 23:34:05] 76561199108250772: Set rain to 0 0 0
[COT 2024-02-04 23:34:05] 76561199108250772: Set storm to 0 0.8 4000
[COT 2024-02-04 23:34:05] 76561199108250772: Set fog to 0 0 0
[COT 2024-02-04 23:34:05] 76561199108250772: Set overcast to 0 0 0
[COT 2024-02-04 23:34:05] 76561199108250772: Set wind to 0 0 1
[COT 2024-02-05 00:38:46] 76561199108250772: Set the date to 2024/10/6 12:0
[COT 2024-02-05 00:38:46] 76561199108250772: Set rain to 0 0 0
[COT 2024-02-05 00:38:46] 76561199108250772: Set storm to 0 0.8 4000
[COT 2024-02-05 00:38:46] 76561199108250772: Set fog to 0 0 0
[COT 2024-02-05 00:38:46] 76561199108250772: Set overcast to 0 0 0
[COT 2024-02-05 00:38:46] 76561199108250772: Set wind to 0 0 1
[COT 2024-02-05 01:04:12] 76561199108250772: Healed [guid=VsEWQWxzvcTpDLQgc9tVyxq5TiqDS9O3QehdBa_YkH8=]
[COT 2024-02-05 01:04:16] 76561199108250772: Healed [guid=OAdpPkJP2Ps_W7h2ttR1bK23ekHCzrxw0mDT3zqLMdU=]
[COT 2024-02-05 01:04:18] 76561199108250772: Healed [guid=KWl3ojgjStHOe3-iLRChpUG8crsNiNfei3BT6NCIfaw=]
[COT 2024-02-05 01:04:21] 76561199108250772: Healed [guid=Pk9FmI0iGIJV90L0o-uI7ivHc45DZnNcAVX3v1GVD5Y=]
[COT 2024-02-05 03:26:13] 76561199108250772: ESP: Viewing ESP
[COT 2024-02-05 03:26:26] 76561199108250772: ESP: Clearing ESP
[COT 2024-02-05 03:26:27] 76561199108250772: ESP: Viewing ESP
[COT 2024-02-05 03:26:40] 76561199108250772: Entered the Free Camera
[COT 2024-02-05 03:26:54] 76561199108250772: Left the Free Camera
[COT 2024-02-05 03:27:13] 76561199108250772: Spawned Entity Boxed Nails (NailBox<665b4780>, 100, 80, 0) at <4548.679199, 9.463881, 7883.077148>
[COT 2024-02-05 03:27:23] 76561199108250772: Spawned Entity Boxed Nails (NailBox<665b8150>, 100, 80, 0) at <4575.885254, 19.151207, 7914.199707>
[COT 2024-02-05 03:27:31] 76561199108250772: ESP: Clearing ESP
[COT 2024-02-05 03:27:32] 76561199108250772: ESP: ESP updating
[COT 2024-02-05 03:27:55] 76561199108250772: ESP index=0 target=NailBox:4350 position=<4548.679199, 9.495969, 7883.077148> action=delete
[COT 2024-02-05 03:27:55] 76561199108250772: ESP action=delete_all count=1 attempted=1
[COT 2024-02-05 03:28:03] 76561199108250772: Entered the Free Camera
[COT 2024-02-05 03:28:19] 76561199108250772: Left the Free Camera
[COT 2024-02-05 03:30:50] 76561199108250772: ESP: Clearing ESP
[COT 2024-02-05 03:30:54] 76561199108250772: ESP: Viewing ESP
[COT 2024-02-05 03:30:54] 76561199108250772: ESP: Clearing ESP
[COT 2024-02-05 03:33:16] 76561199108250772: ESP: Viewing ESP
[COT 2024-02-05 03:34:51] 76561199108250772: Entered the Free Camera
[COT 2024-02-05 03:35:04] 76561199108250772: Left the Free Camera
[COT 2024-02-05 03:36:56] 76561199108250772: Entered the Free Camera
[COT 2024-02-05 03:36:59] 76561199108250772: Left the Free Camera
[COT 2024-02-05 03:37:06] 76561199108250772: Entered the Free Camera
[COT 2024-02-05 03:37:09] 76561199108250772: Left the Free Camera
[COT 2024-02-05 03:49:12] 76561199108250772: Spawned Entity Compass (Compass<f3fc6880>, 100, 70, 0) at <6830.045898, 14.376192, 6785.194336>
[COT 2024-02-05 03:51:18] 76561199108250772: Spawned vehicle UAZ 469 Roofless (ExpansionUAZRoofless) at <6545.905273, 14.376173, 7027.427246>
[COT 2024-02-05 03:51:32] 76561199108250772: Set UnlimitedStamina To true [guid=VsEWQWxzvcTpDLQgc9tVyxq5TiqDS9O3QehdBa_YkH8=]
[COT 2024-02-05 03:51:37] 76561199108250772: Set UnlimitedStamina To true [guid=OAdpPkJP2Ps_W7h2ttR1bK23ekHCzrxw0mDT3zqLMdU=]
[COT 2024-02-05 03:51:41] 76561199108250772: Set UnlimitedStamina To true [guid=KWl3ojgjStHOe3-iLRChpUG8crsNiNfei3BT6NCIfaw=]
[COT 2024-02-05 03:54:14] 76561199108250772: Spawned Entity Rope (Rope<f3fe08c0>, 100, 200, 0) at <6446.457520, 15.741268, 6974.086426>
[COT 2024-02-05 03:54:20] 76561199108250772: Spawned Entity Short Stick (WoodenStick<f3fdc360>, 5, 50, 0) at <6446.452637, 15.772749, 6974.108887>
[COT 2024-02-05 03:54:40] 76561199108250772: Entered the Free Camera
[COT 2024-02-05 03:54:48] 76561199108250772: Left the Free Camera
[COT 2024-02-05 03:57:06] 76561199108250772: Spawned Entity Short Stick (WoodenStick<f3fe1450>, 5, 50, 0) at <6447.763184, 15.741269, 6973.326660>
[COT 2024-02-05 03:57:06] 76561199108250772: Spawned Entity Short Stick (WoodenStick<f3fdac40>, 5, 50, 0) at <6447.760742, 15.796601, 6973.283203>
[COT 2024-02-05 03:57:07] 76561199108250772: Spawned Entity Short Stick (WoodenStick<f3fe1fe0>, 5, 50, 0) at <6447.758789, 15.845633, 6973.244629>
[COT 2024-02-05 03:57:13] 76561199108250772: Spawned Entity Rope (Rope<f3fdb7d0>, 5, 200, 0) at <6447.489258, 15.741269, 6973.989746>
[COT 2024-02-05 03:57:14] 76561199108250772: Spawned Entity Rope (Rope<f3fe4e20>, 5, 200, 0) at <6447.492188, 15.772750, 6973.953125>
[COT 2024-02-05 03:57:14] 76561199108250772: Spawned Entity Rope (Rope<f3fe6540>, 5, 200, 0) at <6447.495605, 15.804231, 6973.916504>
[COT 2024-02-05 03:57:23] 76561199108250772: Spawned Entity Boxed Nails (NailBox<f3fe7c60>, 5, 80, 0) at <6447.165039, 15.741268, 6973.087402>
[COT 2024-02-05 03:57:23] 76561199108250772: Spawned Entity Boxed Nails (NailBox<f3fe9380>, 5, 80, 0) at <6447.208496, 15.917758, 6972.988281>
[COT 2024-02-05 03:57:23] 76561199108250772: Spawned Entity Boxed Nails (NailBox<f3fe59b0>, 5, 80, 0) at <6447.253418, 16.099106, 6972.885742>
[COT 2024-02-05 03:57:24] 76561199108250772: Spawned Entity Boxed Nails (NailBox<f3fe70d0>, 5, 80, 0) at <6447.298828, 16.283131, 6972.782227>
[COT 2024-02-05 03:57:24] 76561199108250772: Spawned Entity Boxed Nails (NailBox<f3fe87f0>, 5, 80, 0) at <6447.345703, 16.472445, 6972.675781>
[COT 2024-02-05 03:57:41] 76561199108250772: Spawned Entity Lumber (3m) (ExpansionLumber3<f3fe2b70>, 10, 100, 0) at <6449.998535, 15.741268, 6973.013672>
[COT 2024-02-05 03:57:44] 76561199108250772: Spawned Entity Lumber (3m) (ExpansionLumber3<f3fe9f10>, 10, 100, 0) at <6450.161621, 15.741267, 6971.726563>
[COT 2024-02-05 03:57:46] 76561199108250772: Spawned Entity Lumber (3m) (ExpansionLumber3<f3fe3700>, 10, 100, 0) at <6450.121582, 15.741273, 6974.728516>
[COT 2024-02-05 03:57:48] 76561199108250772: Spawned Entity Lumber (3m) (ExpansionLumber3<f3feaaa0>, 10, 100, 0) at <6449.645996, 15.741272, 6977.306641>
[COT 2024-02-05 03:57:50] 76561199108250772: Spawned Entity Lumber (3m) (ExpansionLumber3<f3fe4290>, 10, 100, 0) at <6450.178223, 15.741272, 6975.843262>
[COT 2024-02-05 03:57:54] 76561199108250772: Spawned Entity Lumber (3m) (ExpansionLumber3<f3feb630>, 10, 100, 0) at <6450.965820, 15.741268, 6973.679199>
[COT 2024-02-05 03:58:14] 76561199108250772: Spawned Entity Admin Hammer (Hammer<f3fec1c0>, 150, 100, 0) at <6447.140137, 15.741267, 6973.357422>
[COT 2024-02-05 04:06:26] 76561199108250772: Set the date to 2024/10/7 12:0
[COT 2024-02-05 04:06:27] 76561199108250772: Set rain to 0 0 0
[COT 2024-02-05 04:06:27] 76561199108250772: Set storm to 0 0.8 4000
[COT 2024-02-05 04:06:27] 76561199108250772: Set fog to 0 0 0
[COT 2024-02-05 04:06:27] 76561199108250772: Set overcast to 0 0 0
[COT 2024-02-05 04:06:27] 76561199108250772: Set wind to 0 0 1
[COT 2024-02-05 04:06:55] 76561199108250772: Spawned Entity Code Lock (ExpansionCodeLock<f3ffa900>, 100, 100, 0) at <6458.515137, 15.741268, 6978.069824>
[COT 2024-02-05 04:06:56] 76561199108250772: Spawned Entity Code Lock (ExpansionCodeLock<f3ff91e0>, 100, 100, 0) at <6458.509766, 15.762888, 6978.064453>
[COT 2024-02-05 04:07:31] 76561199108250772: Entered the Free Camera
[COT 2024-02-05 04:07:40] 76561199108250772: Left the Free Camera
[COT 2024-02-05 04:08:37] 76561199108250772: Entered the Free Camera
[COT 2024-02-05 04:08:43] 76561199108250772: Left the Free Camera
[COT 2024-02-05 04:09:32] 76561199108250772: Spawned Entity Lumber (3m) (ExpansionLumber3<59a4f150>, 10, 100, 0) at <6472.105957, 15.239193, 7003.291504>
[COT 2024-02-05 04:09:37] 76561199108250772: Spawned Entity Rope (Rope<59a51f90>, 10, 200, 0) at <6472.108887, 15.372899, 7003.204590>
[COT 2024-02-05 04:09:43] 76561199108250772: Spawned Entity Short Stick (WoodenStick<59a4b780>, 5, 50, 0) at <6472.109863, 15.404380, 7003.184082>
[COT 2024-02-05 04:10:39] 76561199108250772: Spawned Entity NVG Headstrap (NVGHeadstrap<59a51400>, 100, 200, 0) at <6472.165527, 15.182869, 7005.092285>
[COT 2024-02-05 04:11:31] 76561199108250772: Spawned Entity Admin Hammer (Hammer<59a51f90>, 100, 100, 0) at <6471.878418, 15.105824, 7007.423828>
[COT 2024-02-05 04:15:14] 76561199108250772: Set rain to 0 0 0
[COT 2024-02-05 04:15:14] 76561199108250772: Set storm to 0 0.8 4000
[COT 2024-02-05 04:15:14] 76561199108250772: Set fog to 0 0 0
[COT 2024-02-05 04:15:14] 76561199108250772: Set overcast to 0 0 0
[COT 2024-02-05 04:15:14] 76561199108250772: Set wind to 0 0 1
[COT 2024-02-05 04:15:14] 76561199108250772: Set the date to 2024/10/7 12:0
[COT 2024-02-05 04:18:15] 76561199108250772: Spawned Entity Code Lock (ExpansionCodeLock<66010b30>, 100, 100, 0) at <6465.764648, 15.642248, 6978.818848>
[COT 2024-02-05 04:18:15] 76561199108250772: Spawned Entity Code Lock (ExpansionCodeLock<6600a320>, 100, 100, 0) at <6465.749512, 15.662555, 6978.811523>
[COT 2024-02-05 04:18:16] 76561199108250772: Spawned Entity Code Lock (ExpansionCodeLock<66014500>, 100, 100, 0) at <6465.733398, 15.684175, 6978.804199>
[COT 2024-02-05 04:20:36] 76561199108250772: Spawned Entity Splitting Axe (WoodAxe<6603c0f0>, 100, 250, 0) at <6456.457031, 15.741268, 6972.230469>
[COT 2024-02-05 04:21:15] 76561199108250772: ESP: Clearing ESP
[COT 2024-02-05 04:21:16] 76561199108250772: ESP: Viewing ESP
[COT 2024-02-05 04:21:19] 76561199108250772: ESP: Clearing ESP
[COT 2024-02-05 04:21:20] 76561199108250772: ESP: Viewing ESP
[COT 2024-02-05 04:21:23] 76561199108250772: ESP index=0 target=ExpansionFloor6x6:9823 position=<6449.323242, 15.702235, 6982.318848> action=delete
[COT 2024-02-05 04:21:23] 76561199108250772: ESP action=delete_all count=1 attempted=1
[COT 2024-02-05 04:21:27] 76561199108250772: ESP: Clearing ESP
[COT 2024-02-05 04:22:08] 76561199108250772: ESP: Viewing ESP
[COT 2024-02-05 04:22:15] 76561199108250772: ESP index=0 target=ExpansionFloor6x6:4663 position=<6449.366211, 18.733795, 6982.895508> action=delete
[COT 2024-02-05 04:22:15] 76561199108250772: ESP index=1 target=ExpansionFloor6x6:6971 position=<6449.811035, 18.733795, 6976.912109> action=delete
[COT 2024-02-05 04:22:15] 76561199108250772: ESP index=2 target=ExpansionFloor6x6:5915 position=<6443.826660, 18.734737, 6976.467285> action=delete
[COT 2024-02-05 04:22:15] 76561199108250772: ESP index=3 target=ExpansionFloor6x6:4969 position=<6443.382324, 18.734266, 6982.450684> action=delete
[COT 2024-02-05 04:22:15] 76561199108250772: ESP action=delete_all count=4 attempted=4
[COT 2024-02-05 04:22:18] 76561199108250772: ESP index=0 target=Nail:9823 position=<6443.382324, 18.750931, 6982.450684> action=delete
[COT 2024-02-05 04:22:18] 76561199108250772: ESP index=1 target=WoodenPlank:7626 position=<6443.382324, 18.819248, 6982.450684> action=delete
[COT 2024-02-05 04:22:18] 76561199108250772: ESP action=delete_all count=2 attempted=2
[COT 2024-02-05 04:22:21] 76561199108250772: ESP: Clearing ESP
[COT 2024-02-05 04:32:15] 76561199108250772: Teleported to position <4016.810303, 3.480595, 3247.216797>
[COT 2024-02-05 04:32:42] 76561199108250772: Teleported to position <1075.702393, 32.640862, 6831.990723>
[COT 2024-02-05 04:33:05] 76561199108250772: Teleported to position <6470.797852, 15.747909, 6978.650391>
[COT 2024-02-05 04:33:22] 76561199108250772: Spawned Entity Canteen (Canteen<f4846510>, 1000, 100, 512) at <6466.043457, 15.643686, 6979.147949>
[COT 2024-02-05 04:33:22] 76561199108250772: Spawned Entity Canteen (Canteen<f4847120>, 1000, 100, 512) at <6466.068359, 15.913252, 6979.154785>
[COT 2024-02-05 04:34:03] 76561199108250772: Spawned Entity Barrel (Barrel_Green<64659020>, 200000, 1300, 512) at <6460.312012, 15.741270, 6975.107910>
[COT 2024-02-05 04:34:09] 76561199108250772: Spawned Entity Barrel (Barrel_Blue<6465be60>, 200000, 516, 512) at <6459.245605, 15.741268, 6975.034180>
[COT 2024-02-05 04:34:14] 76561199108250772: Spawned Entity Barrel (Barrel_Yellow<64625b30>, 200000, 279, 512) at <6457.946289, 15.741269, 6974.906738>
[COT 2024-02-05 04:34:16] 76561199108250772: Spawned Entity Barrel (Barrel_Yellow<64631fc0>, 200000, 279, 512) at <6456.835449, 15.741269, 6974.793457>
[COT 2024-02-05 04:34:19] 76561199108250772: Spawned Entity Barrel (Barrel_Yellow<6462f180>, 200000, 279, 512) at <6455.878418, 15.741269, 6974.688965>
[COT 2024-02-05 04:34:21] 76561199108250772: Spawned Entity Barrel (Barrel_Yellow<6462da60>, 200000, 279, 512) at <6454.843262, 15.741268, 6974.618164>
[COT 2024-02-05 04:37:45] 76561199108250772: Spawned Entity Rope (Rope<64639ef0>, 100, 200, 0) at <6444.868164, 15.953358, 6974.930664>
[COT 2024-02-05 04:37:46] 76561199108250772: Spawned Entity Rope (Rope<64634270>, 100, 200, 0) at <6444.856934, 15.984838, 6974.926270>
[COT 2024-02-05 04:37:53] 76561199108250772: Spawned Entity Short Stick (WoodenStick<64634e00>, 5, 50, 0) at <6444.845703, 16.016319, 6974.921387>
[COT 2024-02-05 04:37:53] 76561199108250772: Spawned Entity Short Stick (WoodenStick<6463aa80>, 5, 50, 0) at <6444.819824, 16.087595, 6974.911133>
[COT 2024-02-05 04:40:28] 76561199108250772: Spawned Entity Short Stick (WoodenStick<68b7bc00>, 5, 50, 0) at <6447.607910, 18.954992, 6977.364258>
[COT 2024-02-05 04:40:34] 76561199108250772: Spawned Entity Rope (Rope<68b7f5d0>, 5, 200, 0) at <6447.606445, 19.026842, 6977.371582>
[COT 2024-02-05 04:43:13] 76561199108250772: Entered the Free Camera
[COT 2024-02-05 04:43:16] 76561199108250772: Left the Free Camera
[COT 2024-02-05 04:43:54] 76561199108250772: Entered the Free Camera
[COT 2024-02-05 04:43:58] 76561199108250772: Left the Free Camera
[COT 2024-02-05 04:47:58] 76561199108250772: Spawned Entity Rope (Rope<68b94520>, 100, 200, 0) at <6447.227539, 18.954992, 6977.798828>
[COT 2024-02-05 04:48:08] 76561199108250772: Spawned Entity Short Stick (WoodenStick<68ba4f10>, 5, 50, 0) at <6447.228516, 18.986473, 6977.795410>
[COT 2024-02-05 04:50:56] 76561199108250772: Entered the Free Camera
[COT 2024-02-05 04:51:24] 76561199108250772: Left the Free Camera
[COT 2024-02-05 04:52:00] 76561199108250772: Set Broken Legs To true [guid=KWl3ojgjStHOe3-iLRChpUG8crsNiNfei3BT6NCIfaw=]
[COT 2024-02-05 04:52:08] 76561199108250772: Set Broken Legs To false [guid=KWl3ojgjStHOe3-iLRChpUG8crsNiNfei3BT6NCIfaw=]
[COT 2024-02-05 04:52:12] 76561199108250772: Healed [guid=KWl3ojgjStHOe3-iLRChpUG8crsNiNfei3BT6NCIfaw=]
[COT 2024-02-05 04:54:59] 76561199108250772: Healed [guid=OAdpPkJP2Ps_W7h2ttR1bK23ekHCzrxw0mDT3zqLMdU=]
[COT 2024-02-05 04:55:04] 76561199108250772: Entered the Free Camera
[COT 2024-02-05 04:55:11] 76561199108250772: Left the Free Camera
[COT 2024-02-05 04:56:28] 76561199108250772: Entered the Free Camera
[COT 2024-02-05 04:56:34] 76561199108250772: Left the Free Camera
