[COT 2024-02-16 05:26:33] 76561199108250772: Set GodMode To true [guid=OAdpPkJP2Ps_W7h2ttR1bK23ekHCzrxw0mDT3zqLMdU=]
[COT 2024-02-16 05:26:48] 76561199108250772: Set cannot be targeted by AI to true [guid=OAdpPkJP2Ps_W7h2ttR1bK23ekHCzrxw0mDT3zqLMdU=]
[COT 2024-02-16 05:26:49] 76561199108250772: Set UnlimitedStamina To true [guid=OAdpPkJP2Ps_W7h2ttR1bK23ekHCzrxw0mDT3zqLMdU=]
[COT 2024-02-16 05:26:49] 76561199108250772: Set UnlimitedAmmo To true [guid=OAdpPkJP2Ps_W7h2ttR1bK23ekHCzrxw0mDT3zqLMdU=]
[COT 2024-02-16 05:26:50] 76561199108250772: Set UnlimitedAmmo To true [guid=OAdpPkJP2Ps_W7h2ttR1bK23ekHCzrxw0mDT3zqLMdU=]
[COT 2024-02-16 05:26:52] 76561199108250772: Set Energy To 4691 [guid=OAdpPkJP2Ps_W7h2ttR1bK23ekHCzrxw0mDT3zqLMdU=]
[COT 2024-02-16 05:26:52] 76561199108250772: Set Water To 4757 [guid=OAdpPkJP2Ps_W7h2ttR1bK23ekHCzrxw0mDT3zqLMdU=]
[COT 2024-02-16 05:27:06] 76561199108250772: Teleported to position <4814.873535, 6.310000, 2273.139648>
[COT 2024-02-16 05:30:48] 76561199108250772: Teleported to position <1682.369751, 52.638084, 2969.487793>
[COT 2024-02-16 05:31:51] 76561199108250772: Entered the Free Camera
[COT 2024-02-16 05:31:59] 76561199108250772: Left the Free Camera
[COT 2024-02-16 05:32:03] 76561199108250772: ESP: Viewing ESP
[COT 2024-02-16 05:32:07] 76561199108250772: ESP: Clearing ESP
[COT 2024-02-16 05:32:07] 76561199108250772: ESP: Viewing ESP
[COT 2024-02-16 05:32:33] 76561199108250772: Entered the Free Camera
[COT 2024-02-16 05:32:39] 76561199108250772: Left the Free Camera
[COT 2024-02-16 05:34:21] 76561199108250772: Entered the Free Camera
[COT 2024-02-16 05:34:26] 76561199108250772: Left the Free Camera
[COT 2024-02-16 05:35:16] 76561199108250772: Set Invisibility To 1 [guid=OAdpPkJP2Ps_W7h2ttR1bK23ekHCzrxw0mDT3zqLMdU=]
[COT 2024-02-16 05:35:18] 76561199108250772: Entered the Free Camera
[COT 2024-02-16 05:35:20] 76561199108250772: Left the Free Camera
[COT 2024-02-16 05:35:29] 76561199108250772: Teleported to position <2029.641113, 63.729057, 6068.455078>
[COT 2024-02-16 05:35:35] 76561199108250772: Entered the Free Camera
[COT 2024-02-16 05:36:16] 76561199108250772: Left the Free Camera
[COT 2024-02-16 05:38:19] 76561199108250772: Teleported to position <1741.171509, 51.178669, 2906.772461>
[COT 2024-02-16 05:38:23] 76561199108250772: Teleported to position <1673.020874, 87.389999, 2607.986328>
[COT 2024-02-16 05:38:59] 76561199108250772: ESP: Clearing ESP
[COT 2024-02-16 05:39:56] 76561199108250772: Spawned Entity MMG Military Case Green (mmg_military_case_base<73704940>, 100, 2000, 0) at <1630.339722, 87.493202, 2593.628662>
[COT 2024-02-16 05:40:42] 76561199108250772: Spawned Entity MVS Rucksack - Black (MountainBag_ColorBase<80c138f0>, 1000, 300, 0) at <1630.464844, 87.493202, 2594.577637>
[COT 2024-02-16 05:40:49] 76561199108250772: Spawned Entity MVS Combat Belt - Multicam Black (Modular_Belt_Base<80c39230>, 1000, 100, 0) at <1629.857178, 87.493202, 2594.716797>
[COT 2024-02-16 05:40:58] 76561199108250772: Spawned Entity MVS Balaclava - Black (BalaclavaMask_ColorBase<80c41cf0>, 1000, 100, 0) at <1629.864746, 87.618614, 2594.759766>
[COT 2024-02-16 05:41:06] 76561199108250772: Spawned Entity MVS Combat Pants - Black (BDUPants<80c42880>, 1000, 100, 0) at <1629.864746, 87.618614, 2594.759766>
[COT 2024-02-16 05:41:09] 76561199108250772: Spawned Entity MVS Combat Shirt - Black (TacticalShirt_ColorBase<7c530ce0>, 1000, 100, 0) at <1629.887695, 88.003548, 2594.892090>
[COT 2024-02-16 05:41:41] 76561199108250772: Spawned Entity MVS Chestrig - Multicam Black (ModularChestRig_Base<7c5346b0>, 1000, 100, 0) at <1629.893188, 88.095840, 2594.923828>
[COT 2024-02-16 05:41:55] 76561199108250772: Spawned Entity MVS Warrior Helmet - Black (Mich2001Helmet<80c906c0>, 1000, 100, 0) at <1629.916138, 88.480774, 2595.055908>
[COT 2024-02-16 05:43:42] 76561199108250772: Spawned Entity Doc's Nightfoil M4 (DOC_M4_NIGHTFOIL<1e3a9fd0>, 100, 1200, 0) at <1629.994141, 87.493202, 2594.536865>
[COT 2024-02-16 05:43:59] 76561199108250772: Spawned Entity Standardized Suppressor (M4_Suppressor<80a34590>, 100, 12, 0) at <1629.895508, 87.493202, 2594.545166>
[COT 2024-02-16 05:44:06] 76561199108250772: Spawned Entity Gun Cleaning Kit (WeaponCleaningKit<80a32e70>, 100, 100, 0) at <1629.895386, 87.532417, 2594.551025>
[COT 2024-02-16 05:44:07] 76561199108250772: Spawned Entity Gun Cleaning Kit (WeaponCleaningKit<80a35cb0>, 100, 100, 0) at <1629.895142, 87.635071, 2594.565918>
[COT 2024-02-16 05:49:29] 76561199108250772: Spawned Entity Tripwire (TripwireTrap<66b3fc60>, 100, 50, 0) at <1630.922241, 87.493202, 2595.281250>
[COT 2024-02-16 05:49:29] 76561199108250772: Spawned Entity Tripwire (TripwireTrap<66b47a00>, 100, 50, 0) at <1630.858032, 87.576767, 2595.267090>
[COT 2024-02-16 05:49:37] 76561199108250772: Spawned Entity 8-M4 Flashbang (FlashGrenade<7b1939a0>, 100, 20, 0) at <1630.776245, 87.683395, 2595.248779>
[COT 2024-02-16 05:49:40] 76561199108250772: Spawned Entity 8-M4 Flashbang (FlashGrenade<7b1945b0>, 100, 20, 0) at <1630.727661, 87.746567, 2595.237793>
[COT 2024-02-16 05:50:57] 76561199108250772: Entered the Free Camera
[COT 2024-02-16 05:51:06] 76561199108250772: Left the Free Camera
[COT 2024-02-16 05:51:18] 76561199108250772: Spawned Entity Bear Trap (BearTrap<207e5040>, 100, 200, 0) at <1631.744995, 87.493202, 2595.543701>
[COT 2024-02-16 05:51:56] 76561199108250772: Spawned Entity Cow Jacket 1 (DOC_BOMBERJACKET_COW1<812a7eb0>, 100, 100, 0) at <1630.052612, 87.638817, 2597.052979>
[COT 2024-02-16 05:53:51] 76561199108250772: Teleported to position <1483.499268, 117.918442, 6394.756836>
[COT 2024-02-16 05:53:59] 76561199108250772: Entered the Free Camera
[COT 2024-02-16 05:54:02] 76561199108250772: Left the Free Camera
[COT 2024-02-16 05:54:19] 76561199108250772: Spawned Entity Tripwire (TripwireTrap<76d91da0>, 100, 50, 0) at <1524.960205, 116.517647, 6408.619629>
[COT 2024-02-16 05:54:20] 76561199108250772: Spawned Entity Tripwire (TripwireTrap<76d9b460>, 100, 50, 0) at <1524.399048, 117.020271, 6408.382324>
[COT 2024-02-16 05:54:20] 76561199108250772: Spawned Entity Tripwire (TripwireTrap<66b29ca0>, 100, 50, 0) at <1524.345703, 117.062218, 6408.363770>
[COT 2024-02-16 05:54:23] 76561199108250772: Spawned Entity Tripwire (TripwireTrap<66b33ff0>, 100, 50, 0) at <1524.973755, 116.441498, 6409.382324>
[COT 2024-02-16 05:54:23] 76561199108250772: Spawned Entity Tripwire (TripwireTrap<66b2db70>, 100, 50, 0) at <1524.970703, 116.449142, 6409.306152>
[COT 2024-02-16 05:54:24] 76561199108250772: Spawned Entity Tripwire (TripwireTrap<66b35910>, 100, 50, 0) at <1524.905518, 116.515694, 6409.272461>
[COT 2024-02-16 05:56:25] 76561199108250772: Spawned Entity Fire Barrel (BarrelHoles_Red<3b7f6ce0>, 100, 900, 0) at <1515.530518, 117.233269, 6403.079590>
[COT 2024-02-16 05:56:43] 76561199108250772: Spawned Entity Boxed Nails (NailBox<81542110>, 100, 80, 0) at <1515.208252, 117.332359, 6402.488281>
[COT 2024-02-16 05:56:44] 76561199108250772: Spawned Entity Boxed Nails (NailBox<80e3a2a0>, 100, 80, 0) at <1515.108276, 117.486572, 6402.516113>
[COT 2024-02-16 05:56:44] 76561199108250772: Spawned Entity Boxed Nails (NailBox<80e3b9c0>, 100, 80, 0) at <1515.007202, 117.656326, 6402.539551>
[COT 2024-02-16 05:56:45] 76561199108250772: Spawned Entity Boxed Nails (NailBox<80e42d60>, 100, 80, 0) at <1514.899292, 117.839706, 6402.563477>
[COT 2024-02-16 05:56:54] 76561199108250772: Spawned Entity BBP Crafting Book (BBP_Blueprint<80e3c550>, 100, 100, 0) at <1514.844971, 117.298538, 6402.775391>
[COT 2024-02-16 05:56:57] 76561199108250772: Spawned Entity BBP Workbench Kit (BBP_Workbench_Kit<7f7c5c70>, 100, 100, 0) at <1514.805542, 117.416855, 6402.770996>
[COT 2024-02-16 06:04:09] 76561199108250772: Set rain to 0 0 0
[COT 2024-02-16 06:04:09] 76561199108250772: Set storm to 0 0.8 4000
[COT 2024-02-16 06:04:09] 76561199108250772: Set fog to 0.100864 0 0
[COT 2024-02-16 06:04:09] 76561199108250772: Set overcast to 0.48345 0 0
[COT 2024-02-16 06:04:09] 76561199108250772: Set the date to 2024/10/2 4:19
[COT 2024-02-16 06:04:09] 76561199108250772: Set wind to 10.8111 10.8111 1
[COT 2024-02-16 06:04:41] 76561199108250772: Teleported to position <4844.658203, 9.649073, 2284.202148>
[COT 2024-02-16 06:10:01] 76561199108250772: Teleported to position <1161.399048, 5.281166, 5037.094238>
[COT 2024-02-16 06:11:45] 76561199108250772: Spawned Entity Tripwire (TripwireTrap<66b0f180>, 100, 50, 0) at <1152.481079, 5.594789, 5040.904297>
[COT 2024-02-16 06:11:46] 76561199108250772: Spawned Entity Tripwire (TripwireTrap<66b0cbd0>, 100, 50, 0) at <1152.444580, 5.694019, 5040.973633>
[COT 2024-02-16 06:12:42] 76561199108250772: Spawned Entity EGD-5 Frag Grenade (RGD5Grenade<1e62b960>, 100, 50, 0) at <1152.863770, 5.594789, 5040.395996>
[COT 2024-02-16 06:12:43] 76561199108250772: Spawned Entity EGD-5 Frag Grenade (RGD5Grenade<1e6258e0>, 100, 50, 0) at <1152.837524, 5.700983, 5040.438477>
[COT 2024-02-16 06:13:02] 76561199108250772: Spawned Entity Bear Trap (BearTrap<1e6301c0>, 100, 200, 0) at <1150.803833, 5.594789, 5044.258789>
[COT 2024-02-16 06:14:40] 76561199108250772: Spawned Entity Ruger556_MagPul (556x45) (M4A1_Base<5f3034b0>, 100, 200, 0) at <1155.539795, 5.594789, 5044.386230>
[COT 2024-02-16 06:17:12] 76561199108250772: Set GodMode To false [guid=OAdpPkJP2Ps_W7h2ttR1bK23ekHCzrxw0mDT3zqLMdU=]
[COT 2024-02-16 06:19:37] 76561199108250772: Healed [guid=OAdpPkJP2Ps_W7h2ttR1bK23ekHCzrxw0mDT3zqLMdU=]
[COT 2024-02-16 06:20:06] 76561199108250772: Spawned Entity Boxed 5.56x45mm Tracer Rounds (AmmoBox_556x45Tracer_20Rnd<9421fd0>, 100, 100, 0) at <1156.558838, 5.594790, 5043.713379>
[COT 2024-02-16 06:20:06] 76561199108250772: Spawned Entity Boxed 5.56x45mm Tracer Rounds (AmmoBox_556x45Tracer_20Rnd<9422b60>, 100, 100, 0) at <1156.573242, 5.614342, 5043.708984>
[COT 2024-02-16 06:20:06] 76561199108250772: Spawned Entity Boxed 5.56x45mm Tracer Rounds (AmmoBox_556x45Tracer_20Rnd<942b620>, 100, 100, 0) at <1156.589966, 5.633968, 5043.702637>
[COT 2024-02-16 06:20:07] 76561199108250772: Spawned Entity Boxed 5.56x45mm Tracer Rounds (AmmoBox_556x45Tracer_20Rnd<9429f00>, 100, 100, 0) at <1156.605835, 5.653595, 5043.693848>
[COT 2024-02-16 06:20:07] 76561199108250772: Spawned Entity Boxed 5.56x45mm Tracer Rounds (AmmoBox_556x45Tracer_20Rnd<9431e30>, 100, 100, 0) at <1156.620117, 5.673147, 5043.688477>
[COT 2024-02-16 06:28:36] 76561199108250772: Teleported [guid=aZuey8BZu5enttVf1frXEoSPxF2bH_OE61qSIaeu7J0=] to <1153.219971, 5.594751, 5042.634766>
[COT 2024-02-16 06:30:16] 76561199108250772: Spawned Entity Heat Pack (Heatpack<129ba550>, 100, 30, 0) at <1144.479736, 6.552077, 5041.871094>
[COT 2024-02-16 06:30:16] 76561199108250772: Spawned Entity Heat Pack (Heatpack<129c01d0>, 100, 30, 0) at <1144.483276, 6.550158, 5041.872070>
[COT 2024-02-16 06:30:17] 76561199108250772: Spawned Entity Heat Pack (Heatpack<129c0d60>, 100, 30, 0) at <1144.484009, 6.549891, 5041.872070>
[COT 2024-02-16 06:31:53] 76561199108250772: Teleported to position <4563.826660, 11.987155, 3370.281250>
[COT 2024-02-16 06:32:18] 76561199108250772: Teleported [guid=aZuey8BZu5enttVf1frXEoSPxF2bH_OE61qSIaeu7J0=] to <4589.234863, 15.505554, 3321.557861>
[COT 2024-02-16 06:33:02] 76561199108250772: Teleported to position <2596.430420, 60.151302, 2191.876953>
[COT 2024-02-16 06:33:08] 76561199108250772: Entered the Free Camera
[COT 2024-02-16 06:33:26] 76561199108250772: Left the Free Camera
[COT 2024-02-16 06:36:15] 76561199108250772: Spawned Entity Sea Chest (SeaChest<1b943280>, 100, 600, 0) at <2502.165283, 105.360207, 2094.674316>
[COT 2024-02-16 06:36:28] 76561199108250772: Spawned Entity Bandage (BandageDressing<145a2650>, 4, 50, 0) at <2502.734131, 105.360207, 2094.272217>
[COT 2024-02-16 06:36:28] 76561199108250772: Spawned Entity Bandage (BandageDressing<145a3d70>, 4, 50, 0) at <2502.735107, 105.360207, 2094.270996>
[COT 2024-02-16 06:36:35] 76561199108250772: Spawned Entity Multivitamin Pills (VitaminBottle<1459e0f0>, 50, 50, 0) at <2502.739258, 105.448967, 2094.231201>
[COT 2024-02-16 06:36:40] 76561199108250772: Spawned Entity Tetracycline Pills (TetracyclineAntibiotics<145a82d0>, 12, 30, 0) at <2502.749512, 105.592262, 2094.163086>
[COT 2024-02-16 06:36:47] 76561199108250772: Spawned Entity Alcoholic Tincture (DisinfectantAlcohol<97bccd0>, 200, 30, 0) at <2502.755859, 105.660980, 2094.131104>
[COT 2024-02-16 06:36:54] 76561199108250772: Spawned Entity Chlorine Tablets (PurificationTablets<7d7999b0>, 10, 30, 0) at <2502.768066, 105.786942, 2094.072510>
[COT 2024-02-16 06:36:56] 76561199108250772: Spawned Entity Codeine Pills (PainkillerTablets<7d79b0d0>, 12, 30, 0) at <2502.778564, 105.857674, 2094.041260>
[COT 2024-02-16 06:36:58] 76561199108250772: Spawned Entity Charcoal Tablets (CharcoalTablets<7d7948c0>, 12, 30, 0) at <2502.789307, 105.927994, 2094.003174>
[COT 2024-02-16 06:37:29] 76561199108250772: Spawned Entity MMG Raidsaw (Hacksaw<5fc6b30>, 100, 100, 0) at <2502.704834, 105.360207, 2093.899902>
[COT 2024-02-16 06:37:39] 76561199108250772: Spawned Entity MVS Sling Pack - Multicam Black (MountainBag_ColorBase<5fcded0>, 100, 300, 0) at <2502.718018, 105.430023, 2093.882813>
[COT 2024-02-16 06:43:18] 76561199108250772: Entered the Free Camera
[COT 2024-02-16 06:43:40] 76561199108250772: Left the Free Camera
[COT 2024-02-16 06:44:02] 76561199108250772: Teleported to position <6688.706055, 19.462973, 3725.752441>
[COT 2024-02-16 06:44:12] 76561199108250772: Entered the Free Camera
[COT 2024-02-16 06:44:45] 76561199108250772: Left the Free Camera
