[COT 2024-03-03 09:20:13] 76561199108250772: Set GodMode To true [guid=OAdpPkJP2Ps_W7h2ttR1bK23ekHCzrxw0mDT3zqLMdU=]
[COT 2024-03-03 09:20:15] 76561199108250772: Set BloodyHands To true [guid=OAdpPkJP2Ps_W7h2ttR1bK23ekHCzrxw0mDT3zqLMdU=]
[COT 2024-03-03 09:20:15] 76561199108250772: Set cannot be targeted by AI to true [guid=OAdpPkJP2Ps_W7h2ttR1bK23ekHCzrxw0mDT3zqLMdU=]
[COT 2024-03-03 09:20:18] 76561199108250772: Set UnlimitedStamina To true [guid=OAdpPkJP2Ps_W7h2ttR1bK23ekHCzrxw0mDT3zqLMdU=]
[COT 2024-03-03 09:20:20] 76561199108250772: Set UnlimitedAmmo To true [guid=OAdpPkJP2Ps_W7h2ttR1bK23ekHCzrxw0mDT3zqLMdU=]
[COT 2024-03-03 09:20:31] 76561199108250772: Set rain to 0 0 0
[COT 2024-03-03 09:20:31] 76561199108250772: Set storm to 0 0.8 4000
[COT 2024-03-03 09:20:31] 76561199108250772: Set fog to 0.0990842 0 0
[COT 2024-03-03 09:20:31] 76561199108250772: Set overcast to 0.0472441 0 0
[COT 2024-03-03 09:20:31] 76561199108250772: Set the date to 2024/10/20 7:54
[COT 2024-03-03 09:20:31] 76561199108250772: Set wind to 10.1273 10.1273 1
[COT 2024-03-03 09:20:52] 76561199108250772: Teleported to position <4317.264648, 5.899475, 5058.321289>
[COT 2024-03-03 09:21:11] 76561199108250772: Spawned Entity Nissan warrior (Nissan_warrior<91e56c80>, 100, 20000, 0) at <4311.317871, 5.962118, 5053.787109>
[COT 2024-03-03 09:21:35] 76561199108250772: Spawned Entity Keys (ExpansionCarKey<1e8c8410>, 100, 100, 0) at <4309.706543, 5.963914, 5053.745605>
[COT 2024-03-03 09:24:28] 76561199108250772: Healed [guid=HQAtXFe6fZZL90M2CD_a22otF9NJ2s4t7n-ol5BAu6o=]
[COT 2024-03-03 09:26:02] 76561199108250772: Spawned Entity Boxed Nails (NailBox<dbffc30>, 99, 80, 0) at <4307.962402, 5.964393, 5054.048340>
[COT 2024-03-03 09:31:53] 76561199108250772: Teleported to position <6468.515625, 28.839108, 3822.619141>
[COT 2024-03-03 09:32:03] 76561199108250772: ESP: Viewing ESP
[COT 2024-03-03 09:32:09] 76561199108250772: ESP: Clearing ESP
[COT 2024-03-03 09:32:09] 76561199108250772: ESP: Viewing ESP
[COT 2024-03-03 09:32:18] 76561199108250772: Entered the Free Camera
[COT 2024-03-03 09:32:28] 76561199108250772: Left the Free Camera
[COT 2024-03-03 09:32:36] 76561199108250772: ESP: Clearing ESP
[COT 2024-03-03 09:32:36] 76561199108250772: ESP: Viewing ESP
[COT 2024-03-03 09:33:30] 76561199108250772: Teleported to <4312.967773, 5.995516, 5051.156738> [guid=HQAtXFe6fZZL90M2CD_a22otF9NJ2s4t7n-ol5BAu6o=]
[COT 2024-03-03 09:34:23] 76561199108250772: Spawned Entity Boxed 5.56x45mm Tracer Rounds (AmmoBox_556x45Tracer_20Rnd<219b61d0>, 100, 100, 0) at <4313.079102, 5.976417, 5051.519531>
[COT 2024-03-03 09:36:57] 76561199108250772: Set the date to 2024/10/20 12:0
[COT 2024-03-03 09:36:58] 76561199108250772: Set rain to 0 0 0
[COT 2024-03-03 09:36:58] 76561199108250772: Set storm to 0 0.8 4000
[COT 2024-03-03 09:36:58] 76561199108250772: Set fog to 0 0 0
[COT 2024-03-03 09:36:58] 76561199108250772: Set overcast to 0 0 0
[COT 2024-03-03 09:36:58] 76561199108250772: Set wind to 0 0 1
[COT 2024-03-03 09:48:32] 76561199108250772: Spawned Entity BBP Crafting Book (BBP_Blueprint<21cf19d0>, 100, 100, 0) at <4306.026855, 5.971381, 5046.527832>
[COT 2024-03-03 09:49:03] 76561199108250772: Spawned Entity Sea Chest (SeaChest<21b63fc0>, 100, 600, 0) at <4309.683105, 5.985062, 5048.363281>
