[COT 2024-02-14 03:35:12] 76561199108250772: Teleported to position <4843.698242, 6.310000, 2257.714355>
[COT 2024-02-14 03:37:36] 76561199108250772: Spawned Entity Barrel (Barrel_Red<ecd07c10>, 200000, 1300, 512) at <4839.685059, 6.398650, 2233.059814>
[COT 2024-02-14 03:37:56] 76561199108250772: Spawned Entity Splitting Axe (WoodAxe<dd387d10>, 100, 250, 0) at <4837.812500, 6.398650, 2232.007324>
[COT 2024-02-14 03:38:26] 76561199108250772: Spawned Entity Bandage (BandageDressing<dd39cc60>, 4, 50, 0) at <4838.232422, 6.398650, 2232.890869>
[COT 2024-02-14 03:38:27] 76561199108250772: Spawned Entity Bandage (BandageDressing<dd396fe0>, 4, 50, 0) at <4838.200684, 6.487464, 2232.871582>
[COT 2024-02-14 03:38:27] 76561199108250772: Spawned Entity Bandage (BandageDressing<dd39faa0>, 4, 50, 0) at <4838.168457, 6.576228, 2232.852539>
[COT 2024-02-14 03:38:28] 76561199108250772: Spawned Entity Bandage (BandageDressing<dd39d7f0>, 4, 50, 0) at <4838.137207, 6.664117, 2232.833496>
[COT 2024-02-14 03:38:28] 76561199108250772: Spawned Entity Bandage (BandageDressing<dd39e380>, 4, 50, 0) at <4838.105469, 6.751595, 2232.814697>
[COT 2024-02-14 03:38:28] 76561199108250772: Spawned Entity Bandage (BandageDressing<dd39ef10>, 4, 50, 0) at <4838.073730, 6.840359, 2232.795410>
[COT 2024-02-14 03:39:10] 76561199108250772: Spawned Entity Multivitamin Pills (VitaminBottle<dd399290>, 50, 50, 0) at <4838.264160, 6.398649, 2232.835693>
[COT 2024-02-14 03:39:10] 76561199108250772: Spawned Entity Multivitamin Pills (VitaminBottle<dd3a62b0>, 50, 50, 0) at <4838.210449, 6.552153, 2232.810791>
[COT 2024-02-14 03:39:10] 76561199108250772: Spawned Entity Multivitamin Pills (VitaminBottle<dd3a0630>, 50, 50, 0) at <4838.158691, 6.699419, 2232.786865>
[COT 2024-02-14 03:39:11] 76561199108250772: Spawned Entity Multivitamin Pills (VitaminBottle<dd3a28e0>, 50, 50, 0) at <4838.105957, 6.850858, 2232.762207>
[COT 2024-02-14 03:39:11] 76561199108250772: Spawned Entity Multivitamin Pills (VitaminBottle<dd3a4b90>, 50, 50, 0) at <4838.053223, 7.001135, 2232.737793>
[COT 2024-02-14 03:39:12] 76561199108250772: Spawned Entity Multivitamin Pills (VitaminBottle<dd3a5720>, 50, 50, 0) at <4838.001465, 7.149114, 2232.713867>
[COT 2024-02-14 03:39:39] 76561199108250772: Spawned Entity Tetracycline Pills (TetracyclineAntibiotics<dd3a3470>, 12, 30, 0) at <4838.154785, 6.398650, 2232.790283>
[COT 2024-02-14 03:39:39] 76561199108250772: Spawned Entity Tetracycline Pills (TetracyclineAntibiotics<dd3a79d0>, 12, 30, 0) at <4838.125977, 6.467370, 2232.779785>
[COT 2024-02-14 03:39:39] 76561199108250772: Spawned Entity Tetracycline Pills (TetracyclineAntibiotics<dd3a11c0>, 12, 30, 0) at <4838.097168, 6.536091, 2232.769043>
[COT 2024-02-14 03:39:40] 76561199108250772: Spawned Entity Tetracycline Pills (TetracyclineAntibiotics<dd3a1d50>, 12, 30, 0) at <4838.068359, 6.604811, 2232.758301>
[COT 2024-02-14 03:39:40] 76561199108250772: Spawned Entity Tetracycline Pills (TetracyclineAntibiotics<dd3a6e40>, 12, 30, 0) at <4838.039551, 6.673532, 2232.747559>
[COT 2024-02-14 03:39:41] 76561199108250772: Spawned Entity Tetracycline Pills (TetracyclineAntibiotics<dd3a8560>, 12, 30, 0) at <4838.011230, 6.742253, 2232.736816>
[COT 2024-02-14 03:40:07] 76561199108250772: Spawned Entity Alcoholic Tincture (DisinfectantAlcohol<dd3a90f0>, 200, 30, 0) at <4838.213867, 6.398650, 2232.982666>
[COT 2024-02-14 03:40:08] 76561199108250772: Spawned Entity Alcoholic Tincture (DisinfectantAlcohol<dd3a9c80>, 200, 30, 0) at <4838.157227, 6.571800, 2232.970703>
[COT 2024-02-14 03:40:08] 76561199108250772: Spawned Entity Alcoholic Tincture (DisinfectantAlcohol<dd3aa810>, 200, 30, 0) at <4838.098145, 6.752074, 2232.958496>
[COT 2024-02-14 03:40:09] 76561199108250772: Spawned Entity Alcoholic Tincture (DisinfectantAlcohol<dd3a4000>, 200, 30, 0) at <4838.042969, 6.919812, 2232.947021>
[COT 2024-02-14 03:40:09] 76561199108250772: Spawned Entity Alcoholic Tincture (DisinfectantAlcohol<dd3ab3a0>, 200, 30, 0) at <4837.983887, 7.099821, 2232.934570>
[COT 2024-02-14 03:40:09] 76561199108250772: Spawned Entity Alcoholic Tincture (DisinfectantAlcohol<dd3abf30>, 200, 30, 0) at <4837.929199, 7.265934, 2232.923096>
[COT 2024-02-14 03:42:40] 76561199108250772: Spawned Entity MMG Gear Stand (mmg_gear_stand_base<dbd699a0>, 100, 2000, 0) at <4821.771484, 12.347507, 2304.368652>
[COT 2024-02-14 03:42:47] 76561199108250772: Spawned Entity MMG Gear Stand (mmg_gear_stand_base<de51b650>, 100, 2000, 0) at <4820.688477, 12.347508, 2305.473877>
[COT 2024-02-14 03:46:11] 76561199108250772: Spawned Entity Canteen (Canteen<de1bfa10>, 1000, 100, 512) at <4864.825195, 11.299755, 2300.492432>
[COT 2024-02-14 03:46:14] 76561199108250772: Spawned Entity Canteen (Canteen<de1ba5a0>, 1000, 100, 512) at <4864.981445, 11.299755, 2300.180664>
[COT 2024-02-14 03:46:18] 76561199108250772: Spawned Entity Canteen (Canteen<de1b4520>, 1000, 100, 512) at <4865.183105, 11.299754, 2299.824463>
[COT 2024-02-14 03:46:31] 76561199108250772: Spawned Entity Canned Bacon (TacticalBaconCan<de536220>, 100, 100, 0) at <4868.657227, 10.905943, 2289.277344>
[COT 2024-02-14 03:46:36] 76561199108250772: Spawned Entity Canned Bacon (TacticalBaconCan<de53bea0>, 100, 100, 0) at <4868.390625, 10.905943, 2289.329102>
[COT 2024-02-14 03:46:38] 76561199108250772: Spawned Entity Canned Bacon (TacticalBaconCan<de53e150>, 100, 100, 0) at <4868.031250, 10.905942, 2289.571777>
[COT 2024-02-14 03:46:44] 76561199108250772: Spawned Entity Canned Bacon (TacticalBaconCan<de537940>, 100, 100, 0) at <4867.698730, 10.905943, 2289.666748>
[COT 2024-02-14 03:50:57] 76561199108250772: Spawned Entity Sea Chest (SeaChest<e0701c60>, 100, 600, 0) at <4886.466309, 9.415079, 2286.302002>
[COT 2024-02-14 03:51:01] 76561199108250772: Spawned Entity Sea Chest (SeaChest<e06fb450>, 100, 600, 0) at <4887.306152, 9.415079, 2283.729004>
[COT 2024-02-14 03:51:06] 76561199108250772: Spawned Entity Sea Chest (SeaChest<e06fcb70>, 100, 600, 0) at <4883.575195, 9.415079, 2283.003662>
[COT 2024-02-14 03:51:11] 76561199108250772: Spawned Entity Sea Chest (SeaChest<e07027f0>, 100, 600, 0) at <4882.351563, 9.415079, 2286.808594>
[COT 2024-02-14 03:51:25] 76561199108250772: Spawned Entity M4-A1 (M4A1_Base<db184e30>, 100, 200, 0) at <4886.689941, 9.415079, 2285.373535>
[COT 2024-02-14 03:51:27] 76561199108250772: Spawned Entity M4-A1 (M4A1_Base<db1819f0>, 100, 200, 0) at <4886.692383, 9.510835, 2285.358887>
[COT 2024-02-14 03:51:29] 76561199108250772: Spawned Entity M4-A1 (M4A1_Base<db182700>, 100, 200, 0) at <4886.694336, 9.606171, 2285.343994>
[COT 2024-02-14 03:51:29] 76561199108250772: Spawned Entity M4-A1 (M4A1_Base<db183410>, 100, 200, 0) at <4886.696289, 9.696606, 2285.330078>
[COT 2024-02-14 03:51:57] 76561199108250772: Spawned Entity BBP Workbench Kit (BBP_Workbench_Kit<e0718e60>, 100, 100, 0) at <4884.005371, 9.415079, 2282.759033>
[COT 2024-02-14 03:51:58] 76561199108250772: Spawned Entity BBP Workbench Kit (BBP_Workbench_Kit<e0716bb0>, 100, 100, 0) at <4884.147949, 9.775538, 2282.861328>
[COT 2024-02-14 03:51:58] 76561199108250772: Spawned Entity BBP Workbench Kit (BBP_Workbench_Kit<e07182d0>, 100, 100, 0) at <4884.295410, 10.148089, 2282.967041>
[COT 2024-02-14 03:51:59] 76561199108250772: Spawned Entity BBP Workbench Kit (BBP_Workbench_Kit<e0717740>, 100, 100, 0) at <4884.438477, 10.508664, 2283.069336>
[COT 2024-02-14 03:52:18] 76561199108250772: Spawned Entity Boxed Nails (NailBox<e07199f0>, 100, 80, 0) at <4884.434570, 9.415079, 2283.174072>
[COT 2024-02-14 03:52:19] 76561199108250772: Spawned Entity Boxed Nails (NailBox<68149d00>, 100, 80, 0) at <4884.527344, 9.613331, 2283.201660>
[COT 2024-02-14 03:52:19] 76561199108250772: Spawned Entity Boxed Nails (NailBox<e0f14ea0>, 100, 80, 0) at <4884.620605, 9.812748, 2283.229248>
[COT 2024-02-14 03:52:20] 76561199108250772: Spawned Entity Boxed Nails (NailBox<e0f18870>, 100, 80, 0) at <4884.123535, 9.415079, 2282.798340>
[COT 2024-02-14 03:52:21] 76561199108250772: Spawned Entity Boxed Nails (NailBox<e0f17ce0>, 100, 80, 0) at <4884.228516, 9.577978, 2282.853027>
[COT 2024-02-14 03:52:21] 76561199108250772: Spawned Entity Boxed Nails (NailBox<e0f13780>, 100, 80, 0) at <4884.344238, 9.757594, 2282.913818>
[COT 2024-02-14 03:52:23] 76561199108250772: Spawned Entity Boxed Nails (NailBox<e0f14310>, 100, 80, 0) at <4883.724609, 9.415079, 2282.391113>
[COT 2024-02-14 03:52:23] 76561199108250772: Spawned Entity Boxed Nails (NailBox<e0f165c0>, 100, 80, 0) at <4883.829590, 9.533844, 2282.458984>
[COT 2024-02-14 03:52:23] 76561199108250772: Spawned Entity Boxed Nails (NailBox<e0f12060>, 100, 80, 0) at <4883.934082, 9.651638, 2282.526367>
[COT 2024-02-14 03:52:42] 76561199108250772: Spawned Entity Boxed Nails (NailBox<e0f15a30>, 100, 80, 0) at <4884.523926, 9.415079, 2283.065674>
[COT 2024-02-14 03:52:42] 76561199108250772: Spawned Entity Boxed Nails (NailBox<e0f17150>, 100, 80, 0) at <4884.616699, 9.540651, 2283.109863>
[COT 2024-02-14 03:52:42] 76561199108250772: Spawned Entity Boxed Nails (NailBox<e0f19400>, 100, 80, 0) at <4884.740234, 9.708679, 2283.169189>
[COT 2024-02-14 03:52:44] 76561199108250772: Spawned Entity Boxed Nails (NailBox<e0f1f080>, 100, 80, 0) at <4884.168457, 9.415079, 2282.850098>
[COT 2024-02-14 03:52:45] 76561199108250772: Spawned Entity Boxed Nails (NailBox<e0f12bf0>, 100, 80, 0) at <4884.274902, 9.526525, 2282.903809>
[COT 2024-02-14 03:52:45] 76561199108250772: Spawned Entity Boxed Nails (NailBox<e0f1cdd0>, 100, 80, 0) at <4884.374023, 9.630272, 2282.953857>
[COT 2024-02-14 03:52:46] 76561199108250772: Spawned Entity Boxed Nails (NailBox<e0f207a0>, 100, 80, 0) at <4883.737305, 9.415079, 2282.380859>
[COT 2024-02-14 03:52:47] 76561199108250772: Spawned Entity Boxed Nails (NailBox<e0f1ab20>, 100, 80, 0) at <4883.830078, 9.491800, 2282.438477>
[COT 2024-02-14 03:52:47] 76561199108250772: Spawned Entity Boxed Nails (NailBox<e0f1fc10>, 100, 80, 0) at <4883.945313, 9.586899, 2282.510010>
[COT 2024-02-14 03:53:15] 76561199108250772: Spawned Entity BBP Crafting Book (BBP_Blueprint<e0f1e4f0>, 4, 100, 0) at <4884.100098, 9.415079, 2282.753174>
[COT 2024-02-14 03:53:16] 76561199108250772: Spawned Entity BBP Crafting Book (BBP_Blueprint<e0f19f90>, 4, 100, 0) at <4884.160645, 9.534101, 2282.781982>
[COT 2024-02-14 03:53:16] 76561199108250772: Spawned Entity BBP Crafting Book (BBP_Blueprint<e0f21330>, 4, 100, 0) at <4884.222656, 9.655492, 2282.811035>
[COT 2024-02-14 03:53:17] 76561199108250772: Spawned Entity BBP Crafting Book (BBP_Blueprint<e0f1d960>, 4, 100, 0) at <4884.284668, 9.776333, 2282.840332>
[COT 2024-02-14 03:53:43] 76561199108250772: Spawned Entity Hammer (Hammer<e0f1b6b0>, 100, 100, 0) at <4882.941406, 9.415079, 2287.102295>
[COT 2024-02-14 03:53:44] 76561199108250772: Spawned Entity Hammer (Hammer<e0f1c240>, 100, 100, 0) at <4882.984863, 9.511866, 2287.091797>
[COT 2024-02-14 03:53:44] 76561199108250772: Spawned Entity Hammer (Hammer<e0f26420>, 100, 100, 0) at <4883.028320, 9.608620, 2287.081543>
[COT 2024-02-14 03:53:44] 76561199108250772: Spawned Entity Hammer (Hammer<e0f27b40>, 100, 100, 0) at <4883.071289, 9.705359, 2287.071045>
[COT 2024-02-14 03:53:45] 76561199108250772: Spawned Entity Hammer (Hammer<e0f26fb0>, 100, 100, 0) at <4883.114746, 9.802132, 2287.060791>
[COT 2024-02-14 03:53:45] 76561199108250772: Spawned Entity Hammer (Hammer<e0f21ec0>, 100, 100, 0) at <4883.157715, 9.898239, 2287.050537>
[COT 2024-02-14 03:53:46] 76561199108250772: Spawned Entity Hammer (Hammer<e0f286d0>, 100, 100, 0) at <4883.200684, 9.994291, 2287.040283>
[COT 2024-02-14 03:53:46] 76561199108250772: Spawned Entity Hammer (Hammer<e0f24d00>, 100, 100, 0) at <4883.244141, 10.090739, 2287.029785>
[COT 2024-02-14 03:53:47] 76561199108250772: Spawned Entity Hammer (Hammer<e0f25890>, 100, 100, 0) at <4883.287109, 10.186913, 2287.019531>
[COT 2024-02-14 03:53:47] 76561199108250772: Spawned Entity Hammer (Hammer<e0f24170>, 100, 100, 0) at <4883.330566, 10.283957, 2287.009033>
[COT 2024-02-14 03:54:14] 76561199108250772: Spawned Entity Hand Saw (HandSaw<e0f29260>, 100, 100, 0) at <4882.847168, 9.415079, 2287.056641>
[COT 2024-02-14 03:54:15] 76561199108250772: Spawned Entity Hand Saw (HandSaw<e0f22a50>, 100, 100, 0) at <4882.873047, 9.475270, 2287.054443>
[COT 2024-02-14 03:54:15] 76561199108250772: Spawned Entity Hand Saw (HandSaw<e0f29df0>, 100, 100, 0) at <4882.899414, 9.535453, 2287.052246>
[COT 2024-02-14 03:54:15] 76561199108250772: Spawned Entity Hand Saw (HandSaw<e0f235e0>, 100, 100, 0) at <4882.925781, 9.595636, 2287.050049>
[COT 2024-02-14 03:54:16] 76561199108250772: Spawned Entity Hand Saw (HandSaw<e0f2c0a0>, 100, 100, 0) at <4882.951660, 9.655819, 2287.047852>
[COT 2024-02-14 03:54:16] 76561199108250772: Spawned Entity Hand Saw (HandSaw<e0f2a980>, 100, 100, 0) at <4882.978027, 9.716002, 2287.045654>
[COT 2024-02-14 03:54:17] 76561199108250772: Spawned Entity Hand Saw (HandSaw<e0f2d7c0>, 100, 100, 0) at <4883.004395, 9.776192, 2287.043457>
[COT 2024-02-14 03:54:17] 76561199108250772: Spawned Entity Hand Saw (HandSaw<e0f2fa70>, 100, 100, 0) at <4883.030273, 9.836374, 2287.041260>
[COT 2024-02-14 03:55:05] 76561199108250772: Spawned Entity MMG SupplyCrate Unfinished Grey (mmg_storage_openable_noLock_base<e0f2b510>, 100, 2000, 0) at <4891.876953, 9.415079, 2285.178467>
[COT 2024-02-14 03:55:17] 76561199108250772: Spawned Entity Splitting Axe (WoodAxe<e0f2eee0>, 100, 250, 0) at <4890.968750, 9.415079, 2285.087891>
[COT 2024-02-14 03:55:18] 76561199108250772: Spawned Entity Splitting Axe (WoodAxe<e0f328b0>, 100, 250, 0) at <4890.956055, 9.527182, 2285.162109>
[COT 2024-02-14 03:55:18] 76561199108250772: Spawned Entity Splitting Axe (WoodAxe<e0f2e350>, 100, 250, 0) at <4890.943359, 9.635737, 2285.234131>
[COT 2024-02-14 03:55:19] 76561199108250772: Spawned Entity Splitting Axe (WoodAxe<e0f30600>, 100, 250, 0) at <4890.930176, 9.751208, 2285.310791>
[COT 2024-02-14 03:55:19] 76561199108250772: Spawned Entity Splitting Axe (WoodAxe<e0f31190>, 100, 250, 0) at <4890.917480, 9.863310, 2285.385254>
[COT 2024-02-14 03:55:20] 76561199108250772: Spawned Entity Splitting Axe (WoodAxe<e0f31d20>, 100, 250, 0) at <4890.904785, 9.975411, 2285.459473>
[COT 2024-02-14 03:55:20] 76561199108250772: Spawned Entity Splitting Axe (WoodAxe<e0f33440>, 100, 250, 0) at <4890.892090, 10.087513, 2285.533936>
[COT 2024-02-14 03:55:21] 76561199108250772: Spawned Entity Splitting Axe (WoodAxe<e0f2cc30>, 100, 250, 0) at <4890.878906, 10.202984, 2285.610596>
[COT 2024-02-14 03:55:21] 76561199108250772: Spawned Entity Splitting Axe (WoodAxe<e0f36280>, 100, 250, 0) at <4890.865723, 10.318456, 2285.687012>
[COT 2024-02-14 03:55:49] 76561199108250772: Spawned Entity MMG Metal Crate Yellow (mmg_storage_openable_noLock_base<e0f356f0>, 100, 2000, 0) at <4891.780762, 9.415079, 2287.829590>
[COT 2024-02-14 03:56:08] 76561199108250772: Spawned Entity Sharpening Stone (Whetstone<e0f36e10>, 100, 50, 0) at <4890.963379, 9.415079, 2287.615967>
[COT 2024-02-14 03:56:08] 76561199108250772: Spawned Entity Sharpening Stone (Whetstone<e0f34b60>, 100, 50, 0) at <4890.947266, 9.472474, 2287.608154>
[COT 2024-02-14 03:56:08] 76561199108250772: Spawned Entity Sharpening Stone (Whetstone<e0f379a0>, 100, 50, 0) at <4890.930664, 9.530394, 2287.600098>
[COT 2024-02-14 03:56:08] 76561199108250772: Spawned Entity Sharpening Stone (Whetstone<e0f38530>, 100, 50, 0) at <4890.914551, 9.588262, 2287.592041>
[COT 2024-02-14 03:56:09] 76561199108250772: Spawned Entity Sharpening Stone (Whetstone<e0f3a7e0>, 100, 50, 0) at <4890.897949, 9.645722, 2287.583984>
[COT 2024-02-14 03:56:09] 76561199108250772: Spawned Entity Sharpening Stone (Whetstone<e0f390c0>, 100, 50, 0) at <4890.881836, 9.703590, 2287.575928>
[COT 2024-02-14 03:56:09] 76561199108250772: Spawned Entity Sharpening Stone (Whetstone<e0f39c50>, 100, 50, 0) at <4890.865723, 9.761053, 2287.567871>
[COT 2024-02-14 03:56:09] 76561199108250772: Spawned Entity Sharpening Stone (Whetstone<e0f33fd0>, 100, 50, 0) at <4890.849121, 9.818933, 2287.559814>
[COT 2024-02-14 03:56:09] 76561199108250772: Spawned Entity Sharpening Stone (Whetstone<e0f3b370>, 100, 50, 0) at <4890.833008, 9.876675, 2287.551758>
[COT 2024-02-14 03:56:09] 76561199108250772: Spawned Entity Sharpening Stone (Whetstone<e0f3ca90>, 100, 50, 0) at <4890.833008, 9.876746, 2287.551758>
[COT 2024-02-14 03:56:10] 76561199108250772: Spawned Entity Sharpening Stone (Whetstone<e0f3f8d0>, 100, 50, 0) at <4890.816406, 9.934253, 2287.543945>
[COT 2024-02-14 03:56:55] 76561199108250772: Set the date to 2024/10/8 12:0
[COT 2024-02-14 03:56:55] 76561199108250772: Set rain to 0 0 0
[COT 2024-02-14 03:56:55] 76561199108250772: Set storm to 0 0.8 4000
[COT 2024-02-14 03:56:55] 76561199108250772: Set fog to 0 0 0
[COT 2024-02-14 03:56:55] 76561199108250772: Set overcast to 0 0 0
[COT 2024-02-14 03:56:55] 76561199108250772: Set wind to 0 0 1
[COT 2024-02-14 03:57:22] 76561199108250772: Spawned Entity Code Lock (ExpansionCodeLock<e0f3ed40>, 100, 100, 0) at <4891.250000, 9.415079, 2287.819092>
[COT 2024-02-14 03:57:23] 76561199108250772: Spawned Entity Code Lock (ExpansionCodeLock<e0f3f8d0>, 100, 100, 0) at <4891.243652, 9.436699, 2287.812256>
[COT 2024-02-14 03:57:25] 76561199108250772: Spawned Entity Code Lock (ExpansionCodeLock<e0f449c0>, 100, 100, 0) at <4891.236816, 9.458319, 2287.805664>
[COT 2024-02-14 03:57:26] 76561199108250772: Spawned Entity Code Lock (ExpansionCodeLock<e0f40ff0>, 100, 100, 0) at <4891.230469, 9.479939, 2287.798828>
[COT 2024-02-14 03:57:26] 76561199108250772: Spawned Entity Code Lock (ExpansionCodeLock<e0f40460>, 100, 100, 0) at <4891.224121, 9.500245, 2287.792725>
[COT 2024-02-14 03:57:27] 76561199108250772: Spawned Entity Code Lock (ExpansionCodeLock<e0f43e30>, 100, 100, 0) at <4891.217773, 9.521866, 2287.785889>
[COT 2024-02-14 03:57:28] 76561199108250772: Spawned Entity Code Lock (ExpansionCodeLock<e0f41b80>, 100, 100, 0) at <4891.211914, 9.542172, 2287.779541>
[COT 2024-02-14 03:57:28] 76561199108250772: Spawned Entity Code Lock (ExpansionCodeLock<e0f45550>, 100, 100, 0) at <4891.205078, 9.563793, 2287.772705>
[COT 2024-02-14 03:57:29] 76561199108250772: Spawned Entity Code Lock (ExpansionCodeLock<e0f48f20>, 100, 100, 0) at <4891.199219, 9.584100, 2287.766357>
[COT 2024-02-14 03:57:29] 76561199108250772: Spawned Entity Code Lock (ExpansionCodeLock<e0f460e0>, 100, 100, 0) at <4891.192871, 9.605721, 2287.759766>
[COT 2024-02-14 03:59:58] 76561199108250772: Teleported to position <685.183960, 16.998722, 6691.600098>
[COT 2024-02-14 04:02:02] 76561199108250772: Healed [guid=RjqUafmWjW9Q1BHza4n7WoZ_8uUWujoz2w-ciuQaZcs=]
[COT 2024-02-14 04:02:14] 76561199108250772: Teleported to position <1447.033081, 9.737961, 7432.815430>
[COT 2024-02-14 04:02:56] 76561199108250772: Spawned Entity M4-A1 (M4A1_Base<db152450>, 100, 200, 0) at <1454.468018, 10.815136, 7523.818359>
[COT 2024-02-14 04:02:56] 76561199108250772: Spawned Entity M4-A1 (M4A1_Base<db14d5f0>, 100, 200, 0) at <1454.461670, 10.908487, 7523.823730>
[COT 2024-02-14 04:03:07] 76561199108250772: Set GodMode To true [guid=OAdpPkJP2Ps_W7h2ttR1bK23ekHCzrxw0mDT3zqLMdU=]
[COT 2024-02-14 04:03:08] 76561199108250772: Set UnlimitedAmmo To true [guid=OAdpPkJP2Ps_W7h2ttR1bK23ekHCzrxw0mDT3zqLMdU=]
[COT 2024-02-14 04:03:08] 76561199108250772: Set UnlimitedStamina To true [guid=OAdpPkJP2Ps_W7h2ttR1bK23ekHCzrxw0mDT3zqLMdU=]
[COT 2024-02-14 04:03:09] 76561199108250772: Set cannot be targeted by AI to true [guid=OAdpPkJP2Ps_W7h2ttR1bK23ekHCzrxw0mDT3zqLMdU=]
[COT 2024-02-14 04:09:39] 76561199108250772: Spawned Entity S.T.A.G. Army Backpack (STAG_Clothing_ArmyBackpack<dbd769c0>, 100, 300, 0) at <1415.302368, 9.940103, 7450.488770>
[COT 2024-02-14 04:13:41] 76561199108250772: Spawned Entity Sea Chest (SeaChest<dbd72ff0>, 100, 600, 0) at <1364.510498, 6.425622, 7558.138672>
[COT 2024-02-14 04:13:51] 76561199108250772: Spawned Entity Working Gloves (WorkingGloves_Yellow<dbd73b80>, 100, 150, 0) at <1364.974487, 6.425622, 7558.046387>
[COT 2024-02-14 04:14:08] 76561199108250772: Spawned Entity Canned Tuna (TunaCan<dbd780e0>, 100, 70, 0) at <1364.967529, 6.514950, 7557.979004>
[COT 2024-02-14 04:14:23] 76561199108250772: Spawned Entity Alcoholic Tincture (DisinfectantAlcohol<dbd74710>, 200, 30, 0) at <1364.962158, 6.585009, 7557.926270>
[COT 2024-02-14 04:14:42] 76561199108250772: Spawned Entity Canteen (Canteen<de1ad890>, 1000, 100, 512) at <1365.239746, 6.425621, 7558.023926>
[COT 2024-02-14 04:15:04] 76561199108250772: Spawned Entity Drybag Backpack (ExpansionQuestDryBag_Blue<dbd752a0>, 100, 140, 0) at <1365.199707, 6.423550, 7557.607422>
[COT 2024-02-14 04:15:19] 76561199108250772: ESP: Viewing ESP
[COT 2024-02-14 04:15:21] 76561199108250772: ESP index=0 target=ExpansionQuestDryBag_Blue:4195 position=<1365.199707, 6.570861, 7557.607422> action=delete
[COT 2024-02-14 04:15:21] 76561199108250772: ESP action=delete_all count=1 attempted=1
[COT 2024-02-14 04:15:21] 76561199108250772: ESP: Clearing ESP
[COT 2024-02-14 04:15:43] 76561199108250772: Spawned Entity Combat Backpack (TortillaBag<dbd752a0>, 500, 170, 0) at <1365.262573, 6.425622, 7557.756348>
[COT 2024-02-14 04:16:27] 76561199108250772: Spawned Entity Sea Chest (SeaChest<dd387180>, 100, 600, 0) at <1246.820313, 9.461552, 7547.231445>
[COT 2024-02-14 04:16:46] 76561199108250772: Spawned Entity Canned Tuna (TunaCan<dd387d10>, 250, 70, 0) at <1247.477173, 9.461601, 7547.046875>
[COT 2024-02-14 04:16:47] 76561199108250772: Spawned Entity Canned Tuna (TunaCan<dd381500>, 250, 70, 0) at <1247.487305, 9.531660, 7547.043945>
[COT 2024-02-14 04:16:47] 76561199108250772: Spawned Entity Canned Tuna (TunaCan<dd389430>, 250, 70, 0) at <1247.497437, 9.601721, 7547.041504>
[COT 2024-02-14 04:16:48] 76561199108250772: Spawned Entity Canned Tuna (TunaCan<dd38f0b0>, 250, 70, 0) at <1247.507568, 9.671781, 7547.038574>
[COT 2024-02-14 04:16:48] 76561199108250772: Spawned Entity Canned Tuna (TunaCan<dd38ab50>, 250, 70, 0) at <1247.517700, 9.741841, 7547.035645>
[COT 2024-02-14 04:16:48] 76561199108250772: Spawned Entity Canned Tuna (TunaCan<dd389fc0>, 250, 70, 0) at <1247.527710, 9.811902, 7547.033203>
[COT 2024-02-14 04:17:32] 76561199108250772: Set GodMode To false [guid=OAdpPkJP2Ps_W7h2ttR1bK23ekHCzrxw0mDT3zqLMdU=]
[COT 2024-02-14 04:18:31] 76561199108250772: Spawned Entity Sea Chest (SeaChest<dd3888a0>, 100, 600, 0) at <1107.606934, 2.677163, 4926.505371>
[COT 2024-02-14 04:18:42] 76561199108250772: Spawned Entity Fange (FangeKnife<dd38e520>, 100, 130, 0) at <1107.140747, 2.677163, 4926.989258>
[COT 2024-02-14 04:18:47] 76561199108250772: Spawned Entity Sharpening Stone (Whetstone<dd391360>, 100, 50, 0) at <1107.127563, 2.749051, 4927.001953>
[COT 2024-02-14 04:18:53] 76561199108250772: Spawned Entity Canned Bacon (TacticalBaconCan<dd391ef0>, 100, 100, 0) at <1107.119507, 2.807468, 4927.020996>
[COT 2024-02-14 04:18:54] 76561199108250772: Spawned Entity Canned Bacon (TacticalBaconCan<dd38c270>, 100, 100, 0) at <1107.106689, 2.955576, 4927.073730>
[COT 2024-02-14 04:19:13] 76561199108250772: Spawned Entity Matches (Matchbox<dd3958c0>, 100, 80, 0) at <1107.111328, 2.677163, 4927.015137>
[COT 2024-02-14 04:19:27] 76561199108250772: Spawned Entity MK II (MKII_Base<db14aec0>, 100, 120, 0) at <1107.110718, 2.677163, 4927.082520>
[COT 2024-02-14 04:19:28] 76561199108250772: Spawned Entity 10rd MK II Mag (Mag_MKII_10Rnd<dd393610>, 10, 100, 0) at <1107.103394, 2.748605, 4927.097656>
[COT 2024-02-14 04:19:29] 76561199108250772: Spawned Entity 10rd MK II Mag (Mag_MKII_10Rnd<dd398700>, 10, 100, 0) at <1107.100586, 2.768661, 4927.104980>
[COT 2024-02-14 04:19:42] 76561199108250772: Spawned Entity MK II (MKII_Base<db148790>, 100, 120, 0) at <1107.810547, 1.729999, 4912.317383>
[COT 2024-02-14 04:19:43] 76561199108250772: Spawned Entity 10rd MK II Mag (Mag_MKII_10Rnd<dd39a9b0>, 10, 100, 0) at <1107.789551, 1.801441, 4912.363770>
[COT 2024-02-14 04:20:00] 76561199108250772: Teleported to position <1959.949219, 64.178230, 5776.919922>
[COT 2024-02-14 04:21:11] 76561199108250772: Spawned Entity Sea Chest (SeaChest<62d28c80>, 100, 600, 0) at <2706.498047, 1.729996, 7613.924805>
[COT 2024-02-14 04:21:19] 76561199108250772: Spawned Entity Fishing Rod (FishingRod<62d2a3a0>, 100, 150, 0) at <2706.330078, 1.729974, 7613.364258>
[COT 2024-02-14 04:21:42] 76561199108250772: Spawned Entity Canteen (Canteen<de1c4e80>, 1000, 100, 512) at <2706.431396, 1.730001, 7613.287109>
[COT 2024-02-14 04:22:23] 76561199108250772: Spawned Entity Hunting Knife (HuntingKnife<62d0b270>, 100, 130, 0) at <2706.275146, 1.729966, 7613.291992>
[COT 2024-02-14 04:22:54] 76561199108250772: Spawned Entity Cat Food Can (CatFoodCan<62d18290>, 250, 70, 0) at <2706.395508, 1.729971, 7613.141602>
[COT 2024-02-14 04:22:54] 76561199108250772: Spawned Entity Cat Food Can (CatFoodCan<62d12610>, 250, 70, 0) at <2706.368652, 1.848670, 7613.043945>
[COT 2024-02-14 04:23:10] 76561199108250772: Spawned Entity MK II (MKII_Base<db17ffd0>, 100, 120, 0) at <2698.855713, 1.730002, 7608.877441>
[COT 2024-02-14 04:23:18] 76561199108250772: Teleported to position <1568.349365, 25.819595, 7288.029785>
[COT 2024-02-14 04:24:07] 76561199108250772: Spawned Entity Screwdriver (Screwdriver<e06dda40>, 100, 100, 0) at <1566.156372, 24.720167, 7299.124512>
[COT 2024-02-14 04:25:13] 76561199108250772: Entered the Free Camera
[COT 2024-02-14 04:25:20] 76561199108250772: Left the Free Camera
[COT 2024-02-14 04:27:28] 76561199108250772: Set GodMode To true [guid=OAdpPkJP2Ps_W7h2ttR1bK23ekHCzrxw0mDT3zqLMdU=]
[COT 2024-02-14 04:27:29] 76561199108250772: Set UnlimitedAmmo To true [guid=OAdpPkJP2Ps_W7h2ttR1bK23ekHCzrxw0mDT3zqLMdU=]
[COT 2024-02-14 04:27:30] 76561199108250772: Set UnlimitedStamina To true [guid=OAdpPkJP2Ps_W7h2ttR1bK23ekHCzrxw0mDT3zqLMdU=]
[COT 2024-02-14 04:27:30] 76561199108250772: Set cannot be targeted by AI to true [guid=OAdpPkJP2Ps_W7h2ttR1bK23ekHCzrxw0mDT3zqLMdU=]
[COT 2024-02-14 04:28:12] 76561199108250772: Spawned Entity Sea Chest (SeaChest<e06ee430>, 100, 600, 0) at <934.831116, 5.984016, 5264.939941>
[COT 2024-02-14 04:28:29] 76561199108250772: Spawned Entity CR-527 (CZ527_Base<db14d5f0>, 100, 300, 0) at <934.504517, 5.984016, 5264.323730>
[COT 2024-02-14 04:28:47] 76561199108250772: Spawned Entity Boxed 7.62x39mm Tracer Rounds (AmmoBox_762x39Tracer_20Rnd<67f0d6f0>, 5, 100, 0) at <934.359680, 5.984016, 5264.288574>
[COT 2024-02-14 04:28:47] 76561199108250772: Spawned Entity Boxed 7.62x39mm Tracer Rounds (AmmoBox_762x39Tracer_20Rnd<e0f30600>, 5, 100, 0) at <934.359680, 5.984017, 5264.288086>
[COT 2024-02-14 04:28:58] 76561199108250772: Spawned Entity Canteen (Canteen<de1e00c0>, 1000, 100, 512) at <934.213135, 5.984016, 5264.385742>
[COT 2024-02-14 04:29:04] 76561199108250772: Spawned Entity Canned Tuna (TunaCan<e0f432a0>, 250, 70, 0) at <934.134521, 6.132528, 5264.383789>
[COT 2024-02-14 04:29:04] 76561199108250772: Spawned Entity Canned Tuna (TunaCan<e0f46c70>, 250, 70, 0) at <934.094421, 6.202587, 5264.385254>
[COT 2024-02-14 04:31:37] 76561199108250772: Spawned Entity ADMIN GEAR-BLUE-TOP (DOC_ADMIN_BLUE_TOP<d5eb1480>, 100, 70, 0) at <924.147766, 5.707815, 5271.126465>
[COT 2024-02-14 04:31:39] 76561199108250772: Spawned Entity ADMIN GEAR-BLUE-BOTTOM (DOC_ADMIN_BLUE_BOTTOM<d5eb2ba0>, 100, 130, 0) at <924.159180, 5.884978, 5271.054688>
[COT 2024-02-14 04:32:11] 76561199108250772: Spawned Entity M4-A1 (M4A1_Base<db1650c0>, 100, 200, 0) at <927.799011, 5.708080, 5275.219727>
[COT 2024-02-14 04:32:13] 76561199108250772: Spawned Entity M4-A1 (M4A1_Base<db1643b0>, 100, 200, 0) at <927.726868, 5.776552, 5275.199707>
[COT 2024-02-14 04:32:15] 76561199108250772: Spawned Entity M4-A1 (M4A1_Base<db168500>, 100, 200, 0) at <927.639465, 5.872309, 5275.160156>
[COT 2024-02-14 04:32:19] 76561199108250772: Spawned Entity M4-A1 (M4A1_Base<db166ae0>, 100, 200, 0) at <927.549316, 5.968065, 5275.120117>
[COT 2024-02-14 04:32:23] 76561199108250772: Spawned Entity M4-A1 (M4A1_Base<db165dd0>, 100, 200, 0) at <927.477600, 6.036210, 5275.097168>
[COT 2024-02-14 04:33:08] 76561199108250772: Teleported to position <1934.442139, 32.687057, 5544.230957>
[COT 2024-02-14 04:33:26] 76561199108250772: Teleported to position <2810.925293, 44.410000, 5978.663086>
[COT 2024-02-14 04:34:21] 76561199108250772: Spawned Entity Canteen (Canteen<de1e24f0>, 1000, 100, 512) at <2799.867188, 44.410000, 5972.158691>
[COT 2024-02-14 04:34:26] 76561199108250772: Spawned Entity Canned Tuna (TunaCan<66c2c870>, 1000, 70, 0) at <2799.824463, 44.679565, 5972.194336>
[COT 2024-02-14 04:34:26] 76561199108250772: Spawned Entity Canned Tuna (TunaCan<66c52d40>, 1000, 70, 0) at <2799.813477, 44.749619, 5972.203613>
[COT 2024-02-14 04:35:25] 76561199108250772: Healed [guid=34grYJQ9r2wo1L8neGIz09ZgpCiXK_Fe8Cp4Z0ErlKE=]
[COT 2024-02-14 04:35:29] 76561199108250772: Healed [guid=sotoW1_Nk-TTJiiIPsCtS3o5Fa1yZMPYUSJANQxS2rE=]
[COT 2024-02-14 04:35:31] 76561199108250772: Healed [guid=aZuey8BZu5enttVf1frXEoSPxF2bH_OE61qSIaeu7J0=]
[COT 2024-02-14 04:35:34] 76561199108250772: Healed [guid=r2lUmFLKL-sI1uKdFopNx0EDhXQoZf7KY0E9WNMzn7w=]
[COT 2024-02-14 04:37:10] 76561199108250772: Teleported to position <3674.671143, 15.630000, 6653.902344>
[COT 2024-02-14 04:37:34] 76561199108250772: Spawned Entity Canned Tuna (TunaCan<62d13d30>, 100, 70, 0) at <3691.382568, 15.422312, 6657.437988>
[COT 2024-02-14 04:37:34] 76561199108250772: Spawned Entity Canned Tuna (TunaCan<62d148c0>, 100, 70, 0) at <3691.342773, 15.492373, 6657.450195>
[COT 2024-02-14 04:37:40] 76561199108250772: Spawned Entity Canteen (Canteen<de1e6140>, 1000, 100, 512) at <3691.302734, 15.562432, 6657.461914>
[COT 2024-02-14 04:39:21] 76561199108250772: Teleported to position <2659.818359, 43.939999, 5895.184570>
[COT 2024-02-14 04:40:54] 76561199108250772: Healed [guid=sotoW1_Nk-TTJiiIPsCtS3o5Fa1yZMPYUSJANQxS2rE=]
[COT 2024-02-14 04:41:27] 76561199108250772: Spawned Entity 30rd Coupled Standardized Mag (Mag_STANAGCoupled_30Rnd<e06e87b0>, 60, 100, 0) at <2657.715820, 43.939991, 5874.995605>
[COT 2024-02-14 04:41:28] 76561199108250772: Spawned Entity 30rd Coupled Standardized Mag (Mag_STANAGCoupled_30Rnd<e06f06e0>, 60, 100, 0) at <2657.733398, 44.043751, 5874.909180>
[COT 2024-02-14 04:42:10] 76561199108250772: Spawned Entity Bandage (BandageDressing<e06e4de0>, 4, 50, 0) at <2657.866699, 43.939999, 5873.410645>
[COT 2024-02-14 04:42:11] 76561199108250772: Spawned Entity Bandage (BandageDressing<e06ec180>, 4, 50, 0) at <2657.872070, 44.022545, 5873.363281>
[COT 2024-02-14 04:42:11] 76561199108250772: Spawned Entity Bandage (BandageDressing<e06e7090>, 4, 50, 0) at <2657.877197, 44.105076, 5873.316406>
[COT 2024-02-14 04:42:11] 76561199108250772: Spawned Entity Bandage (BandageDressing<e06f8610>, 4, 50, 0) at <2657.882568, 44.192593, 5873.266113>
[COT 2024-02-14 04:42:11] 76561199108250772: Spawned Entity Bandage (BandageDressing<e06f1e00>, 4, 50, 0) at <2657.888184, 44.281418, 5873.215332>
[COT 2024-02-14 04:42:11] 76561199108250772: Spawned Entity Bandage (BandageDressing<e06f3520>, 4, 50, 0) at <2657.888184, 44.281418, 5873.215332>
[COT 2024-02-14 04:42:27] 76561199108250772: Spawned Entity S.T.A.G. Army Backpack (STAG_Clothing_ArmyBackpack<662e22a0>, 100, 300, 0) at <2657.509521, 43.940002, 5873.735352>
[COT 2024-02-14 04:42:28] 76561199108250772: Spawned Entity S.T.A.G. Army Backpack (STAG_Clothing_ArmyBackpack<de550df0>, 100, 300, 0) at <2657.509521, 43.940002, 5873.735352>
[COT 2024-02-14 04:42:35] 76561199108250772: Spawned Entity Lighter (PetrolLighter<63364bf0>, 20, 20, 0) at <2656.486328, 43.940033, 5873.586914>
[COT 2024-02-14 04:42:36] 76561199108250772: Spawned Entity Lighter (PetrolLighter<6336f960>, 20, 20, 0) at <2656.493164, 43.951942, 5873.578613>
[COT 2024-02-14 04:42:42] 76561199108250772: Spawned Entity Fange (FangeKnife<633969c0>, 20, 130, 0) at <2656.493164, 43.951942, 5873.578613>
[COT 2024-02-14 04:42:42] 76561199108250772: Spawned Entity Fange (FangeKnife<28eba270>, 20, 130, 0) at <2656.534180, 44.022640, 5873.531738>
[COT 2024-02-14 04:43:33] 76561199108250772: Teleported [guid=r2lUmFLKL-sI1uKdFopNx0EDhXQoZf7KY0E9WNMzn7w=] to <2655.973145, 43.952496, 5873.890137>
[COT 2024-02-14 04:43:56] 76561199108250772: Spawned Entity S.T.A.G. Army Backpack (STAG_Clothing_ArmyBackpack<28eb7430>, 100, 300, 0) at <2660.713135, 43.939999, 5875.452148>
[COT 2024-02-14 04:44:34] 76561199108250772: Spawned Entity 30rd Coupled Standardized Mag (Mag_STANAGCoupled_30Rnd<d5eae640>, 60, 100, 0) at <2659.905273, 43.939999, 5874.748047>
[COT 2024-02-14 04:44:34] 76561199108250772: Spawned Entity 30rd Coupled Standardized Mag (Mag_STANAGCoupled_30Rnd<d5eafd60>, 60, 100, 0) at <2659.852539, 44.029907, 5874.804199>
[COT 2024-02-14 04:44:36] 76561199108250772: Spawned Entity 30rd Coupled Standardized Mag (Mag_STANAGCoupled_30Rnd<d5eb2010>, 60, 100, 0) at <2659.802002, 44.116096, 5874.857910>
[COT 2024-02-14 04:44:36] 76561199108250772: Spawned Entity 30rd Coupled Standardized Mag (Mag_STANAGCoupled_30Rnd<d5e9ff00>, 60, 100, 0) at <2659.743408, 44.216049, 5874.920410>
[COT 2024-02-14 04:44:41] 76561199108250772: Spawned Entity Boxed 5.56x45mm Tracer Rounds (AmmoBox_556x45Tracer_20Rnd<d5e996f0>, 60, 100, 0) at <2659.743408, 44.216049, 5874.920410>
[COT 2024-02-14 04:44:42] 76561199108250772: Spawned Entity Boxed 5.56x45mm Tracer Rounds (AmmoBox_556x45Tracer_20Rnd<d5ea38d0>, 60, 100, 0) at <2659.731934, 44.235676, 5874.932617>
[COT 2024-02-14 04:44:42] 76561199108250772: Spawned Entity Boxed 5.56x45mm Tracer Rounds (AmmoBox_556x45Tracer_20Rnd<d5ea1620>, 60, 100, 0) at <2659.719727, 44.255302, 5874.944824>
[COT 2024-02-14 04:44:42] 76561199108250772: Spawned Entity Boxed 5.56x45mm Tracer Rounds (AmmoBox_556x45Tracer_20Rnd<d5ea0a90>, 60, 100, 0) at <2659.708740, 44.274929, 5874.957031>
[COT 2024-02-14 04:44:42] 76561199108250772: Spawned Entity Boxed 5.56x45mm Tracer Rounds (AmmoBox_556x45Tracer_20Rnd<e0f48390>, 60, 100, 0) at <2659.697266, 44.294483, 5874.969727>
[COT 2024-02-14 04:44:43] 76561199108250772: Spawned Entity Boxed 5.56x45mm Tracer Rounds (AmmoBox_556x45Tracer_20Rnd<e0f42710>, 60, 100, 0) at <2659.685547, 44.314110, 5874.981445>
[COT 2024-02-14 04:44:43] 76561199108250772: Spawned Entity Boxed 5.56x45mm Tracer Rounds (AmmoBox_556x45Tracer_20Rnd<e0f4bd60>, 60, 100, 0) at <2659.674316, 44.333736, 5874.994141>
[COT 2024-02-14 04:44:43] 76561199108250772: Spawned Entity Boxed 5.56x45mm Tracer Rounds (AmmoBox_556x45Tracer_20Rnd<e0f502c0>, 60, 100, 0) at <2659.662598, 44.353363, 5875.006348>
[COT 2024-02-14 04:44:43] 76561199108250772: Spawned Entity Boxed 5.56x45mm Tracer Rounds (AmmoBox_556x45Tracer_20Rnd<e0f4c8f0>, 60, 100, 0) at <2659.651367, 44.372990, 5875.018555>
[COT 2024-02-14 04:44:43] 76561199108250772: Spawned Entity Boxed 5.56x45mm Tracer Rounds (AmmoBox_556x45Tracer_20Rnd<e0f49ab0>, 60, 100, 0) at <2659.639893, 44.392544, 5875.030762>
[COT 2024-02-14 04:45:38] 76561199108250772: Spawned Entity Doc's Royalfoil M4 (DOC_M4_ROYALFOIL<db153e70>, 100, 1200, 0) at <2652.050049, 43.939995, 5881.708984>
[COT 2024-02-14 04:46:47] 76561199108250772: Spawned Entity LandCruiser Skul (LandCruiser_skul<203ea590>, 100, 10000, 0) at <2645.200928, 43.939995, 5881.750977>
[COT 2024-02-14 04:50:33] 76561199108250772: Spawned Entity 30rd Coupled Standardized Mag (Mag_STANAGCoupled_30Rnd<dbd78c70>, 60, 100, 0) at <2641.519043, 43.940002, 5882.027832>
[COT 2024-02-14 04:50:33] 76561199108250772: Spawned Entity 30rd Coupled Standardized Mag (Mag_STANAGCoupled_30Rnd<dbd7f480>, 60, 100, 0) at <2641.493896, 44.047970, 5882.045410>
[COT 2024-02-14 04:50:33] 76561199108250772: Spawned Entity 30rd Coupled Standardized Mag (Mag_STANAGCoupled_30Rnd<dbd79800>, 60, 100, 0) at <2641.468994, 44.155937, 5882.062988>
[COT 2024-02-14 04:50:34] 76561199108250772: Spawned Entity 30rd Coupled Standardized Mag (Mag_STANAGCoupled_30Rnd<dbd7a390>, 60, 100, 0) at <2641.468994, 44.155937, 5882.062988>
[COT 2024-02-14 04:51:42] 76561199108250772: Entered the Free Camera
[COT 2024-02-14 04:51:49] 76561199108250772: Left the Free Camera
[COT 2024-02-14 04:51:58] 76561199108250772: Entered the Free Camera
[COT 2024-02-14 04:52:33] 76561199108250772: Left the Free Camera
[COT 2024-02-14 04:52:47] 76561199108250772: Set the date to 2024/10/8 12:0
[COT 2024-02-14 04:52:48] 76561199108250772: Set rain to 0 0 0
[COT 2024-02-14 04:52:48] 76561199108250772: Set storm to 0 0.8 4000
[COT 2024-02-14 04:52:48] 76561199108250772: Set fog to 0 0 0
[COT 2024-02-14 04:52:48] 76561199108250772: Set overcast to 0 0 0
[COT 2024-02-14 04:52:48] 76561199108250772: Set wind to 0 0 1
[COT 2024-02-14 04:52:57] 76561199108250772: Entered the Free Camera
[COT 2024-02-14 04:53:04] 76561199108250772: Left the Free Camera
[COT 2024-02-14 04:53:36] 76561199108250772: Spawned Entity Sea Chest (SeaChest<62d01c20>, 100, 600, 0) at <2135.695557, 55.384155, 6049.938477>
[COT 2024-02-14 04:53:48] 76561199108250772: Spawned Entity Canned Bacon (TacticalBaconCan<62d027b0>, 100, 100, 0) at <2136.072754, 55.384151, 6050.336426>
[COT 2024-02-14 04:53:49] 76561199108250772: Spawned Entity Canned Bacon (TacticalBaconCan<62d09b50>, 100, 100, 0) at <2136.120117, 55.529232, 6050.383789>
[COT 2024-02-14 04:53:49] 76561199108250772: Spawned Entity Canned Bacon (TacticalBaconCan<62d0c990>, 100, 100, 0) at <2136.158203, 55.646805, 6050.421387>
[COT 2024-02-14 04:53:50] 76561199108250772: Spawned Entity Canned Bacon (TacticalBaconCan<62d0be00>, 100, 100, 0) at <2136.196289, 55.763416, 6050.459473>
[COT 2024-02-14 04:53:50] 76561199108250772: Spawned Entity Canned Bacon (TacticalBaconCan<62d0e0b0>, 100, 100, 0) at <2136.224121, 55.848595, 6050.486816>
[COT 2024-02-14 04:53:51] 76561199108250772: Spawned Entity Canned Bacon (TacticalBaconCan<62d0ec40>, 100, 100, 0) at <2136.270264, 55.990726, 6050.532715>
[COT 2024-02-14 04:54:07] 76561199108250772: Spawned Entity Boxed 5.56x45mm Tracer Rounds (AmmoBox_556x45Tracer_20Rnd<62d0f7d0>, 100, 100, 0) at <2136.348877, 55.384155, 6050.368164>
[COT 2024-02-14 04:54:07] 76561199108250772: Spawned Entity Boxed 5.56x45mm Tracer Rounds (AmmoBox_556x45Tracer_20Rnd<62d10360>, 100, 100, 0) at <2136.354248, 55.403782, 6050.375000>
[COT 2024-02-14 04:54:07] 76561199108250772: Spawned Entity Boxed 5.56x45mm Tracer Rounds (AmmoBox_556x45Tracer_20Rnd<62d10ef0>, 100, 100, 0) at <2136.358887, 55.423336, 6050.381836>
[COT 2024-02-14 04:54:07] 76561199108250772: Spawned Entity Boxed 5.56x45mm Tracer Rounds (AmmoBox_556x45Tracer_20Rnd<62d0a6e0>, 100, 100, 0) at <2136.363770, 55.442963, 6050.388672>
[COT 2024-02-14 04:54:07] 76561199108250772: Spawned Entity Boxed 5.56x45mm Tracer Rounds (AmmoBox_556x45Tracer_20Rnd<62d17700>, 100, 100, 0) at <2136.368896, 55.462589, 6050.395020>
[COT 2024-02-14 04:54:08] 76561199108250772: Spawned Entity Boxed 5.56x45mm Tracer Rounds (AmmoBox_556x45Tracer_20Rnd<62d11a80>, 100, 100, 0) at <2136.374023, 55.482216, 6050.402344>
[COT 2024-02-14 04:54:08] 76561199108250772: Spawned Entity Boxed 5.56x45mm Tracer Rounds (AmmoBox_556x45Tracer_20Rnd<62d15450>, 100, 100, 0) at <2136.378662, 55.501842, 6050.409180>
[COT 2024-02-14 04:54:08] 76561199108250772: Spawned Entity Boxed 5.56x45mm Tracer Rounds (AmmoBox_556x45Tracer_20Rnd<62d24720>, 100, 100, 0) at <2136.383301, 55.521469, 6050.416016>
[COT 2024-02-14 04:54:08] 76561199108250772: Spawned Entity Boxed 5.56x45mm Tracer Rounds (AmmoBox_556x45Tracer_20Rnd<d5e8bb40>, 100, 100, 0) at <2136.388672, 55.541096, 6050.422363>
[COT 2024-02-14 04:54:09] 76561199108250772: Spawned Entity Boxed 5.56x45mm Tracer Rounds (AmmoBox_556x45Tracer_20Rnd<d5e86a50>, 100, 100, 0) at <2136.393555, 55.560722, 6050.429688>
[COT 2024-02-14 04:54:44] 76561199108250772: Spawned Entity CR-550 Savanna (CZ550_Base<db14f010>, 100, 300, 0) at <2136.278564, 55.384151, 6050.318848>
[COT 2024-02-14 04:54:58] 76561199108250772: Spawned Entity Boxed .308 WIN Rounds (AmmoBox_308Win_20Rnd<d5e875e0>, 100, 100, 0) at <2136.203125, 55.384151, 6050.439453>
[COT 2024-02-14 04:54:58] 76561199108250772: Spawned Entity Boxed .308 WIN Rounds (AmmoBox_308Win_20Rnd<d5e95190>, 100, 100, 0) at <2136.208008, 55.413876, 6050.443848>
[COT 2024-02-14 04:54:59] 76561199108250772: Spawned Entity Boxed .308 WIN Rounds (AmmoBox_308Win_20Rnd<d5e8e980>, 100, 100, 0) at <2136.212891, 55.443600, 6050.447754>
[COT 2024-02-14 04:54:59] 76561199108250772: Spawned Entity Boxed .308 WIN Rounds (AmmoBox_308Win_20Rnd<d5e97440>, 100, 100, 0) at <2136.217529, 55.473324, 6050.452148>
[COT 2024-02-14 04:54:59] 76561199108250772: Spawned Entity Boxed .308 WIN Rounds (AmmoBox_308Win_20Rnd<de53b310>, 100, 100, 0) at <2136.217529, 55.473324, 6050.452148>
[COT 2024-02-14 04:55:39] 76561199108250772: Teleported to position <7789.430176, 26.129999, 2301.570313>
[COT 2024-02-14 04:55:46] 76561199108250772: Entered the Free Camera
[COT 2024-02-14 04:56:04] 76561199108250772: Left the Free Camera
