[COT 2024-01-28 05:03:54] 76561199108250772: Set GodMode To true [guid=OAdpPkJP2Ps_W7h2ttR1bK23ekHCzrxw0mDT3zqLMdU=]
[COT 2024-01-28 05:03:56] 76561199108250772: Set UnlimitedAmmo To true [guid=OAdpPkJP2Ps_W7h2ttR1bK23ekHCzrxw0mDT3zqLMdU=]
[COT 2024-01-28 05:03:57] 76561199108250772: Set UnlimitedStamina To true [guid=OAdpPkJP2Ps_W7h2ttR1bK23ekHCzrxw0mDT3zqLMdU=]
[COT 2024-01-28 05:04:01] 76561199108250772: Set UnlimitedStamina To true [guid=KWl3ojgjStHOe3-iLRChpUG8crsNiNfei3BT6NCIfaw=]
[COT 2024-01-28 05:04:03] 76561199108250772: Set UnlimitedStamina To true [guid=KWl3ojgjStHOe3-iLRChpUG8crsNiNfei3BT6NCIfaw=]
[COT 2024-01-28 05:04:03] 76561199108250772: Set UnlimitedAmmo To true [guid=KWl3ojgjStHOe3-iLRChpUG8crsNiNfei3BT6NCIfaw=]
[COT 2024-01-28 05:04:08] 76561199108250772: Set UnlimitedStamina To true [guid=s7vJf2NuCNme1MUM_sgLr2G3yzcxYg10pO0s-GAKExM=]
[COT 2024-01-28 05:04:09] 76561199108250772: Set UnlimitedAmmo To true [guid=s7vJf2NuCNme1MUM_sgLr2G3yzcxYg10pO0s-GAKExM=]
[COT 2024-01-28 05:06:12] 76561199108250772: Spawned Entity NVG Headstrap (NVGHeadstrap<f6a2d0a0>, 100, 200, 0) at <4471.465332, 19.605112, 7586.069824>
[COT 2024-01-28 05:06:18] 76561199108250772: Spawned Entity Night Vision Goggles (NVGoggles<f4d18520>, 100, 100, 0) at <4471.516602, 19.727715, 7586.159668>
[COT 2024-01-28 05:07:15] 76561199108250772: Healed [guid=s7vJf2NuCNme1MUM_sgLr2G3yzcxYg10pO0s-GAKExM=]
[COT 2024-01-28 05:07:17] 76561199108250772: Healed [guid=KWl3ojgjStHOe3-iLRChpUG8crsNiNfei3BT6NCIfaw=]
[COT 2024-01-28 05:07:20] 76561199108250772: Healed [guid=OAdpPkJP2Ps_W7h2ttR1bK23ekHCzrxw0mDT3zqLMdU=]
[COT 2024-01-28 05:10:53] 76561199108250772: Teleported to position <7531.686523, 26.129999, 1779.143066>
[COT 2024-01-28 05:11:11] 76561199108250772: Teleported [guid=KWl3ojgjStHOe3-iLRChpUG8crsNiNfei3BT6NCIfaw=] to <7506.110840, 26.142498, 1795.134399>
[COT 2024-01-28 05:11:13] 76561199108250772: Teleported [guid=s7vJf2NuCNme1MUM_sgLr2G3yzcxYg10pO0s-GAKExM=] to <7505.471680, 26.142488, 1795.139771>
[COT 2024-01-28 05:11:52] 76561199108250772: Set the date to 2024/9/24 12:0
[COT 2024-01-28 05:11:53] 76561199108250772: Set rain to 0 0 0
[COT 2024-01-28 05:11:53] 76561199108250772: Set storm to 0 0.8 4000
[COT 2024-01-28 05:11:53] 76561199108250772: Set fog to 0 0 0
[COT 2024-01-28 05:11:53] 76561199108250772: Set overcast to 0 0 0
[COT 2024-01-28 05:11:53] 76561199108250772: Set wind to 0 0 1
[COT 2024-01-28 05:14:57] 76561199108250772: Healed [guid=KWl3ojgjStHOe3-iLRChpUG8crsNiNfei3BT6NCIfaw=]
[COT 2024-01-28 05:31:51] 76561199108250772: Entered the Free Camera
[COT 2024-01-28 05:32:00] 76561199108250772: Left the Free Camera
[COT 2024-01-28 05:38:46] 76561199108250772: Spawned Entity SG5-K (MP5K_Base<f840d7b0>, 100, 200, 0) at <7180.061035, 26.129982, 1937.246460>
[COT 2024-01-28 05:41:44] 76561199108250772: Healed [guid=KWl3ojgjStHOe3-iLRChpUG8crsNiNfei3BT6NCIfaw=]
[COT 2024-01-28 05:45:08] 76561199108250772: Spawned Entity Land Mine (LandMineTrap<f8e7ed80>, 100, 70, 0) at <6895.028809, 26.400976, 2216.180664>
[COT 2024-01-28 05:48:00] 76561199108250772: Teleported to position <2372.726807, 20.909340, 1015.149902>
[COT 2024-01-28 05:48:19] 76561199108250772: Teleported to position <2373.917480, 15.570000, 827.777344>
[COT 2024-01-28 05:48:29] 76561199108250772: Teleported [guid=KWl3ojgjStHOe3-iLRChpUG8crsNiNfei3BT6NCIfaw=] to <2364.691895, 15.582499, 821.968933>
[COT 2024-01-28 05:48:34] 76561199108250772: Teleported [guid=s7vJf2NuCNme1MUM_sgLr2G3yzcxYg10pO0s-GAKExM=] to <2364.717041, 15.582453, 822.147400>
[COT 2024-01-28 05:49:50] 76561199108250772: Entered the Free Camera
[COT 2024-01-28 05:50:09] 76561199108250772: Left the Free Camera
[COT 2024-01-28 05:55:35] 76561199108250772: Spawned Entity  (SpookyArea<f73fa5f0>, 100, -1, 0) at <1914.995483, 15.572900, 404.890930>
[COT 2024-01-28 05:56:34] 76561199108250772: Spawned Entity Survivor (eAI_SurvivorM_Peter<fca00020>, 50, 100, 0) at <1870.611938, 15.569999, 600.164795>
[COT 2024-01-28 05:57:36] 76561199108250772: Spawned Entity Survivor (eAI_SurvivorF_Baty<fbc7c040>, 100, 100, 0) at <1912.030518, 15.570000, 625.763733>
[COT 2024-01-28 05:57:54] 76561199108250772: Spawned Entity Survivor (SurvivorBase<fc26bb10>, 100, 100, 0) at <1904.619019, 15.570001, 624.476379>
[COT 2024-01-28 05:58:07] 76561199108250772: Spawned Entity Survivor (SurvivorBase<f8527020>, 100, 100, 0) at <1904.619019, 15.570001, 624.476379>
[COT 2024-01-28 05:58:08] 76561199108250772: Spawned Entity Survivor (SurvivorBase<fc030030>, 100, 100, 0) at <1903.710693, 15.741483, 624.385437>
[COT 2024-01-28 05:58:08] 76561199108250772: Spawned Entity Survivor (SurvivorBase<89da80e0>, 100, 100, 0) at <1903.710693, 15.741483, 624.385437>
[COT 2024-01-28 05:58:08] 76561199108250772: Spawned Entity Survivor (SurvivorBase<83f2c020>, 100, 100, 0) at <1903.593750, 15.763554, 624.373718>
[COT 2024-01-28 05:58:09] 76561199108250772: Spawned Entity Survivor (SurvivorBase<89f2e520>, 100, 100, 0) at <1903.593750, 15.763554, 624.373718>
[COT 2024-01-28 05:58:09] 76561199108250772: Spawned Entity Survivor (SurvivorBase<f96ea2b0>, 100, 100, 0) at <1903.476074, 15.785760, 624.361938>
[COT 2024-01-28 05:58:09] 76561199108250772: Spawned Entity Survivor (SurvivorBase<fac3b2f0>, 100, 100, 0) at <1903.040161, 15.868067, 624.318237>
[COT 2024-01-28 05:58:09] 76561199108250772: Spawned Entity Survivor (SurvivorBase<89f21780>, 100, 100, 0) at <1902.600464, 15.951071, 624.274231>
[COT 2024-01-28 05:58:09] 76561199108250772: Spawned Entity Survivor (SurvivorBase<fcc9e010>, 100, 100, 0) at <1902.923462, 15.890096, 624.306580>
[COT 2024-01-28 05:58:10] 76561199108250772: Spawned Entity Survivor (SurvivorBase<89f0e4e0>, 100, 100, 0) at <1902.483154, 15.973200, 624.262512>
[COT 2024-01-28 05:58:10] 76561199108250772: Spawned Entity Survivor (SurvivorBase<fcda12b0>, 100, 100, 0) at <1901.970459, 16.070000, 624.211121>
[COT 2024-01-28 05:58:46] 76561199108250772: ESP: Viewing ESP
[COT 2024-01-28 05:58:57] 76561199108250772: ESP index=0 target=SurvivorF_Naomi:48:INSTANCETYPE_AI_SERVER position=<1902.918701, 15.582500, 624.143921> action=delete
[COT 2024-01-28 05:58:57] 76561199108250772: ESP index=1 target=SurvivorF_Naomi:46:INSTANCETYPE_AI_SERVER position=<1903.668213, 15.582500, 623.528992> action=delete
[COT 2024-01-28 05:58:57] 76561199108250772: ESP index=2 target=SurvivorM_Jose:11:INSTANCETYPE_AI_SERVER position=<1905.116821, 15.582500, 624.814453> action=delete
[COT 2024-01-28 05:58:57] 76561199108250772: ESP index=3 target=SurvivorF_Naomi:22:INSTANCETYPE_AI_SERVER position=<1904.332153, 15.582500, 623.597534> action=delete
[COT 2024-01-28 05:58:57] 76561199108250772: ESP index=4 target=SurvivorF_Naomi:44:INSTANCETYPE_AI_SERVER position=<1904.162598, 15.582500, 624.214661> action=delete
[COT 2024-01-28 05:58:57] 76561199108250772: ESP index=5 target=SurvivorF_Naomi:43:INSTANCETYPE_AI_SERVER position=<1903.334106, 15.582500, 623.929565> action=delete
[COT 2024-01-28 05:58:57] 76561199108250772: ESP index=6 target=SurvivorF_Naomi:12:INSTANCETYPE_AI_SERVER position=<1904.619019, 15.582500, 623.457703> action=delete
[COT 2024-01-28 05:58:57] 76561199108250772: ESP index=7 target=SurvivorF_Naomi:42:INSTANCETYPE_AI_SERVER position=<1904.656128, 15.582500, 624.210571> action=delete
[COT 2024-01-28 05:58:57] 76561199108250772: ESP index=8 target=SurvivorF_Naomi:45:INSTANCETYPE_AI_SERVER position=<1902.897827, 15.582500, 623.494812> action=delete
[COT 2024-01-28 05:58:57] 76561199108250772: ESP index=9 target=SurvivorF_Naomi:47:INSTANCETYPE_AI_SERVER position=<1903.558350, 15.582500, 624.165833> action=delete
[COT 2024-01-28 05:58:57] 76561199108250772: ESP index=10 target=SurvivorF_Naomi:23:INSTANCETYPE_AI_SERVER position=<1905.210693, 15.582500, 623.891052> action=delete
[COT 2024-01-28 05:58:57] 76561199108250772: ESP index=11 target=SurvivorF_Naomi:41:INSTANCETYPE_AI_SERVER position=<1903.662109, 15.582500, 624.777344> action=delete
[COT 2024-01-28 05:58:57] 76561199108250772: ESP action=delete_all count=12 attempted=12
[COT 2024-01-28 05:59:03] 76561199108250772: ESP index=0 target=eAI_SurvivorM_Peter:31:INSTANCETYPE_AI_SERVER position=<1896.221436, 15.582500, 626.891479> action=delete
[COT 2024-01-28 05:59:03] 76561199108250772: ESP index=1 target=eAI_SurvivorF_Baty:10:INSTANCETYPE_AI_SERVER position=<1890.705688, 15.582500, 625.727539> action=delete
[COT 2024-01-28 05:59:03] 76561199108250772: ESP action=delete_all count=2 attempted=2
[COT 2024-01-28 05:59:07] 76561199108250772: ESP: Clearing ESP
[COT 2024-01-28 05:59:46] 76561199108250772: ESP: Viewing ESP
[COT 2024-01-28 05:59:55] 76561199108250772: ESP index=0 target=eAI_SurvivorM_Elias:26:INSTANCETYPE_AI_SERVER position=<2160.349609, 15.619706, 633.509705> action=delete
[COT 2024-01-28 05:59:55] 76561199108250772: ESP index=1 target=eAI_SurvivorF_Eva:21:INSTANCETYPE_AI_SERVER position=<2084.746338, 15.667699, 625.396851> action=delete
[COT 2024-01-28 05:59:55] 76561199108250772: ESP index=2 target=eAI_SurvivorF_Baty:38:INSTANCETYPE_AI_SERVER position=<2072.681396, 15.654449, 627.533020> action=delete
[COT 2024-01-28 05:59:55] 76561199108250772: ESP index=3 target=eAI_SurvivorF_Helga:34:INSTANCETYPE_AI_SERVER position=<2119.925049, 15.714171, 627.327087> action=delete
[COT 2024-01-28 05:59:55] 76561199108250772: ESP index=4 target=eAI_SurvivorF_Gabi:9:INSTANCETYPE_AI_SERVER position=<2129.726563, 15.714248, 629.373657> action=delete
[COT 2024-01-28 05:59:55] 76561199108250772: ESP action=delete_all count=5 attempted=5
[COT 2024-01-28 05:59:58] 76561199108250772: ESP index=0 target=eAI_SurvivorF_Helga:3:INSTANCETYPE_AI_SERVER position=<2122.845215, 15.714290, 628.673035> action=delete
[COT 2024-01-28 05:59:58] 76561199108250772: ESP index=1 target=eAI_SurvivorF_Keiko:37:INSTANCETYPE_AI_SERVER position=<2116.033936, 15.714064, 626.736267> action=delete
[COT 2024-01-28 05:59:58] 76561199108250772: ESP index=2 target=eAI_SurvivorF_Judy:39:INSTANCETYPE_AI_SERVER position=<2134.616211, 15.714125, 628.127258> action=delete
[COT 2024-01-28 05:59:58] 76561199108250772: ESP index=3 target=eAI_SurvivorF_Gabi:18:INSTANCETYPE_AI_SERVER position=<2137.271484, 15.714232, 627.365723> action=delete
[COT 2024-01-28 05:59:58] 76561199108250772: ESP action=delete_all count=4 attempted=4
[COT 2024-01-28 06:00:07] 76561199108250772: ESP index=0 target=eAI_SurvivorF_Maria:7:INSTANCETYPE_AI_SERVER position=<2139.877197, 15.714323, 628.914978> action=delete
[COT 2024-01-28 06:00:07] 76561199108250772: ESP index=1 target=eAI_SurvivorM_Hassan:8:INSTANCETYPE_AI_SERVER position=<2078.952881, 15.648415, 626.727356> action=delete
[COT 2024-01-28 06:00:07] 76561199108250772: ESP action=delete_all count=2 attempted=2
[COT 2024-01-28 06:04:38] 76561199108250772: Entered the Free Camera
[COT 2024-01-28 06:04:50] 76561199108250772: Left the Free Camera
[COT 2024-01-28 06:08:09] 76561199108250772: ESP: Clearing ESP
[COT 2024-01-28 06:10:28] 76561199108250772: Teleported to position <4821.235840, 6.689501, 2281.811523>
[COT 2024-01-28 06:16:08] 76561199108250772: Teleported to position <2024.623779, 15.570000, 716.032715>
[COT 2024-01-28 06:16:22] 76561199108250772: Entered the Free Camera
[COT 2024-01-28 06:16:32] 76561199108250772: Left the Free Camera
[COT 2024-01-28 06:22:19] 76561199108250772: Teleported to position <1623.987183, 68.270782, 2485.296387>
[COT 2024-01-28 06:22:29] 76561199108250772: Teleported [guid=KWl3ojgjStHOe3-iLRChpUG8crsNiNfei3BT6NCIfaw=] to <1625.432739, 68.522087, 2483.515625>
[COT 2024-01-28 06:22:32] 76561199108250772: Teleported [guid=s7vJf2NuCNme1MUM_sgLr2G3yzcxYg10pO0s-GAKExM=] to <1625.432617, 68.522079, 2483.515625>
[COT 2024-01-28 06:26:14] 76561199108250772: Healed [guid=KWl3ojgjStHOe3-iLRChpUG8crsNiNfei3BT6NCIfaw=]
[COT 2024-01-28 06:26:22] 76561199108250772: Set GodMode To true [guid=KWl3ojgjStHOe3-iLRChpUG8crsNiNfei3BT6NCIfaw=]
[COT 2024-01-28 06:26:27] 76561199108250772: Set GodMode To true [guid=s7vJf2NuCNme1MUM_sgLr2G3yzcxYg10pO0s-GAKExM=]
[COT 2024-01-28 06:26:56] 76561199108250772: Entered the Free Camera
[COT 2024-01-28 06:27:04] 76561199108250772: Left the Free Camera
[COT 2024-01-28 06:27:50] 76561199108250772: Teleported [guid=KWl3ojgjStHOe3-iLRChpUG8crsNiNfei3BT6NCIfaw=] to <1635.259399, 63.624355, 2664.869629>
[COT 2024-01-28 06:27:52] 76561199108250772: Teleported [guid=s7vJf2NuCNme1MUM_sgLr2G3yzcxYg10pO0s-GAKExM=] to <1634.650513, 63.624363, 2664.672607>
[COT 2024-01-28 06:28:17] 76561199108250772: Entered the Free Camera
[COT 2024-01-28 06:28:26] 76561199108250772: Left the Free Camera
[COT 2024-01-28 06:28:33] 76561199108250772: Teleported [guid=s7vJf2NuCNme1MUM_sgLr2G3yzcxYg10pO0s-GAKExM=] to <1596.765259, 99.298378, 2653.953613>
[COT 2024-01-28 06:28:35] 76561199108250772: Teleported [guid=KWl3ojgjStHOe3-iLRChpUG8crsNiNfei3BT6NCIfaw=] to <1596.208984, 99.298256, 2653.636963>
[COT 2024-01-28 06:30:43] 76561199108250772: Teleported to position <7281.018066, 14.376179, 6057.511719>
[COT 2024-01-28 06:31:24] 76561199108250772: Entered the Free Camera
[COT 2024-01-28 06:31:38] 76561199108250772: Left the Free Camera
[COT 2024-01-28 06:31:58] 76561199108250772: Teleported [guid=KWl3ojgjStHOe3-iLRChpUG8crsNiNfei3BT6NCIfaw=] to <7336.812988, 31.239473, 6331.573242>
[COT 2024-01-28 06:32:02] 76561199108250772: Teleported [guid=s7vJf2NuCNme1MUM_sgLr2G3yzcxYg10pO0s-GAKExM=] to <7336.941895, 31.239485, 6331.520996>
[COT 2024-01-28 06:33:07] 76561199108250772: Set GodMode To false [guid=KWl3ojgjStHOe3-iLRChpUG8crsNiNfei3BT6NCIfaw=]
[COT 2024-01-28 06:33:28] 76561199108250772: Set GodMode To true [guid=KWl3ojgjStHOe3-iLRChpUG8crsNiNfei3BT6NCIfaw=]
[COT 2024-01-28 06:33:30] 76561199108250772: Healed [guid=KWl3ojgjStHOe3-iLRChpUG8crsNiNfei3BT6NCIfaw=]
[COT 2024-01-28 06:35:54] 76561199108250772: Set the date to 2024/9/25 12:0
[COT 2024-01-28 06:38:20] 76561199108250772: Spawned Entity Brown Bear (Animal_UrsusArctos<fcd04320>, 100, 800, 0) at <7766.793457, 2.740547, 6925.332520>
[COT 2024-01-28 06:38:25] 76561199108250772: Spawned Entity Brown Bear (Animal_UrsusArctos<fcd02f00>, 100, 800, 0) at <7763.183105, 3.336727, 6928.902832>
[COT 2024-01-28 06:38:26] 76561199108250772: Spawned Entity Brown Bear (Animal_UrsusArctos<fcd03910>, 100, 800, 0) at <7763.395020, 3.408332, 6928.459961>
[COT 2024-01-28 06:38:26] 76561199108250772: Spawned Entity Brown Bear (Animal_UrsusArctos<fcd006c0>, 100, 800, 0) at <7763.840332, 3.558898, 6927.528809>
[COT 2024-01-28 06:38:26] 76561199108250772: Spawned Entity Brown Bear (Animal_UrsusArctos<fcd093a0>, 100, 800, 0) at <7763.836914, 3.557663, 6927.536621>
[COT 2024-01-28 06:38:27] 76561199108250772: Spawned Entity Brown Bear (Animal_UrsusArctos<fcd0d000>, 100, 800, 0) at <7764.282227, 3.708154, 6926.605469>
[COT 2024-01-28 06:38:27] 76561199108250772: Spawned Entity Brown Bear (Animal_UrsusArctos<fcd0e420>, 100, 800, 0) at <7764.282227, 3.708154, 6926.605469>
[COT 2024-01-28 06:38:27] 76561199108250772: Spawned Entity Brown Bear (Animal_UrsusArctos<fcd0da10>, 100, 800, 0) at <7764.724121, 3.857490, 6925.682129>
[COT 2024-01-28 06:40:14] 76561199108250772: ESP: Viewing ESP
[COT 2024-01-28 06:40:18] 76561199108250772: ESP index=0 target=Animal_UrsusArctos:418 position=<7770.381348, 2.149337, 6909.741699> action=delete
[COT 2024-01-28 06:40:18] 76561199108250772: ESP index=1 target=Animal_UrsusArctos:299 position=<7769.973633, 2.475308, 6911.776855> action=delete
[COT 2024-01-28 06:40:18] 76561199108250772: ESP index=2 target=Animal_UrsusArctos:400 position=<7769.946289, 2.724395, 6912.073730> action=delete
[COT 2024-01-28 06:40:18] 76561199108250772: ESP action=delete_all count=3 attempted=3
[COT 2024-01-28 06:40:21] 76561199108250772: ESP index=0 target=Animal_UrsusArctos:342 position=<7763.867188, 3.105422, 6927.500000> action=delete
[COT 2024-01-28 06:40:21] 76561199108250772: ESP index=1 target=Animal_UrsusArctos:441 position=<7763.940430, 3.154658, 6927.940918> action=delete
[COT 2024-01-28 06:40:21] 76561199108250772: ESP action=delete_all count=2 attempted=2
[COT 2024-01-28 06:40:22] 76561199108250772: ESP index=0 target=Animal_UrsusArctos:434 position=<7769.826172, 2.451033, 6915.225098> action=delete
[COT 2024-01-28 06:40:22] 76561199108250772: ESP action=delete_all count=1 attempted=1
[COT 2024-01-28 06:40:25] 76561199108250772: ESP: Clearing ESP
[COT 2024-01-28 06:41:02] 76561199108250772: Teleported to position <6057.547363, 8.006915, 2689.580078>
[COT 2024-01-28 06:41:24] 76561199108250772: Teleported [guid=KWl3ojgjStHOe3-iLRChpUG8crsNiNfei3BT6NCIfaw=] to <6049.249512, 8.058627, 2671.399170>
[COT 2024-01-28 06:41:28] 76561199108250772: Teleported [guid=s7vJf2NuCNme1MUM_sgLr2G3yzcxYg10pO0s-GAKExM=] to <6049.249512, 8.058627, 2671.399170>
[COT 2024-01-28 06:43:16] 76561199108250772: Entered the Free Camera
[COT 2024-01-28 06:43:39] 76561199108250772: Left the Free Camera
[COT 2024-01-28 06:43:43] 76561199108250772: Entered the Free Camera
[COT 2024-01-28 06:43:50] 76561199108250772: Left the Free Camera
[COT 2024-01-28 06:45:27] 76561199108250772: Spawned Entity Rope (Rope<f9732070>, 100, 200, 0) at <6104.875977, 8.150002, 2708.387451>
[COT 2024-01-28 06:46:55] 76561199108250772: Spawned Entity Survivor (SurvivorBase<de2fdd50>, 100, 100, 0) at <6096.203613, 8.149999, 2695.775879>
[COT 2024-01-28 06:46:55] 76561199108250772: Spawned Entity Survivor (SurvivorBase<9bfb9b40>, 100, 100, 0) at <6096.206543, 8.227203, 2695.582031>
[COT 2024-01-28 06:46:56] 76561199108250772: Spawned Entity Survivor (SurvivorBase<dcb382b0>, 100, 100, 0) at <6096.212891, 8.369111, 2695.225098>
[COT 2024-01-28 06:47:46] 76561199108250772: Spawned Entity Survivor (eAI_SurvivorF_Baty<629c6010>, 100, 100, 0) at <6090.061523, 8.150002, 2699.894531>
[COT 2024-01-28 06:47:51] 76561199108250772: Spawned Entity Survivor (eAI_SurvivorF_Gabi<fbc7c040>, 100, 100, 0) at <6081.015625, 8.135081, 2708.568115>
[COT 2024-01-28 06:47:54] 76561199108250772: Spawned Entity Survivor (eAI_SurvivorF_Maria<614de010>, 100, 100, 0) at <6077.177734, 8.101780, 2708.888916>
[COT 2024-01-28 06:47:54] 76561199108250772: Spawned Entity Survivor (eAI_SurvivorF_Maria<89d88100>, 100, 100, 0) at <6077.225586, 8.106822, 2708.855957>
[COT 2024-01-28 06:47:54] 76561199108250772: Spawned Entity Survivor (eAI_SurvivorF_Maria<f58a3010>, 100, 100, 0) at <6081.851074, 8.596575, 2705.665039>
[COT 2024-01-28 06:47:54] 76561199108250772: Spawned Entity Survivor (eAI_SurvivorF_Maria<dd3c79a0>, 100, 100, 0) at <6077.273438, 8.111914, 2708.822998>
[COT 2024-01-28 06:47:54] 76561199108250772: Spawned Entity Survivor (eAI_SurvivorF_Maria<5d89d010>, 100, 100, 0) at <6081.898438, 8.601598, 2705.632324>
[COT 2024-01-28 06:47:55] 76561199108250772: Spawned Entity Survivor (eAI_SurvivorF_Maria<ffab2010>, 100, 100, 0) at <6081.898438, 8.601598, 2705.632324>
[COT 2024-01-28 09:05:36] 76561199108250772: Teleported to position <1973.556763, 5.844119, 7832.090820>
