[COT 2024-02-15 19:32:42] 76561198036774377: Teleported to position <4828.044434, 6.310000, 2266.391113>
[COT 2024-02-15 19:36:21] 76561198036774377: Teleported to position <6736.412109, 19.120001, 3694.616211>
[COT 2024-02-15 19:36:34] 76561198036774377: Teleported to position <4854.165527, 10.510887, 2291.236816>
[COT 2024-02-15 19:39:25] 76561198036774377: Spawned Entity ADMIN GEAR-BUNKER-TOP (DOC_ADMIN_BUNKER_TOP<4f526320>, 100, 100, 0) at <4862.354492, 10.487368, 2294.160400>
[COT 2024-02-15 19:39:54] 76561198036774377: Teleported to position <2163.524658, 54.799999, 3067.588379>
[COT 2024-02-15 19:40:42] 76561198036774377: Spawned Entity Sarka 120 (Sedan_02<4c1b6590>, 100, 1000, 0) at <2162.677734, 54.799995, 3067.892578>
[COT 2024-02-15 19:41:26] 76561198036774377: Teleported to position <3919.645996, 12.527693, 4790.181641>
[COT 2024-02-15 19:41:49] 76561198036774377: Spawned Entity ToyotaHilux rust (ToyotaHilux_rust<4c1c41e0>, 100, 5000, 0) at <3935.272949, 11.638011, 4810.992676>
[COT 2024-02-15 19:42:52] 76561198036774377: Teleported to position <2205.756836, 15.570000, 663.945313>
[COT 2024-02-15 19:43:20] 76561198036774377: Spawned Entity BMW (rust) (BMW<4c1cc610>, 100, 10000, 0) at <2193.382813, 15.570009, 656.071106>
[COT 2024-02-15 19:44:32] 76561198036774377: Teleported to position <4800.203613, 47.840000, 1268.337402>
[COT 2024-02-15 19:44:57] 76561198036774377: Spawned Entity URAL 4320 (URAL_4320_rust<6e4720a0>, 200000, 10000, 0) at <4801.424316, 47.840000, 1265.667114>
[COT 2024-02-15 19:46:41] 76561198036774377: Teleported to position <6779.950195, 26.129999, 2126.674316>
[COT 2024-02-15 19:47:04] 76561198036774377: Spawned Entity Cougar Rust kamo (Cougar_rust<4c1cf220>, 100, 10000, 0) at <6779.288086, 26.129999, 2119.114258>
[COT 2024-02-15 19:48:05] 76561198036774377: Teleported to position <6764.516602, 19.120001, 3778.303711>
[COT 2024-02-15 19:48:20] 76561198036774377: Spawned Entity G65 Rust  (G65_rust<4c1be9c0>, 100, 10000, 0) at <6767.298340, 19.121420, 3780.564941>
[COT 2024-02-15 19:49:19] 76561198036774377: Teleported to position <4268.597168, 15.715946, 7585.109375>
[COT 2024-02-15 19:49:29] 76561198036774377: Set GodMode To true [guid=mBNlxASsPlOcry0dpDl8K-WgHNR5WMCMmoJ9NhpU4FY=]
[COT 2024-02-15 19:49:30] 76561198036774377: Set Invisibility To 1 [guid=mBNlxASsPlOcry0dpDl8K-WgHNR5WMCMmoJ9NhpU4FY=]
[COT 2024-02-15 19:49:32] 76561198036774377: Healed [guid=mBNlxASsPlOcry0dpDl8K-WgHNR5WMCMmoJ9NhpU4FY=]
[COT 2024-02-15 20:08:36] 76561198036774377: Teleported to position <2265.523682, 94.510002, 6341.647949>
[COT 2024-02-15 20:08:54] 76561198036774377: Spawned Entity Citroen 2CV Rust  (Citroen2CV_rust<4c1d4a40>, 100, 5000, 0) at <2270.239990, 94.509987, 6341.183105>
[COT 2024-02-15 20:09:22] 76561198036774377: Teleported to position <3928.292969, 13.026251, 4788.078125>
[COT 2024-02-15 20:09:45] 76561198036774377: Teleported to position <6797.934082, 14.376179, 6793.746094>
[COT 2024-02-15 20:10:00] 76561198036774377: Spawned Entity HAMMER_H1 black_rust (HAMMER_H1_black_rust<8610d890>, 100, 1e+07, 0) at <6802.769531, 14.376197, 6792.103516>
[COT 2024-02-15 20:11:01] 76561198036774377: Teleported to position <4822.995117, 6.310000, 2270.789551>
