[COT 2024-03-10 03:12:56] 76561199407766611: Set GodMode To true [guid=spMEkRl42onhFHdF_u42e0T03x2sj347kUc600NXdGA=]
[COT 2024-03-10 03:12:58] 76561199407766611: Set Invisibility To 1 [guid=spMEkRl42onhFHdF_u42e0T03x2sj347kUc600NXdGA=]
[COT 2024-03-10 03:12:59] 76561199407766611: Healed [guid=spMEkRl42onhFHdF_u42e0T03x2sj347kUc600NXdGA=]
[COT 2024-03-10 03:16:56] 76561199407766611: Entered the Free Camera
[COT 2024-03-10 03:18:56] 76561199407766611: Left the Free Camera
[COT 2024-03-10 03:19:09] 76561199407766611: Entered the Free Camera
[COT 2024-03-10 03:19:40] 76561199407766611: Left the Free Camera
[COT 2024-03-10 03:20:05] 76561199407766611: Entered the Free Camera
[COT 2024-03-10 03:21:27] 76561199407766611: Left the Free Camera
[COT 2024-03-10 03:21:49] 76561199407766611: Entered the Free Camera
[COT 2024-03-10 03:22:02] 76561199407766611: Left the Free Camera
[COT 2024-03-10 03:22:18] 76561199407766611: Spawned Entity Punched Card (PunchedCard<9ec26010>, 100, 15, 0) at <3024.436279, 33.617405, 1206.296875>
[COT 2024-03-10 03:23:26] 76561199407766611: Entered the Free Camera
[COT 2024-03-10 03:26:10] 76561199407766611: Left the Free Camera
[COT 2024-03-10 03:26:20] 76561199407766611: Spawned Entity Rangefinder (Rangefinder<93b01a00>, 100, 70, 0) at <1531.071045, 166.375320, 6382.108887>
[COT 2024-03-10 03:30:16] 76561199407766611: Teleported to position <7618.501465, 8.750000, 3941.492188>
[COT 2024-03-10 03:30:18] 76561199407766611: Entered the Free Camera
[COT 2024-03-10 03:30:21] 76561199407766611: Entered the Free Camera
[COT 2024-03-10 03:30:43] 76561199407766611: Left the Free Camera
[COT 2024-03-10 03:31:15] 76561199407766611: Entered the Free Camera
[COT 2024-03-10 03:34:18] 76561199407766611: Left the Free Camera
[COT 2024-03-10 03:34:57] 76561199407766611: Spawned Entity Sea Chest (SeaChest<8b882320>, 100, 600, 0) at <556.273560, 1.952499, 3887.700684>
[COT 2024-03-10 03:34:57] 76561199407766611: Spawned Entity Sea Chest (SeaChest<8b89cef0>, 100, 600, 0) at <556.273560, 1.952499, 3887.700684>
[COT 2024-03-10 03:34:57] 76561199407766611: Spawned Entity Sea Chest (SeaChest<8b897e00>, 100, 600, 0) at <556.273560, 1.952499, 3887.700684>
[COT 2024-03-10 03:34:58] 76561199407766611: Spawned Entity Sea Chest (SeaChest<8b89fd30>, 100, 600, 0) at <556.273560, 1.952499, 3887.700684>
[COT 2024-03-10 03:36:40] 76561199407766611: Spawned Entity Initiates Chain Coif of The Withering Flesh (DOC_CULT_CHAINCOIF<84405570>, 100, 500, 0) at <558.467163, 1.952484, 3886.306152>
[COT 2024-03-10 03:38:19] 76561199407766611: Spawned Entity Doc's Glock - Tan/Green (DOC_GLOCK_TANGRN<8b1ea720>, 100, 2800, 0) at <554.544373, 1.952499, 3889.070557>
[COT 2024-03-10 03:38:19] 76561199407766611: Spawned Entity Doc's Glock - Tan/Green (DOC_GLOCK_TANGRN<8b1bf2d0>, 100, 2800, 0) at <554.544373, 1.952499, 3889.070557>
[COT 2024-03-10 03:38:20] 76561199407766611: Spawned Entity Doc's Glock - Tan/Green (DOC_GLOCK_TANGRN<8b1cddf0>, 100, 2800, 0) at <554.544373, 1.952499, 3889.070557>
[COT 2024-03-10 03:38:20] 76561199407766611: Spawned Entity Doc's Glock - Tan/Green (DOC_GLOCK_TANGRN<8b1c8280>, 100, 2800, 0) at <554.544373, 1.952499, 3889.070557>
[COT 2024-03-10 03:39:01] 76561199407766611: Spawned Entity Doc's Turquoise Pistol Suppressor (ItemSuppressor<3a06320>, 69, 1800, 0) at <554.544373, 1.952499, 3889.070557>
[COT 2024-03-10 03:39:02] 76561199407766611: Spawned Entity Doc's Turquoise Pistol Suppressor (ItemSuppressor<39ffb10>, 69, 1800, 0) at <554.544373, 1.952499, 3889.070557>
[COT 2024-03-10 03:39:02] 76561199407766611: Spawned Entity Doc's Turquoise Pistol Suppressor (ItemSuppressor<3a0ede0>, 69, 1800, 0) at <554.544373, 1.952499, 3889.070557>
[COT 2024-03-10 03:39:26] 76561199407766611: Spawned Entity Doc's FDE Pistol Suppressor (ItemSuppressor<9cdc80a0>, 100, 1800, 0) at <554.544373, 1.952499, 3889.070557>
[COT 2024-03-10 03:39:27] 76561199407766611: Spawned Entity Doc's FDE Pistol Suppressor (ItemSuppressor<9cdd39a0>, 100, 1800, 0) at <554.544373, 1.952499, 3889.070557>
[COT 2024-03-10 03:39:27] 76561199407766611: Spawned Entity Doc's FDE Pistol Suppressor (ItemSuppressor<9cdd16f0>, 100, 1800, 0) at <554.544373, 1.952499, 3889.070557>
[COT 2024-03-10 03:39:28] 76561199407766611: Spawned Entity Doc's FDE Pistol Suppressor (ItemSuppressor<9cdd67e0>, 100, 1800, 0) at <554.544373, 1.952499, 3889.070557>
[COT 2024-03-10 03:39:28] 76561199407766611: Spawned Entity Doc's FDE Pistol Suppressor (ItemSuppressor<9cdcffd0>, 100, 1800, 0) at <554.544373, 1.952499, 3889.070557>
