[COT 2024-02-12 20:36:17] 76561199407766611: Set GodMode To true [guid=spMEkRl42onhFHdF_u42e0T03x2sj347kUc600NXdGA=]
[COT 2024-02-12 20:36:18] 76561199407766611: Set Invisibility To 1 [guid=spMEkRl42onhFHdF_u42e0T03x2sj347kUc600NXdGA=]
[COT 2024-02-12 20:36:19] 76561199407766611: Set UnlimitedStamina To true [guid=spMEkRl42onhFHdF_u42e0T03x2sj347kUc600NXdGA=]
[COT 2024-02-12 20:36:19] 76561199407766611: Set UnlimitedAmmo To true [guid=spMEkRl42onhFHdF_u42e0T03x2sj347kUc600NXdGA=]
[COT 2024-02-12 20:36:24] 76561199407766611: Set the date to 2024/9/30 12:0
[COT 2024-02-12 20:36:25] 76561199407766611: Set rain to 0 0 0
[COT 2024-02-12 20:36:25] 76561199407766611: Set storm to 0 0.8 4000
[COT 2024-02-12 20:36:25] 76561199407766611: Set fog to 0.0359293 0 0
[COT 2024-02-12 20:36:25] 76561199407766611: Set overcast to 0.456693 0 0
[COT 2024-02-12 20:36:25] 76561199407766611: Set the date to 2024/9/30 12:0
[COT 2024-02-12 20:36:25] 76561199407766611: Set wind to 11.2314 11.2314 1
[COT 2024-02-12 20:36:52] 76561199407766611: Teleported to position <1500.939819, 117.577461, 6403.980469>
[COT 2024-02-12 20:36:56] 76561199407766611: Entered the Free Camera
[COT 2024-02-12 20:37:22] 76561199407766611: Left the Free Camera
[COT 2024-02-12 20:37:54] 76561199407766611: Spawned Entity ADMIN HAMMER (BBP_Admin_Hammer<e06ec6d0>, 100, 100, 0) at <1836.545532, 99.301498, 6859.662109>
[COT 2024-02-12 20:38:06] 76561199407766611: Spawned Entity Construction Permit (BBP_BuildPermit<e06deb20>, 100, 100, 0) at <1836.522705, 99.301498, 6859.687500>
[COT 2024-02-12 20:38:25] 76561199407766611: Spawned Entity Flag Pole Kit (TerritoryFlagKit<e06df6b0>, 100, 200, 0) at <1836.558105, 99.353928, 6859.668457>
[COT 2024-02-12 20:40:16] 76561199407766611: Spawned Entity (Large/Small) Door Kit (BBP_Door_Kit<e06df6b0>, 100, 100, 0) at <1833.679321, 98.690018, 6857.599121>
[COT 2024-02-12 20:40:16] 76561199407766611: Spawned Entity (Large/Small) Door Kit (BBP_Door_Kit<e06f00a0>, 100, 100, 0) at <1833.956299, 98.975075, 6857.653809>
[COT 2024-02-12 20:40:16] 76561199407766611: Spawned Entity (Large/Small) Door Kit (BBP_Door_Kit<e06ebb40>, 100, 100, 0) at <1834.146240, 99.170601, 6857.690918>
[COT 2024-02-12 20:42:27] 76561199407766611: Spawned Entity BBP Workbench Kit (BBP_Workbench_Kit<e06df6b0>, 100, 100, 0) at <1840.322266, 99.301498, 6858.871094>
[COT 2024-02-12 20:42:36] 76561199407766611: Spawned Entity (Large/Small) Wall Kit (BBP_Wall_Kit<e06ef510>, 100, 100, 0) at <1840.164307, 99.779099, 6858.926270>
[COT 2024-02-12 20:42:37] 76561199407766611: Spawned Entity (Large/Small) Wall Kit (BBP_Wall_Kit<e06f17c0>, 100, 100, 0) at <1840.167603, 99.779106, 6858.927246>
[COT 2024-02-12 20:42:37] 76561199407766611: Spawned Entity (Large/Small) Wall Kit (BBP_Wall_Kit<e06eddf0>, 100, 100, 0) at <1840.169922, 99.779106, 6858.927734>
[COT 2024-02-12 20:45:10] 76561199407766611: Spawned Entity MMG Equipment Locker Green Kit (mmg_equipment_locker_green_kit<e06f00a0>, 100, 1000, 0) at <1839.448120, 99.301498, 6858.781250>
[COT 2024-02-12 20:47:26] 76561199407766611: Spawned Entity 15rd Mlock-91 Mag (Mag_Glock_15Rnd<e06f17c0>, 15, 100, 0) at <1841.949829, 99.301498, 6864.214844>
[COT 2024-02-12 20:47:26] 76561199407766611: Spawned Entity 15rd Mlock-91 Mag (Mag_Glock_15Rnd<e06eafb0>, 15, 100, 0) at <1841.912231, 99.372971, 6864.192383>
[COT 2024-02-12 20:47:26] 76561199407766611: Spawned Entity 15rd Mlock-91 Mag (Mag_Glock_15Rnd<e06f00a0>, 15, 100, 0) at <1841.874268, 99.444458, 6864.170410>
[COT 2024-02-12 20:47:27] 76561199407766611: Spawned Entity 15rd Mlock-91 Mag (Mag_Glock_15Rnd<e06f2350>, 15, 100, 0) at <1841.835327, 99.515938, 6864.147949>
[COT 2024-02-12 20:47:27] 76561199407766611: Spawned Entity 15rd Mlock-91 Mag (Mag_Glock_15Rnd<e06ebb40>, 15, 100, 0) at <1841.796143, 99.586983, 6864.126465>
[COT 2024-02-12 20:47:37] 76561199407766611: Spawned Entity Doc's Glock - Turquoise/Grey (DOC_GLOCK_TRQGRY<b0342840>, 15, 2800, 0) at <1841.758301, 99.658455, 6864.099121>
[COT 2024-02-12 20:47:50] 76561199407766611: Spawned Entity Blue's Pistol Suppressor (ItemSuppressor<e06f2ee0>, 15, 1800, 0) at <1841.731079, 99.722939, 6864.081055>
[COT 2024-02-12 20:48:59] 76561199407766611: Spawned Entity Chicken Jacket 1 (DOC_BOMBERJACKET_CHOOK1<e06df6b0>, 100, 100, 0) at <1842.224365, 99.301498, 6864.925781>
[COT 2024-02-12 20:49:09] 76561199407766611: Spawned Entity Fishing Rod (FishingRod<e06eddf0>, 100, 150, 0) at <1842.087524, 99.390419, 6864.798828>
[COT 2024-02-12 20:50:08] 76561199407766611: Spawned Entity Karambit Carbon (DOC_COMBATKNIFE_BASE<e06fa280>, 100, 150, 0) at <1842.709106, 99.301498, 6864.841309>
[COT 2024-02-12 20:50:19] 76561199407766611: Spawned Entity Fange (FangeKnife<e06fb9a0>, 100, 130, 0) at <1842.695190, 99.357430, 6864.834473>
[COT 2024-02-12 20:50:52] 76561199407766611: Spawned Entity Code Lock (ExpansionCodeLock<e06fe7e0>, 100, 100, 0) at <1843.614014, 99.493088, 6865.165039>
[COT 2024-02-12 20:50:52] 76561199407766611: Spawned Entity Code Lock (ExpansionCodeLock<e07021b0>, 100, 100, 0) at <1843.595337, 99.514709, 6865.155762>
[COT 2024-02-12 20:50:52] 76561199407766611: Spawned Entity Code Lock (ExpansionCodeLock<e0702d40>, 100, 100, 0) at <1843.577026, 99.535019, 6865.145996>
[COT 2024-02-12 20:50:53] 76561199407766611: Spawned Entity Code Lock (ExpansionCodeLock<e06fc530>, 100, 100, 0) at <1843.558472, 99.555328, 6865.136230>
[COT 2024-02-12 20:52:48] 76561199407766611: Deleted Entity BBP_SDoor:6309 at <1839.768311, 99.261505, 6860.621094>
[COT 2024-02-12 20:53:36] 76561199407766611: Spawned Entity MVS Canteen - Midnight Camo (Canteen<da7c04a0>, 1000, 100, 512) at <1842.681030, 99.301498, 6864.955566>
[COT 2024-02-12 20:53:37] 76561199407766611: Spawned Entity MVS Canteen - Midnight Camo (Canteen<da7c40f0>, 1000, 100, 512) at <1842.586304, 99.467613, 6864.903320>
[COT 2024-02-12 20:53:47] 76561199407766611: Spawned Entity Canned Bacon (TacticalBaconCan<e06fd0c0>, 1000, 100, 0) at <1842.509399, 99.595940, 6864.861816>
[COT 2024-02-12 20:53:47] 76561199407766611: Spawned Entity Canned Bacon (TacticalBaconCan<e06fdc50>, 1000, 100, 0) at <1842.440674, 99.717621, 6864.821289>
[COT 2024-02-12 20:53:47] 76561199407766611: Spawned Entity Canned Bacon (TacticalBaconCan<e06f96f0>, 1000, 100, 0) at <1842.387207, 99.813507, 6864.789063>
[COT 2024-02-12 20:53:53] 76561199407766611: Spawned Entity Can Opener (CanOpener<e0700a90>, 1000, 20, 0) at <1842.315674, 99.946594, 6864.743652>
[COT 2024-02-12 20:55:08] 76561199407766611: Spawned Entity MMG Equipment Locker Black Kit (mmg_equipment_locker_black_kit<e0701620>, 100, 1000, 0) at <1842.660034, 99.301498, 6864.444336>
[COT 2024-02-12 20:55:23] 76561199407766611: Deleted Entity mmg_equipment_locker_green:4992 at <1843.921753, 99.261505, 6865.032715>
[COT 2024-02-12 20:56:31] 76561199407766611: Deleted Entity TerritoryFlag:6500 at <1837.544189, 102.677032, 6860.270996>
[COT 2024-02-12 20:57:06] 76561199407766611: Spawned Entity Flag Pole Kit (TerritoryFlagKit<df785250>, 100, 200, 0) at <1842.717285, 99.301498, 6864.719238>
[COT 2024-02-12 20:58:03] 76561199407766611: Deleted Entity DOC_ADMIN_DOC_BOTTOM:4097 at <1842.813110, 99.267624, 6864.937988>
[COT 2024-02-12 20:58:13] 76561199407766611: Spawned Entity ADMIN GEAR-DOC-BOTTOM (DOC_ADMIN_DOC_BOTTOM<df78a340>, 100, 50, 0) at <1842.981079, 99.301498, 6864.920898>
[COT 2024-02-12 20:58:37] 76561199407766611: Spawned Entity Plank (WoodenPlank<df786970>, 10, 100, 0) at <1842.921021, 99.301498, 6864.886719>
[COT 2024-02-12 20:58:37] 76561199407766611: Spawned Entity Plank (WoodenPlank<df787500>, 10, 100, 0) at <1842.866821, 99.450790, 6864.878906>
[COT 2024-02-12 20:59:15] 76561199407766611: Spawned Entity Nails (Nail<df77d320>, 99, 80, 0) at <1841.202148, 99.301498, 6858.233887>
