[COT 2024-02-05 05:07:32] 76561199108250772: ESP: Viewing ESP
[COT 2024-02-05 05:07:39] 76561199108250772: ESP index=0 target=Nail:4099 position=<6447.078125, 19.722420, 6967.468262> action=delete
[COT 2024-02-05 05:07:39] 76561199108250772: ESP index=1 target=WoodenPlank:6197 position=<6447.078125, 19.790737, 6967.468262> action=delete
[COT 2024-02-05 05:07:39] 76561199108250772: ESP action=delete_all count=2 attempted=2
[COT 2024-02-05 05:07:40] 76561199108250772: ESP index=0 target=WoodenPlank:6305 position=<6447.078125, 19.790737, 6967.468262> action=delete
[COT 2024-02-05 05:07:40] 76561199108250772: ESP index=1 target=Nail:5979 position=<6447.078125, 19.722420, 6967.468262> action=delete
[COT 2024-02-05 05:07:40] 76561199108250772: ESP action=delete_all count=2 attempted=2
[COT 2024-02-05 05:07:44] 76561199108250772: ESP index=0 target=WoodenPlank:4886 position=<6447.368164, 16.787981, 6964.482422> action=delete
[COT 2024-02-05 05:07:44] 76561199108250772: ESP index=1 target=Nail:6712 position=<6447.368164, 16.719664, 6964.482422> action=delete
[COT 2024-02-05 05:07:44] 76561199108250772: ESP action=delete_all count=2 attempted=2
[COT 2024-02-05 05:07:46] 76561199108250772: ESP index=0 target=Nail:6435 position=<6447.368164, 16.719664, 6964.482422> action=delete
[COT 2024-02-05 05:07:46] 76561199108250772: ESP index=1 target=WoodenPlank:5433 position=<6447.368164, 16.787981, 6964.482422> action=delete
[COT 2024-02-05 05:07:46] 76561199108250772: ESP action=delete_all count=2 attempted=2
[COT 2024-02-05 05:07:49] 76561199108250772: ESP index=0 target=ExpansionLumber3:6569 position=<6447.368164, 16.776098, 6964.482422> action=delete
[COT 2024-02-05 05:07:49] 76561199108250772: ESP action=delete_all count=1 attempted=1
[COT 2024-02-05 05:07:52] 76561199108250772: ESP index=0 target=ExpansionLumber3:6540 position=<6447.368164, 16.702999, 6964.482422> action=delete
[COT 2024-02-05 05:07:52] 76561199108250772: ESP action=delete_all count=1 attempted=1
[COT 2024-02-05 05:08:02] 76561199108250772: Set GodMode To true [guid=OAdpPkJP2Ps_W7h2ttR1bK23ekHCzrxw0mDT3zqLMdU=]
[COT 2024-02-05 05:08:03] 76561199108250772: Set GodMode To false [guid=OAdpPkJP2Ps_W7h2ttR1bK23ekHCzrxw0mDT3zqLMdU=]
[COT 2024-02-05 05:08:06] 76561199108250772: ESP: Clearing ESP
[COT 2024-02-05 05:08:06] 76561199108250772: ESP: Viewing ESP
[COT 2024-02-05 05:08:09] 76561199108250772: ESP index=0 target=ExpansionLumber3:5564 position=<6447.718750, 18.793705, 6972.214355> action=delete
[COT 2024-02-05 05:08:09] 76561199108250772: ESP action=delete_all count=1 attempted=1
[COT 2024-02-05 05:08:12] 76561199108250772: ESP: Clearing ESP
[COT 2024-02-05 05:09:20] 76561199108250772: Set the date to 2024/10/7 12:0
[COT 2024-02-05 05:09:21] 76561199108250772: Set rain to 0 0 0
[COT 2024-02-05 05:09:21] 76561199108250772: Set storm to 0 0.8 4000
[COT 2024-02-05 05:09:21] 76561199108250772: Set fog to 0 0 0
[COT 2024-02-05 05:09:21] 76561199108250772: Set overcast to 0 0 0
[COT 2024-02-05 05:09:21] 76561199108250772: Set wind to 0 0 1
[COT 2024-02-05 05:09:46] 76561199108250772: Set GodMode To true [guid=OAdpPkJP2Ps_W7h2ttR1bK23ekHCzrxw0mDT3zqLMdU=]
[COT 2024-02-05 05:09:47] 76561199108250772: Set cannot be targeted by AI to true [guid=OAdpPkJP2Ps_W7h2ttR1bK23ekHCzrxw0mDT3zqLMdU=]
[COT 2024-02-05 05:09:47] 76561199108250772: Set UnlimitedStamina To true [guid=OAdpPkJP2Ps_W7h2ttR1bK23ekHCzrxw0mDT3zqLMdU=]
[COT 2024-02-05 05:09:48] 76561199108250772: Set UnlimitedAmmo To true [guid=OAdpPkJP2Ps_W7h2ttR1bK23ekHCzrxw0mDT3zqLMdU=]
[COT 2024-02-05 05:10:00] 76561199108250772: Teleported to position <1936.363281, 5.870000, 7823.314941>
[COT 2024-02-05 05:10:18] 76561199108250772: Spawned Entity Sea Chest (SeaChest<61840610>, 100, 600, 0) at <1951.408325, 6.016983, 7835.554688>
[COT 2024-02-05 05:10:28] 76561199108250772: Spawned Entity Plastic Bottle (WaterBottle<8345b1f0>, 1000, 50, 512) at <1950.943237, 6.016982, 7834.942383>
[COT 2024-02-05 05:10:29] 76561199108250772: Spawned Entity Plastic Bottle (WaterBottle<83454560>, 1000, 50, 512) at <1951.038086, 6.160935, 7834.942871>
[COT 2024-02-05 05:10:34] 76561199108250772: Spawned Entity Canned Tuna (TunaCan<618411a0>, 1000, 70, 0) at <1951.118652, 6.283030, 7834.943359>
[COT 2024-02-05 05:10:35] 76561199108250772: Spawned Entity Canned Tuna (TunaCan<618602d0>, 1000, 70, 0) at <1951.164795, 6.353089, 7834.943359>
[COT 2024-02-05 05:10:51] 76561199108250772: Spawned Entity Sharpening Stone (Whetstone<61865f50>, 100, 50, 0) at <1951.133545, 6.016982, 7835.144043>
[COT 2024-02-05 05:10:51] 76561199108250772: Spawned Entity Sharpening Stone (Whetstone<dda8d430>, 100, 50, 0) at <1951.146851, 6.074443, 7835.122070>
[COT 2024-02-05 05:10:58] 76561199108250772: Spawned Entity Boxed Nails (NailBox<dd50cc80>, 100, 80, 0) at <1950.901733, 6.016982, 7835.222168>
[COT 2024-02-05 05:10:58] 76561199108250772: Spawned Entity Boxed Nails (NailBox<dd503630>, 100, 80, 0) at <1950.968262, 6.207886, 7835.140625>
[COT 2024-02-05 05:10:59] 76561199108250772: Spawned Entity Boxed Nails (NailBox<dda7e160>, 100, 80, 0) at <1951.032593, 6.392819, 7835.062012>
[COT 2024-02-05 05:10:59] 76561199108250772: Spawned Entity Boxed Nails (NailBox<dda85500>, 100, 80, 0) at <1951.099365, 6.584348, 7834.980469>
[COT 2024-02-05 05:11:05] 76561199108250772: Spawned Entity Splitting Axe (WoodAxe<ddaa2380>, 100, 250, 0) at <1951.161255, 6.762092, 7834.904785>
[COT 2024-02-05 05:11:19] 76561199108250772: Spawned Entity Hand Saw (HandSaw<d9577c30>, 100, 100, 0) at <1951.201416, 6.877562, 7834.855469>
[COT 2024-02-05 05:11:41] 76561199108250772: Spawned Entity Hatchet (Hatchet<d95840c0>, 100, 150, 0) at <1951.225952, 6.016982, 7835.029785>
[COT 2024-02-05 05:11:42] 76561199108250772: Spawned Entity Hatchet (Hatchet<db540880>, 100, 150, 0) at <1951.229126, 6.086604, 7835.024414>
[COT 2024-02-05 05:11:58] 76561199108250772: Spawned Entity Rope (Rope<db556360>, 100, 200, 0) at <1951.133545, 6.016982, 7834.913574>
[COT 2024-02-05 05:11:58] 76561199108250772: Spawned Entity Rope (Rope<df03c6f0>, 100, 200, 0) at <1951.135498, 6.048463, 7834.910645>
[COT 2024-02-05 05:12:06] 76561199108250772: Spawned Entity Short Stick (WoodenStick<df047460>, 5, 50, 0) at <1951.137451, 6.079944, 7834.908203>
[COT 2024-02-05 05:12:56] 76561199108250772: Spawned Entity Wooden Crate (WoodenCrate<dbaac180>, 100, 400, 0) at <1950.630005, 9.266102, 7830.766113>
[COT 2024-02-05 05:13:33] 76561199108250772: Spawned Entity Field Backpack (AliceBag_Green<d8cd3a80>, 500, 130, 0) at <1949.082397, 9.266102, 7831.005371>
[COT 2024-02-05 05:13:38] 76561199108250772: Spawned Entity Assault Backpack (AssaultBag_Ttsko<d8aa3470>, 500, 200, 0) at <1948.393311, 9.266102, 7830.616211>
[COT 2024-02-05 05:13:54] 76561199108250772: Spawned Entity Assault Backpack (AssaultBag_ColorBase<d904d400>, 10, 200, 0) at <1948.192627, 9.266102, 7829.484375>
[COT 2024-02-05 05:15:36] 76561199108250772: Teleported to position <1487.817261, 50.805260, 7070.999512>
[COT 2024-02-05 05:15:50] 76561199108250772: Spawned Entity Sea Chest (SeaChest<dafa1400>, 100, 600, 0) at <1494.638794, 51.519047, 7055.401855>
[COT 2024-02-05 05:15:57] 76561199108250772: Spawned Entity Boxed Nails (NailBox<dafb06d0>, 100, 80, 0) at <1494.087769, 51.519047, 7055.761719>
[COT 2024-02-05 05:15:57] 76561199108250772: Spawned Entity Boxed Nails (NailBox<d9426f70>, 100, 80, 0) at <1494.010498, 51.717972, 7055.808594>
[COT 2024-02-05 05:15:57] 76561199108250772: Spawned Entity Boxed Nails (NailBox<d9420760>, 100, 80, 0) at <1493.933350, 51.916592, 7055.855469>
[COT 2024-02-05 05:16:15] 76561199108250772: Spawned Entity Fishing Rod (FishingRod<d9433400>, 100, 150, 0) at <1493.733276, 51.519047, 7056.084473>
[COT 2024-02-05 05:16:39] 76561199108250772: Spawned Entity Leather Backpack (LeatherSack_Black<ded3c9c0>, 100, 200, 0) at <1493.482056, 51.519047, 7056.247070>
[COT 2024-02-05 05:16:52] 76561199108250772: Spawned Entity Fange (FangeKnife<df9fa2e0>, 100, 130, 0) at <1493.784302, 51.519047, 7055.934570>
[COT 2024-02-05 05:16:57] 76561199108250772: Spawned Entity Gun Cleaning Kit (WeaponCleaningKit<db569000>, 100, 100, 0) at <1493.758179, 51.589657, 7055.954590>
[COT 2024-02-05 05:17:38] 76561199108250772: Teleported to position <2744.344727, 6.446985, 7420.315918>
[COT 2024-02-05 05:18:19] 76561199108250772: Spawned Entity Sea Chest (SeaChest<dda7f880>, 100, 600, 0) at <2742.526367, 6.746405, 7423.727051>
[COT 2024-02-05 05:18:39] 76561199108250772: Spawned Entity Boxed Nails (NailBox<dcf50b30>, 100, 80, 0) at <2743.152588, 6.746405, 7423.984375>
[COT 2024-02-05 05:18:39] 76561199108250772: Spawned Entity Boxed Nails (NailBox<db823260>, 100, 80, 0) at <2743.242188, 6.931274, 7424.007324>
[COT 2024-02-05 05:18:40] 76561199108250772: Spawned Entity Boxed Nails (NailBox<d96e6b40>, 100, 80, 0) at <2743.336914, 7.127115, 7424.031738>
[COT 2024-02-05 05:18:52] 76561199108250772: Spawned Entity Hatchet (Hatchet<dcf5c430>, 100, 150, 0) at <2743.398926, 6.746405, 7423.993164>
[COT 2024-02-05 05:18:58] 76561199108250772: Spawned Entity Splitting Axe (WoodAxe<dda79070>, 100, 250, 0) at <2743.419678, 6.816910, 7423.999023>
[COT 2024-02-05 05:18:59] 76561199108250772: Spawned Entity Splitting Axe (WoodAxe<dcf73630>, 100, 250, 0) at <2743.453369, 6.932381, 7424.008301>
[COT 2024-02-05 05:19:23] 76561199108250772: Teleported to position <1499.796875, 62.104900, 6869.183594>
[COT 2024-02-05 05:20:31] 76561199108250772: Spawned Entity Gunrack (ExpansionGunrack<ddab3900>, 50, 600, 0) at <1476.645996, 62.079037, 6880.640137>
[COT 2024-02-05 05:20:52] 76561199108250772: Spawned Entity SK 59/66 (SKS_Base<61ecfb50>, 150, 300, 0) at <1477.482300, 62.079037, 6880.919922>
[COT 2024-02-05 05:20:52] 76561199108250772: Spawned Entity SK 59/66 (SKS_Base<61edb7c0>, 150, 300, 0) at <1477.504639, 62.150623, 6880.947754>
[COT 2024-02-05 05:20:54] 76561199108250772: Spawned Entity SK 59/66 (SKS_Base<61ed8580>, 150, 300, 0) at <1477.535034, 62.247894, 6880.985840>
[COT 2024-02-05 05:20:55] 76561199108250772: Spawned Entity SK 59/66 (SKS_Base<61ed9ea0>, 150, 300, 0) at <1477.559937, 62.327751, 6881.017090>
[COT 2024-02-05 05:21:15] 76561199108250772: Spawned Entity Wooden Crate (WoodenCrate<d8cd2ef0>, 100, 400, 0) at <1479.454956, 62.079037, 6880.396484>
[COT 2024-02-05 05:21:27] 76561199108250772: Spawned Entity Boxed 7.62x39mm Tracer Rounds (AmmoBox_762x39Tracer_20Rnd<df616020>, 5, 100, 0) at <1479.635132, 62.079037, 6880.964844>
[COT 2024-02-05 05:21:27] 76561199108250772: Spawned Entity Boxed 7.62x39mm Tracer Rounds (AmmoBox_762x39Tracer_20Rnd<df5de5d0>, 5, 100, 0) at <1479.604248, 62.132305, 6880.974121>
[COT 2024-02-05 05:21:28] 76561199108250772: Spawned Entity Boxed 7.62x39mm Tracer Rounds (AmmoBox_762x39Tracer_20Rnd<df5e87b0>, 5, 100, 0) at <1479.573486, 62.185570, 6880.983398>
[COT 2024-02-05 05:21:28] 76561199108250772: Spawned Entity Boxed 7.62x39mm Tracer Rounds (AmmoBox_762x39Tracer_20Rnd<df5f7a80>, 5, 100, 0) at <1479.542358, 62.239372, 6880.992676>
[COT 2024-02-05 05:21:28] 76561199108250772: Spawned Entity Boxed 7.62x39mm Tracer Rounds (AmmoBox_762x39Tracer_20Rnd<ded3f800>, 5, 100, 0) at <1479.511230, 62.293171, 6881.001953>
[COT 2024-02-05 05:22:11] 76561199108250772: Teleported to position <1477.062012, 76.283119, 6033.225098>
[COT 2024-02-05 05:22:51] 76561199108250772: Spawned Entity Sea Chest (SeaChest<a0f09e10>, 100, 600, 0) at <1479.114014, 79.649696, 6053.201172>
[COT 2024-02-05 05:23:19] 76561199108250772: Spawned Entity CR-527 (CZ527_Base<61edc450>, 100, 300, 0) at <1480.545410, 79.368942, 6052.962402>
[COT 2024-02-05 05:23:24] 76561199108250772: Spawned Entity LAR (FAL_Base<61edd0e0>, 100, 300, 0) at <1480.445313, 79.368942, 6053.554199>
[COT 2024-02-05 05:23:42] 76561199108250772: Teleported to position <2473.674561, 50.739754, 6731.506836>
[COT 2024-02-05 05:23:47] 76561199108250772: Teleported to position <2474.549316, 50.671951, 6730.631836>
[COT 2024-02-05 05:24:14] 76561199108250772: Spawned Entity MVS Armor Rack Kit (ArmorRack_Kit<648d89c0>, 50, 400, 0) at <2487.281982, 50.690842, 6741.094727>
[COT 2024-02-05 05:25:41] 76561199108250772: Spawned Entity MVS Chestrig - Black (ModularChestRig_Base<648c0c30>, 1000, 100, 0) at <2486.071045, 50.690842, 6742.174316>
[COT 2024-02-05 05:25:56] 76561199108250772: Spawned Entity MVS Warrior Helmet - Black (Mich2001Helmet<648c8b60>, 1000, 100, 0) at <2485.968018, 50.690842, 6742.645508>
[COT 2024-02-05 05:26:08] 76561199108250772: Spawned Entity MVS Rucksack - Black (MountainBag_ColorBase<648c7440>, 1000, 300, 0) at <2485.904297, 50.922096, 6742.512207>
[COT 2024-02-05 05:27:16] 76561199108250772: Spawned Entity Screwdriver (Screwdriver<648cf370>, 100, 100, 0) at <2485.096680, 50.690842, 6742.257324>
[COT 2024-02-05 05:27:34] 76561199108250772: Spawned Entity MVS Armor Rack Kit (ArmorRack_Kit<648cb9a0>, 100, 400, 0) at <2485.427734, 50.690842, 6742.803223>
[COT 2024-02-05 05:29:37] 76561199108250772: Teleported to position <1619.433105, 69.651138, 5833.818359>
[COT 2024-02-05 05:29:58] 76561199108250772: Spawned Entity Ammo Box (AmmoBox<63fbea60>, 100, 300, 0) at <1631.018677, 72.262558, 5838.787598>
[COT 2024-02-05 05:30:09] 76561199108250772: Spawned Entity Boxed 5.56x45mm Rounds (AmmoBox_556x45_20Rnd<63fcba80>, 80, 100, 0) at <1630.635742, 72.262558, 5838.602539>
[COT 2024-02-05 05:30:09] 76561199108250772: Spawned Entity Boxed 5.56x45mm Rounds (AmmoBox_556x45_20Rnd<63fc6990>, 80, 100, 0) at <1630.626465, 72.282112, 5838.610840>
[COT 2024-02-05 05:30:10] 76561199108250772: Spawned Entity Boxed 5.56x45mm Rounds (AmmoBox_556x45_20Rnd<63fc7520>, 80, 100, 0) at <1630.617065, 72.301735, 5838.619141>
[COT 2024-02-05 05:30:10] 76561199108250772: Spawned Entity Boxed 5.56x45mm Rounds (AmmoBox_556x45_20Rnd<63fcaef0>, 80, 100, 0) at <1630.607544, 72.321358, 5838.627441>
[COT 2024-02-05 05:30:10] 76561199108250772: Spawned Entity Boxed 5.56x45mm Rounds (AmmoBox_556x45_20Rnd<63fc80b0>, 80, 100, 0) at <1630.598389, 72.340912, 5838.635742>
[COT 2024-02-05 05:30:12] 76561199108250772: Spawned Entity Boxed 5.56x45mm Rounds (AmmoBox_556x45_20Rnd<63fcc610>, 80, 100, 0) at <1630.588989, 72.360535, 5838.644531>
[COT 2024-02-05 05:30:12] 76561199108250772: Spawned Entity Boxed 5.56x45mm Rounds (AmmoBox_556x45_20Rnd<63fc5e00>, 80, 100, 0) at <1630.579590, 72.380157, 5838.652832>
[COT 2024-02-05 05:30:12] 76561199108250772: Spawned Entity Boxed 5.56x45mm Rounds (AmmoBox_556x45_20Rnd<63fcd1a0>, 80, 100, 0) at <1630.570313, 72.399712, 5838.661133>
[COT 2024-02-05 05:30:13] 76561199108250772: Spawned Entity Boxed 5.56x45mm Rounds (AmmoBox_556x45_20Rnd<63fce8c0>, 80, 100, 0) at <1630.560913, 72.419334, 5838.669434>
[COT 2024-02-05 05:30:13] 76561199108250772: Spawned Entity Boxed 5.56x45mm Rounds (AmmoBox_556x45_20Rnd<63fca360>, 80, 100, 0) at <1630.551514, 72.438957, 5838.678223>
[COT 2024-02-05 05:30:59] 76561199108250772: Spawned Entity Sea Chest (SeaChest<63fd39b0>, 100, 600, 0) at <1631.260620, 72.262558, 5838.146484>
[COT 2024-02-05 05:31:39] 76561199108250772: Spawned Entity Doc's Royalfoil M4 (DOC_M4_ROYALFOIL<61ee0fb0>, 150, 1200, 0) at <1630.633423, 72.262558, 5838.670898>
[COT 2024-02-05 05:31:40] 76561199108250772: Spawned Entity Doc's Royalfoil M4 (DOC_M4_ROYALFOIL<61eed8b0>, 150, 1200, 0) at <1630.607666, 72.348000, 5838.688965>
[COT 2024-02-05 05:32:02] 76561199108250772: Teleported to position <329.284729, 5.764629, 6310.849609>
[COT 2024-02-05 05:33:59] 76561199108250772: Teleported to position <1808.411987, 98.690002, 6866.908203>
[COT 2024-02-05 05:34:19] 76561199108250772: Spawned Entity Sea Chest (SeaChest<59c81ab0>, 100, 600, 0) at <1833.168701, 98.690010, 6833.324219>
[COT 2024-02-05 05:34:21] 76561199108250772: Spawned Entity Sea Chest (SeaChest<59c83d60>, 100, 600, 0) at <1834.346802, 98.690002, 6832.336914>
[COT 2024-02-05 05:34:56] 76561199108250772: Spawned Entity Gold Bar (ExpansionGoldBar<59c899e0>, 5, 100, 0) at <1832.593384, 98.689995, 6832.879883>
[COT 2024-02-05 05:35:25] 76561199108250772: Spawned Entity Multivitamin Pills (VitaminBottle<59c831d0>, 50, 50, 0) at <1834.263672, 98.690002, 6831.520996>
[COT 2024-02-05 05:35:33] 76561199108250772: Spawned Entity Bandage (BandageDressing<6186de80>, 4, 50, 0) at <1834.197510, 98.815918, 6831.495605>
[COT 2024-02-05 05:35:34] 76561199108250772: Spawned Entity Bandage (BandageDressing<6186d2f0>, 4, 50, 0) at <1834.152100, 98.902344, 6831.478027>
[COT 2024-02-05 05:35:34] 76561199108250772: Spawned Entity Bandage (BandageDressing<6186f5a0>, 4, 50, 0) at <1834.106812, 98.988708, 6831.460449>
[COT 2024-02-05 05:35:34] 76561199108250772: Spawned Entity Bandage (BandageDressing<6186ea10>, 4, 50, 0) at <1834.062866, 99.072289, 6831.443848>
[COT 2024-02-05 05:35:44] 76561199108250772: Spawned Entity Tetracycline Pills (TetracyclineAntibiotics<6186c760>, 12, 30, 0) at <1834.017334, 99.158958, 6831.426270>
[COT 2024-02-05 05:35:44] 76561199108250772: Spawned Entity Tetracycline Pills (TetracyclineAntibiotics<6186a4b0>, 12, 30, 0) at <1833.981323, 99.227676, 6831.412598>
[COT 2024-02-05 05:36:59] 76561199108250772: Spawned Entity Alcoholic Tincture (DisinfectantAlcohol<61870130>, 200, 30, 0) at <1834.057373, 98.689995, 6831.593750>
[COT 2024-02-05 05:37:06] 76561199108250772: Spawned Entity Alcoholic Tincture (DisinfectantAlcohol<6186bbd0>, 200, 30, 0) at <1834.005005, 98.816475, 6831.560059>
[COT 2024-02-05 05:37:47] 76561199108250772: Teleported to position <2248.099854, 58.629135, 6122.520508>
[COT 2024-02-05 05:38:09] 76561199108250772: Spawned Entity Canteen (Canteen<66f0e590>, 1000, 100, 512) at <2252.599121, 62.346603, 6134.452637>
[COT 2024-02-05 05:38:11] 76561199108250772: Spawned Entity Canteen (Canteen<66f09120>, 1000, 100, 512) at <2253.094482, 62.346607, 6134.605469>
[COT 2024-02-05 05:38:23] 76561199108250772: Spawned Entity Canned Bacon (TacticalBaconCan<61874690>, 1000, 100, 0) at <2252.056641, 62.512466, 6130.041016>
[COT 2024-02-05 05:38:25] 76561199108250772: Spawned Entity Canned Bacon (TacticalBaconCan<61875db0>, 1000, 100, 0) at <2251.805908, 62.512466, 6130.312012>
[COT 2024-02-05 05:38:45] 76561199108250772: Teleported to position <6300.263672, 8.126946, 7090.666992>
[COT 2024-02-05 05:39:26] 76561199108250772: Entered the Free Camera
[COT 2024-02-05 05:40:03] 76561199108250772: Left the Free Camera
[COT 2024-02-05 05:40:10] 76561199108250772: Entered the Free Camera
[COT 2024-02-05 05:40:29] 76561199108250772: Left the Free Camera
[COT 2024-02-05 05:56:15] 76561199108250772: Teleported to position <3442.232178, 30.700001, 5301.816406>
[COT 2024-02-05 05:57:13] 76561199108250772: Teleported to position <4816.712891, 6.310000, 2273.482910>
[COT 2024-02-05 05:59:08] 76561199108250772: Entered the Free Camera
[COT 2024-02-05 05:59:37] 76561199108250772: Left the Free Camera
[COT 2024-02-05 06:00:13] 76561199108250772: Teleported to position <3566.600098, 4.441943, 4077.937988>
[COT 2024-02-05 06:00:39] 76561199108250772: Teleported to position <3433.047119, 29.757654, 5259.086914>
[COT 2024-02-05 06:01:06] 76561199108250772: Teleported to position <4848.726563, 9.227147, 2278.984863>
[COT 2024-02-05 06:01:55] 76561199108250772: Set the date to 2024/10/7 12:0
[COT 2024-02-05 06:01:56] 76561199108250772: Set rain to 0 0 0
[COT 2024-02-05 06:01:56] 76561199108250772: Set storm to 0 0.8 4000
[COT 2024-02-05 06:01:56] 76561199108250772: Set fog to 0 0 0
[COT 2024-02-05 06:01:56] 76561199108250772: Set overcast to 0 0 0
[COT 2024-02-05 06:01:56] 76561199108250772: Set wind to 0 0 1
