[COT 2024-03-13 04:09:35] 76561199108250772: Set GodMode To true [guid=OAdpPkJP2Ps_W7h2ttR1bK23ekHCzrxw0mDT3zqLMdU=]
[COT 2024-03-13 04:09:36] 76561199108250772: Set cannot be targeted by AI to true [guid=OAdpPkJP2Ps_W7h2ttR1bK23ekHCzrxw0mDT3zqLMdU=]
[COT 2024-03-13 04:09:36] 76561199108250772: Set UnlimitedStamina To true [guid=OAdpPkJP2Ps_W7h2ttR1bK23ekHCzrxw0mDT3zqLMdU=]
[COT 2024-03-13 04:09:37] 76561199108250772: Set UnlimitedAmmo To true [guid=OAdpPkJP2Ps_W7h2ttR1bK23ekHCzrxw0mDT3zqLMdU=]
[COT 2024-03-13 04:11:16] 76561199108250772: Teleported to position <6475.342285, 64.803680, 6511.351074>
[COT 2024-03-13 04:11:48] 76561199108250772: Teleported to position <6270.782715, 16.593679, 6506.713379>
[COT 2024-03-13 04:12:42] 76561199108250772: Spawned Entity Splitting Axe (WoodAxe<8761fa50>, 100, 250, 0) at <6428.938965, 68.326981, 6522.540039>
[COT 2024-03-13 04:13:50] 76561199108250772: ESP: Viewing ESP
[COT 2024-03-13 04:14:03] 76561199108250772: ESP index=0 target=BBP_Bwall:13894 position=<6474.305176, 66.703087, 6533.018066> action=delete
[COT 2024-03-13 04:14:03] 76561199108250772: ESP index=1 target=BBP_Bwall:13886 position=<6465.088379, 67.322052, 6544.986328> action=delete
[COT 2024-03-13 04:14:03] 76561199108250772: ESP index=2 target=BBP_Broof:13530 position=<6472.599609, 69.703087, 6535.351074> action=delete
[COT 2024-03-13 04:14:03] 76561199108250772: ESP index=3 target=ExpansionBarbedWire:13307 position=<6464.425293, 67.333725, 6545.714355> action=delete
[COT 2024-03-13 04:14:03] 76561199108250772: ESP index=4 target=BBP_Swall:13399 position=<6468.250977, 67.322052, 6547.000977> action=delete
[COT 2024-03-13 04:14:03] 76561199108250772: ESP index=5 target=ExpansionBarbedWire:13226 position=<6466.095215, 69.253395, 6537.701172> action=delete
[COT 2024-03-13 04:14:03] 76561199108250772: ESP index=6 target=BBP_Swall:13135 position=<6476.261719, 66.703087, 6535.247559> action=delete
[COT 2024-03-13 04:14:03] 76561199108250772: ESP index=7 target=ExpansionBarbedWire:13035 position=<6462.793945, 69.325729, 6542.136719> action=delete
[COT 2024-03-13 04:14:03] 76561199108250772: ESP index=8 target=ExpansionBarbedWire:13018 position=<6474.983887, 66.649529, 6531.988281> action=delete
[COT 2024-03-13 04:14:03] 76561199108250772: ESP index=9 target=BBP_Bwall:13019 position=<6470.763672, 69.921097, 6537.861816> action=delete
[COT 2024-03-13 04:14:03] 76561199108250772: ESP index=10 target=BBP_BDoor:12606 position=<6470.259766, 66.703087, 6533.646484> action=delete
[COT 2024-03-13 04:14:03] 76561199108250772: ESP action=delete_all count=11 attempted=11
[COT 2024-03-13 04:14:10] 76561199108250772: ESP index=0 target=BBP_Swall:13858 position=<6471.643555, 77.636574, 6541.826660> action=delete
[COT 2024-03-13 04:14:10] 76561199108250772: ESP index=1 target=BBP_Bpillar:13851 position=<6470.123535, 77.776947, 6539.822754> action=delete
[COT 2024-03-13 04:14:10] 76561199108250772: ESP index=2 target=TerritoryFlag:13716 position=<6475.982910, 77.811409, 6541.302734> action=delete
[COT 2024-03-13 04:14:10] 76561199108250772: ESP index=3 target=BBP_Bfloor:13676 position=<6477.097168, 80.817421, 6545.292969> action=delete
[COT 2024-03-13 04:14:10] 76561199108250772: ESP index=4 target=BBP_Bwall:13536 position=<6478.649902, 81.035637, 6542.855469> action=delete
[COT 2024-03-13 04:14:10] 76561199108250772: ESP index=5 target=BBP_Bpillar:13456 position=<6469.908691, 77.776947, 6540.160156> action=delete
[COT 2024-03-13 04:14:10] 76561199108250772: ESP index=6 target=BBP_Bwall:13196 position=<6474.659668, 81.035637, 6543.740234> action=delete
[COT 2024-03-13 04:14:10] 76561199108250772: ESP index=7 target=BBP_Bwall:12775 position=<6470.763672, 72.921097, 6537.861816> action=delete
[COT 2024-03-13 04:14:10] 76561199108250772: ESP index=8 target=BBP_SDoor:13031 position=<6473.819336, 77.989868, 6541.773926> action=delete
[COT 2024-03-13 04:14:10] 76561199108250772: ESP index=9 target=BBP_SDoor:12599 position=<6472.301270, 79.950233, 6545.647461> action=delete
[COT 2024-03-13 04:14:10] 76561199108250772: ESP action=delete_all count=10 attempted=10
[COT 2024-03-13 04:14:14] 76561199108250772: ESP index=0 target=BBP_Swall:13554 position=<6472.880859, 77.658241, 6539.791992> action=delete
[COT 2024-03-13 04:14:14] 76561199108250772: ESP index=1 target=BBP_Swall:13525 position=<6471.639160, 77.658241, 6538.950684> action=delete
[COT 2024-03-13 04:14:14] 76561199108250772: ESP index=2 target=BBP_Swall:13157 position=<6470.526367, 77.776947, 6539.190430> action=delete
[COT 2024-03-13 04:14:14] 76561199108250772: ESP index=3 target=BBP_SDoor:13731 position=<6470.436035, 77.636574, 6540.936523> action=delete
[COT 2024-03-13 04:14:14] 76561199108250772: ESP action=delete_all count=4 attempted=4
[COT 2024-03-13 04:14:20] 76561199108250772: ESP index=0 target=BBP_Bfloor:13835 position=<6481.173340, 89.808495, 6551.039551> action=delete
[COT 2024-03-13 04:14:20] 76561199108250772: ESP index=1 target=BBP_Bwall:13881 position=<6486.985840, 90.026505, 6547.789063> action=delete
[COT 2024-03-13 04:14:20] 76561199108250772: ESP index=2 target=BBP_Bfloor:13597 position=<6483.157715, 89.807877, 6537.770996> action=delete
[COT 2024-03-13 04:14:20] 76561199108250772: ESP index=3 target=BBP_Bfloor:13582 position=<6484.621094, 89.808289, 6546.128906> action=delete
[COT 2024-03-13 04:14:20] 76561199108250772: ESP index=4 target=BBP_Bfloor:13162 position=<6488.068848, 89.808083, 6541.218262> action=delete
[COT 2024-03-13 04:14:20] 76561199108250772: ESP index=5 target=BBP_Bwall:12697 position=<6489.729492, 90.026299, 6538.853027> action=delete
[COT 2024-03-13 04:14:20] 76561199108250772: ESP index=6 target=BBP_BWindow:13963 position=<6484.818359, 90.026093, 6535.405762> action=delete
[COT 2024-03-13 04:14:20] 76561199108250772: ESP index=7 target=BBP_BWindow:13913 position=<6483.538086, 90.026711, 6552.699707> action=delete
[COT 2024-03-13 04:14:20] 76561199108250772: ESP index=8 target=BBP_BWindow:13002 position=<6490.433594, 90.026299, 6542.878418> action=delete
[COT 2024-03-13 04:14:20] 76561199108250772: ESP action=delete_all count=9 attempted=9
[COT 2024-03-13 04:14:31] 76561199108250772: ESP index=0 target=BBP_Bfloor:13726 position=<6472.815430, 89.808083, 6552.503418> action=delete
[COT 2024-03-13 04:14:31] 76561199108250772: ESP index=1 target=BBP_Bwall:13712 position=<6471.155273, 90.026299, 6554.869141> action=delete
[COT 2024-03-13 04:14:31] 76561199108250772: ESP index=2 target=BBP_Bfloor:13580 position=<6477.726563, 93.026505, 6555.951172> action=delete
[COT 2024-03-13 04:14:31] 76561199108250772: ESP index=3 target=BBP_Bwall:13461 position=<6480.091309, 90.026505, 6557.610840> action=delete
[COT 2024-03-13 04:14:31] 76561199108250772: ESP index=4 target=BBP_Bfloor:12781 position=<6477.726563, 89.808289, 6555.950684> action=delete
[COT 2024-03-13 04:14:31] 76561199108250772: ESP index=5 target=BBP_Bfloor:12818 position=<6467.904297, 89.807877, 6549.056152> action=delete
[COT 2024-03-13 04:14:31] 76561199108250772: ESP index=6 target=BBP_BWindow:13188 position=<6466.244141, 90.026299, 6551.421875> action=delete
[COT 2024-03-13 04:14:31] 76561199108250772: ESP index=7 target=BBP_BWindow:13714 position=<6465.539063, 90.026093, 6547.395508> action=delete
[COT 2024-03-13 04:14:31] 76561199108250772: ESP index=8 target=BBP_BWindow:12638 position=<6476.066406, 90.026505, 6558.316406> action=delete
[COT 2024-03-13 04:14:31] 76561199108250772: ESP action=delete_all count=9 attempted=9
[COT 2024-03-13 04:14:36] 76561199108250772: ESP index=0 target=BBP_Bfloor:13920 position=<6478.246582, 89.807671, 6534.323730> action=delete
[COT 2024-03-13 04:14:36] 76561199108250772: ESP index=1 target=BBP_SWindow:13414 position=<6467.723145, 90.026093, 6545.397949> action=delete
[COT 2024-03-13 04:14:36] 76561199108250772: ESP action=delete_all count=2 attempted=2
[COT 2024-03-13 04:14:40] 76561199108250772: ESP index=0 target=BBP_Step_Ladder:12691 position=<6469.421387, 67.202713, 6544.347656> action=delete
[COT 2024-03-13 04:14:40] 76561199108250772: ESP action=delete_all count=1 attempted=1
[COT 2024-03-13 04:14:55] 76561199108250772: ESP: Clearing ESP
[COT 2024-03-13 04:14:55] 76561199108250772: ESP: Viewing ESP
[COT 2024-03-13 04:15:00] 76561199108250772: ESP index=0 target=ExpansionBarbedWire:12609 position=<6447.614746, 68.389832, 6529.255859> action=delete
[COT 2024-03-13 04:15:00] 76561199108250772: ESP action=delete_all count=1 attempted=1
[COT 2024-03-13 04:15:07] 76561199108250772: ESP: Clearing ESP
[COT 2024-03-13 04:15:14] 76561199108250772: ESP: Viewing ESP
[COT 2024-03-13 04:15:15] 76561199108250772: ESP: Clearing ESP
[COT 2024-03-13 04:15:15] 76561199108250772: ESP: Viewing ESP
[COT 2024-03-13 04:15:45] 76561199108250772: ESP index=0 target=ExpansionSignDanger2:13391 position=<6467.652832, 71.708885, 6548.412109> action=delete
[COT 2024-03-13 04:15:45] 76561199108250772: ESP action=delete_all count=1 attempted=1
[COT 2024-03-13 04:17:51] 76561199108250772: ESP index=0 target=mmg_crate04_yellow:13974 position=<6478.526855, 89.414803, 6544.281250> action=delete
[COT 2024-03-13 04:17:51] 76561199108250772: ESP index=1 target=ExpansionSignDanger3:13927 position=<6479.868164, 81.051575, 6544.091797> action=delete
[COT 2024-03-13 04:17:51] 76561199108250772: ESP index=2 target=mmg_armored_cabinet_green:13929 position=<6473.023438, 89.425926, 6548.166992> action=delete
[COT 2024-03-13 04:17:51] 76561199108250772: ESP index=3 target=mmg_weapon_crate_wood:13819 position=<6475.667969, 77.811409, 6546.638672> action=delete
[COT 2024-03-13 04:17:51] 76561199108250772: ESP index=4 target=mmg_locker02_tan:13796 position=<6479.207031, 89.414803, 6543.140137> action=delete
[COT 2024-03-13 04:17:51] 76561199108250772: ESP index=5 target=mmg_trashcan_green:13689 position=<6475.993164, 89.414803, 6542.226563> action=delete
[COT 2024-03-13 04:17:51] 76561199108250772: ESP index=6 target=mmg_gear_stand:13695 position=<6472.026367, 89.421822, 6547.548828> action=delete
[COT 2024-03-13 04:17:51] 76561199108250772: ESP index=7 target=ExpansionGunrack:13666 position=<6478.430176, 77.811409, 6545.411133> action=delete
[COT 2024-03-13 04:17:51] 76561199108250772: ESP index=8 target=ExpansionSignDanger:13664 position=<6477.449219, 77.811409, 6540.722168> action=delete
[COT 2024-03-13 04:17:51] 76561199108250772: ESP index=9 target=ExpansionSafeLarge:13654 position=<6477.719238, 82.473946, 6545.500000> action=delete
[COT 2024-03-13 04:17:51] 76561199108250772: ESP index=10 target=ExpansionSignDanger3:13577 position=<6480.064453, 81.051575, 6543.743652> action=delete
[COT 2024-03-13 04:17:51] 76561199108250772: ESP index=11 target=mmg_gun_rack_blue:13537 position=<6474.997559, 89.373802, 6549.157227> action=delete
[COT 2024-03-13 04:17:51] 76561199108250772: ESP index=12 target=ExpansionGunrack:13513 position=<6471.180176, 89.414803, 6546.505371> action=delete
[COT 2024-03-13 04:17:51] 76561199108250772: ESP index=13 target=mmg_military_case_green:13334 position=<6477.085449, 89.414803, 6548.735352> action=delete
[COT 2024-03-13 04:17:51] 76561199108250772: ESP index=14 target=mmg_army_box_medic:13394 position=<6471.784668, 89.414803, 6545.479492> action=delete
[COT 2024-03-13 04:17:51] 76561199108250772: ESP index=15 target=SeaChest:13370 position=<6479.497559, 77.821014, 6544.695801> action=delete
[COT 2024-03-13 04:17:51] 76561199108250772: ESP index=16 target=Barrel_Blue:13260 position=<6478.496582, 89.414803, 6542.079590> action=delete
[COT 2024-03-13 04:17:51] 76561199108250772: ESP index=17 target=ExpansionSignRoadBarrier:13252 position=<6475.982910, 77.811409, 6541.302734> action=delete
[COT 2024-03-13 04:17:51] 76561199108250772: ESP index=18 target=mmg_army_box_medic:13237 position=<6476.306641, 89.414803, 6540.943848> action=delete
[COT 2024-03-13 04:17:51] 76561199108250772: ESP index=19 target=mmg_toolwagon_red:13043 position=<6476.382324, 81.051575, 6546.693359> action=delete
[COT 2024-03-13 04:17:51] 76561199108250772: ESP index=20 target=mmg_gear_stand:12892 position=<6478.847656, 89.449905, 6546.514648> action=delete
[COT 2024-03-13 04:17:51] 76561199108250772: ESP index=21 target=mmg_gear_stand:12821 position=<6478.517578, 89.414803, 6547.184570> action=delete
[COT 2024-03-13 04:17:51] 76561199108250772: ESP index=22 target=mmg_gun_wall_wooden:12738 position=<6474.515625, 90.529976, 6549.313965> action=delete
[COT 2024-03-13 04:17:51] 76561199108250772: ESP index=23 target=mmg_army_box_green:12686 position=<6476.801270, 77.811409, 6545.605469> action=delete
[COT 2024-03-13 04:17:51] 76561199108250772: ESP index=24 target=mmg_gun_rack_tan:12701 position=<6474.071289, 89.407837, 6548.587891> action=delete
[COT 2024-03-13 04:17:51] 76561199108250772: ESP index=25 target=mmg_fridge_minsk_blue:12633 position=<6477.674316, 89.414803, 6547.699707> action=delete
[COT 2024-03-13 04:17:51] 76561199108250772: ESP index=26 target=mmg_gear_stand:12620 position=<6476.373047, 89.414803, 6550.385742> action=delete
[COT 2024-03-13 04:17:51] 76561199108250772: ESP action=delete_all count=27 attempted=27
[COT 2024-03-13 04:17:56] 76561199108250772: ESP index=0 target=SmallProtectorCase:13511 position=<6475.573242, 89.473000, 6545.269531> action=delete
[COT 2024-03-13 04:17:56] 76561199108250772: ESP index=1 target=Barrel_Yellow:13169 position=<6480.247070, 77.811409, 6542.806641> action=delete
[COT 2024-03-13 04:17:56] 76561199108250772: ESP index=2 target=ExpansionSignRoadBarrier:13128 position=<6475.982910, 77.811409, 6541.302734> action=delete
[COT 2024-03-13 04:17:56] 76561199108250772: ESP index=3 target=mmg_equipment_locker_green:12939 position=<6477.326172, 89.414803, 6541.079102> action=delete
[COT 2024-03-13 04:17:56] 76561199108250772: ESP action=delete_all count=4 attempted=4
[COT 2024-03-13 04:17:58] 76561199108250772: ESP index=0 target=SmallProtectorCase:13570 position=<6475.573242, 89.475143, 6545.269531> action=delete
[COT 2024-03-13 04:17:58] 76561199108250772: ESP action=delete_all count=1 attempted=1
[COT 2024-03-13 04:18:05] 76561199108250772: ESP: Clearing ESP
[COT 2024-03-13 04:18:05] 76561199108250772: ESP: Viewing ESP
[COT 2024-03-13 04:18:08] 76561199108250772: ESP: Clearing ESP
[COT 2024-03-13 04:18:09] 76561199108250772: ESP: Viewing ESP
[COT 2024-03-13 04:18:13] 76561199108250772: ESP index=0 target=BBP_Workbench:13557 position=<6474.101563, 77.791412, 6545.935059> action=delete
[COT 2024-03-13 04:18:13] 76561199108250772: ESP index=1 target=PowerGenerator:13403 position=<6477.887207, 77.823853, 6543.174805> action=delete
[COT 2024-03-13 04:18:13] 76561199108250772: ESP index=2 target=BearTrap:12644 position=<6476.779785, 77.811401, 6543.781250> action=delete
[COT 2024-03-13 04:18:13] 76561199108250772: ESP action=delete_all count=3 attempted=3
[COT 2024-03-13 04:18:20] 76561199108250772: ESP: Clearing ESP
[COT 2024-03-13 04:18:21] 76561199108250772: ESP: Viewing ESP
[COT 2024-03-13 04:18:27] 76561199108250772: ESP index=0 target=LargeTent:13741 position=<6480.063965, 97.519272, 6542.371582> action=delete
[COT 2024-03-13 04:18:27] 76561199108250772: ESP index=1 target=PartyTent_Lunapark:13610 position=<6475.736328, 97.519272, 6546.348633> action=delete
[COT 2024-03-13 04:18:27] 76561199108250772: ESP index=2 target=LargeTent:13069 position=<6475.595215, 97.519272, 6540.467773> action=delete
[COT 2024-03-13 04:18:27] 76561199108250772: ESP index=3 target=PartyTent_Lunapark:12794 position=<6474.249023, 97.519272, 6548.722656> action=delete
[COT 2024-03-13 04:18:27] 76561199108250772: ESP action=delete_all count=4 attempted=4
[COT 2024-03-13 04:18:34] 76561199108250772: ESP: Clearing ESP
[COT 2024-03-13 04:18:34] 76561199108250772: ESP: Viewing ESP
[COT 2024-03-13 04:18:41] 76561199108250772: ESP: Clearing ESP
[COT 2024-03-13 04:19:14] 76561199108250772: ESP: Viewing ESP
[COT 2024-03-13 04:19:17] 76561199108250772: ESP index=0 target=BMW_X5:15463 position=<6472.936523, 66.902672, 6537.343750> action=delete
[COT 2024-03-13 04:19:17] 76561199108250772: ESP action=delete_all count=1 attempted=1
[COT 2024-03-13 04:19:21] 76561199108250772: ESP index=0 target=MBw140:15416 position=<6696.122559, 14.369902, 6800.777832> action=delete
[COT 2024-03-13 04:19:21] 76561199108250772: ESP action=delete_all count=1 attempted=1
[COT 2024-03-13 04:19:45] 76561199108250772: Entered the Free Camera
[COT 2024-03-13 04:20:05] 76561199108250772: Left the Free Camera
[COT 2024-03-13 04:20:16] 76561199108250772: Teleported [guid=KWl3ojgjStHOe3-iLRChpUG8crsNiNfei3BT6NCIfaw=] to <6431.162598, 54.967262, 6482.142578>
[COT 2024-03-13 04:20:32] 76561199108250772: Spawned Entity #STR_EXPANSION_ADMIN #STR_EXPANSION_CAR_KEYS (ExpansionCarAdminKey<89cfe800>, 100, 100, 0) at <6427.868652, 53.174911, 6481.363770>
[COT 2024-03-13 04:20:57] 76561199108250772: ESP: Clearing ESP
