[COT 2024-02-20 23:29:16] 76561199108250772: Set rain to 0 0 0
[COT 2024-02-20 23:29:16] 76561199108250772: Set storm to 0 0.8 4000
[COT 2024-02-20 23:29:16] 76561199108250772: Set fog to 0.0425897 0 0
[COT 2024-02-20 23:29:16] 76561199108250772: Set overcast to 0.11811 0 0
[COT 2024-02-20 23:29:16] 76561199108250772: Set the date to 2024/10/11 5:30
[COT 2024-02-20 23:29:16] 76561199108250772: Set wind to 19.884 19.884 1
[COT 2024-02-20 23:29:41] 76561199108250772: Set GodMode To true [guid=OAdpPkJP2Ps_W7h2ttR1bK23ekHCzrxw0mDT3zqLMdU=]
[COT 2024-02-20 23:29:42] 76561199108250772: Set UnlimitedAmmo To true [guid=OAdpPkJP2Ps_W7h2ttR1bK23ekHCzrxw0mDT3zqLMdU=]
[COT 2024-02-20 23:29:42] 76561199108250772: Set UnlimitedStamina To true [guid=OAdpPkJP2Ps_W7h2ttR1bK23ekHCzrxw0mDT3zqLMdU=]
[COT 2024-02-20 23:29:42] 76561199108250772: Set cannot be targeted by AI to true [guid=OAdpPkJP2Ps_W7h2ttR1bK23ekHCzrxw0mDT3zqLMdU=]
[COT 2024-02-20 23:29:53] 76561199108250772: Spawned Entity ADMIN GEAR-BLUE-TOP (DOC_ADMIN_BLUE_TOP<7c00f200>, 100, 70, 0) at <1084.752808, 4.693012, 4058.294189>
[COT 2024-02-20 23:30:01] 76561199108250772: Spawned Entity ADMIN GEAR-BLUE-BOTTOM (DOC_ADMIN_BLUE_BOTTOM<7c00cf50>, 100, 130, 0) at <1084.802002, 4.870176, 4058.130127>
[COT 2024-02-20 23:30:29] 76561199108250772: Teleported to position <6895.034180, 62.318634, 810.113770>
[COT 2024-02-20 23:30:38] 76561199108250772: Entered the Free Camera
[COT 2024-02-20 23:30:59] 76561199108250772: Left the Free Camera
[COT 2024-02-20 23:31:38] 76561199108250772: Teleported to position <4823.469238, 6.310000, 2260.716309>
[COT 2024-02-20 23:33:14] 76561199108250772: Teleported to position <6912.465332, 62.143841, 793.535645>
[COT 2024-02-20 23:34:23] 76561199108250772: Spawned Entity Large Tent (LargeTent<17ff9480>, 200000, 2000, 0) at <6906.585449, 62.061802, 772.717957>
[COT 2024-02-20 23:34:49] 76561199108250772: Spawned Entity MVS Chestrig - Black (ModularChestRig_Base<7ea25a80>, 1000, 100, 0) at <6905.428223, 62.118263, 768.090393>
[COT 2024-02-20 23:35:33] 76561199108250772: Spawned Entity MVS Chestrig - Black (ModularChestRig_Base<7ea46e60>, 100, 100, 0) at <6905.445801, 62.118061, 768.010742>
[COT 2024-02-20 23:36:56] 76561199108250772: Spawned Entity MVS Warrior Helmet - Black (Mich2001Helmet<8076bf50>, 100, 100, 0) at <6905.556641, 62.118423, 768.152710>
[COT 2024-02-20 23:36:57] 76561199108250772: Spawned Entity MVS Warrior Helmet - Black (Mich2001Helmet<8076ed90>, 100, 100, 0) at <6905.570313, 62.403309, 768.271179>
[COT 2024-02-20 23:37:09] 76561199108250772: Spawned Entity MVS Sling Pack - Black (MountainBag_ColorBase<8077c940>, 100, 300, 0) at <6905.917480, 62.117046, 767.604126>
[COT 2024-02-20 23:37:09] 76561199108250772: Spawned Entity MVS Sling Pack - Black (MountainBag_ColorBase<807825c0>, 100, 300, 0) at <6906.018555, 62.305336, 767.722351>
[COT 2024-02-20 23:38:28] 76561199108250772: Spawned Entity MVS Combat Belt - Multicam Black (Modular_Belt_Base<5deb9c0>, 1000, 100, 0) at <6905.850586, 62.117844, 767.919495>
[COT 2024-02-20 23:38:29] 76561199108250772: Spawned Entity MVS Combat Belt - Multicam Black (Modular_Belt_Base<5dca5e0>, 1000, 100, 0) at <6905.859375, 62.243256, 767.922668>
[COT 2024-02-20 23:38:34] 76561199108250772: Spawned Entity MVS Balaclava - Black (BalaclavaMask_ColorBase<8043f810>, 1000, 100, 0) at <6905.892090, 62.368668, 767.938782>
[COT 2024-02-20 23:38:35] 76561199108250772: Spawned Entity MVS Balaclava - Black (BalaclavaMask_ColorBase<8043be40>, 1000, 100, 0) at <6905.896973, 62.368668, 767.941162>
[COT 2024-02-20 23:38:42] 76561199108250772: Spawned Entity MVS Combat Pants - Black (BDUPants<8043ec80>, 1000, 100, 0) at <6905.894531, 62.368668, 767.939819>
[COT 2024-02-20 23:38:42] 76561199108250772: Spawned Entity MVS Combat Pants - Black (BDUPants<8043e0f0>, 1000, 100, 0) at <6905.928711, 62.753601, 767.955322>
[COT 2024-02-20 23:42:28] 76561199108250772: Spawned Entity Tripwire (TripwireTrap<7c5c2a50>, 100, 50, 0) at <6906.824707, 62.123665, 770.204956>
[COT 2024-02-20 23:42:28] 76561199108250772: Spawned Entity Tripwire (TripwireTrap<7c5c6920>, 100, 50, 0) at <6906.809082, 62.329010, 770.132996>
[COT 2024-02-20 23:42:29] 76561199108250772: Spawned Entity Tripwire (TripwireTrap<805d4bc0>, 100, 50, 0) at <6906.812988, 62.874722, 770.031982>
[COT 2024-02-20 23:42:29] 76561199108250772: Spawned Entity Tripwire (TripwireTrap<805d0cf0>, 100, 50, 0) at <6906.806152, 63.172905, 769.952209>
[COT 2024-02-20 23:43:12] 76561199108250772: Spawned Entity EGD-5 Frag Grenade (RGD5Grenade<fba77fb0>, 100, 50, 0) at <6907.032715, 62.073849, 780.285217>
[COT 2024-02-20 23:43:12] 76561199108250772: Spawned Entity EGD-5 Frag Grenade (RGD5Grenade<f312040>, 100, 50, 0) at <6907.031250, 62.214836, 780.269104>
[COT 2024-02-20 23:43:12] 76561199108250772: Spawned Entity EGD-5 Frag Grenade (RGD5Grenade<f3235b0>, 100, 50, 0) at <6907.030762, 62.355431, 780.255066>
[COT 2024-02-20 23:43:13] 76561199108250772: Spawned Entity EGD-5 Frag Grenade (RGD5Grenade<21cf2720>, 100, 50, 0) at <6907.030762, 62.496712, 780.247253>
[COT 2024-02-20 23:43:29] 76561199108250772: Spawned Entity Bear Trap (BearTrap<1fa261f0>, 100, 200, 0) at <6907.026367, 62.075089, 780.530579>
[COT 2024-02-20 23:43:30] 76561199108250772: Spawned Entity Bear Trap (BearTrap<1fa225a0>, 100, 200, 0) at <6907.027344, 62.220711, 780.498230>
[COT 2024-02-20 23:44:33] 76561199108250772: Spawned Entity Drybag Backpack (ExpansionQuestDryBag_Black<14b577b0>, 100, 140, 0) at <6904.792480, 62.069748, 775.897461>
[COT 2024-02-20 23:44:49] 76561199108250772: ESP: Viewing ESP
[COT 2024-02-20 23:44:53] 76561199108250772: ESP index=0 target=ExpansionQuestDryBag_Black:11950 position=<6904.792480, 62.217060, 775.897461> action=delete
[COT 2024-02-20 23:44:53] 76561199108250772: ESP action=delete_all count=1 attempted=1
[COT 2024-02-20 23:44:54] 76561199108250772: ESP: Clearing ESP
[COT 2024-02-20 23:45:15] 76561199108250772: Spawned Entity Drybag Backpack (DryBag_Black<14b6e9b0>, 500, 140, 0) at <6905.176270, 62.071335, 776.532349>
[COT 2024-02-20 23:47:24] 76561199108250772: Teleported to position <6476.047363, 66.895721, 6542.292480>
[COT 2024-02-20 23:48:48] 76561199108250772: Teleported to position <2247.952881, 54.799999, 3015.947754>
[COT 2024-02-20 23:49:18] 76561199108250772: Spawned Entity (Large/Small) Door Kit (BBP_Door_Kit<f500320>, 100, 100, 0) at <2218.019775, 59.162048, 3033.513916>
[COT 2024-02-20 23:49:18] 76561199108250772: Spawned Entity (Large/Small) Door Kit (BBP_Door_Kit<f508de0>, 100, 100, 0) at <2218.094482, 59.639656, 3033.558594>
[COT 2024-02-20 23:49:19] 76561199108250772: Spawned Entity (Large/Small) Door Kit (BBP_Door_Kit<f50bc20>, 100, 100, 0) at <2218.163818, 60.117268, 3033.598389>
[COT 2024-02-20 23:50:19] 76561199108250772: Spawned Entity Flag Pole Kit (TerritoryFlagKit<1f7e3270>, 100, 200, 0) at <2221.410645, 63.183739, 3031.344727>
[COT 2024-02-20 23:53:13] 76561199108250772: Spawned Entity Admin Hammer (Hammer<ffcf0a50>, 100, 100, 0) at <2221.351074, 54.910324, 3023.851807>
[COT 2024-02-20 23:53:54] 76561199108250772: Spawned Entity Code Lock (ExpansionCodeLock<128475e0>, 100, 100, 0) at <2220.456543, 55.140350, 3026.172852>
[COT 2024-02-20 23:53:55] 76561199108250772: Spawned Entity Code Lock (ExpansionCodeLock<12840dd0>, 100, 100, 0) at <2220.460449, 55.160660, 3026.178223>
[COT 2024-02-20 23:53:56] 76561199108250772: Spawned Entity Code Lock (ExpansionCodeLock<12848170>, 100, 100, 0) at <2220.456299, 55.180969, 3026.182617>
[COT 2024-02-20 23:53:56] 76561199108250772: Spawned Entity Code Lock (ExpansionCodeLock<12855190>, 100, 100, 0) at <2220.457031, 55.201279, 3026.186523>
[COT 2024-02-20 23:54:31] 76561199108250772: Spawned Entity (Large/Small) Wall Kit (BBP_Wall_Kit<f88272a0>, 100, 100, 0) at <2217.480469, 55.140350, 3030.607910>
[COT 2024-02-20 23:56:33] 76561199108250772: Spawned Entity MMG Equipment Locker Green Kit (mmg_equipment_locker_green_kit<12dc87d0>, 100, 1000, 0) at <2221.819824, 59.242142, 3034.640137>
[COT 2024-02-20 23:57:27] 76561199108250772: Spawned Entity Doc's Nightfoil M4 (DOC_M4_NIGHTFOIL<72143f90>, 100, 1200, 0) at <2221.508545, 59.242142, 3034.999023>
[COT 2024-02-20 23:57:28] 76561199108250772: Spawned Entity Doc's Nightfoil M4 (DOC_M4_NIGHTFOIL<7213f130>, 100, 1200, 0) at <2221.511475, 59.332798, 3034.964111>
[COT 2024-02-20 23:57:45] 76561199108250772: Spawned Entity Boxed 5.56x45mm Tracer Rounds (AmmoBox_556x45Tracer_20Rnd<166202c0>, 100, 100, 0) at <2221.401123, 59.242142, 3035.134766>
[COT 2024-02-20 23:57:45] 76561199108250772: Spawned Entity Boxed 5.56x45mm Tracer Rounds (AmmoBox_556x45Tracer_20Rnd<23941470>, 100, 100, 0) at <2221.403564, 59.261768, 3035.131592>
[COT 2024-02-20 23:57:46] 76561199108250772: Spawned Entity Boxed 5.56x45mm Tracer Rounds (AmmoBox_556x45Tracer_20Rnd<239493a0>, 100, 100, 0) at <2221.405518, 59.281395, 3035.127930>
[COT 2024-02-20 23:57:46] 76561199108250772: Spawned Entity Boxed 5.56x45mm Tracer Rounds (AmmoBox_556x45Tracer_20Rnd<23949f30>, 100, 100, 0) at <2221.408447, 59.301022, 3035.122070>
[COT 2024-02-20 23:57:46] 76561199108250772: Spawned Entity Boxed 5.56x45mm Tracer Rounds (AmmoBox_556x45Tracer_20Rnd<23946560>, 100, 100, 0) at <2221.411621, 59.320648, 3035.115967>
[COT 2024-02-20 23:57:46] 76561199108250772: Spawned Entity Boxed 5.56x45mm Tracer Rounds (AmmoBox_556x45Tracer_20Rnd<23950740>, 100, 100, 0) at <2221.413086, 59.340275, 3035.108643>
[COT 2024-02-20 23:57:47] 76561199108250772: Spawned Entity Boxed 5.56x45mm Tracer Rounds (AmmoBox_556x45Tracer_20Rnd<2394b650>, 100, 100, 0) at <2221.413818, 59.359901, 3035.101318>
[COT 2024-02-20 23:57:47] 76561199108250772: Spawned Entity Boxed 5.56x45mm Tracer Rounds (AmmoBox_556x45Tracer_20Rnd<2394e490>, 100, 100, 0) at <2221.415527, 59.379528, 3035.094971>
[COT 2024-02-20 23:57:47] 76561199108250772: Spawned Entity Boxed 5.56x45mm Tracer Rounds (AmmoBox_556x45Tracer_20Rnd<23914790>, 100, 100, 0) at <2221.417236, 59.399155, 3035.092041>
[COT 2024-02-20 23:57:48] 76561199108250772: Spawned Entity Boxed 5.56x45mm Tracer Rounds (AmmoBox_556x45Tracer_20Rnd<23922340>, 100, 100, 0) at <2221.416992, 59.418781, 3035.090820>
[COT 2024-02-20 23:57:48] 76561199108250772: Spawned Entity Boxed 5.56x45mm Tracer Rounds (AmmoBox_556x45Tracer_20Rnd<2391bb30>, 100, 100, 0) at <2221.414307, 59.438335, 3035.085938>
[COT 2024-02-20 23:57:49] 76561199108250772: Spawned Entity Boxed 5.56x45mm Tracer Rounds (AmmoBox_556x45Tracer_20Rnd<2391e970>, 100, 100, 0) at <2221.414551, 59.457962, 3035.075684>
[COT 2024-02-20 23:57:49] 76561199108250772: Spawned Entity Boxed 5.56x45mm Tracer Rounds (AmmoBox_556x45Tracer_20Rnd<23925d10>, 100, 100, 0) at <2221.415527, 59.477516, 3035.065430>
[COT 2024-02-20 23:57:49] 76561199108250772: Spawned Entity Boxed 5.56x45mm Tracer Rounds (AmmoBox_556x45Tracer_20Rnd<2391f500>, 100, 100, 0) at <2221.417480, 59.497143, 3035.059326>
[COT 2024-02-20 23:57:49] 76561199108250772: Spawned Entity Boxed 5.56x45mm Tracer Rounds (AmmoBox_556x45Tracer_20Rnd<2392e7d0>, 100, 100, 0) at <2221.418457, 59.516697, 3035.055176>
[COT 2024-02-20 23:58:54] 76561199108250772: Spawned Entity Blaze (B95<b473ae0>, 100, 250, 0) at <2221.338379, 59.242142, 3035.608398>
[COT 2024-02-20 23:59:15] 76561199108250772: Spawned Entity MVS Sling Pack - Black (MountainBag_ColorBase<bbb2880>, 100, 300, 0) at <2221.432129, 59.242142, 3035.349854>
[COT 2024-02-20 23:59:16] 76561199108250772: Spawned Entity MVS Sling Pack - Black (MountainBag_ColorBase<bbb6250>, 100, 300, 0) at <2221.430908, 59.244579, 3035.354980>
[COT 2024-02-20 23:59:49] 76561199108250772: Spawned Entity Bandage (BandageDressing<1a7ca980>, 4, 50, 0) at <2221.489014, 59.242142, 3035.262207>
[COT 2024-02-20 23:59:49] 76561199108250772: Spawned Entity Bandage (BandageDressing<1a7c7b40>, 4, 50, 0) at <2221.489746, 59.331585, 3035.258545>
[COT 2024-02-20 23:59:50] 76561199108250772: Spawned Entity Bandage (BandageDressing<1a7da7e0>, 4, 50, 0) at <2221.488525, 59.421028, 3035.254639>
[COT 2024-02-20 23:59:50] 76561199108250772: Spawned Entity Bandage (BandageDressing<1a7d4b60>, 4, 50, 0) at <2221.489502, 59.509792, 3035.246094>
[COT 2024-02-20 23:59:50] 76561199108250772: Spawned Entity Bandage (BandageDressing<1a7ded40>, 4, 50, 0) at <2221.491211, 59.599239, 3035.234131>
[COT 2024-02-20 23:59:58] 76561199108250772: Spawned Entity Alcoholic Tincture (DisinfectantAlcohol<1ab12e70>, 200, 30, 0) at <2221.485352, 59.242142, 3035.531250>
[COT 2024-02-20 23:59:58] 76561199108250772: Spawned Entity Alcoholic Tincture (DisinfectantAlcohol<1ab395a0>, 200, 30, 0) at <2221.494873, 59.434147, 3035.475098>
[COT 2024-02-20 23:59:58] 76561199108250772: Spawned Entity Alcoholic Tincture (DisinfectantAlcohol<1a2280f0>, 200, 30, 0) at <2221.503662, 59.620335, 3035.425293>
[COT 2024-02-20 23:59:59] 76561199108250772: Spawned Entity Alcoholic Tincture (DisinfectantAlcohol<1a222070>, 200, 30, 0) at <2221.513672, 59.818855, 3035.376465>
[COT 2024-02-21 00:00:04] 76561199108250772: Spawned Entity Tetracycline Pills (TetracyclineAntibiotics<1a236620>, 12, 30, 0) at <2221.198242, 59.242142, 3035.308838>
[COT 2024-02-21 00:00:05] 76561199108250772: Spawned Entity Tetracycline Pills (TetracyclineAntibiotics<1a240f00>, 12, 30, 0) at <2221.208008, 59.310860, 3035.295654>
[COT 2024-02-21 00:00:05] 76561199108250772: Spawned Entity Tetracycline Pills (TetracyclineAntibiotics<1a249fc0>, 12, 30, 0) at <2221.218262, 59.379578, 3035.278320>
[COT 2024-02-21 00:00:05] 76561199108250772: Spawned Entity Tetracycline Pills (TetracyclineAntibiotics<1a24dc10>, 12, 30, 0) at <2221.229736, 59.448299, 3035.261963>
[COT 2024-02-21 00:00:12] 76561199108250772: Spawned Entity Multivitamin Pills (VitaminBottle<1a2554b0>, 50, 50, 0) at <2221.033936, 59.242142, 3035.469238>
[COT 2024-02-21 00:00:12] 76561199108250772: Spawned Entity Multivitamin Pills (VitaminBottle<1bc09990>, 50, 50, 0) at <2221.071289, 59.389492, 3035.426514>
[COT 2024-02-21 00:00:12] 76561199108250772: Spawned Entity Multivitamin Pills (VitaminBottle<1bc04520>, 50, 50, 0) at <2221.109619, 59.538044, 3035.382324>
[COT 2024-02-21 00:00:12] 76561199108250772: Spawned Entity Multivitamin Pills (VitaminBottle<1bc18ad0>, 50, 50, 0) at <2221.148926, 59.689453, 3035.339355>
[COT 2024-02-21 00:02:24] 76561199108250772: Spawned Entity Canned Bacon (TacticalBaconCan<83a67a80>, 100, 100, 0) at <2221.446045, 59.242142, 3035.379883>
[COT 2024-02-21 00:02:24] 76561199108250772: Spawned Entity Canned Bacon (TacticalBaconCan<83a65650>, 100, 100, 0) at <2221.463623, 59.394096, 3035.325684>
[COT 2024-02-21 00:02:25] 76561199108250772: Spawned Entity Canned Bacon (TacticalBaconCan<83a73b80>, 100, 100, 0) at <2221.479004, 59.546024, 3035.270752>
[COT 2024-02-21 00:02:25] 76561199108250772: Spawned Entity Canned Bacon (TacticalBaconCan<83a6e710>, 100, 100, 0) at <2221.488525, 59.640938, 3035.235352>
[COT 2024-02-21 00:03:25] 76561199108250772: Teleported to position <4852.449707, 12.384011, 2316.665527>
[COT 2024-02-21 00:03:54] 76561199108250772: Spawned Entity Drybag Backpack (DryBag_Black<23206490>, 500, 140, 0) at <4865.070801, 9.343075, 2278.177002>
[COT 2024-02-21 00:04:01] 76561199108250772: Spawned Entity Shovel (Shovel<1dd25330>, 500, 200, 0) at <4865.419922, 9.431267, 2279.059326>
[COT 2024-02-21 00:04:24] 76561199108250772: Spawned Entity Hryvnia Banknotes Stack (ExpansionBanknoteHryvnia<7b3f0250>, 4240, 100, 0) at <4864.767090, 9.401500, 2278.646240>
[COT 2024-02-21 00:04:53] 76561199108250772: Teleported to position <3987.956055, 109.355606, 1019.413086>
[COT 2024-02-21 00:05:28] 76561199108250772: Spawned Entity Drybag Backpack (DryBag_Black<1c1447a0>, 500, 140, 0) at <3954.929932, 97.356918, 1084.745972>
[COT 2024-02-21 00:06:53] 76561199108250772: Spawned Entity Hryvnia Banknotes Stack (ExpansionBanknoteHryvnia<15b0e980>, 5500, 100, 0) at <3954.923340, 97.405197, 1084.709351>
[COT 2024-02-21 00:07:05] 76561199108250772: Spawned Entity NVG Headstrap (NVGHeadstrap<15b15190>, 100, 200, 0) at <3955.239014, 97.571259, 1084.326050>
[COT 2024-02-21 00:07:06] 76561199108250772: Spawned Entity NVG Headstrap (NVGHeadstrap<15b117c0>, 100, 200, 0) at <3955.221191, 97.751968, 1084.294067>
[COT 2024-02-21 00:11:05] 76561199108250772: Teleported to position <3015.958008, 33.509998, 1242.254395>
[COT 2024-02-21 00:11:12] 76561199108250772: Entered the Free Camera
[COT 2024-02-21 00:11:20] 76561199108250772: Left the Free Camera
[COT 2024-02-21 00:11:22] 76561199108250772: Entered the Free Camera
[COT 2024-02-21 00:11:33] 76561199108250772: Left the Free Camera
[COT 2024-02-21 00:11:54] 76561199108250772: Teleported to position <2989.684814, 73.298027, 1221.329102>
[COT 2024-02-21 00:12:06] 76561199108250772: Entered the Free Camera
[COT 2024-02-21 00:12:11] 76561199108250772: Left the Free Camera
[COT 2024-02-21 00:12:25] 76561199108250772: Spawned Entity Punched Card (PunchedCard<180ae150>, 100, 15, 0) at <3022.275146, 33.498470, 1204.635498>
