19:49:41.585 [AI Patrol] Spawning 3 Shamans bots at <4332.148926, 15.948368, 7636.503906>
19:49:41.734 [AI Patrol] Spawning 3 Shamans bots at <4018.006348, 15.630000, 6611.701660>
19:49:41.750 [AI Patrol] Spawning 3 Shamans bots at <3745.773438, 15.630000, 6570.386230>
19:49:41.757 [AI Patrol] Spawning 3 Shamans bots at <4006.631592, 15.630000, 6663.696777>
19:49:41.781 [AI Patrol] Spawning 3 Shamans bots at <4351.302246, 15.760343, 7663.787109>
19:49:41.796 [AI Patrol] Spawning 3 Shamans bots at <3765.976074, 15.630000, 6568.012695>
19:49:41.812 [AI Patrol] Spawning 3 Shamans bots at <4410.330566, 15.912952, 7656.244141>
19:50:00.570 [Party] Player "Maple" (id=5r-FwhK-Zp-IHhQtqWDRgMxD3Sez5zoHpTIdT1_09WA=) joinded the party "poon" (id=2 ownerUID= ownerName=)
19:50:00.570 [Party] Player "Maple" (id=5r-FwhK-Zp-IHhQtqWDRgMxD3Sez5zoHpTIdT1_09WA=) created a party named poon ()
19:51:23.703 [AI Patrol] Spawning 3 Shamans bots at <4869.070801, 15.761282, 7483.345215>
20:00:52.703 [AI Patrol] Spawning 3 Shamans bots at <5104.975586, 10.377500, 6714.178223>
20:01:43.398 [Party] Player "SiR NeRg" (id=v49uXaJny-MXhmq_qvUelv_0QcwRY1-cv9_Yq-5tGIA=) joinded the party "Death Dealers" (id=1 ownerUID=v49uXaJny-MXhmq_qvUelv_0QcwRY1-cv9_Yq-5tGIA= ownerName=SiR NeRg)
20:05:24.968 [AI Patrol] Spawning 3 Shamans bots at <1852.879150, 15.570000, 585.123474>
20:05:27.492 [AI Patrol] Spawning 3 Shamans bots at <1851.244385, 15.570000, 571.687866>
20:05:46.281 [Killfeed] Maple got killed by Survivor (Shamans) with KAS-74U from a distance of 81 m.
20:05:53.781 [Party] Player "Maple" (id=5r-FwhK-Zp-IHhQtqWDRgMxD3Sez5zoHpTIdT1_09WA=) left the party "poon" (id=2 ownerUID=5r-FwhK-Zp-IHhQtqWDRgMxD3Sez5zoHpTIdT1_09WA= ownerName=Maple)
20:06:00.421 [AI Patrol] Spawning 3 Shamans bots at <1778.275146, 15.570000, 565.487732>
20:10:31.687 [Party] Player "SiR NeRg" (id=v49uXaJny-MXhmq_qvUelv_0QcwRY1-cv9_Yq-5tGIA=) left the party "Death Dealers" (id=1 ownerUID=v49uXaJny-MXhmq_qvUelv_0QcwRY1-cv9_Yq-5tGIA= ownerName=SiR NeRg)
20:37:29.750 [AI Patrol] Spawning 3 Shamans bots at <3434.361816, 17.474480, 6303.689453>
20:43:20.648 [AI Patrol] Spawning 3 Shamans bots at <3710.506104, 4.640000, 6052.677734>
20:43:39.351 [AI Patrol] Spawning 3 Shamans bots at <3680.527100, 4.640000, 5991.683105>
20:43:44.914 [AI Patrol] Spawning 3 Shamans bots at <3738.244873, 4.640000, 5973.063965>
20:43:45.617 [AI Patrol] Spawning 3 Shamans bots at <3738.075195, 4.640000, 5968.298340>
20:43:47.382 [AI Patrol] Spawning 3 Shamans bots at <3804.134521, 4.640000, 5983.798828>
