06:01:55.167 [Party] Player "wiggy" (id=SgADkNjbGaUs8SauxTNPqYQENYs5GlEGD7NNksMh0hI=) joinded the party "Gits" (id=4 ownerUID=RjqUafmWjW9Q1BHza4n7WoZ_8uUWujoz2w-ciuQaZcs= ownerName=Slightly Crazed)
06:01:55.175 [Expansion Quests] - InitQuestSystemClient - Loaded existing player quest data for player with UID: SgADkNjbGaUs8SauxTNPqYQENYs5GlEGD7NNksMh0hI=
06:01:55.175 [Expansion Quests] - LoadGroupQuestData - Loaded existing group quest data for group with ID: 4
06:01:55.175 [Expansion Quests] - Create new quest instance for quest: 99 - Player UID: SgADkNjbGaUs8SauxTNPqYQENYs5GlEGD7NNksMh0hI=
06:01:56.132 [Expansion Quests] - LoadGroupQuestData - Got cached group quest data for group with ID: 4
06:02:37.738 [Party] Player "Lets_G0_Brandon" (id=RjqUafmWjW9Q1BHza4n7WoZ_8uUWujoz2w-ciuQaZcs=) joinded the party "Gits" (id=4 ownerUID=RjqUafmWjW9Q1BHza4n7WoZ_8uUWujoz2w-ciuQaZcs= ownerName=Slightly Crazed)
06:02:37.744 [Expansion Quests] - InitQuestSystemClient - Loaded existing player quest data for player with UID: RjqUafmWjW9Q1BHza4n7WoZ_8uUWujoz2w-ciuQaZcs=
06:02:37.744 [Expansion Quests] - LoadGroupQuestData - Got cached group quest data for group with ID: 4
06:02:37.746 [Expansion Quests] - Create new quest instance for quest: 99 - Player UID: RjqUafmWjW9Q1BHza4n7WoZ_8uUWujoz2w-ciuQaZcs=
06:02:38.693 [Expansion Quests] - LoadGroupQuestData - Got cached group quest data for group with ID: 4
06:06:55.457 [MissionAirdrop] An airdrop is heading towards "Ares" (pos=<2171.350098, 0.000000, 2934.139893> type=Random_Ares) with a ExpansionAirdropContainer_Basebuilding
06:12:15.402 [AI Patrol] Spawning 2 Shamans bots at <4480.309082, 34.236015, 7181.376465>
06:30:36.177 [Territory] Player "wiggy" (id=SgADkNjbGaUs8SauxTNPqYQENYs5GlEGD7NNksMh0hI=) created territory old gits at <5479.240234, 49.026726, 7369.066895>
06:40:21.017 [Territory] Player "Lets_G0_Brandon" (id=RjqUafmWjW9Q1BHza4n7WoZ_8uUWujoz2w-ciuQaZcs= pos=<5478.833496, 49.732765, 7369.733887>) was invited to join the territory old gits at <5479.240234, 49.026726, 7369.066895> by the player "wiggy" (id=SgADkNjbGaUs8SauxTNPqYQENYs5GlEGD7NNksMh0hI=)
07:14:53.273 [VehicleEnter] Player wiggy [uid=SgADkNjbGaUs8SauxTNPqYQENYs5GlEGD7NNksMh0hI=] entered vehicle HAMMER_H1 black_rust (id=46585D722E4909CABA20EFBAFD293760 pos=<6802.768066, 14.416530, 6792.102051>) as driver
07:15:05.457 [VehicleLeave] Player wiggy [uid=SgADkNjbGaUs8SauxTNPqYQENYs5GlEGD7NNksMh0hI=] left vehicle HAMMER_H1 black_rust (id=46585D722E4909CABA20EFBAFD293760 pos=<6802.768066, 14.416529, 6792.102051>)
07:30:01.212 [Party] Player "wiggy" (id=SgADkNjbGaUs8SauxTNPqYQENYs5GlEGD7NNksMh0hI=) left the party "Gits" (id=4 ownerUID=RjqUafmWjW9Q1BHza4n7WoZ_8uUWujoz2w-ciuQaZcs= ownerName=Slightly Crazed)
07:30:36.652 [Party] Player "Lets_G0_Brandon" (id=RjqUafmWjW9Q1BHza4n7WoZ_8uUWujoz2w-ciuQaZcs=) left the party "Gits" (id=4 ownerUID=RjqUafmWjW9Q1BHza4n7WoZ_8uUWujoz2w-ciuQaZcs= ownerName=Slightly Crazed)
07:38:32.796 [Party] Player "Lets_G0_Brandon" (id=RjqUafmWjW9Q1BHza4n7WoZ_8uUWujoz2w-ciuQaZcs=) joinded the party "Gits" (id=4 ownerUID=RjqUafmWjW9Q1BHza4n7WoZ_8uUWujoz2w-ciuQaZcs= ownerName=Slightly Crazed)
07:38:32.804 [Expansion Quests] - InitQuestSystemClient - Loaded existing player quest data for player with UID: RjqUafmWjW9Q1BHza4n7WoZ_8uUWujoz2w-ciuQaZcs=
07:38:32.804 [Expansion Quests] - LoadGroupQuestData - Got cached group quest data for group with ID: 4
07:38:32.804 [Expansion Quests] - Create new quest instance for quest: 99 - Player UID: RjqUafmWjW9Q1BHza4n7WoZ_8uUWujoz2w-ciuQaZcs=
07:38:33.755 [Expansion Quests] - LoadGroupQuestData - Got cached group quest data for group with ID: 4
07:38:34.751 [MissionAirdrop] An airdrop is heading towards "Mt Lapithas" (pos=<5540.580078, 0.000000, 4123.680176> type=Random_Mt-Lapithas) with a ExpansionAirdropContainer_Military
08:07:02.814 [Party] Player "Lets_G0_Brandon" (id=RjqUafmWjW9Q1BHza4n7WoZ_8uUWujoz2w-ciuQaZcs=) left the party "Gits" (id=4 ownerUID=RjqUafmWjW9Q1BHza4n7WoZ_8uUWujoz2w-ciuQaZcs= ownerName=Slightly Crazed)
08:17:53.351 [Party] Player "Hawk" (id=Vq9KG5wXnlxiAZYi9EngBgzAagT-q5gfv9gcAfd4zA4=) joinded the party "Gits" (id=4 ownerUID=RjqUafmWjW9Q1BHza4n7WoZ_8uUWujoz2w-ciuQaZcs= ownerName=Slightly Crazed)
08:17:53.359 [Expansion Quests] - InitQuestSystemClient - Loaded existing player quest data for player with UID: Vq9KG5wXnlxiAZYi9EngBgzAagT-q5gfv9gcAfd4zA4=
08:17:53.359 [Expansion Quests] - LoadGroupQuestData - Got cached group quest data for group with ID: 4
08:17:54.341 [Expansion Quests] - LoadGroupQuestData - Got cached group quest data for group with ID: 4
08:21:37.675 [AI Patrol] Spawning 2 Shamans bots at <4489.773926, 15.700000, 7753.436523>
08:23:05.998 [Party] Player "Lets_G0_Brandon" (id=RjqUafmWjW9Q1BHza4n7WoZ_8uUWujoz2w-ciuQaZcs=) joinded the party "Gits" (id=4 ownerUID=RjqUafmWjW9Q1BHza4n7WoZ_8uUWujoz2w-ciuQaZcs= ownerName=Slightly Crazed)
08:23:06.007 [Expansion Quests] - InitQuestSystemClient - Loaded existing player quest data for player with UID: RjqUafmWjW9Q1BHza4n7WoZ_8uUWujoz2w-ciuQaZcs=
08:23:06.007 [Expansion Quests] - LoadGroupQuestData - Got cached group quest data for group with ID: 4
08:23:06.007 [Expansion Quests] - Create new quest instance for quest: 99 - Player UID: RjqUafmWjW9Q1BHza4n7WoZ_8uUWujoz2w-ciuQaZcs=
08:23:06.949 [Expansion Quests] - LoadGroupQuestData - Got cached group quest data for group with ID: 4
08:28:31.765 [Expansion Quests] - InitQuestSystemClient - Created new persistent player quest data for player UID: fvuyfu2vAyZ5FpaBSc8JMfvFka2TJFc5PXMfSME3A8I=
08:28:31.765 [Expansion Quests] - LoadGroupQuestData - Created new persistent group quest data for group with ID: -1
08:29:26.882 [Party] Player "Lets_G0_Brandon" (id=RjqUafmWjW9Q1BHza4n7WoZ_8uUWujoz2w-ciuQaZcs=) invited the player "Nachoz" (id=fvuyfu2vAyZ5FpaBSc8JMfvFka2TJFc5PXMfSME3A8I=)to the party named Gits
08:30:10.031 [Party] Player "Nachoz" (id=fvuyfu2vAyZ5FpaBSc8JMfvFka2TJFc5PXMfSME3A8I=) joinded the party "Gits" (id=4 ownerUID=RjqUafmWjW9Q1BHza4n7WoZ_8uUWujoz2w-ciuQaZcs= ownerName=Slightly Crazed)
08:30:11.031 [Expansion Quests] - LoadGroupQuestData - Got cached group quest data for group with ID: 4
08:40:15.500 [Party] Player "wiggy" (id=SgADkNjbGaUs8SauxTNPqYQENYs5GlEGD7NNksMh0hI=) joinded the party "Gits" (id=4 ownerUID=RjqUafmWjW9Q1BHza4n7WoZ_8uUWujoz2w-ciuQaZcs= ownerName=Slightly Crazed)
08:40:15.507 [Expansion Quests] - InitQuestSystemClient - Loaded existing player quest data for player with UID: SgADkNjbGaUs8SauxTNPqYQENYs5GlEGD7NNksMh0hI=
08:40:15.507 [Expansion Quests] - LoadGroupQuestData - Got cached group quest data for group with ID: 4
08:40:15.509 [Expansion Quests] - Create new quest instance for quest: 99 - Player UID: SgADkNjbGaUs8SauxTNPqYQENYs5GlEGD7NNksMh0hI=
08:40:16.457 [Expansion Quests] - LoadGroupQuestData - Got cached group quest data for group with ID: 4
08:55:39.853 [VehicleEnter] Player Lets_G0_Brandon [uid=RjqUafmWjW9Q1BHza4n7WoZ_8uUWujoz2w-ciuQaZcs=] entered vehicle HAMMER_H1 black_rust (id=46585D722E4909CABA20EFBAFD293760 pos=<6802.768066, 14.416530, 6792.102051>) as driver
08:55:42.398 [VehicleEngine] Player Lets_G0_Brandon [uid=RjqUafmWjW9Q1BHza4n7WoZ_8uUWujoz2w-ciuQaZcs=] started vehicle HAMMER_H1 black_rust (id=46585D722E4909CABA20EFBAFD293760 pos=<6802.768066, 14.416530, 6792.102051>)
08:55:44.751 [VehicleEngine] Player Lets_G0_Brandon [uid=RjqUafmWjW9Q1BHza4n7WoZ_8uUWujoz2w-ciuQaZcs=] stopped vehicle HAMMER_H1 black_rust (id=46585D722E4909CABA20EFBAFD293760 pos=<6802.768066, 14.416530, 6792.102051>)
08:55:48.480 [VehicleEngine] Player Lets_G0_Brandon [uid=RjqUafmWjW9Q1BHza4n7WoZ_8uUWujoz2w-ciuQaZcs=] started vehicle HAMMER_H1 black_rust (id=46585D722E4909CABA20EFBAFD293760 pos=<6802.768066, 14.416530, 6792.102051>)
08:55:51.437 [VehicleEnter] Player wiggy [uid=SgADkNjbGaUs8SauxTNPqYQENYs5GlEGD7NNksMh0hI=] entered vehicle HAMMER_H1 black_rust (id=46585D722E4909CABA20EFBAFD293760 pos=<6802.768066, 14.416530, 6792.102051>) as passenger
08:59:11.792 [VehicleLeave] Player wiggy [uid=SgADkNjbGaUs8SauxTNPqYQENYs5GlEGD7NNksMh0hI=] left vehicle HAMMER_H1 black_rust (id=46585D722E4909CABA20EFBAFD293760 pos=<4759.472656, 15.927523, 7526.901367>)
08:59:52.394 [VehicleEnter] Player wiggy [uid=SgADkNjbGaUs8SauxTNPqYQENYs5GlEGD7NNksMh0hI=] entered vehicle HAMMER_H1 black_rust (id=46585D722E4909CABA20EFBAFD293760 pos=<4776.235352, 15.767410, 7520.841309>) as passenger
09:00:29.984 [VehicleLeave] Player wiggy [uid=SgADkNjbGaUs8SauxTNPqYQENYs5GlEGD7NNksMh0hI=] left vehicle HAMMER_H1 black_rust (id=46585D722E4909CABA20EFBAFD293760 pos=<4688.831055, 16.133017, 7524.635254>)
09:01:21.923 [VehicleEnter] Player wiggy [uid=SgADkNjbGaUs8SauxTNPqYQENYs5GlEGD7NNksMh0hI=] entered vehicle HAMMER_H1 black_rust (id=46585D722E4909CABA20EFBAFD293760 pos=<4688.831055, 16.133017, 7524.635254>) as passenger
09:01:26.361 [MissionAirdrop] An airdrop is heading towards "Mt Lapithas" (pos=<5540.580078, 0.000000, 4123.680176> type=Random_Mt-Lapithas) with a ExpansionAirdropContainer_Military
09:01:27.679 [Killfeed] Hawk got killed by Survivor (Shamans) with SK 59/66 from a distance of 3 m.
09:03:10.800 [VehicleLeave] Player wiggy [uid=SgADkNjbGaUs8SauxTNPqYQENYs5GlEGD7NNksMh0hI=] left vehicle HAMMER_H1 black_rust (id=46585D722E4909CABA20EFBAFD293760 pos=<5463.938477, 48.993469, 7385.011719>)
09:03:10.816 [VehicleLeave] Player Lets_G0_Brandon [uid=RjqUafmWjW9Q1BHza4n7WoZ_8uUWujoz2w-ciuQaZcs=] left vehicle HAMMER_H1 black_rust (id=46585D722E4909CABA20EFBAFD293760 pos=<5463.938477, 48.993469, 7385.011230>)
09:03:39.523 [Party] Player "Hawk" (id=Vq9KG5wXnlxiAZYi9EngBgzAagT-q5gfv9gcAfd4zA4=) joinded the party "Gits" (id=4 ownerUID=RjqUafmWjW9Q1BHza4n7WoZ_8uUWujoz2w-ciuQaZcs= ownerName=Slightly Crazed)
09:03:40.515 [Expansion Quests] - LoadGroupQuestData - Got cached group quest data for group with ID: 4
09:08:20.324 [VehicleEnter] Player Lets_G0_Brandon [uid=RjqUafmWjW9Q1BHza4n7WoZ_8uUWujoz2w-ciuQaZcs=] entered vehicle HAMMER_H1 black_rust (id=46585D722E4909CABA20EFBAFD293760 pos=<5463.938477, 48.993469, 7385.011230>) as driver
09:08:24.007 [VehicleEngine] Player Lets_G0_Brandon [uid=RjqUafmWjW9Q1BHza4n7WoZ_8uUWujoz2w-ciuQaZcs=] started vehicle HAMMER_H1 black_rust (id=46585D722E4909CABA20EFBAFD293760 pos=<5463.938477, 48.993469, 7385.011719>)
09:08:55.683 [VehicleEnter] Player wiggy [uid=SgADkNjbGaUs8SauxTNPqYQENYs5GlEGD7NNksMh0hI=] entered vehicle HAMMER_H1 black_rust (id=46585D722E4909CABA20EFBAFD293760 pos=<5463.938477, 48.993473, 7385.011230>) as passenger
09:10:49.105 [VehicleLeave] Player Lets_G0_Brandon [uid=RjqUafmWjW9Q1BHza4n7WoZ_8uUWujoz2w-ciuQaZcs=] left vehicle HAMMER_H1 black_rust (id=46585D722E4909CABA20EFBAFD293760 pos=<4305.166504, 16.129335, 7306.739746>)
09:10:54.601 [VehicleLeave] Player wiggy [uid=SgADkNjbGaUs8SauxTNPqYQENYs5GlEGD7NNksMh0hI=] left vehicle HAMMER_H1 black_rust (id=46585D722E4909CABA20EFBAFD293760 pos=<4305.166504, 16.129337, 7306.740234>)
09:11:38.906 [VehicleEnter] Player wiggy [uid=SgADkNjbGaUs8SauxTNPqYQENYs5GlEGD7NNksMh0hI=] entered vehicle HAMMER_H1 black_rust (id=46585D722E4909CABA20EFBAFD293760 pos=<4305.166504, 16.129337, 7306.740234>) as passenger
09:12:30.949 [VehicleEnter] Player Lets_G0_Brandon [uid=RjqUafmWjW9Q1BHza4n7WoZ_8uUWujoz2w-ciuQaZcs=] entered vehicle HAMMER_H1 black_rust (id=46585D722E4909CABA20EFBAFD293760 pos=<4305.166504, 16.129335, 7306.740234>) as driver
09:12:50.199 [VehicleEnter] Player Hawk [uid=Vq9KG5wXnlxiAZYi9EngBgzAagT-q5gfv9gcAfd4zA4=] entered vehicle HAMMER_H1 black_rust (id=46585D722E4909CABA20EFBAFD293760 pos=<4305.166504, 16.129335, 7306.740234>) as passenger
09:12:53.648 [VehicleEngine] Player Lets_G0_Brandon [uid=RjqUafmWjW9Q1BHza4n7WoZ_8uUWujoz2w-ciuQaZcs=] started vehicle HAMMER_H1 black_rust (id=46585D722E4909CABA20EFBAFD293760 pos=<4305.166504, 16.129335, 7306.740234>)
09:15:31.398 [VehicleLeave] Player Hawk [uid=Vq9KG5wXnlxiAZYi9EngBgzAagT-q5gfv9gcAfd4zA4=] left vehicle HAMMER_H1 black_rust (id=46585D722E4909CABA20EFBAFD293760 pos=<4574.833008, 15.721915, 7545.593750>)
09:15:31.742 [VehicleLeave] Player Lets_G0_Brandon [uid=RjqUafmWjW9Q1BHza4n7WoZ_8uUWujoz2w-ciuQaZcs=] left vehicle HAMMER_H1 black_rust (id=46585D722E4909CABA20EFBAFD293760 pos=<4574.833008, 15.721915, 7545.593750>)
09:15:39.687 [VehicleLeave] Player wiggy [uid=SgADkNjbGaUs8SauxTNPqYQENYs5GlEGD7NNksMh0hI=] left vehicle HAMMER_H1 black_rust (id=46585D722E4909CABA20EFBAFD293760 pos=<4574.833008, 15.721917, 7545.593750>)
09:19:49.812 [VehicleEnter] Player wiggy [uid=SgADkNjbGaUs8SauxTNPqYQENYs5GlEGD7NNksMh0hI=] entered vehicle HAMMER_H1 black_rust (id=46585D722E4909CABA20EFBAFD293760 pos=<4574.833008, 15.721917, 7545.593750>) as passenger
09:19:54.093 [VehicleEnter] Player Lets_G0_Brandon [uid=RjqUafmWjW9Q1BHza4n7WoZ_8uUWujoz2w-ciuQaZcs=] entered vehicle HAMMER_H1 black_rust (id=46585D722E4909CABA20EFBAFD293760 pos=<4574.833008, 15.721915, 7545.593750>) as driver
09:19:56.937 [VehicleEnter] Player Hawk [uid=Vq9KG5wXnlxiAZYi9EngBgzAagT-q5gfv9gcAfd4zA4=] entered vehicle HAMMER_H1 black_rust (id=46585D722E4909CABA20EFBAFD293760 pos=<4574.833008, 15.721915, 7545.593750>) as passenger
09:19:58.820 [VehicleEngine] Player Lets_G0_Brandon [uid=RjqUafmWjW9Q1BHza4n7WoZ_8uUWujoz2w-ciuQaZcs=] started vehicle HAMMER_H1 black_rust (id=46585D722E4909CABA20EFBAFD293760 pos=<4574.833008, 15.721915, 7545.593750>)
09:21:21.132 [VehicleLeave] Player Hawk [uid=Vq9KG5wXnlxiAZYi9EngBgzAagT-q5gfv9gcAfd4zA4=] left vehicle HAMMER_H1 black_rust (id=46585D722E4909CABA20EFBAFD293760 pos=<4149.046387, 15.729378, 7309.283203>)
09:24:44.789 [VehicleEnter] Player Hawk [uid=Vq9KG5wXnlxiAZYi9EngBgzAagT-q5gfv9gcAfd4zA4=] entered vehicle HAMMER_H1 black_rust (id=46585D722E4909CABA20EFBAFD293760 pos=<4063.268311, 15.694799, 6901.780762>) as passenger
09:25:55.375 [AI Patrol] Spawning 2 Shamans bots at <2579.039063, 43.939999, 5792.100586>
09:27:14.968 [VehicleLeave] Player Hawk [uid=Vq9KG5wXnlxiAZYi9EngBgzAagT-q5gfv9gcAfd4zA4=] left vehicle HAMMER_H1 black_rust (id=46585D722E4909CABA20EFBAFD293760 pos=<3259.205078, 15.431357, 6588.480957>)
09:27:25.710 [VehicleLeave] Player Lets_G0_Brandon [uid=RjqUafmWjW9Q1BHza4n7WoZ_8uUWujoz2w-ciuQaZcs=] left vehicle HAMMER_H1 black_rust (id=46585D722E4909CABA20EFBAFD293760 pos=<3259.224854, 15.430946, 6588.483398>)
09:27:41.042 [VehicleLeave] Player wiggy [uid=SgADkNjbGaUs8SauxTNPqYQENYs5GlEGD7NNksMh0hI=] left vehicle HAMMER_H1 black_rust (id=46585D722E4909CABA20EFBAFD293760 pos=<3259.225098, 15.430937, 6588.483887>)
09:30:50.671 [VehicleEnter] Player Nachoz [uid=fvuyfu2vAyZ5FpaBSc8JMfvFka2TJFc5PXMfSME3A8I=] entered vehicle HAMMER_H1 black_rust (id=46585D722E4909CABA20EFBAFD293760 pos=<3259.225098, 15.430937, 6588.483887>) as passenger
09:34:01.816 [VehicleEnter] Player wiggy [uid=SgADkNjbGaUs8SauxTNPqYQENYs5GlEGD7NNksMh0hI=] entered vehicle HAMMER_H1 black_rust (id=46585D722E4909CABA20EFBAFD293760 pos=<3259.225098, 15.430937, 6588.483887>) as passenger
09:34:14.343 [VehicleLeave] Player Nachoz [uid=fvuyfu2vAyZ5FpaBSc8JMfvFka2TJFc5PXMfSME3A8I=] left vehicle HAMMER_H1 black_rust (id=46585D722E4909CABA20EFBAFD293760 pos=<3259.225098, 15.430937, 6588.483887>)
09:34:20.246 [VehicleEnter] Player Nachoz [uid=fvuyfu2vAyZ5FpaBSc8JMfvFka2TJFc5PXMfSME3A8I=] entered vehicle HAMMER_H1 black_rust (id=46585D722E4909CABA20EFBAFD293760 pos=<3259.225098, 15.430937, 6588.483887>) as passenger
09:34:44.015 [VehicleLeave] Player Nachoz [uid=fvuyfu2vAyZ5FpaBSc8JMfvFka2TJFc5PXMfSME3A8I=] left vehicle HAMMER_H1 black_rust (id=46585D722E4909CABA20EFBAFD293760 pos=<3259.225098, 15.430937, 6588.483887>)
09:34:53.343 [VehicleEnter] Player Nachoz [uid=fvuyfu2vAyZ5FpaBSc8JMfvFka2TJFc5PXMfSME3A8I=] entered vehicle HAMMER_H1 black_rust (id=46585D722E4909CABA20EFBAFD293760 pos=<3259.225098, 15.430937, 6588.483887>) as passenger
09:35:49.687 [VehicleLeave] Player Nachoz [uid=fvuyfu2vAyZ5FpaBSc8JMfvFka2TJFc5PXMfSME3A8I=] left vehicle HAMMER_H1 black_rust (id=46585D722E4909CABA20EFBAFD293760 pos=<3259.225098, 15.430937, 6588.483887>)
09:36:03.703 [VehicleEnter] Player Lets_G0_Brandon [uid=RjqUafmWjW9Q1BHza4n7WoZ_8uUWujoz2w-ciuQaZcs=] entered vehicle HAMMER_H1 black_rust (id=46585D722E4909CABA20EFBAFD293760 pos=<3259.224854, 15.430938, 6588.483887>) as driver
09:36:07.742 [VehicleEngine] Player Lets_G0_Brandon [uid=RjqUafmWjW9Q1BHza4n7WoZ_8uUWujoz2w-ciuQaZcs=] started vehicle HAMMER_H1 black_rust (id=46585D722E4909CABA20EFBAFD293760 pos=<3259.224854, 15.430940, 6588.483398>)
09:36:47.312 [VehicleEnter] Player Hawk [uid=Vq9KG5wXnlxiAZYi9EngBgzAagT-q5gfv9gcAfd4zA4=] entered vehicle HAMMER_H1 black_rust (id=46585D722E4909CABA20EFBAFD293760 pos=<3259.225098, 15.430937, 6588.483887>) as passenger
09:36:52.152 [VehicleLeave] Player Hawk [uid=Vq9KG5wXnlxiAZYi9EngBgzAagT-q5gfv9gcAfd4zA4=] left vehicle HAMMER_H1 black_rust (id=46585D722E4909CABA20EFBAFD293760 pos=<3259.224854, 15.430938, 6588.483887>)
09:36:55.617 [VehicleEnter] Player Hawk [uid=Vq9KG5wXnlxiAZYi9EngBgzAagT-q5gfv9gcAfd4zA4=] entered vehicle HAMMER_H1 black_rust (id=46585D722E4909CABA20EFBAFD293760 pos=<3259.224854, 15.430943, 6588.483398>) as passenger
09:37:02.613 [VehicleEnter] Player Nachoz [uid=fvuyfu2vAyZ5FpaBSc8JMfvFka2TJFc5PXMfSME3A8I=] entered vehicle HAMMER_H1 black_rust (id=46585D722E4909CABA20EFBAFD293760 pos=<3259.224854, 15.430943, 6588.483398>) as passenger
09:42:22.851 [AI Patrol] Spawning 2 Shamans bots at <2123.732178, 54.970043, 2907.952393>
09:44:48.785 [VehicleLeave] Player Nachoz [uid=fvuyfu2vAyZ5FpaBSc8JMfvFka2TJFc5PXMfSME3A8I=] left vehicle HAMMER_H1 black_rust (id=46585D722E4909CABA20EFBAFD293760 pos=<2055.555420, 65.122749, 2782.737061>)
09:44:49.304 [VehicleLeave] Player Hawk [uid=Vq9KG5wXnlxiAZYi9EngBgzAagT-q5gfv9gcAfd4zA4=] left vehicle HAMMER_H1 black_rust (id=46585D722E4909CABA20EFBAFD293760 pos=<2055.555664, 65.122757, 2782.737061>)
09:44:50.242 [VehicleLeave] Player Lets_G0_Brandon [uid=RjqUafmWjW9Q1BHza4n7WoZ_8uUWujoz2w-ciuQaZcs=] left vehicle HAMMER_H1 black_rust (id=46585D722E4909CABA20EFBAFD293760 pos=<2055.555420, 65.122749, 2782.737061>)
09:44:52.687 [VehicleLeave] Player wiggy [uid=SgADkNjbGaUs8SauxTNPqYQENYs5GlEGD7NNksMh0hI=] left vehicle HAMMER_H1 black_rust (id=46585D722E4909CABA20EFBAFD293760 pos=<2055.555664, 65.122757, 2782.737061>)
09:47:46.921 [VehicleEnter] Player Nachoz [uid=fvuyfu2vAyZ5FpaBSc8JMfvFka2TJFc5PXMfSME3A8I=] entered vehicle HAMMER_H1 black_rust (id=46585D722E4909CABA20EFBAFD293760 pos=<2055.555420, 65.122757, 2782.737061>) as driver
09:47:54.039 [VehicleEngine] Player Nachoz [uid=fvuyfu2vAyZ5FpaBSc8JMfvFka2TJFc5PXMfSME3A8I=] started vehicle HAMMER_H1 black_rust (id=46585D722E4909CABA20EFBAFD293760 pos=<2055.555420, 65.122757, 2782.737061>)
09:48:29.343 [VehicleEngine] Player Nachoz [uid=fvuyfu2vAyZ5FpaBSc8JMfvFka2TJFc5PXMfSME3A8I=] stopped vehicle HAMMER_H1 black_rust (id=46585D722E4909CABA20EFBAFD293760 pos=<2111.276123, 54.840355, 2953.176514>)
09:48:46.906 [VehicleLeave] Player Nachoz [uid=fvuyfu2vAyZ5FpaBSc8JMfvFka2TJFc5PXMfSME3A8I=] left vehicle HAMMER_H1 black_rust (id=46585D722E4909CABA20EFBAFD293760 pos=<2111.226807, 54.840355, 2953.146484>)
09:48:59.335 [VehicleEnter] Player Nachoz [uid=fvuyfu2vAyZ5FpaBSc8JMfvFka2TJFc5PXMfSME3A8I=] entered vehicle HAMMER_H1 black_rust (id=46585D722E4909CABA20EFBAFD293760 pos=<2111.211182, 54.840355, 2953.134277>) as driver
09:49:15.441 [VehicleEnter] Player Hawk [uid=Vq9KG5wXnlxiAZYi9EngBgzAagT-q5gfv9gcAfd4zA4=] entered vehicle HAMMER_H1 black_rust (id=46585D722E4909CABA20EFBAFD293760 pos=<2111.211182, 54.840351, 2953.134277>) as passenger
09:49:19.703 [VehicleLeave] Player Hawk [uid=Vq9KG5wXnlxiAZYi9EngBgzAagT-q5gfv9gcAfd4zA4=] left vehicle HAMMER_H1 black_rust (id=46585D722E4909CABA20EFBAFD293760 pos=<2111.211182, 54.840355, 2953.134277>)
09:49:22.359 [ExplosionDamageSystem] About to explode FlashGrenade_Ammo from FlashGrenade<fb9b68d0> at <1632.26, 87.53, 2595.97> EXPLOSION range 20 dropoff 5
09:49:52.140 [VehicleLeave] Player Nachoz [uid=fvuyfu2vAyZ5FpaBSc8JMfvFka2TJFc5PXMfSME3A8I=] left vehicle HAMMER_H1 black_rust (id=46585D722E4909CABA20EFBAFD293760 pos=<2111.211182, 54.840355, 2953.134277>)
09:50:04.824 [VehicleEnter] Player wiggy [uid=SgADkNjbGaUs8SauxTNPqYQENYs5GlEGD7NNksMh0hI=] entered vehicle HAMMER_H1 black_rust (id=46585D722E4909CABA20EFBAFD293760 pos=<2111.211182, 54.840355, 2953.134277>) as passenger
09:50:18.515 [VehicleEnter] Player Lets_G0_Brandon [uid=RjqUafmWjW9Q1BHza4n7WoZ_8uUWujoz2w-ciuQaZcs=] entered vehicle HAMMER_H1 black_rust (id=46585D722E4909CABA20EFBAFD293760 pos=<2111.211182, 54.840355, 2953.134277>) as passenger
09:50:23.925 [VehicleEnter] Player Nachoz [uid=fvuyfu2vAyZ5FpaBSc8JMfvFka2TJFc5PXMfSME3A8I=] entered vehicle HAMMER_H1 black_rust (id=46585D722E4909CABA20EFBAFD293760 pos=<2111.211182, 54.840355, 2953.134277>) as driver
09:50:28.027 [VehicleEnter] Player Hawk [uid=Vq9KG5wXnlxiAZYi9EngBgzAagT-q5gfv9gcAfd4zA4=] entered vehicle HAMMER_H1 black_rust (id=46585D722E4909CABA20EFBAFD293760 pos=<2111.211182, 54.840355, 2953.134277>) as passenger
09:50:28.585 [VehicleEngine] Player Nachoz [uid=fvuyfu2vAyZ5FpaBSc8JMfvFka2TJFc5PXMfSME3A8I=] started vehicle HAMMER_H1 black_rust (id=46585D722E4909CABA20EFBAFD293760 pos=<2111.211182, 54.840355, 2953.134277>)
09:53:14.152 [AI Patrol] Spawning 2 Shamans bots at <4884.796875, 47.818012, 1271.697266>
09:55:55.691 [VehicleLeave] Player Hawk [uid=Vq9KG5wXnlxiAZYi9EngBgzAagT-q5gfv9gcAfd4zA4=] left vehicle HAMMER_H1 black_rust (id=46585D722E4909CABA20EFBAFD293760 pos=<3834.053955, 35.814526, 1744.270874>)
09:55:56.398 [VehicleLeave] Player Lets_G0_Brandon [uid=RjqUafmWjW9Q1BHza4n7WoZ_8uUWujoz2w-ciuQaZcs=] left vehicle HAMMER_H1 black_rust (id=46585D722E4909CABA20EFBAFD293760 pos=<3834.053955, 35.814526, 1744.270874>)
09:55:59.882 [VehicleLeave] Player wiggy [uid=SgADkNjbGaUs8SauxTNPqYQENYs5GlEGD7NNksMh0hI=] left vehicle HAMMER_H1 black_rust (id=46585D722E4909CABA20EFBAFD293760 pos=<3834.054932, 35.814323, 1744.269287>)
09:56:33.437 [VehicleEngine] Player Nachoz [uid=fvuyfu2vAyZ5FpaBSc8JMfvFka2TJFc5PXMfSME3A8I=] stopped vehicle HAMMER_H1 black_rust (id=46585D722E4909CABA20EFBAFD293760 pos=<3849.461426, 34.042122, 1733.833374>)
09:56:40.125 [VehicleLeave] Player Nachoz [uid=fvuyfu2vAyZ5FpaBSc8JMfvFka2TJFc5PXMfSME3A8I=] left vehicle HAMMER_H1 black_rust (id=46585D722E4909CABA20EFBAFD293760 pos=<3849.461426, 34.042095, 1733.833374>)
09:59:31.726 [VehicleEnter] Player Nachoz [uid=fvuyfu2vAyZ5FpaBSc8JMfvFka2TJFc5PXMfSME3A8I=] entered vehicle HAMMER_H1 black_rust (id=46585D722E4909CABA20EFBAFD293760 pos=<3849.461426, 34.042118, 1733.833252>) as driver
09:59:34.566 [VehicleEngine] Player Nachoz [uid=fvuyfu2vAyZ5FpaBSc8JMfvFka2TJFc5PXMfSME3A8I=] started vehicle HAMMER_H1 black_rust (id=46585D722E4909CABA20EFBAFD293760 pos=<3849.461426, 34.042118, 1733.833252>)
10:00:28.093 [VehicleEngine] Player Nachoz [uid=fvuyfu2vAyZ5FpaBSc8JMfvFka2TJFc5PXMfSME3A8I=] stopped vehicle HAMMER_H1 black_rust (id=46585D722E4909CABA20EFBAFD293760 pos=<4070.573975, 23.100229, 1893.517700>)
10:00:30.984 [VehicleLeave] Player Nachoz [uid=fvuyfu2vAyZ5FpaBSc8JMfvFka2TJFc5PXMfSME3A8I=] left vehicle HAMMER_H1 black_rust (id=46585D722E4909CABA20EFBAFD293760 pos=<4070.573975, 23.100229, 1893.517700>)
10:05:08.757 [VehicleEnter] Player Nachoz [uid=fvuyfu2vAyZ5FpaBSc8JMfvFka2TJFc5PXMfSME3A8I=] entered vehicle HAMMER_H1 black_rust (id=46585D722E4909CABA20EFBAFD293760 pos=<4070.573975, 23.100225, 1893.518188>) as driver
10:05:20.058 [VehicleEnter] Player Lets_G0_Brandon [uid=RjqUafmWjW9Q1BHza4n7WoZ_8uUWujoz2w-ciuQaZcs=] entered vehicle HAMMER_H1 black_rust (id=46585D722E4909CABA20EFBAFD293760 pos=<4070.573975, 23.100229, 1893.518066>) as passenger
10:05:22.093 [VehicleEnter] Player Hawk [uid=Vq9KG5wXnlxiAZYi9EngBgzAagT-q5gfv9gcAfd4zA4=] entered vehicle HAMMER_H1 black_rust (id=46585D722E4909CABA20EFBAFD293760 pos=<4070.573975, 23.100229, 1893.517944>) as passenger
10:05:26.382 [VehicleEnter] Player wiggy [uid=SgADkNjbGaUs8SauxTNPqYQENYs5GlEGD7NNksMh0hI=] entered vehicle HAMMER_H1 black_rust (id=46585D722E4909CABA20EFBAFD293760 pos=<4070.573975, 23.100229, 1893.517822>) as passenger
10:05:31.187 [VehicleLeave] Player Nachoz [uid=fvuyfu2vAyZ5FpaBSc8JMfvFka2TJFc5PXMfSME3A8I=] left vehicle HAMMER_H1 black_rust (id=46585D722E4909CABA20EFBAFD293760 pos=<4070.573975, 23.100229, 1893.517700>)
10:05:44.722 [VehicleEnter] Player Nachoz [uid=fvuyfu2vAyZ5FpaBSc8JMfvFka2TJFc5PXMfSME3A8I=] entered vehicle HAMMER_H1 black_rust (id=46585D722E4909CABA20EFBAFD293760 pos=<4070.573975, 23.100229, 1893.517700>) as driver
10:05:58.000 [VehicleEngine] Player Nachoz [uid=fvuyfu2vAyZ5FpaBSc8JMfvFka2TJFc5PXMfSME3A8I=] started vehicle HAMMER_H1 black_rust (id=46585D722E4909CABA20EFBAFD293760 pos=<4070.573975, 23.100227, 1893.517822>)
10:07:05.464 [VehicleLeave] Player Hawk [uid=Vq9KG5wXnlxiAZYi9EngBgzAagT-q5gfv9gcAfd4zA4=] left vehicle HAMMER_H1 black_rust (id=46585D722E4909CABA20EFBAFD293760 pos=<4312.093750, 27.962805, 1822.513184>)
10:07:16.734 [VehicleLeave] Player Nachoz [uid=fvuyfu2vAyZ5FpaBSc8JMfvFka2TJFc5PXMfSME3A8I=] left vehicle HAMMER_H1 black_rust (id=46585D722E4909CABA20EFBAFD293760 pos=<4312.093750, 27.962790, 1822.513306>)
10:07:18.855 [VehicleLeave] Player Lets_G0_Brandon [uid=RjqUafmWjW9Q1BHza4n7WoZ_8uUWujoz2w-ciuQaZcs=] left vehicle HAMMER_H1 black_rust (id=46585D722E4909CABA20EFBAFD293760 pos=<4312.093750, 27.962793, 1822.513306>)
10:08:16.167 [VehicleEnter] Player Hawk [uid=Vq9KG5wXnlxiAZYi9EngBgzAagT-q5gfv9gcAfd4zA4=] entered vehicle HAMMER_H1 black_rust (id=46585D722E4909CABA20EFBAFD293760 pos=<4312.093750, 27.962683, 1822.513550>) as driver
10:08:20.171 [VehicleEngine] Player Hawk [uid=Vq9KG5wXnlxiAZYi9EngBgzAagT-q5gfv9gcAfd4zA4=] started vehicle HAMMER_H1 black_rust (id=46585D722E4909CABA20EFBAFD293760 pos=<4312.093750, 27.962687, 1822.513550>)
10:09:01.566 [VehicleEnter] Player Lets_G0_Brandon [uid=RjqUafmWjW9Q1BHza4n7WoZ_8uUWujoz2w-ciuQaZcs=] entered vehicle HAMMER_H1 black_rust (id=46585D722E4909CABA20EFBAFD293760 pos=<4327.380371, 27.101473, 1854.012817>) as passenger
10:09:09.000 [VehicleEnter] Player Nachoz [uid=fvuyfu2vAyZ5FpaBSc8JMfvFka2TJFc5PXMfSME3A8I=] entered vehicle HAMMER_H1 black_rust (id=46585D722E4909CABA20EFBAFD293760 pos=<4327.380371, 27.101479, 1854.012817>) as passenger
10:11:32.746 [Safezone] Player "Hawk" (id=Vq9KG5wXnlxiAZYi9EngBgzAagT-q5gfv9gcAfd4zA4= pos=<4668.928223, 3.394611, 2242.935303>) Entered the safezone
10:11:32.746 [Safezone] Player "wiggy" (id=SgADkNjbGaUs8SauxTNPqYQENYs5GlEGD7NNksMh0hI= pos=<4669.382813, 3.394681, 2241.614258>) Entered the safezone
10:11:32.750 [Safezone] Player "Nachoz" (id=fvuyfu2vAyZ5FpaBSc8JMfvFka2TJFc5PXMfSME3A8I= pos=<4668.069824, 3.404088, 2242.642090>) Entered the safezone
10:11:32.773 [Safezone] Player "Lets_G0_Brandon" (id=RjqUafmWjW9Q1BHza4n7WoZ_8uUWujoz2w-ciuQaZcs= pos=<4668.697754, 3.403539, 2241.332764>) Entered the safezone
10:11:51.589 [VehicleLeave] Player Hawk [uid=Vq9KG5wXnlxiAZYi9EngBgzAagT-q5gfv9gcAfd4zA4=] left vehicle HAMMER_H1 black_rust (id=46585D722E4909CABA20EFBAFD293760 pos=<4739.058594, 6.356333, 2264.360107>)
10:11:53.906 [VehicleLeave] Player Nachoz [uid=fvuyfu2vAyZ5FpaBSc8JMfvFka2TJFc5PXMfSME3A8I=] left vehicle HAMMER_H1 black_rust (id=46585D722E4909CABA20EFBAFD293760 pos=<4739.058594, 6.356333, 2264.360107>)
10:11:55.730 [VehicleLeave] Player Lets_G0_Brandon [uid=RjqUafmWjW9Q1BHza4n7WoZ_8uUWujoz2w-ciuQaZcs=] left vehicle HAMMER_H1 black_rust (id=46585D722E4909CABA20EFBAFD293760 pos=<4739.058594, 6.356333, 2264.360107>)
10:12:06.929 [VehicleLeave] Player wiggy [uid=SgADkNjbGaUs8SauxTNPqYQENYs5GlEGD7NNksMh0hI=] left vehicle HAMMER_H1 black_rust (id=46585D722E4909CABA20EFBAFD293760 pos=<4739.058594, 6.356333, 2264.360107>)
10:12:49.453 [Expansion Quests] - CompleteQuest - Player with UID RjqUafmWjW9Q1BHza4n7WoZ_8uUWujoz2w-ciuQaZcs= has completed quest 99
10:13:05.960 [Expansion Quests] - CompleteQuest - Player with UID Vq9KG5wXnlxiAZYi9EngBgzAagT-q5gfv9gcAfd4zA4= has completed quest 99
10:13:18.140 [Expansion Quests] - CompleteQuest - Player with UID fvuyfu2vAyZ5FpaBSc8JMfvFka2TJFc5PXMfSME3A8I= has completed quest 99
10:13:26.664 [Expansion Quests] - CompleteQuest - Player with UID SgADkNjbGaUs8SauxTNPqYQENYs5GlEGD7NNksMh0hI= has completed quest 99
10:14:22.992 [Expansion Quests] - CreateQuestInstance - Created new quest instance for with instance key Vq9KG5wXnlxiAZYi9EngBgzAagT-q5gfv9gcAfd4zA4= for quest 32
10:16:06.046 [Expansion Quests] - CreateQuestInstance - Created new quest instance for with instance key fvuyfu2vAyZ5FpaBSc8JMfvFka2TJFc5PXMfSME3A8I= for quest 7
10:16:11.570 [Expansion Quests] - CreateQuestInstance - Created new quest instance for with instance key RjqUafmWjW9Q1BHza4n7WoZ_8uUWujoz2w-ciuQaZcs= for quest 7
10:16:13.015 [Expansion Quests] - CreateQuestInstance - Created new quest instance for with instance key SgADkNjbGaUs8SauxTNPqYQENYs5GlEGD7NNksMh0hI= for quest 7
10:16:35.140 [ATM] Player "Hawk" (id=Vq9KG5wXnlxiAZYi9EngBgzAagT-q5gfv9gcAfd4zA4=) has withdrawn 1000 from his ATM account.
10:17:21.839 [ATM] Player "Lets_G0_Brandon" (id=RjqUafmWjW9Q1BHza4n7WoZ_8uUWujoz2w-ciuQaZcs=) has withdrawn 1000 from his ATM account.
10:17:37.195 [ATM] Player "Hawk" (id=Vq9KG5wXnlxiAZYi9EngBgzAagT-q5gfv9gcAfd4zA4=) has deposited 500 on his ATM account.
10:18:01.253 [ATM] Player "wiggy" (id=SgADkNjbGaUs8SauxTNPqYQENYs5GlEGD7NNksMh0hI=) has withdrawn 1000 from his ATM account.
10:18:11.019 [ATM] Player "Hawk" (id=Vq9KG5wXnlxiAZYi9EngBgzAagT-q5gfv9gcAfd4zA4=) has deposited 500 on the party "Gits" (partyid=4 | ownerid=RjqUafmWjW9Q1BHza4n7WoZ_8uUWujoz2w-ciuQaZcs=) ATM account.
10:18:36.234 [Market] Player "wiggy" (id=SgADkNjbGaUs8SauxTNPqYQENYs5GlEGD7NNksMh0hI=) has send a requested to purchase expansioncarkey x1 from the trader "Vehicle_Parts (Lewis [VEHICLE PARTS])" in market zone "The Holler" (pos=<4864.000000, 0.000000, 2314.000000>).
10:18:36.386 [Market] Player "wiggy" (id=SgADkNjbGaUs8SauxTNPqYQENYs5GlEGD7NNksMh0hI=) has bought expansioncarkey x1 from the trader "Vehicle_Parts (Lewis [VEHICLE PARTS])" in market zone "The Holler" (pos=<4864.000000, 0.000000, 2314.000000>) for a price of 600.
10:19:33.863 [VehicleCarKey] Player "wiggy" (id=SgADkNjbGaUs8SauxTNPqYQENYs5GlEGD7NNksMh0hI= pos=<4738.324219, 6.331705, 2262.265869>) paired a  ExpansionCarKey to HAMMER_H1_black_rust (id=46585D722E4909CABA20EFBAFD293760 pos=<4739.058594, 6.356333, 2264.360107>)
10:19:38.453 [VehicleCarKey] Player "wiggy" (id=SgADkNjbGaUs8SauxTNPqYQENYs5GlEGD7NNksMh0hI= pos=<4738.324219, 6.331705, 2262.265869>) used the  ExpansionCarKey to lock HAMMER_H1_black_rust (id=46585D722E4909CABA20EFBAFD293760 pos=<4739.058594, 6.356333, 2264.360107>)
10:19:41.414 [Safezone] Player "Nachoz" (id=fvuyfu2vAyZ5FpaBSc8JMfvFka2TJFc5PXMfSME3A8I= pos=<4648.810059, 2.492337, 2236.037354>) Left the safezone
10:19:43.953 [VehicleCarKey] Player "wiggy" (id=SgADkNjbGaUs8SauxTNPqYQENYs5GlEGD7NNksMh0hI= pos=<4738.324219, 6.331705, 2262.265869>) used the  ExpansionCarKey to unlock HAMMER_H1_black_rust (id=46585D722E4909CABA20EFBAFD293760 pos=<4739.058594, 6.356333, 2264.360107>)
10:20:10.367 [Safezone] Player "Nachoz" (id=fvuyfu2vAyZ5FpaBSc8JMfvFka2TJFc5PXMfSME3A8I= pos=<4667.962891, 2.501131, 2242.937744>) Entered the safezone
10:21:24.878 [Expansion Quests] - CreateQuestInstance - Created new quest instance for with instance key SgADkNjbGaUs8SauxTNPqYQENYs5GlEGD7NNksMh0hI= for quest 1
10:23:27.671 [VehicleAttachments] Player Nachoz (uid=fvuyfu2vAyZ5FpaBSc8JMfvFka2TJFc5PXMfSME3A8I=) detached HAMMER_H1 black_rust Left Door (type=HAMMER_Doors_Driver_black_rust) from vehicle HAMMER_H1 black_rust(id=46585D722E4909CABA20EFBAFD293760 pos=<4739.058594, 6.356333, 2264.360107>)
10:24:12.382 [MissionAirdrop] An airdrop is heading towards "Apple Orchard" (pos=<4814.680176, 0.000000, 1308.500000> type=Random_Apple-Orchard) with a ExpansionAirdropContainer_Military
10:24:26.843 [VehicleEnter] Player Nachoz [uid=fvuyfu2vAyZ5FpaBSc8JMfvFka2TJFc5PXMfSME3A8I=] entered vehicle HAMMER_H1 black_rust (id=46585D722E4909CABA20EFBAFD293760 pos=<4739.058594, 6.356333, 2264.360107>) as passenger
10:24:44.246 [VehicleLeave] Player Nachoz [uid=fvuyfu2vAyZ5FpaBSc8JMfvFka2TJFc5PXMfSME3A8I=] left vehicle HAMMER_H1 black_rust (id=46585D722E4909CABA20EFBAFD293760 pos=<4739.058594, 6.356333, 2264.360107>)
10:25:30.480 [Safezone] Player "Hawk" (id=Vq9KG5wXnlxiAZYi9EngBgzAagT-q5gfv9gcAfd4zA4= pos=<4615.083984, 2.473519, 2225.609375>) Left the safezone
10:25:33.531 [Safezone] Player "Nachoz" (id=fvuyfu2vAyZ5FpaBSc8JMfvFka2TJFc5PXMfSME3A8I= pos=<4617.650879, 2.473486, 2222.652588>) Left the safezone
10:26:56.042 [Safezone] Player "Lets_G0_Brandon" (id=RjqUafmWjW9Q1BHza4n7WoZ_8uUWujoz2w-ciuQaZcs= pos=<4615.019043, 2.473501, 2224.452148>) Left the safezone
10:31:21.988 [VehicleEnter] Player wiggy [uid=SgADkNjbGaUs8SauxTNPqYQENYs5GlEGD7NNksMh0hI=] entered vehicle HAMMER_H1 black_rust (id=46585D722E4909CABA20EFBAFD293760 pos=<4739.058594, 6.356333, 2264.360107>) as passenger
10:34:05.695 [Safezone] Player "Lets_G0_Brandon" (id=RjqUafmWjW9Q1BHza4n7WoZ_8uUWujoz2w-ciuQaZcs= pos=<4668.304688, 2.501150, 2244.349609>) Entered the safezone
10:35:54.734 [VehicleEnter] Player Lets_G0_Brandon [uid=RjqUafmWjW9Q1BHza4n7WoZ_8uUWujoz2w-ciuQaZcs=] entered vehicle HAMMER_H1 black_rust (id=46585D722E4909CABA20EFBAFD293760 pos=<4739.058594, 6.356333, 2264.360107>) as passenger
10:35:55.671 [Safezone] Player "Nachoz" (id=fvuyfu2vAyZ5FpaBSc8JMfvFka2TJFc5PXMfSME3A8I= pos=<4666.517090, 2.501154, 2244.150146>) Entered the safezone
10:36:13.269 [Safezone] Player "Hawk" (id=Vq9KG5wXnlxiAZYi9EngBgzAagT-q5gfv9gcAfd4zA4= pos=<4667.705078, 2.501144, 2241.699219>) Entered the safezone
10:41:37.757 [VehicleEnter] Player Nachoz [uid=fvuyfu2vAyZ5FpaBSc8JMfvFka2TJFc5PXMfSME3A8I=] entered vehicle HAMMER_H1 black_rust (id=46585D722E4909CABA20EFBAFD293760 pos=<4739.058594, 6.356333, 2264.360107>) as passenger
10:42:15.136 [VehicleEnter] Player Hawk [uid=Vq9KG5wXnlxiAZYi9EngBgzAagT-q5gfv9gcAfd4zA4=] entered vehicle HAMMER_H1 black_rust (id=46585D722E4909CABA20EFBAFD293760 pos=<4739.058594, 6.356253, 2264.360107>) as driver
10:42:20.273 [VehicleEngine] Player Hawk [uid=Vq9KG5wXnlxiAZYi9EngBgzAagT-q5gfv9gcAfd4zA4=] started vehicle HAMMER_H1 black_rust (id=46585D722E4909CABA20EFBAFD293760 pos=<4739.058594, 6.356252, 2264.360107>)
10:42:44.289 [VehicleLeave] Player Hawk [uid=Vq9KG5wXnlxiAZYi9EngBgzAagT-q5gfv9gcAfd4zA4=] left vehicle HAMMER_H1 black_rust (id=46585D722E4909CABA20EFBAFD293760 pos=<4745.663086, 6.352407, 2267.619141>)
10:42:50.289 [VehicleEnter] Player Hawk [uid=Vq9KG5wXnlxiAZYi9EngBgzAagT-q5gfv9gcAfd4zA4=] entered vehicle HAMMER_H1 black_rust (id=46585D722E4909CABA20EFBAFD293760 pos=<4745.663086, 6.352407, 2267.618896>) as driver
10:42:52.054 [VehicleEngine] Player Hawk [uid=Vq9KG5wXnlxiAZYi9EngBgzAagT-q5gfv9gcAfd4zA4=] started vehicle HAMMER_H1 black_rust (id=46585D722E4909CABA20EFBAFD293760 pos=<4745.663086, 6.352408, 2267.618896>)
10:43:44.648 [Safezone] Player "Hawk" (id=Vq9KG5wXnlxiAZYi9EngBgzAagT-q5gfv9gcAfd4zA4= pos=<4588.662109, 3.383070, 2215.136230>) Left the safezone
10:43:44.648 [Safezone] Player "wiggy" (id=SgADkNjbGaUs8SauxTNPqYQENYs5GlEGD7NNksMh0hI= pos=<4588.215332, 3.382384, 2216.459961>) Left the safezone
10:43:44.648 [Safezone] Player "Nachoz" (id=fvuyfu2vAyZ5FpaBSc8JMfvFka2TJFc5PXMfSME3A8I= pos=<4589.058594, 3.391576, 2216.790527>) Left the safezone
10:43:44.671 [Safezone] Player "Lets_G0_Brandon" (id=RjqUafmWjW9Q1BHza4n7WoZ_8uUWujoz2w-ciuQaZcs= pos=<4589.313965, 3.392714, 2215.354492>) Left the safezone
10:47:48.160 [VehicleLeave] Player Hawk [uid=Vq9KG5wXnlxiAZYi9EngBgzAagT-q5gfv9gcAfd4zA4=] left vehicle HAMMER_H1 black_rust (id=46585D722E4909CABA20EFBAFD293760 pos=<4608.473145, 38.760353, 1373.705688>)
10:47:53.960 [VehicleLeave] Player Nachoz [uid=fvuyfu2vAyZ5FpaBSc8JMfvFka2TJFc5PXMfSME3A8I=] left vehicle HAMMER_H1 black_rust (id=46585D722E4909CABA20EFBAFD293760 pos=<4608.473145, 38.760357, 1373.706299>)
10:47:56.824 [VehicleLeave] Player Lets_G0_Brandon [uid=RjqUafmWjW9Q1BHza4n7WoZ_8uUWujoz2w-ciuQaZcs=] left vehicle HAMMER_H1 black_rust (id=46585D722E4909CABA20EFBAFD293760 pos=<4608.473145, 38.760357, 1373.706299>)
10:48:03.980 [VehicleLeave] Player wiggy [uid=SgADkNjbGaUs8SauxTNPqYQENYs5GlEGD7NNksMh0hI=] left vehicle HAMMER_H1 black_rust (id=46585D722E4909CABA20EFBAFD293760 pos=<4608.473145, 38.760357, 1373.706299>)
10:48:14.273 [VehicleCarKey] Player "wiggy" (id=SgADkNjbGaUs8SauxTNPqYQENYs5GlEGD7NNksMh0hI= pos=<4609.409668, 38.732487, 1371.692505>) used the  ExpansionCarKey to lock HAMMER_H1_black_rust (id=46585D722E4909CABA20EFBAFD293760 pos=<4608.473145, 38.760357, 1373.706299>)
10:50:47.480 [Killfeed] Hawk got killed by Survivor (Shamans) with SK 59/66 from a distance of 27 m.
10:51:29.726 [Party] Player "Hawk" (id=Vq9KG5wXnlxiAZYi9EngBgzAagT-q5gfv9gcAfd4zA4=) joinded the party "Gits" (id=4 ownerUID=RjqUafmWjW9Q1BHza4n7WoZ_8uUWujoz2w-ciuQaZcs= ownerName=Slightly Crazed)
10:51:30.718 [Expansion Quests] - LoadGroupQuestData - Got cached group quest data for group with ID: 4
10:53:59.039 [VehicleEnter] Player wiggy [uid=SgADkNjbGaUs8SauxTNPqYQENYs5GlEGD7NNksMh0hI=] entered vehicle URAL 4320 (id=7135282C374F1C9BBE67BDBD6CCEEBC4 pos=<4801.425293, 47.881477, 1265.666748>) as driver
10:54:16.984 [VehicleLeave] Player wiggy [uid=SgADkNjbGaUs8SauxTNPqYQENYs5GlEGD7NNksMh0hI=] left vehicle URAL 4320 (id=7135282C374F1C9BBE67BDBD6CCEEBC4 pos=<4801.424805, 47.881474, 1265.667480>)
10:56:16.437 [VehicleEnter] Player wiggy [uid=SgADkNjbGaUs8SauxTNPqYQENYs5GlEGD7NNksMh0hI=] entered vehicle URAL 4320 (id=7135282C374F1C9BBE67BDBD6CCEEBC4 pos=<4801.425293, 47.881474, 1265.667480>) as driver
10:56:24.421 [VehicleLeave] Player wiggy [uid=SgADkNjbGaUs8SauxTNPqYQENYs5GlEGD7NNksMh0hI=] left vehicle URAL 4320 (id=7135282C374F1C9BBE67BDBD6CCEEBC4 pos=<4801.425293, 47.881481, 1265.666992>)
10:57:14.929 [VehicleEnter] Player wiggy [uid=SgADkNjbGaUs8SauxTNPqYQENYs5GlEGD7NNksMh0hI=] entered vehicle URAL 4320 (id=7135282C374F1C9BBE67BDBD6CCEEBC4 pos=<4801.425293, 47.881477, 1265.666748>) as driver
10:57:36.046 [VehicleLeave] Player wiggy [uid=SgADkNjbGaUs8SauxTNPqYQENYs5GlEGD7NNksMh0hI=] left vehicle URAL 4320 (id=7135282C374F1C9BBE67BDBD6CCEEBC4 pos=<4801.424805, 47.881477, 1265.667480>)
10:58:27.613 [VehicleEnter] Player wiggy [uid=SgADkNjbGaUs8SauxTNPqYQENYs5GlEGD7NNksMh0hI=] entered vehicle URAL 4320 (id=7135282C374F1C9BBE67BDBD6CCEEBC4 pos=<4801.425293, 47.881481, 1265.668091>) as driver
10:59:07.558 [VehicleLeave] Player wiggy [uid=SgADkNjbGaUs8SauxTNPqYQENYs5GlEGD7NNksMh0hI=] left vehicle URAL 4320 (id=7135282C374F1C9BBE67BDBD6CCEEBC4 pos=<4801.425293, 47.881477, 1265.668335>)
10:59:42.742 [VehicleEnter] Player wiggy [uid=SgADkNjbGaUs8SauxTNPqYQENYs5GlEGD7NNksMh0hI=] entered vehicle URAL 4320 (id=7135282C374F1C9BBE67BDBD6CCEEBC4 pos=<4801.424805, 47.881474, 1265.668335>) as driver
10:59:46.632 [VehicleEngine] Player wiggy [uid=SgADkNjbGaUs8SauxTNPqYQENYs5GlEGD7NNksMh0hI=] started vehicle URAL 4320 (id=7135282C374F1C9BBE67BDBD6CCEEBC4 pos=<4801.425293, 47.881474, 1265.668335>)
11:00:38.468 [VehicleCarKey] Player "Lets_G0_Brandon" (id=RjqUafmWjW9Q1BHza4n7WoZ_8uUWujoz2w-ciuQaZcs= pos=<4608.247070, 38.732494, 1375.772827>) used the  ExpansionCarKey to unlock HAMMER_H1_black_rust (id=46585D722E4909CABA20EFBAFD293760 pos=<4608.473145, 38.760357, 1373.706299>)
11:00:51.261 [VehicleEnter] Player Lets_G0_Brandon [uid=RjqUafmWjW9Q1BHza4n7WoZ_8uUWujoz2w-ciuQaZcs=] entered vehicle HAMMER_H1 black_rust (id=46585D722E4909CABA20EFBAFD293760 pos=<4608.473145, 38.760357, 1373.706299>) as driver
11:00:54.804 [VehicleEngine] Player Lets_G0_Brandon [uid=RjqUafmWjW9Q1BHza4n7WoZ_8uUWujoz2w-ciuQaZcs=] started vehicle HAMMER_H1 black_rust (id=46585D722E4909CABA20EFBAFD293760 pos=<4608.473145, 38.760357, 1373.706177>)
11:01:47.781 [VehicleAttachments] Player Nachoz (uid=fvuyfu2vAyZ5FpaBSc8JMfvFka2TJFc5PXMfSME3A8I=) detached URAL 4320 Right Door (type=URAL_4320_Doors_coDriver_rust) from vehicle URAL 4320(id=7135282C374F1C9BBE67BDBD6CCEEBC4 pos=<4583.144043, 38.533192, 1348.207153>)
11:01:57.039 [VehicleEnter] Player Nachoz [uid=fvuyfu2vAyZ5FpaBSc8JMfvFka2TJFc5PXMfSME3A8I=] entered vehicle URAL 4320 (id=7135282C374F1C9BBE67BDBD6CCEEBC4 pos=<4583.144043, 38.533195, 1348.207031>) as passenger
11:06:15.625 [Safezone] Player "Lets_G0_Brandon" (id=RjqUafmWjW9Q1BHza4n7WoZ_8uUWujoz2w-ciuQaZcs= pos=<4668.943848, 3.396920, 2244.502441>) Entered the safezone
11:06:31.121 [VehicleLeave] Player Lets_G0_Brandon [uid=RjqUafmWjW9Q1BHza4n7WoZ_8uUWujoz2w-ciuQaZcs=] left vehicle HAMMER_H1 black_rust (id=46585D722E4909CABA20EFBAFD293760 pos=<4744.379883, 6.398315, 2272.577148>)
11:06:55.503 [VehicleCarKey] Player "Lets_G0_Brandon" (id=RjqUafmWjW9Q1BHza4n7WoZ_8uUWujoz2w-ciuQaZcs= pos=<4743.632813, 6.491662, 2274.857666>) used the  ExpansionCarKey to lock HAMMER_H1_black_rust (id=46585D722E4909CABA20EFBAFD293760 pos=<4744.379883, 6.398306, 2272.577148>)
11:07:50.140 [Expansion Quests] - InitQuestSystemClient - Loaded existing player quest data for player with UID: ysXLPGxvINTWJrUI_cLicG01RRa30GIHtUhoD1SXkpo=
11:07:50.140 [Expansion Quests] - LoadGroupQuestData - Got cached group quest data for group with ID: -1
11:07:50.140 [Expansion Quests] - Create new quest instance for quest: 99 - Player UID: ysXLPGxvINTWJrUI_cLicG01RRa30GIHtUhoD1SXkpo=
11:08:46.441 [Safezone] Player "wiggy" (id=SgADkNjbGaUs8SauxTNPqYQENYs5GlEGD7NNksMh0hI= pos=<4669.521484, 4.258033, 2243.015137>) Entered the safezone
11:08:46.468 [Safezone] Player "Nachoz" (id=fvuyfu2vAyZ5FpaBSc8JMfvFka2TJFc5PXMfSME3A8I= pos=<4670.279297, 4.260147, 2242.205811>) Entered the safezone
11:09:00.886 [VehicleEngine] Player wiggy [uid=SgADkNjbGaUs8SauxTNPqYQENYs5GlEGD7NNksMh0hI=] stopped vehicle URAL 4320 (id=7135282C374F1C9BBE67BDBD6CCEEBC4 pos=<4749.023438, 6.351606, 2269.810791>)
11:09:01.554 [VehicleLeave] Player Nachoz [uid=fvuyfu2vAyZ5FpaBSc8JMfvFka2TJFc5PXMfSME3A8I=] left vehicle URAL 4320 (id=7135282C374F1C9BBE67BDBD6CCEEBC4 pos=<4749.023438, 6.351606, 2269.811035>)
11:09:06.484 [VehicleLeave] Player wiggy [uid=SgADkNjbGaUs8SauxTNPqYQENYs5GlEGD7NNksMh0hI=] left vehicle URAL 4320 (id=7135282C374F1C9BBE67BDBD6CCEEBC4 pos=<4749.023438, 6.351606, 2269.810791>)
11:12:05.312 [Market] Player "wiggy" (id=SgADkNjbGaUs8SauxTNPqYQENYs5GlEGD7NNksMh0hI=) has send a requested to purchase expansioncarkey x1 from the trader "Vehicle_Parts (Lewis [VEHICLE PARTS])" in market zone "The Holler" (pos=<4864.000000, 0.000000, 2314.000000>).
11:12:05.460 [Market] Player "wiggy" (id=SgADkNjbGaUs8SauxTNPqYQENYs5GlEGD7NNksMh0hI=) has bought expansioncarkey x1 from the trader "Vehicle_Parts (Lewis [VEHICLE PARTS])" in market zone "The Holler" (pos=<4864.000000, 0.000000, 2314.000000>) for a price of 600.
11:12:31.937 [VehicleCarKey] Player "wiggy" (id=SgADkNjbGaUs8SauxTNPqYQENYs5GlEGD7NNksMh0hI= pos=<4750.232910, 6.331602, 2272.184814>) paired a  ExpansionCarKey to URAL_4320_rust (id=7135282C374F1C9BBE67BDBD6CCEEBC4 pos=<4749.023438, 6.351606, 2269.810791>)
11:12:34.210 [VehicleCarKey] Player "wiggy" (id=SgADkNjbGaUs8SauxTNPqYQENYs5GlEGD7NNksMh0hI= pos=<4750.232910, 6.331602, 2272.184814>) used the  ExpansionCarKey to lock URAL_4320_rust (id=7135282C374F1C9BBE67BDBD6CCEEBC4 pos=<4749.023438, 6.351606, 2269.810791>)
11:12:36.375 [VehicleCarKey] Player "wiggy" (id=SgADkNjbGaUs8SauxTNPqYQENYs5GlEGD7NNksMh0hI= pos=<4750.232910, 6.331602, 2272.184814>) used the  ExpansionCarKey to unlock URAL_4320_rust (id=7135282C374F1C9BBE67BDBD6CCEEBC4 pos=<4749.023438, 6.351606, 2269.810791>)
11:13:16.718 [VehicleCarKey] Player "Lets_G0_Brandon" (id=RjqUafmWjW9Q1BHza4n7WoZ_8uUWujoz2w-ciuQaZcs= pos=<4744.280273, 6.475196, 2274.561279>) used the  ExpansionCarKey to unlock HAMMER_H1_black_rust (id=46585D722E4909CABA20EFBAFD293760 pos=<4744.379883, 6.398306, 2272.577148>)
11:15:15.953 [VehicleCarKey] Player "wiggy" (id=SgADkNjbGaUs8SauxTNPqYQENYs5GlEGD7NNksMh0hI= pos=<4750.650879, 6.327964, 2272.108887>) used the  ExpansionCarKey to lock URAL_4320_rust (id=7135282C374F1C9BBE67BDBD6CCEEBC4 pos=<4749.023438, 6.351606, 2269.810791>)
11:16:05.402 [ATM] Player "Lets_G0_Brandon" (id=RjqUafmWjW9Q1BHza4n7WoZ_8uUWujoz2w-ciuQaZcs=) has deposited 1000 on his ATM account.
11:17:22.109 [ATM] Player "Nachoz" (id=fvuyfu2vAyZ5FpaBSc8JMfvFka2TJFc5PXMfSME3A8I=) has withdrawn 1000 from his ATM account.
11:18:44.890 [ATM] Player "wiggy" (id=SgADkNjbGaUs8SauxTNPqYQENYs5GlEGD7NNksMh0hI=) has deposited 300 on his ATM account.
11:19:07.304 [ATM] Player "wiggy" (id=SgADkNjbGaUs8SauxTNPqYQENYs5GlEGD7NNksMh0hI=) has deposited 1000 on his ATM account.
11:20:13.078 [Safezone] Player "Nachoz" (id=fvuyfu2vAyZ5FpaBSc8JMfvFka2TJFc5PXMfSME3A8I= pos=<4645.392090, 2.492318, 2236.107178>) Left the safezone
11:22:11.218 [VehicleCarKey] Player "Lets_G0_Brandon" (id=RjqUafmWjW9Q1BHza4n7WoZ_8uUWujoz2w-ciuQaZcs= pos=<4745.275879, 6.322512, 2270.826660>) used the  ExpansionCarKey to lock HAMMER_H1_black_rust (id=46585D722E4909CABA20EFBAFD293760 pos=<4744.379883, 6.398306, 2272.577148>)
11:22:40.164 [Safezone] Player "Nachoz" (id=fvuyfu2vAyZ5FpaBSc8JMfvFka2TJFc5PXMfSME3A8I= pos=<4669.423340, 2.501134, 2243.864990>) Entered the safezone
11:25:54.429 [VehicleCarKey] Player "Lets_G0_Brandon" (id=RjqUafmWjW9Q1BHza4n7WoZ_8uUWujoz2w-ciuQaZcs= pos=<4744.566895, 6.477523, 2274.601074>) used the  ExpansionCarKey to unlock HAMMER_H1_black_rust (id=46585D722E4909CABA20EFBAFD293760 pos=<4744.379883, 6.398306, 2272.577148>)
11:25:59.570 [VehicleCarKey] Player "Lets_G0_Brandon" (id=RjqUafmWjW9Q1BHza4n7WoZ_8uUWujoz2w-ciuQaZcs= pos=<4744.566895, 6.477523, 2274.601074>) used the  ExpansionCarKey to lock HAMMER_H1_black_rust (id=46585D722E4909CABA20EFBAFD293760 pos=<4744.379883, 6.398306, 2272.577148>)
11:26:36.015 [VehicleCarKey] Player "wiggy" (id=SgADkNjbGaUs8SauxTNPqYQENYs5GlEGD7NNksMh0hI= pos=<4745.314453, 6.322505, 2268.532227>) used the  ExpansionCarKey to unlock URAL_4320_rust (id=7135282C374F1C9BBE67BDBD6CCEEBC4 pos=<4749.023438, 6.351606, 2269.810791>)
11:28:59.437 [VehicleAttachments] Player wiggy (uid=SgADkNjbGaUs8SauxTNPqYQENYs5GlEGD7NNksMh0hI=) detached URAL 4320 Wheel (type=URAL_4320_Wheel) from vehicle URAL 4320(id=7135282C374F1C9BBE67BDBD6CCEEBC4 pos=<4749.023438, 6.351606, 2269.810791>)
11:29:40.937 [VehicleCarKey] Player "Lets_G0_Brandon" (id=RjqUafmWjW9Q1BHza4n7WoZ_8uUWujoz2w-ciuQaZcs= pos=<4744.225098, 6.468931, 2274.455566>) used the  ExpansionCarKey to unlock HAMMER_H1_black_rust (id=46585D722E4909CABA20EFBAFD293760 pos=<4744.379883, 6.398306, 2272.577148>)
11:29:48.320 [VehicleEnter] Player Lets_G0_Brandon [uid=RjqUafmWjW9Q1BHza4n7WoZ_8uUWujoz2w-ciuQaZcs=] entered vehicle HAMMER_H1 black_rust (id=46585D722E4909CABA20EFBAFD293760 pos=<4744.379883, 6.398317, 2272.577148>) as driver
11:29:51.359 [VehicleEngine] Player Lets_G0_Brandon [uid=RjqUafmWjW9Q1BHza4n7WoZ_8uUWujoz2w-ciuQaZcs=] started vehicle HAMMER_H1 black_rust (id=46585D722E4909CABA20EFBAFD293760 pos=<4744.379883, 6.398306, 2272.577148>)
11:30:02.488 [VehicleEnter] Player Nachoz [uid=fvuyfu2vAyZ5FpaBSc8JMfvFka2TJFc5PXMfSME3A8I=] entered vehicle HAMMER_H1 black_rust (id=46585D722E4909CABA20EFBAFD293760 pos=<4737.686523, 6.400256, 2260.542480>) as passenger
11:30:09.054 [VehicleLeave] Player Nachoz [uid=fvuyfu2vAyZ5FpaBSc8JMfvFka2TJFc5PXMfSME3A8I=] left vehicle HAMMER_H1 black_rust (id=46585D722E4909CABA20EFBAFD293760 pos=<4737.686523, 6.400218, 2260.542236>)
11:30:17.113 [VehicleEnter] Player Nachoz [uid=fvuyfu2vAyZ5FpaBSc8JMfvFka2TJFc5PXMfSME3A8I=] entered vehicle HAMMER_H1 black_rust (id=46585D722E4909CABA20EFBAFD293760 pos=<4737.686523, 6.400216, 2260.542480>) as passenger
11:30:21.812 [VehicleCarKey] Player "wiggy" (id=SgADkNjbGaUs8SauxTNPqYQENYs5GlEGD7NNksMh0hI= pos=<4745.033203, 6.322505, 2268.848877>) used the  ExpansionCarKey to lock URAL_4320_rust (id=7135282C374F1C9BBE67BDBD6CCEEBC4 pos=<4749.007813, 6.351604, 2269.821289>)
11:30:37.078 [VehicleEnter] Player wiggy [uid=SgADkNjbGaUs8SauxTNPqYQENYs5GlEGD7NNksMh0hI=] entered vehicle HAMMER_H1 black_rust (id=46585D722E4909CABA20EFBAFD293760 pos=<4737.682617, 6.400060, 2260.546875>) as passenger
11:31:06.746 [Safezone] Player "wiggy" (id=SgADkNjbGaUs8SauxTNPqYQENYs5GlEGD7NNksMh0hI= pos=<4595.130859, 3.380136, 2217.948242>) Left the safezone
11:31:06.746 [Safezone] Player "Nachoz" (id=fvuyfu2vAyZ5FpaBSc8JMfvFka2TJFc5PXMfSME3A8I= pos=<4595.968750, 3.388733, 2218.292236>) Left the safezone
11:31:06.750 [Safezone] Player "Lets_G0_Brandon" (id=RjqUafmWjW9Q1BHza4n7WoZ_8uUWujoz2w-ciuQaZcs= pos=<4595.598145, 3.380032, 2216.631836>) Left the safezone
11:35:38.335 [VehicleLeave] Player Lets_G0_Brandon [uid=RjqUafmWjW9Q1BHza4n7WoZ_8uUWujoz2w-ciuQaZcs=] left vehicle HAMMER_H1 black_rust (id=46585D722E4909CABA20EFBAFD293760 pos=<2817.669922, 21.898708, 4294.641602>)
11:35:50.242 [VehicleLeave] Player wiggy [uid=SgADkNjbGaUs8SauxTNPqYQENYs5GlEGD7NNksMh0hI=] left vehicle HAMMER_H1 black_rust (id=46585D722E4909CABA20EFBAFD293760 pos=<2817.669922, 21.898708, 4294.641602>)
11:39:49.054 [VehicleLeave] Player Nachoz [uid=fvuyfu2vAyZ5FpaBSc8JMfvFka2TJFc5PXMfSME3A8I=] left vehicle HAMMER_H1 black_rust (id=46585D722E4909CABA20EFBAFD293760 pos=<2817.669922, 21.898708, 4294.641602>)
11:41:47.437 [VehicleEnter] Player Lets_G0_Brandon [uid=RjqUafmWjW9Q1BHza4n7WoZ_8uUWujoz2w-ciuQaZcs=] entered vehicle HAMMER_H1 black_rust (id=46585D722E4909CABA20EFBAFD293760 pos=<2817.669678, 21.898624, 4294.641602>) as driver
11:41:54.597 [VehicleEnter] Player Nachoz [uid=fvuyfu2vAyZ5FpaBSc8JMfvFka2TJFc5PXMfSME3A8I=] entered vehicle HAMMER_H1 black_rust (id=46585D722E4909CABA20EFBAFD293760 pos=<2817.669678, 21.898621, 4294.641602>) as passenger
11:41:57.097 [VehicleLeave] Player Nachoz [uid=fvuyfu2vAyZ5FpaBSc8JMfvFka2TJFc5PXMfSME3A8I=] left vehicle HAMMER_H1 black_rust (id=46585D722E4909CABA20EFBAFD293760 pos=<2817.669678, 21.898621, 4294.641602>)
11:42:07.851 [VehicleEnter] Player wiggy [uid=SgADkNjbGaUs8SauxTNPqYQENYs5GlEGD7NNksMh0hI=] entered vehicle HAMMER_H1 black_rust (id=46585D722E4909CABA20EFBAFD293760 pos=<2817.669678, 21.898617, 4294.641602>) as passenger
11:42:35.492 [VehicleEnter] Player Hawk [uid=Vq9KG5wXnlxiAZYi9EngBgzAagT-q5gfv9gcAfd4zA4=] entered vehicle HAMMER_H1 black_rust (id=46585D722E4909CABA20EFBAFD293760 pos=<2817.669678, 21.898623, 4294.641602>) as passenger
11:42:39.898 [VehicleEnter] Player Nachoz [uid=fvuyfu2vAyZ5FpaBSc8JMfvFka2TJFc5PXMfSME3A8I=] entered vehicle HAMMER_H1 black_rust (id=46585D722E4909CABA20EFBAFD293760 pos=<2817.669678, 21.898621, 4294.641602>) as passenger
11:42:41.792 [VehicleLeave] Player Hawk [uid=Vq9KG5wXnlxiAZYi9EngBgzAagT-q5gfv9gcAfd4zA4=] left vehicle HAMMER_H1 black_rust (id=46585D722E4909CABA20EFBAFD293760 pos=<2817.669678, 21.898623, 4294.641602>)
11:43:05.187 [VehicleLeave] Player Lets_G0_Brandon [uid=RjqUafmWjW9Q1BHza4n7WoZ_8uUWujoz2w-ciuQaZcs=] left vehicle HAMMER_H1 black_rust (id=46585D722E4909CABA20EFBAFD293760 pos=<2817.669922, 21.898645, 4294.641602>)
11:43:29.855 [VehicleAttachments] Player Lets_G0_Brandon (uid=RjqUafmWjW9Q1BHza4n7WoZ_8uUWujoz2w-ciuQaZcs=) detached HAMMER_H1 black_rust Rear Left Door (type=HAMMER_Doors_cargo1_black_rust) from vehicle HAMMER_H1 black_rust(id=46585D722E4909CABA20EFBAFD293760 pos=<2817.669922, 21.898643, 4294.641602>)
11:43:37.910 [VehicleAttachments] Player Lets_G0_Brandon (uid=RjqUafmWjW9Q1BHza4n7WoZ_8uUWujoz2w-ciuQaZcs=) detached HAMMER_H1 black_rust Rear Left Door (type=HAMMER_Doors_cargo1_black_rust) from vehicle HAMMER_H1 black_rust(id=46585D722E4909CABA20EFBAFD293760 pos=<2817.669922, 21.898643, 4294.641602>)
11:43:45.800 [VehicleEnter] Player Lets_G0_Brandon [uid=RjqUafmWjW9Q1BHza4n7WoZ_8uUWujoz2w-ciuQaZcs=] entered vehicle HAMMER_H1 black_rust (id=46585D722E4909CABA20EFBAFD293760 pos=<2817.669678, 21.898621, 4294.641602>) as driver
11:43:50.578 [VehicleEngine] Player Lets_G0_Brandon [uid=RjqUafmWjW9Q1BHza4n7WoZ_8uUWujoz2w-ciuQaZcs=] started vehicle HAMMER_H1 black_rust (id=46585D722E4909CABA20EFBAFD293760 pos=<2817.669922, 21.898640, 4294.641602>)
11:43:58.957 [VehicleEnter] Player Hawk [uid=Vq9KG5wXnlxiAZYi9EngBgzAagT-q5gfv9gcAfd4zA4=] entered vehicle HAMMER_H1 black_rust (id=46585D722E4909CABA20EFBAFD293760 pos=<2817.669678, 21.898617, 4294.641602>) as passenger
11:48:01.804 [VehicleLeave] Player Nachoz [uid=fvuyfu2vAyZ5FpaBSc8JMfvFka2TJFc5PXMfSME3A8I=] left vehicle HAMMER_H1 black_rust (id=46585D722E4909CABA20EFBAFD293760 pos=<4512.801270, 4.875588, 2183.614990>)
11:48:23.636 [Safezone] Player "Hawk" (id=Vq9KG5wXnlxiAZYi9EngBgzAagT-q5gfv9gcAfd4zA4= pos=<4668.434082, 3.404767, 2243.501221>) Entered the safezone
11:48:23.664 [Safezone] Player "wiggy" (id=SgADkNjbGaUs8SauxTNPqYQENYs5GlEGD7NNksMh0hI= pos=<4670.098145, 3.395221, 2242.609375>) Entered the safezone
11:48:23.664 [Safezone] Player "Lets_G0_Brandon" (id=RjqUafmWjW9Q1BHza4n7WoZ_8uUWujoz2w-ciuQaZcs= pos=<4669.628418, 3.395104, 2243.925293>) Entered the safezone
11:48:38.152 [VehicleLeave] Player Hawk [uid=Vq9KG5wXnlxiAZYi9EngBgzAagT-q5gfv9gcAfd4zA4=] left vehicle HAMMER_H1 black_rust (id=46585D722E4909CABA20EFBAFD293760 pos=<4735.341309, 6.350003, 2266.992188>)
11:48:38.523 [VehicleLeave] Player Lets_G0_Brandon [uid=RjqUafmWjW9Q1BHza4n7WoZ_8uUWujoz2w-ciuQaZcs=] left vehicle HAMMER_H1 black_rust (id=46585D722E4909CABA20EFBAFD293760 pos=<4735.341309, 6.350003, 2266.992188>)
11:48:41.968 [VehicleLeave] Player wiggy [uid=SgADkNjbGaUs8SauxTNPqYQENYs5GlEGD7NNksMh0hI=] left vehicle HAMMER_H1 black_rust (id=46585D722E4909CABA20EFBAFD293760 pos=<4735.341309, 6.350003, 2266.992188>)
11:48:55.996 [VehicleCarKey] Player "wiggy" (id=SgADkNjbGaUs8SauxTNPqYQENYs5GlEGD7NNksMh0hI= pos=<4747.985840, 6.342339, 2272.407959>) used the  ExpansionCarKey to unlock URAL_4320_rust (id=7135282C374F1C9BBE67BDBD6CCEEBC4 pos=<4749.007813, 6.351604, 2269.821289>)
11:49:01.023 [VehicleCarKey] Player "wiggy" (id=SgADkNjbGaUs8SauxTNPqYQENYs5GlEGD7NNksMh0hI= pos=<4744.749023, 6.322508, 2269.833496>) used the  ExpansionCarKey to lock URAL_4320_rust (id=7135282C374F1C9BBE67BDBD6CCEEBC4 pos=<4749.007813, 6.351604, 2269.821289>)
11:49:03.097 [VehicleCarKey] Player "wiggy" (id=SgADkNjbGaUs8SauxTNPqYQENYs5GlEGD7NNksMh0hI= pos=<4744.749023, 6.322508, 2269.833496>) used the  ExpansionCarKey to unlock URAL_4320_rust (id=7135282C374F1C9BBE67BDBD6CCEEBC4 pos=<4749.007813, 6.351604, 2269.821289>)
11:49:04.875 [Safezone] Player "Hawk" (id=Vq9KG5wXnlxiAZYi9EngBgzAagT-q5gfv9gcAfd4zA4= pos=<4668.467285, 2.501145, 2242.125732>) Entered the safezone
11:49:41.753 [Party] Player "Nachoz" (id=fvuyfu2vAyZ5FpaBSc8JMfvFka2TJFc5PXMfSME3A8I=) joinded the party "Gits" (id=4 ownerUID=RjqUafmWjW9Q1BHza4n7WoZ_8uUWujoz2w-ciuQaZcs= ownerName=Slightly Crazed)
11:49:42.742 [Expansion Quests] - LoadGroupQuestData - Got cached group quest data for group with ID: 4
11:50:24.320 [Expansion Quests] - CreateQuestInstance - Created new quest instance for with instance key RjqUafmWjW9Q1BHza4n7WoZ_8uUWujoz2w-ciuQaZcs= for quest 1
11:50:59.851 [VehicleEnter] Player Hawk [uid=Vq9KG5wXnlxiAZYi9EngBgzAagT-q5gfv9gcAfd4zA4=] entered vehicle URAL 4320 (id=7135282C374F1C9BBE67BDBD6CCEEBC4 pos=<4749.007813, 6.351603, 2269.821289>) as driver
11:51:02.359 [VehicleLeave] Player Hawk [uid=Vq9KG5wXnlxiAZYi9EngBgzAagT-q5gfv9gcAfd4zA4=] left vehicle URAL 4320 (id=7135282C374F1C9BBE67BDBD6CCEEBC4 pos=<4749.007813, 6.351603, 2269.821289>)
11:52:28.585 [VehicleEnter] Player Lets_G0_Brandon [uid=RjqUafmWjW9Q1BHza4n7WoZ_8uUWujoz2w-ciuQaZcs=] entered vehicle HAMMER_H1 black_rust (id=46585D722E4909CABA20EFBAFD293760 pos=<4735.341309, 6.350003, 2266.992188>) as driver
11:52:30.882 [VehicleEnter] Player Hawk [uid=Vq9KG5wXnlxiAZYi9EngBgzAagT-q5gfv9gcAfd4zA4=] entered vehicle HAMMER_H1 black_rust (id=46585D722E4909CABA20EFBAFD293760 pos=<4735.341309, 6.350003, 2266.992188>) as passenger
11:52:33.089 [VehicleEngine] Player Lets_G0_Brandon [uid=RjqUafmWjW9Q1BHza4n7WoZ_8uUWujoz2w-ciuQaZcs=] started vehicle HAMMER_H1 black_rust (id=46585D722E4909CABA20EFBAFD293760 pos=<4735.341309, 6.350003, 2266.992188>)
11:52:35.351 [VehicleEnter] Player wiggy [uid=SgADkNjbGaUs8SauxTNPqYQENYs5GlEGD7NNksMh0hI=] entered vehicle URAL 4320 (id=7135282C374F1C9BBE67BDBD6CCEEBC4 pos=<4749.007813, 6.351604, 2269.821289>) as driver
11:52:40.097 [VehicleEngine] Player wiggy [uid=SgADkNjbGaUs8SauxTNPqYQENYs5GlEGD7NNksMh0hI=] started vehicle URAL 4320 (id=7135282C374F1C9BBE67BDBD6CCEEBC4 pos=<4749.007813, 6.351603, 2269.821289>)
11:52:43.382 [MissionAirdrop] An airdrop is heading towards "Military Transmitting Station" (pos=<6328.509766, 0.000000, 979.291016> type=Random_Military-Transmitting-Station) with a ExpansionAirdropContainer_Basebuilding
11:53:16.421 [Safezone] Player "Hawk" (id=Vq9KG5wXnlxiAZYi9EngBgzAagT-q5gfv9gcAfd4zA4= pos=<4554.684082, 3.415557, 2204.234131>) Left the safezone
11:53:16.445 [Safezone] Player "Lets_G0_Brandon" (id=RjqUafmWjW9Q1BHza4n7WoZ_8uUWujoz2w-ciuQaZcs= pos=<4554.901367, 3.416728, 2202.821777>) Left the safezone
11:53:21.250 [Safezone] Player "wiggy" (id=SgADkNjbGaUs8SauxTNPqYQENYs5GlEGD7NNksMh0hI= pos=<4549.243652, 4.279496, 2200.794434>) Left the safezone
11:54:43.550 [AI Patrol] Spawning 2 Shamans bots at <6020.483398, 26.129999, 1916.662964>
11:57:35.539 [VehicleLeave] Player Hawk [uid=Vq9KG5wXnlxiAZYi9EngBgzAagT-q5gfv9gcAfd4zA4=] left vehicle HAMMER_H1 black_rust (id=46585D722E4909CABA20EFBAFD293760 pos=<6425.062012, 26.170351, 2253.614746>)
11:57:36.390 [VehicleLeave] Player wiggy [uid=SgADkNjbGaUs8SauxTNPqYQENYs5GlEGD7NNksMh0hI=] left vehicle URAL 4320 (id=7135282C374F1C9BBE67BDBD6CCEEBC4 pos=<6438.410645, 26.171476, 2241.540527>)
11:57:37.503 [VehicleLeave] Player Lets_G0_Brandon [uid=RjqUafmWjW9Q1BHza4n7WoZ_8uUWujoz2w-ciuQaZcs=] left vehicle HAMMER_H1 black_rust (id=46585D722E4909CABA20EFBAFD293760 pos=<6425.062012, 26.170351, 2253.614746>)
11:57:47.257 [VehicleCarKey] Player "wiggy" (id=SgADkNjbGaUs8SauxTNPqYQENYs5GlEGD7NNksMh0hI= pos=<6440.510742, 26.142498, 2242.282715>) used the  ExpansionCarKey to lock URAL_4320_rust (id=7135282C374F1C9BBE67BDBD6CCEEBC4 pos=<6438.411133, 26.171474, 2241.540527>)
11:57:52.195 [VehicleCarKey] Player "Lets_G0_Brandon" (id=RjqUafmWjW9Q1BHza4n7WoZ_8uUWujoz2w-ciuQaZcs= pos=<6426.616211, 26.142498, 2254.693848>) used the  ExpansionCarKey to lock HAMMER_H1_black_rust (id=46585D722E4909CABA20EFBAFD293760 pos=<6425.062012, 26.170351, 2253.614746>)
11:58:23.851 [Party] Player "wiggy" (id=SgADkNjbGaUs8SauxTNPqYQENYs5GlEGD7NNksMh0hI=) left the party "Gits" (id=4 ownerUID=RjqUafmWjW9Q1BHza4n7WoZ_8uUWujoz2w-ciuQaZcs= ownerName=Slightly Crazed)
11:58:41.449 [Party] Player "Hawk" (id=Vq9KG5wXnlxiAZYi9EngBgzAagT-q5gfv9gcAfd4zA4=) left the party "Gits" (id=4 ownerUID=RjqUafmWjW9Q1BHza4n7WoZ_8uUWujoz2w-ciuQaZcs= ownerName=Slightly Crazed)
11:59:03.210 [Party] Player "Lets_G0_Brandon" (id=RjqUafmWjW9Q1BHza4n7WoZ_8uUWujoz2w-ciuQaZcs=) left the party "Gits" (id=4 ownerUID=RjqUafmWjW9Q1BHza4n7WoZ_8uUWujoz2w-ciuQaZcs= ownerName=Slightly Crazed)
11:59:20.593 [Party] Player "Nachoz" (id=fvuyfu2vAyZ5FpaBSc8JMfvFka2TJFc5PXMfSME3A8I=) left the party "Gits" (id=4 ownerUID=RjqUafmWjW9Q1BHza4n7WoZ_8uUWujoz2w-ciuQaZcs= ownerName=Slightly Crazed)
