18:03:01.015 [Party] Player "Captain Chaos" (id=KWl3ojgjStHOe3-iLRChpUG8crsNiNfei3BT6NCIfaw=) joinded the party "dirtydan" (id=3 ownerUID=eZvdqnhxQZeB4Wvp7ko5cFy79bCUMACrCdUKq6S9F3w= ownerName=DirtyDan)
18:03:01.035 [AI Patrol] Spawning 3 Shamans bots at <3967.104736, 18.846369, 4628.891113>
18:03:01.429 [AI Patrol] Spawning 3 Shamans bots at <3977.966553, 19.244604, 4638.405273>
18:03:01.472 [AI Patrol] Spawning 3 Shamans bots at <3986.747803, 19.851488, 4650.540527>
18:03:01.980 [Party] Player "DirtyDan" (id=eZvdqnhxQZeB4Wvp7ko5cFy79bCUMACrCdUKq6S9F3w=) joinded the party "dirtydan" (id=3 ownerUID=eZvdqnhxQZeB4Wvp7ko5cFy79bCUMACrCdUKq6S9F3w= ownerName=DirtyDan)
18:06:55.796 [AI Patrol] Spawning 3 Shamans bots at <2900.669678, 53.410000, 3216.358887>
18:08:23.644 [AI Patrol] Spawning 3 Shamans bots at <2851.884033, 53.410000, 3198.472656>
18:14:08.640 [AI Patrol] Spawning 3 Shamans bots at <4426.929688, -5.877770, 2989.134521>
18:18:10.953 [AI Patrol] Spawning 3 Shamans bots at <3518.291748, 5.343032, 3615.453369>
18:36:27.125 [AI Patrol] Spawning 3 Shamans bots at <3494.076904, 60.050373, 1903.447998>
18:38:05.835 [AI Patrol] Spawning 3 Shamans bots at <4771.911621, 47.840000, 1327.764160>
18:53:36.132 [AI Patrol] Spawning 3 Shamans bots at <5864.230469, 26.129999, 1758.447388>
18:54:16.890 [AI Patrol] Spawning 3 Shamans bots at <6000.864258, 26.129999, 1934.593140>
18:54:30.210 [AI Patrol] Spawning 3 Shamans bots at <5425.283691, 38.672802, 1102.404297>
19:05:16.234 [AI Patrol] Spawning 3 Shamans bots at <6142.538086, 25.963945, 2167.883301>
19:07:28.171 [Killfeed] DirtyDan got killed by Survivor (Shamans) with KA-M from a distance of 21 m.
19:08:21.265 [Party] Player "DirtyDan" (id=eZvdqnhxQZeB4Wvp7ko5cFy79bCUMACrCdUKq6S9F3w=) joinded the party "dirtydan" (id=3 ownerUID=eZvdqnhxQZeB4Wvp7ko5cFy79bCUMACrCdUKq6S9F3w= ownerName=DirtyDan)
19:08:21.273 [AI Patrol] Spawning 3 Shamans bots at <2294.281982, 64.022026, 7038.431641>
19:10:11.718 [Party] Player "Captain Chaos" (id=KWl3ojgjStHOe3-iLRChpUG8crsNiNfei3BT6NCIfaw=) joinded the party "dirtydan" (id=3 ownerUID=eZvdqnhxQZeB4Wvp7ko5cFy79bCUMACrCdUKq6S9F3w= ownerName=DirtyDan)
19:15:04.179 [AI Patrol] Spawning 3 Shamans bots at <6704.677246, 26.129999, 2281.683105>
19:24:48.218 [AI Patrol] Spawning 3 Shamans bots at <7153.030273, 87.652756, 1255.137329>
19:29:50.468 [AI Patrol] Spawning 3 Shamans bots at <7534.102539, 26.129999, 1712.265259>
20:22:02.218 [AI Patrol] Spawning 3 Shamans bots at <7394.250488, 26.129999, 2220.042969>
20:34:19.015 [Territory] Player "DirtyDan" (id=eZvdqnhxQZeB4Wvp7ko5cFy79bCUMACrCdUKq6S9F3w=) created territory Of camp cock at <7851.317871, 38.426498, 1967.812134>
20:34:43.093 [Territory] Player "Captain Chaos" (id=KWl3ojgjStHOe3-iLRChpUG8crsNiNfei3BT6NCIfaw= pos=<7855.944824, 38.437817, 1970.868774>) was invited to join the territory Of camp cock at <7851.317871, 38.426498, 1967.812134> by the player "DirtyDan" (id=eZvdqnhxQZeB4Wvp7ko5cFy79bCUMACrCdUKq6S9F3w=)
20:34:58.664 [Chat - Global]("DirtyDan"(id=eZvdqnhxQZeB4Wvp7ko5cFy79bCUMACrCdUKq6S9F3w=)): how you doing over there 
20:46:06.898 [BaseRaiding] BBP_BDoor (<7868.795410, 38.447914, 1984.035156>) Code set by player "Captain Chaos" (ID = "KWl3ojgjStHOe3-iLRChpUG8crsNiNfei3BT6NCIfaw=" at <7867.850098, 38.487900, 1983.557739>) and the code is 1776
20:51:05.664 [AI Patrol] Spawning 3 Shamans bots at <2483.166504, 44.366192, 5964.808105>
20:58:55.765 [AI Patrol] Spawning 3 Shamans bots at <6746.217773, 26.129999, 2342.472412>
21:13:25.421 [AI Patrol] Spawning 3 Shamans bots at <4012.610352, 15.630000, 6610.220703>
21:13:25.437 [AI Patrol] Spawning 3 Shamans bots at <3756.777588, 15.630000, 6576.196289>
21:13:25.460 [AI Patrol] Spawning 3 Shamans bots at <3420.279541, 17.214582, 6305.770508>
21:13:25.476 [AI Patrol] Spawning 3 Shamans bots at <3765.535400, 15.630000, 6566.205078>
21:13:25.500 [AI Patrol] Spawning 3 Shamans bots at <4004.585938, 15.630000, 6667.248047>
21:13:25.523 [AI Patrol] Spawning 3 Shamans bots at <3622.182617, 15.630000, 6421.944336>
21:14:51.140 [AI Patrol] Spawning 3 Shamans bots at <4330.558594, 15.862943, 7654.204590>
21:14:57.531 [AI Patrol] Spawning 3 Shamans bots at <4348.470703, 15.731265, 7666.644043>
21:15:18.218 [AI Patrol] Spawning 3 Shamans bots at <4500.087891, 15.876651, 7633.770996>
21:16:40.328 [AI Patrol] Spawning 3 Shamans bots at <4751.636719, 38.712498, 7220.262695>
21:36:52.968 [VehicleEnter] Player DirtyDan [uid=eZvdqnhxQZeB4Wvp7ko5cFy79bCUMACrCdUKq6S9F3w=] entered vehicle Olga 24 (id=E2589B7D1940E61351FD1CA16A5685DB pos=<7367.769043, 26.117760, 2218.963623>) as driver
21:36:56.101 [VehicleEngine] Player DirtyDan [uid=eZvdqnhxQZeB4Wvp7ko5cFy79bCUMACrCdUKq6S9F3w=] started vehicle Olga 24 (id=E2589B7D1940E61351FD1CA16A5685DB pos=<7367.769043, 26.117764, 2218.963623>)
21:37:38.429 [VehicleDeleted] CivilianSedan (id=18B9749E794560E2B896539407A67D29 pos=<7374.009277, 25.908394, 2215.815918>)
21:39:51.960 [VehicleEnter] Player Captain Chaos [uid=KWl3ojgjStHOe3-iLRChpUG8crsNiNfei3BT6NCIfaw=] entered vehicle Olga 24 (id=E2589B7D1940E61351FD1CA16A5685DB pos=<7519.425293, 26.497093, 1833.510620>) as passenger
21:40:11.632 [AI Patrol] Spawning 3 Shamans bots at <5133.142578, 16.040155, 7293.154785>
21:40:11.726 [AI Patrol] Spawning 3 Shamans bots at <6809.403320, 26.129999, 2314.099365>
21:43:36.257 [VehicleLeave] Player DirtyDan [uid=eZvdqnhxQZeB4Wvp7ko5cFy79bCUMACrCdUKq6S9F3w=] left vehicle Olga 24 (id=E2589B7D1940E61351FD1CA16A5685DB pos=<7455.443359, 10.927456, 2710.943359>)
21:43:39.328 [VehicleAttachments] Player DirtyDan (uid=eZvdqnhxQZeB4Wvp7ko5cFy79bCUMACrCdUKq6S9F3w=) detached Olga 24 Front Left Door (type=CivSedanDoors_Driver_Wine) from vehicle Olga 24(id=E2589B7D1940E61351FD1CA16A5685DB pos=<7455.443359, 10.927432, 2710.944092>)
21:43:41.476 [VehicleLeave] Player Captain Chaos [uid=KWl3ojgjStHOe3-iLRChpUG8crsNiNfei3BT6NCIfaw=] left vehicle Olga 24 (id=E2589B7D1940E61351FD1CA16A5685DB pos=<7455.443359, 10.927429, 2710.944824>)
21:44:05.859 [VehicleEnter] Player DirtyDan [uid=eZvdqnhxQZeB4Wvp7ko5cFy79bCUMACrCdUKq6S9F3w=] entered vehicle Olga 24 (id=E2589B7D1940E61351FD1CA16A5685DB pos=<7455.442871, 10.927159, 2710.957520>) as driver
21:44:23.757 [VehicleAttachments] Player Captain Chaos (uid=KWl3ojgjStHOe3-iLRChpUG8crsNiNfei3BT6NCIfaw=) detached Olga 24 Front Right Door (type=CivSedanDoors_CoDriver_Wine) from vehicle Olga 24(id=E2589B7D1940E61351FD1CA16A5685DB pos=<7443.368652, 10.259039, 2727.849854>)
21:44:31.320 [VehicleEnter] Player Captain Chaos [uid=KWl3ojgjStHOe3-iLRChpUG8crsNiNfei3BT6NCIfaw=] entered vehicle Olga 24 (id=E2589B7D1940E61351FD1CA16A5685DB pos=<7443.368652, 10.258846, 2727.853271>) as passenger
21:45:02.914 [VehicleLeave] Player Captain Chaos [uid=KWl3ojgjStHOe3-iLRChpUG8crsNiNfei3BT6NCIfaw=] left vehicle Olga 24 (id=E2589B7D1940E61351FD1CA16A5685DB pos=<7443.369141, 10.258785, 2727.860107>)
21:45:03.171 [VehicleLeave] Player DirtyDan [uid=eZvdqnhxQZeB4Wvp7ko5cFy79bCUMACrCdUKq6S9F3w=] left vehicle Olga 24 (id=E2589B7D1940E61351FD1CA16A5685DB pos=<7443.369141, 10.258780, 2727.860352>)
21:45:07.867 [VehicleEnter] Player DirtyDan [uid=eZvdqnhxQZeB4Wvp7ko5cFy79bCUMACrCdUKq6S9F3w=] entered vehicle Olga 24 (id=E2589B7D1940E61351FD1CA16A5685DB pos=<7443.369141, 10.258780, 2727.860596>) as passenger
21:45:10.093 [VehicleEnter] Player Captain Chaos [uid=KWl3ojgjStHOe3-iLRChpUG8crsNiNfei3BT6NCIfaw=] entered vehicle Olga 24 (id=E2589B7D1940E61351FD1CA16A5685DB pos=<7443.369141, 10.258771, 2727.861328>) as driver
21:45:21.328 [VehicleEngine] Player Captain Chaos [uid=KWl3ojgjStHOe3-iLRChpUG8crsNiNfei3BT6NCIfaw=] started vehicle Olga 24 (id=E2589B7D1940E61351FD1CA16A5685DB pos=<7443.369141, 10.258714, 2727.865234>)
21:48:46.312 [AI Patrol] Spawning 3 Shamans bots at <6365.314453, 36.123699, 3735.396484>
21:48:54.359 [AI Patrol] Spawning 3 Shamans bots at <6520.239746, 22.610001, 3760.044922>
21:48:56.101 [AI Patrol] Spawning 3 Shamans bots at <6509.245605, 22.633078, 3796.200195>
21:49:00.335 [AI Patrol] Spawning 3 Shamans bots at <6667.669922, 22.260000, 3755.167480>
21:49:13.109 [AI Patrol] Spawning 3 Shamans bots at <5526.706055, 209.889999, 4126.857910>
21:49:20.835 [AI Patrol] Spawning 3 Shamans bots at <6048.350098, 151.308762, 4444.396973>
21:49:44.726 [VehicleLeave] Player Captain Chaos [uid=KWl3ojgjStHOe3-iLRChpUG8crsNiNfei3BT6NCIfaw=] left vehicle Olga 24 (id=E2589B7D1940E61351FD1CA16A5685DB pos=<6208.933105, 42.421101, 3651.221680>)
21:49:56.015 [VehicleLeave] Player DirtyDan [uid=eZvdqnhxQZeB4Wvp7ko5cFy79bCUMACrCdUKq6S9F3w=] left vehicle Olga 24 (id=E2589B7D1940E61351FD1CA16A5685DB pos=<6208.933105, 42.421089, 3651.221680>)
21:52:28.671 [VehicleDeleted] CivilianSedan_Wine (id=E2589B7D1940E61351FD1CA16A5685DB pos=<6208.933105, 42.421089, 3651.221680>)
21:58:53.804 [AI Patrol] Spawning 3 Shamans bots at <3765.658203, 15.630000, 6583.573730>
22:00:22.843 [VehicleEnter] Player DirtyDan [uid=eZvdqnhxQZeB4Wvp7ko5cFy79bCUMACrCdUKq6S9F3w=] entered vehicle ToyotaHilux (id=15DC193CAB4BBFFBDA052BB6F46F36E7 pos=<6211.994629, 42.323399, 3659.187012>) as passenger
22:00:25.117 [VehicleEnter] Player DirtyDan [uid=eZvdqnhxQZeB4Wvp7ko5cFy79bCUMACrCdUKq6S9F3w=] switched seats in vehicle ToyotaHilux (id=15DC193CAB4BBFFBDA052BB6F46F36E7 pos=<6211.994629, 42.323399, 3659.187012>) to driver
22:00:30.609 [VehicleLeave] Player DirtyDan [uid=eZvdqnhxQZeB4Wvp7ko5cFy79bCUMACrCdUKq6S9F3w=] left vehicle ToyotaHilux (id=15DC193CAB4BBFFBDA052BB6F46F36E7 pos=<6211.997559, 42.323341, 3659.187012>)
22:00:36.484 [VehicleAttachments] Player Captain Chaos (uid=KWl3ojgjStHOe3-iLRChpUG8crsNiNfei3BT6NCIfaw=) detached ToyotaHilux Right Door (type=ToyotaHilux_Doors_coDriver) from vehicle ToyotaHilux(id=15DC193CAB4BBFFBDA052BB6F46F36E7 pos=<6211.994629, 42.323399, 3659.187012>)
22:00:40.398 [VehicleEnter] Player DirtyDan [uid=eZvdqnhxQZeB4Wvp7ko5cFy79bCUMACrCdUKq6S9F3w=] entered vehicle ToyotaHilux (id=15DC193CAB4BBFFBDA052BB6F46F36E7 pos=<6211.997070, 42.323357, 3659.187012>) as driver
22:00:42.281 [VehicleLeave] Player DirtyDan [uid=eZvdqnhxQZeB4Wvp7ko5cFy79bCUMACrCdUKq6S9F3w=] left vehicle ToyotaHilux (id=15DC193CAB4BBFFBDA052BB6F46F36E7 pos=<6211.996094, 42.323368, 3659.187012>)
22:00:48.109 [VehicleAttachments] Player DirtyDan (uid=eZvdqnhxQZeB4Wvp7ko5cFy79bCUMACrCdUKq6S9F3w=) detached ToyotaHilux Left Door (type=ToyotaHilux_Doors_Driver) from vehicle ToyotaHilux(id=15DC193CAB4BBFFBDA052BB6F46F36E7 pos=<6211.993652, 42.323410, 3659.187012>)
22:00:51.851 [VehicleEnter] Player Captain Chaos [uid=KWl3ojgjStHOe3-iLRChpUG8crsNiNfei3BT6NCIfaw=] entered vehicle ToyotaHilux (id=15DC193CAB4BBFFBDA052BB6F46F36E7 pos=<6211.993652, 42.323410, 3659.187012>) as passenger
22:00:57.890 [VehicleEnter] Player DirtyDan [uid=eZvdqnhxQZeB4Wvp7ko5cFy79bCUMACrCdUKq6S9F3w=] entered vehicle ToyotaHilux (id=15DC193CAB4BBFFBDA052BB6F46F36E7 pos=<6211.995605, 42.323372, 3659.187012>) as driver
22:00:59.265 [VehicleEngine] Player DirtyDan [uid=eZvdqnhxQZeB4Wvp7ko5cFy79bCUMACrCdUKq6S9F3w=] started vehicle ToyotaHilux (id=15DC193CAB4BBFFBDA052BB6F46F36E7 pos=<6211.992676, 42.323418, 3659.187012>)
22:01:43.015 [VehicleLeave] Player Captain Chaos [uid=KWl3ojgjStHOe3-iLRChpUG8crsNiNfei3BT6NCIfaw=] left vehicle ToyotaHilux (id=15DC193CAB4BBFFBDA052BB6F46F36E7 pos=<6311.181152, 55.765320, 4108.091797>)
22:01:45.648 [VehicleLeave] Player DirtyDan [uid=eZvdqnhxQZeB4Wvp7ko5cFy79bCUMACrCdUKq6S9F3w=] left vehicle ToyotaHilux (id=15DC193CAB4BBFFBDA052BB6F46F36E7 pos=<6311.178223, 55.764763, 4108.090332>)
22:04:40.632 [AI Patrol] Spawning 3 Shamans bots at <6018.939941, 23.700777, 5484.666016>
22:04:57.992 [AI Patrol] Spawning 3 Shamans bots at <6132.470703, 33.116863, 5543.106445>
22:05:31.789 [AI Patrol] Spawning 3 Shamans bots at <5268.775879, 18.433296, 5047.067383>
22:29:00.804 [VehicleEnter] Player DirtyDan [uid=eZvdqnhxQZeB4Wvp7ko5cFy79bCUMACrCdUKq6S9F3w=] entered vehicle ToyotaHilux (id=15DC193CAB4BBFFBDA052BB6F46F36E7 pos=<6311.175781, 55.764751, 4108.088867>) as driver
22:29:02.757 [VehicleEngine] Player DirtyDan [uid=eZvdqnhxQZeB4Wvp7ko5cFy79bCUMACrCdUKq6S9F3w=] started vehicle ToyotaHilux (id=15DC193CAB4BBFFBDA052BB6F46F36E7 pos=<6311.175781, 55.764755, 4108.088867>)
22:29:15.562 [VehicleEnter] Player Captain Chaos [uid=KWl3ojgjStHOe3-iLRChpUG8crsNiNfei3BT6NCIfaw=] entered vehicle ToyotaHilux (id=15DC193CAB4BBFFBDA052BB6F46F36E7 pos=<6312.710938, 55.765358, 4104.788574>) as passenger
22:30:23.242 [VehicleEngine] Player DirtyDan [uid=eZvdqnhxQZeB4Wvp7ko5cFy79bCUMACrCdUKq6S9F3w=] stopped vehicle ToyotaHilux (id=15DC193CAB4BBFFBDA052BB6F46F36E7 pos=<6519.423828, 22.614744, 3775.455811>)
22:30:25.781 [VehicleLeave] Player DirtyDan [uid=eZvdqnhxQZeB4Wvp7ko5cFy79bCUMACrCdUKq6S9F3w=] left vehicle ToyotaHilux (id=15DC193CAB4BBFFBDA052BB6F46F36E7 pos=<6519.421387, 22.614761, 3775.457764>)
22:30:27.484 [VehicleLeave] Player Captain Chaos [uid=KWl3ojgjStHOe3-iLRChpUG8crsNiNfei3BT6NCIfaw=] left vehicle ToyotaHilux (id=15DC193CAB4BBFFBDA052BB6F46F36E7 pos=<6519.421387, 22.614765, 3775.457764>)
22:42:08.117 [AI Patrol] Spawning 3 Shamans bots at <3225.946289, 21.710934, 6312.025391>
22:42:08.203 [AI Patrol] Spawning 3 Shamans bots at <4083.152100, 15.640000, 7099.542480>
22:46:58.328 [VehicleEnter] Player Captain Chaos [uid=KWl3ojgjStHOe3-iLRChpUG8crsNiNfei3BT6NCIfaw=] entered vehicle UH-1H (id=80A1898C9B41A6E616B2989E38D2FC99 pos=<6703.657715, 22.354336, 3806.049072>) as passenger
22:47:00.812 [VehicleEnter] Player DirtyDan [uid=eZvdqnhxQZeB4Wvp7ko5cFy79bCUMACrCdUKq6S9F3w=] entered vehicle UH-1H (id=80A1898C9B41A6E616B2989E38D2FC99 pos=<6703.657715, 22.354441, 3806.049072>) as pilot
22:47:03.117 [VehicleEngine] Player DirtyDan [uid=eZvdqnhxQZeB4Wvp7ko5cFy79bCUMACrCdUKq6S9F3w=] started vehicle UH-1H (id=80A1898C9B41A6E616B2989E38D2FC99 pos=<6703.658203, 22.354475, 3806.049072>)
22:47:07.210 [VehicleLeave] Player DirtyDan [uid=eZvdqnhxQZeB4Wvp7ko5cFy79bCUMACrCdUKq6S9F3w=] left vehicle UH-1H (id=80A1898C9B41A6E616B2989E38D2FC99 pos=<6703.658203, 22.354481, 3806.049072>)
22:47:28.140 [VehicleLeave] Player Captain Chaos [uid=KWl3ojgjStHOe3-iLRChpUG8crsNiNfei3BT6NCIfaw=] left vehicle UH-1H (id=80A1898C9B41A6E616B2989E38D2FC99 pos=<6703.658203, 22.354483, 3806.049072>)
22:49:16.023 [VehicleEnter] Player Captain Chaos [uid=KWl3ojgjStHOe3-iLRChpUG8crsNiNfei3BT6NCIfaw=] entered vehicle UH-1H (id=80A1898C9B41A6E616B2989E38D2FC99 pos=<6703.658203, 22.354483, 3806.049072>) as passenger
22:55:42.585 [VehicleEnter] Player DirtyDan [uid=eZvdqnhxQZeB4Wvp7ko5cFy79bCUMACrCdUKq6S9F3w=] entered vehicle ToyotaHilux (id=15DC193CAB4BBFFBDA052BB6F46F36E7 pos=<6519.420898, 22.614748, 3775.456543>) as driver
22:55:44.210 [VehicleEngine] Player DirtyDan [uid=eZvdqnhxQZeB4Wvp7ko5cFy79bCUMACrCdUKq6S9F3w=] started vehicle ToyotaHilux (id=15DC193CAB4BBFFBDA052BB6F46F36E7 pos=<6519.419922, 22.614758, 3775.457764>)
22:56:21.007 [VehicleLeave] Player DirtyDan [uid=eZvdqnhxQZeB4Wvp7ko5cFy79bCUMACrCdUKq6S9F3w=] left vehicle ToyotaHilux (id=15DC193CAB4BBFFBDA052BB6F46F36E7 pos=<6697.910645, 22.264748, 3796.530273>)
22:56:56.109 [AI Patrol] Spawning 3 Shamans bots at <6528.337402, 2.965370, 3218.209961>
22:58:59.078 [VehicleEnter] Player DirtyDan [uid=eZvdqnhxQZeB4Wvp7ko5cFy79bCUMACrCdUKq6S9F3w=] entered vehicle UH-1H (id=80A1898C9B41A6E616B2989E38D2FC99 pos=<6703.658203, 22.354486, 3806.049072>) as pilot
22:59:12.609 [VehicleLeave] Player DirtyDan [uid=eZvdqnhxQZeB4Wvp7ko5cFy79bCUMACrCdUKq6S9F3w=] left vehicle UH-1H (id=80A1898C9B41A6E616B2989E38D2FC99 pos=<6703.658203, 22.354485, 3806.049072>)
23:01:36.500 [VehicleEnter] Player DirtyDan [uid=eZvdqnhxQZeB4Wvp7ko5cFy79bCUMACrCdUKq6S9F3w=] entered vehicle UH-1H (id=80A1898C9B41A6E616B2989E38D2FC99 pos=<6703.658203, 22.354492, 3806.049072>) as pilot
23:01:40.601 [VehicleEngine] Player DirtyDan [uid=eZvdqnhxQZeB4Wvp7ko5cFy79bCUMACrCdUKq6S9F3w=] started vehicle UH-1H (id=80A1898C9B41A6E616B2989E38D2FC99 pos=<6703.658203, 22.354492, 3806.049072>)
23:03:58.546 [VehicleEngine] Player DirtyDan [uid=eZvdqnhxQZeB4Wvp7ko5cFy79bCUMACrCdUKq6S9F3w=] stopped vehicle UH-1H (id=80A1898C9B41A6E616B2989E38D2FC99 pos=<7862.615234, 44.521294, 1983.929932>)
23:04:10.726 [VehicleEngine] Player DirtyDan [uid=eZvdqnhxQZeB4Wvp7ko5cFy79bCUMACrCdUKq6S9F3w=] started vehicle UH-1H (id=80A1898C9B41A6E616B2989E38D2FC99 pos=<7867.088867, 41.038635, 1982.313354>)
23:04:49.117 [VehicleEngine] Player DirtyDan [uid=eZvdqnhxQZeB4Wvp7ko5cFy79bCUMACrCdUKq6S9F3w=] stopped vehicle UH-1H (id=80A1898C9B41A6E616B2989E38D2FC99 pos=<7859.775879, 41.244865, 1984.409790>)
23:04:53.781 [VehicleLeave] Player Captain Chaos [uid=KWl3ojgjStHOe3-iLRChpUG8crsNiNfei3BT6NCIfaw=] left vehicle UH-1H (id=80A1898C9B41A6E616B2989E38D2FC99 pos=<7860.120605, 38.526672, 1984.709106>)
23:05:16.500 [VehicleLeave] Player DirtyDan [uid=eZvdqnhxQZeB4Wvp7ko5cFy79bCUMACrCdUKq6S9F3w=] left vehicle UH-1H (id=80A1898C9B41A6E616B2989E38D2FC99 pos=<7860.118164, 38.531216, 1984.707153>)
23:07:51.117 [Party] Player "Captain Chaos" (id=KWl3ojgjStHOe3-iLRChpUG8crsNiNfei3BT6NCIfaw=) invited the player "Captain Sodomy" (id=VsEWQWxzvcTpDLQgc9tVyxq5TiqDS9O3QehdBa_YkH8=)to the party named dirtydan
23:08:00.484 [Party] Player "Captain Sodomy" (id=VsEWQWxzvcTpDLQgc9tVyxq5TiqDS9O3QehdBa_YkH8=) joinded the party "dirtydan" (id=3 ownerUID=eZvdqnhxQZeB4Wvp7ko5cFy79bCUMACrCdUKq6S9F3w= ownerName=DirtyDan)
23:09:09.898 [VehicleEnter] Player Captain Chaos [uid=KWl3ojgjStHOe3-iLRChpUG8crsNiNfei3BT6NCIfaw=] entered vehicle UH-1H (id=80A1898C9B41A6E616B2989E38D2FC99 pos=<7860.120605, 38.531136, 1984.704468>) as passenger
23:11:25.265 [VehicleEnter] Player DirtyDan [uid=eZvdqnhxQZeB4Wvp7ko5cFy79bCUMACrCdUKq6S9F3w=] entered vehicle UH-1H (id=80A1898C9B41A6E616B2989E38D2FC99 pos=<7860.121094, 38.531216, 1984.704712>) as pilot
23:11:37.039 [VehicleEngine] Player DirtyDan [uid=eZvdqnhxQZeB4Wvp7ko5cFy79bCUMACrCdUKq6S9F3w=] started vehicle UH-1H (id=80A1898C9B41A6E616B2989E38D2FC99 pos=<7860.121094, 38.531216, 1984.704712>)
23:13:36.812 [AI Patrol] Spawning 3 Shamans bots at <4164.385742, 18.289940, 4787.793457>
23:13:36.929 [AI Patrol] Spawning 3 Shamans bots at <4149.882813, 18.289940, 4780.313965>
23:13:37.000 [AI Patrol] Spawning 3 Shamans bots at <4125.907227, 18.289940, 4760.617188>
23:13:40.718 [AI Patrol] Spawning 3 Shamans bots at <4016.922363, 9.571062, 4867.677246>
23:14:04.601 [AI Patrol] Spawning 3 Shamans bots at <2795.524170, 21.565632, 4369.825195>
23:14:21.820 [AI Patrol] Spawning 3 Shamans bots at <2516.746582, 43.939999, 5707.718262>
23:14:22.375 [AI Patrol] Spawning 3 Shamans bots at <2624.755615, 43.939999, 5797.744629>
23:14:22.953 [AI Patrol] Spawning 3 Shamans bots at <2491.332764, 43.939999, 5740.488770>
23:15:48.640 [VehicleEnter] Player Captain Sodomy [uid=VsEWQWxzvcTpDLQgc9tVyxq5TiqDS9O3QehdBa_YkH8=] entered vehicle UH-1H (id=80A1898C9B41A6E616B2989E38D2FC99 pos=<370.778046, 4.639646, 5909.803223>) as passenger
23:18:50.875 [VehicleEngine] Player DirtyDan [uid=eZvdqnhxQZeB4Wvp7ko5cFy79bCUMACrCdUKq6S9F3w=] stopped vehicle UH-1H (id=80A1898C9B41A6E616B2989E38D2FC99 pos=<4825.485352, 8.290721, 2250.684814>)
23:18:52.609 [VehicleLeave] Player Captain Sodomy [uid=VsEWQWxzvcTpDLQgc9tVyxq5TiqDS9O3QehdBa_YkH8=] left vehicle UH-1H (id=80A1898C9B41A6E616B2989E38D2FC99 pos=<4822.740723, 6.378900, 2255.561523>)
23:18:55.273 [VehicleLeave] Player DirtyDan [uid=eZvdqnhxQZeB4Wvp7ko5cFy79bCUMACrCdUKq6S9F3w=] left vehicle UH-1H (id=80A1898C9B41A6E616B2989E38D2FC99 pos=<4822.736816, 6.390448, 2255.563721>)
23:19:00.460 [VehicleLeave] Player Captain Chaos [uid=KWl3ojgjStHOe3-iLRChpUG8crsNiNfei3BT6NCIfaw=] left vehicle UH-1H (id=80A1898C9B41A6E616B2989E38D2FC99 pos=<4822.731934, 6.403718, 2255.571533>)
23:22:56.578 [VehicleEnter] Player DirtyDan [uid=eZvdqnhxQZeB4Wvp7ko5cFy79bCUMACrCdUKq6S9F3w=] entered vehicle UH-1H (id=80A1898C9B41A6E616B2989E38D2FC99 pos=<4822.731934, 6.404478, 2255.571777>) as pilot
23:23:08.273 [VehicleEngine] Player DirtyDan [uid=eZvdqnhxQZeB4Wvp7ko5cFy79bCUMACrCdUKq6S9F3w=] started vehicle UH-1H (id=80A1898C9B41A6E616B2989E38D2FC99 pos=<4822.731934, 6.404482, 2255.571777>)
23:23:20.140 [VehicleEnter] Player Captain Sodomy [uid=VsEWQWxzvcTpDLQgc9tVyxq5TiqDS9O3QehdBa_YkH8=] entered vehicle UH-1H (id=80A1898C9B41A6E616B2989E38D2FC99 pos=<4822.730957, 6.435894, 2255.570068>) as passenger
23:23:27.187 [VehicleEngine] Player DirtyDan [uid=eZvdqnhxQZeB4Wvp7ko5cFy79bCUMACrCdUKq6S9F3w=] stopped vehicle UH-1H (id=80A1898C9B41A6E616B2989E38D2FC99 pos=<4824.302246, 11.691536, 2252.997803>)
23:23:41.257 [VehicleEngine] Player DirtyDan [uid=eZvdqnhxQZeB4Wvp7ko5cFy79bCUMACrCdUKq6S9F3w=] started vehicle UH-1H (id=80A1898C9B41A6E616B2989E38D2FC99 pos=<4824.649902, 6.404467, 2252.440674>)
23:23:45.890 [VehicleEnter] Player Captain Chaos [uid=KWl3ojgjStHOe3-iLRChpUG8crsNiNfei3BT6NCIfaw=] entered vehicle UH-1H (id=80A1898C9B41A6E616B2989E38D2FC99 pos=<4824.649902, 6.404476, 2252.440674>) as passenger
23:25:43.804 [VehicleLeave] Player Captain Chaos [uid=KWl3ojgjStHOe3-iLRChpUG8crsNiNfei3BT6NCIfaw=] left vehicle UH-1H (id=80A1898C9B41A6E616B2989E38D2FC99 pos=<7843.966797, 38.829933, 1994.414673>)
23:25:45.273 [VehicleLeave] Player Captain Sodomy [uid=VsEWQWxzvcTpDLQgc9tVyxq5TiqDS9O3QehdBa_YkH8=] left vehicle UH-1H (id=80A1898C9B41A6E616B2989E38D2FC99 pos=<7842.440918, 38.615047, 1990.253174>)
23:25:49.062 [VehicleEngine] Player DirtyDan [uid=eZvdqnhxQZeB4Wvp7ko5cFy79bCUMACrCdUKq6S9F3w=] stopped vehicle UH-1H (id=80A1898C9B41A6E616B2989E38D2FC99 pos=<7841.446777, 38.595455, 1984.700073>)
23:25:52.117 [VehicleLeave] Player DirtyDan [uid=eZvdqnhxQZeB4Wvp7ko5cFy79bCUMACrCdUKq6S9F3w=] left vehicle UH-1H (id=80A1898C9B41A6E616B2989E38D2FC99 pos=<7841.496094, 38.483814, 1984.752197>)
23:30:45.203 [VehicleEnter] Player DirtyDan [uid=eZvdqnhxQZeB4Wvp7ko5cFy79bCUMACrCdUKq6S9F3w=] entered vehicle UH-1H (id=80A1898C9B41A6E616B2989E38D2FC99 pos=<7841.505371, 38.531219, 1984.761841>) as pilot
23:30:46.992 [VehicleLeave] Player DirtyDan [uid=eZvdqnhxQZeB4Wvp7ko5cFy79bCUMACrCdUKq6S9F3w=] left vehicle UH-1H (id=80A1898C9B41A6E616B2989E38D2FC99 pos=<7841.505371, 38.531219, 1984.761841>)
23:33:35.046 [Party] Player "Captain Sodomy" (id=VsEWQWxzvcTpDLQgc9tVyxq5TiqDS9O3QehdBa_YkH8=) left the party "dirtydan" (id=3 ownerUID=eZvdqnhxQZeB4Wvp7ko5cFy79bCUMACrCdUKq6S9F3w= ownerName=DirtyDan)
23:40:33.781 [Party] Player "DirtyDan" (id=eZvdqnhxQZeB4Wvp7ko5cFy79bCUMACrCdUKq6S9F3w=) left the party "dirtydan" (id=3 ownerUID=eZvdqnhxQZeB4Wvp7ko5cFy79bCUMACrCdUKq6S9F3w= ownerName=DirtyDan)
23:46:44.039 [BaseRaiding] BBP_BDoor (<7871.237793, 26.449106, 1984.051514>) Code set by player "(ADMIN)BLUE" (ID = "OAdpPkJP2Ps_W7h2ttR1bK23ekHCzrxw0mDT3zqLMdU=" at <7872.086426, 26.489573, 1984.433228>) and the code is 1776
23:48:19.742 [BaseRaiding] BBP_BDoor (<7875.498047, 26.130003, 1986.287354>) Code set by player "(ADMIN)BLUE" (ID = "OAdpPkJP2Ps_W7h2ttR1bK23ekHCzrxw0mDT3zqLMdU=" at <7875.081543, 26.490946, 1986.112915>) and the code is 1776
23:49:35.531 [BaseRaiding] BBP_BDoor (<7870.946777, 30.448063, 1983.901489>) Code set by player "(ADMIN)BLUE" (ID = "OAdpPkJP2Ps_W7h2ttR1bK23ekHCzrxw0mDT3zqLMdU=" at <7872.100098, 30.488071, 1984.555420>) and the code is 1776
23:51:11.968 [BaseRaiding] BBP_BDoor (<7848.388672, 38.410812, 1999.287354>) Code set by player "(ADMIN)BLUE" (ID = "OAdpPkJP2Ps_W7h2ttR1bK23ekHCzrxw0mDT3zqLMdU=" at <7849.200684, 38.437862, 1997.722656>) and the code is 1776
23:58:23.078 [Party] Player "Captain Chaos" (id=KWl3ojgjStHOe3-iLRChpUG8crsNiNfei3BT6NCIfaw=) left the party "dirtydan" (id=3 ownerUID=eZvdqnhxQZeB4Wvp7ko5cFy79bCUMACrCdUKq6S9F3w= ownerName=DirtyDan)
