13:31:34.324 [AI Patrol] Spawning 3 Shamans bots at <4009.720459, 15.630000, 6650.623047>
13:31:34.566 [AI Patrol] Spawning 3 Shamans bots at <3800.467773, 4.640000, 5970.624023>
13:31:34.593 [AI Patrol] Spawning 3 Shamans bots at <3720.501709, 4.640000, 6049.027344>
13:31:34.617 [AI Patrol] Spawning 3 Shamans bots at <3669.837402, 4.640000, 6003.448730>
13:31:34.644 [AI Patrol] Spawning 3 Shamans bots at <3748.983154, 4.640000, 5963.913086>
13:31:34.671 [AI Patrol] Spawning 3 Shamans bots at <4012.827637, 15.630000, 6607.950195>
13:31:34.695 [AI Patrol] Spawning 3 Shamans bots at <3758.412842, 15.630000, 6569.232422>
13:31:34.722 [AI Patrol] Spawning 3 Shamans bots at <3733.726807, 4.640000, 5972.368164>
13:31:34.746 [AI Patrol] Spawning 3 Shamans bots at <3427.756592, 17.551592, 6318.424316>
13:31:34.773 [AI Patrol] Spawning 3 Shamans bots at <3746.166260, 15.630000, 6567.171387>
14:43:08.347 [AI Patrol] Spawning 3 Shamans bots at <2285.398682, 64.379997, 7045.076660>
15:14:55.089 [AI Patrol] Spawning 3 Shamans bots at <2914.427734, 43.939384, 6096.021484>
15:18:25.296 [AI Patrol] Spawning 3 Shamans bots at <2572.257568, 43.939999, 5874.698242>
15:19:37.843 [AI Patrol] Spawning 3 Shamans bots at <2487.771973, 44.310585, 5957.888672>
15:20:40.554 [AI Patrol] Spawning 3 Shamans bots at <2515.523682, 43.939999, 5715.271973>
15:20:40.714 [AI Patrol] Spawning 3 Shamans bots at <2500.359619, 43.939999, 5741.315430>
15:48:09.953 [AI Patrol] Spawning 3 Shamans bots at <3411.275391, 16.893639, 6297.359863>
15:51:31.648 [AI Patrol] Spawning 3 Shamans bots at <1700.005493, 18.433756, 5226.120605>
15:57:07.835 [AI Patrol] Spawning 3 Shamans bots at <4445.003906, 15.654638, 7775.716309>
15:57:07.847 [AI Patrol] Spawning 3 Shamans bots at <4344.274902, 15.700000, 7680.464355>
15:57:07.859 [AI Patrol] Spawning 3 Shamans bots at <4330.355469, 15.859837, 7653.810059>
15:57:07.867 [AI Patrol] Spawning 3 Shamans bots at <3797.870850, 15.630000, 6521.896973>
16:15:15.472 [Chat - Global]("wiggy"(id=SgADkNjbGaUs8SauxTNPqYQENYs5GlEGD7NNksMh0hI=)): thanks
16:20:34.953 [Party] Player "DirtyDan" (id=eZvdqnhxQZeB4Wvp7ko5cFy79bCUMACrCdUKq6S9F3w=) joinded the party "dirtydan" (id=3 ownerUID=eZvdqnhxQZeB4Wvp7ko5cFy79bCUMACrCdUKq6S9F3w= ownerName=DirtyDan)
16:21:20.218 [Chat - Global]("DirtyDan"(id=eZvdqnhxQZeB4Wvp7ko5cFy79bCUMACrCdUKq6S9F3w=)): hello
16:21:37.914 [Chat - Global]("DirtyDan"(id=eZvdqnhxQZeB4Wvp7ko5cFy79bCUMACrCdUKq6S9F3w=)): LOL
16:22:17.367 [Chat - Global]("DirtyDan"(id=eZvdqnhxQZeB4Wvp7ko5cFy79bCUMACrCdUKq6S9F3w=)): this thing is Massive lol
16:24:21.359 [Chat - Global]("DirtyDan"(id=eZvdqnhxQZeB4Wvp7ko5cFy79bCUMACrCdUKq6S9F3w=)): zef what up 
16:37:35.378 [Party] Player "Captain Chaos" (id=KWl3ojgjStHOe3-iLRChpUG8crsNiNfei3BT6NCIfaw=) joinded the party "Sodomizers" (id=0 ownerUID=KWl3ojgjStHOe3-iLRChpUG8crsNiNfei3BT6NCIfaw= ownerName=Captain Chaos)
16:37:35.390 [AI Patrol] Spawning 3 Shamans bots at <3076.753906, 10.610068, 4469.847656>
16:38:52.289 [Chat - Global]("DirtyDan"(id=eZvdqnhxQZeB4Wvp7ko5cFy79bCUMACrCdUKq6S9F3w=)): wiggy
16:40:30.320 [AI Patrol] Spawning 3 Shamans bots at <2731.453125, 43.939999, 5967.481445>
16:40:30.820 [AI Patrol] Spawning 3 Shamans bots at <4093.885254, 15.860022, 6991.439453>
16:42:04.703 [Party] Player "GalaxyPanda" (id=Pk9FmI0iGIJV90L0o-uI7ivHc45DZnNcAVX3v1GVD5Y=) left the party "Sodomizers" (id=0 ownerUID=KWl3ojgjStHOe3-iLRChpUG8crsNiNfei3BT6NCIfaw= ownerName=Captain Chaos)
16:42:04.703 [Party] Player "Captain Sodomy" (id=VsEWQWxzvcTpDLQgc9tVyxq5TiqDS9O3QehdBa_YkH8=) left the party "Sodomizers" (id=0 ownerUID=KWl3ojgjStHOe3-iLRChpUG8crsNiNfei3BT6NCIfaw= ownerName=Captain Chaos)
16:42:04.703 [Party] Player "MaxCaliber" (id=s7vJf2NuCNme1MUM_sgLr2G3yzcxYg10pO0s-GAKExM=) left the party "Sodomizers" (id=0 ownerUID=KWl3ojgjStHOe3-iLRChpUG8crsNiNfei3BT6NCIfaw= ownerName=Captain Chaos)
16:42:04.703 [Party] Player "(ADMIN)BLUE" (id=OAdpPkJP2Ps_W7h2ttR1bK23ekHCzrxw0mDT3zqLMdU=) left the party "Sodomizers" (id=0 ownerUID=KWl3ojgjStHOe3-iLRChpUG8crsNiNfei3BT6NCIfaw= ownerName=Captain Chaos)
16:42:04.703 [Party] Player "Captain Chaos" (id=KWl3ojgjStHOe3-iLRChpUG8crsNiNfei3BT6NCIfaw=) left the party "Sodomizers" (id=0 ownerUID=KWl3ojgjStHOe3-iLRChpUG8crsNiNfei3BT6NCIfaw= ownerName=Captain Chaos)
16:43:04.675 [AI Patrol] Spawning 3 Shamans bots at <4824.060547, 35.050930, 7272.128906>
16:43:19.679 [Party] Player "DirtyDan" (id=eZvdqnhxQZeB4Wvp7ko5cFy79bCUMACrCdUKq6S9F3w=) invited the player "Captain Chaos" (id=KWl3ojgjStHOe3-iLRChpUG8crsNiNfei3BT6NCIfaw=)to the party named dirtydan
16:43:30.171 [Party] Player "Captain Chaos" (id=KWl3ojgjStHOe3-iLRChpUG8crsNiNfei3BT6NCIfaw=) joinded the party "dirtydan" (id=3 ownerUID=eZvdqnhxQZeB4Wvp7ko5cFy79bCUMACrCdUKq6S9F3w= ownerName=DirtyDan)
17:41:15.035 [AI Patrol] Spawning 3 Shamans bots at <4031.939209, 9.761209, 4870.129883>
17:41:59.179 [AI Patrol] Spawning 3 Shamans bots at <3973.397461, 19.140093, 4640.434082>
17:42:02.578 [AI Patrol] Spawning 3 Shamans bots at <3986.817139, 19.768892, 4638.481445>
17:42:03.136 [AI Patrol] Spawning 3 Shamans bots at <3997.689453, 20.186460, 4650.893066>
17:42:18.011 [AI Patrol] Spawning 3 Shamans bots at <4112.325684, 18.289940, 4748.437012>
17:42:22.445 [AI Patrol] Spawning 3 Shamans bots at <4141.962891, 18.289940, 4771.766113>
17:42:22.933 [AI Patrol] Spawning 3 Shamans bots at <4150.226563, 18.289940, 4796.109863>
17:57:37.574 [Party] Player "Captain Chaos" (id=KWl3ojgjStHOe3-iLRChpUG8crsNiNfei3BT6NCIfaw=) left the party "dirtydan" (id=3 ownerUID=eZvdqnhxQZeB4Wvp7ko5cFy79bCUMACrCdUKq6S9F3w= ownerName=DirtyDan)
17:58:17.804 [Party] Player "DirtyDan" (id=eZvdqnhxQZeB4Wvp7ko5cFy79bCUMACrCdUKq6S9F3w=) left the party "dirtydan" (id=3 ownerUID=eZvdqnhxQZeB4Wvp7ko5cFy79bCUMACrCdUKq6S9F3w= ownerName=DirtyDan)
