18:03:46.312 [AI Patrol] Spawning 3 Shamans bots at <1177.043335, 65.351158, 1195.684448>
18:04:06.136 [AI Patrol] Spawning 3 Shamans bots at <2361.279297, 35.000000, 1244.208008>
18:19:06.523 [AI Patrol] Spawning 3 Shamans bots at <1721.229492, 15.570000, 479.358826>
18:19:22.046 [AI Patrol] Spawning 3 Shamans bots at <2307.453369, 77.123505, 1711.145996>
18:57:58.562 [VehicleEnter] Player SiR NeRg [uid=v49uXaJny-MXhmq_qvUelv_0QcwRY1-cv9_Yq-5tGIA=] entered vehicle HAMMER_H1 black_rust (id=FE97C9C7024AB411903E67BB6B8D831E pos=<1954.599121, 15.610351, 547.989380>) as driver
18:58:02.882 [VehicleEngine] Player SiR NeRg [uid=v49uXaJny-MXhmq_qvUelv_0QcwRY1-cv9_Yq-5tGIA=] started vehicle HAMMER_H1 black_rust (id=FE97C9C7024AB411903E67BB6B8D831E pos=<1954.617310, 15.610351, 547.987061>)
19:00:48.625 [VehicleLeave] Player SiR NeRg [uid=v49uXaJny-MXhmq_qvUelv_0QcwRY1-cv9_Yq-5tGIA=] left vehicle HAMMER_H1 black_rust (id=FE97C9C7024AB411903E67BB6B8D831E pos=<2177.196777, 15.610349, 626.872314>)
19:00:56.781 [VehicleEnter] Player SiR NeRg [uid=v49uXaJny-MXhmq_qvUelv_0QcwRY1-cv9_Yq-5tGIA=] entered vehicle HAMMER_H1 black_rust (id=FE97C9C7024AB411903E67BB6B8D831E pos=<2177.196777, 15.610351, 626.872131>) as driver
19:01:07.328 [AI Patrol] Spawning 3 Shamans bots at <1844.527954, 15.570000, 600.205872>
19:01:08.218 [AI Patrol] Spawning 3 Shamans bots at <1857.656616, 15.570000, 584.625916>
19:01:11.453 [AI Patrol] Spawning 3 Shamans bots at <1897.022583, 15.570000, 539.053223>
19:02:54.406 [AI Patrol] Spawning 3 Shamans bots at <1958.882324, 54.799999, 2925.813232>
19:02:54.718 [AI Patrol] Spawning 3 Shamans bots at <1939.514404, 54.799999, 2933.540039>
19:02:55.976 [AI Patrol] Spawning 3 Shamans bots at <1954.827148, 54.799999, 2954.627441>
19:02:56.882 [AI Patrol] Spawning 3 Shamans bots at <2035.753418, 54.799999, 2960.802979>
19:03:00.515 [AI Patrol] Spawning 3 Shamans bots at <2052.580078, 54.799999, 3036.466797>
19:03:01.539 [AI Patrol] Spawning 3 Shamans bots at <2101.698486, 54.799999, 3052.119873>
19:03:02.460 [AI Patrol] Spawning 3 Shamans bots at <2170.828369, 54.799999, 3058.863281>
19:03:04.367 [AI Patrol] Spawning 3 Shamans bots at <2327.004150, 54.799999, 3054.847900>
19:03:26.296 [AI Patrol] Spawning 3 Shamans bots at <2844.734375, 53.410000, 3191.004639>
19:03:31.414 [AI Patrol] Spawning 3 Shamans bots at <2899.376709, 53.410000, 3217.838867>
19:03:55.468 [AI Patrol] Spawning 3 Shamans bots at <974.486877, 5.550314, 3123.899658>
19:04:07.335 [VehicleLeave] Player SiR NeRg [uid=v49uXaJny-MXhmq_qvUelv_0QcwRY1-cv9_Yq-5tGIA=] left vehicle HAMMER_H1 black_rust (id=FE97C9C7024AB411903E67BB6B8D831E pos=<1921.094360, 54.840355, 2881.389648>)
19:06:26.179 [VehicleEnter] Player SiR NeRg [uid=v49uXaJny-MXhmq_qvUelv_0QcwRY1-cv9_Yq-5tGIA=] entered vehicle HAMMER_H1 black_rust (id=FE97C9C7024AB411903E67BB6B8D831E pos=<1921.107056, 54.840351, 2881.759766>) as driver
19:09:34.617 [VehicleEngine] Player SiR NeRg [uid=v49uXaJny-MXhmq_qvUelv_0QcwRY1-cv9_Yq-5tGIA=] stopped vehicle HAMMER_H1 black_rust (id=FE97C9C7024AB411903E67BB6B8D831E pos=<1915.957275, 54.845837, 2877.827148>)
19:09:38.960 [VehicleEngine] Player SiR NeRg [uid=v49uXaJny-MXhmq_qvUelv_0QcwRY1-cv9_Yq-5tGIA=] started vehicle HAMMER_H1 black_rust (id=FE97C9C7024AB411903E67BB6B8D831E pos=<1916.045044, 54.845898, 2877.781250>)
19:09:40.984 [VehicleEngine] Player SiR NeRg [uid=v49uXaJny-MXhmq_qvUelv_0QcwRY1-cv9_Yq-5tGIA=] stopped vehicle HAMMER_H1 black_rust (id=FE97C9C7024AB411903E67BB6B8D831E pos=<1917.906494, 54.850143, 2875.872070>)
19:09:42.757 [VehicleEngine] Player SiR NeRg [uid=v49uXaJny-MXhmq_qvUelv_0QcwRY1-cv9_Yq-5tGIA=] started vehicle HAMMER_H1 black_rust (id=FE97C9C7024AB411903E67BB6B8D831E pos=<1917.907227, 54.850895, 2875.871338>)
19:09:52.367 [VehicleEngine] Player SiR NeRg [uid=v49uXaJny-MXhmq_qvUelv_0QcwRY1-cv9_Yq-5tGIA=] stopped vehicle HAMMER_H1 black_rust (id=FE97C9C7024AB411903E67BB6B8D831E pos=<1901.244019, 54.842937, 2881.630859>)
19:09:56.968 [VehicleLeave] Player SiR NeRg [uid=v49uXaJny-MXhmq_qvUelv_0QcwRY1-cv9_Yq-5tGIA=] left vehicle HAMMER_H1 black_rust (id=FE97C9C7024AB411903E67BB6B8D831E pos=<1900.627319, 54.859501, 2881.843018>)
19:16:12.609 [VehicleEnter] Player SiR NeRg [uid=v49uXaJny-MXhmq_qvUelv_0QcwRY1-cv9_Yq-5tGIA=] entered vehicle HAMMER_H1 black_rust (id=FE97C9C7024AB411903E67BB6B8D831E pos=<1900.630249, 54.841423, 2881.870605>) as driver
19:16:31.828 [VehicleEngine] Player SiR NeRg [uid=v49uXaJny-MXhmq_qvUelv_0QcwRY1-cv9_Yq-5tGIA=] started vehicle HAMMER_H1 black_rust (id=FE97C9C7024AB411903E67BB6B8D831E pos=<1900.630249, 54.841419, 2881.870605>)
19:17:06.867 [VehicleLeave] Player SiR NeRg [uid=v49uXaJny-MXhmq_qvUelv_0QcwRY1-cv9_Yq-5tGIA=] left vehicle HAMMER_H1 black_rust (id=FE97C9C7024AB411903E67BB6B8D831E pos=<2175.208496, 54.840351, 2991.603516>)
19:17:18.781 [VehicleEnter] Player SiR NeRg [uid=v49uXaJny-MXhmq_qvUelv_0QcwRY1-cv9_Yq-5tGIA=] entered vehicle G65 Rust  (id=6857CB0FD848A36578CDFA86336B5BAE pos=<2148.102539, 54.733009, 3024.927734>) as driver
19:17:28.640 [VehicleEngine] Player SiR NeRg [uid=v49uXaJny-MXhmq_qvUelv_0QcwRY1-cv9_Yq-5tGIA=] started vehicle G65 Rust  (id=6857CB0FD848A36578CDFA86336B5BAE pos=<2148.144775, 54.732990, 3024.924316>)
19:20:23.507 [VehicleEngine] Player SiR NeRg [uid=v49uXaJny-MXhmq_qvUelv_0QcwRY1-cv9_Yq-5tGIA=] stopped vehicle G65 Rust  (id=6857CB0FD848A36578CDFA86336B5BAE pos=<3058.364502, 26.352690, 3719.005615>)
19:20:26.625 [VehicleLeave] Player SiR NeRg [uid=v49uXaJny-MXhmq_qvUelv_0QcwRY1-cv9_Yq-5tGIA=] left vehicle G65 Rust  (id=6857CB0FD848A36578CDFA86336B5BAE pos=<3058.395020, 26.350609, 3719.018311>)
19:22:10.929 [VehicleEnter] Player SiR NeRg [uid=v49uXaJny-MXhmq_qvUelv_0QcwRY1-cv9_Yq-5tGIA=] entered vehicle G65 Rust  (id=6857CB0FD848A36578CDFA86336B5BAE pos=<3058.415771, 26.349024, 3719.030273>) as driver
19:22:14.742 [VehicleEngine] Player SiR NeRg [uid=v49uXaJny-MXhmq_qvUelv_0QcwRY1-cv9_Yq-5tGIA=] started vehicle G65 Rust  (id=6857CB0FD848A36578CDFA86336B5BAE pos=<3058.453125, 26.346167, 3719.052246>)
19:23:37.539 [AI Patrol] Spawning 3 Shamans bots at <1737.309326, 25.533960, 4582.194336>
19:23:45.929 [VehicleEngine] Player SiR NeRg [uid=v49uXaJny-MXhmq_qvUelv_0QcwRY1-cv9_Yq-5tGIA=] stopped vehicle G65 Rust  (id=6857CB0FD848A36578CDFA86336B5BAE pos=<2713.610840, 21.682964, 4348.208984>)
19:23:49.710 [VehicleLeave] Player SiR NeRg [uid=v49uXaJny-MXhmq_qvUelv_0QcwRY1-cv9_Yq-5tGIA=] left vehicle G65 Rust  (id=6857CB0FD848A36578CDFA86336B5BAE pos=<2713.610596, 21.682995, 4348.208984>)
19:24:54.445 [Party] Player "Captain Chaos" (id=KWl3ojgjStHOe3-iLRChpUG8crsNiNfei3BT6NCIfaw=) joinded the party "Sodomizers" (id=0 ownerUID=KWl3ojgjStHOe3-iLRChpUG8crsNiNfei3BT6NCIfaw= ownerName=Captain Chaos)
19:26:40.085 [VehicleEnter] Player Captain Chaos [uid=KWl3ojgjStHOe3-iLRChpUG8crsNiNfei3BT6NCIfaw=] entered vehicle UAZ 469 Roofless (id=064902F1B04EEE749E55AD883BD80B77 pos=<6462.809082, 15.536808, 6982.746094>) as driver
19:26:43.851 [VehicleEngine] Player Captain Chaos [uid=KWl3ojgjStHOe3-iLRChpUG8crsNiNfei3BT6NCIfaw=] started vehicle UAZ 469 Roofless (id=064902F1B04EEE749E55AD883BD80B77 pos=<6462.809082, 15.536811, 6982.746094>)
19:26:57.781 [VehicleLeave] Player Captain Chaos [uid=KWl3ojgjStHOe3-iLRChpUG8crsNiNfei3BT6NCIfaw=] left vehicle UAZ 469 Roofless (id=064902F1B04EEE749E55AD883BD80B77 pos=<6474.232422, 15.746573, 6982.622070>)
19:27:28.578 [AdminTools] Player "Captain Chaos" (id=KWl3ojgjStHOe3-iLRChpUG8crsNiNfei3BT6NCIfaw= pos=<6474.736328, 17.809460, 6983.046387>) used the Admin Hammer to build wood_base
19:27:32.250 [AdminTools] Player "Captain Chaos" (id=KWl3ojgjStHOe3-iLRChpUG8crsNiNfei3BT6NCIfaw= pos=<6474.736328, 17.809460, 6983.046387>) used the Admin Hammer to build wood_wallframe
19:27:35.890 [AdminTools] Player "Captain Chaos" (id=KWl3ojgjStHOe3-iLRChpUG8crsNiNfei3BT6NCIfaw= pos=<6474.736328, 17.809460, 6983.046387>) used the Admin Hammer to build wood_wallfinished
19:28:20.359 [VehicleEnter] Player Captain Chaos [uid=KWl3ojgjStHOe3-iLRChpUG8crsNiNfei3BT6NCIfaw=] entered vehicle UAZ 469 Roofless (id=064902F1B04EEE749E55AD883BD80B77 pos=<6474.232422, 15.746573, 6982.622070>) as driver
19:28:23.851 [VehicleEnter] Player SiR NeRg [uid=v49uXaJny-MXhmq_qvUelv_0QcwRY1-cv9_Yq-5tGIA=] entered vehicle G65 Rust  (id=6857CB0FD848A36578CDFA86336B5BAE pos=<2713.610596, 21.682993, 4348.208984>) as driver
19:28:26.656 [VehicleEngine] Player Captain Chaos [uid=KWl3ojgjStHOe3-iLRChpUG8crsNiNfei3BT6NCIfaw=] started vehicle UAZ 469 Roofless (id=064902F1B04EEE749E55AD883BD80B77 pos=<6474.232422, 15.746575, 6982.622070>)
19:28:27.000 [VehicleEngine] Player SiR NeRg [uid=v49uXaJny-MXhmq_qvUelv_0QcwRY1-cv9_Yq-5tGIA=] started vehicle G65 Rust  (id=6857CB0FD848A36578CDFA86336B5BAE pos=<2713.610596, 21.682995, 4348.208984>)
19:28:43.820 [VehicleLeave] Player Captain Chaos [uid=KWl3ojgjStHOe3-iLRChpUG8crsNiNfei3BT6NCIfaw=] left vehicle UAZ 469 Roofless (id=064902F1B04EEE749E55AD883BD80B77 pos=<6475.882324, 15.859553, 6978.465820>)
19:28:45.398 [AI Patrol] Spawning 3 Shamans bots at <3948.137207, 17.518505, 4627.661621>
19:28:46.609 [AI Patrol] Spawning 3 Shamans bots at <3969.446533, 18.827778, 4624.958496>
19:28:47.156 [AI Patrol] Spawning 3 Shamans bots at <3975.250488, 19.272043, 4642.619629>
19:28:48.742 [AI Patrol] Spawning 3 Shamans bots at <4000.938965, 20.283434, 4646.832520>
19:28:53.937 [AI Patrol] Spawning 3 Shamans bots at <4015.697998, 9.508821, 4868.460449>
19:28:58.265 [AdminTools] Player "Captain Chaos" (id=KWl3ojgjStHOe3-iLRChpUG8crsNiNfei3BT6NCIfaw= pos=<6477.609863, 17.013748, 6977.770996>) used the Admin Hammer to build wood_base
19:28:58.757 [AI Patrol] Spawning 3 Shamans bots at <4126.242676, 18.289940, 4756.537109>
19:29:00.585 [AI Patrol] Spawning 3 Shamans bots at <4150.415039, 18.289940, 4767.748047>
19:29:01.609 [AI Patrol] Spawning 3 Shamans bots at <4158.906738, 18.274242, 4802.847656>
19:29:02.093 [AdminTools] Player "Captain Chaos" (id=KWl3ojgjStHOe3-iLRChpUG8crsNiNfei3BT6NCIfaw= pos=<6477.609863, 17.013748, 6977.770996>) used the Admin Hammer to build wood_wallframe
19:29:05.835 [AdminTools] Player "Captain Chaos" (id=KWl3ojgjStHOe3-iLRChpUG8crsNiNfei3BT6NCIfaw= pos=<6477.609863, 17.013748, 6977.770996>) used the Admin Hammer to build wood_wallfinished
19:29:50.546 [VehicleEngine] Player SiR NeRg [uid=v49uXaJny-MXhmq_qvUelv_0QcwRY1-cv9_Yq-5tGIA=] stopped vehicle G65 Rust  (id=6857CB0FD848A36578CDFA86336B5BAE pos=<3710.231445, 6.134305, 4727.109375>)
19:29:54.679 [VehicleLeave] Player SiR NeRg [uid=v49uXaJny-MXhmq_qvUelv_0QcwRY1-cv9_Yq-5tGIA=] left vehicle G65 Rust  (id=6857CB0FD848A36578CDFA86336B5BAE pos=<3710.231689, 6.134329, 4727.109375>)
19:29:59.203 [BaseRaiding] ExpansionWall6x3 (<6470.574707, 15.712439, 6972.471191>) Code set by player "Captain Chaos" (ID = "KWl3ojgjStHOe3-iLRChpUG8crsNiNfei3BT6NCIfaw=" at <6469.583984, 15.813139, 6973.318359>) and the code is 1776
19:30:52.835 [AdminTools] Player "Captain Chaos" (id=KWl3ojgjStHOe3-iLRChpUG8crsNiNfei3BT6NCIfaw= pos=<6455.617188, 15.741262, 6980.335938>) used the Admin Hammer to build wood_base
19:30:56.468 [AdminTools] Player "Captain Chaos" (id=KWl3ojgjStHOe3-iLRChpUG8crsNiNfei3BT6NCIfaw= pos=<6455.617188, 15.741262, 6980.335938>) used the Admin Hammer to build wood_wallframe
19:31:31.539 [AdminTools] Player "Captain Chaos" (id=KWl3ojgjStHOe3-iLRChpUG8crsNiNfei3BT6NCIfaw= pos=<6455.617188, 15.741262, 6980.335938>) used the Admin Hammer to build wood_doorframe
19:31:35.703 [AdminTools] Player "Captain Chaos" (id=KWl3ojgjStHOe3-iLRChpUG8crsNiNfei3BT6NCIfaw= pos=<6455.617188, 15.741262, 6980.335938>) used the Admin Hammer to build wood_doorfinished
19:34:09.453 [AI Patrol] Spawning 3 Shamans bots at <6788.150391, 14.413555, 6406.809570>
19:44:40.632 [AI Patrol] Spawning 3 Shamans bots at <3745.622314, 4.640000, 5966.294922>
19:44:40.640 [AI Patrol] Spawning 3 Shamans bots at <3802.714600, 4.640000, 5981.952148>
19:44:40.648 [AI Patrol] Spawning 3 Shamans bots at <3708.582031, 4.640000, 6043.537109>
19:44:40.656 [AI Patrol] Spawning 3 Shamans bots at <3761.368896, 15.630000, 6572.933594>
19:44:40.671 [AI Patrol] Spawning 3 Shamans bots at <3423.183838, 17.469881, 6316.960938>
19:44:40.679 [AI Patrol] Spawning 3 Shamans bots at <4007.972412, 15.630000, 6666.699219>
19:44:40.695 [AI Patrol] Spawning 3 Shamans bots at <3762.768555, 15.630000, 6555.149902>
19:44:40.703 [AI Patrol] Spawning 3 Shamans bots at <4018.677490, 15.630000, 6617.720703>
19:44:40.710 [AI Patrol] Spawning 3 Shamans bots at <3740.823486, 4.640000, 5969.019531>
19:44:40.726 [AI Patrol] Spawning 3 Shamans bots at <3667.377686, 4.640000, 5996.220215>
19:44:46.023 [VehicleEnter] Player SiR NeRg [uid=v49uXaJny-MXhmq_qvUelv_0QcwRY1-cv9_Yq-5tGIA=] entered vehicle G65 Rust  (id=6857CB0FD848A36578CDFA86336B5BAE pos=<3710.231445, 6.134321, 4727.109375>) as driver
19:44:50.828 [VehicleEngine] Player SiR NeRg [uid=v49uXaJny-MXhmq_qvUelv_0QcwRY1-cv9_Yq-5tGIA=] started vehicle G65 Rust  (id=6857CB0FD848A36578CDFA86336B5BAE pos=<3710.231689, 6.134320, 4727.109375>)
19:46:33.484 [AI Patrol] Spawning 3 Shamans bots at <2686.583740, 44.410000, 6025.553711>
19:47:38.109 [AI Patrol] Spawning 3 Shamans bots at <2280.906250, 64.517570, 7029.354980>
19:47:59.453 [AI Patrol] Spawning 3 Shamans bots at <3120.617432, 168.589432, 2633.299316>
19:48:34.773 [AI Patrol] Spawning 3 Shamans bots at <1316.208496, 26.910755, 2891.838867>
19:50:59.125 [Party] Player "Captain Chaos" (id=KWl3ojgjStHOe3-iLRChpUG8crsNiNfei3BT6NCIfaw=) joinded the party "Sodomizers" (id=0 ownerUID=KWl3ojgjStHOe3-iLRChpUG8crsNiNfei3BT6NCIfaw= ownerName=Captain Chaos)
19:51:36.062 [AI Patrol] Spawning 3 Shamans bots at <2506.282471, 43.939999, 5708.171387>
19:51:41.414 [AI Patrol] Spawning 3 Shamans bots at <2502.806396, 43.939999, 5737.584961>
19:52:00.273 [AI Patrol] Spawning 3 Shamans bots at <2484.899170, 44.249573, 5946.631836>
19:52:49.906 [VehicleEngine] Player SiR NeRg [uid=v49uXaJny-MXhmq_qvUelv_0QcwRY1-cv9_Yq-5tGIA=] stopped vehicle G65 Rust  (id=6857CB0FD848A36578CDFA86336B5BAE pos=<2533.788330, 44.013012, 5798.967773>)
19:52:53.609 [VehicleLeave] Player SiR NeRg [uid=v49uXaJny-MXhmq_qvUelv_0QcwRY1-cv9_Yq-5tGIA=] left vehicle G65 Rust  (id=6857CB0FD848A36578CDFA86336B5BAE pos=<2533.789551, 44.012974, 5798.967773>)
19:55:21.406 [Party] Player "Captain Chaos" (id=KWl3ojgjStHOe3-iLRChpUG8crsNiNfei3BT6NCIfaw=) left the party "Sodomizers" (id=0 ownerUID=KWl3ojgjStHOe3-iLRChpUG8crsNiNfei3BT6NCIfaw= ownerName=Captain Chaos)
20:05:07.210 [AI Patrol] Spawning 3 Shamans bots at <3333.186279, 16.469999, 6205.265137>
20:12:25.890 [VehicleEnter] Player Scarypoppins  [uid=w5z_d89CpCgyhK9E9RXhXrKF1M4COxMkzAQTXpYpRZw=] entered vehicle G65 Rust  (id=6857CB0FD848A36578CDFA86336B5BAE pos=<2533.815918, 44.013008, 5799.002930>) as passenger
20:12:57.562 [VehicleEnter] Player SiR NeRg [uid=v49uXaJny-MXhmq_qvUelv_0QcwRY1-cv9_Yq-5tGIA=] entered vehicle G65 Rust  (id=6857CB0FD848A36578CDFA86336B5BAE pos=<2533.815918, 44.013008, 5799.002930>) as driver
20:13:03.000 [VehicleEngine] Player SiR NeRg [uid=v49uXaJny-MXhmq_qvUelv_0QcwRY1-cv9_Yq-5tGIA=] started vehicle G65 Rust  (id=6857CB0FD848A36578CDFA86336B5BAE pos=<2533.817139, 44.012970, 5799.002930>)
20:13:19.140 [VehicleEngine] Player SiR NeRg [uid=v49uXaJny-MXhmq_qvUelv_0QcwRY1-cv9_Yq-5tGIA=] stopped vehicle G65 Rust  (id=6857CB0FD848A36578CDFA86336B5BAE pos=<2520.661133, 44.042992, 5861.914551>)
20:13:23.031 [VehicleLeave] Player SiR NeRg [uid=v49uXaJny-MXhmq_qvUelv_0QcwRY1-cv9_Yq-5tGIA=] left vehicle G65 Rust  (id=6857CB0FD848A36578CDFA86336B5BAE pos=<2520.660889, 44.043091, 5861.914551>)
20:13:56.343 [VehicleLeave] Player Scarypoppins  [uid=w5z_d89CpCgyhK9E9RXhXrKF1M4COxMkzAQTXpYpRZw=] left vehicle G65 Rust  (id=6857CB0FD848A36578CDFA86336B5BAE pos=<2520.660889, 44.043091, 5861.914551>)
20:15:04.890 [Party] Player "SiR NeRg" (id=v49uXaJny-MXhmq_qvUelv_0QcwRY1-cv9_Yq-5tGIA=) joinded the party "Death Dealers" (id=1 ownerUID= ownerName=)
20:15:04.890 [Party] Player "SiR NeRg" (id=v49uXaJny-MXhmq_qvUelv_0QcwRY1-cv9_Yq-5tGIA=) created a party named Death Dealers (DDA)
20:15:12.000 [Party] Player "SiR NeRg" (id=v49uXaJny-MXhmq_qvUelv_0QcwRY1-cv9_Yq-5tGIA=) invited the player "Scarypoppins " (id=w5z_d89CpCgyhK9E9RXhXrKF1M4COxMkzAQTXpYpRZw=)to the party named Death Dealers
20:17:11.554 [VehicleEnter] Player Scarypoppins  [uid=w5z_d89CpCgyhK9E9RXhXrKF1M4COxMkzAQTXpYpRZw=] entered vehicle G65 Rust  (id=6857CB0FD848A36578CDFA86336B5BAE pos=<2520.660889, 44.043091, 5861.914551>) as passenger
20:19:15.835 [Party] Player "Scarypoppins " (id=w5z_d89CpCgyhK9E9RXhXrKF1M4COxMkzAQTXpYpRZw=) joinded the party "Death Dealers" (id=1 ownerUID=v49uXaJny-MXhmq_qvUelv_0QcwRY1-cv9_Yq-5tGIA= ownerName=SiR NeRg)
20:22:38.921 [VehicleLeave] Player Scarypoppins  [uid=w5z_d89CpCgyhK9E9RXhXrKF1M4COxMkzAQTXpYpRZw=] left vehicle G65 Rust  (id=6857CB0FD848A36578CDFA86336B5BAE pos=<2520.660889, 44.043091, 5861.914551>)
20:23:44.859 [VehicleEnter] Player Scarypoppins  [uid=w5z_d89CpCgyhK9E9RXhXrKF1M4COxMkzAQTXpYpRZw=] entered vehicle G65 Rust  (id=6857CB0FD848A36578CDFA86336B5BAE pos=<2520.660889, 44.043091, 5861.914551>) as passenger
20:29:33.921 [VehicleLeave] Player Scarypoppins  [uid=w5z_d89CpCgyhK9E9RXhXrKF1M4COxMkzAQTXpYpRZw=] left vehicle G65 Rust  (id=6857CB0FD848A36578CDFA86336B5BAE pos=<2520.660889, 44.043091, 5861.914551>)
20:32:29.617 [Party] Player "Scarypoppins " (id=w5z_d89CpCgyhK9E9RXhXrKF1M4COxMkzAQTXpYpRZw=) joinded the party "Death Dealers" (id=1 ownerUID=v49uXaJny-MXhmq_qvUelv_0QcwRY1-cv9_Yq-5tGIA= ownerName=SiR NeRg)
20:34:06.398 [VehicleEnter] Player SiR NeRg [uid=v49uXaJny-MXhmq_qvUelv_0QcwRY1-cv9_Yq-5tGIA=] entered vehicle G65 Rust  (id=6857CB0FD848A36578CDFA86336B5BAE pos=<2520.671387, 44.043095, 5861.894043>) as driver
20:34:11.789 [VehicleEngine] Player SiR NeRg [uid=v49uXaJny-MXhmq_qvUelv_0QcwRY1-cv9_Yq-5tGIA=] started vehicle G65 Rust  (id=6857CB0FD848A36578CDFA86336B5BAE pos=<2520.670898, 44.043118, 5861.894531>)
20:34:20.828 [Party] Player "Captain Chaos" (id=KWl3ojgjStHOe3-iLRChpUG8crsNiNfei3BT6NCIfaw=) joinded the party "Sodomizers" (id=0 ownerUID=KWl3ojgjStHOe3-iLRChpUG8crsNiNfei3BT6NCIfaw= ownerName=Captain Chaos)
20:36:52.117 [VehicleEngine] Player SiR NeRg [uid=v49uXaJny-MXhmq_qvUelv_0QcwRY1-cv9_Yq-5tGIA=] stopped vehicle G65 Rust  (id=6857CB0FD848A36578CDFA86336B5BAE pos=<1337.892700, 68.937798, 6084.431641>)
20:37:02.726 [VehicleLeave] Player SiR NeRg [uid=v49uXaJny-MXhmq_qvUelv_0QcwRY1-cv9_Yq-5tGIA=] left vehicle G65 Rust  (id=6857CB0FD848A36578CDFA86336B5BAE pos=<1337.667847, 68.822800, 6082.446289>)
20:41:42.414 [VehicleEnter] Player Scarypoppins  [uid=w5z_d89CpCgyhK9E9RXhXrKF1M4COxMkzAQTXpYpRZw=] entered vehicle G65 Rust  (id=6857CB0FD848A36578CDFA86336B5BAE pos=<1337.667969, 68.822235, 6082.435547>) as passenger
20:41:49.148 [VehicleEnter] Player SiR NeRg [uid=v49uXaJny-MXhmq_qvUelv_0QcwRY1-cv9_Yq-5tGIA=] entered vehicle G65 Rust  (id=6857CB0FD848A36578CDFA86336B5BAE pos=<1337.666992, 68.820564, 6082.404297>) as driver
20:41:56.796 [VehicleEngine] Player SiR NeRg [uid=v49uXaJny-MXhmq_qvUelv_0QcwRY1-cv9_Yq-5tGIA=] started vehicle G65 Rust  (id=6857CB0FD848A36578CDFA86336B5BAE pos=<1337.667603, 68.812744, 6082.255859>)
20:44:11.578 [Party] Player "Captain Chaos" (id=KWl3ojgjStHOe3-iLRChpUG8crsNiNfei3BT6NCIfaw=) left the party "Sodomizers" (id=0 ownerUID=KWl3ojgjStHOe3-iLRChpUG8crsNiNfei3BT6NCIfaw= ownerName=Captain Chaos)
20:45:23.671 [VehicleLeave] Player SiR NeRg [uid=v49uXaJny-MXhmq_qvUelv_0QcwRY1-cv9_Yq-5tGIA=] left vehicle G65 Rust  (id=6857CB0FD848A36578CDFA86336B5BAE pos=<1761.517334, 13.332992, 5008.145996>)
20:45:26.804 [VehicleLeave] Player Scarypoppins  [uid=w5z_d89CpCgyhK9E9RXhXrKF1M4COxMkzAQTXpYpRZw=] left vehicle G65 Rust  (id=6857CB0FD848A36578CDFA86336B5BAE pos=<1761.517700, 13.332993, 5008.145508>)
20:46:33.765 [VehicleEnter] Player SiR NeRg [uid=v49uXaJny-MXhmq_qvUelv_0QcwRY1-cv9_Yq-5tGIA=] entered vehicle G65 Rust  (id=6857CB0FD848A36578CDFA86336B5BAE pos=<1761.517700, 13.332993, 5008.145508>) as driver
20:46:36.445 [VehicleEnter] Player Scarypoppins  [uid=w5z_d89CpCgyhK9E9RXhXrKF1M4COxMkzAQTXpYpRZw=] entered vehicle G65 Rust  (id=6857CB0FD848A36578CDFA86336B5BAE pos=<1761.517456, 13.332992, 5008.145996>) as passenger
20:46:38.765 [VehicleEngine] Player SiR NeRg [uid=v49uXaJny-MXhmq_qvUelv_0QcwRY1-cv9_Yq-5tGIA=] started vehicle G65 Rust  (id=6857CB0FD848A36578CDFA86336B5BAE pos=<1761.517700, 13.332993, 5008.145508>)
20:47:51.828 [AI Patrol] Spawning 3 Shamans bots at <1111.802246, 60.497490, 3445.160889>
20:48:09.414 [AI Patrol] Spawning 3 Shamans bots at <2146.166016, 54.799999, 2974.239746>
20:50:17.679 [VehicleLeave] Player SiR NeRg [uid=v49uXaJny-MXhmq_qvUelv_0QcwRY1-cv9_Yq-5tGIA=] left vehicle G65 Rust  (id=6857CB0FD848A36578CDFA86336B5BAE pos=<2354.587891, 54.788822, 3064.485352>)
20:50:39.195 [VehicleEnter] Player SiR NeRg [uid=v49uXaJny-MXhmq_qvUelv_0QcwRY1-cv9_Yq-5tGIA=] entered vehicle G65 Rust  (id=6857CB0FD848A36578CDFA86336B5BAE pos=<2354.590088, 54.788826, 3064.485107>) as driver
20:50:41.890 [VehicleEngine] Player SiR NeRg [uid=v49uXaJny-MXhmq_qvUelv_0QcwRY1-cv9_Yq-5tGIA=] started vehicle G65 Rust  (id=6857CB0FD848A36578CDFA86336B5BAE pos=<2354.600586, 54.788761, 3064.477783>)
20:50:58.578 [VehicleLeave] Player SiR NeRg [uid=v49uXaJny-MXhmq_qvUelv_0QcwRY1-cv9_Yq-5tGIA=] left vehicle G65 Rust  (id=6857CB0FD848A36578CDFA86336B5BAE pos=<2354.412109, 54.788815, 3063.953369>)
20:51:07.523 [VehicleLeave] Player Scarypoppins  [uid=w5z_d89CpCgyhK9E9RXhXrKF1M4COxMkzAQTXpYpRZw=] left vehicle G65 Rust  (id=6857CB0FD848A36578CDFA86336B5BAE pos=<2354.420166, 54.788868, 3063.947266>)
20:51:57.554 [VehicleEnter] Player Scarypoppins  [uid=w5z_d89CpCgyhK9E9RXhXrKF1M4COxMkzAQTXpYpRZw=] entered vehicle G65 Rust  (id=6857CB0FD848A36578CDFA86336B5BAE pos=<2354.439453, 54.788712, 3063.932373>) as driver
20:52:07.570 [VehicleLeave] Player Scarypoppins  [uid=w5z_d89CpCgyhK9E9RXhXrKF1M4COxMkzAQTXpYpRZw=] left vehicle G65 Rust  (id=6857CB0FD848A36578CDFA86336B5BAE pos=<2354.560547, 54.788849, 3063.825195>)
20:52:51.718 [Party] Player "Captain Chaos" (id=KWl3ojgjStHOe3-iLRChpUG8crsNiNfei3BT6NCIfaw=) joinded the party "Sodomizers" (id=0 ownerUID=KWl3ojgjStHOe3-iLRChpUG8crsNiNfei3BT6NCIfaw= ownerName=Captain Chaos)
20:53:32.226 [VehicleEnter] Player SiR NeRg [uid=v49uXaJny-MXhmq_qvUelv_0QcwRY1-cv9_Yq-5tGIA=] entered vehicle HAMMER_H1 black_rust (id=FE97C9C7024AB411903E67BB6B8D831E pos=<2175.194824, 54.840355, 2991.616699>) as driver
20:53:36.851 [VehicleEngine] Player SiR NeRg [uid=v49uXaJny-MXhmq_qvUelv_0QcwRY1-cv9_Yq-5tGIA=] started vehicle HAMMER_H1 black_rust (id=FE97C9C7024AB411903E67BB6B8D831E pos=<2175.194824, 54.840355, 2991.616943>)
20:54:04.656 [VehicleEngine] Player SiR NeRg [uid=v49uXaJny-MXhmq_qvUelv_0QcwRY1-cv9_Yq-5tGIA=] stopped vehicle HAMMER_H1 black_rust (id=FE97C9C7024AB411903E67BB6B8D831E pos=<2356.639893, 54.840355, 3060.627930>)
20:54:07.273 [VehicleLeave] Player SiR NeRg [uid=v49uXaJny-MXhmq_qvUelv_0QcwRY1-cv9_Yq-5tGIA=] left vehicle HAMMER_H1 black_rust (id=FE97C9C7024AB411903E67BB6B8D831E pos=<2356.639893, 54.840351, 3060.627930>)
20:54:28.117 [Party] Player "Captain Chaos" (id=KWl3ojgjStHOe3-iLRChpUG8crsNiNfei3BT6NCIfaw=) left the party "Sodomizers" (id=0 ownerUID=KWl3ojgjStHOe3-iLRChpUG8crsNiNfei3BT6NCIfaw= ownerName=Captain Chaos)
20:55:15.867 [VehicleAttachments] Player SiR NeRg (uid=v49uXaJny-MXhmq_qvUelv_0QcwRY1-cv9_Yq-5tGIA=) detached Car Radiator (type=CarRadiator) from vehicle HAMMER_H1 black_rust(id=FE97C9C7024AB411903E67BB6B8D831E pos=<2356.639893, 54.840355, 3060.628174>)
20:55:56.632 [Party] Player "Captain Chaos" (id=KWl3ojgjStHOe3-iLRChpUG8crsNiNfei3BT6NCIfaw=) joinded the party "Sodomizers" (id=0 ownerUID=KWl3ojgjStHOe3-iLRChpUG8crsNiNfei3BT6NCIfaw= ownerName=Captain Chaos)
20:56:28.429 [VehicleAttachments] Player SiR NeRg (uid=v49uXaJny-MXhmq_qvUelv_0QcwRY1-cv9_Yq-5tGIA=) detached Barrel (type=Barrel_Blue) from vehicle G65 Rust (id=6857CB0FD848A36578CDFA86336B5BAE pos=<2354.687500, 54.732006, 3063.720459>)
20:56:39.000 [VehicleAttachments] Player SiR NeRg (uid=v49uXaJny-MXhmq_qvUelv_0QcwRY1-cv9_Yq-5tGIA=) detached Barrel (type=Barrel_Yellow) from vehicle G65 Rust (id=6857CB0FD848A36578CDFA86336B5BAE pos=<2354.687500, 54.732006, 3063.720459>)
20:57:38.007 [VehicleEnter] Player SiR NeRg [uid=v49uXaJny-MXhmq_qvUelv_0QcwRY1-cv9_Yq-5tGIA=] entered vehicle HAMMER_H1 black_rust (id=FE97C9C7024AB411903E67BB6B8D831E pos=<2356.639893, 54.840355, 3060.627930>) as driver
20:57:41.726 [VehicleEngine] Player SiR NeRg [uid=v49uXaJny-MXhmq_qvUelv_0QcwRY1-cv9_Yq-5tGIA=] started vehicle HAMMER_H1 black_rust (id=FE97C9C7024AB411903E67BB6B8D831E pos=<2356.639893, 54.840351, 3060.627930>)
20:58:14.687 [VehicleEngine] Player SiR NeRg [uid=v49uXaJny-MXhmq_qvUelv_0QcwRY1-cv9_Yq-5tGIA=] stopped vehicle HAMMER_H1 black_rust (id=FE97C9C7024AB411903E67BB6B8D831E pos=<2266.866455, 54.840416, 3117.084229>)
20:58:17.195 [VehicleLeave] Player SiR NeRg [uid=v49uXaJny-MXhmq_qvUelv_0QcwRY1-cv9_Yq-5tGIA=] left vehicle HAMMER_H1 black_rust (id=FE97C9C7024AB411903E67BB6B8D831E pos=<2266.715088, 54.840347, 3117.327148>)
21:01:34.531 [VehicleEnter] Player SiR NeRg [uid=v49uXaJny-MXhmq_qvUelv_0QcwRY1-cv9_Yq-5tGIA=] entered vehicle HAMMER_H1 black_rust (id=FE97C9C7024AB411903E67BB6B8D831E pos=<2266.714844, 54.840351, 3117.327148>) as driver
21:01:39.406 [VehicleEngine] Player SiR NeRg [uid=v49uXaJny-MXhmq_qvUelv_0QcwRY1-cv9_Yq-5tGIA=] started vehicle HAMMER_H1 black_rust (id=FE97C9C7024AB411903E67BB6B8D831E pos=<2266.714844, 54.840351, 3117.327148>)
21:02:47.656 [VehicleEngine] Player SiR NeRg [uid=v49uXaJny-MXhmq_qvUelv_0QcwRY1-cv9_Yq-5tGIA=] stopped vehicle HAMMER_H1 black_rust (id=FE97C9C7024AB411903E67BB6B8D831E pos=<2035.288330, 54.840347, 3103.644043>)
21:02:50.882 [VehicleLeave] Player SiR NeRg [uid=v49uXaJny-MXhmq_qvUelv_0QcwRY1-cv9_Yq-5tGIA=] left vehicle HAMMER_H1 black_rust (id=FE97C9C7024AB411903E67BB6B8D831E pos=<2035.288086, 54.840355, 3103.644043>)
21:07:27.703 [VehicleEnter] Player Scarypoppins  [uid=w5z_d89CpCgyhK9E9RXhXrKF1M4COxMkzAQTXpYpRZw=] entered vehicle HAMMER_H1 black_rust (id=FE97C9C7024AB411903E67BB6B8D831E pos=<2035.288330, 54.840351, 3103.644043>) as passenger
21:07:39.750 [VehicleEnter] Player SiR NeRg [uid=v49uXaJny-MXhmq_qvUelv_0QcwRY1-cv9_Yq-5tGIA=] entered vehicle HAMMER_H1 black_rust (id=FE97C9C7024AB411903E67BB6B8D831E pos=<2035.288330, 54.840355, 3103.644043>) as driver
21:07:42.617 [VehicleEngine] Player SiR NeRg [uid=v49uXaJny-MXhmq_qvUelv_0QcwRY1-cv9_Yq-5tGIA=] started vehicle HAMMER_H1 black_rust (id=FE97C9C7024AB411903E67BB6B8D831E pos=<2035.288086, 54.840355, 3103.644043>)
21:08:16.164 [VehicleLeave] Player SiR NeRg [uid=v49uXaJny-MXhmq_qvUelv_0QcwRY1-cv9_Yq-5tGIA=] left vehicle HAMMER_H1 black_rust (id=FE97C9C7024AB411903E67BB6B8D831E pos=<2133.484863, 54.948086, 3016.244141>)
21:10:04.507 [VehicleLeave] Player Scarypoppins  [uid=w5z_d89CpCgyhK9E9RXhXrKF1M4COxMkzAQTXpYpRZw=] left vehicle HAMMER_H1 black_rust (id=FE97C9C7024AB411903E67BB6B8D831E pos=<2133.487305, 54.948082, 3016.229248>)
21:10:45.000 [VehicleEnter] Player Scarypoppins  [uid=w5z_d89CpCgyhK9E9RXhXrKF1M4COxMkzAQTXpYpRZw=] entered vehicle HAMMER_H1 black_rust (id=FE97C9C7024AB411903E67BB6B8D831E pos=<2133.487305, 54.948086, 3016.229248>) as passenger
21:11:11.726 [VehicleEnter] Player SiR NeRg [uid=v49uXaJny-MXhmq_qvUelv_0QcwRY1-cv9_Yq-5tGIA=] entered vehicle HAMMER_H1 black_rust (id=FE97C9C7024AB411903E67BB6B8D831E pos=<2133.487305, 54.948097, 3016.229248>) as driver
21:15:39.203 [VehicleEngine] Player SiR NeRg [uid=v49uXaJny-MXhmq_qvUelv_0QcwRY1-cv9_Yq-5tGIA=] stopped vehicle HAMMER_H1 black_rust (id=FE97C9C7024AB411903E67BB6B8D831E pos=<1713.625732, 15.676856, 544.636963>)
21:15:43.640 [VehicleLeave] Player Scarypoppins  [uid=w5z_d89CpCgyhK9E9RXhXrKF1M4COxMkzAQTXpYpRZw=] left vehicle HAMMER_H1 black_rust (id=FE97C9C7024AB411903E67BB6B8D831E pos=<1713.625732, 15.676858, 544.636963>)
21:15:44.218 [VehicleLeave] Player SiR NeRg [uid=v49uXaJny-MXhmq_qvUelv_0QcwRY1-cv9_Yq-5tGIA=] left vehicle HAMMER_H1 black_rust (id=FE97C9C7024AB411903E67BB6B8D831E pos=<1713.625732, 15.676858, 544.636658>)
21:18:16.226 [BaseRaiding] ExpansionSafeMini (<1708.666504, 15.607791, 533.709229>) Code set by player "SiR NeRg" (ID = "v49uXaJny-MXhmq_qvUelv_0QcwRY1-cv9_Yq-5tGIA=" at <1709.653931, 15.636477, 533.200439>) and the code is 010987
21:19:18.953 [VehicleEnter] Player SiR NeRg [uid=v49uXaJny-MXhmq_qvUelv_0QcwRY1-cv9_Yq-5tGIA=] entered vehicle HAMMER_H1 black_rust (id=FE97C9C7024AB411903E67BB6B8D831E pos=<1713.625732, 15.676858, 544.637085>) as driver
21:19:21.335 [VehicleEngine] Player SiR NeRg [uid=v49uXaJny-MXhmq_qvUelv_0QcwRY1-cv9_Yq-5tGIA=] started vehicle HAMMER_H1 black_rust (id=FE97C9C7024AB411903E67BB6B8D831E pos=<1713.625732, 15.676858, 544.637024>)
21:19:30.687 [VehicleEngine] Player SiR NeRg [uid=v49uXaJny-MXhmq_qvUelv_0QcwRY1-cv9_Yq-5tGIA=] stopped vehicle HAMMER_H1 black_rust (id=FE97C9C7024AB411903E67BB6B8D831E pos=<1714.267456, 15.676853, 540.453064>)
21:19:35.421 [VehicleLeave] Player SiR NeRg [uid=v49uXaJny-MXhmq_qvUelv_0QcwRY1-cv9_Yq-5tGIA=] left vehicle HAMMER_H1 black_rust (id=FE97C9C7024AB411903E67BB6B8D831E pos=<1714.267700, 15.676858, 540.453003>)
21:20:08.992 [Party] Player "Captain Chaos" (id=KWl3ojgjStHOe3-iLRChpUG8crsNiNfei3BT6NCIfaw=) left the party "Sodomizers" (id=0 ownerUID=KWl3ojgjStHOe3-iLRChpUG8crsNiNfei3BT6NCIfaw= ownerName=Captain Chaos)
21:20:43.304 [BaseRaiding] ExpansionSafeMedium (<1724.881836, 15.607637, 532.190613>) Code set by player "Scarypoppins " (ID = "w5z_d89CpCgyhK9E9RXhXrKF1M4COxMkzAQTXpYpRZw=" at <1725.028687, 15.636478, 533.406067>) and the code is 5863
21:23:36.976 [VehicleAttachments] Player SiR NeRg (uid=v49uXaJny-MXhmq_qvUelv_0QcwRY1-cv9_Yq-5tGIA=) detached Cougar Wheel (type=Cougar_Wheel) from vehicle Cougar Rust kamo(id=34DF5711F14ED6C01381B88B5247076E pos=<1719.756470, 15.574195, 540.556458>)
21:29:47.875 [Party] Player "Scarypoppins " (id=w5z_d89CpCgyhK9E9RXhXrKF1M4COxMkzAQTXpYpRZw=) left the party "Death Dealers" (id=1 ownerUID=v49uXaJny-MXhmq_qvUelv_0QcwRY1-cv9_Yq-5tGIA= ownerName=SiR NeRg)
21:29:54.429 [Party] Player "SiR NeRg" (id=v49uXaJny-MXhmq_qvUelv_0QcwRY1-cv9_Yq-5tGIA=) left the party "Death Dealers" (id=1 ownerUID=v49uXaJny-MXhmq_qvUelv_0QcwRY1-cv9_Yq-5tGIA= ownerName=SiR NeRg)
