12:08:16.589 [Party] Player "SiR NeRg" (id=v49uXaJny-MXhmq_qvUelv_0QcwRY1-cv9_Yq-5tGIA=) joinded the party "Death Dealers" (id=1 ownerUID=v49uXaJny-MXhmq_qvUelv_0QcwRY1-cv9_Yq-5tGIA= ownerName=SiR NeRg)
12:08:16.601 [AI Patrol] Spawning 3 Shamans bots at <4121.657227, 18.289940, 4762.166016>
12:08:16.746 [AI Patrol] Spawning 3 Shamans bots at <4167.454590, 18.289370, 4790.484863>
12:08:16.753 [AI Patrol] Spawning 3 Shamans bots at <4149.330078, 18.289940, 4763.615723>
12:10:28.164 [AI Patrol] Spawning 3 Shamans bots at <4020.648438, 9.453972, 4873.768066>
12:10:53.910 [AI Patrol] Spawning 3 Shamans bots at <3986.946289, 19.941147, 4658.012207>
12:10:55.691 [AI Patrol] Spawning 3 Shamans bots at <3982.362549, 19.511885, 4636.211426>
12:11:00.691 [AI Patrol] Spawning 3 Shamans bots at <3965.630859, 18.898418, 4637.620605>
12:16:36.988 [VehicleEnter] Player SiR NeRg [uid=v49uXaJny-MXhmq_qvUelv_0QcwRY1-cv9_Yq-5tGIA=] entered vehicle BMW (rust) (id=1F1EE68D3F49ED36B62EFABF4246F3D8 pos=<2672.759521, 21.976515, 4234.975586>) as driver
12:16:44.824 [VehicleEngine] Player SiR NeRg [uid=v49uXaJny-MXhmq_qvUelv_0QcwRY1-cv9_Yq-5tGIA=] started vehicle BMW (rust) (id=1F1EE68D3F49ED36B62EFABF4246F3D8 pos=<2672.762451, 21.976521, 4234.975586>)
12:16:50.527 [VehicleEngine] Player SiR NeRg [uid=v49uXaJny-MXhmq_qvUelv_0QcwRY1-cv9_Yq-5tGIA=] stopped vehicle BMW (rust) (id=1F1EE68D3F49ED36B62EFABF4246F3D8 pos=<2680.195801, 21.975885, 4235.024902>)
12:16:53.808 [VehicleEngine] Player SiR NeRg [uid=v49uXaJny-MXhmq_qvUelv_0QcwRY1-cv9_Yq-5tGIA=] started vehicle BMW (rust) (id=1F1EE68D3F49ED36B62EFABF4246F3D8 pos=<2684.028076, 21.976479, 4236.458984>)
12:17:58.066 [AI Patrol] Spawning 3 Shamans bots at <2847.340576, 53.410000, 3209.968262>
12:17:58.792 [AI Patrol] Spawning 3 Shamans bots at <2899.915527, 53.410000, 3203.461670>
12:18:20.050 [AI Patrol] Spawning 3 Shamans bots at <2328.530273, 54.799999, 3056.301025>
12:18:21.375 [AI Patrol] Spawning 3 Shamans bots at <3405.434082, 59.204758, 3052.275146>
12:18:25.246 [AI Patrol] Spawning 3 Shamans bots at <2183.992188, 54.799999, 3056.134277>
12:18:29.000 [AI Patrol] Spawning 3 Shamans bots at <2145.240234, 54.799999, 3029.485596>
12:18:35.917 [AI Patrol] Spawning 3 Shamans bots at <2098.476318, 54.799999, 3055.698242>
12:18:54.667 [AI Patrol] Spawning 3 Shamans bots at <1964.411499, 54.799999, 2952.803467>
12:18:56.078 [AI Patrol] Spawning 3 Shamans bots at <1965.125244, 54.799999, 2937.914795>
12:19:00.578 [AI Patrol] Spawning 3 Shamans bots at <1950.194946, 54.799999, 2921.993408>
12:19:00.644 [AI Patrol] Spawning 3 Shamans bots at <3119.086426, 169.663757, 2621.466797>
12:19:05.503 [AI Patrol] Spawning 3 Shamans bots at <1917.675537, 54.799999, 2909.026611>
12:21:45.757 [AI Patrol] Spawning 3 Shamans bots at <981.991272, 6.271854, 3108.588867>
12:24:12.269 [AI Patrol] Spawning 3 Shamans bots at <2510.561279, 43.939999, 5700.124023>
12:24:16.085 [AI Patrol] Spawning 3 Shamans bots at <2544.936279, 43.384312, 5674.376953>
12:24:17.453 [AI Patrol] Spawning 3 Shamans bots at <2491.615723, 43.939999, 5741.509277>
12:24:46.000 [AI Patrol] Spawning 3 Shamans bots at <2475.531982, 44.403511, 5963.112793>
12:26:01.285 [VehicleEngine] Player SiR NeRg [uid=v49uXaJny-MXhmq_qvUelv_0QcwRY1-cv9_Yq-5tGIA=] stopped vehicle BMW (rust) (id=1F1EE68D3F49ED36B62EFABF4246F3D8 pos=<2417.083984, 42.927227, 5812.477539>)
12:26:04.722 [VehicleLeave] Player SiR NeRg [uid=v49uXaJny-MXhmq_qvUelv_0QcwRY1-cv9_Yq-5tGIA=] left vehicle BMW (rust) (id=1F1EE68D3F49ED36B62EFABF4246F3D8 pos=<2417.081055, 42.927223, 5812.477539>)
12:45:28.480 [AI Patrol] Spawning 3 Shamans bots at <3419.267578, 17.322653, 6311.156250>
12:51:06.324 [VehicleAttachments] Player SiR NeRg (uid=v49uXaJny-MXhmq_qvUelv_0QcwRY1-cv9_Yq-5tGIA=) detached Car Battery (type=CarBattery) from vehicle BMW (rust)(id=1F1EE68D3F49ED36B62EFABF4246F3D8 pos=<2417.080078, 42.927208, 5812.477539>)
12:53:25.519 [Party] Player "SiR NeRg" (id=v49uXaJny-MXhmq_qvUelv_0QcwRY1-cv9_Yq-5tGIA=) left the party "Death Dealers" (id=1 ownerUID=v49uXaJny-MXhmq_qvUelv_0QcwRY1-cv9_Yq-5tGIA= ownerName=SiR NeRg)
15:52:06.562 [AI Patrol] Spawning 3 Shamans bots at <3753.606934, 15.630000, 6563.524902>
15:52:06.570 [AI Patrol] Spawning 3 Shamans bots at <4003.863037, 15.630000, 6650.332520>
15:52:06.582 [AI Patrol] Spawning 3 Shamans bots at <4001.730225, 15.630000, 6616.322754>
15:52:06.593 [AI Patrol] Spawning 3 Shamans bots at <3809.114502, 4.640000, 5977.268555>
15:52:06.601 [AI Patrol] Spawning 3 Shamans bots at <3751.850098, 15.630000, 6559.734375>
15:52:06.613 [AI Patrol] Spawning 3 Shamans bots at <3630.704346, 15.630000, 6421.422363>
16:00:30.781 [Killfeed] Mister Grey got beaten to a pulp by Survivor (Shamans) with bare hands.
16:07:09.859 [AI Patrol] Spawning 3 Shamans bots at <3737.928711, 4.640000, 5976.346680>
16:07:09.871 [AI Patrol] Spawning 3 Shamans bots at <3679.313477, 4.664635, 6003.971191>
16:07:10.921 [AI Patrol] Spawning 3 Shamans bots at <3751.057861, 4.640000, 5974.296875>
16:07:21.054 [AI Patrol] Spawning 3 Shamans bots at <3719.072266, 4.640000, 6055.313965>
16:09:13.175 [AI Patrol] Spawning 3 Shamans bots at <3089.064941, 10.059710, 4473.934082>
16:11:53.085 [VehicleEnter] Player Mister Grey [uid=alBZ-ZL8MzNBtl2I3gppWwkNM3QqMiItqAFzALQOYaw=] entered vehicle Fennek RUST (id=1E4E6222DA4FF639C583CCB7C89EF10C pos=<3817.737549, 6.967666, 4842.960938>) as passenger
16:12:01.820 [VehicleLeave] Player Mister Grey [uid=alBZ-ZL8MzNBtl2I3gppWwkNM3QqMiItqAFzALQOYaw=] left vehicle Fennek RUST (id=1E4E6222DA4FF639C583CCB7C89EF10C pos=<3817.737549, 6.967666, 4842.960938>)
16:13:40.328 [AI Patrol] Spawning 3 Shamans bots at <4845.985352, 109.998665, 4270.043457>
