06:03:31.074 [Party] Player "Lets_G0_Brandon" (id=RjqUafmWjW9Q1BHza4n7WoZ_8uUWujoz2w-ciuQaZcs=) joinded the party "Hard Gits" (id=2 ownerUID=RjqUafmWjW9Q1BHza4n7WoZ_8uUWujoz2w-ciuQaZcs= ownerName=Lets_G0_Brandon)
06:03:31.087 [Expansion Quests] - InitQuestSystemClient - Loaded existing player quest data for player with UID: RjqUafmWjW9Q1BHza4n7WoZ_8uUWujoz2w-ciuQaZcs=
06:03:31.089 [Expansion Quests] - LoadGroupQuestData - Loaded existing group quest data for group with ID: 2
06:03:31.089 [Expansion Quests] - Create new quest instance for quest: 38 - Player UID: RjqUafmWjW9Q1BHza4n7WoZ_8uUWujoz2w-ciuQaZcs=
06:03:32.029 [Expansion Quests] - LoadGroupQuestData - Got cached group quest data for group with ID: 2
06:05:41.894 [Party] Player "wiggy" (id=SgADkNjbGaUs8SauxTNPqYQENYs5GlEGD7NNksMh0hI=) joinded the party "Hard Gits" (id=2 ownerUID=RjqUafmWjW9Q1BHza4n7WoZ_8uUWujoz2w-ciuQaZcs= ownerName=Lets_G0_Brandon)
06:05:41.908 [Expansion Quests] - InitQuestSystemClient - Loaded existing player quest data for player with UID: SgADkNjbGaUs8SauxTNPqYQENYs5GlEGD7NNksMh0hI=
06:05:41.910 [Expansion Quests] - LoadGroupQuestData - Got cached group quest data for group with ID: 2
06:05:41.910 [Expansion Quests] - Create new quest instance for quest: 58 - Player UID: SgADkNjbGaUs8SauxTNPqYQENYs5GlEGD7NNksMh0hI=
06:05:42.847 [Expansion Quests] - LoadGroupQuestData - Got cached group quest data for group with ID: 2
06:07:11.181 [VehicleCarKey] Player "Lets_G0_Brandon" (id=RjqUafmWjW9Q1BHza4n7WoZ_8uUWujoz2w-ciuQaZcs= pos=<2332.182617, 78.195313, 1685.748535>) used the  ExpansionCarKey to unlock BMW_rust (id=941B3604A84BE4265C9A5EA4372083F2 pos=<2331.604248, 78.089386, 1683.958130>)
06:07:45.544 [VehicleCarKey] Player "Lets_G0_Brandon" (id=RjqUafmWjW9Q1BHza4n7WoZ_8uUWujoz2w-ciuQaZcs= pos=<2329.433594, 78.196098, 1685.714966>) used the  ExpansionCarKey to lock BMW_rust (id=941B3604A84BE4265C9A5EA4372083F2 pos=<2331.604248, 78.089386, 1683.958130>)
06:08:35.396 [MissionAirdrop] An airdrop is heading towards "Airfield" (pos=<6791.240234, 0.000000, 2116.860107> type=Random_Airfield) with a ExpansionAirdropContainer_Basebuilding
06:21:23.164 [AI Patrol] Spawning 2 Shamans bots at <2211.696045, 54.799999, 3253.797852>
06:50:11.160 [Party] Player "wiggy" (id=SgADkNjbGaUs8SauxTNPqYQENYs5GlEGD7NNksMh0hI=) left the party "Hard Gits" (id=2 ownerUID=RjqUafmWjW9Q1BHza4n7WoZ_8uUWujoz2w-ciuQaZcs= ownerName=Lets_G0_Brandon)
06:53:11.464 [Party] Player "wiggy" (id=SgADkNjbGaUs8SauxTNPqYQENYs5GlEGD7NNksMh0hI=) joinded the party "Hard Gits" (id=2 ownerUID=RjqUafmWjW9Q1BHza4n7WoZ_8uUWujoz2w-ciuQaZcs= ownerName=Lets_G0_Brandon)
06:53:11.470 [Expansion Quests] - InitQuestSystemClient - Loaded existing player quest data for player with UID: SgADkNjbGaUs8SauxTNPqYQENYs5GlEGD7NNksMh0hI=
06:53:11.472 [Expansion Quests] - LoadGroupQuestData - Got cached group quest data for group with ID: 2
06:53:11.472 [Expansion Quests] - Create new quest instance for quest: 58 - Player UID: SgADkNjbGaUs8SauxTNPqYQENYs5GlEGD7NNksMh0hI=
06:53:12.400 [Expansion Quests] - LoadGroupQuestData - Got cached group quest data for group with ID: 2
07:01:21.525 [VehicleCover] Player "wiggy" (id=SgADkNjbGaUs8SauxTNPqYQENYs5GlEGD7NNksMh0hI= pos=<2332.372559, 78.193886, 1680.749634>) uncovered vehicle "PONTIAC_rust" (GlobalID=80000000800000008000000080000318 pos=<2335.385010, 78.164375, 1680.573120>)!
07:01:53.980 [VehicleCarKey] Player "wiggy" (id=SgADkNjbGaUs8SauxTNPqYQENYs5GlEGD7NNksMh0hI= pos=<2333.049805, 78.193420, 1679.806274>) used the  ExpansionCarKey to unlock PONTIAC_rust (id=8764259AB44E80DE6BD5A89334DFCABF pos=<2335.437744, 78.164345, 1680.518188>)
07:04:08.234 [VehicleCarKey] Player "wiggy" (id=SgADkNjbGaUs8SauxTNPqYQENYs5GlEGD7NNksMh0hI= pos=<2328.887939, 78.195717, 1683.718018>) used the  ExpansionCarKey to unlock BMW_rust (id=941B3604A84BE4265C9A5EA4372083F2 pos=<2331.574707, 78.089378, 1683.976929>)
07:14:52.734 [BaseRaiding] BBP_SGate (<2327.350830, 78.157364, 1687.915649>) Code set by player "wiggy" (ID = "SgADkNjbGaUs8SauxTNPqYQENYs5GlEGD7NNksMh0hI=" at <2328.393799, 78.196693, 1686.767822>) and the code is 7477
07:15:46.640 [VehicleEnter] Player Lets_G0_Brandon [uid=RjqUafmWjW9Q1BHza4n7WoZ_8uUWujoz2w-ciuQaZcs=] entered vehicle BMW (rust) (id=941B3604A84BE4265C9A5EA4372083F2 pos=<2331.576660, 78.089401, 1683.977295>) as driver
07:15:50.169 [VehicleEngine] Player Lets_G0_Brandon [uid=RjqUafmWjW9Q1BHza4n7WoZ_8uUWujoz2w-ciuQaZcs=] started vehicle BMW (rust) (id=941B3604A84BE4265C9A5EA4372083F2 pos=<2331.574951, 78.089386, 1683.977539>)
07:16:44.384 [VehicleLeave] Player Lets_G0_Brandon [uid=RjqUafmWjW9Q1BHza4n7WoZ_8uUWujoz2w-ciuQaZcs=] left vehicle BMW (rust) (id=941B3604A84BE4265C9A5EA4372083F2 pos=<2328.811768, 76.994385, 1694.954102>)
07:17:45.738 [VehicleEnter] Player wiggy [uid=SgADkNjbGaUs8SauxTNPqYQENYs5GlEGD7NNksMh0hI=] entered vehicle PONTIAC (rust) (id=8764259AB44E80DE6BD5A89334DFCABF pos=<2335.437744, 78.164337, 1680.516846>) as driver
07:17:48.470 [VehicleEngine] Player wiggy [uid=SgADkNjbGaUs8SauxTNPqYQENYs5GlEGD7NNksMh0hI=] started vehicle PONTIAC (rust) (id=8764259AB44E80DE6BD5A89334DFCABF pos=<2335.437744, 78.164345, 1680.516846>)
07:18:29.460 [VehicleEnter] Player Lets_G0_Brandon [uid=RjqUafmWjW9Q1BHza4n7WoZ_8uUWujoz2w-ciuQaZcs=] entered vehicle BMW (rust) (id=941B3604A84BE4265C9A5EA4372083F2 pos=<2328.811035, 76.994385, 1694.951538>) as driver
07:18:33.300 [VehicleEngine] Player Lets_G0_Brandon [uid=RjqUafmWjW9Q1BHza4n7WoZ_8uUWujoz2w-ciuQaZcs=] started vehicle BMW (rust) (id=941B3604A84BE4265C9A5EA4372083F2 pos=<2328.810059, 76.994385, 1694.951172>)
07:19:07.394 [VehicleLeave] Player Lets_G0_Brandon [uid=RjqUafmWjW9Q1BHza4n7WoZ_8uUWujoz2w-ciuQaZcs=] left vehicle BMW (rust) (id=941B3604A84BE4265C9A5EA4372083F2 pos=<2336.500488, 78.086777, 1679.917358>)
07:19:18.449 [VehicleLeave] Player wiggy [uid=SgADkNjbGaUs8SauxTNPqYQENYs5GlEGD7NNksMh0hI=] left vehicle PONTIAC (rust) (id=8764259AB44E80DE6BD5A89334DFCABF pos=<2332.202881, 78.166199, 1683.777222>)
07:32:15.392 [MissionAirdrop] An airdrop is heading towards "Cassandra" (pos=<4274.000000, 0.000000, 7597.299805> type=Random_Cassandra) with a ExpansionAirdropContainer
07:37:14.750 [VehicleCarKey] Player "wiggy" (id=SgADkNjbGaUs8SauxTNPqYQENYs5GlEGD7NNksMh0hI= pos=<2336.739014, 78.192764, 1681.580811>) used the  ExpansionCarKey to lock BMW_rust (id=941B3604A84BE4265C9A5EA4372083F2 pos=<2336.490234, 78.086815, 1679.922852>)
07:40:18.181 [VehicleDeleted] BMW_rust (id=941B3604A84BE4265C9A5EA4372083F2 pos=<2336.490234, 78.086815, 1679.922852>)
07:40:18.181 [VehicleCover] Player "Lets_G0_Brandon" (id=RjqUafmWjW9Q1BHza4n7WoZ_8uUWujoz2w-ciuQaZcs= pos=<2336.491455, 78.193016, 1682.222168>) covered vehicle "BMW_rust" (GlobalID=800000008000000080000000800002E2 pos=<2336.490234, 78.086815, 1679.922852>)!
07:42:30.833 [VehicleEnter] Player Lets_G0_Brandon [uid=RjqUafmWjW9Q1BHza4n7WoZ_8uUWujoz2w-ciuQaZcs=] entered vehicle PONTIAC (rust) (id=8764259AB44E80DE6BD5A89334DFCABF pos=<2332.202881, 78.166199, 1683.776611>) as driver
07:42:34.173 [VehicleEngine] Player Lets_G0_Brandon [uid=RjqUafmWjW9Q1BHza4n7WoZ_8uUWujoz2w-ciuQaZcs=] started vehicle PONTIAC (rust) (id=8764259AB44E80DE6BD5A89334DFCABF pos=<2332.202881, 78.166206, 1683.776611>)
07:43:12.630 [VehicleEnter] Player wiggy [uid=SgADkNjbGaUs8SauxTNPqYQENYs5GlEGD7NNksMh0hI=] entered vehicle PONTIAC (rust) (id=8764259AB44E80DE6BD5A89334DFCABF pos=<2318.753174, 77.074776, 1701.190430>) as passenger
07:46:56.566 [VehicleLeave] Player Lets_G0_Brandon [uid=RjqUafmWjW9Q1BHza4n7WoZ_8uUWujoz2w-ciuQaZcs=] left vehicle PONTIAC (rust) (id=8764259AB44E80DE6BD5A89334DFCABF pos=<1161.533203, 19.626791, 2973.406738>)
07:47:24.316 [VehicleEnter] Player Lets_G0_Brandon [uid=RjqUafmWjW9Q1BHza4n7WoZ_8uUWujoz2w-ciuQaZcs=] entered vehicle PONTIAC (rust) (id=53033BB6C3482776050045A700ECE6CE pos=<1170.960327, 20.493633, 2995.207520>) as driver
07:47:28.068 [VehicleEngine] Player Lets_G0_Brandon [uid=RjqUafmWjW9Q1BHza4n7WoZ_8uUWujoz2w-ciuQaZcs=] started vehicle PONTIAC (rust) (id=53033BB6C3482776050045A700ECE6CE pos=<1170.960327, 20.493633, 2995.207520>)
07:47:32.812 [VehicleEngine] Player Lets_G0_Brandon [uid=RjqUafmWjW9Q1BHza4n7WoZ_8uUWujoz2w-ciuQaZcs=] started vehicle PONTIAC (rust) (id=53033BB6C3482776050045A700ECE6CE pos=<1170.960327, 20.493633, 2995.207520>)
07:47:43.685 [VehicleLeave] Player Lets_G0_Brandon [uid=RjqUafmWjW9Q1BHza4n7WoZ_8uUWujoz2w-ciuQaZcs=] left vehicle PONTIAC (rust) (id=53033BB6C3482776050045A700ECE6CE pos=<1170.959839, 20.493614, 2995.207520>)
07:48:52.222 [VehicleEnter] Player Lets_G0_Brandon [uid=RjqUafmWjW9Q1BHza4n7WoZ_8uUWujoz2w-ciuQaZcs=] entered vehicle PONTIAC (rust) (id=8764259AB44E80DE6BD5A89334DFCABF pos=<1161.533325, 19.626793, 2973.406738>) as driver
07:48:55.517 [VehicleEngine] Player Lets_G0_Brandon [uid=RjqUafmWjW9Q1BHza4n7WoZ_8uUWujoz2w-ciuQaZcs=] started vehicle PONTIAC (rust) (id=8764259AB44E80DE6BD5A89334DFCABF pos=<1161.533203, 19.626789, 2973.406738>)
07:49:42.154 [VehicleLeave] Player Lets_G0_Brandon [uid=RjqUafmWjW9Q1BHza4n7WoZ_8uUWujoz2w-ciuQaZcs=] left vehicle PONTIAC (rust) (id=8764259AB44E80DE6BD5A89334DFCABF pos=<781.005920, 5.231431, 3291.186279>)
07:49:45.421 [VehicleLeave] Player wiggy [uid=SgADkNjbGaUs8SauxTNPqYQENYs5GlEGD7NNksMh0hI=] left vehicle PONTIAC (rust) (id=8764259AB44E80DE6BD5A89334DFCABF pos=<781.005615, 5.231431, 3291.186279>)
07:49:52.898 [VehicleEnter] Player Lets_G0_Brandon [uid=RjqUafmWjW9Q1BHza4n7WoZ_8uUWujoz2w-ciuQaZcs=] entered vehicle PONTIAC (rust) (id=8764259AB44E80DE6BD5A89334DFCABF pos=<781.005798, 5.231431, 3291.186279>) as driver
07:49:57.220 [VehicleEngine] Player Lets_G0_Brandon [uid=RjqUafmWjW9Q1BHza4n7WoZ_8uUWujoz2w-ciuQaZcs=] started vehicle PONTIAC (rust) (id=8764259AB44E80DE6BD5A89334DFCABF pos=<781.005676, 5.231431, 3291.186279>)
07:50:25.312 [VehicleLeave] Player Lets_G0_Brandon [uid=RjqUafmWjW9Q1BHza4n7WoZ_8uUWujoz2w-ciuQaZcs=] left vehicle PONTIAC (rust) (id=8764259AB44E80DE6BD5A89334DFCABF pos=<876.311829, 5.231431, 3476.772705>)
07:52:51.855 [VehicleEnter] Player wiggy [uid=SgADkNjbGaUs8SauxTNPqYQENYs5GlEGD7NNksMh0hI=] entered vehicle PONTIAC (rust) (id=8764259AB44E80DE6BD5A89334DFCABF pos=<876.311462, 5.231430, 3476.772705>) as passenger
07:52:55.289 [VehicleEnter] Player Lets_G0_Brandon [uid=RjqUafmWjW9Q1BHza4n7WoZ_8uUWujoz2w-ciuQaZcs=] entered vehicle PONTIAC (rust) (id=8764259AB44E80DE6BD5A89334DFCABF pos=<876.311768, 5.231431, 3476.772705>) as driver
07:52:58.527 [VehicleEngine] Player Lets_G0_Brandon [uid=RjqUafmWjW9Q1BHza4n7WoZ_8uUWujoz2w-ciuQaZcs=] started vehicle PONTIAC (rust) (id=8764259AB44E80DE6BD5A89334DFCABF pos=<876.311646, 5.231431, 3476.772705>)
07:54:05.222 [VehicleLeave] Player wiggy [uid=SgADkNjbGaUs8SauxTNPqYQENYs5GlEGD7NNksMh0hI=] left vehicle PONTIAC (rust) (id=8764259AB44E80DE6BD5A89334DFCABF pos=<1154.054443, 19.440866, 2980.062988>)
07:54:08.757 [VehicleLeave] Player Lets_G0_Brandon [uid=RjqUafmWjW9Q1BHza4n7WoZ_8uUWujoz2w-ciuQaZcs=] left vehicle PONTIAC (rust) (id=8764259AB44E80DE6BD5A89334DFCABF pos=<1154.054321, 19.440865, 2980.062988>)
08:01:10.171 [VehicleEnter] Player Lets_G0_Brandon [uid=RjqUafmWjW9Q1BHza4n7WoZ_8uUWujoz2w-ciuQaZcs=] entered vehicle PONTIAC (rust) (id=8764259AB44E80DE6BD5A89334DFCABF pos=<1154.054443, 19.440866, 2980.062988>) as driver
08:01:18.013 [VehicleEnter] Player wiggy [uid=SgADkNjbGaUs8SauxTNPqYQENYs5GlEGD7NNksMh0hI=] entered vehicle PONTIAC (rust) (id=8764259AB44E80DE6BD5A89334DFCABF pos=<1154.054321, 19.440866, 2980.062988>) as passenger
08:01:27.294 [VehicleEngine] Player Lets_G0_Brandon [uid=RjqUafmWjW9Q1BHza4n7WoZ_8uUWujoz2w-ciuQaZcs=] started vehicle PONTIAC (rust) (id=8764259AB44E80DE6BD5A89334DFCABF pos=<1154.054321, 19.440866, 2980.062988>)
08:04:44.939 [VehicleLeave] Player wiggy [uid=SgADkNjbGaUs8SauxTNPqYQENYs5GlEGD7NNksMh0hI=] left vehicle PONTIAC (rust) (id=8764259AB44E80DE6BD5A89334DFCABF pos=<2318.924805, 77.074539, 1695.288818>)
08:04:45.507 [VehicleLeave] Player Lets_G0_Brandon [uid=RjqUafmWjW9Q1BHza4n7WoZ_8uUWujoz2w-ciuQaZcs=] left vehicle PONTIAC (rust) (id=8764259AB44E80DE6BD5A89334DFCABF pos=<2318.924561, 77.074532, 1695.288574>)
08:05:16.476 [VehicleCover] Player "wiggy" (id=SgADkNjbGaUs8SauxTNPqYQENYs5GlEGD7NNksMh0hI= pos=<2333.547607, 78.193710, 1681.392822>) uncovered vehicle "BMW_rust" (GlobalID=800000008000000080000000800002E2 pos=<2336.490234, 78.086815, 1679.922852>)!
08:05:26.988 [VehicleCarKey] Player "wiggy" (id=SgADkNjbGaUs8SauxTNPqYQENYs5GlEGD7NNksMh0hI= pos=<2333.544434, 78.267281, 1681.276733>) used the  ExpansionCarKey to unlock BMW_rust (id=CAB263665D41001FC9252FA5837E79C9 pos=<2336.489258, 78.086792, 1679.924927>)
08:07:25.255 [VehicleCarKey] Player "wiggy" (id=SgADkNjbGaUs8SauxTNPqYQENYs5GlEGD7NNksMh0hI= pos=<2334.200195, 78.193634, 1681.866943>) used the  ExpansionCarKey to lock BMW_rust (id=CAB263665D41001FC9252FA5837E79C9 pos=<2336.489258, 78.086792, 1679.924927>)
08:10:14.808 [VehicleEnter] Player Lets_G0_Brandon [uid=RjqUafmWjW9Q1BHza4n7WoZ_8uUWujoz2w-ciuQaZcs=] entered vehicle PONTIAC (rust) (id=8764259AB44E80DE6BD5A89334DFCABF pos=<2318.924805, 77.074539, 1695.289551>) as driver
08:10:18.888 [VehicleEngine] Player Lets_G0_Brandon [uid=RjqUafmWjW9Q1BHza4n7WoZ_8uUWujoz2w-ciuQaZcs=] started vehicle PONTIAC (rust) (id=8764259AB44E80DE6BD5A89334DFCABF pos=<2318.924561, 77.074532, 1695.289307>)
08:11:10.933 [VehicleEnter] Player wiggy [uid=SgADkNjbGaUs8SauxTNPqYQENYs5GlEGD7NNksMh0hI=] entered vehicle PONTIAC (rust) (id=8764259AB44E80DE6BD5A89334DFCABF pos=<2295.410400, 77.083359, 1716.109375>) as passenger
08:13:48.480 [VehicleLeave] Player Lets_G0_Brandon [uid=RjqUafmWjW9Q1BHza4n7WoZ_8uUWujoz2w-ciuQaZcs=] left vehicle PONTIAC (rust) (id=8764259AB44E80DE6BD5A89334DFCABF pos=<1167.134521, 19.768852, 2985.276123>)
08:13:51.300 [VehicleLeave] Player wiggy [uid=SgADkNjbGaUs8SauxTNPqYQENYs5GlEGD7NNksMh0hI=] left vehicle PONTIAC (rust) (id=8764259AB44E80DE6BD5A89334DFCABF pos=<1167.134888, 19.768862, 2985.275879>)
08:15:16.015 [VehicleEnter] Player Lets_G0_Brandon [uid=RjqUafmWjW9Q1BHza4n7WoZ_8uUWujoz2w-ciuQaZcs=] entered vehicle PONTIAC (rust) (id=53033BB6C3482776050045A700ECE6CE pos=<1170.960449, 20.493639, 2995.207520>) as driver
08:17:05.941 [VehicleEngine] Player Lets_G0_Brandon [uid=RjqUafmWjW9Q1BHza4n7WoZ_8uUWujoz2w-ciuQaZcs=] started vehicle PONTIAC (rust) (id=53033BB6C3482776050045A700ECE6CE pos=<1170.959839, 20.493605, 2995.207520>)
08:17:22.347 [VehicleLeave] Player Lets_G0_Brandon [uid=RjqUafmWjW9Q1BHza4n7WoZ_8uUWujoz2w-ciuQaZcs=] left vehicle PONTIAC (rust) (id=53033BB6C3482776050045A700ECE6CE pos=<1170.960205, 20.493624, 2995.207520>)
08:17:52.613 [VehicleEnter] Player Lets_G0_Brandon [uid=RjqUafmWjW9Q1BHza4n7WoZ_8uUWujoz2w-ciuQaZcs=] entered vehicle PONTIAC (rust) (id=53033BB6C3482776050045A700ECE6CE pos=<1170.959961, 20.493614, 2995.207520>) as driver
08:17:59.250 [VehicleEnter] Player wiggy [uid=SgADkNjbGaUs8SauxTNPqYQENYs5GlEGD7NNksMh0hI=] entered vehicle PONTIAC (rust) (id=8764259AB44E80DE6BD5A89334DFCABF pos=<1167.134644, 19.768860, 2985.276123>) as driver
08:18:02.535 [VehicleEngine] Player wiggy [uid=SgADkNjbGaUs8SauxTNPqYQENYs5GlEGD7NNksMh0hI=] started vehicle PONTIAC (rust) (id=8764259AB44E80DE6BD5A89334DFCABF pos=<1167.134888, 19.768867, 2985.275879>)
08:21:10.562 [VehicleLeave] Player Lets_G0_Brandon [uid=RjqUafmWjW9Q1BHza4n7WoZ_8uUWujoz2w-ciuQaZcs=] left vehicle PONTIAC (rust) (id=53033BB6C3482776050045A700ECE6CE pos=<2326.345703, 77.071426, 1696.406616>)
08:23:24.832 [VehicleLeave] Player wiggy [uid=SgADkNjbGaUs8SauxTNPqYQENYs5GlEGD7NNksMh0hI=] left vehicle PONTIAC (rust) (id=8764259AB44E80DE6BD5A89334DFCABF pos=<2332.386719, 78.165016, 1679.615112>)
08:29:08.988 [Expansion Quests] - InitQuestSystemClient - Loaded existing player quest data for player with UID: spMEkRl42onhFHdF_u42e0T03x2sj347kUc600NXdGA=
08:29:47.142 [AI Patrol] Spawning 2 Shamans bots at <4870.659668, 47.836273, 1341.489746>
08:30:31.906 [AI Patrol] Spawning 2 Shamans bots at <6958.145996, 11.413877, 3688.245117>
08:39:40.671 [VehicleEnter] Player Lets_G0_Brandon [uid=RjqUafmWjW9Q1BHza4n7WoZ_8uUWujoz2w-ciuQaZcs=] entered vehicle PONTIAC (rust) (id=53033BB6C3482776050045A700ECE6CE pos=<2326.345703, 77.071426, 1696.406494>) as driver
08:39:43.910 [VehicleEngine] Player Lets_G0_Brandon [uid=RjqUafmWjW9Q1BHza4n7WoZ_8uUWujoz2w-ciuQaZcs=] started vehicle PONTIAC (rust) (id=53033BB6C3482776050045A700ECE6CE pos=<2326.345703, 77.071426, 1696.406738>)
08:39:52.027 [VehicleEnter] Player wiggy [uid=SgADkNjbGaUs8SauxTNPqYQENYs5GlEGD7NNksMh0hI=] entered vehicle PONTIAC (rust) (id=53033BB6C3482776050045A700ECE6CE pos=<2326.345703, 77.071426, 1696.406494>) as passenger
08:40:45.648 [AI Patrol] Spawning 2 Shamans bots at <1666.535156, 5.920000, 511.838715>
08:42:11.160 [VehicleLeave] Player Lets_G0_Brandon [uid=RjqUafmWjW9Q1BHza4n7WoZ_8uUWujoz2w-ciuQaZcs=] left vehicle PONTIAC (rust) (id=53033BB6C3482776050045A700ECE6CE pos=<2249.482910, 23.957754, 916.544495>)
08:42:13.714 [VehicleLeave] Player wiggy [uid=SgADkNjbGaUs8SauxTNPqYQENYs5GlEGD7NNksMh0hI=] left vehicle PONTIAC (rust) (id=53033BB6C3482776050045A700ECE6CE pos=<2249.482910, 23.957748, 916.544189>)
08:48:18.089 [VehicleEnter] Player Lets_G0_Brandon [uid=RjqUafmWjW9Q1BHza4n7WoZ_8uUWujoz2w-ciuQaZcs=] entered vehicle PONTIAC (rust) (id=53033BB6C3482776050045A700ECE6CE pos=<2249.482910, 23.957756, 916.544434>) as driver
08:48:22.023 [VehicleEngine] Player Lets_G0_Brandon [uid=RjqUafmWjW9Q1BHza4n7WoZ_8uUWujoz2w-ciuQaZcs=] started vehicle PONTIAC (rust) (id=53033BB6C3482776050045A700ECE6CE pos=<2249.482910, 23.957754, 916.544373>)
08:49:11.105 [VehicleLeave] Player Lets_G0_Brandon [uid=RjqUafmWjW9Q1BHza4n7WoZ_8uUWujoz2w-ciuQaZcs=] left vehicle PONTIAC (rust) (id=53033BB6C3482776050045A700ECE6CE pos=<2244.632324, 23.981373, 906.926697>)
08:50:54.326 [VehicleEnter] Player Lets_G0_Brandon [uid=RjqUafmWjW9Q1BHza4n7WoZ_8uUWujoz2w-ciuQaZcs=] entered vehicle PONTIAC (rust) (id=53033BB6C3482776050045A700ECE6CE pos=<2244.632568, 23.981394, 906.926697>) as driver
08:51:24.488 [VehicleEnter] Player wiggy [uid=SgADkNjbGaUs8SauxTNPqYQENYs5GlEGD7NNksMh0hI=] entered vehicle PONTIAC (rust) (id=53033BB6C3482776050045A700ECE6CE pos=<2244.632568, 23.981371, 906.926697>) as passenger
08:52:11.486 [VehicleLeave] Player Lets_G0_Brandon [uid=RjqUafmWjW9Q1BHza4n7WoZ_8uUWujoz2w-ciuQaZcs=] left vehicle PONTIAC (rust) (id=53033BB6C3482776050045A700ECE6CE pos=<2236.737305, 15.541101, 797.166565>)
08:52:13.347 [VehicleLeave] Player wiggy [uid=SgADkNjbGaUs8SauxTNPqYQENYs5GlEGD7NNksMh0hI=] left vehicle PONTIAC (rust) (id=53033BB6C3482776050045A700ECE6CE pos=<2236.737061, 15.541103, 797.166565>)
08:53:27.431 [MissionAirdrop] An airdrop is heading towards "Military Transmitting Station" (pos=<6328.509766, 0.000000, 979.291016> type=Random_Military-Transmitting-Station) with a ExpansionAirdropContainer_Medical
09:05:01.705 [Expansion Quests] - InitQuestSystemClient - Loaded existing player quest data for player with UID: -r2araXommLNgd2kLCOg5MUhQUGYZRsIrQF--_XcIVE=
09:05:01.705 [Expansion Quests] - Create new quest instance for quest: 31 - Player UID: -r2araXommLNgd2kLCOg5MUhQUGYZRsIrQF--_XcIVE=
09:05:14.035 [VehicleCover] Player "[BTWF]CMDR-Chuck_N_Biskitz" (id=-r2araXommLNgd2kLCOg5MUhQUGYZRsIrQF--_XcIVE= pos=<412.753662, 5.664900, 1880.488892>) uncovered vehicle "MUSTANG" (GlobalID=80000000800000008000000080002B6F pos=<411.825134, 5.726816, 1878.658081>)!
09:05:20.316 [VehicleCarKey] Player "[BTWF]CMDR-Chuck_N_Biskitz" (id=-r2araXommLNgd2kLCOg5MUhQUGYZRsIrQF--_XcIVE= pos=<412.015320, 5.667129, 1880.863037>) used the  ExpansionCarKey to unlock MUSTANG (id=3B390278544F3E0E32959B9A19E75EE0 pos=<411.825317, 5.726816, 1878.658325>)
09:06:30.847 [VehicleEnter] Player [BTWF]CMDR-Chuck_N_Biskitz [uid=-r2araXommLNgd2kLCOg5MUhQUGYZRsIrQF--_XcIVE=] entered vehicle MUSTANG (id=3B390278544F3E0E32959B9A19E75EE0 pos=<411.825439, 5.726816, 1878.658569>) as driver
09:06:33.523 [VehicleEngine] Player [BTWF]CMDR-Chuck_N_Biskitz [uid=-r2araXommLNgd2kLCOg5MUhQUGYZRsIrQF--_XcIVE=] started vehicle MUSTANG (Locked) (id=3B390278544F3E0E32959B9A19E75EE0 pos=<411.825256, 5.726816, 1878.658447>)
09:08:14.757 [VehicleEnter] Player Lets_G0_Brandon [uid=RjqUafmWjW9Q1BHza4n7WoZ_8uUWujoz2w-ciuQaZcs=] entered vehicle PONTIAC (rust) (id=53033BB6C3482776050045A700ECE6CE pos=<2236.737061, 15.541101, 797.166565>) as driver
09:08:17.941 [VehicleEngine] Player Lets_G0_Brandon [uid=RjqUafmWjW9Q1BHza4n7WoZ_8uUWujoz2w-ciuQaZcs=] started vehicle PONTIAC (rust) (id=53033BB6C3482776050045A700ECE6CE pos=<2236.737305, 15.541101, 797.166565>)
09:08:38.539 [VehicleEnter] Player wiggy [uid=SgADkNjbGaUs8SauxTNPqYQENYs5GlEGD7NNksMh0hI=] entered vehicle PONTIAC (rust) (id=53033BB6C3482776050045A700ECE6CE pos=<2236.737305, 15.541104, 797.166565>) as passenger
09:08:45.109 [VehicleLeave] Player [BTWF]CMDR-Chuck_N_Biskitz [uid=-r2araXommLNgd2kLCOg5MUhQUGYZRsIrQF--_XcIVE=] left vehicle MUSTANG (id=3B390278544F3E0E32959B9A19E75EE0 pos=<1961.770874, 61.941914, 2070.219971>)
09:09:10.312 [VehicleEnter] Player [BTWF]CMDR-Chuck_N_Biskitz [uid=-r2araXommLNgd2kLCOg5MUhQUGYZRsIrQF--_XcIVE=] entered vehicle MUSTANG (id=3B390278544F3E0E32959B9A19E75EE0 pos=<1961.783936, 61.004456, 2070.210449>) as driver
09:09:14.113 [VehicleEngine] Player [BTWF]CMDR-Chuck_N_Biskitz [uid=-r2araXommLNgd2kLCOg5MUhQUGYZRsIrQF--_XcIVE=] started vehicle MUSTANG (id=3B390278544F3E0E32959B9A19E75EE0 pos=<1961.783936, 61.004456, 2070.210449>)
09:11:02.449 [VehicleLeave] Player [BTWF]CMDR-Chuck_N_Biskitz [uid=-r2araXommLNgd2kLCOg5MUhQUGYZRsIrQF--_XcIVE=] left vehicle MUSTANG (id=3B390278544F3E0E32959B9A19E75EE0 pos=<2378.709473, 107.912025, 2585.755127>)
09:11:33.671 [VehicleEnter] Player [BTWF]CMDR-Chuck_N_Biskitz [uid=-r2araXommLNgd2kLCOg5MUhQUGYZRsIrQF--_XcIVE=] entered vehicle MUSTANG (id=3B390278544F3E0E32959B9A19E75EE0 pos=<2378.709473, 107.912025, 2585.755127>) as driver
09:11:34.953 [VehicleEngine] Player [BTWF]CMDR-Chuck_N_Biskitz [uid=-r2araXommLNgd2kLCOg5MUhQUGYZRsIrQF--_XcIVE=] started vehicle MUSTANG (id=3B390278544F3E0E32959B9A19E75EE0 pos=<2378.709473, 107.912025, 2585.755127>)
09:11:52.984 [VehicleLeave] Player Lets_G0_Brandon [uid=RjqUafmWjW9Q1BHza4n7WoZ_8uUWujoz2w-ciuQaZcs=] left vehicle PONTIAC (rust) (id=53033BB6C3482776050045A700ECE6CE pos=<3891.194336, 54.747005, 1217.821899>)
09:11:59.078 [VehicleLeave] Player wiggy [uid=SgADkNjbGaUs8SauxTNPqYQENYs5GlEGD7NNksMh0hI=] left vehicle PONTIAC (rust) (id=53033BB6C3482776050045A700ECE6CE pos=<3891.194336, 54.747009, 1217.821899>)
09:14:04.722 [BaseRaiding] mmg_locker02_green (<3860.825439, 59.539261, 1220.831909>) Code set by player "wiggy" (ID = "SgADkNjbGaUs8SauxTNPqYQENYs5GlEGD7NNksMh0hI=" at <3859.933594, 59.800838, 1220.925537>) and the code is 7477
09:15:03.542 [Safezone] Player "[BTWF]CMDR-Chuck_N_Biskitz" (id=-r2araXommLNgd2kLCOg5MUhQUGYZRsIrQF--_XcIVE= pos=<4984.032715, 4.464839, 2153.324219>) Entered the safezone
09:15:27.839 [BaseRaiding] ExpansionSafeMedium (<3854.886230, 60.178242, 1219.947754>) player "wiggy" (ID = "SgADkNjbGaUs8SauxTNPqYQENYs5GlEGD7NNksMh0hI=" at <3855.700928, 60.132160, 1220.401367>) failed to enter the correct code.
09:15:27.839 [BaseRaiding] ExpansionSafeMedium (<3854.886230, 60.178242, 1219.947754>) The correct code was 1818 and the player tried 1234
09:15:30.078 [VehicleEngine] Player [BTWF]CMDR-Chuck_N_Biskitz [uid=-r2araXommLNgd2kLCOg5MUhQUGYZRsIrQF--_XcIVE=] stopped vehicle MUSTANG (id=3B390278544F3E0E32959B9A19E75EE0 pos=<4971.887695, 7.974407, 2247.283936>)
09:15:33.664 [VehicleLeave] Player [BTWF]CMDR-Chuck_N_Biskitz [uid=-r2araXommLNgd2kLCOg5MUhQUGYZRsIrQF--_XcIVE=] left vehicle MUSTANG (id=3B390278544F3E0E32959B9A19E75EE0 pos=<4971.887695, 7.974351, 2247.283691>)
09:16:40.230 [VehicleCarKey] Player "[BTWF]CMDR-Chuck_N_Biskitz" (id=-r2araXommLNgd2kLCOg5MUhQUGYZRsIrQF--_XcIVE= pos=<4972.490234, 7.741294, 2245.454590>) used the  ExpansionCarKey to lock MUSTANG (id=3B390278544F3E0E32959B9A19E75EE0 pos=<4971.887695, 7.974421, 2247.283936>)
09:16:51.402 [VehicleDeleted] MUSTANG (id=3B390278544F3E0E32959B9A19E75EE0 pos=<4971.887695, 7.974421, 2247.283936>)
09:16:51.406 [VehicleCover] Player "[BTWF]CMDR-Chuck_N_Biskitz" (id=-r2araXommLNgd2kLCOg5MUhQUGYZRsIrQF--_XcIVE= pos=<4972.494141, 7.737909, 2245.427734>) covered vehicle "MUSTANG" (GlobalID=80000000800000008000000080002B6F pos=<4971.887695, 7.974421, 2247.283936>)!
09:18:43.695 [Expansion Quests] - InitQuestSystemClient - Loaded existing player quest data for player with UID: spMEkRl42onhFHdF_u42e0T03x2sj347kUc600NXdGA=
09:22:38.312 [VehicleEnter] Player wiggy [uid=SgADkNjbGaUs8SauxTNPqYQENYs5GlEGD7NNksMh0hI=] entered vehicle PONTIAC (rust) (id=53033BB6C3482776050045A700ECE6CE pos=<3891.194336, 54.747009, 1217.821899>) as passenger
09:23:08.988 [VehicleEnter] Player Lets_G0_Brandon [uid=RjqUafmWjW9Q1BHza4n7WoZ_8uUWujoz2w-ciuQaZcs=] entered vehicle PONTIAC (rust) (id=53033BB6C3482776050045A700ECE6CE pos=<3891.194092, 54.747009, 1217.822021>) as driver
09:23:12.359 [VehicleEngine] Player Lets_G0_Brandon [uid=RjqUafmWjW9Q1BHza4n7WoZ_8uUWujoz2w-ciuQaZcs=] started vehicle PONTIAC (rust) (id=53033BB6C3482776050045A700ECE6CE pos=<3891.194336, 54.747005, 1217.821899>)
09:25:44.808 [Safezone] Player "wiggy" (id=SgADkNjbGaUs8SauxTNPqYQENYs5GlEGD7NNksMh0hI= pos=<4671.706543, 3.131242, 2244.505615>) Entered the safezone
09:25:44.808 [Safezone] Player "Lets_G0_Brandon" (id=RjqUafmWjW9Q1BHza4n7WoZ_8uUWujoz2w-ciuQaZcs= pos=<4671.445313, 3.129539, 2245.278809>) Entered the safezone
09:25:57.675 [VehicleLeave] Player wiggy [uid=SgADkNjbGaUs8SauxTNPqYQENYs5GlEGD7NNksMh0hI=] left vehicle PONTIAC (rust) (id=53033BB6C3482776050045A700ECE6CE pos=<4749.509766, 6.292253, 2267.147217>)
09:26:03.292 [VehicleLeave] Player Lets_G0_Brandon [uid=RjqUafmWjW9Q1BHza4n7WoZ_8uUWujoz2w-ciuQaZcs=] left vehicle PONTIAC (rust) (id=53033BB6C3482776050045A700ECE6CE pos=<4749.509766, 6.292252, 2267.147217>)
09:28:28.664 [Expansion Quests] - CompleteQuest - Player with UID SgADkNjbGaUs8SauxTNPqYQENYs5GlEGD7NNksMh0hI= has completed quest 58
09:28:43.394 [Market] Player "wiggy" (id=SgADkNjbGaUs8SauxTNPqYQENYs5GlEGD7NNksMh0hI=) has send a requested to sell cp_cannabisbagskunk x1 at the trader "Fishing_Hunting (Helga [HOLLER MARKET])" in market zone "The Holler" (pos=<4864.000000, 0.000000, 2314.000000>).
09:28:43.542 [Market] Player "wiggy" (id=SgADkNjbGaUs8SauxTNPqYQENYs5GlEGD7NNksMh0hI=) has sold cp_cannabisbagskunk x1 at the trader "Fishing_Hunting (Helga [HOLLER MARKET])" in market zone "The Holler" (pos=<4864.000000, 0.000000, 2314.000000>) and got 1000.
09:28:44.519 [Market] Player "wiggy" (id=SgADkNjbGaUs8SauxTNPqYQENYs5GlEGD7NNksMh0hI=) has send a requested to sell cp_cannabisbagskunk x1 at the trader "Fishing_Hunting (Helga [HOLLER MARKET])" in market zone "The Holler" (pos=<4864.000000, 0.000000, 2314.000000>).
09:28:44.648 [Market] Player "wiggy" (id=SgADkNjbGaUs8SauxTNPqYQENYs5GlEGD7NNksMh0hI=) has sold cp_cannabisbagskunk x1 at the trader "Fishing_Hunting (Helga [HOLLER MARKET])" in market zone "The Holler" (pos=<4864.000000, 0.000000, 2314.000000>) and got 1000.
09:28:45.433 [Market] Player "wiggy" (id=SgADkNjbGaUs8SauxTNPqYQENYs5GlEGD7NNksMh0hI=) has send a requested to sell cp_cannabisbagskunk x1 at the trader "Fishing_Hunting (Helga [HOLLER MARKET])" in market zone "The Holler" (pos=<4864.000000, 0.000000, 2314.000000>).
09:28:45.574 [Market] Player "wiggy" (id=SgADkNjbGaUs8SauxTNPqYQENYs5GlEGD7NNksMh0hI=) has sold cp_cannabisbagskunk x1 at the trader "Fishing_Hunting (Helga [HOLLER MARKET])" in market zone "The Holler" (pos=<4864.000000, 0.000000, 2314.000000>) and got 1000.
09:28:49.156 [Market] Player "wiggy" (id=SgADkNjbGaUs8SauxTNPqYQENYs5GlEGD7NNksMh0hI=) has send a requested to sell cp_cannabisbagstardawg x1 at the trader "Fishing_Hunting (Helga [HOLLER MARKET])" in market zone "The Holler" (pos=<4864.000000, 0.000000, 2314.000000>).
09:28:49.285 [Market] Player "wiggy" (id=SgADkNjbGaUs8SauxTNPqYQENYs5GlEGD7NNksMh0hI=) has sold cp_cannabisbagstardawg x1 at the trader "Fishing_Hunting (Helga [HOLLER MARKET])" in market zone "The Holler" (pos=<4864.000000, 0.000000, 2314.000000>) and got 2500.
09:29:02.371 [Market] Player "wiggy" (id=SgADkNjbGaUs8SauxTNPqYQENYs5GlEGD7NNksMh0hI=) has send a requested to purchase purificationtablets x1 from the trader "Fishing_Hunting (Helga [HOLLER MARKET])" in market zone "The Holler" (pos=<4864.000000, 0.000000, 2314.000000>).
09:29:02.500 [Market] Player "wiggy" (id=SgADkNjbGaUs8SauxTNPqYQENYs5GlEGD7NNksMh0hI=) has bought purificationtablets x1 from the trader "Fishing_Hunting (Helga [HOLLER MARKET])" in market zone "The Holler" (pos=<4864.000000, 0.000000, 2314.000000>) for a price of 50.
09:29:30.253 [Market] Player "wiggy" (id=SgADkNjbGaUs8SauxTNPqYQENYs5GlEGD7NNksMh0hI=) has send a requested to purchase expansioncarkey x1 from the trader "Vehicle_Parts (Lewis [VEHICLE PARTS])" in market zone "The Holler" (pos=<4864.000000, 0.000000, 2314.000000>).
09:29:30.375 [Market] Player "wiggy" (id=SgADkNjbGaUs8SauxTNPqYQENYs5GlEGD7NNksMh0hI=) has bought expansioncarkey x1 from the trader "Vehicle_Parts (Lewis [VEHICLE PARTS])" in market zone "The Holler" (pos=<4864.000000, 0.000000, 2314.000000>) for a price of 600.
09:29:34.863 [Market] Player "wiggy" (id=SgADkNjbGaUs8SauxTNPqYQENYs5GlEGD7NNksMh0hI=) has send a requested to purchase sparkplug x1 from the trader "Vehicle_Parts (Lewis [VEHICLE PARTS])" in market zone "The Holler" (pos=<4864.000000, 0.000000, 2314.000000>).
09:29:35.046 [Market] Player "wiggy" (id=SgADkNjbGaUs8SauxTNPqYQENYs5GlEGD7NNksMh0hI=) has bought sparkplug x1 from the trader "Vehicle_Parts (Lewis [VEHICLE PARTS])" in market zone "The Holler" (pos=<4864.000000, 0.000000, 2314.000000>) for a price of 1200.
09:32:01.914 [VehicleCarKey] Player "wiggy" (id=SgADkNjbGaUs8SauxTNPqYQENYs5GlEGD7NNksMh0hI= pos=<4749.541504, 6.362091, 2264.826172>) paired a  ExpansionCarKey to PONTIAC_rust (id=53033BB6C3482776050045A700ECE6CE pos=<4749.509766, 6.292258, 2267.146973>)
09:32:05.601 [VehicleCarKey] Player "wiggy" (id=SgADkNjbGaUs8SauxTNPqYQENYs5GlEGD7NNksMh0hI= pos=<4749.541504, 6.362091, 2264.826172>) used the  ExpansionCarKey to lock PONTIAC_rust (id=53033BB6C3482776050045A700ECE6CE pos=<4749.509766, 6.292258, 2267.146973>)
09:32:07.679 [VehicleCarKey] Player "wiggy" (id=SgADkNjbGaUs8SauxTNPqYQENYs5GlEGD7NNksMh0hI= pos=<4749.541504, 6.362091, 2264.826172>) used the  ExpansionCarKey to unlock PONTIAC_rust (id=53033BB6C3482776050045A700ECE6CE pos=<4749.509766, 6.292258, 2267.146973>)
09:32:14.578 [VehicleCarKey] Player "wiggy" (id=SgADkNjbGaUs8SauxTNPqYQENYs5GlEGD7NNksMh0hI= pos=<4749.541504, 6.362091, 2264.826172>) used the  ExpansionCarKey to lock PONTIAC_rust (id=53033BB6C3482776050045A700ECE6CE pos=<4749.509766, 6.292258, 2267.146973>)
09:32:41.640 [Market] Player "wiggy" (id=SgADkNjbGaUs8SauxTNPqYQENYs5GlEGD7NNksMh0hI=) has send a requested to purchase expansioncarkey x1 from the trader "Vehicle_Parts (Lewis [VEHICLE PARTS])" in market zone "The Holler" (pos=<4864.000000, 0.000000, 2314.000000>).
09:32:41.804 [Market] Player "wiggy" (id=SgADkNjbGaUs8SauxTNPqYQENYs5GlEGD7NNksMh0hI=) has bought expansioncarkey x1 from the trader "Vehicle_Parts (Lewis [VEHICLE PARTS])" in market zone "The Holler" (pos=<4864.000000, 0.000000, 2314.000000>) for a price of 600.
09:33:50.468 [Market] Player "wiggy" (id=SgADkNjbGaUs8SauxTNPqYQENYs5GlEGD7NNksMh0hI=) has send a requested to purchase camonet x1 from the trader "Vehicle_Parts (Lewis [VEHICLE PARTS])" in market zone "The Holler" (pos=<4864.000000, 0.000000, 2314.000000>).
09:33:50.652 [Market] Player "wiggy" (id=SgADkNjbGaUs8SauxTNPqYQENYs5GlEGD7NNksMh0hI=) has bought camonet x1 from the trader "Vehicle_Parts (Lewis [VEHICLE PARTS])" in market zone "The Holler" (pos=<4864.000000, 0.000000, 2314.000000>) for a price of 350.
09:34:03.039 [ATM] Player "Lets_G0_Brandon" (id=RjqUafmWjW9Q1BHza4n7WoZ_8uUWujoz2w-ciuQaZcs=) has withdrawn 40000 from the party "Hard Gits" (partyid=2 | ownerid=RjqUafmWjW9Q1BHza4n7WoZ_8uUWujoz2w-ciuQaZcs=) ATM account.
09:34:08.828 [ATM] Player "wiggy" (id=SgADkNjbGaUs8SauxTNPqYQENYs5GlEGD7NNksMh0hI=) has deposited 2900 on his ATM account.
09:35:25.597 [VehicleDeleted] PONTIAC_rust (id=53033BB6C3482776050045A700ECE6CE pos=<4749.509766, 6.292258, 2267.146973>)
09:35:25.601 [VehicleCover] Player "wiggy" (id=SgADkNjbGaUs8SauxTNPqYQENYs5GlEGD7NNksMh0hI= pos=<4745.139648, 6.329965, 2266.132080>) covered vehicle "PONTIAC_rust" (GlobalID=80000000800000008000000080004DDC pos=<4749.509766, 6.292258, 2267.146973>)!
09:36:20.726 [ATM] Player "Lets_G0_Brandon" (id=RjqUafmWjW9Q1BHza4n7WoZ_8uUWujoz2w-ciuQaZcs=) has withdrawn 10000 from his ATM account.
09:36:58.132 [Market] Player "Lets_G0_Brandon" (id=RjqUafmWjW9Q1BHza4n7WoZ_8uUWujoz2w-ciuQaZcs=) has send a requested to purchase ammobox_9x39ap_20rnd x10 from the trader "Magazines (Oliver [AMMO & MAGAZINES])" in market zone "The Holler" (pos=<4864.000000, 0.000000, 2314.000000>).
09:36:58.421 [Market] Player "Lets_G0_Brandon" (id=RjqUafmWjW9Q1BHza4n7WoZ_8uUWujoz2w-ciuQaZcs=) has bought ammobox_9x39ap_20rnd x10 from the trader "Magazines (Oliver [AMMO & MAGAZINES])" in market zone "The Holler" (pos=<4864.000000, 0.000000, 2314.000000>) for a price of 640.
09:37:33.898 [Market] Player "Lets_G0_Brandon" (id=RjqUafmWjW9Q1BHza4n7WoZ_8uUWujoz2w-ciuQaZcs=) has send a requested to purchase ammobox_762x39_20rnd x10 from the trader "Magazines (Oliver [AMMO & MAGAZINES])" in market zone "The Holler" (pos=<4864.000000, 0.000000, 2314.000000>).
09:37:34.187 [Market] Player "Lets_G0_Brandon" (id=RjqUafmWjW9Q1BHza4n7WoZ_8uUWujoz2w-ciuQaZcs=) has bought ammobox_762x39_20rnd x10 from the trader "Magazines (Oliver [AMMO & MAGAZINES])" in market zone "The Holler" (pos=<4864.000000, 0.000000, 2314.000000>) for a price of 320.
09:37:52.757 [Market] Player "Lets_G0_Brandon" (id=RjqUafmWjW9Q1BHza4n7WoZ_8uUWujoz2w-ciuQaZcs=) has send a requested to purchase ammobox_556x45_20rnd x20 from the trader "Magazines (Oliver [AMMO & MAGAZINES])" in market zone "The Holler" (pos=<4864.000000, 0.000000, 2314.000000>).
09:37:53.046 [Market] Player "Lets_G0_Brandon" (id=RjqUafmWjW9Q1BHza4n7WoZ_8uUWujoz2w-ciuQaZcs=) has bought ammobox_556x45_20rnd x20 from the trader "Magazines (Oliver [AMMO & MAGAZINES])" in market zone "The Holler" (pos=<4864.000000, 0.000000, 2314.000000>) for a price of 640.
09:38:03.820 [ATM] Player "Lets_G0_Brandon" (id=RjqUafmWjW9Q1BHza4n7WoZ_8uUWujoz2w-ciuQaZcs=) has deposited 8400 on his ATM account.
09:40:25.636 [Party] Player "Lets_G0_Brandon" (id=RjqUafmWjW9Q1BHza4n7WoZ_8uUWujoz2w-ciuQaZcs=) left the party "Hard Gits" (id=2 ownerUID=RjqUafmWjW9Q1BHza4n7WoZ_8uUWujoz2w-ciuQaZcs= ownerName=Lets_G0_Brandon)
09:40:30.078 [Party] Player "wiggy" (id=SgADkNjbGaUs8SauxTNPqYQENYs5GlEGD7NNksMh0hI=) left the party "Hard Gits" (id=2 ownerUID=RjqUafmWjW9Q1BHza4n7WoZ_8uUWujoz2w-ciuQaZcs= ownerName=Lets_G0_Brandon)
11:51:10.523 [Safezone] Player "[BTWF]CMDR-Chuck_N_Biskitz" (id=-r2araXommLNgd2kLCOg5MUhQUGYZRsIrQF--_XcIVE= pos=<4972.660645, 7.702849, 2245.077637>) Entered the safezone
11:51:10.531 [Expansion Quests] - InitQuestSystemClient - Loaded existing player quest data for player with UID: -r2araXommLNgd2kLCOg5MUhQUGYZRsIrQF--_XcIVE=
11:51:10.531 [Expansion Quests] - Create new quest instance for quest: 31 - Player UID: -r2araXommLNgd2kLCOg5MUhQUGYZRsIrQF--_XcIVE=
11:51:14.433 [MissionAirdrop] An airdrop is heading towards "Mt Lapithas" (pos=<5540.580078, 0.000000, 4123.680176> type=Random_Mt-Lapithas) with a ExpansionAirdropContainer_Military
11:52:53.156 [Expansion Quests] - CompleteQuest - Player with UID -r2araXommLNgd2kLCOg5MUhQUGYZRsIrQF--_XcIVE= has completed quest 31
11:52:58.652 [Expansion Quests] - CreateQuestInstance - Created new quest instance for with instance key -r2araXommLNgd2kLCOg5MUhQUGYZRsIrQF--_XcIVE= for quest 32
11:53:04.128 [ATM] Player "[BTWF]CMDR-Chuck_N_Biskitz" (id=-r2araXommLNgd2kLCOg5MUhQUGYZRsIrQF--_XcIVE=) has deposited 500 on his ATM account.
11:54:06.316 [VehicleCover] Player "[BTWF]CMDR-Chuck_N_Biskitz" (id=-r2araXommLNgd2kLCOg5MUhQUGYZRsIrQF--_XcIVE= pos=<4972.394043, 7.717773, 2245.338379>) uncovered vehicle "MUSTANG" (GlobalID=80000000800000008000000080002B6F pos=<4971.887695, 7.974421, 2247.283936>)!
11:54:10.882 [VehicleCarKey] Player "[BTWF]CMDR-Chuck_N_Biskitz" (id=-r2araXommLNgd2kLCOg5MUhQUGYZRsIrQF--_XcIVE= pos=<4972.394043, 7.717773, 2245.338379>) used the  ExpansionCarKey to unlock MUSTANG (id=3E9707C7714C68E765ECD0B358992496 pos=<4971.884277, 7.973543, 2247.279785>)
11:54:13.015 [VehicleCarKey] Player "[BTWF]CMDR-Chuck_N_Biskitz" (id=-r2araXommLNgd2kLCOg5MUhQUGYZRsIrQF--_XcIVE= pos=<4972.394043, 7.717773, 2245.338379>) used the  ExpansionCarKey to lock MUSTANG (id=3E9707C7714C68E765ECD0B358992496 pos=<4971.884277, 7.973543, 2247.279785>)
11:54:14.941 [VehicleCarKey] Player "[BTWF]CMDR-Chuck_N_Biskitz" (id=-r2araXommLNgd2kLCOg5MUhQUGYZRsIrQF--_XcIVE= pos=<4972.394043, 7.717773, 2245.338379>) used the  ExpansionCarKey to unlock MUSTANG (id=3E9707C7714C68E765ECD0B358992496 pos=<4971.884277, 7.973543, 2247.279785>)
11:54:21.351 [VehicleEnter] Player [BTWF]CMDR-Chuck_N_Biskitz [uid=-r2araXommLNgd2kLCOg5MUhQUGYZRsIrQF--_XcIVE=] entered vehicle MUSTANG (id=3E9707C7714C68E765ECD0B358992496 pos=<4971.884277, 7.973555, 2247.279785>) as driver
11:54:25.441 [VehicleEngine] Player [BTWF]CMDR-Chuck_N_Biskitz [uid=-r2araXommLNgd2kLCOg5MUhQUGYZRsIrQF--_XcIVE=] started vehicle MUSTANG (Locked) (id=3E9707C7714C68E765ECD0B358992496 pos=<4971.884277, 7.973570, 2247.279785>)
11:54:51.437 [Safezone] Player "[BTWF]CMDR-Chuck_N_Biskitz" (id=-r2araXommLNgd2kLCOg5MUhQUGYZRsIrQF--_XcIVE= pos=<5017.607422, 8.382064, 2011.081177>) Left the safezone
11:55:32.792 [AI Patrol] Spawning 2 Shamans bots at <6370.077637, 26.129999, 2191.795898>
11:58:26.367 [Expansion Quests] - InitQuestSystemClient - Loaded existing player quest data for player with UID: -r2araXommLNgd2kLCOg5MUhQUGYZRsIrQF--_XcIVE=
11:58:26.367 [Expansion Quests] - Create new quest instance for quest: 32 - Player UID: -r2araXommLNgd2kLCOg5MUhQUGYZRsIrQF--_XcIVE=
11:58:32.753 [VehicleCarKey] Player "[BTWF]CMDR-Chuck_N_Biskitz" (id=-r2araXommLNgd2kLCOg5MUhQUGYZRsIrQF--_XcIVE= pos=<5920.317383, 56.173737, 2274.937744>) used the  ExpansionCarKey to unlock MUSTANG (id=3E9707C7714C68E765ECD0B358992496 pos=<5922.001465, 55.899025, 2275.329834>)
11:58:37.789 [VehicleEnter] Player [BTWF]CMDR-Chuck_N_Biskitz [uid=-r2araXommLNgd2kLCOg5MUhQUGYZRsIrQF--_XcIVE=] entered vehicle MUSTANG (id=3E9707C7714C68E765ECD0B358992496 pos=<5922.000977, 55.899132, 2275.329834>) as driver
11:58:39.539 [VehicleEngine] Player [BTWF]CMDR-Chuck_N_Biskitz [uid=-r2araXommLNgd2kLCOg5MUhQUGYZRsIrQF--_XcIVE=] started vehicle MUSTANG (id=3E9707C7714C68E765ECD0B358992496 pos=<5922.000977, 55.899136, 2275.329834>)
