00:02:54.307 [Party] Player "ChaoticBeauty07" (id=aZuey8BZu5enttVf1frXEoSPxF2bH_OE61qSIaeu7J0=) joinded the party "Psychonuats" (id=6 ownerUID=sotoW1_Nk-TTJiiIPsCtS3o5Fa1yZMPYUSJANQxS2rE= ownerName=CrazyBob1027)
00:02:54.325 [Expansion Quests] - InitQuestSystemClient - Loaded existing player quest data for player with UID: aZuey8BZu5enttVf1frXEoSPxF2bH_OE61qSIaeu7J0=
00:02:54.325 [Expansion Quests] - LoadGroupQuestData - Loaded existing group quest data for group with ID: 6
00:02:55.274 [Expansion Quests] - LoadGroupQuestData - Got cached group quest data for group with ID: 6
00:03:45.762 [AI Patrol] Spawning 2 Shamans bots at <4368.703613, 6.517231, 7819.162109>
00:05:50.970 [Expansion Quests] - InitQuestSystemClient - Loaded existing player quest data for player with UID: Rrl_fbFn_s42O_Aa6PvejfU-hx4KTbrqJ7a9ImvhM1Q=
00:05:50.970 [Expansion Quests] - LoadGroupQuestData - Created new persistent group quest data for group with ID: -1
00:05:50.971 [Expansion Quests] - Create new quest instance for quest: 99 - Player UID: Rrl_fbFn_s42O_Aa6PvejfU-hx4KTbrqJ7a9ImvhM1Q=
00:06:21.469 [Expansion Quests] - InitQuestSystemClient - Loaded existing player quest data for player with UID: wEX4z-fmSZYN7FUqd470h64gb-vV0NTESa4CkTAFHcQ=
00:06:21.469 [Expansion Quests] - LoadGroupQuestData - Got cached group quest data for group with ID: -1
00:06:21.469 [Expansion Quests] - Create new quest instance for quest: 99 - Player UID: wEX4z-fmSZYN7FUqd470h64gb-vV0NTESa4CkTAFHcQ=
00:07:34.082 [Party] Player "Capt Chaos" (id=KWl3ojgjStHOe3-iLRChpUG8crsNiNfei3BT6NCIfaw=) joinded the party "dirtydan" (id=3 ownerUID=eZvdqnhxQZeB4Wvp7ko5cFy79bCUMACrCdUKq6S9F3w= ownerName=DirtyDan)
00:07:34.092 [Expansion Quests] - InitQuestSystemClient - Loaded existing player quest data for player with UID: KWl3ojgjStHOe3-iLRChpUG8crsNiNfei3BT6NCIfaw=
00:07:34.093 [Expansion Quests] - LoadGroupQuestData - Loaded existing group quest data for group with ID: 3
00:07:34.097 [AI Patrol] Spawning 2 Shamans bots at <2333.403320, 54.799999, 3022.067871>
00:07:35.051 [Expansion Quests] - LoadGroupQuestData - Got cached group quest data for group with ID: 3
00:08:00.261 [MissionAirdrop] An airdrop is heading towards "Robildo" (pos=<2597.330078, 0.000000, 5918.459961> type=Random_Robildo) with a ExpansionAirdropContainer_Military
00:08:22.961 [Party] Player "DirtyDan" (id=eZvdqnhxQZeB4Wvp7ko5cFy79bCUMACrCdUKq6S9F3w=) joinded the party "dirtydan" (id=3 ownerUID=eZvdqnhxQZeB4Wvp7ko5cFy79bCUMACrCdUKq6S9F3w= ownerName=DirtyDan)
00:08:22.968 [Expansion Quests] - InitQuestSystemClient - Loaded existing player quest data for player with UID: eZvdqnhxQZeB4Wvp7ko5cFy79bCUMACrCdUKq6S9F3w=
00:08:22.968 [Expansion Quests] - LoadGroupQuestData - Got cached group quest data for group with ID: 3
00:08:22.968 [Expansion Quests] - Create new quest instance for quest: 99 - Player UID: eZvdqnhxQZeB4Wvp7ko5cFy79bCUMACrCdUKq6S9F3w=
00:08:23.935 [Expansion Quests] - LoadGroupQuestData - Got cached group quest data for group with ID: 3
00:17:06.737 [Chat - Global]("DirtyDan"(id=eZvdqnhxQZeB4Wvp7ko5cFy79bCUMACrCdUKq6S9F3w=)): made a couple loot runs so far.  Im starting to get overloaded
00:17:14.473 [Chat - Global]("DirtyDan"(id=eZvdqnhxQZeB4Wvp7ko5cFy79bCUMACrCdUKq6S9F3w=)): any one need anything 
00:17:16.954 [Chat - Global]("DirtyDan"(id=eZvdqnhxQZeB4Wvp7ko5cFy79bCUMACrCdUKq6S9F3w=)): ?
00:18:02.087 [Chat - Global]("TheCoffee"(id=Rrl_fbFn_s42O_Aa6PvejfU-hx4KTbrqJ7a9ImvhM1Q=)): dirty dan sounds like a pervert
00:18:08.408 [Chat - Global]("TheCoffee"(id=Rrl_fbFn_s42O_Aa6PvejfU-hx4KTbrqJ7a9ImvhM1Q=)): whatchya got
00:19:21.720 [Chat - Global]("DirtyDan"(id=eZvdqnhxQZeB4Wvp7ko5cFy79bCUMACrCdUKq6S9F3w=)): show me that booty hole .  I have lots of loot.
00:19:50.809 [Party] Player "Capt Chaos" (id=KWl3ojgjStHOe3-iLRChpUG8crsNiNfei3BT6NCIfaw=) joinded the party "dirtydan" (id=3 ownerUID=eZvdqnhxQZeB4Wvp7ko5cFy79bCUMACrCdUKq6S9F3w= ownerName=DirtyDan)
00:19:51.803 [Expansion Quests] - LoadGroupQuestData - Got cached group quest data for group with ID: 3
00:20:43.763 [AI Patrol] Spawning 2 Shamans bots at <4415.941895, 27.218615, 7189.656250>
00:20:49.045 [Chat - Global]("DirtyDan"(id=eZvdqnhxQZeB4Wvp7ko5cFy79bCUMACrCdUKq6S9F3w=)): What you looking for coffee.  
00:23:23.701 [AI Patrol] Spawning 2 Shamans bots at <2634.291992, 43.939999, 5790.035645>
00:44:28.267 [Expansion Quests] - InitQuestSystemClient - Created new persistent player quest data for player UID: s7vJf2NuCNme1MUM_sgLr2G3yzcxYg10pO0s-GAKExM=
00:44:28.267 [Expansion Quests] - LoadGroupQuestData - Got cached group quest data for group with ID: -1
00:44:37.975 [Party] Player "Capt Chaos" (id=KWl3ojgjStHOe3-iLRChpUG8crsNiNfei3BT6NCIfaw=) invited the player "MaxCaliber" (id=s7vJf2NuCNme1MUM_sgLr2G3yzcxYg10pO0s-GAKExM=)to the party named dirtydan
00:44:49.154 [Party] Player "MaxCaliber" (id=s7vJf2NuCNme1MUM_sgLr2G3yzcxYg10pO0s-GAKExM=) joinded the party "dirtydan" (id=3 ownerUID=eZvdqnhxQZeB4Wvp7ko5cFy79bCUMACrCdUKq6S9F3w= ownerName=DirtyDan)
00:44:50.154 [Expansion Quests] - LoadGroupQuestData - Got cached group quest data for group with ID: 3
00:45:19.969 [Killfeed] Capt Chaos got killed by DirtyDan with P1 from a distance of 2 m.
00:45:49.739 [Party] Player "Capt Chaos" (id=KWl3ojgjStHOe3-iLRChpUG8crsNiNfei3BT6NCIfaw=) joinded the party "dirtydan" (id=3 ownerUID=eZvdqnhxQZeB4Wvp7ko5cFy79bCUMACrCdUKq6S9F3w= ownerName=DirtyDan)
00:45:50.733 [Expansion Quests] - LoadGroupQuestData - Got cached group quest data for group with ID: 3
00:46:24.110 [Party] Player "Capt Chaos" (id=KWl3ojgjStHOe3-iLRChpUG8crsNiNfei3BT6NCIfaw=) left the party "dirtydan" (id=3 ownerUID=eZvdqnhxQZeB4Wvp7ko5cFy79bCUMACrCdUKq6S9F3w= ownerName=DirtyDan)
00:48:49.871 [AI Patrol] Spawning 2 Shamans bots at <6768.317871, 19.120001, 3687.398193>
00:49:41.140 [Party] Player "Capt Chaos" (id=KWl3ojgjStHOe3-iLRChpUG8crsNiNfei3BT6NCIfaw=) joinded the party "dirtydan" (id=3 ownerUID=eZvdqnhxQZeB4Wvp7ko5cFy79bCUMACrCdUKq6S9F3w= ownerName=DirtyDan)
00:49:41.148 [Expansion Quests] - InitQuestSystemClient - Loaded existing player quest data for player with UID: KWl3ojgjStHOe3-iLRChpUG8crsNiNfei3BT6NCIfaw=
00:49:41.148 [Expansion Quests] - LoadGroupQuestData - Got cached group quest data for group with ID: 3
00:49:42.132 [Expansion Quests] - LoadGroupQuestData - Got cached group quest data for group with ID: 3
00:54:48.585 [AI Patrol] Spawning 2 Shamans bots at <6010.551270, 26.129999, 1823.194580>
00:58:30.066 [Expansion Quests] - InitQuestSystemClient - Created new persistent player quest data for player UID: bC70QO8GDuo3Fq8pM5pUwI_6Df1bwi-e20Qeu3FiLVI=
00:58:30.066 [Expansion Quests] - LoadGroupQuestData - Got cached group quest data for group with ID: -1
00:58:36.472 [Safezone] Player "Lets_G0_Brandon" (id=RjqUafmWjW9Q1BHza4n7WoZ_8uUWujoz2w-ciuQaZcs= pos=<4729.518066, 7.788664, 2273.820313>) Entered the safezone
00:58:36.473 [Party] Player "Lets_G0_Brandon" (id=RjqUafmWjW9Q1BHza4n7WoZ_8uUWujoz2w-ciuQaZcs=) joinded the party "Gits" (id=4 ownerUID=RjqUafmWjW9Q1BHza4n7WoZ_8uUWujoz2w-ciuQaZcs= ownerName=Slightly Crazed)
00:58:36.484 [Expansion Quests] - InitQuestSystemClient - Loaded existing player quest data for player with UID: RjqUafmWjW9Q1BHza4n7WoZ_8uUWujoz2w-ciuQaZcs=
00:58:36.484 [Expansion Quests] - LoadGroupQuestData - Loaded existing group quest data for group with ID: 4
00:58:36.489 [AI Patrol] Spawning 2 Shamans bots at <4772.699707, 47.442482, 1390.952393>
00:58:37.412 [Expansion Quests] - LoadGroupQuestData - Got cached group quest data for group with ID: 4
01:04:01.838 [VehicleCover] Player "Lets_G0_Brandon" (id=RjqUafmWjW9Q1BHza4n7WoZ_8uUWujoz2w-ciuQaZcs= pos=<4763.479492, 6.508191, 2348.831299>) uncovered vehicle "HAMMER_H1_black_rust" (GlobalID=80000000800000008000000080000750 pos=<4763.296387, 6.353755, 2351.842285>)!
01:04:16.858 [VehicleCarKey] Player "Lets_G0_Brandon" (id=RjqUafmWjW9Q1BHza4n7WoZ_8uUWujoz2w-ciuQaZcs= pos=<4763.691895, 6.442687, 2349.952393>) used the  ExpansionCarKey to unlock HAMMER_H1_black_rust (id=41C8F3D51F434120DADFADA53E57CF70 pos=<4763.297363, 6.353600, 2351.844482>)
01:14:49.708 [VehicleCarKey] Player "Lets_G0_Brandon" (id=RjqUafmWjW9Q1BHza4n7WoZ_8uUWujoz2w-ciuQaZcs= pos=<4764.952637, 6.387991, 2350.357910>) used the  ExpansionCarKey to lock HAMMER_H1_black_rust (id=41C8F3D51F434120DADFADA53E57CF70 pos=<4763.297363, 6.353600, 2351.844482>)
01:14:53.999 [VehicleCarKey] Player "Lets_G0_Brandon" (id=RjqUafmWjW9Q1BHza4n7WoZ_8uUWujoz2w-ciuQaZcs= pos=<4766.546387, 6.189058, 2352.066895>) used the  ExpansionCarKey to unlock HAMMER_H1_black_rust (id=41C8F3D51F434120DADFADA53E57CF70 pos=<4763.297363, 6.353600, 2351.844482>)
01:14:59.395 [VehicleCarKey] Player "Lets_G0_Brandon" (id=RjqUafmWjW9Q1BHza4n7WoZ_8uUWujoz2w-ciuQaZcs= pos=<4766.031250, 6.164283, 2353.437256>) used the  ExpansionCarKey to lock HAMMER_H1_black_rust (id=41C8F3D51F434120DADFADA53E57CF70 pos=<4763.297363, 6.353600, 2351.844482>)
01:15:12.878 [VehicleDeleted] HAMMER_H1_black_rust (id=41C8F3D51F434120DADFADA53E57CF70 pos=<4763.297363, 6.353600, 2351.844482>)
01:15:12.878 [VehicleCover] Player "Lets_G0_Brandon" (id=RjqUafmWjW9Q1BHza4n7WoZ_8uUWujoz2w-ciuQaZcs= pos=<4766.088379, 6.159986, 2353.473145>) covered vehicle "HAMMER_H1_black_rust" (GlobalID=80000000800000008000000080000750 pos=<4763.297363, 6.353600, 2351.844482>)!
01:16:24.960 [Party] Player "CrazyBob1027" (id=sotoW1_Nk-TTJiiIPsCtS3o5Fa1yZMPYUSJANQxS2rE=) joinded the party "Psychonuats" (id=6 ownerUID=sotoW1_Nk-TTJiiIPsCtS3o5Fa1yZMPYUSJANQxS2rE= ownerName=CrazyBob1027)
01:16:24.970 [Expansion Quests] - InitQuestSystemClient - Loaded existing player quest data for player with UID: sotoW1_Nk-TTJiiIPsCtS3o5Fa1yZMPYUSJANQxS2rE=
01:16:24.970 [Expansion Quests] - LoadGroupQuestData - Got cached group quest data for group with ID: 6
01:16:25.919 [Expansion Quests] - LoadGroupQuestData - Got cached group quest data for group with ID: 6
01:17:42.842 [ATM] Player "Lets_G0_Brandon" (id=RjqUafmWjW9Q1BHza4n7WoZ_8uUWujoz2w-ciuQaZcs=) has deposited 1000 on his ATM account.
01:17:52.910 [AI Patrol] Spawning 2 Shamans bots at <7608.666504, 26.129999, 1851.229248>
01:18:43.538 [Party] Player "Lets_G0_Brandon" (id=RjqUafmWjW9Q1BHza4n7WoZ_8uUWujoz2w-ciuQaZcs=) left the party "Gits" (id=4 ownerUID=RjqUafmWjW9Q1BHza4n7WoZ_8uUWujoz2w-ciuQaZcs= ownerName=Slightly Crazed)
01:30:11.674 [ExplosionDamageSystem] About to explode LandFuelFeed_Ammo from Land_FuelStation_Feed_Enoch<614a7630> at <2698.78, 44.98, 5955.27> EXPLOSION range 20 dropoff 5
01:33:44.045 [Chat - Global]("DirtyDan"(id=eZvdqnhxQZeB4Wvp7ko5cFy79bCUMACrCdUKq6S9F3w=)): hell ya!!
01:33:52.021 [Chat - Global]("DirtyDan"(id=eZvdqnhxQZeB4Wvp7ko5cFy79bCUMACrCdUKq6S9F3w=)): get em boys
01:34:04.822 [Chat - Global]("DirtyDan"(id=eZvdqnhxQZeB4Wvp7ko5cFy79bCUMACrCdUKq6S9F3w=)): just over to the right
01:34:59.296 [MissionAirdrop] An airdrop is heading towards "the Mine" (pos=<3056.280029, 0.000000, 1123.099976> type=Random_Mine) with a ExpansionAirdropContainer
02:05:24.284 [Party] Player "ChaoticBeauty07" (id=aZuey8BZu5enttVf1frXEoSPxF2bH_OE61qSIaeu7J0=) joinded the party "Psychonuats" (id=6 ownerUID=sotoW1_Nk-TTJiiIPsCtS3o5Fa1yZMPYUSJANQxS2rE= ownerName=CrazyBob1027)
02:05:25.277 [Expansion Quests] - LoadGroupQuestData - Got cached group quest data for group with ID: 6
02:06:24.015 [ExplosionDamageSystem] About to explode LandFuelFeed_Ammo from Land_FuelStation_Feed_Enoch<5a21a350> at <4064.03, 16.74, 7207.26> EXPLOSION range 20 dropoff 5
02:24:49.275 [Killfeed] pepper got killed by DirtyDan with CR-527 from a distance of 23 m.
02:27:24.420 [Chat - Global]("DirtyDan"(id=eZvdqnhxQZeB4Wvp7ko5cFy79bCUMACrCdUKq6S9F3w=)): you can come get your shit pepper  
02:27:32.102 [Chat - Global]("DirtyDan"(id=eZvdqnhxQZeB4Wvp7ko5cFy79bCUMACrCdUKq6S9F3w=)): we are done looting you 
02:29:25.847 [Chat - Global]("DirtyDan"(id=eZvdqnhxQZeB4Wvp7ko5cFy79bCUMACrCdUKq6S9F3w=)): w
02:42:02.995 [Party] Player "ChaoticBeauty07" (id=aZuey8BZu5enttVf1frXEoSPxF2bH_OE61qSIaeu7J0=) joinded the party "Psychonuats" (id=6 ownerUID=sotoW1_Nk-TTJiiIPsCtS3o5Fa1yZMPYUSJANQxS2rE= ownerName=CrazyBob1027)
02:42:03.988 [Expansion Quests] - LoadGroupQuestData - Got cached group quest data for group with ID: 6
02:50:06.264 [Chat - Global]("DirtyDan"(id=eZvdqnhxQZeB4Wvp7ko5cFy79bCUMACrCdUKq6S9F3w=)): who has a flag just east of Cassandra
02:55:03.886 [Chat - Global]("DirtyDan"(id=eZvdqnhxQZeB4Wvp7ko5cFy79bCUMACrCdUKq6S9F3w=)): yo bob are you afk 
02:55:30.057 [Chat - Global]("CrazyBob1027"(id=sotoW1_Nk-TTJiiIPsCtS3o5Fa1yZMPYUSJANQxS2rE=)): nope
02:56:11.927 [Chat - Global]("DirtyDan"(id=eZvdqnhxQZeB4Wvp7ko5cFy79bCUMACrCdUKq6S9F3w=)): do you want to make an alliance
02:56:42.885 [Chat - Global]("CrazyBob1027"(id=sotoW1_Nk-TTJiiIPsCtS3o5Fa1yZMPYUSJANQxS2rE=)): let me ask my girlfriend
02:57:08.063 [Chat - Global]("DirtyDan"(id=eZvdqnhxQZeB4Wvp7ko5cFy79bCUMACrCdUKq6S9F3w=)): nevermind lol
02:57:16.153 [Chat - Global]("CrazyBob1027"(id=sotoW1_Nk-TTJiiIPsCtS3o5Fa1yZMPYUSJANQxS2rE=)): LMAOOO
03:00:30.301 [MissionAirdrop] An airdrop is heading towards "Airfield" (pos=<6791.240234, 0.000000, 2116.860107> type=Random_Airfield) with a ExpansionAirdropContainer
03:26:16.749 [Chat - Global]("DirtyDan"(id=eZvdqnhxQZeB4Wvp7ko5cFy79bCUMACrCdUKq6S9F3w=)): who wants it
03:32:05.061 [Chat - Global]("DirtyDan"(id=eZvdqnhxQZeB4Wvp7ko5cFy79bCUMACrCdUKq6S9F3w=)): but for real i see yall on.  if yall want to trade for anything let me know
03:32:38.986 [Chat - Global]("CrazyBob1027"(id=sotoW1_Nk-TTJiiIPsCtS3o5Fa1yZMPYUSJANQxS2rE=)): ok sounds good but only in safe zone =]
03:32:55.697 [Chat - Global]("DirtyDan"(id=eZvdqnhxQZeB4Wvp7ko5cFy79bCUMACrCdUKq6S9F3w=)): lol
03:34:10.350 [Party] Player "ChaoticBeauty07" (id=aZuey8BZu5enttVf1frXEoSPxF2bH_OE61qSIaeu7J0=) left the party "Psychonuats" (id=6 ownerUID=sotoW1_Nk-TTJiiIPsCtS3o5Fa1yZMPYUSJANQxS2rE= ownerName=CrazyBob1027)
03:35:51.997 [Party] Player "ChaoticBeauty07" (id=aZuey8BZu5enttVf1frXEoSPxF2bH_OE61qSIaeu7J0=) joinded the party "Psychonuats" (id=6 ownerUID=sotoW1_Nk-TTJiiIPsCtS3o5Fa1yZMPYUSJANQxS2rE= ownerName=CrazyBob1027)
03:35:52.004 [Expansion Quests] - InitQuestSystemClient - Loaded existing player quest data for player with UID: aZuey8BZu5enttVf1frXEoSPxF2bH_OE61qSIaeu7J0=
03:35:52.004 [Expansion Quests] - LoadGroupQuestData - Got cached group quest data for group with ID: 6
03:35:52.970 [Expansion Quests] - LoadGroupQuestData - Got cached group quest data for group with ID: 6
04:01:21.729 [Party] Player "ChaoticBeauty07" (id=aZuey8BZu5enttVf1frXEoSPxF2bH_OE61qSIaeu7J0=) left the party "Psychonuats" (id=6 ownerUID=sotoW1_Nk-TTJiiIPsCtS3o5Fa1yZMPYUSJANQxS2rE= ownerName=CrazyBob1027)
04:01:31.678 [Party] Player "CrazyBob1027" (id=sotoW1_Nk-TTJiiIPsCtS3o5Fa1yZMPYUSJANQxS2rE=) left the party "Psychonuats" (id=6 ownerUID=sotoW1_Nk-TTJiiIPsCtS3o5Fa1yZMPYUSJANQxS2rE= ownerName=CrazyBob1027)
04:05:37.953 [Party] Player "MaxCaliber" (id=s7vJf2NuCNme1MUM_sgLr2G3yzcxYg10pO0s-GAKExM=) left the party "dirtydan" (id=3 ownerUID=eZvdqnhxQZeB4Wvp7ko5cFy79bCUMACrCdUKq6S9F3w= ownerName=DirtyDan)
04:06:02.842 [Party] Player "DirtyDan" (id=eZvdqnhxQZeB4Wvp7ko5cFy79bCUMACrCdUKq6S9F3w=) left the party "dirtydan" (id=3 ownerUID=eZvdqnhxQZeB4Wvp7ko5cFy79bCUMACrCdUKq6S9F3w= ownerName=DirtyDan)
04:06:22.359 [Party] Player "Capt Chaos" (id=KWl3ojgjStHOe3-iLRChpUG8crsNiNfei3BT6NCIfaw=) left the party "dirtydan" (id=3 ownerUID=eZvdqnhxQZeB4Wvp7ko5cFy79bCUMACrCdUKq6S9F3w= ownerName=DirtyDan)
