14:42:40.601 [Party] Player "brailsford40" (id=HQAtXFe6fZZL90M2CD_a22otF9NJ2s4t7n-ol5BAu6o=) joinded the party "DIE HARD" (id=10 ownerUID=JmVdSu0kzNbOpwjpFV-MDcMB-Equ3yPY-l-COMb6HgY= ownerName=Nick Leadbeatter)
14:42:40.617 [Expansion Quests] - InitQuestSystemClient - Loaded existing player quest data for player with UID: HQAtXFe6fZZL90M2CD_a22otF9NJ2s4t7n-ol5BAu6o=
14:42:40.617 [Expansion Quests] - LoadGroupQuestData - Loaded existing group quest data for group with ID: 10
14:42:40.617 [Expansion Quests] - Create new quest instance for quest: 7 - Player UID: HQAtXFe6fZZL90M2CD_a22otF9NJ2s4t7n-ol5BAu6o=
14:42:41.570 [Expansion Quests] - LoadGroupQuestData - Got cached group quest data for group with ID: 10
14:47:46.871 [MissionAirdrop] An airdrop is heading towards "the Mine" (pos=<3056.280029, 0.000000, 1123.099976> type=Random_Mine) with a ExpansionAirdropContainer_Military
15:18:50.292 [Safezone] Player "Nick Leadbeatter" (id=JmVdSu0kzNbOpwjpFV-MDcMB-Equ3yPY-l-COMb6HgY= pos=<4803.442383, 5.897858, 2247.353516>) Entered the safezone
15:18:50.292 [Party] Player "Nick Leadbeatter" (id=JmVdSu0kzNbOpwjpFV-MDcMB-Equ3yPY-l-COMb6HgY=) joinded the party "DIE HARD" (id=10 ownerUID=JmVdSu0kzNbOpwjpFV-MDcMB-Equ3yPY-l-COMb6HgY= ownerName=Nick Leadbeatter)
15:18:50.300 [Expansion Quests] - InitQuestSystemClient - Loaded existing player quest data for player with UID: JmVdSu0kzNbOpwjpFV-MDcMB-Equ3yPY-l-COMb6HgY=
15:18:50.304 [Expansion Quests] - LoadGroupQuestData - Got cached group quest data for group with ID: 10
15:18:50.304 [AI Patrol] Spawning 2 Shamans bots at <4825.462891, 47.851307, 1352.522949>
15:18:51.242 [Expansion Quests] - LoadGroupQuestData - Got cached group quest data for group with ID: 10
15:19:15.066 [VehicleCover] Player "Nick Leadbeatter" (id=JmVdSu0kzNbOpwjpFV-MDcMB-Equ3yPY-l-COMb6HgY= pos=<4822.350098, 6.322499, 2253.254395>) uncovered vehicle "Nissan_warrior" (GlobalID=800000008000000080000000800058F2 pos=<4823.439453, 6.405407, 2254.810303>)!
15:19:27.234 [VehicleCarKey] Player "Nick Leadbeatter" (id=JmVdSu0kzNbOpwjpFV-MDcMB-Equ3yPY-l-COMb6HgY= pos=<4822.178223, 6.332568, 2252.876953>) used the  ExpansionCarKey to unlock Nissan_warrior (id=8D5DE856204591DB02C763855E8F80D2 pos=<4823.439941, 6.405393, 2254.810303>)
15:20:17.722 [ATM] Player "Nick Leadbeatter" (id=JmVdSu0kzNbOpwjpFV-MDcMB-Equ3yPY-l-COMb6HgY=) has withdrawn 1000 from the party "DIE HARD" (partyid=10 | ownerid=JmVdSu0kzNbOpwjpFV-MDcMB-Equ3yPY-l-COMb6HgY=) ATM account.
15:20:19.085 [ATM] Player "Nick Leadbeatter" (id=JmVdSu0kzNbOpwjpFV-MDcMB-Equ3yPY-l-COMb6HgY=) has withdrawn 1000 from his ATM account.
15:20:32.929 [Market] Player "Nick Leadbeatter" (id=JmVdSu0kzNbOpwjpFV-MDcMB-Equ3yPY-l-COMb6HgY=) has send a requested to purchase carbattery x1 from the trader "Vehicle_Parts (Lewis [VEHICLE PARTS])" in market zone "The Holler" (pos=<4864.000000, 0.000000, 2314.000000>).
15:20:33.125 [Market] Player "Nick Leadbeatter" (id=JmVdSu0kzNbOpwjpFV-MDcMB-Equ3yPY-l-COMb6HgY=) has bought carbattery x1 from the trader "Vehicle_Parts (Lewis [VEHICLE PARTS])" in market zone "The Holler" (pos=<4864.000000, 0.000000, 2314.000000>) for a price of 1000.
15:20:51.238 [ATM] Player "Nick Leadbeatter" (id=JmVdSu0kzNbOpwjpFV-MDcMB-Equ3yPY-l-COMb6HgY=) has withdrawn 1000 from the party "DIE HARD" (partyid=10 | ownerid=JmVdSu0kzNbOpwjpFV-MDcMB-Equ3yPY-l-COMb6HgY=) ATM account.
15:20:55.390 [ATM] Player "Nick Leadbeatter" (id=JmVdSu0kzNbOpwjpFV-MDcMB-Equ3yPY-l-COMb6HgY=) has withdrawn 1000 from his ATM account.
15:21:07.539 [Market] Player "Nick Leadbeatter" (id=JmVdSu0kzNbOpwjpFV-MDcMB-Equ3yPY-l-COMb6HgY=) has send a requested to purchase carbattery x1 from the trader "Vehicle_Parts (Lewis [VEHICLE PARTS])" in market zone "The Holler" (pos=<4864.000000, 0.000000, 2314.000000>).
15:21:07.738 [Market] Player "Nick Leadbeatter" (id=JmVdSu0kzNbOpwjpFV-MDcMB-Equ3yPY-l-COMb6HgY=) has bought carbattery x1 from the trader "Vehicle_Parts (Lewis [VEHICLE PARTS])" in market zone "The Holler" (pos=<4864.000000, 0.000000, 2314.000000>) for a price of 1000.
15:21:31.621 [ATM] Player "Nick Leadbeatter" (id=JmVdSu0kzNbOpwjpFV-MDcMB-Equ3yPY-l-COMb6HgY=) has withdrawn 250 from the party "DIE HARD" (partyid=10 | ownerid=JmVdSu0kzNbOpwjpFV-MDcMB-Equ3yPY-l-COMb6HgY=) ATM account.
15:21:34.757 [ATM] Player "Nick Leadbeatter" (id=JmVdSu0kzNbOpwjpFV-MDcMB-Equ3yPY-l-COMb6HgY=) has withdrawn 250 from his ATM account.
15:22:06.089 [ATM] Player "Nick Leadbeatter" (id=JmVdSu0kzNbOpwjpFV-MDcMB-Equ3yPY-l-COMb6HgY=) has withdrawn 350 from the party "DIE HARD" (partyid=10 | ownerid=JmVdSu0kzNbOpwjpFV-MDcMB-Equ3yPY-l-COMb6HgY=) ATM account.
15:22:07.781 [ATM] Player "Nick Leadbeatter" (id=JmVdSu0kzNbOpwjpFV-MDcMB-Equ3yPY-l-COMb6HgY=) has withdrawn 350 from his ATM account.
15:22:21.011 [Market] Player "Nick Leadbeatter" (id=JmVdSu0kzNbOpwjpFV-MDcMB-Equ3yPY-l-COMb6HgY=) has send a requested to purchase expansioncarkey x1 from the trader "Vehicle_Parts (Lewis [VEHICLE PARTS])" in market zone "The Holler" (pos=<4864.000000, 0.000000, 2314.000000>).
15:22:21.164 [Market] Player "Nick Leadbeatter" (id=JmVdSu0kzNbOpwjpFV-MDcMB-Equ3yPY-l-COMb6HgY=) has bought expansioncarkey x1 from the trader "Vehicle_Parts (Lewis [VEHICLE PARTS])" in market zone "The Holler" (pos=<4864.000000, 0.000000, 2314.000000>) for a price of 600.
15:22:42.195 [VehicleCarKey] Player "Nick Leadbeatter" (id=JmVdSu0kzNbOpwjpFV-MDcMB-Equ3yPY-l-COMb6HgY= pos=<4827.432129, 6.322500, 2253.939209>) used the  ExpansionCarKey to lock Nissan_warrior (id=8D5DE856204591DB02C763855E8F80D2 pos=<4823.439941, 6.405393, 2254.810303>)
15:23:05.550 [VehicleCarKey] Player "Nick Leadbeatter" (id=JmVdSu0kzNbOpwjpFV-MDcMB-Equ3yPY-l-COMb6HgY= pos=<4823.966797, 6.322500, 2256.124512>) used the  ExpansionCarKey to unlock Nissan_warrior (id=8D5DE856204591DB02C763855E8F80D2 pos=<4823.439941, 6.405393, 2254.810303>)
15:26:13.183 [VehicleAttachments] Player Nick Leadbeatter (uid=JmVdSu0kzNbOpwjpFV-MDcMB-Equ3yPY-l-COMb6HgY=) detached Car Battery (type=CarBattery) from vehicle Nissan warrior(id=8D5DE856204591DB02C763855E8F80D2 pos=<4823.439941, 6.405393, 2254.810303>)
15:26:37.898 [VehicleEnter] Player Nick Leadbeatter [uid=JmVdSu0kzNbOpwjpFV-MDcMB-Equ3yPY-l-COMb6HgY=] entered vehicle Nissan warrior (id=8D5DE856204591DB02C763855E8F80D2 pos=<4823.439941, 6.405409, 2254.811523>) as driver
15:26:45.558 [VehicleEngine] Player Nick Leadbeatter [uid=JmVdSu0kzNbOpwjpFV-MDcMB-Equ3yPY-l-COMb6HgY=] started vehicle Nissan warrior (id=8D5DE856204591DB02C763855E8F80D2 pos=<4823.439941, 6.405408, 2254.812012>)
15:27:43.320 [Safezone] Player "Nick Leadbeatter" (id=JmVdSu0kzNbOpwjpFV-MDcMB-Equ3yPY-l-COMb6HgY= pos=<4722.949707, 4.050510, 2579.059570>) Left the safezone
15:31:32.054 [VehicleEnter] Player brailsford40 [uid=HQAtXFe6fZZL90M2CD_a22otF9NJ2s4t7n-ol5BAu6o=] entered vehicle Nissan warrior (id=8D5DE856204591DB02C763855E8F80D2 pos=<4061.652344, 10.520257, 4119.639160>) as passenger
15:32:55.832 [VehicleLeave] Player brailsford40 [uid=HQAtXFe6fZZL90M2CD_a22otF9NJ2s4t7n-ol5BAu6o=] left vehicle Nissan warrior (id=8D5DE856204591DB02C763855E8F80D2 pos=<3843.591553, 12.203369, 4510.864258>)
15:33:16.304 [VehicleEnter] Player brailsford40 [uid=HQAtXFe6fZZL90M2CD_a22otF9NJ2s4t7n-ol5BAu6o=] entered vehicle Nissan warrior (id=8D5DE856204591DB02C763855E8F80D2 pos=<3843.590088, 12.203321, 4510.865723>) as passenger
15:37:33.601 [VehicleLeave] Player brailsford40 [uid=HQAtXFe6fZZL90M2CD_a22otF9NJ2s4t7n-ol5BAu6o=] left vehicle Nissan warrior (id=8D5DE856204591DB02C763855E8F80D2 pos=<4046.824951, 25.352467, 4463.933105>)
15:38:08.140 [VehicleEngine] Player Nick Leadbeatter [uid=JmVdSu0kzNbOpwjpFV-MDcMB-Equ3yPY-l-COMb6HgY=] stopped vehicle Nissan warrior (id=8D5DE856204591DB02C763855E8F80D2 pos=<4046.823242, 25.352461, 4463.934570>)
15:38:12.562 [VehicleLeave] Player Nick Leadbeatter [uid=JmVdSu0kzNbOpwjpFV-MDcMB-Equ3yPY-l-COMb6HgY=] left vehicle Nissan warrior (id=8D5DE856204591DB02C763855E8F80D2 pos=<4046.825195, 25.352470, 4463.932617>)
15:40:44.296 [VehicleCarKey] Player "Nick Leadbeatter" (id=JmVdSu0kzNbOpwjpFV-MDcMB-Equ3yPY-l-COMb6HgY= pos=<4047.017334, 27.226212, 4464.401855>) used the  ExpansionCarKey to lock Nissan_warrior (id=8D5DE856204591DB02C763855E8F80D2 pos=<4046.825195, 25.352472, 4463.932617>)
15:55:44.500 [VehicleCarKey] Player "brailsford40" (id=HQAtXFe6fZZL90M2CD_a22otF9NJ2s4t7n-ol5BAu6o= pos=<4048.509033, 25.273724, 4462.320801>) used the  ExpansionCarKey to unlock Nissan_warrior (id=8D5DE856204591DB02C763855E8F80D2 pos=<4046.825195, 25.352472, 4463.932617>)
15:56:13.875 [VehicleCarKey] Player "brailsford40" (id=HQAtXFe6fZZL90M2CD_a22otF9NJ2s4t7n-ol5BAu6o= pos=<4046.022949, 25.267519, 4465.013184>) used the  ExpansionCarKey to lock Nissan_warrior (id=8D5DE856204591DB02C763855E8F80D2 pos=<4046.825195, 25.352472, 4463.932617>)
15:56:18.968 [VehicleCarKey] Player "brailsford40" (id=HQAtXFe6fZZL90M2CD_a22otF9NJ2s4t7n-ol5BAu6o= pos=<4046.509033, 25.268772, 4465.310547>) used the  ExpansionCarKey to unlock Nissan_warrior (id=8D5DE856204591DB02C763855E8F80D2 pos=<4046.825195, 25.352472, 4463.932617>)
15:56:22.523 [VehicleEnter] Player Nick Leadbeatter [uid=JmVdSu0kzNbOpwjpFV-MDcMB-Equ3yPY-l-COMb6HgY=] entered vehicle Nissan warrior (id=8D5DE856204591DB02C763855E8F80D2 pos=<4046.825195, 25.352472, 4463.932617>) as passenger
15:56:25.441 [VehicleEnter] Player brailsford40 [uid=HQAtXFe6fZZL90M2CD_a22otF9NJ2s4t7n-ol5BAu6o=] entered vehicle Nissan warrior (id=8D5DE856204591DB02C763855E8F80D2 pos=<4046.825928, 25.352472, 4463.932129>) as driver
15:58:03.539 [VehicleLeave] Player brailsford40 [uid=HQAtXFe6fZZL90M2CD_a22otF9NJ2s4t7n-ol5BAu6o=] left vehicle Nissan warrior (id=8D5DE856204591DB02C763855E8F80D2 pos=<4046.825928, 25.352470, 4463.932129>)
15:58:18.136 [VehicleCarKey] Player "brailsford40" (id=HQAtXFe6fZZL90M2CD_a22otF9NJ2s4t7n-ol5BAu6o= pos=<4046.217773, 25.268034, 4465.154785>) used the  ExpansionCarKey to lock Nissan_warrior (id=8D5DE856204591DB02C763855E8F80D2 pos=<4046.823975, 25.352463, 4463.934082>)
15:58:20.902 [VehicleCarKey] Player "brailsford40" (id=HQAtXFe6fZZL90M2CD_a22otF9NJ2s4t7n-ol5BAu6o= pos=<4046.217773, 25.268034, 4465.154785>) used the  ExpansionCarKey to unlock Nissan_warrior (id=8D5DE856204591DB02C763855E8F80D2 pos=<4046.823975, 25.352463, 4463.934082>)
15:58:24.339 [VehicleEnter] Player brailsford40 [uid=HQAtXFe6fZZL90M2CD_a22otF9NJ2s4t7n-ol5BAu6o=] entered vehicle Nissan warrior (id=8D5DE856204591DB02C763855E8F80D2 pos=<4046.823242, 25.352461, 4463.934570>) as driver
15:58:39.421 [VehicleLeave] Player brailsford40 [uid=HQAtXFe6fZZL90M2CD_a22otF9NJ2s4t7n-ol5BAu6o=] left vehicle Nissan warrior (id=8D5DE856204591DB02C763855E8F80D2 pos=<4046.823730, 25.352461, 4463.934082>)
15:58:41.640 [VehicleLeave] Player Nick Leadbeatter [uid=JmVdSu0kzNbOpwjpFV-MDcMB-Equ3yPY-l-COMb6HgY=] left vehicle Nissan warrior (id=8D5DE856204591DB02C763855E8F80D2 pos=<4046.823242, 25.352461, 4463.934570>)
15:58:54.218 [VehicleEnter] Player Nick Leadbeatter [uid=JmVdSu0kzNbOpwjpFV-MDcMB-Equ3yPY-l-COMb6HgY=] entered vehicle Nissan warrior (id=8D5DE856204591DB02C763855E8F80D2 pos=<4046.822510, 25.352457, 4463.935059>) as driver
15:58:56.398 [VehicleEnter] Player brailsford40 [uid=HQAtXFe6fZZL90M2CD_a22otF9NJ2s4t7n-ol5BAu6o=] entered vehicle Nissan warrior (id=8D5DE856204591DB02C763855E8F80D2 pos=<4046.822998, 25.352461, 4463.934570>) as passenger
15:59:00.812 [VehicleEngine] Player Nick Leadbeatter [uid=JmVdSu0kzNbOpwjpFV-MDcMB-Equ3yPY-l-COMb6HgY=] started vehicle Nissan warrior (id=8D5DE856204591DB02C763855E8F80D2 pos=<4046.822754, 25.352461, 4463.935059>)
16:00:22.792 [VehicleLeave] Player brailsford40 [uid=HQAtXFe6fZZL90M2CD_a22otF9NJ2s4t7n-ol5BAu6o=] left vehicle Nissan warrior (id=8D5DE856204591DB02C763855E8F80D2 pos=<4394.784180, 27.716581, 3927.729980>)
16:02:03.019 [VehicleEnter] Player brailsford40 [uid=HQAtXFe6fZZL90M2CD_a22otF9NJ2s4t7n-ol5BAu6o=] entered vehicle Nissan warrior (id=8D5DE856204591DB02C763855E8F80D2 pos=<4369.128906, 25.839211, 3953.834473>) as passenger
16:03:01.929 [VehicleLeave] Player brailsford40 [uid=HQAtXFe6fZZL90M2CD_a22otF9NJ2s4t7n-ol5BAu6o=] left vehicle Nissan warrior (id=8D5DE856204591DB02C763855E8F80D2 pos=<4382.378418, 31.478556, 3765.392578>)
16:03:42.195 [VehicleEngine] Player Nick Leadbeatter [uid=JmVdSu0kzNbOpwjpFV-MDcMB-Equ3yPY-l-COMb6HgY=] stopped vehicle Nissan warrior (Locked) (id=8D5DE856204591DB02C763855E8F80D2 pos=<4381.007813, 31.702904, 3770.953125>)
16:03:56.570 [VehicleEnter] Player Nick Leadbeatter [uid=JmVdSu0kzNbOpwjpFV-MDcMB-Equ3yPY-l-COMb6HgY=] switched seats in vehicle Nissan warrior (Locked) (id=8D5DE856204591DB02C763855E8F80D2 pos=<4381.007813, 31.702896, 3770.953125>) to passenger
16:04:04.363 [VehicleLeave] Player Nick Leadbeatter [uid=JmVdSu0kzNbOpwjpFV-MDcMB-Equ3yPY-l-COMb6HgY=] left vehicle Nissan warrior (Locked) (id=8D5DE856204591DB02C763855E8F80D2 pos=<4381.007813, 31.702898, 3770.953369>)
16:04:49.894 [VehicleCarKey] Player "Nick Leadbeatter" (id=JmVdSu0kzNbOpwjpFV-MDcMB-Equ3yPY-l-COMb6HgY= pos=<4381.453613, 33.594803, 3771.007568>) used the  ExpansionCarKey to unlock Nissan_warrior (id=8D5DE856204591DB02C763855E8F80D2 pos=<4381.007813, 31.702898, 3770.953369>)
16:05:45.578 [VehicleEnter] Player Nick Leadbeatter [uid=JmVdSu0kzNbOpwjpFV-MDcMB-Equ3yPY-l-COMb6HgY=] entered vehicle Nissan warrior (id=8D5DE856204591DB02C763855E8F80D2 pos=<4381.007813, 31.702408, 3770.952881>) as driver
16:06:59.667 [VehicleEngine] Player Nick Leadbeatter [uid=JmVdSu0kzNbOpwjpFV-MDcMB-Equ3yPY-l-COMb6HgY=] started vehicle Nissan warrior (id=8D5DE856204591DB02C763855E8F80D2 pos=<4381.007813, 31.702377, 3770.955322>)
16:07:12.386 [VehicleEnter] Player brailsford40 [uid=HQAtXFe6fZZL90M2CD_a22otF9NJ2s4t7n-ol5BAu6o=] entered vehicle Nissan warrior (id=8D5DE856204591DB02C763855E8F80D2 pos=<4381.007813, 31.702410, 3770.952637>) as passenger
16:08:27.785 [VehicleLeave] Player brailsford40 [uid=HQAtXFe6fZZL90M2CD_a22otF9NJ2s4t7n-ol5BAu6o=] left vehicle Nissan warrior (id=8D5DE856204591DB02C763855E8F80D2 pos=<4776.879883, 62.433109, 3783.469238>)
16:09:46.796 [VehicleEngine] Player Nick Leadbeatter [uid=JmVdSu0kzNbOpwjpFV-MDcMB-Equ3yPY-l-COMb6HgY=] stopped vehicle Nissan warrior (id=8D5DE856204591DB02C763855E8F80D2 pos=<4855.832520, 63.441067, 3761.725586>)
16:09:51.410 [VehicleEnter] Player Nick Leadbeatter [uid=JmVdSu0kzNbOpwjpFV-MDcMB-Equ3yPY-l-COMb6HgY=] switched seats in vehicle Nissan warrior (id=8D5DE856204591DB02C763855E8F80D2 pos=<4855.831543, 63.441090, 3761.727539>) to passenger
16:12:31.988 [MissionAirdrop] An airdrop is heading towards "the Mine" (pos=<3056.280029, 0.000000, 1123.099976> type=Random_Mine) with a ExpansionAirdropContainer_Military
16:19:14.750 [VehicleEnter] Player brailsford40 [uid=HQAtXFe6fZZL90M2CD_a22otF9NJ2s4t7n-ol5BAu6o=] entered vehicle Nissan warrior (id=8D5DE856204591DB02C763855E8F80D2 pos=<4855.832031, 63.441074, 3761.725586>) as driver
16:20:01.296 [Party] Player "brailsford40" (id=HQAtXFe6fZZL90M2CD_a22otF9NJ2s4t7n-ol5BAu6o=) left the party "DIE HARD" (id=10 ownerUID=JmVdSu0kzNbOpwjpFV-MDcMB-Equ3yPY-l-COMb6HgY= ownerName=Nick Leadbeatter)
16:21:51.910 [VehicleEnter] Player Nick Leadbeatter [uid=JmVdSu0kzNbOpwjpFV-MDcMB-Equ3yPY-l-COMb6HgY=] switched seats in vehicle Nissan warrior (Locked) (id=8D5DE856204591DB02C763855E8F80D2 pos=<4855.830566, 63.441090, 3761.728271>) to driver
16:22:07.210 [Party] Player "brailsford40" (id=HQAtXFe6fZZL90M2CD_a22otF9NJ2s4t7n-ol5BAu6o=) joinded the party "DIE HARD" (id=10 ownerUID=JmVdSu0kzNbOpwjpFV-MDcMB-Equ3yPY-l-COMb6HgY= ownerName=Nick Leadbeatter)
16:22:07.218 [Expansion Quests] - InitQuestSystemClient - Loaded existing player quest data for player with UID: HQAtXFe6fZZL90M2CD_a22otF9NJ2s4t7n-ol5BAu6o=
16:22:07.218 [Expansion Quests] - LoadGroupQuestData - Got cached group quest data for group with ID: 10
16:22:07.218 [Expansion Quests] - Create new quest instance for quest: 7 - Player UID: HQAtXFe6fZZL90M2CD_a22otF9NJ2s4t7n-ol5BAu6o=
16:22:08.187 [Expansion Quests] - LoadGroupQuestData - Got cached group quest data for group with ID: 10
16:22:21.050 [VehicleCarKey] Player "brailsford40" (id=HQAtXFe6fZZL90M2CD_a22otF9NJ2s4t7n-ol5BAu6o= pos=<4856.301270, 63.349483, 3759.697754>) used the  ExpansionCarKey to unlock Nissan_warrior (id=8D5DE856204591DB02C763855E8F80D2 pos=<4855.832031, 63.441071, 3761.726318>)
16:22:26.828 [VehicleCarKey] Player "brailsford40" (id=HQAtXFe6fZZL90M2CD_a22otF9NJ2s4t7n-ol5BAu6o= pos=<4856.301270, 63.349483, 3759.697754>) used the  ExpansionCarKey to lock Nissan_warrior (id=8D5DE856204591DB02C763855E8F80D2 pos=<4855.831543, 63.441082, 3761.727539>)
16:22:28.843 [VehicleCarKey] Player "brailsford40" (id=HQAtXFe6fZZL90M2CD_a22otF9NJ2s4t7n-ol5BAu6o= pos=<4856.301270, 63.349483, 3759.697754>) used the  ExpansionCarKey to unlock Nissan_warrior (id=8D5DE856204591DB02C763855E8F80D2 pos=<4855.831055, 63.441097, 3761.728027>)
16:22:32.382 [VehicleEnter] Player Nick Leadbeatter [uid=JmVdSu0kzNbOpwjpFV-MDcMB-Equ3yPY-l-COMb6HgY=] switched seats in vehicle Nissan warrior (id=8D5DE856204591DB02C763855E8F80D2 pos=<4855.831543, 63.441090, 3761.727539>) to passenger
16:22:47.484 [VehicleEnter] Player brailsford40 [uid=HQAtXFe6fZZL90M2CD_a22otF9NJ2s4t7n-ol5BAu6o=] entered vehicle Nissan warrior (id=8D5DE856204591DB02C763855E8F80D2 pos=<4855.832520, 63.441055, 3761.723633>) as driver
16:24:28.769 [VehicleLeave] Player brailsford40 [uid=HQAtXFe6fZZL90M2CD_a22otF9NJ2s4t7n-ol5BAu6o=] left vehicle Nissan warrior (id=8D5DE856204591DB02C763855E8F80D2 pos=<4855.831543, 63.441086, 3761.726318>)
16:24:30.250 [VehicleEnter] Player Nick Leadbeatter [uid=JmVdSu0kzNbOpwjpFV-MDcMB-Equ3yPY-l-COMb6HgY=] switched seats in vehicle Nissan warrior (id=8D5DE856204591DB02C763855E8F80D2 pos=<4855.833008, 63.441051, 3761.723389>) to driver
16:24:37.101 [VehicleCarKey] Player "brailsford40" (id=HQAtXFe6fZZL90M2CD_a22otF9NJ2s4t7n-ol5BAu6o= pos=<4854.593262, 63.557392, 3763.143555>) used the  ExpansionCarKey to lock Nissan_warrior (id=8D5DE856204591DB02C763855E8F80D2 pos=<4855.832031, 63.441074, 3761.725586>)
16:24:37.105 [VehicleEngine] Player Nick Leadbeatter [uid=JmVdSu0kzNbOpwjpFV-MDcMB-Equ3yPY-l-COMb6HgY=] started vehicle Nissan warrior (id=8D5DE856204591DB02C763855E8F80D2 pos=<4855.832031, 63.441074, 3761.725586>)
16:24:38.636 [VehicleCarKey] Player "brailsford40" (id=HQAtXFe6fZZL90M2CD_a22otF9NJ2s4t7n-ol5BAu6o= pos=<4854.593262, 63.557392, 3763.143555>) used the  ExpansionCarKey to unlock Nissan_warrior (id=8D5DE856204591DB02C763855E8F80D2 pos=<4855.833008, 63.441051, 3761.723633>)
16:24:39.976 [VehicleCarKey] Player "brailsford40" (id=HQAtXFe6fZZL90M2CD_a22otF9NJ2s4t7n-ol5BAu6o= pos=<4854.593262, 63.557392, 3763.143555>) used the  ExpansionCarKey to lock Nissan_warrior (id=8D5DE856204591DB02C763855E8F80D2 pos=<4855.832520, 63.441063, 3761.724121>)
16:24:44.269 [VehicleCarKey] Player "brailsford40" (id=HQAtXFe6fZZL90M2CD_a22otF9NJ2s4t7n-ol5BAu6o= pos=<4854.593262, 63.557392, 3763.143555>) used the  ExpansionCarKey to unlock Nissan_warrior (id=8D5DE856204591DB02C763855E8F80D2 pos=<4855.831543, 63.441074, 3761.726074>)
16:25:23.078 [VehicleEnter] Player brailsford40 [uid=HQAtXFe6fZZL90M2CD_a22otF9NJ2s4t7n-ol5BAu6o=] entered vehicle Nissan warrior (id=8D5DE856204591DB02C763855E8F80D2 pos=<4855.832520, 63.441063, 3761.723877>) as passenger
16:30:08.730 [Safezone] Player "Nick Leadbeatter" (id=JmVdSu0kzNbOpwjpFV-MDcMB-Equ3yPY-l-COMb6HgY= pos=<4741.494141, 3.337887, 2483.569824>) Entered the safezone
16:30:09.140 [Safezone] Player "brailsford40" (id=HQAtXFe6fZZL90M2CD_a22otF9NJ2s4t7n-ol5BAu6o= pos=<4741.982910, 3.360932, 2477.465088>) Entered the safezone
16:30:44.136 [VehicleLeave] Player brailsford40 [uid=HQAtXFe6fZZL90M2CD_a22otF9NJ2s4t7n-ol5BAu6o=] left vehicle Nissan warrior (id=8D5DE856204591DB02C763855E8F80D2 pos=<4807.859863, 6.395479, 2261.319824>)
16:30:45.652 [VehicleEngine] Player Nick Leadbeatter [uid=JmVdSu0kzNbOpwjpFV-MDcMB-Equ3yPY-l-COMb6HgY=] stopped vehicle Nissan warrior (id=8D5DE856204591DB02C763855E8F80D2 pos=<4807.861328, 6.395487, 2261.321289>)
16:31:46.765 [VehicleEnter] Player Nick Leadbeatter [uid=JmVdSu0kzNbOpwjpFV-MDcMB-Equ3yPY-l-COMb6HgY=] switched seats in vehicle Nissan warrior (Locked) (id=8D5DE856204591DB02C763855E8F80D2 pos=<4807.861816, 6.395490, 2261.321533>) to passenger
16:31:51.375 [VehicleLeave] Player Nick Leadbeatter [uid=JmVdSu0kzNbOpwjpFV-MDcMB-Equ3yPY-l-COMb6HgY=] left vehicle Nissan warrior (Locked) (id=8D5DE856204591DB02C763855E8F80D2 pos=<4807.859863, 6.395478, 2261.319580>)
16:32:00.398 [VehicleCarKey] Player "Nick Leadbeatter" (id=JmVdSu0kzNbOpwjpFV-MDcMB-Equ3yPY-l-COMb6HgY= pos=<4807.910156, 6.289102, 2257.836670>) used the  ExpansionCarKey to unlock Nissan_warrior (id=8D5DE856204591DB02C763855E8F80D2 pos=<4807.859863, 6.395478, 2261.319580>)
16:32:04.917 [VehicleCarKey] Player "Nick Leadbeatter" (id=JmVdSu0kzNbOpwjpFV-MDcMB-Equ3yPY-l-COMb6HgY= pos=<4807.910156, 6.289102, 2257.836670>) used the  ExpansionCarKey to lock Nissan_warrior (id=8D5DE856204591DB02C763855E8F80D2 pos=<4807.859863, 6.395478, 2261.319580>)
16:32:21.601 [VehicleDeleted] Nissan_warrior (id=8D5DE856204591DB02C763855E8F80D2 pos=<4807.859863, 6.395478, 2261.319580>)
16:32:21.601 [VehicleCover] Player "Nick Leadbeatter" (id=JmVdSu0kzNbOpwjpFV-MDcMB-Equ3yPY-l-COMb6HgY= pos=<4806.579102, 6.296835, 2260.122559>) covered vehicle "Nissan_warrior" (GlobalID=800000008000000080000000800058F2 pos=<4807.859863, 6.395478, 2261.319580>)!
16:39:15.429 [ATM] Player "Nick Leadbeatter" (id=JmVdSu0kzNbOpwjpFV-MDcMB-Equ3yPY-l-COMb6HgY=) has withdrawn 500 from the party "DIE HARD" (partyid=10 | ownerid=JmVdSu0kzNbOpwjpFV-MDcMB-Equ3yPY-l-COMb6HgY=) ATM account.
16:39:16.312 [ATM] Player "Nick Leadbeatter" (id=JmVdSu0kzNbOpwjpFV-MDcMB-Equ3yPY-l-COMb6HgY=) has withdrawn 500 from his ATM account.
16:39:49.335 [Market] Player "Nick Leadbeatter" (id=JmVdSu0kzNbOpwjpFV-MDcMB-Equ3yPY-l-COMb6HgY=) has send a requested to purchase ammobox_556x45_20rnd x5 from the trader "Magazines (Oliver [AMMO & MAGAZINES])" in market zone "The Holler" (pos=<4864.000000, 0.000000, 2314.000000>).
16:39:49.511 [Market] Player "Nick Leadbeatter" (id=JmVdSu0kzNbOpwjpFV-MDcMB-Equ3yPY-l-COMb6HgY=) has bought ammobox_556x45_20rnd x5 from the trader "Magazines (Oliver [AMMO & MAGAZINES])" in market zone "The Holler" (pos=<4864.000000, 0.000000, 2314.000000>) for a price of 160.
16:40:01.964 [Market] Player "Nick Leadbeatter" (id=JmVdSu0kzNbOpwjpFV-MDcMB-Equ3yPY-l-COMb6HgY=) has send a requested to purchase ammobox_9x19_25rnd x1 from the trader "Magazines (Oliver [AMMO & MAGAZINES])" in market zone "The Holler" (pos=<4864.000000, 0.000000, 2314.000000>).
16:40:02.105 [Market] Player "Nick Leadbeatter" (id=JmVdSu0kzNbOpwjpFV-MDcMB-Equ3yPY-l-COMb6HgY=) has bought ammobox_9x19_25rnd x1 from the trader "Magazines (Oliver [AMMO & MAGAZINES])" in market zone "The Holler" (pos=<4864.000000, 0.000000, 2314.000000>) for a price of 40.
16:40:02.390 [Market] Player "Nick Leadbeatter" (id=JmVdSu0kzNbOpwjpFV-MDcMB-Equ3yPY-l-COMb6HgY=) has send a requested to purchase ammobox_9x19_25rnd x1 from the trader "Magazines (Oliver [AMMO & MAGAZINES])" in market zone "The Holler" (pos=<4864.000000, 0.000000, 2314.000000>).
16:40:02.574 [Market] Player "Nick Leadbeatter" (id=JmVdSu0kzNbOpwjpFV-MDcMB-Equ3yPY-l-COMb6HgY=) has bought ammobox_9x19_25rnd x1 from the trader "Magazines (Oliver [AMMO & MAGAZINES])" in market zone "The Holler" (pos=<4864.000000, 0.000000, 2314.000000>) for a price of 40.
16:40:02.839 [Market] Player "Nick Leadbeatter" (id=JmVdSu0kzNbOpwjpFV-MDcMB-Equ3yPY-l-COMb6HgY=) has send a requested to purchase ammobox_9x19_25rnd x1 from the trader "Magazines (Oliver [AMMO & MAGAZINES])" in market zone "The Holler" (pos=<4864.000000, 0.000000, 2314.000000>).
16:40:03.015 [Market] Player "Nick Leadbeatter" (id=JmVdSu0kzNbOpwjpFV-MDcMB-Equ3yPY-l-COMb6HgY=) has bought ammobox_9x19_25rnd x1 from the trader "Magazines (Oliver [AMMO & MAGAZINES])" in market zone "The Holler" (pos=<4864.000000, 0.000000, 2314.000000>) for a price of 40.
16:40:17.015 [ATM] Player "Nick Leadbeatter" (id=JmVdSu0kzNbOpwjpFV-MDcMB-Equ3yPY-l-COMb6HgY=) has deposited 220 on his ATM account.
16:40:18.937 [ATM] Player "Nick Leadbeatter" (id=JmVdSu0kzNbOpwjpFV-MDcMB-Equ3yPY-l-COMb6HgY=) has withdrawn 220 from the party "DIE HARD" (partyid=10 | ownerid=JmVdSu0kzNbOpwjpFV-MDcMB-Equ3yPY-l-COMb6HgY=) ATM account.
16:40:23.898 [ATM] Player "Nick Leadbeatter" (id=JmVdSu0kzNbOpwjpFV-MDcMB-Equ3yPY-l-COMb6HgY=) has deposited 220 on the party "DIE HARD" (partyid=10 | ownerid=JmVdSu0kzNbOpwjpFV-MDcMB-Equ3yPY-l-COMb6HgY=) ATM account.
16:40:25.273 [ATM] Player "Nick Leadbeatter" (id=JmVdSu0kzNbOpwjpFV-MDcMB-Equ3yPY-l-COMb6HgY=) has deposited 220 on the party "DIE HARD" (partyid=10 | ownerid=JmVdSu0kzNbOpwjpFV-MDcMB-Equ3yPY-l-COMb6HgY=) ATM account.
16:40:40.769 [VehicleCover] Player "Nick Leadbeatter" (id=JmVdSu0kzNbOpwjpFV-MDcMB-Equ3yPY-l-COMb6HgY= pos=<4807.040039, 6.291551, 2259.035889>) uncovered vehicle "Nissan_warrior" (GlobalID=800000008000000080000000800058F2 pos=<4807.859863, 6.395478, 2261.319580>)!
16:40:50.015 [VehicleCarKey] Player "Nick Leadbeatter" (id=JmVdSu0kzNbOpwjpFV-MDcMB-Equ3yPY-l-COMb6HgY= pos=<4805.733887, 6.523869, 2259.145752>) used the  ExpansionCarKey to unlock Nissan_warrior (id=74A93E65244A8245EA5EB1905D8AEA8F pos=<4807.860840, 6.395457, 2261.319824>)
16:46:53.765 [ATM] Player "brailsford40" (id=HQAtXFe6fZZL90M2CD_a22otF9NJ2s4t7n-ol5BAu6o=) has withdrawn 1000 from the party "DIE HARD" (partyid=10 | ownerid=JmVdSu0kzNbOpwjpFV-MDcMB-Equ3yPY-l-COMb6HgY=) ATM account.
16:49:03.718 [ATM] Player "brailsford40" (id=HQAtXFe6fZZL90M2CD_a22otF9NJ2s4t7n-ol5BAu6o=) has withdrawn 1000 from his ATM account.
16:49:24.640 [Market] Player "brailsford40" (id=HQAtXFe6fZZL90M2CD_a22otF9NJ2s4t7n-ol5BAu6o=) has send a requested to purchase ammobox_556x45tracer_20rnd x1 from the trader "Magazines (Oliver [AMMO & MAGAZINES])" in market zone "The Holler" (pos=<4864.000000, 0.000000, 2314.000000>).
16:49:24.789 [Market] Player "brailsford40" (id=HQAtXFe6fZZL90M2CD_a22otF9NJ2s4t7n-ol5BAu6o=) has bought ammobox_556x45tracer_20rnd x1 from the trader "Magazines (Oliver [AMMO & MAGAZINES])" in market zone "The Holler" (pos=<4864.000000, 0.000000, 2314.000000>) for a price of 64.
16:49:25.539 [Market] Player "brailsford40" (id=HQAtXFe6fZZL90M2CD_a22otF9NJ2s4t7n-ol5BAu6o=) has send a requested to purchase ammobox_556x45tracer_20rnd x1 from the trader "Magazines (Oliver [AMMO & MAGAZINES])" in market zone "The Holler" (pos=<4864.000000, 0.000000, 2314.000000>).
16:49:25.687 [Market] Player "brailsford40" (id=HQAtXFe6fZZL90M2CD_a22otF9NJ2s4t7n-ol5BAu6o=) has bought ammobox_556x45tracer_20rnd x1 from the trader "Magazines (Oliver [AMMO & MAGAZINES])" in market zone "The Holler" (pos=<4864.000000, 0.000000, 2314.000000>) for a price of 64.
16:49:25.960 [Market] Player "brailsford40" (id=HQAtXFe6fZZL90M2CD_a22otF9NJ2s4t7n-ol5BAu6o=) has send a requested to purchase ammobox_556x45tracer_20rnd x1 from the trader "Magazines (Oliver [AMMO & MAGAZINES])" in market zone "The Holler" (pos=<4864.000000, 0.000000, 2314.000000>).
16:49:26.117 [Market] Player "brailsford40" (id=HQAtXFe6fZZL90M2CD_a22otF9NJ2s4t7n-ol5BAu6o=) has bought ammobox_556x45tracer_20rnd x1 from the trader "Magazines (Oliver [AMMO & MAGAZINES])" in market zone "The Holler" (pos=<4864.000000, 0.000000, 2314.000000>) for a price of 64.
16:49:26.281 [Market] Player "brailsford40" (id=HQAtXFe6fZZL90M2CD_a22otF9NJ2s4t7n-ol5BAu6o=) has send a requested to purchase ammobox_556x45tracer_20rnd x1 from the trader "Magazines (Oliver [AMMO & MAGAZINES])" in market zone "The Holler" (pos=<4864.000000, 0.000000, 2314.000000>).
16:49:26.460 [Market] Player "brailsford40" (id=HQAtXFe6fZZL90M2CD_a22otF9NJ2s4t7n-ol5BAu6o=) has bought ammobox_556x45tracer_20rnd x1 from the trader "Magazines (Oliver [AMMO & MAGAZINES])" in market zone "The Holler" (pos=<4864.000000, 0.000000, 2314.000000>) for a price of 64.
16:49:26.531 [Market] Player "brailsford40" (id=HQAtXFe6fZZL90M2CD_a22otF9NJ2s4t7n-ol5BAu6o=) has send a requested to purchase ammobox_556x45tracer_20rnd x1 from the trader "Magazines (Oliver [AMMO & MAGAZINES])" in market zone "The Holler" (pos=<4864.000000, 0.000000, 2314.000000>).
16:49:26.671 [Market] Player "brailsford40" (id=HQAtXFe6fZZL90M2CD_a22otF9NJ2s4t7n-ol5BAu6o=) has bought ammobox_556x45tracer_20rnd x1 from the trader "Magazines (Oliver [AMMO & MAGAZINES])" in market zone "The Holler" (pos=<4864.000000, 0.000000, 2314.000000>) for a price of 64.
16:49:26.742 [Market] Player "brailsford40" (id=HQAtXFe6fZZL90M2CD_a22otF9NJ2s4t7n-ol5BAu6o=) has send a requested to purchase ammobox_556x45tracer_20rnd x1 from the trader "Magazines (Oliver [AMMO & MAGAZINES])" in market zone "The Holler" (pos=<4864.000000, 0.000000, 2314.000000>).
16:49:26.910 [Market] Player "brailsford40" (id=HQAtXFe6fZZL90M2CD_a22otF9NJ2s4t7n-ol5BAu6o=) has bought ammobox_556x45tracer_20rnd x1 from the trader "Magazines (Oliver [AMMO & MAGAZINES])" in market zone "The Holler" (pos=<4864.000000, 0.000000, 2314.000000>) for a price of 64.
16:49:27.039 [Market] Player "brailsford40" (id=HQAtXFe6fZZL90M2CD_a22otF9NJ2s4t7n-ol5BAu6o=) has send a requested to purchase ammobox_556x45tracer_20rnd x1 from the trader "Magazines (Oliver [AMMO & MAGAZINES])" in market zone "The Holler" (pos=<4864.000000, 0.000000, 2314.000000>).
16:49:27.195 [Market] Player "brailsford40" (id=HQAtXFe6fZZL90M2CD_a22otF9NJ2s4t7n-ol5BAu6o=) has bought ammobox_556x45tracer_20rnd x1 from the trader "Magazines (Oliver [AMMO & MAGAZINES])" in market zone "The Holler" (pos=<4864.000000, 0.000000, 2314.000000>) for a price of 64.
16:49:50.164 [ATM] Player "brailsford40" (id=HQAtXFe6fZZL90M2CD_a22otF9NJ2s4t7n-ol5BAu6o=) has deposited 552 on his ATM account.
16:52:56.835 [VehicleCarKey] Player "Nick Leadbeatter" (id=JmVdSu0kzNbOpwjpFV-MDcMB-Equ3yPY-l-COMb6HgY= pos=<4807.101563, 6.295107, 2259.391357>) used the  ExpansionCarKey to lock Nissan_warrior (id=74A93E65244A8245EA5EB1905D8AEA8F pos=<4807.860840, 6.395457, 2261.319824>)
16:53:12.109 [VehicleDeleted] Nissan_warrior (id=74A93E65244A8245EA5EB1905D8AEA8F pos=<4807.860840, 6.395457, 2261.319824>)
16:53:12.109 [VehicleCover] Player "Nick Leadbeatter" (id=JmVdSu0kzNbOpwjpFV-MDcMB-Equ3yPY-l-COMb6HgY= pos=<4806.613770, 6.293580, 2259.715088>) covered vehicle "Nissan_warrior" (GlobalID=800000008000000080000000800058F2 pos=<4807.860840, 6.395457, 2261.319824>)!
16:55:47.820 [Safezone] Player "Nick Leadbeatter" (id=JmVdSu0kzNbOpwjpFV-MDcMB-Equ3yPY-l-COMb6HgY= pos=<5108.838867, 1.815319, 2364.396973>) Left the safezone
16:55:59.933 [Safezone] Player "brailsford40" (id=HQAtXFe6fZZL90M2CD_a22otF9NJ2s4t7n-ol5BAu6o= pos=<5105.061523, 1.810245, 2373.053711>) Left the safezone
16:58:07.566 [AI Patrol] Spawning 2 Shamans bots at <6489.232910, 27.830549, 1960.779541>
17:03:40.132 [Party] Player "brailsford40" (id=HQAtXFe6fZZL90M2CD_a22otF9NJ2s4t7n-ol5BAu6o=) left the party "DIE HARD" (id=10 ownerUID=JmVdSu0kzNbOpwjpFV-MDcMB-Equ3yPY-l-COMb6HgY= ownerName=Nick Leadbeatter)
17:05:10.531 [Expansion Quests] - InitQuestSystemClient - Created new persistent player quest data for player UID: gKX-uGBryx-q2AIUlmBMpEfyg_TofBEGtlW4vllC2N0=
17:06:24.937 [Party] Player "brailsford40" (id=HQAtXFe6fZZL90M2CD_a22otF9NJ2s4t7n-ol5BAu6o=) joinded the party "DIE HARD" (id=10 ownerUID=JmVdSu0kzNbOpwjpFV-MDcMB-Equ3yPY-l-COMb6HgY= ownerName=Nick Leadbeatter)
17:06:24.945 [Expansion Quests] - InitQuestSystemClient - Loaded existing player quest data for player with UID: HQAtXFe6fZZL90M2CD_a22otF9NJ2s4t7n-ol5BAu6o=
17:06:24.945 [Expansion Quests] - LoadGroupQuestData - Got cached group quest data for group with ID: 10
17:06:24.945 [Expansion Quests] - Create new quest instance for quest: 7 - Player UID: HQAtXFe6fZZL90M2CD_a22otF9NJ2s4t7n-ol5BAu6o=
17:06:25.914 [Expansion Quests] - LoadGroupQuestData - Got cached group quest data for group with ID: 10
17:07:36.203 [AI Patrol] Spawning 2 Shamans bots at <7072.252441, 29.275743, 1856.596313>
17:30:48.945 [Safezone] Player "Nick Leadbeatter" (id=JmVdSu0kzNbOpwjpFV-MDcMB-Equ3yPY-l-COMb6HgY= pos=<5021.497070, 1.858842, 2452.771240>) Entered the safezone
17:33:26.953 [Safezone] Player "brailsford40" (id=HQAtXFe6fZZL90M2CD_a22otF9NJ2s4t7n-ol5BAu6o= pos=<5007.197266, -0.610657, 2467.337646>) Entered the safezone
17:34:10.710 [VehicleCover] Player "Nick Leadbeatter" (id=JmVdSu0kzNbOpwjpFV-MDcMB-Equ3yPY-l-COMb6HgY= pos=<4806.517090, 6.297286, 2260.229004>) uncovered vehicle "Nissan_warrior" (GlobalID=800000008000000080000000800058F2 pos=<4807.860840, 6.395457, 2261.319824>)!
17:34:21.992 [VehicleCarKey] Player "Nick Leadbeatter" (id=JmVdSu0kzNbOpwjpFV-MDcMB-Equ3yPY-l-COMb6HgY= pos=<4804.892578, 6.312483, 2263.901123>) used the  ExpansionCarKey to unlock Nissan_warrior (id=79DAC5C37844BAFC9071DBA58E23A697 pos=<4807.860352, 6.395462, 2261.320068>)
17:34:23.843 [VehicleCarKey] Player "Nick Leadbeatter" (id=JmVdSu0kzNbOpwjpFV-MDcMB-Equ3yPY-l-COMb6HgY= pos=<4804.892578, 6.312483, 2263.901123>) used the  ExpansionCarKey to lock Nissan_warrior (id=79DAC5C37844BAFC9071DBA58E23A697 pos=<4807.860352, 6.395462, 2261.320068>)
17:34:25.242 [VehicleCarKey] Player "Nick Leadbeatter" (id=JmVdSu0kzNbOpwjpFV-MDcMB-Equ3yPY-l-COMb6HgY= pos=<4804.892578, 6.312483, 2263.901123>) used the  ExpansionCarKey to unlock Nissan_warrior (id=79DAC5C37844BAFC9071DBA58E23A697 pos=<4807.860352, 6.395462, 2261.320068>)
17:34:43.984 [Party] Player "brailsford40" (id=HQAtXFe6fZZL90M2CD_a22otF9NJ2s4t7n-ol5BAu6o=) left the party "DIE HARD" (id=10 ownerUID=JmVdSu0kzNbOpwjpFV-MDcMB-Equ3yPY-l-COMb6HgY= ownerName=Nick Leadbeatter)
17:34:48.101 [VehicleCarKey] Player "Nick Leadbeatter" (id=JmVdSu0kzNbOpwjpFV-MDcMB-Equ3yPY-l-COMb6HgY= pos=<4806.479004, 6.313151, 2260.467285>) used the  ExpansionCarKey to lock Nissan_warrior (id=79DAC5C37844BAFC9071DBA58E23A697 pos=<4807.860352, 6.395462, 2261.320068>)
17:35:02.386 [VehicleDeleted] Nissan_warrior (id=79DAC5C37844BAFC9071DBA58E23A697 pos=<4807.860352, 6.395462, 2261.320068>)
17:35:02.390 [VehicleCover] Player "Nick Leadbeatter" (id=JmVdSu0kzNbOpwjpFV-MDcMB-Equ3yPY-l-COMb6HgY= pos=<4806.621582, 6.297919, 2260.203857>) covered vehicle "Nissan_warrior" (GlobalID=800000008000000080000000800058F2 pos=<4807.860352, 6.395462, 2261.320068>)!
17:35:27.843 [Party] Player "Nick Leadbeatter" (id=JmVdSu0kzNbOpwjpFV-MDcMB-Equ3yPY-l-COMb6HgY=) left the party "DIE HARD" (id=10 ownerUID=JmVdSu0kzNbOpwjpFV-MDcMB-Equ3yPY-l-COMb6HgY= ownerName=Nick Leadbeatter)
