06:01:44.765 [Expansion Quests] - InitQuestSystemClient - Loaded existing player quest data for player with UID: 8aHbwb5XZ9Gq0J-7qO1AVn3G8YD6-lBt4iCz53aUxso=
06:01:44.765 [Expansion Quests] - LoadGroupQuestData - Created new persistent group quest data for group with ID: -1
06:01:44.765 [Expansion Quests] - Create new quest instance for quest: 99 - Player UID: 8aHbwb5XZ9Gq0J-7qO1AVn3G8YD6-lBt4iCz53aUxso=
06:05:00.185 [Party] Player "wiggy" (id=SgADkNjbGaUs8SauxTNPqYQENYs5GlEGD7NNksMh0hI=) joinded the party "Hard Gits" (id=2 ownerUID=RjqUafmWjW9Q1BHza4n7WoZ_8uUWujoz2w-ciuQaZcs= ownerName=Lets_G0_Brandon)
06:05:00.193 [Expansion Quests] - InitQuestSystemClient - Loaded existing player quest data for player with UID: SgADkNjbGaUs8SauxTNPqYQENYs5GlEGD7NNksMh0hI=
06:05:00.193 [Expansion Quests] - LoadGroupQuestData - Loaded existing group quest data for group with ID: 2
06:05:00.193 [Expansion Quests] - Create new quest instance for quest: 32 - Player UID: SgADkNjbGaUs8SauxTNPqYQENYs5GlEGD7NNksMh0hI=
06:05:01.132 [Expansion Quests] - LoadGroupQuestData - Got cached group quest data for group with ID: 2
06:06:53.945 [MissionAirdrop] An airdrop is heading towards "Military Transmitting Station" (pos=<6328.509766, 0.000000, 979.291016> type=Random_Military-Transmitting-Station) with a ExpansionAirdropContainer_Medical
06:07:01.482 [Party] Player "Lets_G0_Brandon" (id=RjqUafmWjW9Q1BHza4n7WoZ_8uUWujoz2w-ciuQaZcs=) joinded the party "Hard Gits" (id=2 ownerUID=RjqUafmWjW9Q1BHza4n7WoZ_8uUWujoz2w-ciuQaZcs= ownerName=Lets_G0_Brandon)
06:07:01.490 [Expansion Quests] - InitQuestSystemClient - Loaded existing player quest data for player with UID: RjqUafmWjW9Q1BHza4n7WoZ_8uUWujoz2w-ciuQaZcs=
06:07:01.490 [Expansion Quests] - LoadGroupQuestData - Got cached group quest data for group with ID: 2
06:07:01.490 [Expansion Quests] - Create new quest instance for quest: 38 - Player UID: RjqUafmWjW9Q1BHza4n7WoZ_8uUWujoz2w-ciuQaZcs=
06:07:02.441 [Expansion Quests] - LoadGroupQuestData - Got cached group quest data for group with ID: 2
06:13:39.437 [Expansion Quests] - InitQuestSystemClient - Loaded existing player quest data for player with UID: 8aHbwb5XZ9Gq0J-7qO1AVn3G8YD6-lBt4iCz53aUxso=
06:13:39.437 [Expansion Quests] - LoadGroupQuestData - Got cached group quest data for group with ID: -1
06:13:39.437 [Expansion Quests] - Create new quest instance for quest: 99 - Player UID: 8aHbwb5XZ9Gq0J-7qO1AVn3G8YD6-lBt4iCz53aUxso=
06:15:58.960 [VehicleCarKey] Player "wiggy" (id=SgADkNjbGaUs8SauxTNPqYQENYs5GlEGD7NNksMh0hI= pos=<2317.782471, 77.116089, 1693.440552>) used the  ExpansionCarKey to unlock BMW_rust (id=DDBC82C59944EE64A0DA01B852519D1E pos=<2317.478516, 77.019890, 1690.713013>)
06:16:18.257 [VehicleCarKey] Player "wiggy" (id=SgADkNjbGaUs8SauxTNPqYQENYs5GlEGD7NNksMh0hI= pos=<2317.782471, 77.116089, 1693.440552>) used the  ExpansionCarKey to lock BMW_rust (id=DDBC82C59944EE64A0DA01B852519D1E pos=<2317.478516, 77.019890, 1690.713013>)
06:17:50.699 [VehicleCarKey] Player "wiggy" (id=SgADkNjbGaUs8SauxTNPqYQENYs5GlEGD7NNksMh0hI= pos=<2316.868408, 77.116440, 1693.574341>) used the  ExpansionCarKey to unlock BMW_rust (id=DDBC82C59944EE64A0DA01B852519D1E pos=<2317.478516, 77.019890, 1690.713013>)
06:26:00.490 [VehicleCover] Player "Lets_G0_Brandon" (id=RjqUafmWjW9Q1BHza4n7WoZ_8uUWujoz2w-ciuQaZcs= pos=<2333.098389, 78.194229, 1682.875488>) uncovered vehicle "PONTIAC_rust" (GlobalID=80000000800000008000000080000318 pos=<2335.304199, 78.164421, 1680.639526>)!
06:27:01.095 [VehicleCarKey] Player "Lets_G0_Brandon" (id=RjqUafmWjW9Q1BHza4n7WoZ_8uUWujoz2w-ciuQaZcs= pos=<2332.415771, 78.194633, 1683.559326>) used the  ExpansionCarKey to unlock PONTIAC_rust (id=155C7E9CA9485EA4B527E19F88EC40B9 pos=<2335.303955, 78.164421, 1680.639282>)
06:27:46.474 [VehicleCarKey] Player "Lets_G0_Brandon" (id=RjqUafmWjW9Q1BHza4n7WoZ_8uUWujoz2w-ciuQaZcs= pos=<2332.797119, 78.194420, 1683.144165>) used the  ExpansionCarKey to lock PONTIAC_rust (id=155C7E9CA9485EA4B527E19F88EC40B9 pos=<2335.303955, 78.164421, 1680.639282>)
06:29:27.341 [VehicleDeleted] PONTIAC_rust (id=155C7E9CA9485EA4B527E19F88EC40B9 pos=<2335.303955, 78.164421, 1680.639282>)
06:29:27.343 [VehicleCover] Player "Lets_G0_Brandon" (id=RjqUafmWjW9Q1BHza4n7WoZ_8uUWujoz2w-ciuQaZcs= pos=<2332.242432, 78.194519, 1682.917603>) covered vehicle "PONTIAC_rust" (GlobalID=80000000800000008000000080000318 pos=<2335.303955, 78.164421, 1680.639282>)!
06:30:40.802 [VehicleEnter] Player Lets_G0_Brandon [uid=RjqUafmWjW9Q1BHza4n7WoZ_8uUWujoz2w-ciuQaZcs=] entered vehicle BMW (rust) (id=DDBC82C59944EE64A0DA01B852519D1E pos=<2317.478271, 77.019890, 1690.713623>) as driver
06:30:43.320 [VehicleEnter] Player wiggy [uid=SgADkNjbGaUs8SauxTNPqYQENYs5GlEGD7NNksMh0hI=] entered vehicle BMW (rust) (id=DDBC82C59944EE64A0DA01B852519D1E pos=<2317.478271, 77.019905, 1690.714111>) as passenger
06:30:44.425 [VehicleEngine] Player Lets_G0_Brandon [uid=RjqUafmWjW9Q1BHza4n7WoZ_8uUWujoz2w-ciuQaZcs=] started vehicle BMW (rust) (id=DDBC82C59944EE64A0DA01B852519D1E pos=<2317.478271, 77.019913, 1690.714355>)
06:31:34.255 [AI Patrol] Spawning 2 Shamans bots at <1647.280518, 1.737391, 551.921753>
06:35:37.250 [AI Patrol] Spawning 2 Shamans bots at <4945.692871, 46.622154, 1367.838257>
06:35:43.294 [VehicleLeave] Player Lets_G0_Brandon [uid=RjqUafmWjW9Q1BHza4n7WoZ_8uUWujoz2w-ciuQaZcs=] left vehicle BMW (rust) (id=DDBC82C59944EE64A0DA01B852519D1E pos=<3954.324951, 49.221317, 1401.281494>)
06:35:43.863 [VehicleLeave] Player wiggy [uid=SgADkNjbGaUs8SauxTNPqYQENYs5GlEGD7NNksMh0hI=] left vehicle BMW (rust) (id=DDBC82C59944EE64A0DA01B852519D1E pos=<3954.324951, 49.221317, 1401.281494>)
06:40:05.636 [VehicleEnter] Player Lets_G0_Brandon [uid=RjqUafmWjW9Q1BHza4n7WoZ_8uUWujoz2w-ciuQaZcs=] entered vehicle BMW (rust) (id=DDBC82C59944EE64A0DA01B852519D1E pos=<3954.325195, 49.221184, 1401.286133>) as driver
06:40:09.285 [VehicleEngine] Player Lets_G0_Brandon [uid=RjqUafmWjW9Q1BHza4n7WoZ_8uUWujoz2w-ciuQaZcs=] started vehicle BMW (rust) (id=DDBC82C59944EE64A0DA01B852519D1E pos=<3954.325439, 49.221054, 1401.291748>)
06:40:16.058 [VehicleEnter] Player wiggy [uid=SgADkNjbGaUs8SauxTNPqYQENYs5GlEGD7NNksMh0hI=] entered vehicle BMW (rust) (id=DDBC82C59944EE64A0DA01B852519D1E pos=<3954.329834, 49.220531, 1401.309814>) as passenger
06:42:30.630 [AI Patrol] Spawning 2 Shamans bots at <2248.883057, 54.799999, 3013.661865>
06:44:11.212 [VehicleLeave] Player Lets_G0_Brandon [uid=RjqUafmWjW9Q1BHza4n7WoZ_8uUWujoz2w-ciuQaZcs=] left vehicle BMW (rust) (id=DDBC82C59944EE64A0DA01B852519D1E pos=<2469.788818, 110.533577, 2597.102295>)
06:44:23.820 [VehicleLeave] Player wiggy [uid=SgADkNjbGaUs8SauxTNPqYQENYs5GlEGD7NNksMh0hI=] left vehicle BMW (rust) (id=DDBC82C59944EE64A0DA01B852519D1E pos=<2469.771240, 110.531479, 2597.107666>)
06:47:22.835 [VehicleEnter] Player Lets_G0_Brandon [uid=RjqUafmWjW9Q1BHza4n7WoZ_8uUWujoz2w-ciuQaZcs=] entered vehicle BMW (rust) (id=DDBC82C59944EE64A0DA01B852519D1E pos=<2469.720215, 110.525261, 2597.123535>) as driver
06:47:26.058 [VehicleEnter] Player wiggy [uid=SgADkNjbGaUs8SauxTNPqYQENYs5GlEGD7NNksMh0hI=] entered vehicle BMW (rust) (id=DDBC82C59944EE64A0DA01B852519D1E pos=<2469.619629, 110.513176, 2597.155029>) as passenger
06:47:26.617 [VehicleEngine] Player Lets_G0_Brandon [uid=RjqUafmWjW9Q1BHza4n7WoZ_8uUWujoz2w-ciuQaZcs=] started vehicle BMW (rust) (id=DDBC82C59944EE64A0DA01B852519D1E pos=<2469.600830, 110.510887, 2597.160400>)
06:49:53.164 [VehicleLeave] Player wiggy [uid=SgADkNjbGaUs8SauxTNPqYQENYs5GlEGD7NNksMh0hI=] left vehicle BMW (rust) (id=DDBC82C59944EE64A0DA01B852519D1E pos=<3895.238281, 33.413654, 1624.805664>)
06:49:55.414 [VehicleLeave] Player Lets_G0_Brandon [uid=RjqUafmWjW9Q1BHza4n7WoZ_8uUWujoz2w-ciuQaZcs=] left vehicle BMW (rust) (id=DDBC82C59944EE64A0DA01B852519D1E pos=<3895.232422, 33.410927, 1624.841797>)
06:55:13.892 [VehicleEnter] Player wiggy [uid=SgADkNjbGaUs8SauxTNPqYQENYs5GlEGD7NNksMh0hI=] entered vehicle BMW (rust) (id=DDBC82C59944EE64A0DA01B852519D1E pos=<3895.231445, 33.410309, 1624.849976>) as passenger
06:55:29.173 [VehicleEnter] Player Lets_G0_Brandon [uid=RjqUafmWjW9Q1BHza4n7WoZ_8uUWujoz2w-ciuQaZcs=] entered vehicle BMW (rust) (id=DDBC82C59944EE64A0DA01B852519D1E pos=<3895.228760, 33.408428, 1624.874268>) as driver
06:55:32.455 [VehicleEngine] Player Lets_G0_Brandon [uid=RjqUafmWjW9Q1BHza4n7WoZ_8uUWujoz2w-ciuQaZcs=] started vehicle BMW (rust) (id=DDBC82C59944EE64A0DA01B852519D1E pos=<3895.220459, 33.404514, 1624.926025>)
06:58:10.822 [Safezone] Player "Lets_G0_Brandon" (id=RjqUafmWjW9Q1BHza4n7WoZ_8uUWujoz2w-ciuQaZcs= pos=<4672.014648, 3.007371, 2245.176514>) Entered the safezone
06:58:10.822 [Safezone] Player "wiggy" (id=SgADkNjbGaUs8SauxTNPqYQENYs5GlEGD7NNksMh0hI= pos=<4672.288574, 3.006577, 2244.383789>) Entered the safezone
06:58:31.394 [VehicleLeave] Player Lets_G0_Brandon [uid=RjqUafmWjW9Q1BHza4n7WoZ_8uUWujoz2w-ciuQaZcs=] left vehicle BMW (rust) (id=DDBC82C59944EE64A0DA01B852519D1E pos=<4754.542969, 6.232416, 2271.159912>)
06:58:34.015 [VehicleLeave] Player wiggy [uid=SgADkNjbGaUs8SauxTNPqYQENYs5GlEGD7NNksMh0hI=] left vehicle BMW (rust) (id=DDBC82C59944EE64A0DA01B852519D1E pos=<4754.542969, 6.232407, 2271.159912>)
06:59:06.453 [ATM] Player "Lets_G0_Brandon" (id=RjqUafmWjW9Q1BHza4n7WoZ_8uUWujoz2w-ciuQaZcs=) has deposited 2750 on his ATM account.
07:00:05.642 [Safezone] Player "Lets_G0_Brandon" (id=RjqUafmWjW9Q1BHza4n7WoZ_8uUWujoz2w-ciuQaZcs= pos=<4729.008301, 2.404916, 2538.436035>) Left the safezone
07:00:44.886 [VehicleCarKey] Player "wiggy" (id=SgADkNjbGaUs8SauxTNPqYQENYs5GlEGD7NNksMh0hI= pos=<4754.730957, 6.325818, 2269.265625>) used the  ExpansionCarKey to lock BMW_rust (id=DDBC82C59944EE64A0DA01B852519D1E pos=<4754.542969, 6.232407, 2271.159912>)
07:01:48.730 [Market] Player "wiggy" (id=SgADkNjbGaUs8SauxTNPqYQENYs5GlEGD7NNksMh0hI=) has send a requested to purchase ammobox_556x45_20rnd x1 from the trader "Magazines (Oliver [AMMO & MAGAZINES])" in market zone "The Holler" (pos=<4864.000000, 0.000000, 2314.000000>).
07:01:48.914 [Market] Player "wiggy" (id=SgADkNjbGaUs8SauxTNPqYQENYs5GlEGD7NNksMh0hI=) has bought ammobox_556x45_20rnd x1 from the trader "Magazines (Oliver [AMMO & MAGAZINES])" in market zone "The Holler" (pos=<4864.000000, 0.000000, 2314.000000>) for a price of 32.
07:01:50.125 [Market] Player "wiggy" (id=SgADkNjbGaUs8SauxTNPqYQENYs5GlEGD7NNksMh0hI=) has send a requested to purchase ammobox_556x45_20rnd x1 from the trader "Magazines (Oliver [AMMO & MAGAZINES])" in market zone "The Holler" (pos=<4864.000000, 0.000000, 2314.000000>).
07:01:50.294 [Market] Player "wiggy" (id=SgADkNjbGaUs8SauxTNPqYQENYs5GlEGD7NNksMh0hI=) has bought ammobox_556x45_20rnd x1 from the trader "Magazines (Oliver [AMMO & MAGAZINES])" in market zone "The Holler" (pos=<4864.000000, 0.000000, 2314.000000>) for a price of 32.
07:01:51.513 [Market] Player "wiggy" (id=SgADkNjbGaUs8SauxTNPqYQENYs5GlEGD7NNksMh0hI=) has send a requested to purchase ammobox_556x45_20rnd x1 from the trader "Magazines (Oliver [AMMO & MAGAZINES])" in market zone "The Holler" (pos=<4864.000000, 0.000000, 2314.000000>).
07:01:51.685 [Market] Player "wiggy" (id=SgADkNjbGaUs8SauxTNPqYQENYs5GlEGD7NNksMh0hI=) has bought ammobox_556x45_20rnd x1 from the trader "Magazines (Oliver [AMMO & MAGAZINES])" in market zone "The Holler" (pos=<4864.000000, 0.000000, 2314.000000>) for a price of 32.
07:01:52.703 [Market] Player "wiggy" (id=SgADkNjbGaUs8SauxTNPqYQENYs5GlEGD7NNksMh0hI=) has send a requested to purchase ammobox_556x45_20rnd x1 from the trader "Magazines (Oliver [AMMO & MAGAZINES])" in market zone "The Holler" (pos=<4864.000000, 0.000000, 2314.000000>).
07:01:52.890 [Market] Player "wiggy" (id=SgADkNjbGaUs8SauxTNPqYQENYs5GlEGD7NNksMh0hI=) has bought ammobox_556x45_20rnd x1 from the trader "Magazines (Oliver [AMMO & MAGAZINES])" in market zone "The Holler" (pos=<4864.000000, 0.000000, 2314.000000>) for a price of 32.
07:01:53.726 [Market] Player "wiggy" (id=SgADkNjbGaUs8SauxTNPqYQENYs5GlEGD7NNksMh0hI=) has send a requested to purchase ammobox_556x45_20rnd x1 from the trader "Magazines (Oliver [AMMO & MAGAZINES])" in market zone "The Holler" (pos=<4864.000000, 0.000000, 2314.000000>).
07:01:53.890 [Market] Player "wiggy" (id=SgADkNjbGaUs8SauxTNPqYQENYs5GlEGD7NNksMh0hI=) has bought ammobox_556x45_20rnd x1 from the trader "Magazines (Oliver [AMMO & MAGAZINES])" in market zone "The Holler" (pos=<4864.000000, 0.000000, 2314.000000>) for a price of 32.
07:01:54.625 [Market] Player "wiggy" (id=SgADkNjbGaUs8SauxTNPqYQENYs5GlEGD7NNksMh0hI=) has send a requested to purchase ammobox_556x45_20rnd x1 from the trader "Magazines (Oliver [AMMO & MAGAZINES])" in market zone "The Holler" (pos=<4864.000000, 0.000000, 2314.000000>).
07:01:54.763 [Market] Player "wiggy" (id=SgADkNjbGaUs8SauxTNPqYQENYs5GlEGD7NNksMh0hI=) has bought ammobox_556x45_20rnd x1 from the trader "Magazines (Oliver [AMMO & MAGAZINES])" in market zone "The Holler" (pos=<4864.000000, 0.000000, 2314.000000>) for a price of 32.
07:01:57.197 [Market] Player "wiggy" (id=SgADkNjbGaUs8SauxTNPqYQENYs5GlEGD7NNksMh0hI=) has send a requested to purchase ammobox_556x45_20rnd x1 from the trader "Magazines (Oliver [AMMO & MAGAZINES])" in market zone "The Holler" (pos=<4864.000000, 0.000000, 2314.000000>).
07:01:57.361 [Market] Player "wiggy" (id=SgADkNjbGaUs8SauxTNPqYQENYs5GlEGD7NNksMh0hI=) has bought ammobox_556x45_20rnd x1 from the trader "Magazines (Oliver [AMMO & MAGAZINES])" in market zone "The Holler" (pos=<4864.000000, 0.000000, 2314.000000>) for a price of 32.
07:04:25.300 [Safezone] Player "Lets_G0_Brandon" (id=RjqUafmWjW9Q1BHza4n7WoZ_8uUWujoz2w-ciuQaZcs= pos=<4741.970703, 2.410249, 2482.666016>) Entered the safezone
07:04:28.689 [Expansion Quests] - CompleteQuest - Player with UID SgADkNjbGaUs8SauxTNPqYQENYs5GlEGD7NNksMh0hI= has completed quest 32
07:05:58.634 [Market] Player "wiggy" (id=SgADkNjbGaUs8SauxTNPqYQENYs5GlEGD7NNksMh0hI=) has send a requested to purchase bandagedressing x1 from the trader "Fishing_Hunting (Helga [HOLLER MARKET])" in market zone "The Holler" (pos=<4864.000000, 0.000000, 2314.000000>).
07:05:58.771 [Market] Player "wiggy" (id=SgADkNjbGaUs8SauxTNPqYQENYs5GlEGD7NNksMh0hI=) has bought bandagedressing x1 from the trader "Fishing_Hunting (Helga [HOLLER MARKET])" in market zone "The Holler" (pos=<4864.000000, 0.000000, 2314.000000>) for a price of 300.
07:06:00.085 [Market] Player "wiggy" (id=SgADkNjbGaUs8SauxTNPqYQENYs5GlEGD7NNksMh0hI=) has send a requested to purchase bandagedressing x1 from the trader "Fishing_Hunting (Helga [HOLLER MARKET])" in market zone "The Holler" (pos=<4864.000000, 0.000000, 2314.000000>).
07:06:00.251 [Market] Player "wiggy" (id=SgADkNjbGaUs8SauxTNPqYQENYs5GlEGD7NNksMh0hI=) has bought bandagedressing x1 from the trader "Fishing_Hunting (Helga [HOLLER MARKET])" in market zone "The Holler" (pos=<4864.000000, 0.000000, 2314.000000>) for a price of 300.
07:06:01.228 [Market] Player "wiggy" (id=SgADkNjbGaUs8SauxTNPqYQENYs5GlEGD7NNksMh0hI=) has send a requested to purchase bandagedressing x1 from the trader "Fishing_Hunting (Helga [HOLLER MARKET])" in market zone "The Holler" (pos=<4864.000000, 0.000000, 2314.000000>).
07:06:01.371 [Market] Player "wiggy" (id=SgADkNjbGaUs8SauxTNPqYQENYs5GlEGD7NNksMh0hI=) has bought bandagedressing x1 from the trader "Fishing_Hunting (Helga [HOLLER MARKET])" in market zone "The Holler" (pos=<4864.000000, 0.000000, 2314.000000>) for a price of 300.
07:06:35.882 [ATM] Player "wiggy" (id=SgADkNjbGaUs8SauxTNPqYQENYs5GlEGD7NNksMh0hI=) has deposited 2126 on his ATM account.
07:06:52.353 [Expansion Quests] - CompleteQuest - Player with UID RjqUafmWjW9Q1BHza4n7WoZ_8uUWujoz2w-ciuQaZcs= has completed quest 38
07:07:04.144 [Expansion Quests] - CreateQuestInstance - Created new quest instance for with instance key RjqUafmWjW9Q1BHza4n7WoZ_8uUWujoz2w-ciuQaZcs= for quest 31
07:07:18.634 [Expansion Quests] - CreateQuestInstance - Created new quest instance for with instance key RjqUafmWjW9Q1BHza4n7WoZ_8uUWujoz2w-ciuQaZcs= for quest 32
07:09:57.777 [Safezone] Player "Lets_G0_Brandon" (id=RjqUafmWjW9Q1BHza4n7WoZ_8uUWujoz2w-ciuQaZcs= pos=<4653.495117, 2.492317, 2237.760742>) Left the safezone
07:09:58.466 [Expansion Quests] - CreateQuestInstance - Created new quest instance for with instance key SgADkNjbGaUs8SauxTNPqYQENYs5GlEGD7NNksMh0hI= for quest 38
07:10:04.273 [Safezone] Player "Lets_G0_Brandon" (id=RjqUafmWjW9Q1BHza4n7WoZ_8uUWujoz2w-ciuQaZcs= pos=<4669.194824, 2.501137, 2243.318604>) Entered the safezone
07:10:52.109 [ATM] Player "wiggy" (id=SgADkNjbGaUs8SauxTNPqYQENYs5GlEGD7NNksMh0hI=) has withdrawn 14242 from his ATM account.
07:11:26.753 [ATM] Player "Lets_G0_Brandon" (id=RjqUafmWjW9Q1BHza4n7WoZ_8uUWujoz2w-ciuQaZcs=) has withdrawn 320 from his ATM account.
07:11:29.658 [Market] Player "wiggy" (id=SgADkNjbGaUs8SauxTNPqYQENYs5GlEGD7NNksMh0hI=) has send a requested to purchase twp_ak9_mag_30rnd x1 from the trader "Magazines (Oliver [AMMO & MAGAZINES])" in market zone "The Holler" (pos=<4864.000000, 0.000000, 2314.000000>).
07:11:29.851 [Market] Player "wiggy" (id=SgADkNjbGaUs8SauxTNPqYQENYs5GlEGD7NNksMh0hI=) has bought twp_ak9_mag_30rnd x1 from the trader "Magazines (Oliver [AMMO & MAGAZINES])" in market zone "The Holler" (pos=<4864.000000, 0.000000, 2314.000000>) for a price of 900.
07:11:33.355 [Market] Player "wiggy" (id=SgADkNjbGaUs8SauxTNPqYQENYs5GlEGD7NNksMh0hI=) has send a requested to purchase twp_ak9_mag_30rnd x1 from the trader "Magazines (Oliver [AMMO & MAGAZINES])" in market zone "The Holler" (pos=<4864.000000, 0.000000, 2314.000000>).
07:11:33.488 [Market] Player "wiggy" (id=SgADkNjbGaUs8SauxTNPqYQENYs5GlEGD7NNksMh0hI=) has bought twp_ak9_mag_30rnd x1 from the trader "Magazines (Oliver [AMMO & MAGAZINES])" in market zone "The Holler" (pos=<4864.000000, 0.000000, 2314.000000>) for a price of 900.
07:11:40.355 [Market] Player "wiggy" (id=SgADkNjbGaUs8SauxTNPqYQENYs5GlEGD7NNksMh0hI=) has send a requested to purchase twp_ak9_mag_30rnd x1 from the trader "Magazines (Oliver [AMMO & MAGAZINES])" in market zone "The Holler" (pos=<4864.000000, 0.000000, 2314.000000>).
07:11:40.523 [Market] Player "wiggy" (id=SgADkNjbGaUs8SauxTNPqYQENYs5GlEGD7NNksMh0hI=) has bought twp_ak9_mag_30rnd x1 from the trader "Magazines (Oliver [AMMO & MAGAZINES])" in market zone "The Holler" (pos=<4864.000000, 0.000000, 2314.000000>) for a price of 900.
07:11:50.755 [Market] Player "Lets_G0_Brandon" (id=RjqUafmWjW9Q1BHza4n7WoZ_8uUWujoz2w-ciuQaZcs=) has send a requested to purchase ammobox_556x45_20rnd x1 from the trader "Magazines (Oliver [AMMO & MAGAZINES])" in market zone "The Holler" (pos=<4864.000000, 0.000000, 2314.000000>).
07:11:51.039 [Market] Player "Lets_G0_Brandon" (id=RjqUafmWjW9Q1BHza4n7WoZ_8uUWujoz2w-ciuQaZcs=) has bought ammobox_556x45_20rnd x1 from the trader "Magazines (Oliver [AMMO & MAGAZINES])" in market zone "The Holler" (pos=<4864.000000, 0.000000, 2314.000000>) for a price of 32.
07:11:51.390 [Market] Player "Lets_G0_Brandon" (id=RjqUafmWjW9Q1BHza4n7WoZ_8uUWujoz2w-ciuQaZcs=) has send a requested to purchase ammobox_556x45_20rnd x1 from the trader "Magazines (Oliver [AMMO & MAGAZINES])" in market zone "The Holler" (pos=<4864.000000, 0.000000, 2314.000000>).
07:11:51.699 [Market] Player "Lets_G0_Brandon" (id=RjqUafmWjW9Q1BHza4n7WoZ_8uUWujoz2w-ciuQaZcs=) has bought ammobox_556x45_20rnd x1 from the trader "Magazines (Oliver [AMMO & MAGAZINES])" in market zone "The Holler" (pos=<4864.000000, 0.000000, 2314.000000>) for a price of 32.
07:11:51.994 [Market] Player "Lets_G0_Brandon" (id=RjqUafmWjW9Q1BHza4n7WoZ_8uUWujoz2w-ciuQaZcs=) has send a requested to purchase ammobox_556x45_20rnd x1 from the trader "Magazines (Oliver [AMMO & MAGAZINES])" in market zone "The Holler" (pos=<4864.000000, 0.000000, 2314.000000>).
07:11:52.281 [Market] Player "Lets_G0_Brandon" (id=RjqUafmWjW9Q1BHza4n7WoZ_8uUWujoz2w-ciuQaZcs=) has bought ammobox_556x45_20rnd x1 from the trader "Magazines (Oliver [AMMO & MAGAZINES])" in market zone "The Holler" (pos=<4864.000000, 0.000000, 2314.000000>) for a price of 32.
07:11:52.580 [Market] Player "Lets_G0_Brandon" (id=RjqUafmWjW9Q1BHza4n7WoZ_8uUWujoz2w-ciuQaZcs=) has send a requested to purchase ammobox_556x45_20rnd x1 from the trader "Magazines (Oliver [AMMO & MAGAZINES])" in market zone "The Holler" (pos=<4864.000000, 0.000000, 2314.000000>).
07:11:52.867 [Market] Player "Lets_G0_Brandon" (id=RjqUafmWjW9Q1BHza4n7WoZ_8uUWujoz2w-ciuQaZcs=) has bought ammobox_556x45_20rnd x1 from the trader "Magazines (Oliver [AMMO & MAGAZINES])" in market zone "The Holler" (pos=<4864.000000, 0.000000, 2314.000000>) for a price of 32.
07:11:58.167 [Market] Player "Lets_G0_Brandon" (id=RjqUafmWjW9Q1BHza4n7WoZ_8uUWujoz2w-ciuQaZcs=) has send a requested to purchase ammobox_556x45_20rnd x1 from the trader "Magazines (Oliver [AMMO & MAGAZINES])" in market zone "The Holler" (pos=<4864.000000, 0.000000, 2314.000000>).
07:11:58.453 [Market] Player "Lets_G0_Brandon" (id=RjqUafmWjW9Q1BHza4n7WoZ_8uUWujoz2w-ciuQaZcs=) has bought ammobox_556x45_20rnd x1 from the trader "Magazines (Oliver [AMMO & MAGAZINES])" in market zone "The Holler" (pos=<4864.000000, 0.000000, 2314.000000>) for a price of 32.
07:11:59.992 [Market] Player "Lets_G0_Brandon" (id=RjqUafmWjW9Q1BHza4n7WoZ_8uUWujoz2w-ciuQaZcs=) has send a requested to purchase ammobox_556x45_20rnd x1 from the trader "Magazines (Oliver [AMMO & MAGAZINES])" in market zone "The Holler" (pos=<4864.000000, 0.000000, 2314.000000>).
07:12:00.267 [Market] Player "Lets_G0_Brandon" (id=RjqUafmWjW9Q1BHza4n7WoZ_8uUWujoz2w-ciuQaZcs=) has bought ammobox_556x45_20rnd x1 from the trader "Magazines (Oliver [AMMO & MAGAZINES])" in market zone "The Holler" (pos=<4864.000000, 0.000000, 2314.000000>) for a price of 32.
07:12:00.619 [Market] Player "Lets_G0_Brandon" (id=RjqUafmWjW9Q1BHza4n7WoZ_8uUWujoz2w-ciuQaZcs=) has send a requested to purchase ammobox_556x45_20rnd x1 from the trader "Magazines (Oliver [AMMO & MAGAZINES])" in market zone "The Holler" (pos=<4864.000000, 0.000000, 2314.000000>).
07:12:00.896 [Market] Player "Lets_G0_Brandon" (id=RjqUafmWjW9Q1BHza4n7WoZ_8uUWujoz2w-ciuQaZcs=) has bought ammobox_556x45_20rnd x1 from the trader "Magazines (Oliver [AMMO & MAGAZINES])" in market zone "The Holler" (pos=<4864.000000, 0.000000, 2314.000000>) for a price of 32.
07:12:01.085 [Market] Player "Lets_G0_Brandon" (id=RjqUafmWjW9Q1BHza4n7WoZ_8uUWujoz2w-ciuQaZcs=) has send a requested to purchase ammobox_556x45_20rnd x1 from the trader "Magazines (Oliver [AMMO & MAGAZINES])" in market zone "The Holler" (pos=<4864.000000, 0.000000, 2314.000000>).
07:12:01.371 [Market] Player "Lets_G0_Brandon" (id=RjqUafmWjW9Q1BHza4n7WoZ_8uUWujoz2w-ciuQaZcs=) has bought ammobox_556x45_20rnd x1 from the trader "Magazines (Oliver [AMMO & MAGAZINES])" in market zone "The Holler" (pos=<4864.000000, 0.000000, 2314.000000>) for a price of 32.
07:12:01.667 [Market] Player "Lets_G0_Brandon" (id=RjqUafmWjW9Q1BHza4n7WoZ_8uUWujoz2w-ciuQaZcs=) has send a requested to purchase ammobox_556x45_20rnd x1 from the trader "Magazines (Oliver [AMMO & MAGAZINES])" in market zone "The Holler" (pos=<4864.000000, 0.000000, 2314.000000>).
07:12:01.976 [Market] Player "Lets_G0_Brandon" (id=RjqUafmWjW9Q1BHza4n7WoZ_8uUWujoz2w-ciuQaZcs=) has bought ammobox_556x45_20rnd x1 from the trader "Magazines (Oliver [AMMO & MAGAZINES])" in market zone "The Holler" (pos=<4864.000000, 0.000000, 2314.000000>) for a price of 32.
07:12:02.371 [Market] Player "Lets_G0_Brandon" (id=RjqUafmWjW9Q1BHza4n7WoZ_8uUWujoz2w-ciuQaZcs=) has send a requested to purchase ammobox_556x45_20rnd x1 from the trader "Magazines (Oliver [AMMO & MAGAZINES])" in market zone "The Holler" (pos=<4864.000000, 0.000000, 2314.000000>).
07:12:02.667 [Market] Player "Lets_G0_Brandon" (id=RjqUafmWjW9Q1BHza4n7WoZ_8uUWujoz2w-ciuQaZcs=) has bought ammobox_556x45_20rnd x1 from the trader "Magazines (Oliver [AMMO & MAGAZINES])" in market zone "The Holler" (pos=<4864.000000, 0.000000, 2314.000000>) for a price of 32.
07:12:24.136 [Market] Player "wiggy" (id=SgADkNjbGaUs8SauxTNPqYQENYs5GlEGD7NNksMh0hI=) has send a requested to purchase ammobox_9x39ap_20rnd x1 from the trader "Magazines (Oliver [AMMO & MAGAZINES])" in market zone "The Holler" (pos=<4864.000000, 0.000000, 2314.000000>).
07:12:24.279 [Market] Player "wiggy" (id=SgADkNjbGaUs8SauxTNPqYQENYs5GlEGD7NNksMh0hI=) has bought ammobox_9x39ap_20rnd x1 from the trader "Magazines (Oliver [AMMO & MAGAZINES])" in market zone "The Holler" (pos=<4864.000000, 0.000000, 2314.000000>) for a price of 64.
07:12:25.380 [Market] Player "wiggy" (id=SgADkNjbGaUs8SauxTNPqYQENYs5GlEGD7NNksMh0hI=) has send a requested to purchase ammobox_9x39ap_20rnd x1 from the trader "Magazines (Oliver [AMMO & MAGAZINES])" in market zone "The Holler" (pos=<4864.000000, 0.000000, 2314.000000>).
07:12:25.576 [Market] Player "wiggy" (id=SgADkNjbGaUs8SauxTNPqYQENYs5GlEGD7NNksMh0hI=) has bought ammobox_9x39ap_20rnd x1 from the trader "Magazines (Oliver [AMMO & MAGAZINES])" in market zone "The Holler" (pos=<4864.000000, 0.000000, 2314.000000>) for a price of 64.
07:12:26.494 [Market] Player "wiggy" (id=SgADkNjbGaUs8SauxTNPqYQENYs5GlEGD7NNksMh0hI=) has send a requested to purchase ammobox_9x39ap_20rnd x1 from the trader "Magazines (Oliver [AMMO & MAGAZINES])" in market zone "The Holler" (pos=<4864.000000, 0.000000, 2314.000000>).
07:12:26.662 [Market] Player "wiggy" (id=SgADkNjbGaUs8SauxTNPqYQENYs5GlEGD7NNksMh0hI=) has bought ammobox_9x39ap_20rnd x1 from the trader "Magazines (Oliver [AMMO & MAGAZINES])" in market zone "The Holler" (pos=<4864.000000, 0.000000, 2314.000000>) for a price of 64.
07:12:27.597 [Market] Player "wiggy" (id=SgADkNjbGaUs8SauxTNPqYQENYs5GlEGD7NNksMh0hI=) has send a requested to purchase ammobox_9x39ap_20rnd x1 from the trader "Magazines (Oliver [AMMO & MAGAZINES])" in market zone "The Holler" (pos=<4864.000000, 0.000000, 2314.000000>).
07:12:27.773 [Market] Player "wiggy" (id=SgADkNjbGaUs8SauxTNPqYQENYs5GlEGD7NNksMh0hI=) has bought ammobox_9x39ap_20rnd x1 from the trader "Magazines (Oliver [AMMO & MAGAZINES])" in market zone "The Holler" (pos=<4864.000000, 0.000000, 2314.000000>) for a price of 64.
07:12:28.761 [Market] Player "wiggy" (id=SgADkNjbGaUs8SauxTNPqYQENYs5GlEGD7NNksMh0hI=) has send a requested to purchase ammobox_9x39ap_20rnd x1 from the trader "Magazines (Oliver [AMMO & MAGAZINES])" in market zone "The Holler" (pos=<4864.000000, 0.000000, 2314.000000>).
07:12:28.906 [Market] Player "wiggy" (id=SgADkNjbGaUs8SauxTNPqYQENYs5GlEGD7NNksMh0hI=) has bought ammobox_9x39ap_20rnd x1 from the trader "Magazines (Oliver [AMMO & MAGAZINES])" in market zone "The Holler" (pos=<4864.000000, 0.000000, 2314.000000>) for a price of 64.
07:12:30.824 [Market] Player "wiggy" (id=SgADkNjbGaUs8SauxTNPqYQENYs5GlEGD7NNksMh0hI=) has send a requested to purchase ammobox_9x39ap_20rnd x1 from the trader "Magazines (Oliver [AMMO & MAGAZINES])" in market zone "The Holler" (pos=<4864.000000, 0.000000, 2314.000000>).
07:12:31.003 [Market] Player "wiggy" (id=SgADkNjbGaUs8SauxTNPqYQENYs5GlEGD7NNksMh0hI=) has bought ammobox_9x39ap_20rnd x1 from the trader "Magazines (Oliver [AMMO & MAGAZINES])" in market zone "The Holler" (pos=<4864.000000, 0.000000, 2314.000000>) for a price of 64.
07:12:42.281 [ATM] Player "wiggy" (id=SgADkNjbGaUs8SauxTNPqYQENYs5GlEGD7NNksMh0hI=) has deposited 11158 on his ATM account.
07:13:15.072 [VehicleCarKey] Player "wiggy" (id=SgADkNjbGaUs8SauxTNPqYQENYs5GlEGD7NNksMh0hI= pos=<4751.602051, 6.323015, 2269.560059>) used the  ExpansionCarKey to unlock BMW_rust (id=DDBC82C59944EE64A0DA01B852519D1E pos=<4754.542969, 6.232407, 2271.159912>)
07:14:02.750 [ATM] Player "Lets_G0_Brandon" (id=RjqUafmWjW9Q1BHza4n7WoZ_8uUWujoz2w-ciuQaZcs=) has withdrawn 480 from his ATM account.
07:14:24.554 [Market] Player "Lets_G0_Brandon" (id=RjqUafmWjW9Q1BHza4n7WoZ_8uUWujoz2w-ciuQaZcs=) has send a requested to purchase mag_stanag_60rnd x1 from the trader "Magazines (Oliver [AMMO & MAGAZINES])" in market zone "The Holler" (pos=<4864.000000, 0.000000, 2314.000000>).
07:14:24.875 [Market] Player "Lets_G0_Brandon" (id=RjqUafmWjW9Q1BHza4n7WoZ_8uUWujoz2w-ciuQaZcs=) has bought mag_stanag_60rnd x1 from the trader "Magazines (Oliver [AMMO & MAGAZINES])" in market zone "The Holler" (pos=<4864.000000, 0.000000, 2314.000000>) for a price of 480.
07:15:59.626 [Expansion Quests] - InitQuestSystemClient - Loaded existing player quest data for player with UID: 8aHbwb5XZ9Gq0J-7qO1AVn3G8YD6-lBt4iCz53aUxso=
07:15:59.626 [Expansion Quests] - LoadGroupQuestData - Got cached group quest data for group with ID: -1
07:15:59.626 [Expansion Quests] - Create new quest instance for quest: 99 - Player UID: 8aHbwb5XZ9Gq0J-7qO1AVn3G8YD6-lBt4iCz53aUxso=
07:27:06.648 [VehicleEnter] Player wiggy [uid=SgADkNjbGaUs8SauxTNPqYQENYs5GlEGD7NNksMh0hI=] entered vehicle BMW (rust) (id=DDBC82C59944EE64A0DA01B852519D1E pos=<4754.542969, 6.232407, 2271.159912>) as passenger
07:27:10.935 [VehicleEnter] Player Lets_G0_Brandon [uid=RjqUafmWjW9Q1BHza4n7WoZ_8uUWujoz2w-ciuQaZcs=] entered vehicle BMW (rust) (id=DDBC82C59944EE64A0DA01B852519D1E pos=<4754.542969, 6.232398, 2271.160156>) as driver
07:27:14.033 [VehicleEngine] Player Lets_G0_Brandon [uid=RjqUafmWjW9Q1BHza4n7WoZ_8uUWujoz2w-ciuQaZcs=] started vehicle BMW (rust) (id=DDBC82C59944EE64A0DA01B852519D1E pos=<4754.542969, 6.232388, 2271.160156>)
07:28:00.619 [VehicleLeave] Player wiggy [uid=SgADkNjbGaUs8SauxTNPqYQENYs5GlEGD7NNksMh0hI=] left vehicle BMW (rust) (id=DDBC82C59944EE64A0DA01B852519D1E pos=<4606.610352, 2.393277, 2221.525146>)
07:28:00.785 [Safezone] Player "Lets_G0_Brandon" (id=RjqUafmWjW9Q1BHza4n7WoZ_8uUWujoz2w-ciuQaZcs= pos=<4606.620117, 2.979999, 2221.082520>) Left the safezone
07:28:00.785 [Safezone] Player "wiggy" (id=SgADkNjbGaUs8SauxTNPqYQENYs5GlEGD7NNksMh0hI= pos=<4606.020996, 2.660429, 2222.514893>) Left the safezone
07:28:32.859 [VehicleEnter] Player wiggy [uid=SgADkNjbGaUs8SauxTNPqYQENYs5GlEGD7NNksMh0hI=] entered vehicle BMW (rust) (id=DDBC82C59944EE64A0DA01B852519D1E pos=<4606.610840, 2.393235, 2221.525635>) as passenger
07:31:57.960 [MissionAirdrop] An airdrop is heading towards "Airfield" (pos=<6791.240234, 0.000000, 2116.860107> type=Random_Airfield) with a ExpansionAirdropContainer_Medical
07:35:01.652 [VehicleLeave] Player Lets_G0_Brandon [uid=RjqUafmWjW9Q1BHza4n7WoZ_8uUWujoz2w-ciuQaZcs=] left vehicle BMW (rust) (id=DDBC82C59944EE64A0DA01B852519D1E pos=<2278.761719, 15.489730, 810.246826>)
07:35:02.011 [VehicleLeave] Player wiggy [uid=SgADkNjbGaUs8SauxTNPqYQENYs5GlEGD7NNksMh0hI=] left vehicle BMW (rust) (id=DDBC82C59944EE64A0DA01B852519D1E pos=<2278.761719, 15.489735, 810.247009>)
07:35:42.597 [VehicleCarKey] Player "wiggy" (id=SgADkNjbGaUs8SauxTNPqYQENYs5GlEGD7NNksMh0hI= pos=<2279.236084, 15.582481, 812.478882>) used the  ExpansionCarKey to lock BMW_rust (id=DDBC82C59944EE64A0DA01B852519D1E pos=<2278.761719, 15.489723, 810.247009>)
07:52:00.365 [Expansion Quests] - InitQuestSystemClient - Loaded existing player quest data for player with UID: 8aHbwb5XZ9Gq0J-7qO1AVn3G8YD6-lBt4iCz53aUxso=
07:52:00.365 [Expansion Quests] - LoadGroupQuestData - Got cached group quest data for group with ID: -1
07:52:00.367 [Expansion Quests] - Create new quest instance for quest: 99 - Player UID: 8aHbwb5XZ9Gq0J-7qO1AVn3G8YD6-lBt4iCz53aUxso=
07:52:03.494 [VehicleCarKey] Player "wiggy" (id=SgADkNjbGaUs8SauxTNPqYQENYs5GlEGD7NNksMh0hI= pos=<2278.773682, 15.582462, 812.480347>) used the  ExpansionCarKey to unlock BMW_rust (id=DDBC82C59944EE64A0DA01B852519D1E pos=<2278.761719, 15.489723, 810.247009>)
07:52:21.816 [VehicleEnter] Player Lets_G0_Brandon [uid=RjqUafmWjW9Q1BHza4n7WoZ_8uUWujoz2w-ciuQaZcs=] entered vehicle BMW (rust) (id=DDBC82C59944EE64A0DA01B852519D1E pos=<2278.763184, 15.489736, 810.246826>) as driver
07:53:29.462 [VehicleEnter] Player wiggy [uid=SgADkNjbGaUs8SauxTNPqYQENYs5GlEGD7NNksMh0hI=] entered vehicle BMW (rust) (id=DDBC82C59944EE64A0DA01B852519D1E pos=<2278.798584, 15.489724, 810.245850>) as passenger
07:53:29.462 [VehicleEngine] Player Lets_G0_Brandon [uid=RjqUafmWjW9Q1BHza4n7WoZ_8uUWujoz2w-ciuQaZcs=] started vehicle BMW (rust) (id=DDBC82C59944EE64A0DA01B852519D1E pos=<2278.798584, 15.489724, 810.245850>)
07:56:08.208 [VehicleLeave] Player wiggy [uid=SgADkNjbGaUs8SauxTNPqYQENYs5GlEGD7NNksMh0hI=] left vehicle BMW (rust) (id=DDBC82C59944EE64A0DA01B852519D1E pos=<2317.131592, 77.027153, 1696.881592>)
07:56:09.335 [VehicleLeave] Player Lets_G0_Brandon [uid=RjqUafmWjW9Q1BHza4n7WoZ_8uUWujoz2w-ciuQaZcs=] left vehicle BMW (rust) (id=DDBC82C59944EE64A0DA01B852519D1E pos=<2317.131592, 77.027145, 1696.881592>)
07:57:00.005 [VehicleEnter] Player Lets_G0_Brandon [uid=RjqUafmWjW9Q1BHza4n7WoZ_8uUWujoz2w-ciuQaZcs=] entered vehicle BMW (rust) (id=DDBC82C59944EE64A0DA01B852519D1E pos=<2317.131104, 77.027176, 1696.882080>) as driver
07:57:03.484 [VehicleEngine] Player Lets_G0_Brandon [uid=RjqUafmWjW9Q1BHza4n7WoZ_8uUWujoz2w-ciuQaZcs=] started vehicle BMW (rust) (id=DDBC82C59944EE64A0DA01B852519D1E pos=<2317.129883, 77.027199, 1696.882568>)
07:57:23.234 [VehicleLeave] Player Lets_G0_Brandon [uid=RjqUafmWjW9Q1BHza4n7WoZ_8uUWujoz2w-ciuQaZcs=] left vehicle BMW (rust) (id=DDBC82C59944EE64A0DA01B852519D1E pos=<2331.205811, 78.115028, 1684.578125>)
07:59:38.730 [VehicleCover] Player "Lets_G0_Brandon" (id=RjqUafmWjW9Q1BHza4n7WoZ_8uUWujoz2w-ciuQaZcs= pos=<2333.910889, 78.194191, 1683.585571>) uncovered vehicle "PONTIAC_rust" (GlobalID=80000000800000008000000080000318 pos=<2335.303955, 78.164421, 1680.639282>)!
07:59:47.144 [VehicleCarKey] Player "Lets_G0_Brandon" (id=RjqUafmWjW9Q1BHza4n7WoZ_8uUWujoz2w-ciuQaZcs= pos=<2333.913574, 78.194206, 1683.635010>) used the  ExpansionCarKey to unlock PONTIAC_rust (id=525AF640164F953D89B2299E6AC4BD24 pos=<2335.304199, 78.164421, 1680.639648>)
08:01:30.369 [VehicleCarKey] Player "Lets_G0_Brandon" (id=RjqUafmWjW9Q1BHza4n7WoZ_8uUWujoz2w-ciuQaZcs= pos=<2334.823242, 78.194000, 1683.924805>) used the  ExpansionCarKey to lock PONTIAC_rust (id=525AF640164F953D89B2299E6AC4BD24 pos=<2335.304199, 78.164421, 1680.639648>)
08:01:51.111 [VehicleDeleted] PONTIAC_rust (id=525AF640164F953D89B2299E6AC4BD24 pos=<2335.304199, 78.164421, 1680.639648>)
08:01:51.111 [VehicleCover] Player "Lets_G0_Brandon" (id=RjqUafmWjW9Q1BHza4n7WoZ_8uUWujoz2w-ciuQaZcs= pos=<2335.604004, 78.193520, 1683.048096>) covered vehicle "PONTIAC_rust" (GlobalID=80000000800000008000000080000318 pos=<2335.304199, 78.164421, 1680.639648>)!
08:04:27.503 [VehicleCover] Player "Lets_G0_Brandon" (id=RjqUafmWjW9Q1BHza4n7WoZ_8uUWujoz2w-ciuQaZcs= pos=<2334.499756, 78.194107, 1683.958740>) uncovered vehicle "PONTIAC_rust" (GlobalID=80000000800000008000000080000318 pos=<2335.304199, 78.164421, 1680.639648>)!
08:04:39.736 [VehicleCarKey] Player "Lets_G0_Brandon" (id=RjqUafmWjW9Q1BHza4n7WoZ_8uUWujoz2w-ciuQaZcs= pos=<2334.728027, 78.193893, 1683.421021>) used the  ExpansionCarKey to unlock PONTIAC_rust (id=B3682638E04B3F17AF58AE933C961A54 pos=<2335.303955, 78.164421, 1680.639404>)
08:07:33.937 [VehicleCarKey] Player "wiggy" (id=SgADkNjbGaUs8SauxTNPqYQENYs5GlEGD7NNksMh0hI= pos=<2329.289551, 78.196396, 1686.644897>) used the  ExpansionCarKey to lock BMW_rust (id=DDBC82C59944EE64A0DA01B852519D1E pos=<2331.203613, 78.115013, 1684.579590>)
08:07:44.080 [VehicleCarKey] Player "Lets_G0_Brandon" (id=RjqUafmWjW9Q1BHza4n7WoZ_8uUWujoz2w-ciuQaZcs= pos=<2334.255127, 78.194054, 1683.472900>) used the  ExpansionCarKey to lock PONTIAC_rust (id=B3682638E04B3F17AF58AE933C961A54 pos=<2335.303955, 78.164421, 1680.639404>)
08:07:56.394 [VehicleDeleted] BMW_rust (id=DDBC82C59944EE64A0DA01B852519D1E pos=<2331.203613, 78.115013, 1684.579590>)
08:07:56.394 [VehicleCover] Player "wiggy" (id=SgADkNjbGaUs8SauxTNPqYQENYs5GlEGD7NNksMh0hI= pos=<2328.966797, 78.196571, 1686.937500>) covered vehicle "BMW_rust" (GlobalID=800000008000000080000000800002E2 pos=<2331.203613, 78.115013, 1684.579590>)!
08:07:58.562 [VehicleDeleted] PONTIAC_rust (id=B3682638E04B3F17AF58AE933C961A54 pos=<2335.303955, 78.164421, 1680.639404>)
08:07:58.562 [VehicleCover] Player "Lets_G0_Brandon" (id=RjqUafmWjW9Q1BHza4n7WoZ_8uUWujoz2w-ciuQaZcs= pos=<2334.545654, 78.194054, 1683.800415>) covered vehicle "PONTIAC_rust" (GlobalID=80000000800000008000000080000318 pos=<2335.303955, 78.164421, 1680.639404>)!
08:09:55.613 [Party] Player "wiggy" (id=SgADkNjbGaUs8SauxTNPqYQENYs5GlEGD7NNksMh0hI=) left the party "Hard Gits" (id=2 ownerUID=RjqUafmWjW9Q1BHza4n7WoZ_8uUWujoz2w-ciuQaZcs= ownerName=Lets_G0_Brandon)
08:10:09.630 [Party] Player "Lets_G0_Brandon" (id=RjqUafmWjW9Q1BHza4n7WoZ_8uUWujoz2w-ciuQaZcs=) left the party "Hard Gits" (id=2 ownerUID=RjqUafmWjW9Q1BHza4n7WoZ_8uUWujoz2w-ciuQaZcs= ownerName=Lets_G0_Brandon)
11:15:28.312 [Party] Player "Hooligan-235" (id=Lz9Kmumu1QnE7HX0I_hIz0vW-Eq-ERMw5EWCTjeKz4U=) joinded the party "AFL" (id=4 ownerUID=Lz9Kmumu1QnE7HX0I_hIz0vW-Eq-ERMw5EWCTjeKz4U= ownerName=Hooligan-235)
11:15:28.328 [Expansion Quests] - InitQuestSystemClient - Loaded existing player quest data for player with UID: Lz9Kmumu1QnE7HX0I_hIz0vW-Eq-ERMw5EWCTjeKz4U=
11:15:28.328 [Expansion Quests] - LoadGroupQuestData - Loaded existing group quest data for group with ID: 4
11:15:29.292 [Expansion Quests] - LoadGroupQuestData - Got cached group quest data for group with ID: 4
11:15:34.960 [MissionAirdrop] An airdrop is heading towards "South Harbor" (pos=<1854.040039, 0.000000, 584.143005> type=Random_South-Harbor) with a ExpansionAirdropContainer_Military
11:23:33.820 [Party] Player "Sharkparty" (id=2H7391gmOSCz4VnnBebcTth-2Sm4qjaSYaboxsOPA1Q=) joinded the party "Sharkparty" (id=3 ownerUID=2H7391gmOSCz4VnnBebcTth-2Sm4qjaSYaboxsOPA1Q= ownerName=Sharkparty)
11:23:33.832 [Expansion Quests] - InitQuestSystemClient - Loaded existing player quest data for player with UID: 2H7391gmOSCz4VnnBebcTth-2Sm4qjaSYaboxsOPA1Q=
11:23:33.832 [Expansion Quests] - LoadGroupQuestData - Loaded existing group quest data for group with ID: 3
11:23:34.812 [Expansion Quests] - LoadGroupQuestData - Got cached group quest data for group with ID: 3
11:29:05.160 [Party] Player "Hooligan-235" (id=Lz9Kmumu1QnE7HX0I_hIz0vW-Eq-ERMw5EWCTjeKz4U=) joinded the party "AFL" (id=4 ownerUID=Lz9Kmumu1QnE7HX0I_hIz0vW-Eq-ERMw5EWCTjeKz4U= ownerName=Hooligan-235)
11:29:06.152 [Expansion Quests] - LoadGroupQuestData - Got cached group quest data for group with ID: 4
11:59:03.562 [Party] Player "Sharkparty" (id=2H7391gmOSCz4VnnBebcTth-2Sm4qjaSYaboxsOPA1Q=) left the party "Sharkparty" (id=3 ownerUID=2H7391gmOSCz4VnnBebcTth-2Sm4qjaSYaboxsOPA1Q= ownerName=Sharkparty)
11:59:20.171 [Party] Player "Hooligan-235" (id=Lz9Kmumu1QnE7HX0I_hIz0vW-Eq-ERMw5EWCTjeKz4U=) left the party "AFL" (id=4 ownerUID=Lz9Kmumu1QnE7HX0I_hIz0vW-Eq-ERMw5EWCTjeKz4U= ownerName=Hooligan-235)
