06:22:02.007 [Party] Player "Lets_G0_Brandon" (id=RjqUafmWjW9Q1BHza4n7WoZ_8uUWujoz2w-ciuQaZcs=) joinded the party "Hard Gits" (id=2 ownerUID=RjqUafmWjW9Q1BHza4n7WoZ_8uUWujoz2w-ciuQaZcs= ownerName=Lets_G0_Brandon)
06:22:02.017 [Expansion Quests] - InitQuestSystemClient - Loaded existing player quest data for player with UID: RjqUafmWjW9Q1BHza4n7WoZ_8uUWujoz2w-ciuQaZcs=
06:22:02.019 [Expansion Quests] - LoadGroupQuestData - Loaded existing group quest data for group with ID: 2
06:22:02.019 [Expansion Quests] - Create new quest instance for quest: 57 - Player UID: RjqUafmWjW9Q1BHza4n7WoZ_8uUWujoz2w-ciuQaZcs=
06:22:02.966 [Expansion Quests] - LoadGroupQuestData - Got cached group quest data for group with ID: 2
06:27:03.572 [MissionAirdrop] An airdrop is heading towards "Airfield" (pos=<6791.240234, 0.000000, 2116.860107> type=Random_Airfield) with a ExpansionAirdropContainer_Medical
06:35:57.453 [Party] Player "wiggy" (id=SgADkNjbGaUs8SauxTNPqYQENYs5GlEGD7NNksMh0hI=) joinded the party "Hard Gits" (id=2 ownerUID=RjqUafmWjW9Q1BHza4n7WoZ_8uUWujoz2w-ciuQaZcs= ownerName=Lets_G0_Brandon)
06:35:57.470 [Expansion Quests] - InitQuestSystemClient - Loaded existing player quest data for player with UID: SgADkNjbGaUs8SauxTNPqYQENYs5GlEGD7NNksMh0hI=
06:35:57.470 [Expansion Quests] - LoadGroupQuestData - Got cached group quest data for group with ID: 2
06:35:57.470 [Expansion Quests] - Create new quest instance for quest: 51 - Player UID: SgADkNjbGaUs8SauxTNPqYQENYs5GlEGD7NNksMh0hI=
06:35:58.404 [Expansion Quests] - LoadGroupQuestData - Got cached group quest data for group with ID: 2
06:41:02.617 [VehicleCover] Player "Lets_G0_Brandon" (id=RjqUafmWjW9Q1BHza4n7WoZ_8uUWujoz2w-ciuQaZcs= pos=<2332.071045, 78.195686, 1687.035400>) uncovered vehicle "BMW_rust" (GlobalID=800000008000000080000000800002E2 pos=<2331.705078, 78.114792, 1684.379761>)!
06:41:22.947 [VehicleCarKey] Player "Lets_G0_Brandon" (id=RjqUafmWjW9Q1BHza4n7WoZ_8uUWujoz2w-ciuQaZcs= pos=<2331.759033, 78.195839, 1687.244873>) used the  ExpansionCarKey to unlock BMW_rust (id=56E1052F6A476F7CA6A0819B5E158931 pos=<2331.705078, 78.114769, 1684.380127>)
06:42:58.234 [VehicleEnter] Player Lets_G0_Brandon [uid=RjqUafmWjW9Q1BHza4n7WoZ_8uUWujoz2w-ciuQaZcs=] entered vehicle BMW (rust) (id=56E1052F6A476F7CA6A0819B5E158931 pos=<2331.703613, 78.114815, 1684.381104>) as driver
06:43:01.833 [VehicleEngine] Player Lets_G0_Brandon [uid=RjqUafmWjW9Q1BHza4n7WoZ_8uUWujoz2w-ciuQaZcs=] started vehicle BMW (rust) (id=56E1052F6A476F7CA6A0819B5E158931 pos=<2331.703369, 78.114815, 1684.380737>)
06:43:42.984 [VehicleEnter] Player wiggy [uid=SgADkNjbGaUs8SauxTNPqYQENYs5GlEGD7NNksMh0hI=] entered vehicle BMW (rust) (id=56E1052F6A476F7CA6A0819B5E158931 pos=<2314.010742, 77.038635, 1700.031250>) as passenger
06:44:11.853 [AI Patrol] Spawning 2 Shamans bots at <1813.024170, 15.570000, 571.543274>
06:48:29.292 [AI Patrol] Spawning 2 Shamans bots at <4971.245117, 45.307674, 1352.553833>
06:48:44.992 [VehicleLeave] Player Lets_G0_Brandon [uid=RjqUafmWjW9Q1BHza4n7WoZ_8uUWujoz2w-ciuQaZcs=] left vehicle BMW (rust) (id=56E1052F6A476F7CA6A0819B5E158931 pos=<4020.787109, 34.701073, 1523.010254>)
06:48:51.158 [VehicleLeave] Player wiggy [uid=SgADkNjbGaUs8SauxTNPqYQENYs5GlEGD7NNksMh0hI=] left vehicle BMW (rust) (id=56E1052F6A476F7CA6A0819B5E158931 pos=<4020.787109, 34.701462, 1523.012451>)
06:48:52.560 [VehicleAttachments] Player Lets_G0_Brandon (uid=RjqUafmWjW9Q1BHza4n7WoZ_8uUWujoz2w-ciuQaZcs=) detached BMW Wheel (type=BMW_Wheel) from vehicle BMW (rust)(id=56E1052F6A476F7CA6A0819B5E158931 pos=<4020.787109, 34.701462, 1523.012451>)
06:48:59.759 [VehicleEnter] Player wiggy [uid=SgADkNjbGaUs8SauxTNPqYQENYs5GlEGD7NNksMh0hI=] entered vehicle BMW (rust) (id=56E1052F6A476F7CA6A0819B5E158931 pos=<4020.798584, 34.702896, 1523.028442>) as driver
06:49:02.933 [VehicleEngine] Player wiggy [uid=SgADkNjbGaUs8SauxTNPqYQENYs5GlEGD7NNksMh0hI=] started vehicle BMW (rust) (id=56E1052F6A476F7CA6A0819B5E158931 pos=<4020.806641, 34.702229, 1523.043823>)
06:49:52.871 [VehicleLeave] Player wiggy [uid=SgADkNjbGaUs8SauxTNPqYQENYs5GlEGD7NNksMh0hI=] left vehicle BMW (rust) (id=56E1052F6A476F7CA6A0819B5E158931 pos=<4020.815430, 34.711361, 1523.142090>)
06:50:32.802 [VehicleAttachments] Player wiggy (uid=SgADkNjbGaUs8SauxTNPqYQENYs5GlEGD7NNksMh0hI=) detached BMW Wheel (type=BMW_Wheel) from vehicle BMW (rust)(id=56E1052F6A476F7CA6A0819B5E158931 pos=<4020.872070, 34.696178, 1523.080688>)
06:51:39.994 [VehicleEnter] Player Lets_G0_Brandon [uid=RjqUafmWjW9Q1BHza4n7WoZ_8uUWujoz2w-ciuQaZcs=] entered vehicle BMW (rust) (id=56E1052F6A476F7CA6A0819B5E158931 pos=<4021.652832, 34.516750, 1523.133301>) as driver
06:51:43.587 [VehicleEngine] Player Lets_G0_Brandon [uid=RjqUafmWjW9Q1BHza4n7WoZ_8uUWujoz2w-ciuQaZcs=] started vehicle BMW (rust) (id=56E1052F6A476F7CA6A0819B5E158931 pos=<4021.693604, 34.501980, 1523.192139>)
06:52:06.537 [VehicleEnter] Player wiggy [uid=SgADkNjbGaUs8SauxTNPqYQENYs5GlEGD7NNksMh0hI=] entered vehicle BMW (rust) (id=56E1052F6A476F7CA6A0819B5E158931 pos=<4022.051270, 34.456436, 1523.573608>) as passenger
06:55:25.187 [Safezone] Player "Lets_G0_Brandon" (id=RjqUafmWjW9Q1BHza4n7WoZ_8uUWujoz2w-ciuQaZcs= pos=<4666.612305, 3.001780, 2243.004883>) Entered the safezone
06:55:25.681 [Safezone] Player "wiggy" (id=SgADkNjbGaUs8SauxTNPqYQENYs5GlEGD7NNksMh0hI= pos=<4674.358398, 3.007251, 2244.946045>) Entered the safezone
06:55:50.654 [VehicleLeave] Player Lets_G0_Brandon [uid=RjqUafmWjW9Q1BHza4n7WoZ_8uUWujoz2w-ciuQaZcs=] left vehicle BMW (rust) (id=56E1052F6A476F7CA6A0819B5E158931 pos=<4773.675293, 6.229744, 2277.425537>)
06:55:50.894 [VehicleLeave] Player wiggy [uid=SgADkNjbGaUs8SauxTNPqYQENYs5GlEGD7NNksMh0hI=] left vehicle BMW (rust) (id=56E1052F6A476F7CA6A0819B5E158931 pos=<4773.675781, 6.229722, 2277.425537>)
06:56:05.755 [VehicleCarKey] Player "Lets_G0_Brandon" (id=RjqUafmWjW9Q1BHza4n7WoZ_8uUWujoz2w-ciuQaZcs= pos=<4774.375000, 6.322510, 2279.221436>) used the  ExpansionCarKey to lock BMW_rust (id=56E1052F6A476F7CA6A0819B5E158931 pos=<4773.675293, 6.229735, 2277.425537>)
06:56:22.134 [Expansion Quests] - CompleteQuest - Player with UID RjqUafmWjW9Q1BHza4n7WoZ_8uUWujoz2w-ciuQaZcs= has completed quest 57
06:56:37.820 [Expansion Quests] - CreateQuestInstance - Created new quest instance for with instance key RjqUafmWjW9Q1BHza4n7WoZ_8uUWujoz2w-ciuQaZcs= for quest 55
06:59:02.753 [Expansion Quests] - CompleteQuest - Player with UID SgADkNjbGaUs8SauxTNPqYQENYs5GlEGD7NNksMh0hI= has completed quest 51
06:59:06.216 [Market] Player "Lets_G0_Brandon" (id=RjqUafmWjW9Q1BHza4n7WoZ_8uUWujoz2w-ciuQaZcs=) has send a requested to purchase ammobox_556x45_20rnd x1 from the trader "Magazines (Oliver [AMMO & MAGAZINES])" in market zone "The Holler" (pos=<4864.000000, 0.000000, 2314.000000>).
06:59:06.476 [Market] Player "Lets_G0_Brandon" (id=RjqUafmWjW9Q1BHza4n7WoZ_8uUWujoz2w-ciuQaZcs=) has bought ammobox_556x45_20rnd x1 from the trader "Magazines (Oliver [AMMO & MAGAZINES])" in market zone "The Holler" (pos=<4864.000000, 0.000000, 2314.000000>) for a price of 32.
06:59:07.853 [Market] Player "Lets_G0_Brandon" (id=RjqUafmWjW9Q1BHza4n7WoZ_8uUWujoz2w-ciuQaZcs=) has send a requested to purchase ammobox_556x45_20rnd x1 from the trader "Magazines (Oliver [AMMO & MAGAZINES])" in market zone "The Holler" (pos=<4864.000000, 0.000000, 2314.000000>).
06:59:08.142 [Market] Player "Lets_G0_Brandon" (id=RjqUafmWjW9Q1BHza4n7WoZ_8uUWujoz2w-ciuQaZcs=) has bought ammobox_556x45_20rnd x1 from the trader "Magazines (Oliver [AMMO & MAGAZINES])" in market zone "The Holler" (pos=<4864.000000, 0.000000, 2314.000000>) for a price of 32.
06:59:09.277 [Market] Player "Lets_G0_Brandon" (id=RjqUafmWjW9Q1BHza4n7WoZ_8uUWujoz2w-ciuQaZcs=) has send a requested to purchase ammobox_556x45_20rnd x1 from the trader "Magazines (Oliver [AMMO & MAGAZINES])" in market zone "The Holler" (pos=<4864.000000, 0.000000, 2314.000000>).
06:59:09.544 [Market] Player "Lets_G0_Brandon" (id=RjqUafmWjW9Q1BHza4n7WoZ_8uUWujoz2w-ciuQaZcs=) has bought ammobox_556x45_20rnd x1 from the trader "Magazines (Oliver [AMMO & MAGAZINES])" in market zone "The Holler" (pos=<4864.000000, 0.000000, 2314.000000>) for a price of 32.
06:59:14.978 [Market] Player "Lets_G0_Brandon" (id=RjqUafmWjW9Q1BHza4n7WoZ_8uUWujoz2w-ciuQaZcs=) has send a requested to purchase ammobox_9x39ap_20rnd x1 from the trader "Magazines (Oliver [AMMO & MAGAZINES])" in market zone "The Holler" (pos=<4864.000000, 0.000000, 2314.000000>).
06:59:15.261 [Market] Player "Lets_G0_Brandon" (id=RjqUafmWjW9Q1BHza4n7WoZ_8uUWujoz2w-ciuQaZcs=) has bought ammobox_9x39ap_20rnd x1 from the trader "Magazines (Oliver [AMMO & MAGAZINES])" in market zone "The Holler" (pos=<4864.000000, 0.000000, 2314.000000>) for a price of 64.
06:59:24.941 [Market] Player "Lets_G0_Brandon" (id=RjqUafmWjW9Q1BHza4n7WoZ_8uUWujoz2w-ciuQaZcs=) has send a requested to purchase ammobox_556x45_20rnd x1 from the trader "Magazines (Oliver [AMMO & MAGAZINES])" in market zone "The Holler" (pos=<4864.000000, 0.000000, 2314.000000>).
06:59:25.214 [Market] Player "Lets_G0_Brandon" (id=RjqUafmWjW9Q1BHza4n7WoZ_8uUWujoz2w-ciuQaZcs=) has bought ammobox_556x45_20rnd x1 from the trader "Magazines (Oliver [AMMO & MAGAZINES])" in market zone "The Holler" (pos=<4864.000000, 0.000000, 2314.000000>) for a price of 32.
06:59:53.164 [Expansion Quests] - CreateQuestInstance - Created new quest instance for with instance key SgADkNjbGaUs8SauxTNPqYQENYs5GlEGD7NNksMh0hI= for quest 56
07:00:25.750 [ATM] Player "wiggy" (id=SgADkNjbGaUs8SauxTNPqYQENYs5GlEGD7NNksMh0hI=) has withdrawn 64014 from his ATM account.
07:00:45.128 [Market] Player "wiggy" (id=SgADkNjbGaUs8SauxTNPqYQENYs5GlEGD7NNksMh0hI=) has send a requested to purchase ammobox_9x39ap_20rnd x1 from the trader "Magazines (Oliver [AMMO & MAGAZINES])" in market zone "The Holler" (pos=<4864.000000, 0.000000, 2314.000000>).
07:00:45.298 [Market] Player "wiggy" (id=SgADkNjbGaUs8SauxTNPqYQENYs5GlEGD7NNksMh0hI=) has bought ammobox_9x39ap_20rnd x1 from the trader "Magazines (Oliver [AMMO & MAGAZINES])" in market zone "The Holler" (pos=<4864.000000, 0.000000, 2314.000000>) for a price of 64.
07:00:46.500 [Market] Player "wiggy" (id=SgADkNjbGaUs8SauxTNPqYQENYs5GlEGD7NNksMh0hI=) has send a requested to purchase ammobox_9x39ap_20rnd x1 from the trader "Magazines (Oliver [AMMO & MAGAZINES])" in market zone "The Holler" (pos=<4864.000000, 0.000000, 2314.000000>).
07:00:46.691 [Market] Player "wiggy" (id=SgADkNjbGaUs8SauxTNPqYQENYs5GlEGD7NNksMh0hI=) has bought ammobox_9x39ap_20rnd x1 from the trader "Magazines (Oliver [AMMO & MAGAZINES])" in market zone "The Holler" (pos=<4864.000000, 0.000000, 2314.000000>) for a price of 64.
07:00:47.818 [Market] Player "wiggy" (id=SgADkNjbGaUs8SauxTNPqYQENYs5GlEGD7NNksMh0hI=) has send a requested to purchase ammobox_9x39ap_20rnd x1 from the trader "Magazines (Oliver [AMMO & MAGAZINES])" in market zone "The Holler" (pos=<4864.000000, 0.000000, 2314.000000>).
07:00:48.003 [Market] Player "wiggy" (id=SgADkNjbGaUs8SauxTNPqYQENYs5GlEGD7NNksMh0hI=) has bought ammobox_9x39ap_20rnd x1 from the trader "Magazines (Oliver [AMMO & MAGAZINES])" in market zone "The Holler" (pos=<4864.000000, 0.000000, 2314.000000>) for a price of 64.
07:00:48.894 [Market] Player "wiggy" (id=SgADkNjbGaUs8SauxTNPqYQENYs5GlEGD7NNksMh0hI=) has send a requested to purchase ammobox_9x39ap_20rnd x1 from the trader "Magazines (Oliver [AMMO & MAGAZINES])" in market zone "The Holler" (pos=<4864.000000, 0.000000, 2314.000000>).
07:00:49.058 [Market] Player "wiggy" (id=SgADkNjbGaUs8SauxTNPqYQENYs5GlEGD7NNksMh0hI=) has bought ammobox_9x39ap_20rnd x1 from the trader "Magazines (Oliver [AMMO & MAGAZINES])" in market zone "The Holler" (pos=<4864.000000, 0.000000, 2314.000000>) for a price of 64.
07:00:49.255 [ATM] Player "Lets_G0_Brandon" (id=RjqUafmWjW9Q1BHza4n7WoZ_8uUWujoz2w-ciuQaZcs=) has withdrawn 500 from his ATM account.
07:00:49.845 [Market] Player "wiggy" (id=SgADkNjbGaUs8SauxTNPqYQENYs5GlEGD7NNksMh0hI=) has send a requested to purchase ammobox_9x39ap_20rnd x1 from the trader "Magazines (Oliver [AMMO & MAGAZINES])" in market zone "The Holler" (pos=<4864.000000, 0.000000, 2314.000000>).
07:00:50.017 [Market] Player "wiggy" (id=SgADkNjbGaUs8SauxTNPqYQENYs5GlEGD7NNksMh0hI=) has bought ammobox_9x39ap_20rnd x1 from the trader "Magazines (Oliver [AMMO & MAGAZINES])" in market zone "The Holler" (pos=<4864.000000, 0.000000, 2314.000000>) for a price of 64.
07:00:50.726 [Market] Player "wiggy" (id=SgADkNjbGaUs8SauxTNPqYQENYs5GlEGD7NNksMh0hI=) has send a requested to purchase ammobox_9x39ap_20rnd x1 from the trader "Magazines (Oliver [AMMO & MAGAZINES])" in market zone "The Holler" (pos=<4864.000000, 0.000000, 2314.000000>).
07:00:50.871 [Market] Player "wiggy" (id=SgADkNjbGaUs8SauxTNPqYQENYs5GlEGD7NNksMh0hI=) has bought ammobox_9x39ap_20rnd x1 from the trader "Magazines (Oliver [AMMO & MAGAZINES])" in market zone "The Holler" (pos=<4864.000000, 0.000000, 2314.000000>) for a price of 64.
07:01:02.197 [ATM] Player "wiggy" (id=SgADkNjbGaUs8SauxTNPqYQENYs5GlEGD7NNksMh0hI=) has deposited 63830 on his ATM account.
07:01:07.847 [Market] Player "Lets_G0_Brandon" (id=RjqUafmWjW9Q1BHza4n7WoZ_8uUWujoz2w-ciuQaZcs=) has send a requested to purchase ammobox_9x39ap_20rnd x1 from the trader "Magazines (Oliver [AMMO & MAGAZINES])" in market zone "The Holler" (pos=<4864.000000, 0.000000, 2314.000000>).
07:01:08.109 [Market] Player "Lets_G0_Brandon" (id=RjqUafmWjW9Q1BHza4n7WoZ_8uUWujoz2w-ciuQaZcs=) has bought ammobox_9x39ap_20rnd x1 from the trader "Magazines (Oliver [AMMO & MAGAZINES])" in market zone "The Holler" (pos=<4864.000000, 0.000000, 2314.000000>) for a price of 64.
07:01:09.464 [Market] Player "Lets_G0_Brandon" (id=RjqUafmWjW9Q1BHza4n7WoZ_8uUWujoz2w-ciuQaZcs=) has send a requested to purchase ammobox_9x39ap_20rnd x1 from the trader "Magazines (Oliver [AMMO & MAGAZINES])" in market zone "The Holler" (pos=<4864.000000, 0.000000, 2314.000000>).
07:01:09.763 [Market] Player "Lets_G0_Brandon" (id=RjqUafmWjW9Q1BHza4n7WoZ_8uUWujoz2w-ciuQaZcs=) has bought ammobox_9x39ap_20rnd x1 from the trader "Magazines (Oliver [AMMO & MAGAZINES])" in market zone "The Holler" (pos=<4864.000000, 0.000000, 2314.000000>) for a price of 64.
07:01:11.228 [Market] Player "Lets_G0_Brandon" (id=RjqUafmWjW9Q1BHza4n7WoZ_8uUWujoz2w-ciuQaZcs=) has send a requested to purchase ammobox_9x39ap_20rnd x1 from the trader "Magazines (Oliver [AMMO & MAGAZINES])" in market zone "The Holler" (pos=<4864.000000, 0.000000, 2314.000000>).
07:01:11.539 [Market] Player "Lets_G0_Brandon" (id=RjqUafmWjW9Q1BHza4n7WoZ_8uUWujoz2w-ciuQaZcs=) has bought ammobox_9x39ap_20rnd x1 from the trader "Magazines (Oliver [AMMO & MAGAZINES])" in market zone "The Holler" (pos=<4864.000000, 0.000000, 2314.000000>) for a price of 64.
07:01:13.332 [Market] Player "Lets_G0_Brandon" (id=RjqUafmWjW9Q1BHza4n7WoZ_8uUWujoz2w-ciuQaZcs=) has send a requested to purchase ammobox_9x39ap_20rnd x1 from the trader "Magazines (Oliver [AMMO & MAGAZINES])" in market zone "The Holler" (pos=<4864.000000, 0.000000, 2314.000000>).
07:01:13.632 [Market] Player "Lets_G0_Brandon" (id=RjqUafmWjW9Q1BHza4n7WoZ_8uUWujoz2w-ciuQaZcs=) has bought ammobox_9x39ap_20rnd x1 from the trader "Magazines (Oliver [AMMO & MAGAZINES])" in market zone "The Holler" (pos=<4864.000000, 0.000000, 2314.000000>) for a price of 64.
07:01:16.304 [Market] Player "Lets_G0_Brandon" (id=RjqUafmWjW9Q1BHza4n7WoZ_8uUWujoz2w-ciuQaZcs=) has send a requested to purchase ammobox_9x39ap_20rnd x1 from the trader "Magazines (Oliver [AMMO & MAGAZINES])" in market zone "The Holler" (pos=<4864.000000, 0.000000, 2314.000000>).
07:01:16.574 [Market] Player "Lets_G0_Brandon" (id=RjqUafmWjW9Q1BHza4n7WoZ_8uUWujoz2w-ciuQaZcs=) has bought ammobox_9x39ap_20rnd x1 from the trader "Magazines (Oliver [AMMO & MAGAZINES])" in market zone "The Holler" (pos=<4864.000000, 0.000000, 2314.000000>) for a price of 64.
07:01:27.224 [Market] Player "Lets_G0_Brandon" (id=RjqUafmWjW9Q1BHza4n7WoZ_8uUWujoz2w-ciuQaZcs=) has send a requested to purchase ammobox_556x45_20rnd x1 from the trader "Magazines (Oliver [AMMO & MAGAZINES])" in market zone "The Holler" (pos=<4864.000000, 0.000000, 2314.000000>).
07:01:27.503 [Market] Player "Lets_G0_Brandon" (id=RjqUafmWjW9Q1BHza4n7WoZ_8uUWujoz2w-ciuQaZcs=) has bought ammobox_556x45_20rnd x1 from the trader "Magazines (Oliver [AMMO & MAGAZINES])" in market zone "The Holler" (pos=<4864.000000, 0.000000, 2314.000000>) for a price of 32.
07:01:28.558 [Market] Player "Lets_G0_Brandon" (id=RjqUafmWjW9Q1BHza4n7WoZ_8uUWujoz2w-ciuQaZcs=) has send a requested to purchase ammobox_556x45_20rnd x1 from the trader "Magazines (Oliver [AMMO & MAGAZINES])" in market zone "The Holler" (pos=<4864.000000, 0.000000, 2314.000000>).
07:01:28.857 [Market] Player "Lets_G0_Brandon" (id=RjqUafmWjW9Q1BHza4n7WoZ_8uUWujoz2w-ciuQaZcs=) has bought ammobox_556x45_20rnd x1 from the trader "Magazines (Oliver [AMMO & MAGAZINES])" in market zone "The Holler" (pos=<4864.000000, 0.000000, 2314.000000>) for a price of 32.
07:01:29.861 [Market] Player "Lets_G0_Brandon" (id=RjqUafmWjW9Q1BHza4n7WoZ_8uUWujoz2w-ciuQaZcs=) has send a requested to purchase ammobox_556x45_20rnd x1 from the trader "Magazines (Oliver [AMMO & MAGAZINES])" in market zone "The Holler" (pos=<4864.000000, 0.000000, 2314.000000>).
07:01:30.166 [Market] Player "Lets_G0_Brandon" (id=RjqUafmWjW9Q1BHza4n7WoZ_8uUWujoz2w-ciuQaZcs=) has bought ammobox_556x45_20rnd x1 from the trader "Magazines (Oliver [AMMO & MAGAZINES])" in market zone "The Holler" (pos=<4864.000000, 0.000000, 2314.000000>) for a price of 32.
07:01:31.406 [Market] Player "Lets_G0_Brandon" (id=RjqUafmWjW9Q1BHza4n7WoZ_8uUWujoz2w-ciuQaZcs=) has send a requested to purchase ammobox_556x45_20rnd x1 from the trader "Magazines (Oliver [AMMO & MAGAZINES])" in market zone "The Holler" (pos=<4864.000000, 0.000000, 2314.000000>).
07:01:31.707 [Market] Player "Lets_G0_Brandon" (id=RjqUafmWjW9Q1BHza4n7WoZ_8uUWujoz2w-ciuQaZcs=) has bought ammobox_556x45_20rnd x1 from the trader "Magazines (Oliver [AMMO & MAGAZINES])" in market zone "The Holler" (pos=<4864.000000, 0.000000, 2314.000000>) for a price of 32.
07:01:33.556 [Market] Player "Lets_G0_Brandon" (id=RjqUafmWjW9Q1BHza4n7WoZ_8uUWujoz2w-ciuQaZcs=) has send a requested to purchase ammobox_556x45_20rnd x1 from the trader "Magazines (Oliver [AMMO & MAGAZINES])" in market zone "The Holler" (pos=<4864.000000, 0.000000, 2314.000000>).
07:01:33.861 [Market] Player "Lets_G0_Brandon" (id=RjqUafmWjW9Q1BHza4n7WoZ_8uUWujoz2w-ciuQaZcs=) has bought ammobox_556x45_20rnd x1 from the trader "Magazines (Oliver [AMMO & MAGAZINES])" in market zone "The Holler" (pos=<4864.000000, 0.000000, 2314.000000>) for a price of 32.
07:11:44.652 [ATM] Player "Lets_G0_Brandon" (id=RjqUafmWjW9Q1BHza4n7WoZ_8uUWujoz2w-ciuQaZcs=) has deposited 28 on his ATM account.
07:22:08.335 [VehicleCarKey] Player "Lets_G0_Brandon" (id=RjqUafmWjW9Q1BHza4n7WoZ_8uUWujoz2w-ciuQaZcs= pos=<4773.423828, 6.322513, 2278.995850>) used the  ExpansionCarKey to unlock BMW_rust (id=56E1052F6A476F7CA6A0819B5E158931 pos=<4773.675293, 6.229735, 2277.425537>)
07:22:11.972 [VehicleEnter] Player wiggy [uid=SgADkNjbGaUs8SauxTNPqYQENYs5GlEGD7NNksMh0hI=] entered vehicle BMW (rust) (id=56E1052F6A476F7CA6A0819B5E158931 pos=<4773.675293, 6.229735, 2277.425537>) as passenger
07:22:14.972 [VehicleEnter] Player Lets_G0_Brandon [uid=RjqUafmWjW9Q1BHza4n7WoZ_8uUWujoz2w-ciuQaZcs=] entered vehicle BMW (rust) (id=56E1052F6A476F7CA6A0819B5E158931 pos=<4773.675293, 6.229743, 2277.425537>) as driver
07:22:18.132 [VehicleEngine] Player Lets_G0_Brandon [uid=RjqUafmWjW9Q1BHza4n7WoZ_8uUWujoz2w-ciuQaZcs=] started vehicle BMW (rust) (Locked) (id=56E1052F6A476F7CA6A0819B5E158931 pos=<4773.675293, 6.229753, 2277.425537>)
07:23:13.250 [Safezone] Player "wiggy" (id=SgADkNjbGaUs8SauxTNPqYQENYs5GlEGD7NNksMh0hI= pos=<4541.010254, 3.028160, 2199.125488>) Left the safezone
07:23:13.250 [Safezone] Player "Lets_G0_Brandon" (id=RjqUafmWjW9Q1BHza4n7WoZ_8uUWujoz2w-ciuQaZcs= pos=<4541.292480, 3.028910, 2198.335449>) Left the safezone
07:27:03.765 [VehicleLeave] Player wiggy [uid=SgADkNjbGaUs8SauxTNPqYQENYs5GlEGD7NNksMh0hI=] left vehicle BMW (rust) (id=56E1052F6A476F7CA6A0819B5E158931 pos=<4765.296875, 42.627373, 1467.403564>)
07:27:05.216 [VehicleLeave] Player Lets_G0_Brandon [uid=RjqUafmWjW9Q1BHza4n7WoZ_8uUWujoz2w-ciuQaZcs=] left vehicle BMW (rust) (id=56E1052F6A476F7CA6A0819B5E158931 pos=<4765.296875, 42.627392, 1467.403564>)
07:27:06.984 [VehicleCarKey] Player "Lets_G0_Brandon" (id=RjqUafmWjW9Q1BHza4n7WoZ_8uUWujoz2w-ciuQaZcs= pos=<4764.894531, 42.692497, 1469.864502>) used the  ExpansionCarKey to lock BMW_rust (id=56E1052F6A476F7CA6A0819B5E158931 pos=<4765.296875, 42.627399, 1467.403564>)
07:32:45.927 [VehicleCarKey] Player "Lets_G0_Brandon" (id=RjqUafmWjW9Q1BHza4n7WoZ_8uUWujoz2w-ciuQaZcs= pos=<4764.875000, 42.692497, 1469.361938>) used the  ExpansionCarKey to unlock BMW_rust (id=56E1052F6A476F7CA6A0819B5E158931 pos=<4765.296875, 42.627399, 1467.403564>)
07:32:53.369 [VehicleEnter] Player wiggy [uid=SgADkNjbGaUs8SauxTNPqYQENYs5GlEGD7NNksMh0hI=] entered vehicle BMW (rust) (id=56E1052F6A476F7CA6A0819B5E158931 pos=<4765.296875, 42.627399, 1467.403564>) as passenger
07:32:58.097 [VehicleEnter] Player Lets_G0_Brandon [uid=RjqUafmWjW9Q1BHza4n7WoZ_8uUWujoz2w-ciuQaZcs=] entered vehicle BMW (rust) (id=56E1052F6A476F7CA6A0819B5E158931 pos=<4765.296875, 42.627399, 1467.403564>) as driver
07:33:02.199 [VehicleEngine] Player Lets_G0_Brandon [uid=RjqUafmWjW9Q1BHza4n7WoZ_8uUWujoz2w-ciuQaZcs=] started vehicle BMW (rust) (id=56E1052F6A476F7CA6A0819B5E158931 pos=<4765.296875, 42.627354, 1467.403809>)
07:35:31.515 [Safezone] Player "wiggy" (id=SgADkNjbGaUs8SauxTNPqYQENYs5GlEGD7NNksMh0hI= pos=<4674.125977, 3.007078, 2243.810791>) Entered the safezone
07:35:31.515 [Safezone] Player "Lets_G0_Brandon" (id=RjqUafmWjW9Q1BHza4n7WoZ_8uUWujoz2w-ciuQaZcs= pos=<4673.851563, 3.007838, 2244.603271>) Entered the safezone
07:35:46.437 [VehicleLeave] Player wiggy [uid=SgADkNjbGaUs8SauxTNPqYQENYs5GlEGD7NNksMh0hI=] left vehicle BMW (rust) (id=56E1052F6A476F7CA6A0819B5E158931 pos=<4771.926270, 6.230014, 2276.985352>)
07:35:46.789 [VehicleLeave] Player Lets_G0_Brandon [uid=RjqUafmWjW9Q1BHza4n7WoZ_8uUWujoz2w-ciuQaZcs=] left vehicle BMW (rust) (id=56E1052F6A476F7CA6A0819B5E158931 pos=<4771.926270, 6.230013, 2276.985352>)
07:36:09.750 [VehicleCarKey] Player "Lets_G0_Brandon" (id=RjqUafmWjW9Q1BHza4n7WoZ_8uUWujoz2w-ciuQaZcs= pos=<4772.008301, 6.322517, 2279.050049>) used the  ExpansionCarKey to lock BMW_rust (id=56E1052F6A476F7CA6A0819B5E158931 pos=<4771.926270, 6.230015, 2276.985352>)
07:36:10.289 [Expansion Quests] - CompleteQuest - Player with UID SgADkNjbGaUs8SauxTNPqYQENYs5GlEGD7NNksMh0hI= has completed quest 56
07:36:34.507 [Expansion Quests] - CreateQuestInstance - Created new quest instance for with instance key SgADkNjbGaUs8SauxTNPqYQENYs5GlEGD7NNksMh0hI= for quest 54
07:36:36.445 [ATM] Player "Lets_G0_Brandon" (id=RjqUafmWjW9Q1BHza4n7WoZ_8uUWujoz2w-ciuQaZcs=) has withdrawn 10000 from his ATM account.
07:36:55.427 [Market] Player "Lets_G0_Brandon" (id=RjqUafmWjW9Q1BHza4n7WoZ_8uUWujoz2w-ciuQaZcs=) has send a requested to purchase twp_ak9_mag_30rnd x1 from the trader "Magazines (Oliver [AMMO & MAGAZINES])" in market zone "The Holler" (pos=<4864.000000, 0.000000, 2314.000000>).
07:36:55.722 [Market] Player "Lets_G0_Brandon" (id=RjqUafmWjW9Q1BHza4n7WoZ_8uUWujoz2w-ciuQaZcs=) has bought twp_ak9_mag_30rnd x1 from the trader "Magazines (Oliver [AMMO & MAGAZINES])" in market zone "The Holler" (pos=<4864.000000, 0.000000, 2314.000000>) for a price of 900.
07:36:56.691 [Market] Player "Lets_G0_Brandon" (id=RjqUafmWjW9Q1BHza4n7WoZ_8uUWujoz2w-ciuQaZcs=) has send a requested to purchase twp_ak9_mag_30rnd x1 from the trader "Magazines (Oliver [AMMO & MAGAZINES])" in market zone "The Holler" (pos=<4864.000000, 0.000000, 2314.000000>).
07:36:56.970 [Market] Player "Lets_G0_Brandon" (id=RjqUafmWjW9Q1BHza4n7WoZ_8uUWujoz2w-ciuQaZcs=) has bought twp_ak9_mag_30rnd x1 from the trader "Magazines (Oliver [AMMO & MAGAZINES])" in market zone "The Holler" (pos=<4864.000000, 0.000000, 2314.000000>) for a price of 900.
07:36:57.925 [Market] Player "Lets_G0_Brandon" (id=RjqUafmWjW9Q1BHza4n7WoZ_8uUWujoz2w-ciuQaZcs=) has send a requested to purchase twp_ak9_mag_30rnd x1 from the trader "Magazines (Oliver [AMMO & MAGAZINES])" in market zone "The Holler" (pos=<4864.000000, 0.000000, 2314.000000>).
07:36:58.181 [Market] Player "Lets_G0_Brandon" (id=RjqUafmWjW9Q1BHza4n7WoZ_8uUWujoz2w-ciuQaZcs=) has bought twp_ak9_mag_30rnd x1 from the trader "Magazines (Oliver [AMMO & MAGAZINES])" in market zone "The Holler" (pos=<4864.000000, 0.000000, 2314.000000>) for a price of 900.
07:36:59.226 [Market] Player "Lets_G0_Brandon" (id=RjqUafmWjW9Q1BHza4n7WoZ_8uUWujoz2w-ciuQaZcs=) has send a requested to purchase twp_ak9_mag_30rnd x1 from the trader "Magazines (Oliver [AMMO & MAGAZINES])" in market zone "The Holler" (pos=<4864.000000, 0.000000, 2314.000000>).
07:36:59.527 [Market] Player "Lets_G0_Brandon" (id=RjqUafmWjW9Q1BHza4n7WoZ_8uUWujoz2w-ciuQaZcs=) has bought twp_ak9_mag_30rnd x1 from the trader "Magazines (Oliver [AMMO & MAGAZINES])" in market zone "The Holler" (pos=<4864.000000, 0.000000, 2314.000000>) for a price of 900.
07:37:00.478 [Market] Player "Lets_G0_Brandon" (id=RjqUafmWjW9Q1BHza4n7WoZ_8uUWujoz2w-ciuQaZcs=) has send a requested to purchase twp_ak9_mag_30rnd x1 from the trader "Magazines (Oliver [AMMO & MAGAZINES])" in market zone "The Holler" (pos=<4864.000000, 0.000000, 2314.000000>).
07:37:00.746 [Market] Player "Lets_G0_Brandon" (id=RjqUafmWjW9Q1BHza4n7WoZ_8uUWujoz2w-ciuQaZcs=) has bought twp_ak9_mag_30rnd x1 from the trader "Magazines (Oliver [AMMO & MAGAZINES])" in market zone "The Holler" (pos=<4864.000000, 0.000000, 2314.000000>) for a price of 900.
07:39:41.705 [Market] Player "Lets_G0_Brandon" (id=RjqUafmWjW9Q1BHza4n7WoZ_8uUWujoz2w-ciuQaZcs=) has send a requested to purchase ammobox_9x39ap_20rnd x1 from the trader "Magazines (Oliver [AMMO & MAGAZINES])" in market zone "The Holler" (pos=<4864.000000, 0.000000, 2314.000000>).
07:39:41.986 [Market] Player "Lets_G0_Brandon" (id=RjqUafmWjW9Q1BHza4n7WoZ_8uUWujoz2w-ciuQaZcs=) has bought ammobox_9x39ap_20rnd x1 from the trader "Magazines (Oliver [AMMO & MAGAZINES])" in market zone "The Holler" (pos=<4864.000000, 0.000000, 2314.000000>) for a price of 64.
07:39:42.316 [Market] Player "Lets_G0_Brandon" (id=RjqUafmWjW9Q1BHza4n7WoZ_8uUWujoz2w-ciuQaZcs=) has send a requested to purchase ammobox_9x39ap_20rnd x1 from the trader "Magazines (Oliver [AMMO & MAGAZINES])" in market zone "The Holler" (pos=<4864.000000, 0.000000, 2314.000000>).
07:39:42.609 [Market] Player "Lets_G0_Brandon" (id=RjqUafmWjW9Q1BHza4n7WoZ_8uUWujoz2w-ciuQaZcs=) has bought ammobox_9x39ap_20rnd x1 from the trader "Magazines (Oliver [AMMO & MAGAZINES])" in market zone "The Holler" (pos=<4864.000000, 0.000000, 2314.000000>) for a price of 64.
07:39:42.931 [Market] Player "Lets_G0_Brandon" (id=RjqUafmWjW9Q1BHza4n7WoZ_8uUWujoz2w-ciuQaZcs=) has send a requested to purchase ammobox_9x39ap_20rnd x1 from the trader "Magazines (Oliver [AMMO & MAGAZINES])" in market zone "The Holler" (pos=<4864.000000, 0.000000, 2314.000000>).
07:39:43.183 [Market] Player "Lets_G0_Brandon" (id=RjqUafmWjW9Q1BHza4n7WoZ_8uUWujoz2w-ciuQaZcs=) has bought ammobox_9x39ap_20rnd x1 from the trader "Magazines (Oliver [AMMO & MAGAZINES])" in market zone "The Holler" (pos=<4864.000000, 0.000000, 2314.000000>) for a price of 64.
07:39:44.460 [Market] Player "Lets_G0_Brandon" (id=RjqUafmWjW9Q1BHza4n7WoZ_8uUWujoz2w-ciuQaZcs=) has send a requested to purchase ammobox_9x39ap_20rnd x1 from the trader "Magazines (Oliver [AMMO & MAGAZINES])" in market zone "The Holler" (pos=<4864.000000, 0.000000, 2314.000000>).
07:39:45.208 [Market] Player "Lets_G0_Brandon" (id=RjqUafmWjW9Q1BHza4n7WoZ_8uUWujoz2w-ciuQaZcs=) has bought ammobox_9x39ap_20rnd x1 from the trader "Magazines (Oliver [AMMO & MAGAZINES])" in market zone "The Holler" (pos=<4864.000000, 0.000000, 2314.000000>) for a price of 64.
07:39:47.671 [Market] Player "Lets_G0_Brandon" (id=RjqUafmWjW9Q1BHza4n7WoZ_8uUWujoz2w-ciuQaZcs=) has send a requested to purchase ammobox_9x39ap_20rnd x1 from the trader "Magazines (Oliver [AMMO & MAGAZINES])" in market zone "The Holler" (pos=<4864.000000, 0.000000, 2314.000000>).
07:39:47.976 [Market] Player "Lets_G0_Brandon" (id=RjqUafmWjW9Q1BHza4n7WoZ_8uUWujoz2w-ciuQaZcs=) has bought ammobox_9x39ap_20rnd x1 from the trader "Magazines (Oliver [AMMO & MAGAZINES])" in market zone "The Holler" (pos=<4864.000000, 0.000000, 2314.000000>) for a price of 64.
07:39:56.492 [ATM] Player "Lets_G0_Brandon" (id=RjqUafmWjW9Q1BHza4n7WoZ_8uUWujoz2w-ciuQaZcs=) has deposited 5180 on his ATM account.
07:42:03.273 [VehicleCarKey] Player "Lets_G0_Brandon" (id=RjqUafmWjW9Q1BHza4n7WoZ_8uUWujoz2w-ciuQaZcs= pos=<4772.056152, 6.322514, 2278.791992>) used the  ExpansionCarKey to unlock BMW_rust (id=56E1052F6A476F7CA6A0819B5E158931 pos=<4771.926270, 6.230015, 2276.985352>)
07:42:13.296 [VehicleEnter] Player Lets_G0_Brandon [uid=RjqUafmWjW9Q1BHza4n7WoZ_8uUWujoz2w-ciuQaZcs=] entered vehicle BMW (rust) (id=56E1052F6A476F7CA6A0819B5E158931 pos=<4771.926270, 6.230024, 2276.985352>) as driver
07:42:15.730 [VehicleEnter] Player wiggy [uid=SgADkNjbGaUs8SauxTNPqYQENYs5GlEGD7NNksMh0hI=] entered vehicle BMW (rust) (id=56E1052F6A476F7CA6A0819B5E158931 pos=<4771.926270, 6.230015, 2276.985352>) as passenger
07:42:16.593 [VehicleEngine] Player Lets_G0_Brandon [uid=RjqUafmWjW9Q1BHza4n7WoZ_8uUWujoz2w-ciuQaZcs=] started vehicle BMW (rust) (id=56E1052F6A476F7CA6A0819B5E158931 pos=<4771.926270, 6.230047, 2276.985352>)
07:42:52.095 [Safezone] Player "wiggy" (id=SgADkNjbGaUs8SauxTNPqYQENYs5GlEGD7NNksMh0hI= pos=<4533.016113, 3.027924, 2195.328125>) Left the safezone
07:42:52.095 [Safezone] Player "Lets_G0_Brandon" (id=RjqUafmWjW9Q1BHza4n7WoZ_8uUWujoz2w-ciuQaZcs= pos=<4533.306152, 3.028675, 2194.541016>) Left the safezone
07:45:29.531 [AI Patrol] Spawning 2 Shamans bots at <6264.583496, 28.334717, 2099.179688>
07:45:59.982 [Safezone] Player "Hawk" (id=Vq9KG5wXnlxiAZYi9EngBgzAagT-q5gfv9gcAfd4zA4= pos=<4788.438965, 7.423676, 2282.545166>) Entered the safezone
07:45:59.984 [Party] Player "Hawk" (id=Vq9KG5wXnlxiAZYi9EngBgzAagT-q5gfv9gcAfd4zA4=) joinded the party "Hard Gits" (id=2 ownerUID=RjqUafmWjW9Q1BHza4n7WoZ_8uUWujoz2w-ciuQaZcs= ownerName=Lets_G0_Brandon)
07:45:59.996 [Expansion Quests] - InitQuestSystemClient - Loaded existing player quest data for player with UID: Vq9KG5wXnlxiAZYi9EngBgzAagT-q5gfv9gcAfd4zA4=
07:45:59.996 [Expansion Quests] - LoadGroupQuestData - Got cached group quest data for group with ID: 2
07:46:00.943 [Expansion Quests] - LoadGroupQuestData - Got cached group quest data for group with ID: 2
07:47:05.695 [AI Patrol] Spawning 2 Shamans bots at <7382.417480, 27.806414, 2124.654541>
07:47:31.960 [VehicleLeave] Player Lets_G0_Brandon [uid=RjqUafmWjW9Q1BHza4n7WoZ_8uUWujoz2w-ciuQaZcs=] left vehicle BMW (rust) (id=56E1052F6A476F7CA6A0819B5E158931 pos=<6571.686035, 26.049721, 2102.581543>)
07:47:34.031 [VehicleLeave] Player wiggy [uid=SgADkNjbGaUs8SauxTNPqYQENYs5GlEGD7NNksMh0hI=] left vehicle BMW (rust) (id=56E1052F6A476F7CA6A0819B5E158931 pos=<6571.686035, 26.049742, 2102.581543>)
07:47:48.839 [Safezone] Player "Hawk" (id=Vq9KG5wXnlxiAZYi9EngBgzAagT-q5gfv9gcAfd4zA4= pos=<5105.798340, 1.807795, 2372.955811>) Left the safezone
07:49:26.847 [VehicleEnter] Player Lets_G0_Brandon [uid=RjqUafmWjW9Q1BHza4n7WoZ_8uUWujoz2w-ciuQaZcs=] entered vehicle BMW (rust) (id=56E1052F6A476F7CA6A0819B5E158931 pos=<6571.686035, 26.049732, 2102.582764>) as driver
07:49:33.394 [VehicleLeave] Player Lets_G0_Brandon [uid=RjqUafmWjW9Q1BHza4n7WoZ_8uUWujoz2w-ciuQaZcs=] left vehicle BMW (rust) (id=56E1052F6A476F7CA6A0819B5E158931 pos=<6571.685547, 26.049736, 2102.585938>)
07:49:34.626 [MissionAirdrop] An airdrop is heading towards "South Harbor" (pos=<1854.040039, 0.000000, 584.143005> type=Random_South-Harbor) with a ExpansionAirdropContainer_Basebuilding
07:49:43.199 [Safezone] Player "Mr.Warrior" (id=6hCxNhmcaZ7JeXJSF7evVrv0ZyyXYSyXIZJg-pSH2ZI= pos=<4806.190430, 6.322349, 2268.303711>) Entered the safezone
07:49:43.199 [Party] Player "Mr.Warrior" (id=6hCxNhmcaZ7JeXJSF7evVrv0ZyyXYSyXIZJg-pSH2ZI=) joinded the party "Hard Gits" (id=2 ownerUID=RjqUafmWjW9Q1BHza4n7WoZ_8uUWujoz2w-ciuQaZcs= ownerName=Lets_G0_Brandon)
07:49:43.210 [Expansion Quests] - InitQuestSystemClient - Loaded existing player quest data for player with UID: 6hCxNhmcaZ7JeXJSF7evVrv0ZyyXYSyXIZJg-pSH2ZI=
07:49:43.210 [Expansion Quests] - LoadGroupQuestData - Got cached group quest data for group with ID: 2
07:49:44.175 [Expansion Quests] - LoadGroupQuestData - Got cached group quest data for group with ID: 2
07:50:38.929 [VehicleCarKey] Player "Lets_G0_Brandon" (id=RjqUafmWjW9Q1BHza4n7WoZ_8uUWujoz2w-ciuQaZcs= pos=<6573.026367, 26.142473, 2103.610840>) used the  ExpansionCarKey to lock BMW_rust (id=56E1052F6A476F7CA6A0819B5E158931 pos=<6571.685547, 26.049730, 2102.586182>)
07:50:58.056 [Safezone] Player "Mr.Warrior" (id=6hCxNhmcaZ7JeXJSF7evVrv0ZyyXYSyXIZJg-pSH2ZI= pos=<4994.597656, 3.843096, 2078.481445>) Left the safezone
07:51:54.761 [VehicleCarKey] Player "Lets_G0_Brandon" (id=RjqUafmWjW9Q1BHza4n7WoZ_8uUWujoz2w-ciuQaZcs= pos=<6573.881836, 26.142498, 2103.456543>) used the  ExpansionCarKey to unlock BMW_rust (id=56E1052F6A476F7CA6A0819B5E158931 pos=<6571.685547, 26.049730, 2102.586182>)
07:52:16.025 [VehicleEnter] Player Lets_G0_Brandon [uid=RjqUafmWjW9Q1BHza4n7WoZ_8uUWujoz2w-ciuQaZcs=] entered vehicle BMW (rust) (id=56E1052F6A476F7CA6A0819B5E158931 pos=<6571.685547, 26.049740, 2102.586670>) as driver
07:52:19.230 [VehicleEngine] Player Lets_G0_Brandon [uid=RjqUafmWjW9Q1BHza4n7WoZ_8uUWujoz2w-ciuQaZcs=] started vehicle BMW (rust) (id=56E1052F6A476F7CA6A0819B5E158931 pos=<6571.685547, 26.049732, 2102.588135>)
07:52:35.681 [VehicleEnter] Player wiggy [uid=SgADkNjbGaUs8SauxTNPqYQENYs5GlEGD7NNksMh0hI=] entered vehicle BMW (rust) (id=56E1052F6A476F7CA6A0819B5E158931 pos=<6571.685547, 26.049726, 2102.595215>) as passenger
07:54:51.802 [VehicleEnter] Player Hawk [uid=Vq9KG5wXnlxiAZYi9EngBgzAagT-q5gfv9gcAfd4zA4=] entered vehicle BMW (rust) (id=56E1052F6A476F7CA6A0819B5E158931 pos=<5403.674316, 7.447475, 1997.736084>) as passenger
07:54:54.119 [VehicleEnter] Player Mr.Warrior [uid=6hCxNhmcaZ7JeXJSF7evVrv0ZyyXYSyXIZJg-pSH2ZI=] entered vehicle BMW (rust) (id=56E1052F6A476F7CA6A0819B5E158931 pos=<5403.673828, 7.447038, 1997.747070>) as passenger
07:57:42.421 [AI Patrol] Spawning 2 Shamans bots at <6642.994141, 19.120001, 3677.855225>
07:59:28.095 [VehicleLeave] Player Mr.Warrior [uid=6hCxNhmcaZ7JeXJSF7evVrv0ZyyXYSyXIZJg-pSH2ZI=] left vehicle BMW (rust) (id=56E1052F6A476F7CA6A0819B5E158931 pos=<6610.627930, 22.179752, 3728.830078>)
07:59:29.316 [VehicleLeave] Player Lets_G0_Brandon [uid=RjqUafmWjW9Q1BHza4n7WoZ_8uUWujoz2w-ciuQaZcs=] left vehicle BMW (rust) (id=56E1052F6A476F7CA6A0819B5E158931 pos=<6610.627441, 22.179745, 3728.830078>)
07:59:30.531 [VehicleLeave] Player wiggy [uid=SgADkNjbGaUs8SauxTNPqYQENYs5GlEGD7NNksMh0hI=] left vehicle BMW (rust) (id=56E1052F6A476F7CA6A0819B5E158931 pos=<6610.627441, 22.179726, 3728.830078>)
07:59:32.656 [VehicleLeave] Player Hawk [uid=Vq9KG5wXnlxiAZYi9EngBgzAagT-q5gfv9gcAfd4zA4=] left vehicle BMW (rust) (id=56E1052F6A476F7CA6A0819B5E158931 pos=<6610.627441, 22.179726, 3728.830078>)
08:01:16.113 [VehicleEnter] Player Lets_G0_Brandon [uid=RjqUafmWjW9Q1BHza4n7WoZ_8uUWujoz2w-ciuQaZcs=] entered vehicle BMW (rust) (id=56E1052F6A476F7CA6A0819B5E158931 pos=<6610.627441, 22.179729, 3728.830078>) as driver
08:01:30.312 [VehicleEngine] Player Lets_G0_Brandon [uid=RjqUafmWjW9Q1BHza4n7WoZ_8uUWujoz2w-ciuQaZcs=] started vehicle BMW (rust) (id=56E1052F6A476F7CA6A0819B5E158931 pos=<6610.625488, 22.179749, 3728.830078>)
08:01:46.707 [VehicleEnter] Player wiggy [uid=SgADkNjbGaUs8SauxTNPqYQENYs5GlEGD7NNksMh0hI=] entered vehicle BMW (rust) (id=56E1052F6A476F7CA6A0819B5E158931 pos=<6610.624512, 22.179724, 3728.830078>) as passenger
08:02:12.046 [VehicleEnter] Player Hawk [uid=Vq9KG5wXnlxiAZYi9EngBgzAagT-q5gfv9gcAfd4zA4=] entered vehicle BMW (rust) (id=56E1052F6A476F7CA6A0819B5E158931 pos=<6610.624023, 22.179733, 3728.830078>) as passenger
08:02:20.205 [VehicleEnter] Player Mr.Warrior [uid=6hCxNhmcaZ7JeXJSF7evVrv0ZyyXYSyXIZJg-pSH2ZI=] entered vehicle BMW (rust) (id=56E1052F6A476F7CA6A0819B5E158931 pos=<6610.624023, 22.179729, 3728.830078>) as passenger
08:07:24.210 [Safezone] Player "Mr.Warrior" (id=6hCxNhmcaZ7JeXJSF7evVrv0ZyyXYSyXIZJg-pSH2ZI= pos=<4984.776367, 4.385530, 2147.561768>) Entered the safezone
08:07:24.210 [Safezone] Player "Hawk" (id=Vq9KG5wXnlxiAZYi9EngBgzAagT-q5gfv9gcAfd4zA4= pos=<4983.923828, 4.386760, 2147.482178>) Entered the safezone
08:07:24.261 [Safezone] Player "wiggy" (id=SgADkNjbGaUs8SauxTNPqYQENYs5GlEGD7NNksMh0hI= pos=<4984.628906, 4.347744, 2149.291504>) Entered the safezone
08:07:24.261 [Safezone] Player "Lets_G0_Brandon" (id=RjqUafmWjW9Q1BHza4n7WoZ_8uUWujoz2w-ciuQaZcs= pos=<4983.793457, 4.348513, 2149.218018>) Entered the safezone
08:07:50.974 [VehicleLeave] Player Hawk [uid=Vq9KG5wXnlxiAZYi9EngBgzAagT-q5gfv9gcAfd4zA4=] left vehicle BMW (rust) (id=56E1052F6A476F7CA6A0819B5E158931 pos=<4839.333984, 6.229751, 2253.956299>)
08:07:51.234 [VehicleLeave] Player Mr.Warrior [uid=6hCxNhmcaZ7JeXJSF7evVrv0ZyyXYSyXIZJg-pSH2ZI=] left vehicle BMW (rust) (id=56E1052F6A476F7CA6A0819B5E158931 pos=<4839.333984, 6.229751, 2253.956299>)
08:07:52.892 [VehicleLeave] Player Lets_G0_Brandon [uid=RjqUafmWjW9Q1BHza4n7WoZ_8uUWujoz2w-ciuQaZcs=] left vehicle BMW (rust) (id=56E1052F6A476F7CA6A0819B5E158931 pos=<4839.333984, 6.229723, 2253.956299>)
08:08:33.101 [Expansion Quests] - CreateQuestInstance - Created new quest instance for with instance key 6hCxNhmcaZ7JeXJSF7evVrv0ZyyXYSyXIZJg-pSH2ZI= for quest 38
08:08:45.824 [Expansion Quests] - CompleteQuest - Player with UID RjqUafmWjW9Q1BHza4n7WoZ_8uUWujoz2w-ciuQaZcs= has completed quest 55
08:09:08.845 [VehicleLeave] Player wiggy [uid=SgADkNjbGaUs8SauxTNPqYQENYs5GlEGD7NNksMh0hI=] left vehicle BMW (rust) (id=56E1052F6A476F7CA6A0819B5E158931 pos=<4839.333984, 6.229710, 2253.956299>)
08:09:31.595 [Expansion Quests] - CompleteQuest - Player with UID SgADkNjbGaUs8SauxTNPqYQENYs5GlEGD7NNksMh0hI= has completed quest 54
08:09:52.375 [Expansion Quests] - CreateQuestInstance - Created new quest instance for with instance key Vq9KG5wXnlxiAZYi9EngBgzAagT-q5gfv9gcAfd4zA4= for quest 38
08:10:29.896 [Expansion Quests] - CreateQuestInstance - Created new quest instance for with instance key SgADkNjbGaUs8SauxTNPqYQENYs5GlEGD7NNksMh0hI= for quest 58
08:10:49.406 [Expansion Quests] - CreateQuestInstance - Created new quest instance for with instance key RjqUafmWjW9Q1BHza4n7WoZ_8uUWujoz2w-ciuQaZcs= for quest 51
08:11:05.437 [VehicleEnter] Player wiggy [uid=SgADkNjbGaUs8SauxTNPqYQENYs5GlEGD7NNksMh0hI=] entered vehicle BMW (rust) (id=56E1052F6A476F7CA6A0819B5E158931 pos=<4839.333984, 6.229710, 2253.956299>) as passenger
08:11:35.570 [VehicleEnter] Player Lets_G0_Brandon [uid=RjqUafmWjW9Q1BHza4n7WoZ_8uUWujoz2w-ciuQaZcs=] entered vehicle BMW (rust) (id=56E1052F6A476F7CA6A0819B5E158931 pos=<4839.333984, 6.229754, 2253.956299>) as driver
08:11:38.976 [VehicleEngine] Player Lets_G0_Brandon [uid=RjqUafmWjW9Q1BHza4n7WoZ_8uUWujoz2w-ciuQaZcs=] started vehicle BMW (rust) (id=56E1052F6A476F7CA6A0819B5E158931 pos=<4839.333984, 6.229733, 2253.956299>)
08:11:47.115 [VehicleEnter] Player Mr.Warrior [uid=6hCxNhmcaZ7JeXJSF7evVrv0ZyyXYSyXIZJg-pSH2ZI=] entered vehicle BMW (rust) (id=56E1052F6A476F7CA6A0819B5E158931 pos=<4839.333984, 6.229747, 2253.956299>) as passenger
08:11:55.443 [VehicleEnter] Player Hawk [uid=Vq9KG5wXnlxiAZYi9EngBgzAagT-q5gfv9gcAfd4zA4=] entered vehicle BMW (rust) (id=56E1052F6A476F7CA6A0819B5E158931 pos=<4839.333984, 6.229747, 2253.956299>) as passenger
08:11:56.941 [VehicleLeave] Player Mr.Warrior [uid=6hCxNhmcaZ7JeXJSF7evVrv0ZyyXYSyXIZJg-pSH2ZI=] left vehicle BMW (rust) (id=56E1052F6A476F7CA6A0819B5E158931 pos=<4839.333984, 6.229724, 2253.956299>)
08:12:05.234 [VehicleEnter] Player Mr.Warrior [uid=6hCxNhmcaZ7JeXJSF7evVrv0ZyyXYSyXIZJg-pSH2ZI=] entered vehicle BMW (rust) (id=56E1052F6A476F7CA6A0819B5E158931 pos=<4839.333984, 6.229723, 2253.956299>) as passenger
08:12:38.138 [Safezone] Player "Mr.Warrior" (id=6hCxNhmcaZ7JeXJSF7evVrv0ZyyXYSyXIZJg-pSH2ZI= pos=<4535.892090, 3.066711, 2196.606445>) Left the safezone
08:12:38.138 [Safezone] Player "Hawk" (id=Vq9KG5wXnlxiAZYi9EngBgzAagT-q5gfv9gcAfd4zA4= pos=<4536.191895, 3.067151, 2195.804199>) Left the safezone
08:12:38.164 [Safezone] Player "wiggy" (id=SgADkNjbGaUs8SauxTNPqYQENYs5GlEGD7NNksMh0hI= pos=<4534.896484, 3.028737, 2196.242432>) Left the safezone
08:12:38.164 [Safezone] Player "Lets_G0_Brandon" (id=RjqUafmWjW9Q1BHza4n7WoZ_8uUWujoz2w-ciuQaZcs= pos=<4535.187988, 3.028255, 2195.455811>) Left the safezone
08:15:26.326 [AI Patrol] Spawning 2 Shamans bots at <2113.837402, 54.799999, 3179.779297>
08:16:11.746 [VehicleLeave] Player Mr.Warrior [uid=6hCxNhmcaZ7JeXJSF7evVrv0ZyyXYSyXIZJg-pSH2ZI=] left vehicle BMW (rust) (id=56E1052F6A476F7CA6A0819B5E158931 pos=<2207.579590, 71.084312, 2770.443848>)
08:16:12.197 [VehicleLeave] Player Hawk [uid=Vq9KG5wXnlxiAZYi9EngBgzAagT-q5gfv9gcAfd4zA4=] left vehicle BMW (rust) (id=56E1052F6A476F7CA6A0819B5E158931 pos=<2207.563232, 71.082451, 2770.444824>)
08:17:37.697 [VehicleLeave] Player Lets_G0_Brandon [uid=RjqUafmWjW9Q1BHza4n7WoZ_8uUWujoz2w-ciuQaZcs=] left vehicle BMW (rust) (id=56E1052F6A476F7CA6A0819B5E158931 pos=<2272.360596, 54.723606, 3027.814941>)
08:17:42.304 [VehicleLeave] Player wiggy [uid=SgADkNjbGaUs8SauxTNPqYQENYs5GlEGD7NNksMh0hI=] left vehicle BMW (rust) (id=56E1052F6A476F7CA6A0819B5E158931 pos=<2272.246582, 54.719696, 3027.766602>)
08:22:26.892 [VehicleEnter] Player wiggy [uid=SgADkNjbGaUs8SauxTNPqYQENYs5GlEGD7NNksMh0hI=] entered vehicle BMW (rust) (id=56E1052F6A476F7CA6A0819B5E158931 pos=<2272.246582, 54.719696, 3027.766602>) as passenger
08:22:39.005 [VehicleEnter] Player Lets_G0_Brandon [uid=RjqUafmWjW9Q1BHza4n7WoZ_8uUWujoz2w-ciuQaZcs=] entered vehicle BMW (rust) (id=56E1052F6A476F7CA6A0819B5E158931 pos=<2272.247314, 54.719742, 3027.766602>) as driver
08:22:42.523 [VehicleEngine] Player Lets_G0_Brandon [uid=RjqUafmWjW9Q1BHza4n7WoZ_8uUWujoz2w-ciuQaZcs=] started vehicle BMW (rust) (id=56E1052F6A476F7CA6A0819B5E158931 pos=<2272.248535, 54.719749, 3027.766602>)
08:22:42.796 [VehicleEnter] Player Hawk [uid=Vq9KG5wXnlxiAZYi9EngBgzAagT-q5gfv9gcAfd4zA4=] entered vehicle BMW (rust) (id=56E1052F6A476F7CA6A0819B5E158931 pos=<2272.248779, 54.719727, 3027.766602>) as passenger
08:22:53.824 [VehicleEnter] Player Mr.Warrior [uid=6hCxNhmcaZ7JeXJSF7evVrv0ZyyXYSyXIZJg-pSH2ZI=] entered vehicle BMW (rust) (id=56E1052F6A476F7CA6A0819B5E158931 pos=<2269.976563, 54.719784, 3026.771973>) as passenger
08:26:13.453 [VehicleLeave] Player Mr.Warrior [uid=6hCxNhmcaZ7JeXJSF7evVrv0ZyyXYSyXIZJg-pSH2ZI=] left vehicle BMW (rust) (id=56E1052F6A476F7CA6A0819B5E158931 pos=<1706.815430, 82.767273, 2548.356689>)
08:26:13.460 [VehicleLeave] Player Hawk [uid=Vq9KG5wXnlxiAZYi9EngBgzAagT-q5gfv9gcAfd4zA4=] left vehicle BMW (rust) (id=56E1052F6A476F7CA6A0819B5E158931 pos=<1706.815308, 82.767258, 2548.356689>)
08:26:15.994 [VehicleLeave] Player Lets_G0_Brandon [uid=RjqUafmWjW9Q1BHza4n7WoZ_8uUWujoz2w-ciuQaZcs=] left vehicle BMW (rust) (id=56E1052F6A476F7CA6A0819B5E158931 pos=<1706.802979, 82.764824, 2548.322510>)
08:26:16.185 [VehicleLeave] Player wiggy [uid=SgADkNjbGaUs8SauxTNPqYQENYs5GlEGD7NNksMh0hI=] left vehicle BMW (rust) (id=56E1052F6A476F7CA6A0819B5E158931 pos=<1706.802002, 82.764641, 2548.319580>)
08:26:27.191 [VehicleCarKey] Player "Lets_G0_Brandon" (id=RjqUafmWjW9Q1BHza4n7WoZ_8uUWujoz2w-ciuQaZcs= pos=<1704.888550, 82.874817, 2549.207031>) used the  ExpansionCarKey to lock BMW_rust (id=56E1052F6A476F7CA6A0819B5E158931 pos=<1706.800293, 82.764282, 2548.314453>)
08:36:20.296 [ExplosionDamageSystem] About to explode FlashGrenade_Ammo from FlashGrenade<9bcd3f30> at <1598.48, 96.58, 2646.17> EXPLOSION range 20 dropoff 5
08:37:31.480 [VehicleCarKey] Player "Lets_G0_Brandon" (id=RjqUafmWjW9Q1BHza4n7WoZ_8uUWujoz2w-ciuQaZcs= pos=<1705.259033, 82.884239, 2549.223145>) used the  ExpansionCarKey to unlock BMW_rust (id=56E1052F6A476F7CA6A0819B5E158931 pos=<1706.809814, 82.768440, 2548.377930>)
08:37:41.500 [VehicleEnter] Player Lets_G0_Brandon [uid=RjqUafmWjW9Q1BHza4n7WoZ_8uUWujoz2w-ciuQaZcs=] entered vehicle BMW (rust) (id=56E1052F6A476F7CA6A0819B5E158931 pos=<1706.801758, 82.766800, 2548.354492>) as driver
08:37:45.220 [VehicleEngine] Player Lets_G0_Brandon [uid=RjqUafmWjW9Q1BHza4n7WoZ_8uUWujoz2w-ciuQaZcs=] started vehicle BMW (rust) (id=56E1052F6A476F7CA6A0819B5E158931 pos=<1706.783203, 82.763031, 2548.301270>)
08:38:01.158 [VehicleEnter] Player Hawk [uid=Vq9KG5wXnlxiAZYi9EngBgzAagT-q5gfv9gcAfd4zA4=] entered vehicle BMW (rust) (id=56E1052F6A476F7CA6A0819B5E158931 pos=<1706.704346, 82.747086, 2548.073730>) as passenger
08:38:03.808 [VehicleEnter] Player wiggy [uid=SgADkNjbGaUs8SauxTNPqYQENYs5GlEGD7NNksMh0hI=] entered vehicle BMW (rust) (id=56E1052F6A476F7CA6A0819B5E158931 pos=<1706.690552, 82.744141, 2548.031250>) as passenger
08:38:27.570 [VehicleEnter] Player Mr.Warrior [uid=6hCxNhmcaZ7JeXJSF7evVrv0ZyyXYSyXIZJg-pSH2ZI=] entered vehicle BMW (rust) (id=56E1052F6A476F7CA6A0819B5E158931 pos=<1706.572998, 82.721260, 2547.706543>) as passenger
08:47:00.832 [VehicleLeave] Player Hawk [uid=Vq9KG5wXnlxiAZYi9EngBgzAagT-q5gfv9gcAfd4zA4=] left vehicle BMW (rust) (id=56E1052F6A476F7CA6A0819B5E158931 pos=<7505.400879, 26.151367, 1630.457642>)
08:47:01.609 [VehicleLeave] Player Lets_G0_Brandon [uid=RjqUafmWjW9Q1BHza4n7WoZ_8uUWujoz2w-ciuQaZcs=] left vehicle BMW (rust) (id=56E1052F6A476F7CA6A0819B5E158931 pos=<7505.400879, 26.151390, 1630.457520>)
08:47:03.414 [VehicleLeave] Player wiggy [uid=SgADkNjbGaUs8SauxTNPqYQENYs5GlEGD7NNksMh0hI=] left vehicle BMW (rust) (id=56E1052F6A476F7CA6A0819B5E158931 pos=<7505.400879, 26.151371, 1630.457520>)
08:47:46.000 [VehicleCarKey] Player "Lets_G0_Brandon" (id=RjqUafmWjW9Q1BHza4n7WoZ_8uUWujoz2w-ciuQaZcs= pos=<7506.422363, 26.231627, 1628.656982>) used the  ExpansionCarKey to lock BMW_rust (id=56E1052F6A476F7CA6A0819B5E158931 pos=<7505.400879, 26.151371, 1630.457520>)
08:48:28.509 [VehicleLeave] Player Mr.Warrior [uid=6hCxNhmcaZ7JeXJSF7evVrv0ZyyXYSyXIZJg-pSH2ZI=] left vehicle BMW (rust) (id=56E1052F6A476F7CA6A0819B5E158931 pos=<7505.400879, 26.151371, 1630.457520>)
08:48:32.609 [VehicleCarKey] Player "Lets_G0_Brandon" (id=RjqUafmWjW9Q1BHza4n7WoZ_8uUWujoz2w-ciuQaZcs= pos=<7502.529785, 26.231607, 1629.906494>) used the  ExpansionCarKey to lock BMW_rust (id=56E1052F6A476F7CA6A0819B5E158931 pos=<7505.400879, 26.151371, 1630.457520>)
08:48:34.763 [VehicleCarKey] Player "Lets_G0_Brandon" (id=RjqUafmWjW9Q1BHza4n7WoZ_8uUWujoz2w-ciuQaZcs= pos=<7502.529785, 26.231607, 1629.906494>) used the  ExpansionCarKey to unlock BMW_rust (id=56E1052F6A476F7CA6A0819B5E158931 pos=<7505.400879, 26.151371, 1630.457520>)
08:57:51.792 [ExplosionDamageSystem] About to explode M67Grenade_Ammo from M67Grenade<a61988d0> at <7619.1, 30.09, 1554.37> EXPLOSION range 20 dropoff 5
09:04:20.333 [ExplosionDamageSystem] About to explode FlashGrenade_Ammo from FlashGrenade<a48e8a10> at <7682.25, 26.77, 1619.98> EXPLOSION range 20 dropoff 5
09:13:24.191 [VehicleEnter] Player Lets_G0_Brandon [uid=RjqUafmWjW9Q1BHza4n7WoZ_8uUWujoz2w-ciuQaZcs=] entered vehicle BMW (rust) (id=56E1052F6A476F7CA6A0819B5E158931 pos=<7505.400879, 26.151396, 1630.457397>) as driver
09:13:48.996 [VehicleLeave] Player Lets_G0_Brandon [uid=RjqUafmWjW9Q1BHza4n7WoZ_8uUWujoz2w-ciuQaZcs=] left vehicle BMW (rust) (id=56E1052F6A476F7CA6A0819B5E158931 pos=<7505.400879, 26.151379, 1630.448120>)
09:14:45.191 [VehicleEnter] Player wiggy [uid=SgADkNjbGaUs8SauxTNPqYQENYs5GlEGD7NNksMh0hI=] entered vehicle BMW (rust) (id=56E1052F6A476F7CA6A0819B5E158931 pos=<7505.400879, 26.151379, 1630.447510>) as passenger
09:14:49.207 [VehicleEnter] Player Lets_G0_Brandon [uid=RjqUafmWjW9Q1BHza4n7WoZ_8uUWujoz2w-ciuQaZcs=] entered vehicle BMW (rust) (id=56E1052F6A476F7CA6A0819B5E158931 pos=<7505.400879, 26.151382, 1630.446899>) as driver
09:14:52.656 [VehicleEngine] Player Lets_G0_Brandon [uid=RjqUafmWjW9Q1BHza4n7WoZ_8uUWujoz2w-ciuQaZcs=] started vehicle BMW (rust) (id=56E1052F6A476F7CA6A0819B5E158931 pos=<7505.400879, 26.151394, 1630.446167>)
09:14:54.625 [MissionAirdrop] An airdrop is heading towards "Mt Lapithas" (pos=<5540.580078, 0.000000, 4123.680176> type=Random_Mt-Lapithas) with a ExpansionAirdropContainer_Basebuilding
09:14:59.875 [VehicleEnter] Player Mr.Warrior [uid=6hCxNhmcaZ7JeXJSF7evVrv0ZyyXYSyXIZJg-pSH2ZI=] entered vehicle BMW (rust) (id=56E1052F6A476F7CA6A0819B5E158931 pos=<7505.400879, 26.151360, 1630.443481>) as passenger
09:15:01.863 [VehicleEnter] Player Hawk [uid=Vq9KG5wXnlxiAZYi9EngBgzAagT-q5gfv9gcAfd4zA4=] entered vehicle BMW (rust) (id=56E1052F6A476F7CA6A0819B5E158931 pos=<7505.400879, 26.151373, 1630.442505>) as passenger
09:25:09.757 [VehicleLeave] Player Mr.Warrior [uid=6hCxNhmcaZ7JeXJSF7evVrv0ZyyXYSyXIZJg-pSH2ZI=] left vehicle BMW (rust) (id=56E1052F6A476F7CA6A0819B5E158931 pos=<2322.772461, 77.019707, 1692.217651>)
09:25:16.851 [VehicleLeave] Player Hawk [uid=Vq9KG5wXnlxiAZYi9EngBgzAagT-q5gfv9gcAfd4zA4=] left vehicle BMW (rust) (id=56E1052F6A476F7CA6A0819B5E158931 pos=<2322.772705, 77.019737, 1692.221069>)
09:25:20.375 [VehicleLeave] Player wiggy [uid=SgADkNjbGaUs8SauxTNPqYQENYs5GlEGD7NNksMh0hI=] left vehicle BMW (rust) (id=56E1052F6A476F7CA6A0819B5E158931 pos=<2322.772705, 77.019745, 1692.221924>)
09:25:34.968 [BaseRaiding] BBP_SGate (<2327.350830, 78.157364, 1687.915649>) player "Hawk" (ID = "Vq9KG5wXnlxiAZYi9EngBgzAagT-q5gfv9gcAfd4zA4=" at <2326.141846, 77.948578, 1688.251465>) failed to enter the correct code.
09:25:34.968 [BaseRaiding] BBP_SGate (<2327.350830, 78.157364, 1687.915649>) The correct code was 7477 and the player tried 7557
09:25:47.652 [VehicleLeave] Player Lets_G0_Brandon [uid=RjqUafmWjW9Q1BHza4n7WoZ_8uUWujoz2w-ciuQaZcs=] left vehicle BMW (rust) (id=56E1052F6A476F7CA6A0819B5E158931 pos=<2331.665771, 78.114769, 1684.156982>)
09:29:47.070 [VehicleCover] Player "wiggy" (id=SgADkNjbGaUs8SauxTNPqYQENYs5GlEGD7NNksMh0hI= pos=<2332.526611, 78.193893, 1680.930176>) uncovered vehicle "PONTIAC_rust" (GlobalID=80000000800000008000000080000318 pos=<2335.366699, 78.164383, 1680.587280>)!
09:30:01.417 [VehicleCarKey] Player "wiggy" (id=SgADkNjbGaUs8SauxTNPqYQENYs5GlEGD7NNksMh0hI= pos=<2332.510742, 78.193848, 1680.756714>) used the  ExpansionCarKey to unlock PONTIAC_rust (id=C76E266FC049659FC8DF6FA79F1DBCA4 pos=<2335.385010, 78.164368, 1680.570923>)
09:42:48.765 [Party] Player "Sharkparty" (id=2H7391gmOSCz4VnnBebcTth-2Sm4qjaSYaboxsOPA1Q=) joinded the party "Dirtydan" (id=0 ownerUID=eZvdqnhxQZeB4Wvp7ko5cFy79bCUMACrCdUKq6S9F3w= ownerName=DirtyDan)
09:42:48.777 [Expansion Quests] - InitQuestSystemClient - Loaded existing player quest data for player with UID: 2H7391gmOSCz4VnnBebcTth-2Sm4qjaSYaboxsOPA1Q=
09:42:48.777 [Expansion Quests] - LoadGroupQuestData - Loaded existing group quest data for group with ID: 0
09:42:48.777 [Expansion Quests] - Create new quest instance for quest: 33 - Player UID: 2H7391gmOSCz4VnnBebcTth-2Sm4qjaSYaboxsOPA1Q=
09:42:49.726 [Expansion Quests] - LoadGroupQuestData - Got cached group quest data for group with ID: 0
09:50:18.687 [AI Patrol] Spawning 2 Shamans bots at <4773.244141, 25.859655, 7399.214355>
09:52:32.722 [Territory] Player "Hawk" (id=Vq9KG5wXnlxiAZYi9EngBgzAagT-q5gfv9gcAfd4zA4= pos=<2337.910156, 78.192383, 1681.510986>) was invited to join the territory stupid gits at <2339.267822, 78.152351, 1682.815430> by the player "wiggy" (id=SgADkNjbGaUs8SauxTNPqYQENYs5GlEGD7NNksMh0hI=)
09:52:35.894 [Territory] Player "Mr.Warrior" (id=6hCxNhmcaZ7JeXJSF7evVrv0ZyyXYSyXIZJg-pSH2ZI= pos=<2331.521484, 78.196526, 1689.514648>) was invited to join the territory stupid gits at <2339.267822, 78.152351, 1682.815430> by the player "wiggy" (id=SgADkNjbGaUs8SauxTNPqYQENYs5GlEGD7NNksMh0hI=)
09:55:45.242 [Party] Player "wiggy" (id=SgADkNjbGaUs8SauxTNPqYQENYs5GlEGD7NNksMh0hI=) left the party "Hard Gits" (id=2 ownerUID=RjqUafmWjW9Q1BHza4n7WoZ_8uUWujoz2w-ciuQaZcs= ownerName=Lets_G0_Brandon)
09:55:47.230 [VehicleDeleted] MUSTANG (id=34A7643C91489D7E61B49889FC30B0B9 pos=<2333.698730, 78.252312, 1677.336792>)
09:55:47.230 [VehicleCover] Player "Hawk" (id=Vq9KG5wXnlxiAZYi9EngBgzAagT-q5gfv9gcAfd4zA4= pos=<2331.894043, 78.194046, 1680.818604>) covered vehicle "MUSTANG" (GlobalID=80000000800000008000000080002B6F pos=<2333.698730, 78.252312, 1677.336792>)!
09:56:20.390 [VehicleDeleted] PONTIAC_rust (id=C76E266FC049659FC8DF6FA79F1DBCA4 pos=<2335.385010, 78.164368, 1680.570923>)
09:56:20.394 [VehicleCover] Player "Hawk" (id=Vq9KG5wXnlxiAZYi9EngBgzAagT-q5gfv9gcAfd4zA4= pos=<2334.535889, 78.194038, 1683.729126>) covered vehicle "PONTIAC_rust" (GlobalID=80000000800000008000000080000318 pos=<2335.385010, 78.164368, 1680.570923>)!
09:56:37.203 [VehicleDeleted] BMW_rust (id=56E1052F6A476F7CA6A0819B5E158931 pos=<2331.649902, 78.114777, 1684.171021>)
09:56:37.203 [VehicleCover] Player "Hawk" (id=Vq9KG5wXnlxiAZYi9EngBgzAagT-q5gfv9gcAfd4zA4= pos=<2330.807617, 78.196014, 1686.871338>) covered vehicle "BMW_rust" (GlobalID=800000008000000080000000800002E2 pos=<2331.649902, 78.114777, 1684.171021>)!
09:57:55.031 [Party] Player "justin" (id=kYX6vAhwvvslTLKD-4LKWyJ7SYRzi3L63iF64xRXCf8=) joinded the party "Wenco" (id=7 ownerUID=kYX6vAhwvvslTLKD-4LKWyJ7SYRzi3L63iF64xRXCf8= ownerName=justin)
09:57:55.039 [Expansion Quests] - InitQuestSystemClient - Loaded existing player quest data for player with UID: kYX6vAhwvvslTLKD-4LKWyJ7SYRzi3L63iF64xRXCf8=
09:57:55.039 [Expansion Quests] - LoadGroupQuestData - Created new persistent group quest data for group with ID: 7
09:57:55.042 [AI Patrol] Spawning 2 Shamans bots at <4166.021973, 16.222561, 7604.049316>
09:57:56.000 [Expansion Quests] - LoadGroupQuestData - Got cached group quest data for group with ID: 7
10:00:59.894 [Safezone] Player "PipPapScallywap" (id=-r2araXommLNgd2kLCOg5MUhQUGYZRsIrQF--_XcIVE= pos=<4805.623047, 6.122848, 2247.989990>) Entered the safezone
10:00:59.910 [Expansion Quests] - InitQuestSystemClient - Loaded existing player quest data for player with UID: -r2araXommLNgd2kLCOg5MUhQUGYZRsIrQF--_XcIVE=
10:00:59.914 [Expansion Quests] - LoadGroupQuestData - Created new persistent group quest data for group with ID: -1
10:00:59.914 [Expansion Quests] - Create new quest instance for quest: 32 - Player UID: -r2araXommLNgd2kLCOg5MUhQUGYZRsIrQF--_XcIVE=
10:03:23.683 [ATM] Player "PipPapScallywap" (id=-r2araXommLNgd2kLCOg5MUhQUGYZRsIrQF--_XcIVE=) has deposited 500 on his ATM account.
10:04:14.621 [VehicleCover] Player "Lets_G0_Brandon" (id=RjqUafmWjW9Q1BHza4n7WoZ_8uUWujoz2w-ciuQaZcs= pos=<2331.154297, 78.195953, 1687.008667>) uncovered vehicle "BMW_rust" (GlobalID=800000008000000080000000800002E2 pos=<2331.649902, 78.114777, 1684.171021>)!
10:04:18.421 [Safezone] Player "PipPapScallywap" (id=-r2araXommLNgd2kLCOg5MUhQUGYZRsIrQF--_XcIVE= pos=<4993.022461, 3.843104, 2087.429688>) Left the safezone
10:05:06.207 [Party] Player "Hawk" (id=Vq9KG5wXnlxiAZYi9EngBgzAagT-q5gfv9gcAfd4zA4=) left the party "Hard Gits" (id=2 ownerUID=RjqUafmWjW9Q1BHza4n7WoZ_8uUWujoz2w-ciuQaZcs= ownerName=Lets_G0_Brandon)
10:06:07.375 [VehicleCarKey] Player "Lets_G0_Brandon" (id=RjqUafmWjW9Q1BHza4n7WoZ_8uUWujoz2w-ciuQaZcs= pos=<2329.277588, 78.196396, 1686.626587>) used the  ExpansionCarKey to lock BMW_rust (id=5EBEFCF8234E70BA74CF79A6DC654049 pos=<2331.648926, 78.114761, 1684.171631>)
10:06:32.273 [VehicleDeleted] BMW_rust (id=5EBEFCF8234E70BA74CF79A6DC654049 pos=<2331.648926, 78.114761, 1684.171631>)
10:06:32.273 [VehicleCover] Player "Lets_G0_Brandon" (id=RjqUafmWjW9Q1BHza4n7WoZ_8uUWujoz2w-ciuQaZcs= pos=<2330.619629, 78.196220, 1687.420288>) covered vehicle "BMW_rust" (GlobalID=800000008000000080000000800002E2 pos=<2331.648926, 78.114761, 1684.171631>)!
10:06:33.679 [Party] Player "Sharkparty" (id=2H7391gmOSCz4VnnBebcTth-2Sm4qjaSYaboxsOPA1Q=) left the party "Dirtydan" (id=0 ownerUID=eZvdqnhxQZeB4Wvp7ko5cFy79bCUMACrCdUKq6S9F3w= ownerName=DirtyDan)
10:07:08.125 [Party] Player "Lets_G0_Brandon" (id=RjqUafmWjW9Q1BHza4n7WoZ_8uUWujoz2w-ciuQaZcs=) left the party "Hard Gits" (id=2 ownerUID=RjqUafmWjW9Q1BHza4n7WoZ_8uUWujoz2w-ciuQaZcs= ownerName=Lets_G0_Brandon)
10:16:26.199 [Party] Player "Sharkparty" (id=2H7391gmOSCz4VnnBebcTth-2Sm4qjaSYaboxsOPA1Q=) joinded the party "Dirtydan" (id=0 ownerUID=eZvdqnhxQZeB4Wvp7ko5cFy79bCUMACrCdUKq6S9F3w= ownerName=DirtyDan)
10:16:26.207 [Expansion Quests] - InitQuestSystemClient - Loaded existing player quest data for player with UID: 2H7391gmOSCz4VnnBebcTth-2Sm4qjaSYaboxsOPA1Q=
10:16:26.207 [Expansion Quests] - LoadGroupQuestData - Got cached group quest data for group with ID: 0
10:16:26.207 [Expansion Quests] - Create new quest instance for quest: 33 - Player UID: 2H7391gmOSCz4VnnBebcTth-2Sm4qjaSYaboxsOPA1Q=
10:16:27.164 [Expansion Quests] - LoadGroupQuestData - Got cached group quest data for group with ID: 0
10:26:09.031 [Chat - Global]("justin"(id=kYX6vAhwvvslTLKD-4LKWyJ7SYRzi3L63iF64xRXCf8=)): can you build bases on here?
10:26:23.382 [Chat - Global]("Mr.Warrior"(id=6hCxNhmcaZ7JeXJSF7evVrv0ZyyXYSyXIZJg-pSH2ZI=)): yes
10:27:01.054 [Chat - Global]("justin"(id=kYX6vAhwvvslTLKD-4LKWyJ7SYRzi3L63iF64xRXCf8=)): i put a flag down, but it wont let me put down the workbench....says i need a territory....
10:27:36.273 [Chat - Global]("Sharkparty"(id=2H7391gmOSCz4VnnBebcTth-2Sm4qjaSYaboxsOPA1Q=)): should be an option on the flagpole to create a territory
10:28:04.726 [Chat - Global]("justin"(id=kYX6vAhwvvslTLKD-4LKWyJ7SYRzi3L63iF64xRXCf8=)): that was my thought too, but its not giving me the option.....
10:28:32.203 [Chat - Global]("Sharkparty"(id=2H7391gmOSCz4VnnBebcTth-2Sm4qjaSYaboxsOPA1Q=)): did you try the territory manager on the menu
10:29:06.156 [Chat - Global]("PipPapScallywap"(id=-r2araXommLNgd2kLCOg5MUhQUGYZRsIrQF--_XcIVE=)): put the flag up then down, it hitches some times
10:29:15.753 [Chat - Global]("PipPapScallywap"(id=-r2araXommLNgd2kLCOg5MUhQUGYZRsIrQF--_XcIVE=)): after its back down should let you scroll to create
10:29:46.757 [Chat - Global]("justin"(id=kYX6vAhwvvslTLKD-4LKWyJ7SYRzi3L63iF64xRXCf8=)): ahhh.....right on....thanks guys....i do have it up.
10:29:57.089 [Chat - Global]("justin"(id=kYX6vAhwvvslTLKD-4LKWyJ7SYRzi3L63iF64xRXCf8=)): you guys enjoying the server?
10:30:16.128 [Chat - Global]("PipPapScallywap"(id=-r2araXommLNgd2kLCOg5MUhQUGYZRsIrQF--_XcIVE=)): love it so far. just wish there were more people to pvp with lol
10:30:28.460 [Chat - Global]("Sharkparty"(id=2H7391gmOSCz4VnnBebcTth-2Sm4qjaSYaboxsOPA1Q=)): yeah its a good one, liking the new map
10:31:04.871 [Chat - Global]("Sharkparty"(id=2H7391gmOSCz4VnnBebcTth-2Sm4qjaSYaboxsOPA1Q=)): lol pippap our little fight yesterday was pretty good
10:31:30.417 [Chat - Global]("PipPapScallywap"(id=-r2araXommLNgd2kLCOg5MUhQUGYZRsIrQF--_XcIVE=)): those shards of glass in the windows saved both our asses so many times hahaha
10:31:52.609 [Chat - Global]("Sharkparty"(id=2H7391gmOSCz4VnnBebcTth-2Sm4qjaSYaboxsOPA1Q=)): for sure, you ko'd me twice
10:32:45.953 [Chat - Global]("Sharkparty"(id=2H7391gmOSCz4VnnBebcTth-2Sm4qjaSYaboxsOPA1Q=)): either the AWM is way nerfed or MVS is OP
10:32:54.265 [Chat - Global]("PipPapScallywap"(id=-r2araXommLNgd2kLCOg5MUhQUGYZRsIrQF--_XcIVE=)): i went down once then sat in a bathroom grunting on red health till the ol lady pulled me away from the pc
10:33:04.117 [Chat - Global]("PipPapScallywap"(id=-r2araXommLNgd2kLCOg5MUhQUGYZRsIrQF--_XcIVE=)): awm is nerfed. 4 to the head to take out a mili zomb is buts
10:33:09.917 [Chat - Global]("PipPapScallywap"(id=-r2araXommLNgd2kLCOg5MUhQUGYZRsIrQF--_XcIVE=)): grenades dont do shit either
10:33:37.445 [Chat - Global]("Sharkparty"(id=2H7391gmOSCz4VnnBebcTth-2Sm4qjaSYaboxsOPA1Q=)): I hit a guy with 2 shots w/ AWM and it didnt kill him either
10:33:44.007 [Chat - Global]("Sharkparty"(id=2H7391gmOSCz4VnnBebcTth-2Sm4qjaSYaboxsOPA1Q=)): should put in a ticket
10:33:53.609 [Chat - Global]("PipPapScallywap"(id=-r2araXommLNgd2kLCOg5MUhQUGYZRsIrQF--_XcIVE=)): i think i just might
10:34:34.789 [Chat - Global]("PipPapScallywap"(id=-r2araXommLNgd2kLCOg5MUhQUGYZRsIrQF--_XcIVE=)): if anyone wants gunracks, several at airfield
10:37:15.625 [MissionAirdrop] An airdrop is heading towards "Cassandra" (pos=<4274.000000, 0.000000, 7597.299805> type=Random_Cassandra) with a ExpansionAirdropContainer_Basebuilding
10:40:30.390 [Territory] Player "justin" (id=kYX6vAhwvvslTLKD-4LKWyJ7SYRzi3L63iF64xRXCf8=) created territory Wenco at <4462.283203, 28.059656, 7296.259766>
10:57:13.750 [Safezone] Player "Mr.Warrior" (id=6hCxNhmcaZ7JeXJSF7evVrv0ZyyXYSyXIZJg-pSH2ZI= pos=<4667.515137, 2.501135, 2242.402832>) Entered the safezone
10:58:02.054 [Expansion Quests] - CompleteQuest - Player with UID 6hCxNhmcaZ7JeXJSF7evVrv0ZyyXYSyXIZJg-pSH2ZI= has completed quest 38
11:01:57.593 [Party] Player "Mr.Warrior" (id=6hCxNhmcaZ7JeXJSF7evVrv0ZyyXYSyXIZJg-pSH2ZI=) left the party "Hard Gits" (id=2 ownerUID=RjqUafmWjW9Q1BHza4n7WoZ_8uUWujoz2w-ciuQaZcs= ownerName=Lets_G0_Brandon)
11:05:32.570 [Party] Player "justin" (id=kYX6vAhwvvslTLKD-4LKWyJ7SYRzi3L63iF64xRXCf8=) left the party "Wenco" (id=7 ownerUID=kYX6vAhwvvslTLKD-4LKWyJ7SYRzi3L63iF64xRXCf8= ownerName=justin)
11:06:19.492 [Safezone] Player "PipPapScallywap" (id=-r2araXommLNgd2kLCOg5MUhQUGYZRsIrQF--_XcIVE= pos=<4846.103027, 10.511941, 2290.008057>) Entered the safezone
11:08:00.617 [Expansion Quests] - CompleteQuest - Player with UID -r2araXommLNgd2kLCOg5MUhQUGYZRsIrQF--_XcIVE= has completed quest 32
11:08:30.984 [Market] Player "PipPapScallywap" (id=-r2araXommLNgd2kLCOg5MUhQUGYZRsIrQF--_XcIVE=) has send a requested to purchase twp_ammobox_408cheytac_10rnd x1 from the trader "Magazines (Oliver [AMMO & MAGAZINES])" in market zone "The Holler" (pos=<4864.000000, 0.000000, 2314.000000>).
11:08:31.062 [Market] Player "PipPapScallywap" (id=-r2araXommLNgd2kLCOg5MUhQUGYZRsIrQF--_XcIVE=) has bought twp_ammobox_408cheytac_10rnd x1 from the trader "Magazines (Oliver [AMMO & MAGAZINES])" in market zone "The Holler" (pos=<4864.000000, 0.000000, 2314.000000>) for a price of 24.
11:08:32.179 [Market] Player "PipPapScallywap" (id=-r2araXommLNgd2kLCOg5MUhQUGYZRsIrQF--_XcIVE=) has send a requested to purchase twp_ammobox_408cheytac_10rnd x1 from the trader "Magazines (Oliver [AMMO & MAGAZINES])" in market zone "The Holler" (pos=<4864.000000, 0.000000, 2314.000000>).
11:08:32.257 [Market] Player "PipPapScallywap" (id=-r2araXommLNgd2kLCOg5MUhQUGYZRsIrQF--_XcIVE=) has bought twp_ammobox_408cheytac_10rnd x1 from the trader "Magazines (Oliver [AMMO & MAGAZINES])" in market zone "The Holler" (pos=<4864.000000, 0.000000, 2314.000000>) for a price of 24.
11:08:35.195 [Market] Player "PipPapScallywap" (id=-r2araXommLNgd2kLCOg5MUhQUGYZRsIrQF--_XcIVE=) has send a requested to purchase twp_ammobox_408cheytac_10rnd x1 from the trader "Magazines (Oliver [AMMO & MAGAZINES])" in market zone "The Holler" (pos=<4864.000000, 0.000000, 2314.000000>).
11:08:35.242 [Market] Player "PipPapScallywap" (id=-r2araXommLNgd2kLCOg5MUhQUGYZRsIrQF--_XcIVE=) has bought twp_ammobox_408cheytac_10rnd x1 from the trader "Magazines (Oliver [AMMO & MAGAZINES])" in market zone "The Holler" (pos=<4864.000000, 0.000000, 2314.000000>) for a price of 24.
11:08:50.007 [Market] Player "PipPapScallywap" (id=-r2araXommLNgd2kLCOg5MUhQUGYZRsIrQF--_XcIVE=) has send a requested to purchase ammobox_556x45_20rnd x1 from the trader "Magazines (Oliver [AMMO & MAGAZINES])" in market zone "The Holler" (pos=<4864.000000, 0.000000, 2314.000000>).
11:08:50.078 [Market] Player "PipPapScallywap" (id=-r2araXommLNgd2kLCOg5MUhQUGYZRsIrQF--_XcIVE=) has bought ammobox_556x45_20rnd x1 from the trader "Magazines (Oliver [AMMO & MAGAZINES])" in market zone "The Holler" (pos=<4864.000000, 0.000000, 2314.000000>) for a price of 32.
11:08:50.718 [Market] Player "PipPapScallywap" (id=-r2araXommLNgd2kLCOg5MUhQUGYZRsIrQF--_XcIVE=) has send a requested to purchase ammobox_556x45_20rnd x1 from the trader "Magazines (Oliver [AMMO & MAGAZINES])" in market zone "The Holler" (pos=<4864.000000, 0.000000, 2314.000000>).
11:08:50.804 [Market] Player "PipPapScallywap" (id=-r2araXommLNgd2kLCOg5MUhQUGYZRsIrQF--_XcIVE=) has bought ammobox_556x45_20rnd x1 from the trader "Magazines (Oliver [AMMO & MAGAZINES])" in market zone "The Holler" (pos=<4864.000000, 0.000000, 2314.000000>) for a price of 32.
11:08:51.351 [Market] Player "PipPapScallywap" (id=-r2araXommLNgd2kLCOg5MUhQUGYZRsIrQF--_XcIVE=) has send a requested to purchase ammobox_556x45_20rnd x1 from the trader "Magazines (Oliver [AMMO & MAGAZINES])" in market zone "The Holler" (pos=<4864.000000, 0.000000, 2314.000000>).
11:08:51.425 [Market] Player "PipPapScallywap" (id=-r2araXommLNgd2kLCOg5MUhQUGYZRsIrQF--_XcIVE=) has bought ammobox_556x45_20rnd x1 from the trader "Magazines (Oliver [AMMO & MAGAZINES])" in market zone "The Holler" (pos=<4864.000000, 0.000000, 2314.000000>) for a price of 32.
11:08:51.937 [Market] Player "PipPapScallywap" (id=-r2araXommLNgd2kLCOg5MUhQUGYZRsIrQF--_XcIVE=) has send a requested to purchase ammobox_556x45_20rnd x1 from the trader "Magazines (Oliver [AMMO & MAGAZINES])" in market zone "The Holler" (pos=<4864.000000, 0.000000, 2314.000000>).
11:08:52.007 [Market] Player "PipPapScallywap" (id=-r2araXommLNgd2kLCOg5MUhQUGYZRsIrQF--_XcIVE=) has bought ammobox_556x45_20rnd x1 from the trader "Magazines (Oliver [AMMO & MAGAZINES])" in market zone "The Holler" (pos=<4864.000000, 0.000000, 2314.000000>) for a price of 32.
11:08:52.546 [Market] Player "PipPapScallywap" (id=-r2araXommLNgd2kLCOg5MUhQUGYZRsIrQF--_XcIVE=) has send a requested to purchase ammobox_556x45_20rnd x1 from the trader "Magazines (Oliver [AMMO & MAGAZINES])" in market zone "The Holler" (pos=<4864.000000, 0.000000, 2314.000000>).
11:08:52.593 [Market] Player "PipPapScallywap" (id=-r2araXommLNgd2kLCOg5MUhQUGYZRsIrQF--_XcIVE=) has bought ammobox_556x45_20rnd x1 from the trader "Magazines (Oliver [AMMO & MAGAZINES])" in market zone "The Holler" (pos=<4864.000000, 0.000000, 2314.000000>) for a price of 32.
11:08:53.242 [Market] Player "PipPapScallywap" (id=-r2araXommLNgd2kLCOg5MUhQUGYZRsIrQF--_XcIVE=) has send a requested to purchase ammobox_556x45_20rnd x1 from the trader "Magazines (Oliver [AMMO & MAGAZINES])" in market zone "The Holler" (pos=<4864.000000, 0.000000, 2314.000000>).
11:08:53.328 [Market] Player "PipPapScallywap" (id=-r2araXommLNgd2kLCOg5MUhQUGYZRsIrQF--_XcIVE=) has bought ammobox_556x45_20rnd x1 from the trader "Magazines (Oliver [AMMO & MAGAZINES])" in market zone "The Holler" (pos=<4864.000000, 0.000000, 2314.000000>) for a price of 32.
11:08:54.515 [Market] Player "PipPapScallywap" (id=-r2araXommLNgd2kLCOg5MUhQUGYZRsIrQF--_XcIVE=) has send a requested to purchase ammobox_556x45_20rnd x1 from the trader "Magazines (Oliver [AMMO & MAGAZINES])" in market zone "The Holler" (pos=<4864.000000, 0.000000, 2314.000000>).
11:08:54.554 [Market] Player "PipPapScallywap" (id=-r2araXommLNgd2kLCOg5MUhQUGYZRsIrQF--_XcIVE=) has bought ammobox_556x45_20rnd x1 from the trader "Magazines (Oliver [AMMO & MAGAZINES])" in market zone "The Holler" (pos=<4864.000000, 0.000000, 2314.000000>) for a price of 32.
11:08:55.015 [Market] Player "PipPapScallywap" (id=-r2araXommLNgd2kLCOg5MUhQUGYZRsIrQF--_XcIVE=) has send a requested to purchase ammobox_556x45_20rnd x1 from the trader "Magazines (Oliver [AMMO & MAGAZINES])" in market zone "The Holler" (pos=<4864.000000, 0.000000, 2314.000000>).
11:08:55.082 [Market] Player "PipPapScallywap" (id=-r2araXommLNgd2kLCOg5MUhQUGYZRsIrQF--_XcIVE=) has bought ammobox_556x45_20rnd x1 from the trader "Magazines (Oliver [AMMO & MAGAZINES])" in market zone "The Holler" (pos=<4864.000000, 0.000000, 2314.000000>) for a price of 32.
11:08:55.539 [Market] Player "PipPapScallywap" (id=-r2araXommLNgd2kLCOg5MUhQUGYZRsIrQF--_XcIVE=) has send a requested to purchase ammobox_556x45_20rnd x1 from the trader "Magazines (Oliver [AMMO & MAGAZINES])" in market zone "The Holler" (pos=<4864.000000, 0.000000, 2314.000000>).
11:08:55.578 [Market] Player "PipPapScallywap" (id=-r2araXommLNgd2kLCOg5MUhQUGYZRsIrQF--_XcIVE=) has bought ammobox_556x45_20rnd x1 from the trader "Magazines (Oliver [AMMO & MAGAZINES])" in market zone "The Holler" (pos=<4864.000000, 0.000000, 2314.000000>) for a price of 32.
11:08:56.003 [Market] Player "PipPapScallywap" (id=-r2araXommLNgd2kLCOg5MUhQUGYZRsIrQF--_XcIVE=) has send a requested to purchase ammobox_556x45_20rnd x1 from the trader "Magazines (Oliver [AMMO & MAGAZINES])" in market zone "The Holler" (pos=<4864.000000, 0.000000, 2314.000000>).
11:08:56.070 [Market] Player "PipPapScallywap" (id=-r2araXommLNgd2kLCOg5MUhQUGYZRsIrQF--_XcIVE=) has bought ammobox_556x45_20rnd x1 from the trader "Magazines (Oliver [AMMO & MAGAZINES])" in market zone "The Holler" (pos=<4864.000000, 0.000000, 2314.000000>) for a price of 32.
11:09:04.835 [ATM] Player "PipPapScallywap" (id=-r2araXommLNgd2kLCOg5MUhQUGYZRsIrQF--_XcIVE=) has deposited 108 on his ATM account.
11:43:46.757 [Party] Player "Hooligan-235" (id=Lz9Kmumu1QnE7HX0I_hIz0vW-Eq-ERMw5EWCTjeKz4U=) joinded the party "AFL" (id=4 ownerUID=Lz9Kmumu1QnE7HX0I_hIz0vW-Eq-ERMw5EWCTjeKz4U= ownerName=Hooligan-235)
11:43:46.773 [Expansion Quests] - InitQuestSystemClient - Loaded existing player quest data for player with UID: Lz9Kmumu1QnE7HX0I_hIz0vW-Eq-ERMw5EWCTjeKz4U=
11:43:46.773 [Expansion Quests] - LoadGroupQuestData - Loaded existing group quest data for group with ID: 4
11:43:47.652 [Expansion Quests] - LoadGroupQuestData - Got cached group quest data for group with ID: 4
11:44:15.496 [Party] Player "Sharkparty" (id=2H7391gmOSCz4VnnBebcTth-2Sm4qjaSYaboxsOPA1Q=) left the party "Dirtydan" (id=0 ownerUID=eZvdqnhxQZeB4Wvp7ko5cFy79bCUMACrCdUKq6S9F3w= ownerName=DirtyDan)
11:44:39.710 [Party] Player "Lou Sassole" (id=ebo0O4yOjYkK486s9SoqLuFc3tRe1vP1S2eE1IJxhV4=) joinded the party "Dirtydan" (id=0 ownerUID=eZvdqnhxQZeB4Wvp7ko5cFy79bCUMACrCdUKq6S9F3w= ownerName=DirtyDan)
11:44:39.718 [Expansion Quests] - InitQuestSystemClient - Loaded existing player quest data for player with UID: ebo0O4yOjYkK486s9SoqLuFc3tRe1vP1S2eE1IJxhV4=
11:44:39.718 [Expansion Quests] - LoadGroupQuestData - Got cached group quest data for group with ID: 0
11:44:40.656 [Expansion Quests] - LoadGroupQuestData - Got cached group quest data for group with ID: 0
11:53:05.910 [Party] Player "justin" (id=kYX6vAhwvvslTLKD-4LKWyJ7SYRzi3L63iF64xRXCf8=) joinded the party "Wenco" (id=7 ownerUID=kYX6vAhwvvslTLKD-4LKWyJ7SYRzi3L63iF64xRXCf8= ownerName=justin)
11:53:05.921 [Expansion Quests] - InitQuestSystemClient - Loaded existing player quest data for player with UID: kYX6vAhwvvslTLKD-4LKWyJ7SYRzi3L63iF64xRXCf8=
11:53:05.921 [Expansion Quests] - LoadGroupQuestData - Got cached group quest data for group with ID: 7
11:53:06.882 [Expansion Quests] - LoadGroupQuestData - Got cached group quest data for group with ID: 7
11:58:01.046 [Party] Player "Lou Sassole" (id=ebo0O4yOjYkK486s9SoqLuFc3tRe1vP1S2eE1IJxhV4=) left the party "Dirtydan" (id=0 ownerUID=eZvdqnhxQZeB4Wvp7ko5cFy79bCUMACrCdUKq6S9F3w= ownerName=DirtyDan)
11:59:20.398 [Party] Player "Hooligan-235" (id=Lz9Kmumu1QnE7HX0I_hIz0vW-Eq-ERMw5EWCTjeKz4U=) left the party "AFL" (id=4 ownerUID=Lz9Kmumu1QnE7HX0I_hIz0vW-Eq-ERMw5EWCTjeKz4U= ownerName=Hooligan-235)
11:59:20.406 [Party] Player "justin" (id=kYX6vAhwvvslTLKD-4LKWyJ7SYRzi3L63iF64xRXCf8=) left the party "Wenco" (id=7 ownerUID=kYX6vAhwvvslTLKD-4LKWyJ7SYRzi3L63iF64xRXCf8= ownerName=justin)
