12:54:56.269 [Safezone] Player "Chuck_N_Biskitz" (id=-r2araXommLNgd2kLCOg5MUhQUGYZRsIrQF--_XcIVE= pos=<4938.840820, 6.324910, 2259.281006>) Entered the safezone
12:54:56.289 [Expansion Quests] - InitQuestSystemClient - Loaded existing player quest data for player with UID: -r2araXommLNgd2kLCOg5MUhQUGYZRsIrQF--_XcIVE=
12:54:56.289 [Expansion Quests] - Create new quest instance for quest: 32 - Player UID: -r2araXommLNgd2kLCOg5MUhQUGYZRsIrQF--_XcIVE=
12:54:56.292 [AI Patrol] Spawning 2 Shamans bots at <4860.599121, 47.840000, 1299.298706>
12:56:44.191 [Safezone] Player "Chuck_N_Biskitz" (id=-r2araXommLNgd2kLCOg5MUhQUGYZRsIrQF--_XcIVE= pos=<4730.725586, 2.404913, 2538.857178>) Left the safezone
13:00:02.019 [MissionAirdrop] An airdrop is heading towards "Airfield" (pos=<6791.240234, 0.000000, 2116.860107> type=Random_Airfield) with a ExpansionAirdropContainer_Basebuilding
13:02:28.390 [Safezone] Player "Chuck_N_Biskitz" (id=-r2araXommLNgd2kLCOg5MUhQUGYZRsIrQF--_XcIVE= pos=<4741.633789, 2.410255, 2482.747559>) Entered the safezone
13:04:10.375 [VehicleCover] Player "Chuck_N_Biskitz" (id=-r2araXommLNgd2kLCOg5MUhQUGYZRsIrQF--_XcIVE= pos=<4991.737793, 11.167947, 2274.068115>) uncovered vehicle "MUSTANG" (GlobalID=80000000800000008000000080002B6F pos=<4993.664551, 10.586561, 2275.162354>)!
13:04:16.847 [VehicleCarKey] Player "Chuck_N_Biskitz" (id=-r2araXommLNgd2kLCOg5MUhQUGYZRsIrQF--_XcIVE= pos=<4990.475098, 10.504264, 2273.249268>) used the  ExpansionCarKey to unlock MUSTANG (id=1EF81826DE49DCB126F259AA363015A6 pos=<4993.662109, 10.586338, 2275.164307>)
13:04:47.648 [VehicleEnter] Player Chuck_N_Biskitz [uid=-r2araXommLNgd2kLCOg5MUhQUGYZRsIrQF--_XcIVE=] entered vehicle MUSTANG (id=1EF81826DE49DCB126F259AA363015A6 pos=<4993.662109, 10.586329, 2275.164307>) as driver
13:04:52.503 [VehicleEngine] Player Chuck_N_Biskitz [uid=-r2araXommLNgd2kLCOg5MUhQUGYZRsIrQF--_XcIVE=] started vehicle MUSTANG (Locked) (id=1EF81826DE49DCB126F259AA363015A6 pos=<4993.662109, 10.586332, 2275.164307>)
13:05:33.906 [Safezone] Player "Chuck_N_Biskitz" (id=-r2araXommLNgd2kLCOg5MUhQUGYZRsIrQF--_XcIVE= pos=<5023.398926, 8.237586, 2012.929565>) Left the safezone
13:05:52.601 [AI Patrol] Spawning 2 Shamans bots at <6317.462891, 26.129999, 2177.140869>
13:06:34.589 [VehicleLeave] Player Chuck_N_Biskitz [uid=-r2araXommLNgd2kLCOg5MUhQUGYZRsIrQF--_XcIVE=] left vehicle MUSTANG (id=1EF81826DE49DCB126F259AA363015A6 pos=<5682.937012, 28.578674, 1835.310669>)
13:08:00.273 [VehicleAttachments] Player Chuck_N_Biskitz (uid=-r2araXommLNgd2kLCOg5MUhQUGYZRsIrQF--_XcIVE=) detached MUSTANG Wheel (type=MUSTANG_Wheel) from vehicle MUSTANG(id=1EF81826DE49DCB126F259AA363015A6 pos=<5683.022461, 28.570782, 1835.214233>)
13:08:47.000 [VehicleEnter] Player Chuck_N_Biskitz [uid=-r2araXommLNgd2kLCOg5MUhQUGYZRsIrQF--_XcIVE=] entered vehicle MUSTANG (id=1EF81826DE49DCB126F259AA363015A6 pos=<5682.979492, 28.573244, 1835.244995>) as driver
13:08:49.253 [VehicleEngine] Player Chuck_N_Biskitz [uid=-r2araXommLNgd2kLCOg5MUhQUGYZRsIrQF--_XcIVE=] started vehicle MUSTANG (id=1EF81826DE49DCB126F259AA363015A6 pos=<5682.979004, 28.573174, 1835.244995>)
13:09:32.464 [VehicleLeave] Player Chuck_N_Biskitz [uid=-r2araXommLNgd2kLCOg5MUhQUGYZRsIrQF--_XcIVE=] left vehicle MUSTANG (id=1EF81826DE49DCB126F259AA363015A6 pos=<5683.011719, 28.582172, 1835.530273>)
13:16:13.281 [AI Patrol] Spawning 2 Shamans bots at <7118.172852, 26.546928, 1830.313354>
13:17:40.015 [Expansion Quests] - InitQuestSystemClient - Loaded existing player quest data for player with UID: spMEkRl42onhFHdF_u42e0T03x2sj347kUc600NXdGA=
13:18:59.417 [VehicleEnter] Player [ADMIN]DrKilledByDeath [uid=spMEkRl42onhFHdF_u42e0T03x2sj347kUc600NXdGA=] entered vehicle MUSTANG (id=1EF81826DE49DCB126F259AA363015A6 pos=<5683.052246, 28.578537, 1835.551270>) as driver
13:19:06.863 [VehicleLeave] Player [ADMIN]DrKilledByDeath [uid=spMEkRl42onhFHdF_u42e0T03x2sj347kUc600NXdGA=] left vehicle MUSTANG (id=1EF81826DE49DCB126F259AA363015A6 pos=<5680.551270, 28.539431, 1837.473755>)
13:30:10.992 [VehicleEnter] Player Chuck_N_Biskitz [uid=-r2araXommLNgd2kLCOg5MUhQUGYZRsIrQF--_XcIVE=] entered vehicle MUSTANG (id=1EF81826DE49DCB126F259AA363015A6 pos=<5680.551270, 28.539423, 1837.474243>) as driver
13:30:13.808 [VehicleEngine] Player Chuck_N_Biskitz [uid=-r2araXommLNgd2kLCOg5MUhQUGYZRsIrQF--_XcIVE=] started vehicle MUSTANG (id=1EF81826DE49DCB126F259AA363015A6 pos=<5680.551270, 28.539421, 1837.474365>)
13:31:29.011 [Safezone] Player "Chuck_N_Biskitz" (id=-r2araXommLNgd2kLCOg5MUhQUGYZRsIrQF--_XcIVE= pos=<4985.378418, 4.465708, 2143.060547>) Entered the safezone
13:31:57.765 [VehicleLeave] Player Chuck_N_Biskitz [uid=-r2araXommLNgd2kLCOg5MUhQUGYZRsIrQF--_XcIVE=] left vehicle MUSTANG (id=1EF81826DE49DCB126F259AA363015A6 pos=<4897.754395, 6.369946, 2250.720703>)
13:40:45.472 [VehicleCarKey] Player "Chuck_N_Biskitz" (id=-r2araXommLNgd2kLCOg5MUhQUGYZRsIrQF--_XcIVE= pos=<4896.141113, 6.322500, 2253.281250>) used the  ExpansionCarKey to lock MUSTANG (id=1EF81826DE49DCB126F259AA363015A6 pos=<4897.754395, 6.369946, 2250.720947>)
13:42:26.761 [VehicleDeleted] MUSTANG (id=1EF81826DE49DCB126F259AA363015A6 pos=<4897.754395, 6.369946, 2250.720947>)
13:42:26.761 [VehicleCover] Player "Chuck_N_Biskitz" (id=-r2araXommLNgd2kLCOg5MUhQUGYZRsIrQF--_XcIVE= pos=<4896.189453, 6.322500, 2253.758057>) covered vehicle "MUSTANG" (GlobalID=80000000800000008000000080002B6F pos=<4897.754395, 6.369946, 2250.720947>)!
13:43:47.566 [Expansion Quests] - CompleteQuest - Player with UID -r2araXommLNgd2kLCOg5MUhQUGYZRsIrQF--_XcIVE= has completed quest 32
13:43:52.152 [Expansion Quests] - CreateQuestInstance - Created new quest instance for with instance key -r2araXommLNgd2kLCOg5MUhQUGYZRsIrQF--_XcIVE= for quest 31
13:44:03.503 [Market] Player "Chuck_N_Biskitz" (id=-r2araXommLNgd2kLCOg5MUhQUGYZRsIrQF--_XcIVE=) has send a requested to purchase ammobox_556x45_20rnd x1 from the trader "Magazines (Oliver [AMMO & MAGAZINES])" in market zone "The Holler" (pos=<4864.000000, 0.000000, 2314.000000>).
13:44:03.589 [Market] Player "Chuck_N_Biskitz" (id=-r2araXommLNgd2kLCOg5MUhQUGYZRsIrQF--_XcIVE=) has bought ammobox_556x45_20rnd x1 from the trader "Magazines (Oliver [AMMO & MAGAZINES])" in market zone "The Holler" (pos=<4864.000000, 0.000000, 2314.000000>) for a price of 32.
13:44:04.171 [Market] Player "Chuck_N_Biskitz" (id=-r2araXommLNgd2kLCOg5MUhQUGYZRsIrQF--_XcIVE=) has send a requested to purchase ammobox_556x45_20rnd x1 from the trader "Magazines (Oliver [AMMO & MAGAZINES])" in market zone "The Holler" (pos=<4864.000000, 0.000000, 2314.000000>).
13:44:04.257 [Market] Player "Chuck_N_Biskitz" (id=-r2araXommLNgd2kLCOg5MUhQUGYZRsIrQF--_XcIVE=) has bought ammobox_556x45_20rnd x1 from the trader "Magazines (Oliver [AMMO & MAGAZINES])" in market zone "The Holler" (pos=<4864.000000, 0.000000, 2314.000000>) for a price of 32.
13:44:04.531 [Market] Player "Chuck_N_Biskitz" (id=-r2araXommLNgd2kLCOg5MUhQUGYZRsIrQF--_XcIVE=) has send a requested to purchase ammobox_556x45_20rnd x1 from the trader "Magazines (Oliver [AMMO & MAGAZINES])" in market zone "The Holler" (pos=<4864.000000, 0.000000, 2314.000000>).
13:44:04.617 [Market] Player "Chuck_N_Biskitz" (id=-r2araXommLNgd2kLCOg5MUhQUGYZRsIrQF--_XcIVE=) has bought ammobox_556x45_20rnd x1 from the trader "Magazines (Oliver [AMMO & MAGAZINES])" in market zone "The Holler" (pos=<4864.000000, 0.000000, 2314.000000>) for a price of 32.
13:44:05.089 [Market] Player "Chuck_N_Biskitz" (id=-r2araXommLNgd2kLCOg5MUhQUGYZRsIrQF--_XcIVE=) has send a requested to purchase ammobox_556x45_20rnd x1 from the trader "Magazines (Oliver [AMMO & MAGAZINES])" in market zone "The Holler" (pos=<4864.000000, 0.000000, 2314.000000>).
13:44:05.171 [Market] Player "Chuck_N_Biskitz" (id=-r2araXommLNgd2kLCOg5MUhQUGYZRsIrQF--_XcIVE=) has bought ammobox_556x45_20rnd x1 from the trader "Magazines (Oliver [AMMO & MAGAZINES])" in market zone "The Holler" (pos=<4864.000000, 0.000000, 2314.000000>) for a price of 32.
13:44:05.453 [Market] Player "Chuck_N_Biskitz" (id=-r2araXommLNgd2kLCOg5MUhQUGYZRsIrQF--_XcIVE=) has send a requested to purchase ammobox_556x45_20rnd x1 from the trader "Magazines (Oliver [AMMO & MAGAZINES])" in market zone "The Holler" (pos=<4864.000000, 0.000000, 2314.000000>).
13:44:05.546 [Market] Player "Chuck_N_Biskitz" (id=-r2araXommLNgd2kLCOg5MUhQUGYZRsIrQF--_XcIVE=) has bought ammobox_556x45_20rnd x1 from the trader "Magazines (Oliver [AMMO & MAGAZINES])" in market zone "The Holler" (pos=<4864.000000, 0.000000, 2314.000000>) for a price of 32.
13:44:05.906 [Market] Player "Chuck_N_Biskitz" (id=-r2araXommLNgd2kLCOg5MUhQUGYZRsIrQF--_XcIVE=) has send a requested to purchase ammobox_556x45_20rnd x1 from the trader "Magazines (Oliver [AMMO & MAGAZINES])" in market zone "The Holler" (pos=<4864.000000, 0.000000, 2314.000000>).
13:44:05.992 [Market] Player "Chuck_N_Biskitz" (id=-r2araXommLNgd2kLCOg5MUhQUGYZRsIrQF--_XcIVE=) has bought ammobox_556x45_20rnd x1 from the trader "Magazines (Oliver [AMMO & MAGAZINES])" in market zone "The Holler" (pos=<4864.000000, 0.000000, 2314.000000>) for a price of 32.
13:44:06.777 [Market] Player "Chuck_N_Biskitz" (id=-r2araXommLNgd2kLCOg5MUhQUGYZRsIrQF--_XcIVE=) has send a requested to purchase ammobox_556x45_20rnd x1 from the trader "Magazines (Oliver [AMMO & MAGAZINES])" in market zone "The Holler" (pos=<4864.000000, 0.000000, 2314.000000>).
13:44:06.859 [Market] Player "Chuck_N_Biskitz" (id=-r2araXommLNgd2kLCOg5MUhQUGYZRsIrQF--_XcIVE=) has bought ammobox_556x45_20rnd x1 from the trader "Magazines (Oliver [AMMO & MAGAZINES])" in market zone "The Holler" (pos=<4864.000000, 0.000000, 2314.000000>) for a price of 32.
13:44:07.273 [Market] Player "Chuck_N_Biskitz" (id=-r2araXommLNgd2kLCOg5MUhQUGYZRsIrQF--_XcIVE=) has send a requested to purchase ammobox_556x45_20rnd x1 from the trader "Magazines (Oliver [AMMO & MAGAZINES])" in market zone "The Holler" (pos=<4864.000000, 0.000000, 2314.000000>).
13:44:07.359 [Market] Player "Chuck_N_Biskitz" (id=-r2araXommLNgd2kLCOg5MUhQUGYZRsIrQF--_XcIVE=) has bought ammobox_556x45_20rnd x1 from the trader "Magazines (Oliver [AMMO & MAGAZINES])" in market zone "The Holler" (pos=<4864.000000, 0.000000, 2314.000000>) for a price of 32.
13:46:05.000 [VehicleCover] Player "Chuck_N_Biskitz" (id=-r2araXommLNgd2kLCOg5MUhQUGYZRsIrQF--_XcIVE= pos=<4895.208496, 6.322545, 2252.340820>) uncovered vehicle "MUSTANG" (GlobalID=80000000800000008000000080002B6F pos=<4897.754395, 6.369946, 2250.720947>)!
13:46:09.273 [VehicleCarKey] Player "Chuck_N_Biskitz" (id=-r2araXommLNgd2kLCOg5MUhQUGYZRsIrQF--_XcIVE= pos=<4895.208496, 6.322545, 2252.340820>) used the  ExpansionCarKey to unlock MUSTANG (id=13117ED0C24CA0FD1472929B30B96A83 pos=<4897.754395, 6.369946, 2250.721436>)
13:46:20.574 [VehicleCarKey] Player "Chuck_N_Biskitz" (id=-r2araXommLNgd2kLCOg5MUhQUGYZRsIrQF--_XcIVE= pos=<4895.208496, 6.322545, 2252.340820>) used the  ExpansionCarKey to lock MUSTANG (id=13117ED0C24CA0FD1472929B30B96A83 pos=<4897.754395, 6.369946, 2250.721436>)
13:46:32.187 [VehicleDeleted] MUSTANG (id=13117ED0C24CA0FD1472929B30B96A83 pos=<4897.754395, 6.369946, 2250.721436>)
13:46:32.187 [VehicleCover] Player "Chuck_N_Biskitz" (id=-r2araXommLNgd2kLCOg5MUhQUGYZRsIrQF--_XcIVE= pos=<4894.828613, 6.322555, 2252.572510>) covered vehicle "MUSTANG" (GlobalID=80000000800000008000000080002B6F pos=<4897.754395, 6.369946, 2250.721436>)!
13:49:32.039 [ATM] Player "Chuck_N_Biskitz" (id=-r2araXommLNgd2kLCOg5MUhQUGYZRsIrQF--_XcIVE=) has deposited 244 on his ATM account.
