17:41:31.390 [VehicleEnter] Player SiR NeRg [uid=v49uXaJny-MXhmq_qvUelv_0QcwRY1-cv9_Yq-5tGIA=] entered vehicle Cougar Rust kamo (id=34DF5711F14ED6C01381B88B5247076E pos=<2682.018555, 21.994457, 4235.466797>) as driver
17:41:35.445 [VehicleLeave] Player SiR NeRg [uid=v49uXaJny-MXhmq_qvUelv_0QcwRY1-cv9_Yq-5tGIA=] left vehicle Cougar Rust kamo (id=34DF5711F14ED6C01381B88B5247076E pos=<2682.018311, 21.994457, 4235.466797>)
17:43:10.523 [VehicleEnter] Player SiR NeRg [uid=v49uXaJny-MXhmq_qvUelv_0QcwRY1-cv9_Yq-5tGIA=] entered vehicle Cougar Rust kamo (id=34DF5711F14ED6C01381B88B5247076E pos=<2682.000977, 21.994455, 4235.567871>) as driver
17:43:21.566 [VehicleEngine] Player SiR NeRg [uid=v49uXaJny-MXhmq_qvUelv_0QcwRY1-cv9_Yq-5tGIA=] started vehicle Cougar Rust kamo (id=34DF5711F14ED6C01381B88B5247076E pos=<2682.000977, 21.994457, 4235.567871>)
17:43:29.929 [VehicleEngine] Player SiR NeRg [uid=v49uXaJny-MXhmq_qvUelv_0QcwRY1-cv9_Yq-5tGIA=] stopped vehicle Cougar Rust kamo (id=34DF5711F14ED6C01381B88B5247076E pos=<2698.092285, 22.017448, 4242.227539>)
17:43:40.742 [VehicleEngine] Player SiR NeRg [uid=v49uXaJny-MXhmq_qvUelv_0QcwRY1-cv9_Yq-5tGIA=] started vehicle Cougar Rust kamo (id=34DF5711F14ED6C01381B88B5247076E pos=<2712.513916, 21.687685, 4251.865234>)
17:44:32.085 [AI Patrol] Spawning 3 Shamans bots at <2890.968506, 53.410000, 3204.467773>
17:44:32.269 [AI Patrol] Spawning 3 Shamans bots at <2838.191650, 53.410000, 3201.337158>
17:44:49.125 [AI Patrol] Spawning 3 Shamans bots at <2818.920654, 53.639584, 3111.322266>
17:45:09.226 [AI Patrol] Spawning 3 Shamans bots at <2320.058105, 54.799999, 3066.289551>
17:45:20.500 [AI Patrol] Spawning 3 Shamans bots at <2173.674561, 54.799999, 3064.847900>
17:45:40.671 [AI Patrol] Spawning 3 Shamans bots at <2087.067871, 54.799999, 3048.055420>
17:45:55.148 [AI Patrol] Spawning 3 Shamans bots at <2064.220215, 55.579567, 2877.425537>
17:45:57.957 [AI Patrol] Spawning 3 Shamans bots at <1967.046143, 54.799999, 2945.605469>
17:46:00.039 [AI Patrol] Spawning 3 Shamans bots at <1950.480103, 54.799999, 2938.776123>
17:46:01.265 [AI Patrol] Spawning 3 Shamans bots at <1950.313477, 54.799999, 2922.270996>
17:46:24.179 [AI Patrol] Spawning 3 Shamans bots at <1626.687134, 44.683903, 3079.470947>
17:48:07.320 [AI Patrol] Spawning 3 Shamans bots at <2298.212402, 77.099998, 1726.505615>
17:48:13.851 [AI Patrol] Spawning 3 Shamans bots at <1871.445068, 38.981586, 1627.901001>
17:48:57.531 [AI Patrol] Spawning 3 Shamans bots at <1143.498657, 65.256638, 1207.592285>
17:49:19.906 [AI Patrol] Spawning 3 Shamans bots at <1897.364624, 15.576615, 712.529236>
17:49:26.398 [AI Patrol] Spawning 3 Shamans bots at <1851.665894, 15.570000, 588.352112>
17:49:27.328 [AI Patrol] Spawning 3 Shamans bots at <1860.545410, 15.570000, 568.722778>
17:49:33.683 [AI Patrol] Spawning 3 Shamans bots at <1714.510376, 15.570000, 486.102600>
17:52:41.304 [VehicleLeave] Player SiR NeRg [uid=v49uXaJny-MXhmq_qvUelv_0QcwRY1-cv9_Yq-5tGIA=] left vehicle Cougar Rust kamo (id=34DF5711F14ED6C01381B88B5247076E pos=<2190.205566, 15.507685, 627.906677>)
17:52:48.132 [VehicleEnter] Player SiR NeRg [uid=v49uXaJny-MXhmq_qvUelv_0QcwRY1-cv9_Yq-5tGIA=] entered vehicle Cougar Rust kamo (id=34DF5711F14ED6C01381B88B5247076E pos=<2190.205566, 15.507685, 627.906799>) as driver
17:52:52.718 [VehicleEngine] Player SiR NeRg [uid=v49uXaJny-MXhmq_qvUelv_0QcwRY1-cv9_Yq-5tGIA=] started vehicle Cougar Rust kamo (id=34DF5711F14ED6C01381B88B5247076E pos=<2190.205566, 15.507684, 627.906616>)
17:53:51.972 [VehicleEngine] Player SiR NeRg [uid=v49uXaJny-MXhmq_qvUelv_0QcwRY1-cv9_Yq-5tGIA=] stopped vehicle Cougar Rust kamo (id=34DF5711F14ED6C01381B88B5247076E pos=<1719.733521, 15.574193, 540.540833>)
17:53:55.367 [VehicleLeave] Player SiR NeRg [uid=v49uXaJny-MXhmq_qvUelv_0QcwRY1-cv9_Yq-5tGIA=] left vehicle Cougar Rust kamo (id=34DF5711F14ED6C01381B88B5247076E pos=<1719.733521, 15.574191, 540.540833>)
