06:01:29.156 [Party] Player "Slightly Crazed" (id=RjqUafmWjW9Q1BHza4n7WoZ_8uUWujoz2w-ciuQaZcs=) joinded the party "Gits" (id=4 ownerUID=RjqUafmWjW9Q1BHza4n7WoZ_8uUWujoz2w-ciuQaZcs= ownerName=Slightly Crazed)
06:01:29.167 [AI Patrol] Spawning 3 Shamans bots at <3410.100342, 30.700001, 5293.049316>
06:01:29.314 [AI Patrol] Spawning 3 Shamans bots at <2505.814697, 43.939999, 5705.579590>
06:01:29.330 [AI Patrol] Spawning 3 Shamans bots at <2493.595215, 43.939999, 5727.100586>
06:01:29.347 [AI Patrol] Spawning 3 Shamans bots at <2575.959473, 43.939999, 5706.814941>
06:01:55.578 [AI Patrol] Spawning 3 Shamans bots at <2151.733398, 22.109844, 5488.584473>
06:02:01.599 [AI Patrol] Spawning 3 Shamans bots at <2481.939209, 44.292847, 5948.298340>
06:03:12.851 [AI Patrol] Spawning 3 Shamans bots at <3679.699707, 4.640000, 5994.252930>
06:03:14.781 [AI Patrol] Spawning 3 Shamans bots at <3733.001709, 4.640000, 5964.929688>
06:03:22.552 [AI Patrol] Spawning 3 Shamans bots at <4025.147217, 9.845258, 4870.094238>
06:03:38.310 [AI Patrol] Spawning 3 Shamans bots at <3982.081055, 19.491951, 4636.292480>
06:03:39.343 [AI Patrol] Spawning 3 Shamans bots at <3980.937988, 19.362703, 4626.124512>
06:03:40.548 [AI Patrol] Spawning 3 Shamans bots at <3995.157227, 20.096825, 4641.471680>
06:03:56.042 [AI Patrol] Spawning 3 Shamans bots at <4122.987793, 18.289940, 4760.463379>
06:03:59.914 [AI Patrol] Spawning 3 Shamans bots at <4158.048828, 18.289940, 4798.415527>
06:04:00.478 [AI Patrol] Spawning 3 Shamans bots at <4154.469238, 18.289940, 4773.774902>
06:04:09.732 [AI Patrol] Spawning 3 Shamans bots at <3737.708496, 4.640000, 5971.778320>
06:04:14.541 [Party] Player "wiggy" (id=SgADkNjbGaUs8SauxTNPqYQENYs5GlEGD7NNksMh0hI=) joinded the party "Gits" (id=4 ownerUID=RjqUafmWjW9Q1BHza4n7WoZ_8uUWujoz2w-ciuQaZcs= ownerName=Slightly Crazed)
06:04:20.367 [AI Patrol] Spawning 3 Shamans bots at <3801.054932, 4.640000, 5983.248047>
06:04:22.371 [AI Patrol] Spawning 3 Shamans bots at <3706.395020, 4.640000, 6045.141113>
06:05:57.669 [AI Patrol] Spawning 3 Shamans bots at <3427.956299, 17.570896, 6320.160645>
06:35:14.884 [AI Patrol] Spawning 3 Shamans bots at <1689.025391, 18.399464, 5231.802734>
06:40:51.591 [AI Patrol] Spawning 3 Shamans bots at <3767.968750, 15.630000, 6557.053223>
06:40:51.699 [AI Patrol] Spawning 3 Shamans bots at <3757.142090, 15.630000, 6577.327637>
06:42:33.751 [AI Patrol] Spawning 3 Shamans bots at <4014.660400, 15.630000, 6621.344238>
06:42:33.886 [AI Patrol] Spawning 3 Shamans bots at <3998.065674, 15.630000, 6656.500488>
06:59:15.144 [AI Patrol] Spawning 3 Shamans bots at <4262.784180, 15.700000, 7617.504883>
06:59:32.714 [AI Patrol] Spawning 3 Shamans bots at <4343.103027, 15.910000, 7648.810547>
06:59:49.382 [AI Patrol] Spawning 3 Shamans bots at <4342.913086, 15.700000, 7671.368652>
07:03:50.242 [AI Patrol] Spawning 3 Shamans bots at <4854.059570, 35.013313, 7241.831543>
07:49:33.919 [Party] Player "Slightly Crazed" (id=RjqUafmWjW9Q1BHza4n7WoZ_8uUWujoz2w-ciuQaZcs=) invited the player "Hawk" (id=Vq9KG5wXnlxiAZYi9EngBgzAagT-q5gfv9gcAfd4zA4=)to the party named Gits
07:49:51.152 [Party] Player "Hawk" (id=Vq9KG5wXnlxiAZYi9EngBgzAagT-q5gfv9gcAfd4zA4=) joinded the party "Gits" (id=4 ownerUID=RjqUafmWjW9Q1BHza4n7WoZ_8uUWujoz2w-ciuQaZcs= ownerName=Slightly Crazed)
07:58:12.419 [AI Patrol] Spawning 3 Shamans bots at <2291.973389, 64.198669, 7039.401855>
08:10:19.044 [AI Patrol] Spawning 3 Shamans bots at <3420.893555, 17.066057, 6296.077637>
08:14:57.611 [AI Patrol] Spawning 3 Shamans bots at <4034.671143, 15.630000, 6652.372070>
08:36:41.222 [AI Patrol] Spawning 3 Shamans bots at <3672.664795, 5.281606, 4660.581543>
08:38:01.601 [AI Patrol] Spawning 3 Shamans bots at <4876.295410, 40.632294, 4706.279785>
08:38:54.080 [AI Patrol] Spawning 3 Shamans bots at <5397.765137, 137.279816, 4519.092773>
08:40:08.683 [AI Patrol] Spawning 3 Shamans bots at <5527.654297, 209.889999, 4137.332031>
08:40:51.931 [Killfeed] Slightly Crazed got killed by Survivor (Shamans) with Bizon from a distance of 22 m.
08:40:57.132 [Killfeed] Hawk got killed by Survivor (Shamans) with KA-M from a distance of 10 m.
08:41:27.597 [Killfeed] wiggy got killed by Survivor (Shamans) with Bizon from a distance of 16 m.
08:41:35.386 [Party] Player "Hawk" (id=Vq9KG5wXnlxiAZYi9EngBgzAagT-q5gfv9gcAfd4zA4=) joinded the party "Gits" (id=4 ownerUID=RjqUafmWjW9Q1BHza4n7WoZ_8uUWujoz2w-ciuQaZcs= ownerName=Slightly Crazed)
08:41:45.832 [Party] Player "Slightly Crazed" (id=RjqUafmWjW9Q1BHza4n7WoZ_8uUWujoz2w-ciuQaZcs=) joinded the party "Gits" (id=4 ownerUID=RjqUafmWjW9Q1BHza4n7WoZ_8uUWujoz2w-ciuQaZcs= ownerName=Slightly Crazed)
08:42:11.365 [Party] Player "wiggy" (id=SgADkNjbGaUs8SauxTNPqYQENYs5GlEGD7NNksMh0hI=) joinded the party "Gits" (id=4 ownerUID=RjqUafmWjW9Q1BHza4n7WoZ_8uUWujoz2w-ciuQaZcs= ownerName=Slightly Crazed)
09:01:08.132 [Killfeed] wiggy got killed by Survivor (Shamans) with Bizon from a distance of 13 m.
09:01:39.390 [Party] Player "wiggy" (id=SgADkNjbGaUs8SauxTNPqYQENYs5GlEGD7NNksMh0hI=) joinded the party "Gits" (id=4 ownerUID=RjqUafmWjW9Q1BHza4n7WoZ_8uUWujoz2w-ciuQaZcs= ownerName=Slightly Crazed)
09:10:01.804 [AI Patrol] Spawning 3 Shamans bots at <5242.255859, 18.351139, 5017.800781>
09:12:17.218 [Party] Player "Hawk" (id=Vq9KG5wXnlxiAZYi9EngBgzAagT-q5gfv9gcAfd4zA4=) joinded the party "Gits" (id=4 ownerUID=RjqUafmWjW9Q1BHza4n7WoZ_8uUWujoz2w-ciuQaZcs= ownerName=Slightly Crazed)
09:39:21.582 [Party] Player "Hawk" (id=Vq9KG5wXnlxiAZYi9EngBgzAagT-q5gfv9gcAfd4zA4=) joinded the party "Gits" (id=4 ownerUID=RjqUafmWjW9Q1BHza4n7WoZ_8uUWujoz2w-ciuQaZcs= ownerName=Slightly Crazed)
09:41:11.570 [AI Patrol] Spawning 3 Shamans bots at <2788.454590, 21.642624, 4362.792969>
10:06:16.687 [Party] Player "Slightly Crazed" (id=RjqUafmWjW9Q1BHza4n7WoZ_8uUWujoz2w-ciuQaZcs=) left the party "Gits" (id=4 ownerUID=RjqUafmWjW9Q1BHza4n7WoZ_8uUWujoz2w-ciuQaZcs= ownerName=Slightly Crazed)
10:07:01.515 [Party] Player "Slightly Crazed" (id=RjqUafmWjW9Q1BHza4n7WoZ_8uUWujoz2w-ciuQaZcs=) joinded the party "Gits" (id=4 ownerUID=RjqUafmWjW9Q1BHza4n7WoZ_8uUWujoz2w-ciuQaZcs= ownerName=Slightly Crazed)
10:12:25.921 [AI Patrol] Spawning 3 Shamans bots at <1697.527954, 18.626940, 5234.655273>
10:13:14.554 [AI Patrol] Spawning 3 Shamans bots at <2912.130859, 43.984150, 6094.486816>
10:21:59.914 [Killfeed] S.O.D-Rusty got beaten to a pulp by Survivor (Shamans) with bare hands.
10:24:18.714 [Party] Player "Slightly Crazed" (id=RjqUafmWjW9Q1BHza4n7WoZ_8uUWujoz2w-ciuQaZcs=) left the party "Gits" (id=4 ownerUID=RjqUafmWjW9Q1BHza4n7WoZ_8uUWujoz2w-ciuQaZcs= ownerName=Slightly Crazed)
10:28:05.644 [Party] Player "Slightly Crazed" (id=RjqUafmWjW9Q1BHza4n7WoZ_8uUWujoz2w-ciuQaZcs=) joinded the party "Gits" (id=4 ownerUID=RjqUafmWjW9Q1BHza4n7WoZ_8uUWujoz2w-ciuQaZcs= ownerName=Slightly Crazed)
10:46:36.421 [Chat - Global]("S.O.D-Rusty"(id=iAIcpeFKuUmTYYRta5ELKOhrmEamsmrgLwRzQwFgtNM=)): DOES THIS SERVER HAVE LOOT
10:47:32.492 [Chat - Global]("Slightly Crazed"(id=RjqUafmWjW9Q1BHza4n7WoZ_8uUWujoz2w-ciuQaZcs=)): no. its broken at mo
10:47:32.515 [Chat - Global]("wiggy"(id=SgADkNjbGaUs8SauxTNPqYQENYs5GlEGD7NNksMh0hI=)): no
10:47:53.914 [Chat - Global]("S.O.D-Rusty"(id=iAIcpeFKuUmTYYRta5ELKOhrmEamsmrgLwRzQwFgtNM=)): lol not seen one peace
10:48:47.855 [Chat - Global]("S.O.D-Rusty"(id=iAIcpeFKuUmTYYRta5ELKOhrmEamsmrgLwRzQwFgtNM=)): omg a trashcan lol
10:50:18.718 [Chat - Global]("S.O.D-Rusty"(id=iAIcpeFKuUmTYYRta5ELKOhrmEamsmrgLwRzQwFgtNM=)): ill go beat up an ai and get it lol
10:52:25.476 [Chat - Global]("S.O.D-Rusty"(id=iAIcpeFKuUmTYYRta5ELKOhrmEamsmrgLwRzQwFgtNM=)): ok ty
10:56:34.808 [AI Patrol] Spawning 3 Shamans bots at <3235.587158, 10.381019, 3790.413086>
11:02:00.054 [Chat - Global]("S.O.D-Rusty"(id=iAIcpeFKuUmTYYRta5ELKOhrmEamsmrgLwRzQwFgtNM=)): just a bit
11:02:50.437 [AI Patrol] Spawning 3 Shamans bots at <4425.859375, -5.552095, 2993.371338>
11:03:15.843 [Chat - Global]("S.O.D-Rusty"(id=iAIcpeFKuUmTYYRta5ELKOhrmEamsmrgLwRzQwFgtNM=)): ill go back
11:03:56.421 [Chat - Global]("S.O.D-Rusty"(id=iAIcpeFKuUmTYYRta5ELKOhrmEamsmrgLwRzQwFgtNM=)): ty
11:04:16.812 [Chat - Global]("S.O.D-Rusty"(id=iAIcpeFKuUmTYYRta5ELKOhrmEamsmrgLwRzQwFgtNM=)): cool just looking at map
11:05:57.320 [Chat - Global]("S.O.D-Rusty"(id=iAIcpeFKuUmTYYRta5ELKOhrmEamsmrgLwRzQwFgtNM=)): ty
11:07:54.824 [Chat - Global]("S.O.D-Rusty"(id=iAIcpeFKuUmTYYRta5ELKOhrmEamsmrgLwRzQwFgtNM=)): ok
11:08:58.460 [Chat - Global]("wiggy"(id=SgADkNjbGaUs8SauxTNPqYQENYs5GlEGD7NNksMh0hI=)): i think its the ai as alot of servers have got issues with it
11:09:21.898 [AI Patrol] Spawning 3 Shamans bots at <4698.181152, 70.843811, 1699.103882>
11:10:37.343 [AI Patrol] Spawning 3 Shamans bots at <4966.018066, 44.627995, 1377.619141>
11:11:22.769 [AI Patrol] Spawning 3 Shamans bots at <2909.529297, 44.052105, 6088.049805>
11:13:17.242 [AI Patrol] Spawning 3 Shamans bots at <3232.684814, 10.662966, 3788.321045>
11:13:44.062 [AI Patrol] Spawning 3 Shamans bots at <3937.361328, 28.750170, 1745.243652>
11:13:51.195 [Chat - Global]("S.O.D-Rusty"(id=iAIcpeFKuUmTYYRta5ELKOhrmEamsmrgLwRzQwFgtNM=)): nice ok trying to make it to the fish lol
11:16:05.414 [AI Patrol] Spawning 3 Shamans bots at <2897.216797, 53.410000, 3220.815186>
11:16:13.851 [AI Patrol] Spawning 3 Shamans bots at <2848.230225, 53.410000, 3192.167725>
11:19:41.859 [Chat - Global]("S.O.D-Rusty"(id=iAIcpeFKuUmTYYRta5ELKOhrmEamsmrgLwRzQwFgtNM=)): hogs!!!!!!!!!!!!!!!!
11:21:42.734 [AI Patrol] Spawning 3 Shamans bots at <5936.999023, 5.801784, 2816.285645>
11:26:42.289 [Territory] Player "wiggy" (id=SgADkNjbGaUs8SauxTNPqYQENYs5GlEGD7NNksMh0hI=) created territory OLD GITS at <5409.258789, 9.519506, 1949.422119>
11:27:50.601 [Territory] Player "Hawk" (id=Vq9KG5wXnlxiAZYi9EngBgzAagT-q5gfv9gcAfd4zA4= pos=<5416.272461, 9.614067, 1968.017822>) was invited to join the territory OLD GITS at <5409.258789, 9.519506, 1949.422119> by the player "wiggy" (id=SgADkNjbGaUs8SauxTNPqYQENYs5GlEGD7NNksMh0hI=)
11:27:52.785 [Territory] Player "Slightly Crazed" (id=RjqUafmWjW9Q1BHza4n7WoZ_8uUWujoz2w-ciuQaZcs= pos=<5400.390137, 8.909410, 1954.298096>) was invited to join the territory OLD GITS at <5409.258789, 9.519506, 1949.422119> by the player "wiggy" (id=SgADkNjbGaUs8SauxTNPqYQENYs5GlEGD7NNksMh0hI=)
11:28:15.070 [AI Patrol] Spawning 3 Shamans bots at <6436.246094, 26.129999, 1920.237305>
11:39:00.390 [BaseRaiding] BBP_SGate (<5404.343262, 9.472916, 1953.909912>) Code set by player "wiggy" (ID = "SgADkNjbGaUs8SauxTNPqYQENYs5GlEGD7NNksMh0hI=" at <5405.830566, 9.472886, 1953.417847>) and the code is 7477
11:42:19.851 [AI Patrol] Spawning 3 Shamans bots at <4134.622559, 28.700001, 1694.714844>
11:42:32.980 [Party] Player "Slightly Crazed" (id=RjqUafmWjW9Q1BHza4n7WoZ_8uUWujoz2w-ciuQaZcs=) left the party "Gits" (id=4 ownerUID=RjqUafmWjW9Q1BHza4n7WoZ_8uUWujoz2w-ciuQaZcs= ownerName=Slightly Crazed)
11:42:34.472 [Party] Player "Hawk" (id=Vq9KG5wXnlxiAZYi9EngBgzAagT-q5gfv9gcAfd4zA4=) left the party "Gits" (id=4 ownerUID=RjqUafmWjW9Q1BHza4n7WoZ_8uUWujoz2w-ciuQaZcs= ownerName=Slightly Crazed)
11:42:56.015 [Party] Player "wiggy" (id=SgADkNjbGaUs8SauxTNPqYQENYs5GlEGD7NNksMh0hI=) left the party "Gits" (id=4 ownerUID=RjqUafmWjW9Q1BHza4n7WoZ_8uUWujoz2w-ciuQaZcs= ownerName=Slightly Crazed)
