13:25:44.550 [AI Patrol] Spawning 3 Shamans bots at <2278.873047, 64.471161, 7034.297363>
13:46:22.000 [AI Patrol] Spawning 3 Shamans bots at <2472.054443, 44.437630, 5951.689453>
13:48:55.964 [AI Patrol] Spawning 3 Shamans bots at <2495.303467, 43.939999, 5741.981934>
13:49:04.894 [AI Patrol] Spawning 3 Shamans bots at <2517.312500, 43.939999, 5718.020996>
13:54:24.765 [AI Patrol] Spawning 3 Shamans bots at <2850.338623, 40.820507, 5857.933105>
13:56:55.425 [AI Patrol] Spawning 3 Shamans bots at <2728.716064, 43.939999, 5966.837402>
14:01:55.445 [Killfeed] (ADMIN)BLUE got killed by Survivor (Shamans) with KAS-74U from a distance of 5 m.
14:02:37.253 [AI Patrol] Spawning 3 Shamans bots at <3751.199219, 15.630000, 6563.140137>
14:02:37.269 [AI Patrol] Spawning 3 Shamans bots at <4011.511719, 15.630000, 6664.017578>
14:02:37.285 [AI Patrol] Spawning 3 Shamans bots at <4002.166748, 15.630000, 6614.727539>
14:02:37.300 [AI Patrol] Spawning 3 Shamans bots at <3745.408447, 15.630000, 6571.398926>
14:02:37.312 [AI Patrol] Spawning 3 Shamans bots at <4263.577637, 20.120001, 7469.016113>
14:02:57.476 [AI Patrol] Spawning 3 Shamans bots at <4327.950195, 15.942428, 7642.680176>
14:03:05.777 [AI Patrol] Spawning 3 Shamans bots at <4350.449707, 15.700000, 7678.006348>
14:03:13.683 [AI Patrol] Spawning 3 Shamans bots at <4425.350586, 26.927174, 7206.533203>
14:04:58.617 [AI Patrol] Spawning 3 Shamans bots at <3422.009521, 17.286455, 6307.859375>
14:10:11.218 [Killfeed] (ADMIN)BLUE commited suicide with Screwdriver.
15:54:31.066 [Chat - Global]("(ADMIN)BLUE"(id=OAdpPkJP2Ps_W7h2ttR1bK23ekHCzrxw0mDT3zqLMdU=)): where you at dude
16:04:23.515 [Chat - Global]("(ADMIN)BLUE"(id=OAdpPkJP2Ps_W7h2ttR1bK23ekHCzrxw0mDT3zqLMdU=)): hit the ,
16:04:28.808 [Chat - Global]("(ADMIN)BLUE"(id=OAdpPkJP2Ps_W7h2ttR1bK23ekHCzrxw0mDT3zqLMdU=)): to change to global chat
16:24:40.210 [AI Patrol] Spawning 3 Shamans bots at <3230.381104, 21.536694, 6303.351074>
16:28:05.867 [AI Patrol] Spawning 3 Shamans bots at <3724.719971, 4.640000, 6045.678223>
16:28:06.304 [AI Patrol] Spawning 3 Shamans bots at <3668.021973, 4.640000, 5990.899902>
16:28:23.664 [AI Patrol] Spawning 3 Shamans bots at <3735.616699, 4.640000, 5973.961426>
16:28:25.359 [AI Patrol] Spawning 3 Shamans bots at <3750.575195, 4.642932, 5980.586426>
16:28:42.562 [AI Patrol] Spawning 3 Shamans bots at <3801.054443, 4.640000, 5982.101563>
17:36:08.359 [Killfeed] Preacher got killed by an Infected.
