06:04:18.886 [Party] Player "wiggy" (id=SgADkNjbGaUs8SauxTNPqYQENYs5GlEGD7NNksMh0hI=) joinded the party "Hard Gits" (id=2 ownerUID=RjqUafmWjW9Q1BHza4n7WoZ_8uUWujoz2w-ciuQaZcs= ownerName=Lets_G0_Brandon)
06:04:18.896 [Expansion Quests] - InitQuestSystemClient - Loaded existing player quest data for player with UID: SgADkNjbGaUs8SauxTNPqYQENYs5GlEGD7NNksMh0hI=
06:04:18.896 [Expansion Quests] - LoadGroupQuestData - Created new persistent group quest data for group with ID: 2
06:04:18.896 [Expansion Quests] - Create new quest instance for quest: 99 - Player UID: SgADkNjbGaUs8SauxTNPqYQENYs5GlEGD7NNksMh0hI=
06:04:18.902 [AI Patrol] Spawning 2 Shamans bots at <4680.601563, 26.276590, 7342.125977>
06:04:19.046 [AI Patrol] Spawning 2 Shamans bots at <4431.079102, 15.900000, 7653.937012>
06:04:19.855 [Expansion Quests] - LoadGroupQuestData - Got cached group quest data for group with ID: 2
06:05:34.671 [Party] Player "Mr.Warrior" (id=6hCxNhmcaZ7JeXJSF7evVrv0ZyyXYSyXIZJg-pSH2ZI=) joinded the party "Hard Gits" (id=2 ownerUID=RjqUafmWjW9Q1BHza4n7WoZ_8uUWujoz2w-ciuQaZcs= ownerName=Lets_G0_Brandon)
06:05:34.679 [Expansion Quests] - InitQuestSystemClient - Loaded existing player quest data for player with UID: 6hCxNhmcaZ7JeXJSF7evVrv0ZyyXYSyXIZJg-pSH2ZI=
06:05:34.679 [Expansion Quests] - LoadGroupQuestData - Got cached group quest data for group with ID: 2
06:05:34.679 [Expansion Quests] - Create new quest instance for quest: 99 - Player UID: 6hCxNhmcaZ7JeXJSF7evVrv0ZyyXYSyXIZJg-pSH2ZI=
06:05:35.638 [Expansion Quests] - LoadGroupQuestData - Got cached group quest data for group with ID: 2
06:07:55.343 [Party] Player "Lets_G0_Brandon" (id=RjqUafmWjW9Q1BHza4n7WoZ_8uUWujoz2w-ciuQaZcs=) joinded the party "Hard Gits" (id=2 ownerUID=RjqUafmWjW9Q1BHza4n7WoZ_8uUWujoz2w-ciuQaZcs= ownerName=Lets_G0_Brandon)
06:07:55.353 [Expansion Quests] - InitQuestSystemClient - Loaded existing player quest data for player with UID: RjqUafmWjW9Q1BHza4n7WoZ_8uUWujoz2w-ciuQaZcs=
06:07:55.353 [Expansion Quests] - LoadGroupQuestData - Got cached group quest data for group with ID: 2
06:07:55.353 [Expansion Quests] - Create new quest instance for quest: 99 - Player UID: RjqUafmWjW9Q1BHza4n7WoZ_8uUWujoz2w-ciuQaZcs=
06:07:56.291 [Expansion Quests] - LoadGroupQuestData - Got cached group quest data for group with ID: 2
06:09:28.783 [MissionAirdrop] An airdrop is heading towards "Airfield" (pos=<6791.240234, 0.000000, 2116.860107> type=Random_Airfield) with a ExpansionAirdropContainer_Military
06:17:59.572 [Party] Player "Mr.Warrior" (id=6hCxNhmcaZ7JeXJSF7evVrv0ZyyXYSyXIZJg-pSH2ZI=) left the party "Hard Gits" (id=2 ownerUID=RjqUafmWjW9Q1BHza4n7WoZ_8uUWujoz2w-ciuQaZcs= ownerName=Lets_G0_Brandon)
06:18:26.533 [Party] Player "Mr.Warrior" (id=6hCxNhmcaZ7JeXJSF7evVrv0ZyyXYSyXIZJg-pSH2ZI=) joinded the party "Hard Gits" (id=2 ownerUID=RjqUafmWjW9Q1BHza4n7WoZ_8uUWujoz2w-ciuQaZcs= ownerName=Lets_G0_Brandon)
06:18:26.541 [Expansion Quests] - InitQuestSystemClient - Loaded existing player quest data for player with UID: 6hCxNhmcaZ7JeXJSF7evVrv0ZyyXYSyXIZJg-pSH2ZI=
06:18:26.541 [Expansion Quests] - LoadGroupQuestData - Got cached group quest data for group with ID: 2
06:18:26.541 [Expansion Quests] - Create new quest instance for quest: 99 - Player UID: 6hCxNhmcaZ7JeXJSF7evVrv0ZyyXYSyXIZJg-pSH2ZI=
06:18:27.498 [Expansion Quests] - LoadGroupQuestData - Got cached group quest data for group with ID: 2
07:31:31.781 [MissionAirdrop] An airdrop is heading towards "the Mine" (pos=<3056.280029, 0.000000, 1123.099976> type=Random_Mine) with a ExpansionAirdropContainer_Military
07:56:47.945 [Party] Player "Mr.Warrior" (id=6hCxNhmcaZ7JeXJSF7evVrv0ZyyXYSyXIZJg-pSH2ZI=) joinded the party "Hard Gits" (id=2 ownerUID=RjqUafmWjW9Q1BHza4n7WoZ_8uUWujoz2w-ciuQaZcs= ownerName=Lets_G0_Brandon)
07:56:48.937 [Expansion Quests] - LoadGroupQuestData - Got cached group quest data for group with ID: 2
08:03:22.488 [AI Patrol] Spawning 2 Shamans bots at <2814.049805, 40.865959, 5807.201172>
08:08:14.222 [Expansion Quests] - InitQuestSystemClient - Created new persistent player quest data for player UID: Lhn9s24EER2oNseVd1-_8OCoQuHWtVsLq8YgFxZKZqI=
08:08:14.222 [Expansion Quests] - LoadGroupQuestData - Created new persistent group quest data for group with ID: -1
08:13:02.351 [Expansion Quests] - InitQuestSystemClient - Created new persistent player quest data for player UID: fvuyfu2vAyZ5FpaBSc8JMfvFka2TJFc5PXMfSME3A8I=
08:13:02.351 [Expansion Quests] - LoadGroupQuestData - Got cached group quest data for group with ID: -1
08:15:46.160 [Party] Player "Lets_G0_Brandon" (id=RjqUafmWjW9Q1BHza4n7WoZ_8uUWujoz2w-ciuQaZcs=) invited the player "Nachoz" (id=fvuyfu2vAyZ5FpaBSc8JMfvFka2TJFc5PXMfSME3A8I=)to the party named Hard Gits
08:15:52.443 [Party] Player "Nachoz" (id=fvuyfu2vAyZ5FpaBSc8JMfvFka2TJFc5PXMfSME3A8I=) joinded the party "Hard Gits" (id=2 ownerUID=RjqUafmWjW9Q1BHza4n7WoZ_8uUWujoz2w-ciuQaZcs= ownerName=Lets_G0_Brandon)
08:15:53.443 [Expansion Quests] - LoadGroupQuestData - Got cached group quest data for group with ID: 2
08:22:05.714 [Party] Player "Nachoz" (id=fvuyfu2vAyZ5FpaBSc8JMfvFka2TJFc5PXMfSME3A8I=) left the party "Hard Gits" (id=2 ownerUID=RjqUafmWjW9Q1BHza4n7WoZ_8uUWujoz2w-ciuQaZcs= ownerName=Lets_G0_Brandon)
08:34:00.900 [Party] Player "Mr.Warrior" (id=6hCxNhmcaZ7JeXJSF7evVrv0ZyyXYSyXIZJg-pSH2ZI=) left the party "Hard Gits" (id=2 ownerUID=RjqUafmWjW9Q1BHza4n7WoZ_8uUWujoz2w-ciuQaZcs= ownerName=Lets_G0_Brandon)
08:42:48.968 [Party] Player "Mr.Warrior" (id=6hCxNhmcaZ7JeXJSF7evVrv0ZyyXYSyXIZJg-pSH2ZI=) joinded the party "Hard Gits" (id=2 ownerUID=RjqUafmWjW9Q1BHza4n7WoZ_8uUWujoz2w-ciuQaZcs= ownerName=Lets_G0_Brandon)
08:42:48.976 [Expansion Quests] - InitQuestSystemClient - Loaded existing player quest data for player with UID: 6hCxNhmcaZ7JeXJSF7evVrv0ZyyXYSyXIZJg-pSH2ZI=
08:42:48.976 [Expansion Quests] - LoadGroupQuestData - Got cached group quest data for group with ID: 2
08:42:48.976 [Expansion Quests] - Create new quest instance for quest: 99 - Player UID: 6hCxNhmcaZ7JeXJSF7evVrv0ZyyXYSyXIZJg-pSH2ZI=
08:42:49.925 [Expansion Quests] - LoadGroupQuestData - Got cached group quest data for group with ID: 2
08:45:18.597 [Expansion Quests] - InitQuestSystemClient - Created new persistent player quest data for player UID: 2H7391gmOSCz4VnnBebcTth-2Sm4qjaSYaboxsOPA1Q=
08:45:18.597 [Expansion Quests] - LoadGroupQuestData - Got cached group quest data for group with ID: -1
08:48:18.882 [Expansion Quests] - InitQuestSystemClient - Loaded existing player quest data for player with UID: Lhn9s24EER2oNseVd1-_8OCoQuHWtVsLq8YgFxZKZqI=
08:48:18.882 [Expansion Quests] - LoadGroupQuestData - Got cached group quest data for group with ID: -1
08:48:18.882 [Expansion Quests] - Create new quest instance for quest: 99 - Player UID: Lhn9s24EER2oNseVd1-_8OCoQuHWtVsLq8YgFxZKZqI=
08:51:07.878 [Expansion Quests] - InitQuestSystemClient - Created new persistent player quest data for player UID: Vq9KG5wXnlxiAZYi9EngBgzAagT-q5gfv9gcAfd4zA4=
08:51:07.880 [Expansion Quests] - LoadGroupQuestData - Got cached group quest data for group with ID: -1
08:54:29.812 [Party] Player "Lets_G0_Brandon" (id=RjqUafmWjW9Q1BHza4n7WoZ_8uUWujoz2w-ciuQaZcs=) invited the player "Hawk" (id=Vq9KG5wXnlxiAZYi9EngBgzAagT-q5gfv9gcAfd4zA4=)to the party named Hard Gits
08:54:38.035 [Safezone] Player "Mr.Warrior" (id=6hCxNhmcaZ7JeXJSF7evVrv0ZyyXYSyXIZJg-pSH2ZI= pos=<5068.998047, 1.784728, 2348.830322>) Entered the safezone
08:54:38.220 [Party] Player "Hawk" (id=Vq9KG5wXnlxiAZYi9EngBgzAagT-q5gfv9gcAfd4zA4=) joinded the party "Hard Gits" (id=2 ownerUID=RjqUafmWjW9Q1BHza4n7WoZ_8uUWujoz2w-ciuQaZcs= ownerName=Lets_G0_Brandon)
08:54:39.218 [Expansion Quests] - LoadGroupQuestData - Got cached group quest data for group with ID: 2
08:54:56.445 [AI Patrol] Spawning 2 Shamans bots at <4947.433594, 47.439903, 1318.267822>
08:54:58.515 [Safezone] Player "wiggy" (id=SgADkNjbGaUs8SauxTNPqYQENYs5GlEGD7NNksMh0hI= pos=<5070.364258, 1.784792, 2349.343018>) Entered the safezone
08:54:59.074 [Safezone] Player "Lets_G0_Brandon" (id=RjqUafmWjW9Q1BHza4n7WoZ_8uUWujoz2w-ciuQaZcs= pos=<5069.112793, 1.639664, 2347.769531>) Entered the safezone
08:55:36.761 [Expansion Quests] - CompleteQuest - Player with UID RjqUafmWjW9Q1BHza4n7WoZ_8uUWujoz2w-ciuQaZcs= has completed quest 99
08:55:50.339 [Expansion Quests] - CompleteQuest - Player with UID SgADkNjbGaUs8SauxTNPqYQENYs5GlEGD7NNksMh0hI= has completed quest 99
08:56:03.023 [Expansion Quests] - CompleteQuest - Player with UID 6hCxNhmcaZ7JeXJSF7evVrv0ZyyXYSyXIZJg-pSH2ZI= has completed quest 99
08:57:01.781 [MissionAirdrop] An airdrop is heading towards "Airfield" (pos=<6791.240234, 0.000000, 2116.860107> type=Random_Airfield) with a ExpansionAirdropContainer_Military
08:58:31.035 [Party] Player "Nachoz" (id=fvuyfu2vAyZ5FpaBSc8JMfvFka2TJFc5PXMfSME3A8I=) joinded the party "Hard Gits" (id=2 ownerUID=RjqUafmWjW9Q1BHza4n7WoZ_8uUWujoz2w-ciuQaZcs= ownerName=Lets_G0_Brandon)
08:58:31.042 [Expansion Quests] - InitQuestSystemClient - Loaded existing player quest data for player with UID: fvuyfu2vAyZ5FpaBSc8JMfvFka2TJFc5PXMfSME3A8I=
08:58:31.042 [Expansion Quests] - LoadGroupQuestData - Got cached group quest data for group with ID: 2
08:58:31.042 [Expansion Quests] - Create new quest instance for quest: 99 - Player UID: fvuyfu2vAyZ5FpaBSc8JMfvFka2TJFc5PXMfSME3A8I=
08:58:32.019 [Expansion Quests] - LoadGroupQuestData - Got cached group quest data for group with ID: 2
09:01:15.152 [Expansion Quests] - CreateQuestInstance - Created new quest instance for with instance key SgADkNjbGaUs8SauxTNPqYQENYs5GlEGD7NNksMh0hI= for quest 31
09:01:24.187 [Expansion Quests] - CreateQuestInstance - Created new quest instance for with instance key 6hCxNhmcaZ7JeXJSF7evVrv0ZyyXYSyXIZJg-pSH2ZI= for quest 38
09:02:31.203 [Expansion Quests] - CreateQuestInstance - Created new quest instance for with instance key RjqUafmWjW9Q1BHza4n7WoZ_8uUWujoz2w-ciuQaZcs= for quest 32
09:05:52.320 [Expansion Quests] - CreateQuestInstance - Created new quest instance for with instance key 6hCxNhmcaZ7JeXJSF7evVrv0ZyyXYSyXIZJg-pSH2ZI= for quest 31
09:08:22.777 [Safezone] Player "Mr.Warrior" (id=6hCxNhmcaZ7JeXJSF7evVrv0ZyyXYSyXIZJg-pSH2ZI= pos=<4612.411133, 2.473529, 2222.096924>) Left the safezone
09:08:31.195 [Safezone] Player "Lets_G0_Brandon" (id=RjqUafmWjW9Q1BHza4n7WoZ_8uUWujoz2w-ciuQaZcs= pos=<4610.771484, 2.473492, 2221.725586>) Left the safezone
09:09:56.867 [Party] Player "wiggy" (id=SgADkNjbGaUs8SauxTNPqYQENYs5GlEGD7NNksMh0hI=) left the party "Hard Gits" (id=2 ownerUID=RjqUafmWjW9Q1BHza4n7WoZ_8uUWujoz2w-ciuQaZcs= ownerName=Lets_G0_Brandon)
09:12:26.156 [Party] Player "Nachoz" (id=fvuyfu2vAyZ5FpaBSc8JMfvFka2TJFc5PXMfSME3A8I=) joinded the party "Hard Gits" (id=2 ownerUID=RjqUafmWjW9Q1BHza4n7WoZ_8uUWujoz2w-ciuQaZcs= ownerName=Lets_G0_Brandon)
09:12:27.144 [Expansion Quests] - LoadGroupQuestData - Got cached group quest data for group with ID: 2
09:18:38.578 [AI Patrol] Spawning 2 Shamans bots at <1916.021118, 15.570000, 567.306519>
09:31:39.664 [AI Patrol] Spawning 2 Shamans bots at <2173.032471, 54.799999, 3133.249756>
09:35:56.417 [Party] Player "Mr.Warrior" (id=6hCxNhmcaZ7JeXJSF7evVrv0ZyyXYSyXIZJg-pSH2ZI=) left the party "Hard Gits" (id=2 ownerUID=RjqUafmWjW9Q1BHza4n7WoZ_8uUWujoz2w-ciuQaZcs= ownerName=Lets_G0_Brandon)
09:36:25.437 [Party] Player "Mr.Warrior" (id=6hCxNhmcaZ7JeXJSF7evVrv0ZyyXYSyXIZJg-pSH2ZI=) joinded the party "Hard Gits" (id=2 ownerUID=RjqUafmWjW9Q1BHza4n7WoZ_8uUWujoz2w-ciuQaZcs= ownerName=Lets_G0_Brandon)
09:36:25.445 [Expansion Quests] - InitQuestSystemClient - Loaded existing player quest data for player with UID: 6hCxNhmcaZ7JeXJSF7evVrv0ZyyXYSyXIZJg-pSH2ZI=
09:36:25.445 [Expansion Quests] - LoadGroupQuestData - Got cached group quest data for group with ID: 2
09:36:25.445 [Expansion Quests] - Create new quest instance for quest: 38 - Player UID: 6hCxNhmcaZ7JeXJSF7evVrv0ZyyXYSyXIZJg-pSH2ZI=
09:36:25.445 [Expansion Quests] - Create new quest instance for quest: 31 - Player UID: 6hCxNhmcaZ7JeXJSF7evVrv0ZyyXYSyXIZJg-pSH2ZI=
09:36:26.390 [Expansion Quests] - LoadGroupQuestData - Got cached group quest data for group with ID: 2
09:37:06.878 [Party] Player "Mr.Warrior" (id=6hCxNhmcaZ7JeXJSF7evVrv0ZyyXYSyXIZJg-pSH2ZI=) left the party "Hard Gits" (id=2 ownerUID=RjqUafmWjW9Q1BHza4n7WoZ_8uUWujoz2w-ciuQaZcs= ownerName=Lets_G0_Brandon)
09:37:30.777 [Party] Player "Mr.Warrior" (id=6hCxNhmcaZ7JeXJSF7evVrv0ZyyXYSyXIZJg-pSH2ZI=) joinded the party "Hard Gits" (id=2 ownerUID=RjqUafmWjW9Q1BHza4n7WoZ_8uUWujoz2w-ciuQaZcs= ownerName=Lets_G0_Brandon)
09:37:30.785 [Expansion Quests] - InitQuestSystemClient - Loaded existing player quest data for player with UID: 6hCxNhmcaZ7JeXJSF7evVrv0ZyyXYSyXIZJg-pSH2ZI=
09:37:30.785 [Expansion Quests] - LoadGroupQuestData - Got cached group quest data for group with ID: 2
09:37:30.785 [Expansion Quests] - Create new quest instance for quest: 38 - Player UID: 6hCxNhmcaZ7JeXJSF7evVrv0ZyyXYSyXIZJg-pSH2ZI=
09:37:30.785 [Expansion Quests] - Create new quest instance for quest: 31 - Player UID: 6hCxNhmcaZ7JeXJSF7evVrv0ZyyXYSyXIZJg-pSH2ZI=
09:37:31.726 [Expansion Quests] - LoadGroupQuestData - Got cached group quest data for group with ID: 2
09:38:26.074 [Party] Player "Mr.Warrior" (id=6hCxNhmcaZ7JeXJSF7evVrv0ZyyXYSyXIZJg-pSH2ZI=) left the party "Hard Gits" (id=2 ownerUID=RjqUafmWjW9Q1BHza4n7WoZ_8uUWujoz2w-ciuQaZcs= ownerName=Lets_G0_Brandon)
09:39:03.503 [Party] Player "Mr.Warrior" (id=6hCxNhmcaZ7JeXJSF7evVrv0ZyyXYSyXIZJg-pSH2ZI=) joinded the party "Hard Gits" (id=2 ownerUID=RjqUafmWjW9Q1BHza4n7WoZ_8uUWujoz2w-ciuQaZcs= ownerName=Lets_G0_Brandon)
09:39:03.507 [Expansion Quests] - InitQuestSystemClient - Loaded existing player quest data for player with UID: 6hCxNhmcaZ7JeXJSF7evVrv0ZyyXYSyXIZJg-pSH2ZI=
09:39:03.511 [Expansion Quests] - LoadGroupQuestData - Got cached group quest data for group with ID: 2
09:39:03.511 [Expansion Quests] - Create new quest instance for quest: 38 - Player UID: 6hCxNhmcaZ7JeXJSF7evVrv0ZyyXYSyXIZJg-pSH2ZI=
09:39:03.511 [Expansion Quests] - Create new quest instance for quest: 31 - Player UID: 6hCxNhmcaZ7JeXJSF7evVrv0ZyyXYSyXIZJg-pSH2ZI=
09:39:04.457 [Expansion Quests] - LoadGroupQuestData - Got cached group quest data for group with ID: 2
09:58:41.746 [Killfeed] Mr.Warrior got killed by Survivor (Shamans) with KAS-74U from a distance of 12 m.
09:59:09.816 [Party] Player "Mr.Warrior" (id=6hCxNhmcaZ7JeXJSF7evVrv0ZyyXYSyXIZJg-pSH2ZI=) joinded the party "Hard Gits" (id=2 ownerUID=RjqUafmWjW9Q1BHza4n7WoZ_8uUWujoz2w-ciuQaZcs= ownerName=Lets_G0_Brandon)
09:59:10.812 [Expansion Quests] - LoadGroupQuestData - Got cached group quest data for group with ID: 2
10:01:04.304 [Party] Player "Nachoz" (id=fvuyfu2vAyZ5FpaBSc8JMfvFka2TJFc5PXMfSME3A8I=) joinded the party "Hard Gits" (id=2 ownerUID=RjqUafmWjW9Q1BHza4n7WoZ_8uUWujoz2w-ciuQaZcs= ownerName=Lets_G0_Brandon)
10:01:05.296 [Expansion Quests] - LoadGroupQuestData - Got cached group quest data for group with ID: 2
10:02:23.343 [Party] Player "Hawk" (id=Vq9KG5wXnlxiAZYi9EngBgzAagT-q5gfv9gcAfd4zA4=) joinded the party "Hard Gits" (id=2 ownerUID=RjqUafmWjW9Q1BHza4n7WoZ_8uUWujoz2w-ciuQaZcs= ownerName=Lets_G0_Brandon)
10:02:24.335 [Expansion Quests] - LoadGroupQuestData - Got cached group quest data for group with ID: 2
10:16:31.343 [VehicleEnter] Player Hawk [uid=Vq9KG5wXnlxiAZYi9EngBgzAagT-q5gfv9gcAfd4zA4=] entered vehicle ToyotaHilux (id=EA0E67BF7240F290B5D0EF9E56873C2C pos=<2383.273682, 54.804760, 3130.797607>) as driver
10:16:36.324 [VehicleLeave] Player Hawk [uid=Vq9KG5wXnlxiAZYi9EngBgzAagT-q5gfv9gcAfd4zA4=] left vehicle ToyotaHilux (id=EA0E67BF7240F290B5D0EF9E56873C2C pos=<2383.276855, 54.804737, 3130.797607>)
10:19:15.781 [MissionAirdrop] An airdrop is heading towards "Apple Orchard" (pos=<4814.680176, 0.000000, 1308.500000> type=Random_Apple-Orchard) with a ExpansionAirdropContainer_Medical
10:25:49.218 [Safezone] Player "wiggy" (id=SgADkNjbGaUs8SauxTNPqYQENYs5GlEGD7NNksMh0hI= pos=<4798.068359, 6.322500, 2283.737793>) Entered the safezone
10:25:49.218 [Party] Player "wiggy" (id=SgADkNjbGaUs8SauxTNPqYQENYs5GlEGD7NNksMh0hI=) joinded the party "Hard Gits" (id=2 ownerUID=RjqUafmWjW9Q1BHza4n7WoZ_8uUWujoz2w-ciuQaZcs= ownerName=Lets_G0_Brandon)
10:25:49.226 [Expansion Quests] - InitQuestSystemClient - Loaded existing player quest data for player with UID: SgADkNjbGaUs8SauxTNPqYQENYs5GlEGD7NNksMh0hI=
10:25:49.226 [Expansion Quests] - LoadGroupQuestData - Got cached group quest data for group with ID: 2
10:25:49.226 [Expansion Quests] - Create new quest instance for quest: 31 - Player UID: SgADkNjbGaUs8SauxTNPqYQENYs5GlEGD7NNksMh0hI=
10:25:50.156 [Expansion Quests] - LoadGroupQuestData - Got cached group quest data for group with ID: 2
10:26:09.519 [Party] Player "Nachoz" (id=fvuyfu2vAyZ5FpaBSc8JMfvFka2TJFc5PXMfSME3A8I=) left the party "Hard Gits" (id=2 ownerUID=RjqUafmWjW9Q1BHza4n7WoZ_8uUWujoz2w-ciuQaZcs= ownerName=Lets_G0_Brandon)
10:30:39.566 [Safezone] Player "wiggy" (id=SgADkNjbGaUs8SauxTNPqYQENYs5GlEGD7NNksMh0hI= pos=<4616.085449, 2.473524, 2225.957275>) Left the safezone
10:31:09.050 [Expansion Quests] - InitQuestSystemClient - Created new persistent player quest data for player UID: iAIcpeFKuUmTYYRta5ELKOhrmEamsmrgLwRzQwFgtNM=
10:31:09.050 [Expansion Quests] - LoadGroupQuestData - Got cached group quest data for group with ID: -1
10:32:19.289 [Chat - Global]("S.O.D-Rusty"(id=iAIcpeFKuUmTYYRta5ELKOhrmEamsmrgLwRzQwFgtNM=)): yo every time i log back on here i have to start over sup with that?
10:35:25.984 [Party] Player "Nachoz" (id=fvuyfu2vAyZ5FpaBSc8JMfvFka2TJFc5PXMfSME3A8I=) joinded the party "Hard Gits" (id=2 ownerUID=RjqUafmWjW9Q1BHza4n7WoZ_8uUWujoz2w-ciuQaZcs= ownerName=Lets_G0_Brandon)
10:35:25.992 [Expansion Quests] - InitQuestSystemClient - Loaded existing player quest data for player with UID: fvuyfu2vAyZ5FpaBSc8JMfvFka2TJFc5PXMfSME3A8I=
10:35:25.992 [Expansion Quests] - LoadGroupQuestData - Got cached group quest data for group with ID: 2
10:35:25.992 [Expansion Quests] - Create new quest instance for quest: 99 - Player UID: fvuyfu2vAyZ5FpaBSc8JMfvFka2TJFc5PXMfSME3A8I=
10:35:26.968 [Expansion Quests] - LoadGroupQuestData - Got cached group quest data for group with ID: 2
10:36:49.937 [VehicleEnter] Player Mr.Warrior [uid=6hCxNhmcaZ7JeXJSF7evVrv0ZyyXYSyXIZJg-pSH2ZI=] entered vehicle ToyotaHilux (id=EA0E67BF7240F290B5D0EF9E56873C2C pos=<2383.277832, 54.804749, 3130.797363>) as driver
10:36:54.843 [VehicleLeave] Player Mr.Warrior [uid=6hCxNhmcaZ7JeXJSF7evVrv0ZyyXYSyXIZJg-pSH2ZI=] left vehicle ToyotaHilux (id=EA0E67BF7240F290B5D0EF9E56873C2C pos=<2383.278320, 54.804737, 3130.797363>)
10:37:12.007 [VehicleEnter] Player Mr.Warrior [uid=6hCxNhmcaZ7JeXJSF7evVrv0ZyyXYSyXIZJg-pSH2ZI=] entered vehicle ToyotaHilux (id=EA0E67BF7240F290B5D0EF9E56873C2C pos=<2383.274170, 54.804756, 3130.797363>) as driver
10:38:32.554 [VehicleEngine] Player Mr.Warrior [uid=6hCxNhmcaZ7JeXJSF7evVrv0ZyyXYSyXIZJg-pSH2ZI=] started vehicle ToyotaHilux (id=EA0E67BF7240F290B5D0EF9E56873C2C pos=<2383.276855, 54.804737, 3130.797363>)
10:38:36.156 [VehicleEngine] Player Mr.Warrior [uid=6hCxNhmcaZ7JeXJSF7evVrv0ZyyXYSyXIZJg-pSH2ZI=] started vehicle ToyotaHilux (id=EA0E67BF7240F290B5D0EF9E56873C2C pos=<2383.274170, 54.804752, 3130.797363>)
10:38:54.382 [VehicleEngine] Player Mr.Warrior [uid=6hCxNhmcaZ7JeXJSF7evVrv0ZyyXYSyXIZJg-pSH2ZI=] started vehicle ToyotaHilux (id=EA0E67BF7240F290B5D0EF9E56873C2C pos=<2383.275879, 54.804745, 3130.797363>)
10:39:17.945 [Party] Player "Nachoz" (id=fvuyfu2vAyZ5FpaBSc8JMfvFka2TJFc5PXMfSME3A8I=) joinded the party "Hard Gits" (id=2 ownerUID=RjqUafmWjW9Q1BHza4n7WoZ_8uUWujoz2w-ciuQaZcs= ownerName=Lets_G0_Brandon)
10:39:18.937 [Expansion Quests] - LoadGroupQuestData - Got cached group quest data for group with ID: 2
10:40:48.082 [Expansion Quests] - InitQuestSystemClient - Loaded existing player quest data for player with UID: -r2araXommLNgd2kLCOg5MUhQUGYZRsIrQF--_XcIVE=
10:40:48.082 [Expansion Quests] - LoadGroupQuestData - Got cached group quest data for group with ID: -1
10:40:48.085 [Expansion Quests] - Create new quest instance for quest: 99 - Player UID: -r2araXommLNgd2kLCOg5MUhQUGYZRsIrQF--_XcIVE=
10:45:26.140 [Party] Player "Lets_G0_Brandon" (id=RjqUafmWjW9Q1BHza4n7WoZ_8uUWujoz2w-ciuQaZcs=) left the party "Hard Gits" (id=2 ownerUID=RjqUafmWjW9Q1BHza4n7WoZ_8uUWujoz2w-ciuQaZcs= ownerName=Lets_G0_Brandon)
10:48:50.269 [VehicleEnter] Player Nachoz [uid=fvuyfu2vAyZ5FpaBSc8JMfvFka2TJFc5PXMfSME3A8I=] entered vehicle ToyotaHilux (id=EA0E67BF7240F290B5D0EF9E56873C2C pos=<3414.625488, 11.277083, 6603.721191>) as passenger
10:51:27.949 [VehicleEngine] Player Mr.Warrior [uid=6hCxNhmcaZ7JeXJSF7evVrv0ZyyXYSyXIZJg-pSH2ZI=] stopped vehicle ToyotaHilux (id=EA0E67BF7240F290B5D0EF9E56873C2C pos=<2697.598633, 43.944820, 5959.179199>)
10:51:30.320 [Safezone] Player "wiggy" (id=SgADkNjbGaUs8SauxTNPqYQENYs5GlEGD7NNksMh0hI= pos=<4669.859375, 2.501149, 2242.260986>) Entered the safezone
10:51:32.445 [VehicleLeave] Player Nachoz [uid=fvuyfu2vAyZ5FpaBSc8JMfvFka2TJFc5PXMfSME3A8I=] left vehicle ToyotaHilux (id=EA0E67BF7240F290B5D0EF9E56873C2C pos=<2697.598633, 43.944813, 5959.179199>)
10:51:35.152 [VehicleLeave] Player Mr.Warrior [uid=6hCxNhmcaZ7JeXJSF7evVrv0ZyyXYSyXIZJg-pSH2ZI=] left vehicle ToyotaHilux (id=EA0E67BF7240F290B5D0EF9E56873C2C pos=<2697.598633, 43.944817, 5959.179199>)
10:52:33.453 [VehicleAttachments] Player Mr.Warrior (uid=6hCxNhmcaZ7JeXJSF7evVrv0ZyyXYSyXIZJg-pSH2ZI=) detached Jerrycan (type=CanisterGasoline) from vehicle ToyotaHilux(id=EA0E67BF7240F290B5D0EF9E56873C2C pos=<2697.601563, 43.944798, 5959.176758>)
10:54:30.156 [VehicleAttachments] Player Mr.Warrior (uid=6hCxNhmcaZ7JeXJSF7evVrv0ZyyXYSyXIZJg-pSH2ZI=) detached Jerrycan (type=CanisterGasoline) from vehicle ToyotaHilux(id=EA0E67BF7240F290B5D0EF9E56873C2C pos=<2697.601563, 43.944798, 5959.176758>)
10:55:13.687 [VehicleEnter] Player Mr.Warrior [uid=6hCxNhmcaZ7JeXJSF7evVrv0ZyyXYSyXIZJg-pSH2ZI=] entered vehicle ToyotaHilux (id=EA0E67BF7240F290B5D0EF9E56873C2C pos=<2697.602783, 43.944801, 5959.177246>) as driver
10:55:16.492 [VehicleEngine] Player Mr.Warrior [uid=6hCxNhmcaZ7JeXJSF7evVrv0ZyyXYSyXIZJg-pSH2ZI=] started vehicle ToyotaHilux (id=EA0E67BF7240F290B5D0EF9E56873C2C pos=<2697.603027, 43.944798, 5959.176270>)
10:56:08.757 [VehicleLeave] Player Mr.Warrior [uid=6hCxNhmcaZ7JeXJSF7evVrv0ZyyXYSyXIZJg-pSH2ZI=] left vehicle ToyotaHilux (id=EA0E67BF7240F290B5D0EF9E56873C2C pos=<2659.965820, 43.944756, 5894.517578>)
10:56:53.652 [VehicleEnter] Player Mr.Warrior [uid=6hCxNhmcaZ7JeXJSF7evVrv0ZyyXYSyXIZJg-pSH2ZI=] entered vehicle ToyotaHilux (id=EA0E67BF7240F290B5D0EF9E56873C2C pos=<2659.967529, 43.944767, 5894.516113>) as driver
10:56:59.953 [VehicleEngine] Player Mr.Warrior [uid=6hCxNhmcaZ7JeXJSF7evVrv0ZyyXYSyXIZJg-pSH2ZI=] started vehicle ToyotaHilux (id=EA0E67BF7240F290B5D0EF9E56873C2C pos=<2659.967529, 43.944763, 5894.516113>)
10:57:04.480 [VehicleEnter] Player Nachoz [uid=fvuyfu2vAyZ5FpaBSc8JMfvFka2TJFc5PXMfSME3A8I=] entered vehicle ToyotaHilux (id=EA0E67BF7240F290B5D0EF9E56873C2C pos=<2659.966553, 43.944756, 5894.517090>) as passenger
10:57:40.808 [VehicleLeave] Player Mr.Warrior [uid=6hCxNhmcaZ7JeXJSF7evVrv0ZyyXYSyXIZJg-pSH2ZI=] left vehicle ToyotaHilux (id=EA0E67BF7240F290B5D0EF9E56873C2C pos=<2699.287109, 43.944756, 5783.443359>)
10:57:49.796 [Killfeed] Mr.Warrior got killed by Anatoliy-GopnikSlayer with AWM from a distance of 69 m.
10:58:05.546 [VehicleLeave] Player Nachoz [uid=fvuyfu2vAyZ5FpaBSc8JMfvFka2TJFc5PXMfSME3A8I=] left vehicle ToyotaHilux (id=EA0E67BF7240F290B5D0EF9E56873C2C pos=<2699.285156, 43.944736, 5783.445313>)
10:58:18.949 [Party] Player "Mr.Warrior" (id=6hCxNhmcaZ7JeXJSF7evVrv0ZyyXYSyXIZJg-pSH2ZI=) joinded the party "Hard Gits" (id=2 ownerUID=RjqUafmWjW9Q1BHza4n7WoZ_8uUWujoz2w-ciuQaZcs= ownerName=Lets_G0_Brandon)
10:58:19.945 [Expansion Quests] - LoadGroupQuestData - Got cached group quest data for group with ID: 2
10:58:44.308 [Expansion Quests] - InitQuestSystemClient - Created new persistent player quest data for player UID: HQAtXFe6fZZL90M2CD_a22otF9NJ2s4t7n-ol5BAu6o=
10:58:44.312 [Expansion Quests] - LoadGroupQuestData - Got cached group quest data for group with ID: -1
10:59:48.457 [Killfeed] Nachoz got killed by Anatoliy-GopnikSlayer with AWM from a distance of 69 m.
11:00:21.023 [Party] Player "Nachoz" (id=fvuyfu2vAyZ5FpaBSc8JMfvFka2TJFc5PXMfSME3A8I=) joinded the party "Hard Gits" (id=2 ownerUID=RjqUafmWjW9Q1BHza4n7WoZ_8uUWujoz2w-ciuQaZcs= ownerName=Lets_G0_Brandon)
11:00:22.015 [Expansion Quests] - LoadGroupQuestData - Got cached group quest data for group with ID: 2
11:01:25.421 [VehicleEnter] Player Anatoliy-GopnikSlayer [uid=-r2araXommLNgd2kLCOg5MUhQUGYZRsIrQF--_XcIVE=] entered vehicle ToyotaHilux (id=EA0E67BF7240F290B5D0EF9E56873C2C pos=<2699.284912, 43.944744, 5783.446289>) as driver
11:01:26.867 [VehicleEngine] Player Anatoliy-GopnikSlayer [uid=-r2araXommLNgd2kLCOg5MUhQUGYZRsIrQF--_XcIVE=] started vehicle ToyotaHilux (id=EA0E67BF7240F290B5D0EF9E56873C2C pos=<2699.285156, 43.944744, 5783.445801>)
11:03:25.085 [Party] Player "Nachoz" (id=fvuyfu2vAyZ5FpaBSc8JMfvFka2TJFc5PXMfSME3A8I=) left the party "Hard Gits" (id=2 ownerUID=RjqUafmWjW9Q1BHza4n7WoZ_8uUWujoz2w-ciuQaZcs= ownerName=Lets_G0_Brandon)
11:10:05.187 [Expansion Quests] - InitQuestSystemClient - Created new persistent player quest data for player UID: Sltx5zKJy7sVbO2kN3XTpRthB0wkULqErUtRpY6M_7o=
11:10:05.187 [Expansion Quests] - LoadGroupQuestData - Got cached group quest data for group with ID: -1
11:12:06.546 [VehicleLeave] Player Anatoliy-GopnikSlayer [uid=-r2araXommLNgd2kLCOg5MUhQUGYZRsIrQF--_XcIVE=] left vehicle ToyotaHilux (id=EA0E67BF7240F290B5D0EF9E56873C2C pos=<2942.418945, 166.448853, 2657.423096>)
11:17:29.382 [VehicleEnter] Player Anatoliy-GopnikSlayer [uid=-r2araXommLNgd2kLCOg5MUhQUGYZRsIrQF--_XcIVE=] entered vehicle ToyotaHilux (id=EA0E67BF7240F290B5D0EF9E56873C2C pos=<2942.416504, 166.449036, 2657.426514>) as driver
11:17:34.683 [VehicleEngine] Player Anatoliy-GopnikSlayer [uid=-r2araXommLNgd2kLCOg5MUhQUGYZRsIrQF--_XcIVE=] started vehicle ToyotaHilux (id=EA0E67BF7240F290B5D0EF9E56873C2C pos=<2942.416504, 166.449066, 2657.426514>)
11:18:07.597 [Expansion Quests] - InitQuestSystemClient - Created new persistent player quest data for player UID: XGxV8VHekq0KYAPc0WjoSl16cJwG5PgAznv2CZAPXhA=
11:18:07.597 [Expansion Quests] - LoadGroupQuestData - Got cached group quest data for group with ID: -1
11:18:23.593 [VehicleLeave] Player Anatoliy-GopnikSlayer [uid=-r2araXommLNgd2kLCOg5MUhQUGYZRsIrQF--_XcIVE=] left vehicle ToyotaHilux (id=EA0E67BF7240F290B5D0EF9E56873C2C pos=<2886.251465, 118.213257, 2452.928711>)
11:18:41.281 [Market] Player "wiggy" (id=SgADkNjbGaUs8SauxTNPqYQENYs5GlEGD7NNksMh0hI=) has send a requested to sell cp_cannabisbagskunk x1 at the trader "Fishing_Hunting (Helga [HOLLER MARKET])" in market zone "The Holler" (pos=<4864.000000, 0.000000, 2314.000000>).
11:18:41.445 [Market] Player "wiggy" (id=SgADkNjbGaUs8SauxTNPqYQENYs5GlEGD7NNksMh0hI=) has sold cp_cannabisbagskunk x1 at the trader "Fishing_Hunting (Helga [HOLLER MARKET])" in market zone "The Holler" (pos=<4864.000000, 0.000000, 2314.000000>) and got 1000.
11:18:59.031 [ATM] Player "wiggy" (id=SgADkNjbGaUs8SauxTNPqYQENYs5GlEGD7NNksMh0hI=) has deposited 1000 on his ATM account.
11:19:13.531 [VehicleEnter] Player Anatoliy-GopnikSlayer [uid=-r2araXommLNgd2kLCOg5MUhQUGYZRsIrQF--_XcIVE=] entered vehicle ToyotaHilux (id=EA0E67BF7240F290B5D0EF9E56873C2C pos=<2886.250244, 118.213135, 2452.928955>) as driver
11:19:16.656 [VehicleEngine] Player Anatoliy-GopnikSlayer [uid=-r2araXommLNgd2kLCOg5MUhQUGYZRsIrQF--_XcIVE=] started vehicle ToyotaHilux (id=EA0E67BF7240F290B5D0EF9E56873C2C pos=<2886.248779, 118.213089, 2452.929443>)
11:19:30.937 [VehicleLeave] Player Anatoliy-GopnikSlayer [uid=-r2araXommLNgd2kLCOg5MUhQUGYZRsIrQF--_XcIVE=] left vehicle ToyotaHilux (id=EA0E67BF7240F290B5D0EF9E56873C2C pos=<2886.380615, 116.271248, 2442.311279>)
11:19:43.972 [VehicleAttachments] Player Anatoliy-GopnikSlayer (uid=-r2araXommLNgd2kLCOg5MUhQUGYZRsIrQF--_XcIVE=) detached ToyotaHilux Wheel (type=ToyotaHilux_Wheel) from vehicle ToyotaHilux(id=EA0E67BF7240F290B5D0EF9E56873C2C pos=<2886.403076, 116.270485, 2442.284424>)
11:20:25.398 [VehicleEnter] Player Anatoliy-GopnikSlayer [uid=-r2araXommLNgd2kLCOg5MUhQUGYZRsIrQF--_XcIVE=] entered vehicle ToyotaHilux (id=EA0E67BF7240F290B5D0EF9E56873C2C pos=<2886.285645, 116.258743, 2442.313721>) as driver
11:20:27.179 [VehicleEngine] Player Anatoliy-GopnikSlayer [uid=-r2araXommLNgd2kLCOg5MUhQUGYZRsIrQF--_XcIVE=] started vehicle ToyotaHilux (id=EA0E67BF7240F290B5D0EF9E56873C2C pos=<2886.286377, 116.257080, 2442.307129>)
11:20:56.839 [Chat - Global]("Oregon Hunter"(id=XGxV8VHekq0KYAPc0WjoSl16cJwG5PgAznv2CZAPXhA=)): Good morning yall
11:21:08.664 [VehicleLeave] Player Anatoliy-GopnikSlayer [uid=-r2araXommLNgd2kLCOg5MUhQUGYZRsIrQF--_XcIVE=] left vehicle ToyotaHilux (id=EA0E67BF7240F290B5D0EF9E56873C2C pos=<2886.401611, 116.266510, 2442.257568>)
11:21:41.757 [VehicleEnter] Player Anatoliy-GopnikSlayer [uid=-r2araXommLNgd2kLCOg5MUhQUGYZRsIrQF--_XcIVE=] entered vehicle ToyotaHilux (id=EA0E67BF7240F290B5D0EF9E56873C2C pos=<2886.548828, 116.302849, 2442.399902>) as driver
11:21:43.535 [VehicleEngine] Player Anatoliy-GopnikSlayer [uid=-r2araXommLNgd2kLCOg5MUhQUGYZRsIrQF--_XcIVE=] started vehicle ToyotaHilux (id=EA0E67BF7240F290B5D0EF9E56873C2C pos=<2886.550293, 116.302513, 2442.393555>)
11:22:24.781 [VehicleEngine] Player Anatoliy-GopnikSlayer [uid=-r2araXommLNgd2kLCOg5MUhQUGYZRsIrQF--_XcIVE=] stopped vehicle ToyotaHilux (id=EA0E67BF7240F290B5D0EF9E56873C2C pos=<2886.570557, 116.293663, 2442.298584>)
11:22:58.140 [VehicleLeave] Player Anatoliy-GopnikSlayer [uid=-r2araXommLNgd2kLCOg5MUhQUGYZRsIrQF--_XcIVE=] left vehicle ToyotaHilux (id=EA0E67BF7240F290B5D0EF9E56873C2C pos=<2886.572754, 116.293022, 2442.291260>)
11:26:19.429 [Expansion Quests] - InitQuestSystemClient - Loaded existing player quest data for player with UID: HQAtXFe6fZZL90M2CD_a22otF9NJ2s4t7n-ol5BAu6o=
11:26:19.429 [Expansion Quests] - LoadGroupQuestData - Got cached group quest data for group with ID: -1
11:26:19.429 [Expansion Quests] - Create new quest instance for quest: 99 - Player UID: HQAtXFe6fZZL90M2CD_a22otF9NJ2s4t7n-ol5BAu6o=
11:26:24.093 [Expansion Quests] - InitQuestSystemClient - Loaded existing player quest data for player with UID: spMEkRl42onhFHdF_u42e0T03x2sj347kUc600NXdGA=
11:26:24.093 [Expansion Quests] - LoadGroupQuestData - Got cached group quest data for group with ID: -1
11:26:24.093 [Expansion Quests] - Create new quest instance for quest: 99 - Player UID: spMEkRl42onhFHdF_u42e0T03x2sj347kUc600NXdGA=
11:27:09.941 [VehicleEnter] Player [ADMIN]DrKilledByDeath [uid=spMEkRl42onhFHdF_u42e0T03x2sj347kUc600NXdGA=] entered vehicle ToyotaHilux (id=EA0E67BF7240F290B5D0EF9E56873C2C pos=<2886.572998, 116.292824, 2442.290527>) as driver
11:27:17.031 [VehicleLeave] Player [ADMIN]DrKilledByDeath [uid=spMEkRl42onhFHdF_u42e0T03x2sj347kUc600NXdGA=] left vehicle ToyotaHilux (id=EA0E67BF7240F290B5D0EF9E56873C2C pos=<2883.694824, 115.753960, 2440.577393>)
11:27:46.953 [VehicleEnter] Player Anatoliy-GopnikSlayer [uid=-r2araXommLNgd2kLCOg5MUhQUGYZRsIrQF--_XcIVE=] entered vehicle ToyotaHilux (id=EA0E67BF7240F290B5D0EF9E56873C2C pos=<2883.693604, 115.754417, 2440.582275>) as driver
11:27:48.453 [VehicleEngine] Player Anatoliy-GopnikSlayer [uid=-r2araXommLNgd2kLCOg5MUhQUGYZRsIrQF--_XcIVE=] started vehicle ToyotaHilux (id=EA0E67BF7240F290B5D0EF9E56873C2C pos=<2883.693604, 115.755150, 2440.589600>)
11:27:50.617 [Safezone] Player "wiggy" (id=SgADkNjbGaUs8SauxTNPqYQENYs5GlEGD7NNksMh0hI= pos=<4991.664063, 3.843070, 2092.360352>) Left the safezone
11:27:55.937 [AI Patrol] Spawning 2 Shamans bots at <5964.228516, 26.129999, 1813.449341>
11:29:15.199 [Safezone] Player "wiggy" (id=SgADkNjbGaUs8SauxTNPqYQENYs5GlEGD7NNksMh0hI= pos=<4984.832520, 3.842096, 2143.268799>) Entered the safezone
11:31:53.570 [Safezone] Player "Anatoliy-GopnikSlayer" (id=-r2araXommLNgd2kLCOg5MUhQUGYZRsIrQF--_XcIVE= pos=<4984.560059, 4.885405, 2144.967773>) Entered the safezone
11:32:18.875 [VehicleLeave] Player Anatoliy-GopnikSlayer [uid=-r2araXommLNgd2kLCOg5MUhQUGYZRsIrQF--_XcIVE=] left vehicle ToyotaHilux (id=EA0E67BF7240F290B5D0EF9E56873C2C pos=<4923.383301, 6.314754, 2257.636230>)
11:32:46.304 [VehicleDeleted] ToyotaHilux (id=EA0E67BF7240F290B5D0EF9E56873C2C pos=<4923.378906, 6.314731, 2257.636230>)
11:32:46.304 [VehicleCover] Player "Anatoliy-GopnikSlayer" (id=-r2araXommLNgd2kLCOg5MUhQUGYZRsIrQF--_XcIVE= pos=<4923.555664, 6.322474, 2261.413330>) covered vehicle "ToyotaHilux" (GlobalID=8000000080000000800000008000048A pos=<4923.378906, 6.314731, 2257.636230>)!
11:32:54.546 [Expansion Quests] - CompleteQuest - Player with UID -r2araXommLNgd2kLCOg5MUhQUGYZRsIrQF--_XcIVE= has completed quest 99
11:37:38.796 [VehicleCover] Player "Anatoliy-GopnikSlayer" (id=-r2araXommLNgd2kLCOg5MUhQUGYZRsIrQF--_XcIVE= pos=<4921.395020, 6.322498, 2258.509033>) uncovered vehicle "ToyotaHilux" (GlobalID=8000000080000000800000008000048A pos=<4923.378906, 6.314731, 2257.636230>)!
11:37:44.609 [VehicleCarKey] Player "Anatoliy-GopnikSlayer" (id=-r2araXommLNgd2kLCOg5MUhQUGYZRsIrQF--_XcIVE= pos=<4921.395020, 6.322498, 2258.509033>) paired a  ExpansionCarKey to ToyotaHilux (id=9FF46D707C45E6C0C92AB1A01A66B1D9 pos=<4923.375488, 6.314731, 2257.636963>)
11:37:46.710 [VehicleCarKey] Player "Anatoliy-GopnikSlayer" (id=-r2araXommLNgd2kLCOg5MUhQUGYZRsIrQF--_XcIVE= pos=<4921.395020, 6.322498, 2258.509033>) used the  ExpansionCarKey to lock ToyotaHilux (id=9FF46D707C45E6C0C92AB1A01A66B1D9 pos=<4923.375488, 6.314731, 2257.636963>)
11:37:58.269 [VehicleDeleted] ToyotaHilux (id=9FF46D707C45E6C0C92AB1A01A66B1D9 pos=<4923.375488, 6.314731, 2257.636963>)
11:37:58.269 [VehicleCover] Player "Anatoliy-GopnikSlayer" (id=-r2araXommLNgd2kLCOg5MUhQUGYZRsIrQF--_XcIVE= pos=<4921.395020, 6.322498, 2258.509033>) covered vehicle "ToyotaHilux" (GlobalID=8000000080000000800000008000048A pos=<4923.375488, 6.314731, 2257.636963>)!
