21:05:32.000 [AI Patrol] Spawning 3 Shamans bots at <2276.320068, 64.450371, 7036.401367>
22:35:12.585 [AI Patrol] Spawning 3 Shamans bots at <4416.005859, -5.084336, 2998.514160>
22:35:12.601 [AI Patrol] Spawning 3 Shamans bots at <4823.652344, 47.848907, 1351.562622>
22:42:12.007 [Party] Player "Lets_G0_Brandon" (id=RjqUafmWjW9Q1BHza4n7WoZ_8uUWujoz2w-ciuQaZcs=) joinded the party "Gits" (id=4 ownerUID=RjqUafmWjW9Q1BHza4n7WoZ_8uUWujoz2w-ciuQaZcs= ownerName=Slightly Crazed)
22:42:12.015 [AI Patrol] Spawning 3 Shamans bots at <3759.728027, 15.630000, 6576.085938>
22:42:12.039 [AI Patrol] Spawning 3 Shamans bots at <3431.718262, 17.631893, 6319.274414>
22:42:12.054 [AI Patrol] Spawning 3 Shamans bots at <3760.194824, 15.630000, 6569.020020>
22:42:12.070 [AI Patrol] Spawning 3 Shamans bots at <3493.960449, 16.279510, 6338.091309>
22:43:28.171 [Party] Player "Lets_G0_Brandon" (id=RjqUafmWjW9Q1BHza4n7WoZ_8uUWujoz2w-ciuQaZcs=) left the party "Gits" (id=4 ownerUID=RjqUafmWjW9Q1BHza4n7WoZ_8uUWujoz2w-ciuQaZcs= ownerName=Slightly Crazed)
22:47:28.250 [Party] Player "Lets_G0_Brandon" (id=RjqUafmWjW9Q1BHza4n7WoZ_8uUWujoz2w-ciuQaZcs=) joinded the party "Gits" (id=4 ownerUID=RjqUafmWjW9Q1BHza4n7WoZ_8uUWujoz2w-ciuQaZcs= ownerName=Slightly Crazed)
22:47:54.382 [AI Patrol] Spawning 3 Shamans bots at <2718.572021, 43.939999, 5961.347656>
22:48:30.671 [AI Patrol] Spawning 3 Shamans bots at <2819.044189, 43.939999, 5874.128418>
22:48:32.875 [AI Patrol] Spawning 3 Shamans bots at <2486.702637, 44.281059, 5952.265137>
22:49:29.406 [AI Patrol] Spawning 3 Shamans bots at <3708.552002, 4.640000, 6040.470215>
22:49:29.671 [AI Patrol] Spawning 3 Shamans bots at <4007.049805, 15.630000, 6666.709961>
22:49:30.039 [AI Patrol] Spawning 3 Shamans bots at <3673.704590, 4.640000, 6004.867676>
22:49:30.523 [AI Patrol] Spawning 3 Shamans bots at <4006.373779, 15.630000, 6624.009766>
22:49:44.335 [AI Patrol] Spawning 3 Shamans bots at <3738.789307, 4.640000, 5968.497559>
22:49:52.109 [AI Patrol] Spawning 3 Shamans bots at <3747.284912, 4.640000, 5962.423340>
22:49:56.210 [AI Patrol] Spawning 3 Shamans bots at <3794.415039, 4.640000, 5973.636719>
22:57:25.937 [Chat - Global]("Lets_G0_Brandon"(id=RjqUafmWjW9Q1BHza4n7WoZ_8uUWujoz2w-ciuQaZcs=)): still nothing spawning?
23:13:34.593 [Party] Player "Lets_G0_Brandon" (id=RjqUafmWjW9Q1BHza4n7WoZ_8uUWujoz2w-ciuQaZcs=) left the party "Gits" (id=4 ownerUID=RjqUafmWjW9Q1BHza4n7WoZ_8uUWujoz2w-ciuQaZcs= ownerName=Slightly Crazed)
23:20:00.882 [AI Patrol] Spawning 3 Shamans bots at <2511.311035, 43.939999, 5718.514160>
23:20:00.898 [AI Patrol] Spawning 3 Shamans bots at <2503.710449, 43.939999, 5738.528809>
23:27:46.695 [Chat - Global]("(ADMIN)BLUE"(id=OAdpPkJP2Ps_W7h2ttR1bK23ekHCzrxw0mDT3zqLMdU=)): any one need some start up help let me know
23:28:08.281 [Chat - Global]("Chim"(id=34grYJQ9r2wo1L8neGIz09ZgpCiXK_Fe8Cp4Z0ErlKE=)): bruh
23:28:47.125 [AI Patrol] Spawning 3 Shamans bots at <4352.298340, 15.700000, 7678.769043>
23:28:47.140 [AI Patrol] Spawning 3 Shamans bots at <4339.427734, 15.910000, 7648.604980>
23:28:47.148 [AI Patrol] Spawning 3 Shamans bots at <4273.541992, 15.703855, 7656.046387>
23:30:01.015 [Chat - Global]("Chim"(id=34grYJQ9r2wo1L8neGIz09ZgpCiXK_Fe8Cp4Z0ErlKE=)): wheres the fuckn loot at?
23:35:44.437 [Chat - Global]("Chim"(id=34grYJQ9r2wo1L8neGIz09ZgpCiXK_Fe8Cp4Z0ErlKE=)): wtf?!
23:36:32.906 [VehicleEnter] Player Chim [uid=34grYJQ9r2wo1L8neGIz09ZgpCiXK_Fe8Cp4Z0ErlKE=] entered vehicle STR_Camaro_Hagr_name (id=4EF2CC56E54C2FCC27CDD58ED276FF36 pos=<3697.028076, 14.461614, 6650.940918>) as driver
23:36:35.125 [VehicleEngine] Player Chim [uid=34grYJQ9r2wo1L8neGIz09ZgpCiXK_Fe8Cp4Z0ErlKE=] started vehicle STR_Camaro_Hagr_name (id=4EF2CC56E54C2FCC27CDD58ED276FF36 pos=<3697.028076, 14.461566, 6650.940430>)
23:36:53.015 [VehicleLeave] Player Chim [uid=34grYJQ9r2wo1L8neGIz09ZgpCiXK_Fe8Cp4Z0ErlKE=] left vehicle STR_Camaro_Hagr_name (id=4EF2CC56E54C2FCC27CDD58ED276FF36 pos=<3694.249268, 15.068241, 6655.330566>)
23:37:14.742 [VehicleEnter] Player Chim [uid=34grYJQ9r2wo1L8neGIz09ZgpCiXK_Fe8Cp4Z0ErlKE=] entered vehicle STR_Camaro_Hagr_name (id=4EF2CC56E54C2FCC27CDD58ED276FF36 pos=<3694.248291, 15.068374, 6655.331055>) as driver
23:37:22.984 [VehicleLeave] Player Chim [uid=34grYJQ9r2wo1L8neGIz09ZgpCiXK_Fe8Cp4Z0ErlKE=] left vehicle STR_Camaro_Hagr_name (id=4EF2CC56E54C2FCC27CDD58ED276FF36 pos=<3694.249268, 15.068174, 6655.329590>)
23:39:04.679 [VehicleEnter] Player Chim [uid=34grYJQ9r2wo1L8neGIz09ZgpCiXK_Fe8Cp4Z0ErlKE=] entered vehicle STR_Camaro_Hagr_name (id=4EF2CC56E54C2FCC27CDD58ED276FF36 pos=<3694.247070, 15.068563, 6655.332031>) as driver
23:39:08.453 [VehicleEngine] Player Chim [uid=34grYJQ9r2wo1L8neGIz09ZgpCiXK_Fe8Cp4Z0ErlKE=] started vehicle STR_Camaro_Hagr_name (id=4EF2CC56E54C2FCC27CDD58ED276FF36 pos=<3694.248535, 15.068308, 6655.330078>)
23:39:11.382 [VehicleEngine] Player Chim [uid=34grYJQ9r2wo1L8neGIz09ZgpCiXK_Fe8Cp4Z0ErlKE=] stopped vehicle STR_Camaro_Hagr_name (id=4EF2CC56E54C2FCC27CDD58ED276FF36 pos=<3694.247070, 15.068562, 6655.332031>)
23:39:14.593 [VehicleLeave] Player Chim [uid=34grYJQ9r2wo1L8neGIz09ZgpCiXK_Fe8Cp4Z0ErlKE=] left vehicle STR_Camaro_Hagr_name (id=4EF2CC56E54C2FCC27CDD58ED276FF36 pos=<3694.248291, 15.068332, 6655.330566>)
23:41:38.156 [Party] Player "CrazyBob1027" (id=sotoW1_Nk-TTJiiIPsCtS3o5Fa1yZMPYUSJANQxS2rE=) joinded the party "Psychonuats" (id=6 ownerUID= ownerName=)
23:41:38.156 [Party] Player "CrazyBob1027" (id=sotoW1_Nk-TTJiiIPsCtS3o5Fa1yZMPYUSJANQxS2rE=) created a party named Psychonuats (Psyc)
23:41:54.968 [Party] Player "CrazyBob1027" (id=sotoW1_Nk-TTJiiIPsCtS3o5Fa1yZMPYUSJANQxS2rE=) invited the player "ChaoticBeauty07" (id=aZuey8BZu5enttVf1frXEoSPxF2bH_OE61qSIaeu7J0=)to the party named Psychonuats
23:41:56.585 [Party] Player "CrazyBob1027" (id=sotoW1_Nk-TTJiiIPsCtS3o5Fa1yZMPYUSJANQxS2rE=) invited the player "Chim" (id=34grYJQ9r2wo1L8neGIz09ZgpCiXK_Fe8Cp4Z0ErlKE=)to the party named Psychonuats
23:41:58.070 [Party] Player "CrazyBob1027" (id=sotoW1_Nk-TTJiiIPsCtS3o5Fa1yZMPYUSJANQxS2rE=) invited the player "ChimnJenny" (id=r2lUmFLKL-sI1uKdFopNx0EDhXQoZf7KY0E9WNMzn7w=)to the party named Psychonuats
23:42:03.148 [Party] Player "ChaoticBeauty07" (id=aZuey8BZu5enttVf1frXEoSPxF2bH_OE61qSIaeu7J0=) joinded the party "Psychonuats" (id=6 ownerUID=sotoW1_Nk-TTJiiIPsCtS3o5Fa1yZMPYUSJANQxS2rE= ownerName=CrazyBob1027)
23:42:09.171 [Party] Player "ChimnJenny" (id=r2lUmFLKL-sI1uKdFopNx0EDhXQoZf7KY0E9WNMzn7w=) joinded the party "Psychonuats" (id=6 ownerUID=sotoW1_Nk-TTJiiIPsCtS3o5Fa1yZMPYUSJANQxS2rE= ownerName=CrazyBob1027)
23:42:51.359 [Party] Player "Chim" (id=34grYJQ9r2wo1L8neGIz09ZgpCiXK_Fe8Cp4Z0ErlKE=) joinded the party "Psychonuats" (id=6 ownerUID=sotoW1_Nk-TTJiiIPsCtS3o5Fa1yZMPYUSJANQxS2rE= ownerName=CrazyBob1027)
23:42:57.304 [VehicleEnter] Player Chim [uid=34grYJQ9r2wo1L8neGIz09ZgpCiXK_Fe8Cp4Z0ErlKE=] entered vehicle STR_Camaro_Hagr_name (id=4EF2CC56E54C2FCC27CDD58ED276FF36 pos=<3694.246338, 15.068602, 6655.332520>) as driver
23:43:00.375 [VehicleEngine] Player Chim [uid=34grYJQ9r2wo1L8neGIz09ZgpCiXK_Fe8Cp4Z0ErlKE=] started vehicle STR_Camaro_Hagr_name (id=4EF2CC56E54C2FCC27CDD58ED276FF36 pos=<3694.247559, 15.068432, 6655.330566>)
23:44:27.250 [Party] Player "Lets_G0_Brandon" (id=RjqUafmWjW9Q1BHza4n7WoZ_8uUWujoz2w-ciuQaZcs=) joinded the party "Gits" (id=4 ownerUID=RjqUafmWjW9Q1BHza4n7WoZ_8uUWujoz2w-ciuQaZcs= ownerName=Slightly Crazed)
23:46:11.250 [VehicleLeave] Player Chim [uid=34grYJQ9r2wo1L8neGIz09ZgpCiXK_Fe8Cp4Z0ErlKE=] left vehicle STR_Camaro_Hagr_name (id=4EF2CC56E54C2FCC27CDD58ED276FF36 pos=<2657.335693, 43.998695, 5885.276367>)
23:48:57.843 [VehicleEnter] Player CrazyBob1027 [uid=sotoW1_Nk-TTJiiIPsCtS3o5Fa1yZMPYUSJANQxS2rE=] entered vehicle LandCruiser Skul (id=B8A7AFF81947AE3266C70DA21B82F04E pos=<2645.204102, 43.952381, 5881.741699>) as driver
23:49:00.070 [VehicleEnter] Player ChaoticBeauty07 [uid=aZuey8BZu5enttVf1frXEoSPxF2bH_OE61qSIaeu7J0=] entered vehicle LandCruiser Skul (id=B8A7AFF81947AE3266C70DA21B82F04E pos=<2645.201904, 43.952377, 5881.741699>) as passenger
23:49:02.726 [VehicleLeave] Player CrazyBob1027 [uid=sotoW1_Nk-TTJiiIPsCtS3o5Fa1yZMPYUSJANQxS2rE=] left vehicle LandCruiser Skul (id=B8A7AFF81947AE3266C70DA21B82F04E pos=<2645.201416, 43.952377, 5881.741699>)
23:50:48.664 [VehicleEnter] Player CrazyBob1027 [uid=sotoW1_Nk-TTJiiIPsCtS3o5Fa1yZMPYUSJANQxS2rE=] entered vehicle LandCruiser Skul (id=B8A7AFF81947AE3266C70DA21B82F04E pos=<2645.200195, 43.952377, 5881.741699>) as driver
23:50:53.679 [VehicleEngine] Player CrazyBob1027 [uid=sotoW1_Nk-TTJiiIPsCtS3o5Fa1yZMPYUSJANQxS2rE=] started vehicle LandCruiser Skul (id=B8A7AFF81947AE3266C70DA21B82F04E pos=<2645.199707, 43.952374, 5881.741699>)
23:51:38.468 [VehicleLeave] Player ChaoticBeauty07 [uid=aZuey8BZu5enttVf1frXEoSPxF2bH_OE61qSIaeu7J0=] left vehicle LandCruiser Skul (id=B8A7AFF81947AE3266C70DA21B82F04E pos=<2620.976807, 43.952381, 5874.340332>)
23:51:41.796 [VehicleLeave] Player CrazyBob1027 [uid=sotoW1_Nk-TTJiiIPsCtS3o5Fa1yZMPYUSJANQxS2rE=] left vehicle LandCruiser Skul (id=B8A7AFF81947AE3266C70DA21B82F04E pos=<2620.978271, 43.952374, 5874.342773>)
23:51:45.851 [VehicleEnter] Player CrazyBob1027 [uid=sotoW1_Nk-TTJiiIPsCtS3o5Fa1yZMPYUSJANQxS2rE=] entered vehicle LandCruiser Skul (id=B8A7AFF81947AE3266C70DA21B82F04E pos=<2620.978027, 43.952374, 5874.342773>) as driver
23:51:46.804 [VehicleEngine] Player CrazyBob1027 [uid=sotoW1_Nk-TTJiiIPsCtS3o5Fa1yZMPYUSJANQxS2rE=] stopped vehicle LandCruiser Skul (id=B8A7AFF81947AE3266C70DA21B82F04E pos=<2620.978271, 43.952374, 5874.343262>)
23:51:55.148 [VehicleLeave] Player CrazyBob1027 [uid=sotoW1_Nk-TTJiiIPsCtS3o5Fa1yZMPYUSJANQxS2rE=] left vehicle LandCruiser Skul (id=B8A7AFF81947AE3266C70DA21B82F04E pos=<2620.978027, 43.952377, 5874.342773>)
23:52:43.015 [Chat - Global]("(ADMIN)BLUE"(id=OAdpPkJP2Ps_W7h2ttR1bK23ekHCzrxw0mDT3zqLMdU=)): day time coming in yall
23:53:11.359 [Party] Player "CrazyBob1027" (id=sotoW1_Nk-TTJiiIPsCtS3o5Fa1yZMPYUSJANQxS2rE=) left the party "Psychonuats" (id=6 ownerUID=sotoW1_Nk-TTJiiIPsCtS3o5Fa1yZMPYUSJANQxS2rE= ownerName=CrazyBob1027)
23:55:39.875 [AI Patrol] Spawning 3 Shamans bots at <7208.755371, 26.129999, 1792.309082>
23:59:14.515 [Party] Player "ChaoticBeauty07" (id=aZuey8BZu5enttVf1frXEoSPxF2bH_OE61qSIaeu7J0=) left the party "Psychonuats" (id=6 ownerUID=sotoW1_Nk-TTJiiIPsCtS3o5Fa1yZMPYUSJANQxS2rE= ownerName=CrazyBob1027)
23:59:14.523 [Party] Player "ChimnJenny" (id=r2lUmFLKL-sI1uKdFopNx0EDhXQoZf7KY0E9WNMzn7w=) left the party "Psychonuats" (id=6 ownerUID=sotoW1_Nk-TTJiiIPsCtS3o5Fa1yZMPYUSJANQxS2rE= ownerName=CrazyBob1027)
23:59:14.523 [Party] Player "Lets_G0_Brandon" (id=RjqUafmWjW9Q1BHza4n7WoZ_8uUWujoz2w-ciuQaZcs=) left the party "Gits" (id=4 ownerUID=RjqUafmWjW9Q1BHza4n7WoZ_8uUWujoz2w-ciuQaZcs= ownerName=Slightly Crazed)
23:59:14.531 [Party] Player "Chim" (id=34grYJQ9r2wo1L8neGIz09ZgpCiXK_Fe8Cp4Z0ErlKE=) left the party "Psychonuats" (id=6 ownerUID=sotoW1_Nk-TTJiiIPsCtS3o5Fa1yZMPYUSJANQxS2rE= ownerName=CrazyBob1027)
