06:02:44.613 [Party] Player "wiggy" (id=SgADkNjbGaUs8SauxTNPqYQENYs5GlEGD7NNksMh0hI=) joinded the party "Gits" (id=4 ownerUID=RjqUafmWjW9Q1BHza4n7WoZ_8uUWujoz2w-ciuQaZcs= ownerName=Slightly Crazed)
06:02:44.660 [AI Patrol] Spawning 3 Shamans bots at <4804.118164, 36.175686, 7266.951172>
06:02:50.630 [Party] Player "Slightly Crazed" (id=RjqUafmWjW9Q1BHza4n7WoZ_8uUWujoz2w-ciuQaZcs=) joinded the party "Gits" (id=4 ownerUID=RjqUafmWjW9Q1BHza4n7WoZ_8uUWujoz2w-ciuQaZcs= ownerName=Slightly Crazed)
06:05:39.738 [AI Patrol] Spawning 3 Shamans bots at <4010.203125, 15.630000, 6665.241699>
06:06:50.738 [AI Patrol] Spawning 3 Shamans bots at <4006.603271, 15.630000, 6618.018555>
06:10:53.634 [Party] Player "Slightly Crazed" (id=RjqUafmWjW9Q1BHza4n7WoZ_8uUWujoz2w-ciuQaZcs=) joinded the party "Gits" (id=4 ownerUID=RjqUafmWjW9Q1BHza4n7WoZ_8uUWujoz2w-ciuQaZcs= ownerName=Slightly Crazed)
06:13:30.751 [AI Patrol] Spawning 3 Shamans bots at <2287.882080, 64.334892, 7041.995117>
06:18:30.535 [AI Patrol] Spawning 3 Shamans bots at <2473.172363, 44.418007, 5951.118164>
06:19:34.646 [AI Patrol] Spawning 3 Shamans bots at <2733.322510, 43.939999, 5882.543945>
06:19:43.138 [AI Patrol] Spawning 3 Shamans bots at <2497.296631, 43.939999, 5727.960938>
06:19:47.068 [AI Patrol] Spawning 3 Shamans bots at <2505.617676, 43.939999, 5716.796387>
06:19:57.970 [AI Patrol] Spawning 3 Shamans bots at <4364.972656, 15.700000, 7746.736816>
06:20:17.943 [AI Patrol] Spawning 3 Shamans bots at <4342.118652, 15.700000, 7678.235840>
06:20:22.642 [AI Patrol] Spawning 3 Shamans bots at <4337.194336, 15.915545, 7640.587402>
06:21:13.267 [AI Patrol] Spawning 3 Shamans bots at <2145.283936, 21.976858, 5488.323242>
06:21:15.267 [AI Patrol] Spawning 3 Shamans bots at <3763.915771, 15.630000, 6582.959473>
06:21:17.351 [AI Patrol] Spawning 3 Shamans bots at <3753.645752, 15.630000, 6581.851074>
06:21:19.078 [AI Patrol] Spawning 3 Shamans bots at <3767.213379, 15.630000, 6556.731934>
06:23:05.408 [Party] Player "Slightly Crazed" (id=RjqUafmWjW9Q1BHza4n7WoZ_8uUWujoz2w-ciuQaZcs=) left the party "Gits" (id=4 ownerUID=RjqUafmWjW9Q1BHza4n7WoZ_8uUWujoz2w-ciuQaZcs= ownerName=Slightly Crazed)
06:23:26.285 [AI Patrol] Spawning 3 Shamans bots at <3803.348145, 4.643145, 5984.628906>
06:23:27.568 [AI Patrol] Spawning 3 Shamans bots at <3719.148926, 4.640000, 6039.284180>
06:23:36.070 [AI Patrol] Spawning 3 Shamans bots at <3753.253662, 4.640000, 5969.708984>
06:23:41.546 [AI Patrol] Spawning 3 Shamans bots at <3731.416504, 4.640000, 5963.673340>
06:23:59.578 [AI Patrol] Spawning 3 Shamans bots at <3668.920410, 4.640000, 6003.581543>
06:26:21.992 [AI Patrol] Spawning 3 Shamans bots at <3425.530273, 17.499987, 6316.737793>
06:28:26.447 [AI Patrol] Spawning 3 Shamans bots at <4022.370605, 9.635952, 4871.623047>
06:28:41.128 [AI Patrol] Spawning 3 Shamans bots at <4160.397461, 18.289940, 4785.992676>
06:28:43.423 [AI Patrol] Spawning 3 Shamans bots at <4154.293457, 18.289940, 4772.087402>
06:28:48.140 [AI Patrol] Spawning 3 Shamans bots at <4113.369629, 18.289940, 4748.185547>
06:29:11.865 [AI Patrol] Spawning 3 Shamans bots at <3997.749268, 20.188105, 4651.686035>
06:29:13.800 [AI Patrol] Spawning 3 Shamans bots at <3984.676270, 19.771034, 4649.389160>
06:29:18.208 [AI Patrol] Spawning 3 Shamans bots at <3968.135010, 19.073673, 4631.774902>
06:30:29.042 [Party] Player "wiggy" (id=SgADkNjbGaUs8SauxTNPqYQENYs5GlEGD7NNksMh0hI=) left the party "Gits" (id=4 ownerUID=RjqUafmWjW9Q1BHza4n7WoZ_8uUWujoz2w-ciuQaZcs= ownerName=Slightly Crazed)
08:59:23.949 [AI Patrol] Spawning 3 Shamans bots at <7115.261230, 26.456873, 1822.809570>
09:04:41.181 [BaseRaiding] BBP_BDoor (<7871.405273, 36.430336, 1988.916870>) Code set by player "(ADMIN)BLUE" (ID = "OAdpPkJP2Ps_W7h2ttR1bK23ekHCzrxw0mDT3zqLMdU=" at <7871.755371, 36.276775, 1988.602417>) and the code is 1776
10:56:20.093 [Party] Player "wiggy" (id=SgADkNjbGaUs8SauxTNPqYQENYs5GlEGD7NNksMh0hI=) joinded the party "Gits" (id=4 ownerUID=RjqUafmWjW9Q1BHza4n7WoZ_8uUWujoz2w-ciuQaZcs= ownerName=Slightly Crazed)
10:56:20.113 [AI Patrol] Spawning 3 Shamans bots at <4401.102539, 12.935881, 4859.442383>
11:18:28.582 [Party] Player "wiggy" (id=SgADkNjbGaUs8SauxTNPqYQENYs5GlEGD7NNksMh0hI=) left the party "Gits" (id=4 ownerUID=RjqUafmWjW9Q1BHza4n7WoZ_8uUWujoz2w-ciuQaZcs= ownerName=Slightly Crazed)
11:21:44.796 [Party] Player "wiggy" (id=SgADkNjbGaUs8SauxTNPqYQENYs5GlEGD7NNksMh0hI=) joinded the party "Gits" (id=4 ownerUID=RjqUafmWjW9Q1BHza4n7WoZ_8uUWujoz2w-ciuQaZcs= ownerName=Slightly Crazed)
11:25:52.164 [Party] Player "wiggy" (id=SgADkNjbGaUs8SauxTNPqYQENYs5GlEGD7NNksMh0hI=) left the party "Gits" (id=4 ownerUID=RjqUafmWjW9Q1BHza4n7WoZ_8uUWujoz2w-ciuQaZcs= ownerName=Slightly Crazed)
11:34:14.343 [AI Patrol] Spawning 3 Shamans bots at <2148.813477, 22.013979, 5486.361328>
