18:36:13.679 [Party] Player "SiR NeRg" (id=v49uXaJny-MXhmq_qvUelv_0QcwRY1-cv9_Yq-5tGIA=) joinded the party "Death Dealers" (id=1 ownerUID=v49uXaJny-MXhmq_qvUelv_0QcwRY1-cv9_Yq-5tGIA= ownerName=SiR NeRg)
18:36:13.695 [AI Patrol] Spawning 3 Shamans bots at <1972.670532, 15.570000, 700.597229>
18:36:21.578 [AI Patrol] Spawning 3 Shamans bots at <2430.235840, 6.242438, 354.731415>
18:36:46.179 [AI Patrol] Spawning 3 Shamans bots at <1907.511719, 15.570000, 612.640137>
18:39:26.593 [AI Patrol] Spawning 3 Shamans bots at <2016.398315, 35.445972, 1383.024048>
18:42:29.992 [AI Patrol] Spawning 3 Shamans bots at <1721.381714, 15.570000, 483.856628>
18:43:30.742 [AI Patrol] Spawning 3 Shamans bots at <1845.688965, 15.570000, 586.249084>
18:43:32.515 [AI Patrol] Spawning 3 Shamans bots at <1854.741455, 15.570000, 580.259216>
18:44:08.414 [AI Patrol] Spawning 3 Shamans bots at <2302.002686, 77.099998, 1726.028076>
18:49:45.148 [AI Patrol] Spawning 3 Shamans bots at <1946.673828, 54.799999, 2935.007324>
18:49:46.179 [AI Patrol] Spawning 3 Shamans bots at <1951.098267, 54.799999, 2940.560547>
18:49:46.320 [AI Patrol] Spawning 3 Shamans bots at <1965.328979, 54.799999, 2939.720459>
18:50:18.031 [AI Patrol] Spawning 3 Shamans bots at <2091.487305, 54.799999, 3055.266602>
18:50:21.476 [AI Patrol] Spawning 3 Shamans bots at <2170.162842, 54.799999, 3054.142090>
18:50:33.375 [AI Patrol] Spawning 3 Shamans bots at <2333.625977, 54.799999, 3060.825195>
18:51:08.109 [AI Patrol] Spawning 3 Shamans bots at <2191.768066, 54.799999, 3268.679199>
18:52:35.000 [AI Patrol] Spawning 3 Shamans bots at <2847.550293, 53.410000, 3192.970947>
18:52:48.304 [AI Patrol] Spawning 3 Shamans bots at <2896.805908, 53.410000, 3202.864258>
19:07:18.375 [AI Patrol] Spawning 3 Shamans bots at <3236.436279, 9.726561, 3803.654297>
19:08:02.640 [AI Patrol] Spawning 3 Shamans bots at <3981.209961, 19.494120, 4637.908203>
19:08:03.398 [AI Patrol] Spawning 3 Shamans bots at <3981.690674, 19.688776, 4650.706543>
19:08:12.773 [AI Patrol] Spawning 3 Shamans bots at <3989.542480, 19.989391, 4655.697266>
19:08:32.976 [AI Patrol] Spawning 3 Shamans bots at <4026.508301, 10.161168, 4859.623535>
19:08:47.796 [AI Patrol] Spawning 3 Shamans bots at <4118.759277, 18.289940, 4761.181152>
19:08:57.609 [AI Patrol] Spawning 3 Shamans bots at <4147.064941, 18.289940, 4766.444824>
19:09:00.773 [AI Patrol] Spawning 3 Shamans bots at <4160.496582, 18.289940, 4788.069824>
19:15:48.734 [VehicleEnter] Player SiR NeRg [uid=v49uXaJny-MXhmq_qvUelv_0QcwRY1-cv9_Yq-5tGIA=] entered vehicle Fennek RUST (id=1E4E6222DA4FF639C583CCB7C89EF10C pos=<3817.737549, 6.967666, 4842.960938>) as passenger
19:15:57.695 [VehicleLeave] Player SiR NeRg [uid=v49uXaJny-MXhmq_qvUelv_0QcwRY1-cv9_Yq-5tGIA=] left vehicle Fennek RUST (id=1E4E6222DA4FF639C583CCB7C89EF10C pos=<3817.737549, 6.967666, 4842.960938>)
19:16:29.570 [VehicleAttachments] Player SiR NeRg (uid=v49uXaJny-MXhmq_qvUelv_0QcwRY1-cv9_Yq-5tGIA=) detached Spark Plug (type=SparkPlug) from vehicle Fennek RUST(id=1E4E6222DA4FF639C583CCB7C89EF10C pos=<3817.737549, 6.967666, 4842.960938>)
19:24:33.312 [Party] Player "SiR NeRg" (id=v49uXaJny-MXhmq_qvUelv_0QcwRY1-cv9_Yq-5tGIA=) left the party "Death Dealers" (id=1 ownerUID=v49uXaJny-MXhmq_qvUelv_0QcwRY1-cv9_Yq-5tGIA= ownerName=SiR NeRg)
