14:23:56.792 [AI Patrol] Spawning 3 Shamans bots at <2145.218262, 21.938002, 5476.763672>
14:28:47.042 [AI Patrol] Spawning 3 Shamans bots at <2488.848145, 43.939999, 5737.793457>
14:29:15.917 [AI Patrol] Spawning 3 Shamans bots at <2519.539063, 43.939999, 5712.178223>
14:29:34.015 [AI Patrol] Spawning 3 Shamans bots at <2488.159912, 44.292953, 5955.167480>
14:35:04.078 [AI Patrol] Spawning 3 Shamans bots at <2767.732178, 44.295822, 5991.701172>
14:38:50.628 [Killfeed] Damn it RuStY got killed by Survivor (Shamans) with KA-M from a distance of 28 m.
14:39:17.449 [AI Patrol] Spawning 3 Shamans bots at <2281.236816, 64.512459, 7029.926758>
15:03:26.660 [Killfeed] Damn it RuStY got killed by an Infected.
15:03:50.070 [AI Patrol] Spawning 3 Shamans bots at <3720.768066, 4.640000, 6051.518066>
15:03:50.082 [AI Patrol] Spawning 3 Shamans bots at <3755.397461, 15.630000, 6567.831543>
15:03:50.089 [AI Patrol] Spawning 3 Shamans bots at <3751.263672, 4.640000, 5979.621094>
15:03:50.101 [AI Patrol] Spawning 3 Shamans bots at <3427.694092, 17.562899, 6319.690918>
15:03:50.109 [AI Patrol] Spawning 3 Shamans bots at <3794.646484, 4.640000, 5970.471680>
15:03:50.121 [AI Patrol] Spawning 3 Shamans bots at <3732.600586, 4.640000, 5960.995605>
15:03:50.128 [AI Patrol] Spawning 3 Shamans bots at <3751.887451, 15.630000, 6562.804199>
15:03:50.140 [AI Patrol] Spawning 3 Shamans bots at <3668.124512, 4.640000, 5993.023438>
15:03:50.148 [AI Patrol] Spawning 3 Shamans bots at <3225.437500, 21.722439, 6312.800293>
15:13:40.949 [AI Patrol] Spawning 3 Shamans bots at <5249.574219, 18.363935, 5024.518555>
15:37:36.851 [Killfeed] Damn it RuStY starved to death.
15:38:02.484 [AI Patrol] Spawning 3 Shamans bots at <4003.003906, 15.630000, 6649.457031>
15:38:02.492 [AI Patrol] Spawning 3 Shamans bots at <4016.865479, 15.630000, 6621.636230>
15:38:02.500 [AI Patrol] Spawning 3 Shamans bots at <3761.167480, 15.630000, 6577.793945>
15:38:36.503 [AI Patrol] Spawning 3 Shamans bots at <4342.412109, 15.910000, 7643.942871>
15:38:40.003 [AI Patrol] Spawning 3 Shamans bots at <4353.372070, 15.700000, 7680.458496>
15:39:10.414 [AI Patrol] Spawning 3 Shamans bots at <4525.838379, 15.777783, 7644.886719>
15:40:29.339 [AI Patrol] Spawning 3 Shamans bots at <4776.493164, 15.926708, 7477.771484>
15:46:13.183 [Killfeed] Damn it RuStY got killed by Survivor (Shamans) with SK 59/66 from a distance of 40 m.
15:55:42.695 [Killfeed] Damn it RuStY died because of dehydration.
16:14:31.445 [AI Patrol] Spawning 3 Shamans bots at <4030.727051, 15.630000, 6653.550781>
16:50:44.875 [AI Patrol] Spawning 3 Shamans bots at <3816.265381, 10.489674, 4620.405273>
17:10:27.351 [AI Patrol] Spawning 3 Shamans bots at <3231.944336, 7.180044, 3897.413818>
17:20:05.007 [AI Patrol] Spawning 3 Shamans bots at <4429.145508, -5.392385, 2997.249268>
17:24:31.007 [AI Patrol] Spawning 3 Shamans bots at <5539.654785, 209.889999, 4136.944336>
