19:43:14.953 [Expansion Quests] - InitQuestSystemClient - Loaded existing player quest data for player with UID: YGaNLcjGDSmSiDfAbxprnIK5B_w0vu6pCMO_f9n4LHM=
19:43:14.953 [Expansion Quests] - Create new quest instance for quest: 99 - Player UID: YGaNLcjGDSmSiDfAbxprnIK5B_w0vu6pCMO_f9n4LHM=
19:48:23.539 [MissionAirdrop] An airdrop is heading towards "Cassandra" (pos=<4274.000000, 0.000000, 7597.299805> type=Random_Cassandra) with a ExpansionAirdropContainer_Medical
20:00:27.984 [Expansion Quests] - InitQuestSystemClient - Loaded existing player quest data for player with UID: NUj5dH2QCyzwrXBBkAWpwAeeg4cKJakUjy5gBEZK-I4=
20:00:27.984 [Expansion Quests] - Create new quest instance for quest: 99 - Player UID: NUj5dH2QCyzwrXBBkAWpwAeeg4cKJakUjy5gBEZK-I4=
20:21:59.031 [Expansion Quests] - InitQuestSystemClient - Loaded existing player quest data for player with UID: NUj5dH2QCyzwrXBBkAWpwAeeg4cKJakUjy5gBEZK-I4=
20:21:59.031 [Expansion Quests] - Create new quest instance for quest: 99 - Player UID: NUj5dH2QCyzwrXBBkAWpwAeeg4cKJakUjy5gBEZK-I4=
20:59:02.414 [Safezone] Player "Taco" (id=ax7Tt8AKEfSEyy4-XVMEjmiM71IuF4dUHcqKEdRBHaE= pos=<4850.691895, 13.390578, 2314.621094>) Entered the safezone
20:59:02.421 [Expansion Quests] - InitQuestSystemClient - Loaded existing player quest data for player with UID: ax7Tt8AKEfSEyy4-XVMEjmiM71IuF4dUHcqKEdRBHaE=
20:59:02.429 [AI Patrol] Spawning 2 Shamans bots at <4888.554199, 44.625530, 1432.909180>
21:03:46.710 [Chat - Global]("Taco"(id=ax7Tt8AKEfSEyy4-XVMEjmiM71IuF4dUHcqKEdRBHaE=)): yo
21:06:37.109 [Expansion Quests] - CreateQuestInstance - Created new quest instance for with instance key ax7Tt8AKEfSEyy4-XVMEjmiM71IuF4dUHcqKEdRBHaE= for quest 1
21:07:42.765 [AI Patrol] Spawning 2 Shamans bots at <2780.146240, 43.950001, 5898.052734>
21:10:38.539 [MissionAirdrop] An airdrop is heading towards "Mt Lapithas" (pos=<5540.580078, 0.000000, 4123.680176> type=Random_Mt-Lapithas) with a ExpansionAirdropContainer
22:36:45.828 [Safezone] Player "Taco" (id=ax7Tt8AKEfSEyy4-XVMEjmiM71IuF4dUHcqKEdRBHaE= pos=<4804.439941, 6.658288, 2242.199219>) Entered the safezone
22:36:45.828 [Expansion Quests] - InitQuestSystemClient - Loaded existing player quest data for player with UID: ax7Tt8AKEfSEyy4-XVMEjmiM71IuF4dUHcqKEdRBHaE=
22:36:45.835 [Expansion Quests] - Create new quest instance for quest: 1 - Player UID: ax7Tt8AKEfSEyy4-XVMEjmiM71IuF4dUHcqKEdRBHaE=
22:36:50.546 [MissionAirdrop] An airdrop is heading towards "Cassandra" (pos=<4274.000000, 0.000000, 7597.299805> type=Random_Cassandra) with a ExpansionAirdropContainer_Medical
22:40:01.625 [Safezone] Player "Taco" (id=ax7Tt8AKEfSEyy4-XVMEjmiM71IuF4dUHcqKEdRBHaE= pos=<4992.416504, 3.843088, 2087.241943>) Left the safezone
22:42:21.585 [Expansion Quests] - CancelQuestServer - Player with UID ax7Tt8AKEfSEyy4-XVMEjmiM71IuF4dUHcqKEdRBHaE= has cancelled quest 1
22:51:17.414 [AI Patrol] Spawning 2 Shamans bots at <6495.682129, 26.129999, 1991.305298>
23:03:29.156 [AI Patrol] Spawning 2 Shamans bots at <7154.724609, 26.129999, 1787.314575>
