00:00:50.179 [Party] Player "Captain Chaos" (id=KWl3ojgjStHOe3-iLRChpUG8crsNiNfei3BT6NCIfaw=) joinded the party "Sodomizers" (id=0 ownerUID=KWl3ojgjStHOe3-iLRChpUG8crsNiNfei3BT6NCIfaw= ownerName=Captain Chaos)
00:00:50.187 [AI Patrol] Spawning 3 Shamans bots at <4743.468262, 18.561594, 7431.251465>
00:01:42.476 [Party] Player "(ADMIN)BLUE" (id=OAdpPkJP2Ps_W7h2ttR1bK23ekHCzrxw0mDT3zqLMdU=) joinded the party "Sodomizers" (id=0 ownerUID=KWl3ojgjStHOe3-iLRChpUG8crsNiNfei3BT6NCIfaw= ownerName=Captain Chaos)
00:01:54.515 [Party] Player "MaxCaliber" (id=s7vJf2NuCNme1MUM_sgLr2G3yzcxYg10pO0s-GAKExM=) joinded the party "Sodomizers" (id=0 ownerUID=KWl3ojgjStHOe3-iLRChpUG8crsNiNfei3BT6NCIfaw= ownerName=Captain Chaos)
00:07:05.718 [AI Patrol] Spawning 3 Shamans bots at <4004.683105, 15.630000, 6649.740723>
00:07:28.257 [AI Patrol] Spawning 3 Shamans bots at <4011.040771, 15.630000, 6609.008789>
00:10:53.414 [AI Patrol] Spawning 3 Shamans bots at <6720.391602, 26.129999, 2282.236328>
00:10:53.421 [AI Patrol] Spawning 3 Shamans bots at <6745.430176, 26.129999, 2328.354980>
00:10:53.437 [AI Patrol] Spawning 3 Shamans bots at <7068.617188, 29.185658, 1819.215942>
00:10:58.429 [AI Patrol] Spawning 3 Shamans bots at <3765.544922, 15.630000, 6567.714844>
00:11:12.414 [AI Patrol] Spawning 3 Shamans bots at <4354.626465, 15.700000, 7679.627441>
00:14:24.203 [AI Patrol] Spawning 3 Shamans bots at <6837.713379, 19.120001, 3759.631836>
00:16:06.796 [AI Patrol] Spawning 3 Shamans bots at <6477.640137, 26.129999, 1868.755615>
00:16:20.585 [AI Patrol] Spawning 3 Shamans bots at <6523.556152, 22.610001, 3772.755615>
00:16:24.546 [AI Patrol] Spawning 3 Shamans bots at <6512.145020, 22.610001, 3789.648682>
00:32:07.960 [AI Patrol] Spawning 3 Shamans bots at <6124.223633, 41.497974, 3518.709229>
00:47:12.867 [AI Patrol] Spawning 3 Shamans bots at <5538.897949, 209.889999, 4129.480469>
00:48:00.906 [AI Patrol] Spawning 3 Shamans bots at <1856.635376, 15.570000, 581.707764>
00:48:00.921 [AI Patrol] Spawning 3 Shamans bots at <1709.271118, 15.570000, 471.395874>
00:48:00.929 [AI Patrol] Spawning 3 Shamans bots at <1850.444336, 15.570000, 599.823486>
00:48:00.945 [AI Patrol] Spawning 3 Shamans bots at <2294.333252, 77.099998, 1721.673218>
00:48:00.953 [AI Patrol] Spawning 3 Shamans bots at <1867.174805, 15.570000, 466.641754>
00:53:51.210 [ExplosionDamageSystem] About to explode LandFuelFeed_Ammo from Land_FuelStation_Feed_Enoch<e3495030> at <1980.72, 16.61, 596.2> EXPLOSION range 20 dropoff 5
00:53:57.984 [ExplosionDamageSystem] About to explode LandFuelFeed_Ammo from Land_FuelStation_Feed_Enoch<e34a6010> at <1994.47, 16.61, 596.23> EXPLOSION range 20 dropoff 5
00:53:59.585 [ExplosionDamageSystem] About to explode LandFuelFeed_Ammo from Land_FuelStation_Feed_Enoch<e34b0330> at <1987.65, 16.61, 596.21> EXPLOSION range 20 dropoff 5
00:54:45.054 [AI Patrol] Spawning 3 Shamans bots at <4426.885254, -5.070146, 3000.782471>
01:10:28.554 [AI Patrol] Spawning 3 Shamans bots at <4873.616211, 47.103794, 1401.225830>
01:10:28.562 [AI Patrol] Spawning 3 Shamans bots at <5070.814941, 35.333359, 1435.410767>
01:11:50.328 [Chat - Global]("(ADMIN)BLUE"(id=OAdpPkJP2Ps_W7h2ttR1bK23ekHCzrxw0mDT3zqLMdU=)): your safe
01:22:19.734 [AI Patrol] Spawning 3 Shamans bots at <2037.136719, 54.799999, 3085.555908>
01:22:19.750 [AI Patrol] Spawning 3 Shamans bots at <1953.120239, 54.799999, 2937.448730>
01:22:19.757 [AI Patrol] Spawning 3 Shamans bots at <1936.968994, 54.799999, 2922.633545>
01:22:19.765 [AI Patrol] Spawning 3 Shamans bots at <1949.846802, 54.799999, 2945.070068>
01:22:19.781 [AI Patrol] Spawning 3 Shamans bots at <2330.520996, 54.799999, 3056.257080>
01:22:19.789 [AI Patrol] Spawning 3 Shamans bots at <2092.619873, 54.799999, 3054.582520>
01:22:19.796 [AI Patrol] Spawning 3 Shamans bots at <2181.357666, 54.799999, 3049.287598>
01:22:19.804 [AI Patrol] Spawning 3 Shamans bots at <978.031860, 6.113070, 3110.368164>
01:22:19.812 [AI Patrol] Spawning 3 Shamans bots at <2134.937256, 54.799999, 3051.714111>
01:27:49.179 [AI Patrol] Spawning 3 Shamans bots at <850.426392, 5.260000, 3303.792480>
01:41:02.882 [AI Patrol] Spawning 3 Shamans bots at <5836.017090, 26.129999, 1824.258545>
01:42:44.609 [AI Patrol] Spawning 3 Shamans bots at <5955.238281, 6.679860, 2961.022949>
01:51:08.757 [Party] Player "MaxCaliber" (id=s7vJf2NuCNme1MUM_sgLr2G3yzcxYg10pO0s-GAKExM=) left the party "Sodomizers" (id=0 ownerUID=KWl3ojgjStHOe3-iLRChpUG8crsNiNfei3BT6NCIfaw= ownerName=Captain Chaos)
01:51:32.515 [Party] Player "(ADMIN)BLUE" (id=OAdpPkJP2Ps_W7h2ttR1bK23ekHCzrxw0mDT3zqLMdU=) left the party "Sodomizers" (id=0 ownerUID=KWl3ojgjStHOe3-iLRChpUG8crsNiNfei3BT6NCIfaw= ownerName=Captain Chaos)
01:51:43.992 [Party] Player "Captain Chaos" (id=KWl3ojgjStHOe3-iLRChpUG8crsNiNfei3BT6NCIfaw=) left the party "Sodomizers" (id=0 ownerUID=KWl3ojgjStHOe3-iLRChpUG8crsNiNfei3BT6NCIfaw= ownerName=Captain Chaos)
04:02:09.656 [AI Patrol] Spawning 3 Shamans bots at <2279.353516, 64.487534, 7033.046387>
04:05:01.328 [Party] Player "(ADMIN)BLUE" (id=OAdpPkJP2Ps_W7h2ttR1bK23ekHCzrxw0mDT3zqLMdU=) joinded the party "Sodomizers" (id=0 ownerUID=KWl3ojgjStHOe3-iLRChpUG8crsNiNfei3BT6NCIfaw= ownerName=Captain Chaos)
04:08:15.765 [Party] Player "(ADMIN)BLUE" (id=OAdpPkJP2Ps_W7h2ttR1bK23ekHCzrxw0mDT3zqLMdU=) left the party "Sodomizers" (id=0 ownerUID=KWl3ojgjStHOe3-iLRChpUG8crsNiNfei3BT6NCIfaw= ownerName=Captain Chaos)
05:07:34.265 [AI Patrol] Spawning 3 Shamans bots at <2495.943604, 43.939999, 5726.324707>
05:07:41.617 [AI Patrol] Spawning 3 Shamans bots at <2516.228027, 43.939999, 5705.152344>
05:07:49.328 [AI Patrol] Spawning 3 Shamans bots at <2482.848145, 44.348366, 5959.944336>
05:08:55.937 [AI Patrol] Spawning 3 Shamans bots at <2675.875000, 37.840237, 5648.983398>
05:12:33.414 [Killfeed] JAT  TAT died because of dehydration.
