12:04:18.921 [AI Patrol] Spawning 3 Shamans bots at <2480.514160, 44.321030, 5950.156250>
12:04:19.062 [AI Patrol] Spawning 3 Shamans bots at <2501.486572, 43.939999, 5725.874023>
12:04:19.074 [AI Patrol] Spawning 3 Shamans bots at <2514.443115, 43.939999, 5703.253906>
12:04:19.089 [AI Patrol] Spawning 3 Shamans bots at <2757.795410, 43.939999, 5856.560059>
12:13:35.925 [AI Patrol] Spawning 3 Shamans bots at <3437.765381, 17.666647, 6313.567871>
12:35:08.703 [AI Patrol] Spawning 3 Shamans bots at <2152.039063, 21.963009, 5474.320313>
12:35:09.023 [AI Patrol] Spawning 3 Shamans bots at <3415.166992, 16.890083, 6291.174316>
12:35:38.554 [AI Patrol] Spawning 3 Shamans bots at <3675.939941, 4.640000, 6003.122070>
12:36:32.750 [VehicleEnter] Player SiR NeRg [uid=v49uXaJny-MXhmq_qvUelv_0QcwRY1-cv9_Yq-5tGIA=] entered vehicle Gunter 2 (id=0C71076002449669FDBB1C82ABA80037 pos=<2640.100342, 43.983482, 5875.558594>) as driver
12:36:34.816 [VehicleLeave] Player SiR NeRg [uid=v49uXaJny-MXhmq_qvUelv_0QcwRY1-cv9_Yq-5tGIA=] left vehicle Gunter 2 (id=0C71076002449669FDBB1C82ABA80037 pos=<2640.100342, 43.983475, 5875.557617>)
12:44:29.324 [VehicleEnter] Player SiR NeRg [uid=v49uXaJny-MXhmq_qvUelv_0QcwRY1-cv9_Yq-5tGIA=] entered vehicle Gunter 2 (id=0C71076002449669FDBB1C82ABA80037 pos=<2640.100342, 43.983482, 5875.557129>) as driver
12:44:35.187 [VehicleEngine] Player SiR NeRg [uid=v49uXaJny-MXhmq_qvUelv_0QcwRY1-cv9_Yq-5tGIA=] started vehicle Gunter 2 (id=0C71076002449669FDBB1C82ABA80037 pos=<2640.100342, 43.983532, 5875.556641>)
12:44:48.457 [AI Patrol] Spawning 3 Shamans bots at <3705.519043, 4.640000, 6044.548828>
12:44:51.585 [AI Patrol] Spawning 3 Shamans bots at <3736.713867, 4.640000, 5958.042480>
12:44:52.628 [AI Patrol] Spawning 3 Shamans bots at <3745.467773, 4.640000, 5963.898926>
12:44:58.007 [AI Patrol] Spawning 3 Shamans bots at <3795.464355, 4.640000, 5974.577148>
12:45:06.226 [AI Patrol] Spawning 3 Shamans bots at <3752.439697, 15.630000, 6563.686523>
12:45:06.328 [AI Patrol] Spawning 3 Shamans bots at <3747.707275, 15.630000, 6574.489258>
12:45:28.660 [AI Patrol] Spawning 3 Shamans bots at <4020.185059, 15.630000, 6615.677734>
12:45:29.355 [AI Patrol] Spawning 3 Shamans bots at <4007.044678, 15.630000, 6664.612793>
12:45:47.734 [VehicleEngine] Player SiR NeRg [uid=v49uXaJny-MXhmq_qvUelv_0QcwRY1-cv9_Yq-5tGIA=] stopped vehicle Gunter 2 (id=0C71076002449669FDBB1C82ABA80037 pos=<3197.403320, 21.903479, 6337.343262>)
12:45:49.984 [VehicleLeave] Player SiR NeRg [uid=v49uXaJny-MXhmq_qvUelv_0QcwRY1-cv9_Yq-5tGIA=] left vehicle Gunter 2 (id=0C71076002449669FDBB1C82ABA80037 pos=<3197.403320, 21.903503, 6337.343262>)
