19:18:29.820 [AI Patrol] Spawning 3 Shamans bots at <2288.017090, 64.470505, 7029.670410>
19:36:56.390 [AI Patrol] Spawning 3 Shamans bots at <4001.677246, 15.630000, 6666.650391>
19:36:56.406 [AI Patrol] Spawning 3 Shamans bots at <3761.192627, 15.630000, 6575.557129>
19:36:56.421 [AI Patrol] Spawning 3 Shamans bots at <3763.912354, 15.630000, 6566.444336>
19:36:56.437 [AI Patrol] Spawning 3 Shamans bots at <4344.100098, 15.700000, 7678.760254>
19:36:56.453 [AI Patrol] Spawning 3 Shamans bots at <4330.293457, 15.946225, 7639.216309>
19:36:56.476 [AI Patrol] Spawning 3 Shamans bots at <4012.497070, 15.630000, 6623.839355>
19:36:56.492 [AI Patrol] Spawning 3 Shamans bots at <4178.935547, 17.921055, 7517.275391>
19:37:24.015 [Chat - Global]("DirtyDan"(id=eZvdqnhxQZeB4Wvp7ko5cFy79bCUMACrCdUKq6S9F3w=)): any one on this?
19:37:40.593 [Chat - Global]("Zef"(id=PU9-DJHe4LvreDPQFnAQ040hhezkutYOqXaBOvn79QE=)): I am
19:38:02.937 [Chat - Global]("DirtyDan"(id=eZvdqnhxQZeB4Wvp7ko5cFy79bCUMACrCdUKq6S9F3w=)): where are you at
19:38:14.484 [AI Patrol] Spawning 3 Shamans bots at <3433.303467, 17.654812, 6318.548828>
19:38:34.523 [Chat - Global]("DirtyDan"(id=eZvdqnhxQZeB4Wvp7ko5cFy79bCUMACrCdUKq6S9F3w=)): im in cassandra
19:39:01.625 [AI Patrol] Spawning 3 Shamans bots at <2472.521484, 44.430008, 5951.565430>
19:42:17.351 [AI Patrol] Spawning 3 Shamans bots at <3712.552734, 4.640000, 6054.266602>
19:42:30.789 [AI Patrol] Spawning 3 Shamans bots at <3667.468994, 4.640000, 5997.702148>
19:43:10.179 [Chat - Global]("DirtyDan"(id=eZvdqnhxQZeB4Wvp7ko5cFy79bCUMACrCdUKq6S9F3w=)): are you shooting'
19:43:15.289 [Chat - Global]("Zef"(id=PU9-DJHe4LvreDPQFnAQ040hhezkutYOqXaBOvn79QE=)): no
19:43:32.625 [AI Patrol] Spawning 3 Shamans bots at <3752.114502, 4.640000, 5969.164063>
19:43:32.992 [AI Patrol] Spawning 3 Shamans bots at <3737.453613, 4.640000, 5961.798828>
19:43:35.351 [AI Patrol] Spawning 3 Shamans bots at <2497.576416, 43.939999, 5741.059570>
19:43:37.390 [AI Patrol] Spawning 3 Shamans bots at <2506.502197, 43.939999, 5705.126465>
19:43:45.367 [Chat - Global]("DirtyDan"(id=eZvdqnhxQZeB4Wvp7ko5cFy79bCUMACrCdUKq6S9F3w=)): do you hear those shots
19:43:48.007 [AI Patrol] Spawning 3 Shamans bots at <3801.026611, 4.640000, 5969.833984>
19:43:49.734 [Chat - Global]("Zef"(id=PU9-DJHe4LvreDPQFnAQ040hhezkutYOqXaBOvn79QE=)): no
19:44:00.382 [Chat - Global]("DirtyDan"(id=eZvdqnhxQZeB4Wvp7ko5cFy79bCUMACrCdUKq6S9F3w=)): thats not good lol
19:44:43.570 [Chat - Global]("Zef"(id=PU9-DJHe4LvreDPQFnAQ040hhezkutYOqXaBOvn79QE=)): AI?
19:46:01.437 [Chat - Global]("DirtyDan"(id=eZvdqnhxQZeB4Wvp7ko5cFy79bCUMACrCdUKq6S9F3w=)): yooo i just found some tuna
19:46:12.781 [Chat - Global]("DirtyDan"(id=eZvdqnhxQZeB4Wvp7ko5cFy79bCUMACrCdUKq6S9F3w=)): do you need some food zef?
19:46:17.320 [Chat - Global]("Zef"(id=PU9-DJHe4LvreDPQFnAQ040hhezkutYOqXaBOvn79QE=)): Yeah, there's sea chests to find
19:46:27.367 [Chat - Global]("Zef"(id=PU9-DJHe4LvreDPQFnAQ040hhezkutYOqXaBOvn79QE=)): Not like normal looting I don't thiink
19:46:28.031 [Chat - Global]("DirtyDan"(id=eZvdqnhxQZeB4Wvp7ko5cFy79bCUMACrCdUKq6S9F3w=)): where are you
19:46:57.976 [Chat - Global]("DirtyDan"(id=eZvdqnhxQZeB4Wvp7ko5cFy79bCUMACrCdUKq6S9F3w=)): ill give it a go.  i like to struggle lol
19:47:32.125 [Chat - Global]("DirtyDan"(id=eZvdqnhxQZeB4Wvp7ko5cFy79bCUMACrCdUKq6S9F3w=)): the z are not to hard
19:47:37.171 [Chat - Global]("DirtyDan"(id=eZvdqnhxQZeB4Wvp7ko5cFy79bCUMACrCdUKq6S9F3w=)): thats a plus
19:49:53.562 [AI Patrol] Spawning 3 Shamans bots at <2566.532227, 42.396355, 5664.565918>
19:50:16.976 [Chat - Global]("DirtyDan"(id=eZvdqnhxQZeB4Wvp7ko5cFy79bCUMACrCdUKq6S9F3w=)): i know from their discord they are building a trader spot
19:50:56.882 [Chat - Global]("Zef"(id=PU9-DJHe4LvreDPQFnAQ040hhezkutYOqXaBOvn79QE=)): I had to cut my pants up for rags lol
19:51:07.546 [AI Patrol] Spawning 3 Shamans bots at <4684.753418, 22.729830, 7370.263184>
19:51:09.046 [Chat - Global]("DirtyDan"(id=eZvdqnhxQZeB4Wvp7ko5cFy79bCUMACrCdUKq6S9F3w=)): lol
19:51:33.515 [Chat - Global]("DirtyDan"(id=eZvdqnhxQZeB4Wvp7ko5cFy79bCUMACrCdUKq6S9F3w=)): ya they are trying to be more hardcore.  But this is hard 
19:51:35.882 [Chat - Global]("DirtyDan"(id=eZvdqnhxQZeB4Wvp7ko5cFy79bCUMACrCdUKq6S9F3w=)): lol
19:51:47.796 [Chat - Global]("Zef"(id=PU9-DJHe4LvreDPQFnAQ040hhezkutYOqXaBOvn79QE=)): Yes, very
19:51:56.484 [Chat - Global]("Zef"(id=PU9-DJHe4LvreDPQFnAQ040hhezkutYOqXaBOvn79QE=)): I found 2 chests so far.
19:52:07.023 [Chat - Global]("Zef"(id=PU9-DJHe4LvreDPQFnAQ040hhezkutYOqXaBOvn79QE=)): Fishing gear and a backpack in one
19:52:10.703 [Chat - Global]("DirtyDan"(id=eZvdqnhxQZeB4Wvp7ko5cFy79bCUMACrCdUKq6S9F3w=)): like the scav hunts
19:52:13.460 [Chat - Global]("Zef"(id=PU9-DJHe4LvreDPQFnAQ040hhezkutYOqXaBOvn79QE=)): Base stuff in the other
19:52:29.179 [Chat - Global]("DirtyDan"(id=eZvdqnhxQZeB4Wvp7ko5cFy79bCUMACrCdUKq6S9F3w=)): looks like i spawned in the wrong spot lol
19:53:43.390 [Chat - Global]("Zef"(id=PU9-DJHe4LvreDPQFnAQ040hhezkutYOqXaBOvn79QE=)): I'm all the way left north at the penniinsula tip almost
19:57:00.289 [Chat - Global]("Zef"(id=PU9-DJHe4LvreDPQFnAQ040hhezkutYOqXaBOvn79QE=)): I hear shooting
19:57:15.765 [Killfeed] ISAKOV got beaten to a pulp by Survivor (Shamans) with bare hands.
19:59:21.945 [Party] Player "DirtyDan" (id=eZvdqnhxQZeB4Wvp7ko5cFy79bCUMACrCdUKq6S9F3w=) joinded the party "dirtydan" (id=3 ownerUID= ownerName=)
19:59:21.945 [Party] Player "DirtyDan" (id=eZvdqnhxQZeB4Wvp7ko5cFy79bCUMACrCdUKq6S9F3w=) created a party named dirtydan (DD)
19:59:25.882 [Party] Player "DirtyDan" (id=eZvdqnhxQZeB4Wvp7ko5cFy79bCUMACrCdUKq6S9F3w=) invited the player "Zef" (id=PU9-DJHe4LvreDPQFnAQ040hhezkutYOqXaBOvn79QE=)to the party named dirtydan
19:59:36.898 [Party] Player "Zef" (id=PU9-DJHe4LvreDPQFnAQ040hhezkutYOqXaBOvn79QE=) joinded the party "dirtydan" (id=3 ownerUID=eZvdqnhxQZeB4Wvp7ko5cFy79bCUMACrCdUKq6S9F3w= ownerName=DirtyDan)
19:59:55.367 [Chat - Global]("DirtyDan"(id=eZvdqnhxQZeB4Wvp7ko5cFy79bCUMACrCdUKq6S9F3w=)): we the only ones on 
20:00:05.328 [Chat - Global]("DirtyDan"(id=eZvdqnhxQZeB4Wvp7ko5cFy79bCUMACrCdUKq6S9F3w=)): figure we dont need to shoot each other
20:00:44.312 [Chat - Global]("Zef"(id=PU9-DJHe4LvreDPQFnAQ040hhezkutYOqXaBOvn79QE=)): Im gonna bleed out lol
20:01:58.156 [Chat - Global]("DirtyDan"(id=eZvdqnhxQZeB4Wvp7ko5cFy79bCUMACrCdUKq6S9F3w=)): i have bandages
20:09:39.812 [AI Patrol] Spawning 3 Shamans bots at <3224.903320, 21.581923, 6296.721680>
20:10:09.289 [Chat - Global]("DirtyDan"(id=eZvdqnhxQZeB4Wvp7ko5cFy79bCUMACrCdUKq6S9F3w=)): found pants
20:10:20.671 [Chat - Global]("Zef"(id=PU9-DJHe4LvreDPQFnAQ040hhezkutYOqXaBOvn79QE=)): Sweeeeeet
20:22:37.187 [Chat - Global]("Zef"(id=PU9-DJHe4LvreDPQFnAQ040hhezkutYOqXaBOvn79QE=)): I'll be a few mins, I have a wedmd appointment lol
20:27:07.750 [Chat - Global]("Zef"(id=PU9-DJHe4LvreDPQFnAQ040hhezkutYOqXaBOvn79QE=)): I've had a wicked cold the last 3 days, I'll be back up in a few after I talk to the doc
20:27:16.335 [Chat - Global]("Zef"(id=PU9-DJHe4LvreDPQFnAQ040hhezkutYOqXaBOvn79QE=)): Did you find the crates?
20:27:18.843 [Chat - Global]("DirtyDan"(id=eZvdqnhxQZeB4Wvp7ko5cFy79bCUMACrCdUKq6S9F3w=)): no
20:27:45.507 [Chat - Global]("Zef"(id=PU9-DJHe4LvreDPQFnAQ040hhezkutYOqXaBOvn79QE=)): Hit the next set of hopuses there too
20:27:50.937 [Chat - Global]("Zef"(id=PU9-DJHe4LvreDPQFnAQ040hhezkutYOqXaBOvn79QE=)): unless they despawned
20:28:00.218 [Chat - Global]("Zef"(id=PU9-DJHe4LvreDPQFnAQ040hhezkutYOqXaBOvn79QE=)): one was upstairs in a 2 story
20:28:04.359 [Chat - Global]("DirtyDan"(id=eZvdqnhxQZeB4Wvp7ko5cFy79bCUMACrCdUKq6S9F3w=)): all good man.  ill keep an eye out for some crates.  did you say you found on with nails and shit'
20:28:13.046 [Chat - Global]("Zef"(id=PU9-DJHe4LvreDPQFnAQ040hhezkutYOqXaBOvn79QE=)): Yeah
20:28:19.625 [Chat - Global]("Zef"(id=PU9-DJHe4LvreDPQFnAQ040hhezkutYOqXaBOvn79QE=)): Hatchets and axes etc
20:28:27.437 [Chat - Global]("DirtyDan"(id=eZvdqnhxQZeB4Wvp7ko5cFy79bCUMACrCdUKq6S9F3w=)): we need that one lol
20:28:34.593 [Chat - Global]("DirtyDan"(id=eZvdqnhxQZeB4Wvp7ko5cFy79bCUMACrCdUKq6S9F3w=)): get a base going
20:28:45.937 [Chat - Global]("Zef"(id=PU9-DJHe4LvreDPQFnAQ040hhezkutYOqXaBOvn79QE=)): One had another backpack too, the one upstairs
20:28:48.117 [Chat - Global]("DirtyDan"(id=eZvdqnhxQZeB4Wvp7ko5cFy79bCUMACrCdUKq6S9F3w=)): we cab pvp here 
20:29:03.468 [Chat - Global]("DirtyDan"(id=eZvdqnhxQZeB4Wvp7ko5cFy79bCUMACrCdUKq6S9F3w=)): so if they come close we just can take them out
20:29:13.843 [Chat - Global]("Zef"(id=PU9-DJHe4LvreDPQFnAQ040hhezkutYOqXaBOvn79QE=)): Hell ya
20:29:54.382 [Chat - Team]("DirtyDan"(id=eZvdqnhxQZeB4Wvp7ko5cFy79bCUMACrCdUKq6S9F3w=)): gunna switch over to team 
20:30:06.054 [Chat - Team]("Zef"(id=PU9-DJHe4LvreDPQFnAQ040hhezkutYOqXaBOvn79QE=)): Roger that
20:30:44.976 [Chat - Global]("DirtyDan"(id=eZvdqnhxQZeB4Wvp7ko5cFy79bCUMACrCdUKq6S9F3w=)): hit the , button to change chats
20:30:56.726 [Chat - Team]("Zef"(id=PU9-DJHe4LvreDPQFnAQ040hhezkutYOqXaBOvn79QE=)): Did
20:30:59.351 [Chat - Team]("DirtyDan"(id=eZvdqnhxQZeB4Wvp7ko5cFy79bCUMACrCdUKq6S9F3w=)): nice
20:31:38.867 [Chat - Team]("DirtyDan"(id=eZvdqnhxQZeB4Wvp7ko5cFy79bCUMACrCdUKq6S9F3w=)): i know there istn a lot of people on here but better keep it safe just incase
20:31:52.820 [Chat - Team]("Zef"(id=PU9-DJHe4LvreDPQFnAQ040hhezkutYOqXaBOvn79QE=)): OPSEC for sure
20:36:08.187 [Chat - Team]("Zef"(id=PU9-DJHe4LvreDPQFnAQ040hhezkutYOqXaBOvn79QE=)): This doc is taking his sweet time
20:36:22.968 [Chat - Team]("DirtyDan"(id=eZvdqnhxQZeB4Wvp7ko5cFy79bCUMACrCdUKq6S9F3w=)): lol
20:36:35.445 [Chat - Team]("DirtyDan"(id=eZvdqnhxQZeB4Wvp7ko5cFy79bCUMACrCdUKq6S9F3w=)): are you waiting for someone 
20:37:02.671 [Chat - Team]("Zef"(id=PU9-DJHe4LvreDPQFnAQ040hhezkutYOqXaBOvn79QE=)): Yeah a live med appointment with a doctor online
20:37:21.375 [Chat - Team]("DirtyDan"(id=eZvdqnhxQZeB4Wvp7ko5cFy79bCUMACrCdUKq6S9F3w=)): a damn lol.
20:37:37.601 [Chat - Team]("DirtyDan"(id=eZvdqnhxQZeB4Wvp7ko5cFy79bCUMACrCdUKq6S9F3w=)): just go grab some garlic and honey
20:37:42.375 [Chat - Team]("Zef"(id=PU9-DJHe4LvreDPQFnAQ040hhezkutYOqXaBOvn79QE=)): Eat that fish, I have a ton of hooks and an actual fishing rod
20:38:01.117 [Chat - Team]("Zef"(id=PU9-DJHe4LvreDPQFnAQ040hhezkutYOqXaBOvn79QE=)): I have been lmao. I need a doctors note for work
20:38:14.070 [Chat - Team]("DirtyDan"(id=eZvdqnhxQZeB4Wvp7ko5cFy79bCUMACrCdUKq6S9F3w=)): that makes sense lol
20:47:25.859 [Chat - Team]("Zef"(id=PU9-DJHe4LvreDPQFnAQ040hhezkutYOqXaBOvn79QE=)): ok, we good. 
20:47:37.289 [Chat - Team]("DirtyDan"(id=eZvdqnhxQZeB4Wvp7ko5cFy79bCUMACrCdUKq6S9F3w=)): k
20:49:21.648 [Chat - Team]("DirtyDan"(id=eZvdqnhxQZeB4Wvp7ko5cFy79bCUMACrCdUKq6S9F3w=)): going afk for a second
20:49:36.414 [Chat - Team]("Zef"(id=PU9-DJHe4LvreDPQFnAQ040hhezkutYOqXaBOvn79QE=)): k
20:53:49.898 [Chat - Team]("Zef"(id=PU9-DJHe4LvreDPQFnAQ040hhezkutYOqXaBOvn79QE=)): I can't see shit
20:56:14.382 [Chat - Team]("DirtyDan"(id=eZvdqnhxQZeB4Wvp7ko5cFy79bCUMACrCdUKq6S9F3w=)): ya its dark as shit lol
20:56:31.218 [Chat - Team]("Zef"(id=PU9-DJHe4LvreDPQFnAQ040hhezkutYOqXaBOvn79QE=)): I caught more fish but can't see nuthing lol
20:56:40.468 [Chat - Team]("Zef"(id=PU9-DJHe4LvreDPQFnAQ040hhezkutYOqXaBOvn79QE=)): im in a house at least
20:57:25.515 [Chat - Team]("DirtyDan"(id=eZvdqnhxQZeB4Wvp7ko5cFy79bCUMACrCdUKq6S9F3w=)): found a mk2
20:58:59.773 [Chat - Team]("Zef"(id=PU9-DJHe4LvreDPQFnAQ040hhezkutYOqXaBOvn79QE=)): Headtorches may be a priority as well lol
20:59:05.101 [Chat - Team]("Zef"(id=PU9-DJHe4LvreDPQFnAQ040hhezkutYOqXaBOvn79QE=)): Nice
21:11:35.781 [VehicleEnter] Player Zef [uid=PU9-DJHe4LvreDPQFnAQ040hhezkutYOqXaBOvn79QE=] entered vehicle UAZ469 (Rust) (id=564C950DEA42874C365711B40A27A825 pos=<1757.700928, 22.047718, 7412.463379>) as passenger
21:11:38.445 [VehicleEnter] Player DirtyDan [uid=eZvdqnhxQZeB4Wvp7ko5cFy79bCUMACrCdUKq6S9F3w=] entered vehicle UAZ469 (Rust) (id=564C950DEA42874C365711B40A27A825 pos=<1757.701172, 22.047728, 7412.463379>) as driver
21:11:42.078 [VehicleEngine] Player DirtyDan [uid=eZvdqnhxQZeB4Wvp7ko5cFy79bCUMACrCdUKq6S9F3w=] started vehicle UAZ469 (Rust) (id=564C950DEA42874C365711B40A27A825 pos=<1757.701050, 22.047724, 7412.463379>)
21:12:55.187 [VehicleLeave] Player Zef [uid=PU9-DJHe4LvreDPQFnAQ040hhezkutYOqXaBOvn79QE=] left vehicle UAZ469 (Rust) (id=564C950DEA42874C365711B40A27A825 pos=<1867.962769, 85.353851, 6973.460938>)
21:12:58.492 [VehicleEngine] Player DirtyDan [uid=eZvdqnhxQZeB4Wvp7ko5cFy79bCUMACrCdUKq6S9F3w=] stopped vehicle UAZ469 (Rust) (id=564C950DEA42874C365711B40A27A825 pos=<1867.962769, 85.353851, 6973.460938>)
21:13:07.000 [VehicleLeave] Player DirtyDan [uid=eZvdqnhxQZeB4Wvp7ko5cFy79bCUMACrCdUKq6S9F3w=] left vehicle UAZ469 (Rust) (id=564C950DEA42874C365711B40A27A825 pos=<1867.962769, 85.353859, 6973.460938>)
21:15:08.015 [VehicleEnter] Player DirtyDan [uid=eZvdqnhxQZeB4Wvp7ko5cFy79bCUMACrCdUKq6S9F3w=] entered vehicle UAZ469 (Rust) (id=564C950DEA42874C365711B40A27A825 pos=<1867.962646, 85.353859, 6973.460938>) as driver
21:15:09.359 [VehicleEngine] Player DirtyDan [uid=eZvdqnhxQZeB4Wvp7ko5cFy79bCUMACrCdUKq6S9F3w=] started vehicle UAZ469 (Rust) (id=564C950DEA42874C365711B40A27A825 pos=<1867.962280, 85.353867, 6973.460938>)
21:15:43.710 [VehicleEngine] Player DirtyDan [uid=eZvdqnhxQZeB4Wvp7ko5cFy79bCUMACrCdUKq6S9F3w=] stopped vehicle UAZ469 (Rust) (id=564C950DEA42874C365711B40A27A825 pos=<1820.102173, 98.538330, 6834.104492>)
21:15:46.445 [VehicleLeave] Player DirtyDan [uid=eZvdqnhxQZeB4Wvp7ko5cFy79bCUMACrCdUKq6S9F3w=] left vehicle UAZ469 (Rust) (id=564C950DEA42874C365711B40A27A825 pos=<1820.102173, 98.538330, 6834.104492>)
21:18:16.960 [VehicleEnter] Player DirtyDan [uid=eZvdqnhxQZeB4Wvp7ko5cFy79bCUMACrCdUKq6S9F3w=] entered vehicle UAZ469 (Rust) (id=564C950DEA42874C365711B40A27A825 pos=<1820.102295, 98.538330, 6834.104492>) as driver
21:18:26.023 [VehicleEngine] Player DirtyDan [uid=eZvdqnhxQZeB4Wvp7ko5cFy79bCUMACrCdUKq6S9F3w=] started vehicle UAZ469 (Rust) (id=564C950DEA42874C365711B40A27A825 pos=<1820.102295, 98.538338, 6834.104492>)
21:18:39.390 [VehicleEnter] Player Zef [uid=PU9-DJHe4LvreDPQFnAQ040hhezkutYOqXaBOvn79QE=] entered vehicle UAZ469 (Rust) (id=564C950DEA42874C365711B40A27A825 pos=<1820.102295, 98.538338, 6834.104492>) as passenger
21:19:51.625 [VehicleEngine] Player DirtyDan [uid=eZvdqnhxQZeB4Wvp7ko5cFy79bCUMACrCdUKq6S9F3w=] stopped vehicle UAZ469 (Rust) (id=564C950DEA42874C365711B40A27A825 pos=<1549.529663, 79.502548, 6637.493164>)
21:19:55.304 [VehicleLeave] Player DirtyDan [uid=eZvdqnhxQZeB4Wvp7ko5cFy79bCUMACrCdUKq6S9F3w=] left vehicle UAZ469 (Rust) (id=564C950DEA42874C365711B40A27A825 pos=<1549.529541, 79.502525, 6637.493164>)
21:19:57.531 [VehicleLeave] Player Zef [uid=PU9-DJHe4LvreDPQFnAQ040hhezkutYOqXaBOvn79QE=] left vehicle UAZ469 (Rust) (id=564C950DEA42874C365711B40A27A825 pos=<1549.529907, 79.502548, 6637.493164>)
21:25:43.359 [Chat - Team]("Zef"(id=PU9-DJHe4LvreDPQFnAQ040hhezkutYOqXaBOvn79QE=)): Welp lol
21:26:07.804 [Chat - Team]("Zef"(id=PU9-DJHe4LvreDPQFnAQ040hhezkutYOqXaBOvn79QE=)): I wonder if we can run em down with the car?
21:26:27.742 [Chat - Team]("DirtyDan"(id=eZvdqnhxQZeB4Wvp7ko5cFy79bCUMACrCdUKq6S9F3w=)): only one way to find out 
21:26:32.343 [Chat - Team]("DirtyDan"(id=eZvdqnhxQZeB4Wvp7ko5cFy79bCUMACrCdUKq6S9F3w=)): im fucked lol
21:26:45.445 [Chat - Team]("Zef"(id=PU9-DJHe4LvreDPQFnAQ040hhezkutYOqXaBOvn79QE=)): You have meds?
21:26:52.195 [Chat - Team]("DirtyDan"(id=eZvdqnhxQZeB4Wvp7ko5cFy79bCUMACrCdUKq6S9F3w=)): im healed 
21:27:01.742 [Chat - Team]("DirtyDan"(id=eZvdqnhxQZeB4Wvp7ko5cFy79bCUMACrCdUKq6S9F3w=)): but lost my ax
21:27:16.812 [Chat - Team]("Zef"(id=PU9-DJHe4LvreDPQFnAQ040hhezkutYOqXaBOvn79QE=)): no worries, go to the truck if you want
21:27:22.445 [Chat - Team]("Zef"(id=PU9-DJHe4LvreDPQFnAQ040hhezkutYOqXaBOvn79QE=)): meds there too
21:27:35.976 [Chat - Team]("Zef"(id=PU9-DJHe4LvreDPQFnAQ040hhezkutYOqXaBOvn79QE=)): I'll wait for them to deaggro
21:28:39.414 [Chat - Team]("Zef"(id=PU9-DJHe4LvreDPQFnAQ040hhezkutYOqXaBOvn79QE=)): The captain is a superzombie of course lol
21:28:48.945 [Chat - Team]("DirtyDan"(id=eZvdqnhxQZeB4Wvp7ko5cFy79bCUMACrCdUKq6S9F3w=)): lol
21:28:55.460 [Chat - Team]("DirtyDan"(id=eZvdqnhxQZeB4Wvp7ko5cFy79bCUMACrCdUKq6S9F3w=)): im at the car
21:29:04.421 [Chat - Team]("DirtyDan"(id=eZvdqnhxQZeB4Wvp7ko5cFy79bCUMACrCdUKq6S9F3w=)): gunna see if we can run them over
21:29:10.695 [Chat - Team]("Zef"(id=PU9-DJHe4LvreDPQFnAQ040hhezkutYOqXaBOvn79QE=)): I was getting stoned to death
21:29:18.882 [VehicleEnter] Player DirtyDan [uid=eZvdqnhxQZeB4Wvp7ko5cFy79bCUMACrCdUKq6S9F3w=] entered vehicle UAZ469 (Rust) (id=564C950DEA42874C365711B40A27A825 pos=<1549.530029, 79.502579, 6637.493164>) as driver
21:29:22.382 [VehicleEngine] Player DirtyDan [uid=eZvdqnhxQZeB4Wvp7ko5cFy79bCUMACrCdUKq6S9F3w=] started vehicle UAZ469 (Rust) (id=564C950DEA42874C365711B40A27A825 pos=<1549.530151, 79.502586, 6637.493164>)
21:29:25.578 [Chat - Team]("Zef"(id=PU9-DJHe4LvreDPQFnAQ040hhezkutYOqXaBOvn79QE=)): k
21:30:08.171 [Chat - Team]("Zef"(id=PU9-DJHe4LvreDPQFnAQ040hhezkutYOqXaBOvn79QE=)): Actually just loot
21:30:12.671 [Chat - Team]("Zef"(id=PU9-DJHe4LvreDPQFnAQ040hhezkutYOqXaBOvn79QE=)): i have them all
21:30:20.734 [VehicleLeave] Player DirtyDan [uid=eZvdqnhxQZeB4Wvp7ko5cFy79bCUMACrCdUKq6S9F3w=] left vehicle UAZ469 (Rust) (id=564C950DEA42874C365711B40A27A825 pos=<1748.724609, 97.908035, 6569.004395>)
21:31:00.984 [Chat - Team]("Zef"(id=PU9-DJHe4LvreDPQFnAQ040hhezkutYOqXaBOvn79QE=)): THere coming for you
21:31:10.523 [Chat - Team]("Zef"(id=PU9-DJHe4LvreDPQFnAQ040hhezkutYOqXaBOvn79QE=)): back  on me
21:31:26.781 [VehicleEnter] Player DirtyDan [uid=eZvdqnhxQZeB4Wvp7ko5cFy79bCUMACrCdUKq6S9F3w=] entered vehicle UAZ469 (Rust) (id=564C950DEA42874C365711B40A27A825 pos=<1748.724121, 97.908028, 6569.004395>) as driver
21:31:30.960 [Chat - Team]("Zef"(id=PU9-DJHe4LvreDPQFnAQ040hhezkutYOqXaBOvn79QE=)): loot up
21:31:38.796 [Chat - Team]("DirtyDan"(id=eZvdqnhxQZeB4Wvp7ko5cFy79bCUMACrCdUKq6S9F3w=)): nothing here 
21:32:47.218 [Chat - Team]("Zef"(id=PU9-DJHe4LvreDPQFnAQ040hhezkutYOqXaBOvn79QE=)): They want nothing to do with you lol
21:32:54.789 [Chat - Team]("Zef"(id=PU9-DJHe4LvreDPQFnAQ040hhezkutYOqXaBOvn79QE=)): INCOMING
21:33:33.757 [Chat - Team]("Zef"(id=PU9-DJHe4LvreDPQFnAQ040hhezkutYOqXaBOvn79QE=)): take em all away lmao
21:35:27.312 [Chat - Team]("Zef"(id=PU9-DJHe4LvreDPQFnAQ040hhezkutYOqXaBOvn79QE=)): nothing in the building
21:35:39.781 [Chat - Team]("DirtyDan"(id=eZvdqnhxQZeB4Wvp7ko5cFy79bCUMACrCdUKq6S9F3w=)): okf
21:35:49.304 [Chat - Team]("DirtyDan"(id=eZvdqnhxQZeB4Wvp7ko5cFy79bCUMACrCdUKq6S9F3w=)): coming back
21:37:29.851 [VehicleEnter] Player Zef [uid=PU9-DJHe4LvreDPQFnAQ040hhezkutYOqXaBOvn79QE=] entered vehicle UAZ469 (Rust) (id=564C950DEA42874C365711B40A27A825 pos=<1820.258911, 98.141319, 6585.803223>) as passenger
21:42:29.593 [AI Patrol] Spawning 3 Shamans bots at <3227.007568, 21.569674, 6299.706543>
21:43:14.031 [VehicleLeave] Player DirtyDan [uid=eZvdqnhxQZeB4Wvp7ko5cFy79bCUMACrCdUKq6S9F3w=] left vehicle UAZ469 (Rust) (id=564C950DEA42874C365711B40A27A825 pos=<2146.161621, 21.790943, 5476.678711>)
21:43:44.960 [VehicleEnter] Player DirtyDan [uid=eZvdqnhxQZeB4Wvp7ko5cFy79bCUMACrCdUKq6S9F3w=] entered vehicle UAZ469 (Rust) (id=564C950DEA42874C365711B40A27A825 pos=<2146.161621, 21.790943, 5476.678711>) as driver
21:44:31.820 [VehicleLeave] Player Zef [uid=PU9-DJHe4LvreDPQFnAQ040hhezkutYOqXaBOvn79QE=] left vehicle UAZ469 (Rust) (id=564C950DEA42874C365711B40A27A825 pos=<1751.479736, 12.868049, 5087.104980>)
21:44:34.968 [VehicleLeave] Player DirtyDan [uid=eZvdqnhxQZeB4Wvp7ko5cFy79bCUMACrCdUKq6S9F3w=] left vehicle UAZ469 (Rust) (id=564C950DEA42874C365711B40A27A825 pos=<1751.479736, 12.868048, 5087.104980>)
21:47:05.281 [Party] Player "DirtyDan" (id=eZvdqnhxQZeB4Wvp7ko5cFy79bCUMACrCdUKq6S9F3w=) joinded the party "dirtydan" (id=3 ownerUID=eZvdqnhxQZeB4Wvp7ko5cFy79bCUMACrCdUKq6S9F3w= ownerName=DirtyDan)
21:47:05.289 [AI Patrol] Spawning 3 Shamans bots at <4029.385742, 15.630000, 6667.024902>
21:47:12.929 [Chat - Team]("DirtyDan"(id=eZvdqnhxQZeB4Wvp7ko5cFy79bCUMACrCdUKq6S9F3w=)): i died at the car 
21:47:30.406 [Chat - Team]("Zef"(id=PU9-DJHe4LvreDPQFnAQ040hhezkutYOqXaBOvn79QE=)): ILL COME GET YA
21:50:12.414 [VehicleEnter] Player Zef [uid=PU9-DJHe4LvreDPQFnAQ040hhezkutYOqXaBOvn79QE=] entered vehicle UAZ469 (Rust) (id=564C950DEA42874C365711B40A27A825 pos=<1751.427979, 12.869088, 5087.040527>) as driver
21:50:13.976 [Chat - Team]("DirtyDan"(id=eZvdqnhxQZeB4Wvp7ko5cFy79bCUMACrCdUKq6S9F3w=)): ok
21:51:38.179 [Chat - Team]("DirtyDan"(id=eZvdqnhxQZeB4Wvp7ko5cFy79bCUMACrCdUKq6S9F3w=)): you wunna come over and check out deer isle
21:51:49.062 [Chat - Team]("DirtyDan"(id=eZvdqnhxQZeB4Wvp7ko5cFy79bCUMACrCdUKq6S9F3w=)): i have a lot of shit on there 
21:54:15.218 [Chat - Team]("DirtyDan"(id=eZvdqnhxQZeB4Wvp7ko5cFy79bCUMACrCdUKq6S9F3w=)): im bleeding out
21:54:40.312 [VehicleLeave] Player Zef [uid=PU9-DJHe4LvreDPQFnAQ040hhezkutYOqXaBOvn79QE=] left vehicle UAZ469 (Rust) (id=564C950DEA42874C365711B40A27A825 pos=<2489.946045, 62.155010, 6287.973633>)
21:55:53.187 [VehicleEnter] Player DirtyDan [uid=eZvdqnhxQZeB4Wvp7ko5cFy79bCUMACrCdUKq6S9F3w=] entered vehicle UAZ469 (Rust) (id=564C950DEA42874C365711B40A27A825 pos=<2489.946045, 62.155014, 6287.973633>) as passenger
21:55:57.187 [VehicleEnter] Player Zef [uid=PU9-DJHe4LvreDPQFnAQ040hhezkutYOqXaBOvn79QE=] entered vehicle UAZ469 (Rust) (id=564C950DEA42874C365711B40A27A825 pos=<2489.946045, 62.154961, 6287.973633>) as driver
21:56:00.890 [VehicleEngine] Player Zef [uid=PU9-DJHe4LvreDPQFnAQ040hhezkutYOqXaBOvn79QE=] started vehicle UAZ469 (Rust) (id=564C950DEA42874C365711B40A27A825 pos=<2489.946045, 62.154964, 6287.973633>)
21:57:24.585 [VehicleLeave] Player DirtyDan [uid=eZvdqnhxQZeB4Wvp7ko5cFy79bCUMACrCdUKq6S9F3w=] left vehicle UAZ469 (Rust) (id=564C950DEA42874C365711B40A27A825 pos=<2541.083496, 43.788330, 5870.165039>)
21:57:26.328 [VehicleEngine] Player Zef [uid=PU9-DJHe4LvreDPQFnAQ040hhezkutYOqXaBOvn79QE=] stopped vehicle UAZ469 (Rust) (id=564C950DEA42874C365711B40A27A825 pos=<2541.083496, 43.788330, 5870.165039>)
21:57:30.039 [VehicleLeave] Player Zef [uid=PU9-DJHe4LvreDPQFnAQ040hhezkutYOqXaBOvn79QE=] left vehicle UAZ469 (Rust) (id=564C950DEA42874C365711B40A27A825 pos=<2541.083496, 43.788330, 5870.165039>)
22:00:20.492 [Chat - Team]("DirtyDan"(id=eZvdqnhxQZeB4Wvp7ko5cFy79bCUMACrCdUKq6S9F3w=)): brb gotta change a diaper
22:00:25.218 [Chat - Team]("Zef"(id=PU9-DJHe4LvreDPQFnAQ040hhezkutYOqXaBOvn79QE=)): k
22:04:07.257 [Chat - Team]("Zef"(id=PU9-DJHe4LvreDPQFnAQ040hhezkutYOqXaBOvn79QE=)): lol wtaf
22:10:15.984 [Chat - Team]("DirtyDan"(id=eZvdqnhxQZeB4Wvp7ko5cFy79bCUMACrCdUKq6S9F3w=)): ther is like 5 zs out here 
22:11:39.750 [VehicleEnter] Player Zef [uid=PU9-DJHe4LvreDPQFnAQ040hhezkutYOqXaBOvn79QE=] entered vehicle UAZ469 (Rust) (id=564C950DEA42874C365711B40A27A825 pos=<2541.083496, 43.788334, 5870.165039>) as driver
22:11:42.242 [VehicleEngine] Player Zef [uid=PU9-DJHe4LvreDPQFnAQ040hhezkutYOqXaBOvn79QE=] started vehicle UAZ469 (Rust) (id=564C950DEA42874C365711B40A27A825 pos=<2541.083496, 43.788330, 5870.165039>)
22:11:43.437 [VehicleEnter] Player DirtyDan [uid=eZvdqnhxQZeB4Wvp7ko5cFy79bCUMACrCdUKq6S9F3w=] entered vehicle UAZ469 (Rust) (id=564C950DEA42874C365711B40A27A825 pos=<2541.083496, 43.788334, 5870.165039>) as passenger
22:13:01.726 [VehicleLeave] Player DirtyDan [uid=eZvdqnhxQZeB4Wvp7ko5cFy79bCUMACrCdUKq6S9F3w=] left vehicle UAZ469 (Rust) (id=564C950DEA42874C365711B40A27A825 pos=<2212.186768, 65.357323, 6171.578125>)
22:13:06.273 [VehicleEngine] Player Zef [uid=PU9-DJHe4LvreDPQFnAQ040hhezkutYOqXaBOvn79QE=] stopped vehicle UAZ469 (Rust) (id=564C950DEA42874C365711B40A27A825 pos=<2212.186768, 65.357330, 6171.578125>)
22:13:12.609 [VehicleLeave] Player Zef [uid=PU9-DJHe4LvreDPQFnAQ040hhezkutYOqXaBOvn79QE=] left vehicle UAZ469 (Rust) (id=564C950DEA42874C365711B40A27A825 pos=<2212.186768, 65.357300, 6171.577637>)
22:15:30.007 [Party] Player "DirtyDan" (id=eZvdqnhxQZeB4Wvp7ko5cFy79bCUMACrCdUKq6S9F3w=) left the party "dirtydan" (id=3 ownerUID=eZvdqnhxQZeB4Wvp7ko5cFy79bCUMACrCdUKq6S9F3w= ownerName=DirtyDan)
22:15:31.539 [Party] Player "Zef" (id=PU9-DJHe4LvreDPQFnAQ040hhezkutYOqXaBOvn79QE=) left the party "dirtydan" (id=3 ownerUID=eZvdqnhxQZeB4Wvp7ko5cFy79bCUMACrCdUKq6S9F3w= ownerName=DirtyDan)
