12:03:20.105 [Expansion Quests] - InitQuestSystemClient - Loaded existing player quest data for player with UID: -r2araXommLNgd2kLCOg5MUhQUGYZRsIrQF--_XcIVE=
12:03:20.105 [Expansion Quests] - Create new quest instance for quest: 32 - Player UID: -r2araXommLNgd2kLCOg5MUhQUGYZRsIrQF--_XcIVE=
12:03:20.109 [AI Patrol] Spawning 2 Shamans bots at <6044.888184, 26.129999, 1892.604980>
12:03:54.199 [VehicleEnter] Player [BTWF]CMDR-Chuck_N_Biskitz [uid=-r2araXommLNgd2kLCOg5MUhQUGYZRsIrQF--_XcIVE=] entered vehicle MUSTANG (id=3E9707C7714C68E765ECD0B358992496 pos=<5922.000977, 55.899052, 2275.329834>) as driver
12:04:03.976 [VehicleEngine] Player [BTWF]CMDR-Chuck_N_Biskitz [uid=-r2araXommLNgd2kLCOg5MUhQUGYZRsIrQF--_XcIVE=] started vehicle MUSTANG (id=3E9707C7714C68E765ECD0B358992496 pos=<5922.000977, 55.899048, 2275.329834>)
12:05:17.585 [AI Patrol] Spawning 2 Shamans bots at <6908.566406, 18.528727, 3672.373047>
12:08:28.972 [MissionAirdrop] An airdrop is heading towards "Apple Orchard" (pos=<4814.680176, 0.000000, 1308.500000> type=Random_Apple-Orchard) with a ExpansionAirdropContainer_Medical
12:09:34.070 [VehicleLeave] Player [BTWF]CMDR-Chuck_N_Biskitz [uid=-r2araXommLNgd2kLCOg5MUhQUGYZRsIrQF--_XcIVE=] left vehicle MUSTANG (id=3E9707C7714C68E765ECD0B358992496 pos=<7602.504395, 4.913529, 5319.023438>)
12:09:37.140 [VehicleCarKey] Player "[BTWF]CMDR-Chuck_N_Biskitz" (id=-r2araXommLNgd2kLCOg5MUhQUGYZRsIrQF--_XcIVE= pos=<7601.187988, 5.055766, 5319.243164>) used the  ExpansionCarKey to lock MUSTANG (id=3E9707C7714C68E765ECD0B358992496 pos=<7602.504395, 4.913529, 5319.023438>)
12:11:43.066 [Expansion Quests] - InitQuestSystemClient - Loaded existing player quest data for player with UID: -r2araXommLNgd2kLCOg5MUhQUGYZRsIrQF--_XcIVE=
12:11:43.066 [Expansion Quests] - Create new quest instance for quest: 32 - Player UID: -r2araXommLNgd2kLCOg5MUhQUGYZRsIrQF--_XcIVE=
12:12:25.613 [VehicleDeleted] MUSTANG (id=3E9707C7714C68E765ECD0B358992496 pos=<7602.504395, 4.913529, 5319.023438>)
12:12:25.613 [VehicleCover] Player "[BTWF]CMDR-Chuck_N_Biskitz" (id=-r2araXommLNgd2kLCOg5MUhQUGYZRsIrQF--_XcIVE= pos=<7604.054688, 4.866289, 5316.469727>) covered vehicle "MUSTANG" (GlobalID=80000000800000008000000080002B6F pos=<7602.504395, 4.913529, 5319.023438>)!
12:14:47.136 [Territory] Player "[BTWF]CMDR-Chuck_N_Biskitz" (id=-r2araXommLNgd2kLCOg5MUhQUGYZRsIrQF--_XcIVE=) created territory of Charles Nedwin Biskowitz at <7584.140625, 4.992569, 5333.058594>
12:18:25.289 [Expansion Quests] - InitQuestSystemClient - Loaded existing player quest data for player with UID: -r2araXommLNgd2kLCOg5MUhQUGYZRsIrQF--_XcIVE=
12:18:25.289 [Expansion Quests] - Create new quest instance for quest: 32 - Player UID: -r2araXommLNgd2kLCOg5MUhQUGYZRsIrQF--_XcIVE=
12:23:35.648 [BaseRaiding] BBP_SDoor (<7584.938477, 4.992569, 5335.563477>) Code set by player "[BTWF]CMDR-Chuck_N_Biskitz" (ID = "-r2araXommLNgd2kLCOg5MUhQUGYZRsIrQF--_XcIVE=" at <7584.741699, 5.032561, 5335.118652>) and the code is 841554
12:28:08.144 [Expansion Quests] - InitQuestSystemClient - Loaded existing player quest data for player with UID: -r2araXommLNgd2kLCOg5MUhQUGYZRsIrQF--_XcIVE=
12:28:08.144 [Expansion Quests] - Create new quest instance for quest: 32 - Player UID: -r2araXommLNgd2kLCOg5MUhQUGYZRsIrQF--_XcIVE=
12:31:38.144 [BaseRaiding] BBP_SDoor (<7589.639160, 5.017463, 5335.931641>) Code set by player "[BTWF]CMDR-Chuck_N_Biskitz" (ID = "-r2araXommLNgd2kLCOg5MUhQUGYZRsIrQF--_XcIVE=" at <7589.308594, 5.032557, 5336.988770>) and the code is 841554
12:33:02.953 [BaseRaiding] BBP_SDoor (<7580.844727, 5.017463, 5342.498047>) Code set by player "[BTWF]CMDR-Chuck_N_Biskitz" (ID = "-r2araXommLNgd2kLCOg5MUhQUGYZRsIrQF--_XcIVE=" at <7581.322266, 5.032532, 5341.157715>) and the code is 841554
12:39:38.996 [Expansion Quests] - InitQuestSystemClient - Loaded existing player quest data for player with UID: -r2araXommLNgd2kLCOg5MUhQUGYZRsIrQF--_XcIVE=
12:39:38.996 [Expansion Quests] - Create new quest instance for quest: 32 - Player UID: -r2araXommLNgd2kLCOg5MUhQUGYZRsIrQF--_XcIVE=
12:43:37.824 [VehicleCover] Player "[BTWF]CMDR-Chuck_N_Biskitz" (id=-r2araXommLNgd2kLCOg5MUhQUGYZRsIrQF--_XcIVE= pos=<7600.516113, 5.055767, 5319.171387>) uncovered vehicle "MUSTANG" (GlobalID=80000000800000008000000080002B6F pos=<7602.504395, 4.913529, 5319.023438>)!
12:44:24.355 [VehicleCarKey] Player "[BTWF]CMDR-Chuck_N_Biskitz" (id=-r2araXommLNgd2kLCOg5MUhQUGYZRsIrQF--_XcIVE= pos=<7602.229980, 4.866289, 5315.974609>) used the  ExpansionCarKey to unlock MUSTANG (id=D6AFF4B37442195318C31B997172BDD4 pos=<7602.504395, 4.913529, 5319.022461>)
12:44:25.523 [VehicleCarKey] Player "[BTWF]CMDR-Chuck_N_Biskitz" (id=-r2araXommLNgd2kLCOg5MUhQUGYZRsIrQF--_XcIVE= pos=<7602.229980, 4.866289, 5315.974609>) used the  ExpansionCarKey to lock MUSTANG (id=D6AFF4B37442195318C31B997172BDD4 pos=<7602.504395, 4.913529, 5319.022461>)
12:44:26.558 [VehicleCarKey] Player "[BTWF]CMDR-Chuck_N_Biskitz" (id=-r2araXommLNgd2kLCOg5MUhQUGYZRsIrQF--_XcIVE= pos=<7602.229980, 4.866289, 5315.974609>) used the  ExpansionCarKey to unlock MUSTANG (id=D6AFF4B37442195318C31B997172BDD4 pos=<7602.504395, 4.913529, 5319.022461>)
12:45:50.753 [VehicleEnter] Player [BTWF]CMDR-Chuck_N_Biskitz [uid=-r2araXommLNgd2kLCOg5MUhQUGYZRsIrQF--_XcIVE=] entered vehicle MUSTANG (id=D6AFF4B37442195318C31B997172BDD4 pos=<7602.504395, 4.913529, 5319.022461>) as driver
12:45:52.644 [VehicleEngine] Player [BTWF]CMDR-Chuck_N_Biskitz [uid=-r2araXommLNgd2kLCOg5MUhQUGYZRsIrQF--_XcIVE=] started vehicle MUSTANG (id=D6AFF4B37442195318C31B997172BDD4 pos=<7602.504395, 4.913529, 5319.022461>)
12:46:35.289 [VehicleLeave] Player [BTWF]CMDR-Chuck_N_Biskitz [uid=-r2araXommLNgd2kLCOg5MUhQUGYZRsIrQF--_XcIVE=] left vehicle MUSTANG (Locked) (id=D6AFF4B37442195318C31B997172BDD4 pos=<7499.330078, 5.078817, 5313.944336>)
12:46:40.453 [VehicleCarKey] Player "[BTWF]CMDR-Chuck_N_Biskitz" (id=-r2araXommLNgd2kLCOg5MUhQUGYZRsIrQF--_XcIVE= pos=<7501.062012, 4.874721, 5316.557129>) used the  ExpansionCarKey to unlock MUSTANG (id=D6AFF4B37442195318C31B997172BDD4 pos=<7499.330078, 5.078764, 5313.944336>)
12:46:49.492 [VehicleAttachments] Player [BTWF]CMDR-Chuck_N_Biskitz (uid=-r2araXommLNgd2kLCOg5MUhQUGYZRsIrQF--_XcIVE=) detached MUSTANG Wheel (type=MUSTANG_Wheel) from vehicle MUSTANG(id=D6AFF4B37442195318C31B997172BDD4 pos=<7499.330078, 5.078764, 5313.944336>)
12:48:42.242 [Expansion Quests] - InitQuestSystemClient - Loaded existing player quest data for player with UID: -r2araXommLNgd2kLCOg5MUhQUGYZRsIrQF--_XcIVE=
12:48:42.242 [Expansion Quests] - Create new quest instance for quest: 32 - Player UID: -r2araXommLNgd2kLCOg5MUhQUGYZRsIrQF--_XcIVE=
12:49:02.941 [VehicleEnter] Player [BTWF]CMDR-Chuck_N_Biskitz [uid=-r2araXommLNgd2kLCOg5MUhQUGYZRsIrQF--_XcIVE=] entered vehicle MUSTANG (id=D6AFF4B37442195318C31B997172BDD4 pos=<7499.444336, 5.056462, 5313.941406>) as driver
12:49:04.339 [VehicleEngine] Player [BTWF]CMDR-Chuck_N_Biskitz [uid=-r2araXommLNgd2kLCOg5MUhQUGYZRsIrQF--_XcIVE=] started vehicle MUSTANG (id=D6AFF4B37442195318C31B997172BDD4 pos=<7499.469238, 5.053475, 5313.941895>)
12:49:11.679 [VehicleLeave] Player [BTWF]CMDR-Chuck_N_Biskitz [uid=-r2araXommLNgd2kLCOg5MUhQUGYZRsIrQF--_XcIVE=] left vehicle MUSTANG (id=D6AFF4B37442195318C31B997172BDD4 pos=<7501.082520, 4.910216, 5313.722656>)
12:49:16.472 [VehicleAttachments] Player [BTWF]CMDR-Chuck_N_Biskitz (uid=-r2araXommLNgd2kLCOg5MUhQUGYZRsIrQF--_XcIVE=) detached MUSTANG Wheel (type=MUSTANG_Wheel) from vehicle MUSTANG(id=D6AFF4B37442195318C31B997172BDD4 pos=<7501.082520, 4.910290, 5313.722656>)
12:49:28.898 [VehicleAttachments] Player [BTWF]CMDR-Chuck_N_Biskitz (uid=-r2araXommLNgd2kLCOg5MUhQUGYZRsIrQF--_XcIVE=) detached MUSTANG Wheel (type=MUSTANG_Wheel) from vehicle MUSTANG(id=D6AFF4B37442195318C31B997172BDD4 pos=<7501.087891, 4.876690, 5313.712402>)
12:49:32.437 [VehicleAttachments] Player [BTWF]CMDR-Chuck_N_Biskitz (uid=-r2araXommLNgd2kLCOg5MUhQUGYZRsIrQF--_XcIVE=) detached MUSTANG Wheel (type=MUSTANG_Wheel) from vehicle MUSTANG(id=D6AFF4B37442195318C31B997172BDD4 pos=<7501.073242, 4.842018, 5313.890625>)
12:49:48.769 [VehicleCarKey] Player "[BTWF]CMDR-Chuck_N_Biskitz" (id=-r2araXommLNgd2kLCOg5MUhQUGYZRsIrQF--_XcIVE= pos=<7500.958984, 4.876523, 5316.066406>) used the  ExpansionCarKey to lock MUSTANG (id=D6AFF4B37442195318C31B997172BDD4 pos=<7501.691895, 4.851110, 5314.244629>)
12:50:31.628 [VehicleDeleted] MUSTANG (id=D6AFF4B37442195318C31B997172BDD4 pos=<7501.969238, 4.794227, 5314.273926>)
12:50:31.628 [VehicleCover] Player "[BTWF]CMDR-Chuck_N_Biskitz" (id=-r2araXommLNgd2kLCOg5MUhQUGYZRsIrQF--_XcIVE= pos=<7499.469727, 4.912166, 5315.864746>) covered vehicle "MUSTANG" (GlobalID=80000000800000008000000080002B6F pos=<7501.969238, 4.794227, 5314.273926>)!
