00:01:28.406 [Expansion Quests] - InitQuestSystemClient - Loaded existing player quest data for player with UID: spMEkRl42onhFHdF_u42e0T03x2sj347kUc600NXdGA=
00:01:28.406 [Expansion Quests] - LoadGroupQuestData - Created new persistent group quest data for group with ID: -1
00:01:28.407 [Expansion Quests] - Create new quest instance for quest: 99 - Player UID: spMEkRl42onhFHdF_u42e0T03x2sj347kUc600NXdGA=
00:01:41.662 [Party] Player "Capt Chaos" (id=KWl3ojgjStHOe3-iLRChpUG8crsNiNfei3BT6NCIfaw=) joinded the party "Dirtydan" (id=0 ownerUID=eZvdqnhxQZeB4Wvp7ko5cFy79bCUMACrCdUKq6S9F3w= ownerName=DirtyDan)
00:01:41.669 [Expansion Quests] - InitQuestSystemClient - Loaded existing player quest data for player with UID: KWl3ojgjStHOe3-iLRChpUG8crsNiNfei3BT6NCIfaw=
00:01:41.670 [Expansion Quests] - LoadGroupQuestData - Loaded existing group quest data for group with ID: 0
00:01:42.612 [Expansion Quests] - LoadGroupQuestData - Got cached group quest data for group with ID: 0
00:05:27.106 [AI Patrol] Spawning 2 Shamans bots at <2793.009766, 43.950378, 5887.140137>
00:06:37.960 [MissionAirdrop] An airdrop is heading towards "Mt Lapithas" (pos=<5540.580078, 0.000000, 4123.680176> type=Random_Mt-Lapithas) with a ExpansionAirdropContainer_Military
00:10:50.604 [Party] Player "DirtyDan" (id=eZvdqnhxQZeB4Wvp7ko5cFy79bCUMACrCdUKq6S9F3w=) joinded the party "Dirtydan" (id=0 ownerUID=eZvdqnhxQZeB4Wvp7ko5cFy79bCUMACrCdUKq6S9F3w= ownerName=DirtyDan)
00:10:50.615 [Expansion Quests] - InitQuestSystemClient - Loaded existing player quest data for player with UID: eZvdqnhxQZeB4Wvp7ko5cFy79bCUMACrCdUKq6S9F3w=
00:10:50.615 [Expansion Quests] - LoadGroupQuestData - Got cached group quest data for group with ID: 0
00:10:51.558 [Expansion Quests] - LoadGroupQuestData - Got cached group quest data for group with ID: 0
00:15:57.313 [Chat - Global]("DirtyDan"(id=eZvdqnhxQZeB4Wvp7ko5cFy79bCUMACrCdUKq6S9F3w=)): doc get the fuck outa here 
00:20:41.772 [Expansion Quests] - InitQuestSystemClient - Created new persistent player quest data for player UID: -r2araXommLNgd2kLCOg5MUhQUGYZRsIrQF--_XcIVE=
00:20:41.772 [Expansion Quests] - LoadGroupQuestData - Got cached group quest data for group with ID: -1
01:24:35.275 [Expansion Quests] - InitQuestSystemClient - Created new persistent player quest data for player UID: ysXLPGxvINTWJrUI_cLicG01RRa30GIHtUhoD1SXkpo=
01:24:35.276 [Expansion Quests] - LoadGroupQuestData - Got cached group quest data for group with ID: -1
01:29:24.028 [MissionAirdrop] An airdrop is heading towards "South Harbor" (pos=<1854.040039, 0.000000, 584.143005> type=Random_South-Harbor) with a ExpansionAirdropContainer
01:38:25.733 [Territory] Player "Capt Chaos" (id=KWl3ojgjStHOe3-iLRChpUG8crsNiNfei3BT6NCIfaw=) created territory of Rectum Wreckers at <6414.701660, 100.874771, 5220.052246>
01:38:33.891 [Territory] Player "DirtyDan" (id=eZvdqnhxQZeB4Wvp7ko5cFy79bCUMACrCdUKq6S9F3w= pos=<6446.049316, 125.612556, 5165.080078>) was invited to join the territory of Rectum Wreckers at <6414.701660, 100.874771, 5220.052246> by the player "Capt Chaos" (id=KWl3ojgjStHOe3-iLRChpUG8crsNiNfei3BT6NCIfaw=)
01:44:50.112 [AI Patrol] Spawning 2 Shamans bots at <6675.875000, 21.045380, 3737.605713>
01:49:44.706 [Killfeed] Capt Chaos got killed by Survivor (Shamans) with SK 59/66 from a distance of 2 m.
01:50:26.102 [Party] Player "Capt Chaos" (id=KWl3ojgjStHOe3-iLRChpUG8crsNiNfei3BT6NCIfaw=) joinded the party "Dirtydan" (id=0 ownerUID=eZvdqnhxQZeB4Wvp7ko5cFy79bCUMACrCdUKq6S9F3w= ownerName=DirtyDan)
01:50:26.105 [AI Patrol] Spawning 2 Shamans bots at <4389.106445, 15.700000, 7665.308594>
01:50:27.096 [Expansion Quests] - LoadGroupQuestData - Got cached group quest data for group with ID: 0
01:50:37.613 [Killfeed] DirtyDan got killed by Survivor (Shamans) with KA-M from a distance of 1 m.
01:50:45.283 [AI Patrol] Spawning 2 Shamans bots at <4850.762695, 15.630000, 7517.066895>
01:51:21.634 [Party] Player "DirtyDan" (id=eZvdqnhxQZeB4Wvp7ko5cFy79bCUMACrCdUKq6S9F3w=) joinded the party "Dirtydan" (id=0 ownerUID=eZvdqnhxQZeB4Wvp7ko5cFy79bCUMACrCdUKq6S9F3w= ownerName=DirtyDan)
01:51:22.627 [Expansion Quests] - LoadGroupQuestData - Got cached group quest data for group with ID: 0
02:00:14.412 [Killfeed] Capt Chaos got killed by Survivor (Shamans) with KA-M from a distance of 28 m.
02:00:54.185 [Party] Player "Capt Chaos" (id=KWl3ojgjStHOe3-iLRChpUG8crsNiNfei3BT6NCIfaw=) joinded the party "Dirtydan" (id=0 ownerUID=eZvdqnhxQZeB4Wvp7ko5cFy79bCUMACrCdUKq6S9F3w= ownerName=DirtyDan)
02:00:55.179 [Expansion Quests] - LoadGroupQuestData - Got cached group quest data for group with ID: 0
02:32:03.605 [Killfeed] DirtyDan got killed by Capt Chaos with M16A4 from a distance of 24 m.
02:32:31.808 [Party] Player "DirtyDan" (id=eZvdqnhxQZeB4Wvp7ko5cFy79bCUMACrCdUKq6S9F3w=) joinded the party "Dirtydan" (id=0 ownerUID=eZvdqnhxQZeB4Wvp7ko5cFy79bCUMACrCdUKq6S9F3w= ownerName=DirtyDan)
02:32:32.801 [Expansion Quests] - LoadGroupQuestData - Got cached group quest data for group with ID: 0
02:54:47.049 [MissionAirdrop] An airdrop is heading towards "Airfield" (pos=<6791.240234, 0.000000, 2116.860107> type=Random_Airfield) with a ExpansionAirdropContainer_Basebuilding
03:00:08.139 [BaseRaiding] BBP_SDoor (<6418.120605, 100.874771, 5216.906250>) Code set by player "DirtyDan" (ID = "eZvdqnhxQZeB4Wvp7ko5cFy79bCUMACrCdUKq6S9F3w=" at <6417.217773, 100.914894, 5216.764648>) and the code is 1776
03:15:35.610 [AI Patrol] Spawning 2 Shamans bots at <6323.970215, 32.513783, 2081.834961>
03:17:41.578 [AI Patrol] Spawning 2 Shamans bots at <7121.013672, 26.365324, 1853.824341>
03:33:55.322 [Expansion Quests] - InitQuestSystemClient - Created new persistent player quest data for player UID: x0Imt5bEx__LFun09F-BAxzRnVB1B95t_8yGspUexDc=
03:33:55.323 [Expansion Quests] - LoadGroupQuestData - Got cached group quest data for group with ID: -1
03:37:12.435 [Expansion Quests] - InitQuestSystemClient - Created new persistent player quest data for player UID: YJHGRUIjBYFSjrMBtOy8Dgjqq3rW3CCmj5LvNWY9b3I=
03:37:12.435 [Expansion Quests] - LoadGroupQuestData - Got cached group quest data for group with ID: -1
03:46:14.544 [Chat - Global]("DirtyDan"(id=eZvdqnhxQZeB4Wvp7ko5cFy79bCUMACrCdUKq6S9F3w=)): whats up joe
03:46:48.961 [Chat - Global]("DirtyDan"(id=eZvdqnhxQZeB4Wvp7ko5cFy79bCUMACrCdUKq6S9F3w=)): have you found a megaphone
03:47:32.412 [Killfeed] Capt Chaos got killed by Survivor (Shamans) with KA-M from a distance of 2 m.
03:48:03.956 [Party] Player "Capt Chaos" (id=KWl3ojgjStHOe3-iLRChpUG8crsNiNfei3BT6NCIfaw=) joinded the party "Dirtydan" (id=0 ownerUID=eZvdqnhxQZeB4Wvp7ko5cFy79bCUMACrCdUKq6S9F3w= ownerName=DirtyDan)
03:48:04.949 [Expansion Quests] - LoadGroupQuestData - Got cached group quest data for group with ID: 0
03:48:53.411 [Killfeed] DirtyDan got killed by Survivor (Shamans) with KA-M from a distance of 80 m.
03:49:46.571 [Party] Player "DirtyDan" (id=eZvdqnhxQZeB4Wvp7ko5cFy79bCUMACrCdUKq6S9F3w=) joinded the party "Dirtydan" (id=0 ownerUID=eZvdqnhxQZeB4Wvp7ko5cFy79bCUMACrCdUKq6S9F3w= ownerName=DirtyDan)
03:49:47.565 [Expansion Quests] - LoadGroupQuestData - Got cached group quest data for group with ID: 0
03:52:29.895 [Killfeed] 6oJl*Ho* got killed by DirtyDan with IJ-70 from a distance of 2 m.
03:53:20.298 [Expansion Quests] - InitQuestSystemClient - Loaded existing player quest data for player with UID: YJHGRUIjBYFSjrMBtOy8Dgjqq3rW3CCmj5LvNWY9b3I=
03:53:20.298 [Expansion Quests] - LoadGroupQuestData - Got cached group quest data for group with ID: -1
03:53:20.299 [Expansion Quests] - Create new quest instance for quest: 99 - Player UID: YJHGRUIjBYFSjrMBtOy8Dgjqq3rW3CCmj5LvNWY9b3I=
03:54:56.437 [Chat - Global]("DirtyDan"(id=eZvdqnhxQZeB4Wvp7ko5cFy79bCUMACrCdUKq6S9F3w=)): i dont know wtf just happened 
03:55:13.791 [Chat - Global]("DirtyDan"(id=eZvdqnhxQZeB4Wvp7ko5cFy79bCUMACrCdUKq6S9F3w=)): sorry dude who ever i just killed
03:58:32.609 [AdminTools] Player "DirtyDan" (id=eZvdqnhxQZeB4Wvp7ko5cFy79bCUMACrCdUKq6S9F3w= pos=<6412.013184, 100.914925, 5220.267090>) used the Admin Hammer to build frame
03:58:39.447 [AdminTools] Player "DirtyDan" (id=eZvdqnhxQZeB4Wvp7ko5cFy79bCUMACrCdUKq6S9F3w= pos=<6412.013184, 100.914925, 5220.267090>) used the Admin Hammer to build t1_wall_planks
03:58:46.177 [AdminTools] Player "DirtyDan" (id=eZvdqnhxQZeB4Wvp7ko5cFy79bCUMACrCdUKq6S9F3w= pos=<6412.515137, 100.914864, 5220.914551>) used the Admin Hammer to build frame
03:58:53.380 [AdminTools] Player "DirtyDan" (id=eZvdqnhxQZeB4Wvp7ko5cFy79bCUMACrCdUKq6S9F3w= pos=<6412.515137, 100.914864, 5220.914551>) used the Admin Hammer to build t1_wall_planks
03:59:00.574 [AdminTools] Player "DirtyDan" (id=eZvdqnhxQZeB4Wvp7ko5cFy79bCUMACrCdUKq6S9F3w= pos=<6414.197266, 101.079147, 5221.118652>) used the Admin Hammer to build frame
03:59:07.610 [AdminTools] Player "DirtyDan" (id=eZvdqnhxQZeB4Wvp7ko5cFy79bCUMACrCdUKq6S9F3w= pos=<6414.195801, 101.078072, 5221.118652>) used the Admin Hammer to build t1_wall_planks
03:59:22.945 [AdminTools] Player "DirtyDan" (id=eZvdqnhxQZeB4Wvp7ko5cFy79bCUMACrCdUKq6S9F3w= pos=<6411.607910, 100.914925, 5220.934570>) used the Admin Hammer to build t2_metal_2
03:59:36.479 [AdminTools] Player "DirtyDan" (id=eZvdqnhxQZeB4Wvp7ko5cFy79bCUMACrCdUKq6S9F3w= pos=<6412.836426, 100.914871, 5220.783691>) used the Admin Hammer to build t2_metal_2
04:05:03.464 [Party] Player "DirtyDan" (id=eZvdqnhxQZeB4Wvp7ko5cFy79bCUMACrCdUKq6S9F3w=) left the party "Dirtydan" (id=0 ownerUID=eZvdqnhxQZeB4Wvp7ko5cFy79bCUMACrCdUKq6S9F3w= ownerName=DirtyDan)
04:08:41.306 [Party] Player "Capt Chaos" (id=KWl3ojgjStHOe3-iLRChpUG8crsNiNfei3BT6NCIfaw=) left the party "Dirtydan" (id=0 ownerUID=eZvdqnhxQZeB4Wvp7ko5cFy79bCUMACrCdUKq6S9F3w= ownerName=DirtyDan)
04:51:45.460 [Expansion Quests] - InitQuestSystemClient - Loaded existing player quest data for player with UID: RjqUafmWjW9Q1BHza4n7WoZ_8uUWujoz2w-ciuQaZcs=
04:51:45.460 [Expansion Quests] - LoadGroupQuestData - Got cached group quest data for group with ID: -1
04:51:45.460 [Expansion Quests] - Create new quest instance for quest: 99 - Player UID: RjqUafmWjW9Q1BHza4n7WoZ_8uUWujoz2w-ciuQaZcs=
05:08:12.935 [Expansion Quests] - InitQuestSystemClient - Created new persistent player quest data for player UID: 6hCxNhmcaZ7JeXJSF7evVrv0ZyyXYSyXIZJg-pSH2ZI=
05:08:12.935 [Expansion Quests] - LoadGroupQuestData - Got cached group quest data for group with ID: -1
05:08:54.736 [Party] Player "Lets_G0_Brandon" (id=RjqUafmWjW9Q1BHza4n7WoZ_8uUWujoz2w-ciuQaZcs=) joinded the party "Hard Gits" (id=2 ownerUID= ownerName=)
05:08:54.736 [Party] Player "Lets_G0_Brandon" (id=RjqUafmWjW9Q1BHza4n7WoZ_8uUWujoz2w-ciuQaZcs=) created a party named Hard Gits ()
05:08:55.734 [Expansion Quests] - LoadGroupQuestData - Created new persistent group quest data for group with ID: 2
05:09:01.017 [Party] Player "Lets_G0_Brandon" (id=RjqUafmWjW9Q1BHza4n7WoZ_8uUWujoz2w-ciuQaZcs=) invited the player "Mr.Warrior" (id=6hCxNhmcaZ7JeXJSF7evVrv0ZyyXYSyXIZJg-pSH2ZI=)to the party named Hard Gits
05:09:08.392 [Party] Player "Mr.Warrior" (id=6hCxNhmcaZ7JeXJSF7evVrv0ZyyXYSyXIZJg-pSH2ZI=) joinded the party "Hard Gits" (id=2 ownerUID=RjqUafmWjW9Q1BHza4n7WoZ_8uUWujoz2w-ciuQaZcs= ownerName=Lets_G0_Brandon)
05:09:09.369 [Expansion Quests] - LoadGroupQuestData - Got cached group quest data for group with ID: 2
05:23:30.500 [Expansion Quests] - InitQuestSystemClient - Created new persistent player quest data for player UID: SgADkNjbGaUs8SauxTNPqYQENYs5GlEGD7NNksMh0hI=
05:23:30.501 [Expansion Quests] - LoadGroupQuestData - Got cached group quest data for group with ID: -1
05:24:03.537 [Party] Player "Lets_G0_Brandon" (id=RjqUafmWjW9Q1BHza4n7WoZ_8uUWujoz2w-ciuQaZcs=) invited the player "wiggy" (id=SgADkNjbGaUs8SauxTNPqYQENYs5GlEGD7NNksMh0hI=)to the party named Hard Gits
05:24:12.033 [Party] Player "wiggy" (id=SgADkNjbGaUs8SauxTNPqYQENYs5GlEGD7NNksMh0hI=) joinded the party "Hard Gits" (id=2 ownerUID=RjqUafmWjW9Q1BHza4n7WoZ_8uUWujoz2w-ciuQaZcs= ownerName=Lets_G0_Brandon)
05:24:13.033 [Expansion Quests] - LoadGroupQuestData - Got cached group quest data for group with ID: 2
05:59:07.806 [Party] Player "Lets_G0_Brandon" (id=RjqUafmWjW9Q1BHza4n7WoZ_8uUWujoz2w-ciuQaZcs=) left the party "Hard Gits" (id=2 ownerUID=RjqUafmWjW9Q1BHza4n7WoZ_8uUWujoz2w-ciuQaZcs= ownerName=Lets_G0_Brandon)
05:59:13.257 [Party] Player "wiggy" (id=SgADkNjbGaUs8SauxTNPqYQENYs5GlEGD7NNksMh0hI=) left the party "Hard Gits" (id=2 ownerUID=RjqUafmWjW9Q1BHza4n7WoZ_8uUWujoz2w-ciuQaZcs= ownerName=Lets_G0_Brandon)
05:59:20.853 [Party] Player "Mr.Warrior" (id=6hCxNhmcaZ7JeXJSF7evVrv0ZyyXYSyXIZJg-pSH2ZI=) left the party "Hard Gits" (id=2 ownerUID=RjqUafmWjW9Q1BHza4n7WoZ_8uUWujoz2w-ciuQaZcs= ownerName=Lets_G0_Brandon)
