00:01:37.009 [Party] Player "ChaoticBeauty07" (id=aZuey8BZu5enttVf1frXEoSPxF2bH_OE61qSIaeu7J0=) joinded the party "Psychonuats" (id=6 ownerUID=sotoW1_Nk-TTJiiIPsCtS3o5Fa1yZMPYUSJANQxS2rE= ownerName=CrazyBob1027)
00:01:37.061 [Party] Player "Lets_G0_Brandon" (id=RjqUafmWjW9Q1BHza4n7WoZ_8uUWujoz2w-ciuQaZcs=) joinded the party "Gits" (id=4 ownerUID=RjqUafmWjW9Q1BHza4n7WoZ_8uUWujoz2w-ciuQaZcs= ownerName=Slightly Crazed)
00:01:37.070 [AI Patrol] Spawning 3 Shamans bots at <2489.562988, 43.939999, 5727.327637>
00:01:37.213 [AI Patrol] Spawning 3 Shamans bots at <2504.899414, 43.939999, 5715.392090>
00:01:37.229 [AI Patrol] Spawning 3 Shamans bots at <2487.456299, 44.283508, 5953.438965>
00:01:37.248 [AI Patrol] Spawning 3 Shamans bots at <2287.351563, 64.490204, 7028.930176>
00:01:37.263 [AI Patrol] Spawning 3 Shamans bots at <2790.125488, 44.410000, 6003.811035>
00:02:39.905 [Party] Player "Capt Chaos" (id=KWl3ojgjStHOe3-iLRChpUG8crsNiNfei3BT6NCIfaw=) joinded the party "dirtydan" (id=3 ownerUID=eZvdqnhxQZeB4Wvp7ko5cFy79bCUMACrCdUKq6S9F3w= ownerName=DirtyDan)
00:02:39.924 [AI Patrol] Spawning 3 Shamans bots at <6713.017578, 26.129999, 2278.187500>
00:02:39.943 [AI Patrol] Spawning 3 Shamans bots at <6741.331055, 26.129999, 2329.466797>
00:02:39.960 [AI Patrol] Spawning 3 Shamans bots at <6421.562500, 26.370914, 2113.017822>
00:04:22.343 [Chat - Global]("Lets_G0_Brandon"(id=RjqUafmWjW9Q1BHza4n7WoZ_8uUWujoz2w-ciuQaZcs=)): u guys friendly?
00:05:04.997 [AI Patrol] Spawning 3 Shamans bots at <7507.917480, 26.129999, 1731.175781>
00:05:16.137 [Party] Player "CrazyBob1027" (id=sotoW1_Nk-TTJiiIPsCtS3o5Fa1yZMPYUSJANQxS2rE=) joinded the party "Psychonuats" (id=6 ownerUID=sotoW1_Nk-TTJiiIPsCtS3o5Fa1yZMPYUSJANQxS2rE= ownerName=CrazyBob1027)
00:05:16.146 [AI Patrol] Spawning 3 Shamans bots at <3428.436035, 17.324373, 6302.529785>
00:05:25.714 [AI Patrol] Spawning 3 Shamans bots at <7715.523438, 26.129999, 2213.552979>
00:05:33.966 [VehicleEnter] Player CrazyBob1027 [uid=sotoW1_Nk-TTJiiIPsCtS3o5Fa1yZMPYUSJANQxS2rE=] entered vehicle LandCruiser Skul (id=B8A7AFF81947AE3266C70DA21B82F04E pos=<2620.974365, 43.952381, 5874.336914>) as driver
00:05:35.878 [VehicleEngine] Player CrazyBob1027 [uid=sotoW1_Nk-TTJiiIPsCtS3o5Fa1yZMPYUSJANQxS2rE=] started vehicle LandCruiser Skul (id=B8A7AFF81947AE3266C70DA21B82F04E pos=<2620.975586, 43.952377, 5874.338867>)
00:06:16.638 [VehicleLeave] Player CrazyBob1027 [uid=sotoW1_Nk-TTJiiIPsCtS3o5Fa1yZMPYUSJANQxS2rE=] left vehicle LandCruiser Skul (id=B8A7AFF81947AE3266C70DA21B82F04E pos=<2558.885010, 43.952381, 5893.063477>)
00:09:22.295 [VehicleEnter] Player CrazyBob1027 [uid=sotoW1_Nk-TTJiiIPsCtS3o5Fa1yZMPYUSJANQxS2rE=] entered vehicle LandCruiser Skul (id=B8A7AFF81947AE3266C70DA21B82F04E pos=<2558.887695, 43.952374, 5893.060059>) as driver
00:09:24.421 [VehicleEngine] Player CrazyBob1027 [uid=sotoW1_Nk-TTJiiIPsCtS3o5Fa1yZMPYUSJANQxS2rE=] started vehicle LandCruiser Skul (id=B8A7AFF81947AE3266C70DA21B82F04E pos=<2558.885254, 43.952381, 5893.062988>)
00:09:44.167 [VehicleLeave] Player CrazyBob1027 [uid=sotoW1_Nk-TTJiiIPsCtS3o5Fa1yZMPYUSJANQxS2rE=] left vehicle LandCruiser Skul (id=B8A7AFF81947AE3266C70DA21B82F04E pos=<2508.470459, 44.092358, 5826.426270>)
00:14:26.806 [Party] Player "Chim" (id=34grYJQ9r2wo1L8neGIz09ZgpCiXK_Fe8Cp4Z0ErlKE=) joinded the party "Psychonuats" (id=6 ownerUID=sotoW1_Nk-TTJiiIPsCtS3o5Fa1yZMPYUSJANQxS2rE= ownerName=CrazyBob1027)
00:14:26.814 [AI Patrol] Spawning 3 Shamans bots at <3667.329102, 4.640000, 6002.831543>
00:15:19.778 [AI Patrol] Spawning 3 Shamans bots at <1957.677246, 54.799999, 2952.035400>
00:15:19.791 [AI Patrol] Spawning 3 Shamans bots at <834.928955, 5.260000, 3317.713623>
00:15:19.808 [AI Patrol] Spawning 3 Shamans bots at <1953.728882, 54.799999, 2927.283447>
00:15:19.821 [AI Patrol] Spawning 3 Shamans bots at <2180.169189, 54.799999, 3057.388672>
00:15:19.829 [AI Patrol] Spawning 3 Shamans bots at <856.963013, 5.260000, 3299.660400>
00:15:19.838 [AI Patrol] Spawning 3 Shamans bots at <1950.116821, 54.799999, 2935.605713>
00:15:19.849 [AI Patrol] Spawning 3 Shamans bots at <2057.204834, 54.799999, 2967.820313>
00:15:19.866 [AI Patrol] Spawning 3 Shamans bots at <2089.333740, 54.799999, 3042.359131>
00:15:19.875 [AI Patrol] Spawning 3 Shamans bots at <2160.279297, 54.799999, 3215.353760>
00:15:25.864 [Party] Player "ChimnJenny" (id=r2lUmFLKL-sI1uKdFopNx0EDhXQoZf7KY0E9WNMzn7w=) joinded the party "Psychonuats" (id=6 ownerUID=sotoW1_Nk-TTJiiIPsCtS3o5Fa1yZMPYUSJANQxS2rE= ownerName=CrazyBob1027)
00:15:25.872 [AI Patrol] Spawning 3 Shamans bots at <3721.807129, 4.640000, 6042.892578>
00:15:25.882 [AI Patrol] Spawning 3 Shamans bots at <3748.002441, 4.640000, 5967.077637>
00:15:25.893 [AI Patrol] Spawning 3 Shamans bots at <3744.374268, 4.640000, 5974.193359>
00:16:23.214 [AI Patrol] Spawning 3 Shamans bots at <980.996460, 5.584616, 3125.194824>
00:16:54.096 [VehicleEnter] Player Chim [uid=34grYJQ9r2wo1L8neGIz09ZgpCiXK_Fe8Cp4Z0ErlKE=] entered vehicle STR_Camaro_Hagr_name (id=4EF2CC56E54C2FCC27CDD58ED276FF36 pos=<2657.337402, 43.998684, 5885.274902>) as driver
00:17:11.247 [VehicleEngine] Player Chim [uid=34grYJQ9r2wo1L8neGIz09ZgpCiXK_Fe8Cp4Z0ErlKE=] started vehicle STR_Camaro_Hagr_name (id=4EF2CC56E54C2FCC27CDD58ED276FF36 pos=<2657.337402, 43.998684, 5885.274902>)
00:17:18.195 [VehicleEnter] Player ChimnJenny [uid=r2lUmFLKL-sI1uKdFopNx0EDhXQoZf7KY0E9WNMzn7w=] entered vehicle STR_Camaro_Hagr_name (id=4EF2CC56E54C2FCC27CDD58ED276FF36 pos=<2657.338379, 43.998665, 5885.275391>) as passenger
00:17:31.204 [VehicleEnter] Player ChaoticBeauty07 [uid=aZuey8BZu5enttVf1frXEoSPxF2bH_OE61qSIaeu7J0=] entered vehicle LandCruiser Skul (id=B8A7AFF81947AE3266C70DA21B82F04E pos=<2508.470947, 44.092358, 5826.426270>) as passenger
00:18:26.482 [VehicleEnter] Player CrazyBob1027 [uid=sotoW1_Nk-TTJiiIPsCtS3o5Fa1yZMPYUSJANQxS2rE=] entered vehicle LandCruiser Skul (id=B8A7AFF81947AE3266C70DA21B82F04E pos=<2508.475098, 44.092358, 5826.426758>) as driver
00:18:28.812 [VehicleLeave] Player CrazyBob1027 [uid=sotoW1_Nk-TTJiiIPsCtS3o5Fa1yZMPYUSJANQxS2rE=] left vehicle LandCruiser Skul (id=B8A7AFF81947AE3266C70DA21B82F04E pos=<2508.473145, 44.092365, 5826.425781>)
00:18:29.095 [AI Patrol] Spawning 3 Shamans bots at <6826.916992, 8.438036, 3480.877686>
00:18:39.774 [VehicleEnter] Player CrazyBob1027 [uid=sotoW1_Nk-TTJiiIPsCtS3o5Fa1yZMPYUSJANQxS2rE=] entered vehicle LandCruiser Skul (id=B8A7AFF81947AE3266C70DA21B82F04E pos=<2508.476318, 44.092358, 5826.427246>) as driver
00:18:42.929 [VehicleEngine] Player CrazyBob1027 [uid=sotoW1_Nk-TTJiiIPsCtS3o5Fa1yZMPYUSJANQxS2rE=] started vehicle LandCruiser Skul (id=B8A7AFF81947AE3266C70DA21B82F04E pos=<2508.476318, 44.092358, 5826.427246>)
00:18:45.959 [AI Patrol] Spawning 3 Shamans bots at <6819.054199, 14.116779, 3562.498779>
00:19:07.661 [VehicleLeave] Player Chim [uid=34grYJQ9r2wo1L8neGIz09ZgpCiXK_Fe8Cp4Z0ErlKE=] left vehicle STR_Camaro_Hagr_name (id=4EF2CC56E54C2FCC27CDD58ED276FF36 pos=<1748.860718, 12.872228, 5094.448730>)
00:19:15.835 [VehicleLeave] Player ChimnJenny [uid=r2lUmFLKL-sI1uKdFopNx0EDhXQoZf7KY0E9WNMzn7w=] left vehicle STR_Camaro_Hagr_name (id=4EF2CC56E54C2FCC27CDD58ED276FF36 pos=<1748.859131, 12.872226, 5094.447754>)
00:19:33.206 [AI Patrol] Spawning 3 Shamans bots at <6490.248047, 3.153804, 3032.193359>
00:20:05.166 [VehicleLeave] Player CrazyBob1027 [uid=sotoW1_Nk-TTJiiIPsCtS3o5Fa1yZMPYUSJANQxS2rE=] left vehicle LandCruiser Skul (id=B8A7AFF81947AE3266C70DA21B82F04E pos=<1739.063232, 12.794796, 5101.230957>)
00:20:06.705 [VehicleLeave] Player ChaoticBeauty07 [uid=aZuey8BZu5enttVf1frXEoSPxF2bH_OE61qSIaeu7J0=] left vehicle LandCruiser Skul (id=B8A7AFF81947AE3266C70DA21B82F04E pos=<1739.064453, 12.794800, 5101.231445>)
00:20:48.098 [VehicleEnter] Player Chim [uid=34grYJQ9r2wo1L8neGIz09ZgpCiXK_Fe8Cp4Z0ErlKE=] entered vehicle STR_Camaro_Hagr_name (id=4EF2CC56E54C2FCC27CDD58ED276FF36 pos=<1748.858154, 12.872225, 5094.447754>) as driver
00:20:50.828 [VehicleEngine] Player Chim [uid=34grYJQ9r2wo1L8neGIz09ZgpCiXK_Fe8Cp4Z0ErlKE=] started vehicle STR_Camaro_Hagr_name (id=4EF2CC56E54C2FCC27CDD58ED276FF36 pos=<1748.858398, 12.872220, 5094.448242>)
00:20:53.271 [VehicleEnter] Player CrazyBob1027 [uid=sotoW1_Nk-TTJiiIPsCtS3o5Fa1yZMPYUSJANQxS2rE=] entered vehicle LandCruiser Skul (id=B8A7AFF81947AE3266C70DA21B82F04E pos=<1739.062622, 12.794798, 5101.230469>) as driver
00:20:55.336 [VehicleEngine] Player CrazyBob1027 [uid=sotoW1_Nk-TTJiiIPsCtS3o5Fa1yZMPYUSJANQxS2rE=] started vehicle LandCruiser Skul (id=B8A7AFF81947AE3266C70DA21B82F04E pos=<1739.065186, 12.794803, 5101.231445>)
00:20:55.540 [VehicleEnter] Player ChaoticBeauty07 [uid=aZuey8BZu5enttVf1frXEoSPxF2bH_OE61qSIaeu7J0=] entered vehicle LandCruiser Skul (id=B8A7AFF81947AE3266C70DA21B82F04E pos=<1739.065430, 12.794805, 5101.231445>) as passenger
00:21:16.754 [AI Patrol] Spawning 3 Shamans bots at <1659.676392, 62.216496, 1170.903564>
00:21:16.763 [AI Patrol] Spawning 3 Shamans bots at <1866.758057, 15.570000, 579.434265>
00:21:16.773 [AI Patrol] Spawning 3 Shamans bots at <1708.046997, 15.570000, 487.163208>
00:21:16.783 [AI Patrol] Spawning 3 Shamans bots at <1843.046143, 15.570000, 590.006897>
00:21:16.792 [AI Patrol] Spawning 3 Shamans bots at <1888.441162, 15.570000, 562.072632>
00:21:16.802 [AI Patrol] Spawning 3 Shamans bots at <2295.797363, 77.108673, 1716.528198>
00:21:20.145 [VehicleEnter] Player ChimnJenny [uid=r2lUmFLKL-sI1uKdFopNx0EDhXQoZf7KY0E9WNMzn7w=] entered vehicle STR_Camaro_Hagr_name (id=4EF2CC56E54C2FCC27CDD58ED276FF36 pos=<1768.750732, 13.388759, 5034.738281>) as passenger
00:22:17.336 [VehicleLeave] Player Chim [uid=34grYJQ9r2wo1L8neGIz09ZgpCiXK_Fe8Cp4Z0ErlKE=] left vehicle STR_Camaro_Hagr_name (id=4EF2CC56E54C2FCC27CDD58ED276FF36 pos=<1780.099854, 23.751961, 4391.348633>)
00:22:19.800 [VehicleLeave] Player ChimnJenny [uid=r2lUmFLKL-sI1uKdFopNx0EDhXQoZf7KY0E9WNMzn7w=] left vehicle STR_Camaro_Hagr_name (id=4EF2CC56E54C2FCC27CDD58ED276FF36 pos=<1780.099854, 23.751961, 4391.348633>)
00:22:33.881 [VehicleLeave] Player ChaoticBeauty07 [uid=aZuey8BZu5enttVf1frXEoSPxF2bH_OE61qSIaeu7J0=] left vehicle LandCruiser Skul (id=B8A7AFF81947AE3266C70DA21B82F04E pos=<1777.839600, 23.239355, 4428.217773>)
00:22:33.947 [VehicleLeave] Player CrazyBob1027 [uid=sotoW1_Nk-TTJiiIPsCtS3o5Fa1yZMPYUSJANQxS2rE=] left vehicle LandCruiser Skul (id=B8A7AFF81947AE3266C70DA21B82F04E pos=<1777.842041, 23.239344, 4428.217773>)
00:22:42.484 [VehicleEnter] Player CrazyBob1027 [uid=sotoW1_Nk-TTJiiIPsCtS3o5Fa1yZMPYUSJANQxS2rE=] entered vehicle LandCruiser Skul (id=B8A7AFF81947AE3266C70DA21B82F04E pos=<1777.838013, 23.239367, 4428.217773>) as driver
00:22:45.382 [VehicleEngine] Player CrazyBob1027 [uid=sotoW1_Nk-TTJiiIPsCtS3o5Fa1yZMPYUSJANQxS2rE=] started vehicle LandCruiser Skul (id=B8A7AFF81947AE3266C70DA21B82F04E pos=<1777.838135, 23.239363, 4428.217773>)
00:22:45.608 [Party] Player "Lets_G0_Brandon" (id=RjqUafmWjW9Q1BHza4n7WoZ_8uUWujoz2w-ciuQaZcs=) left the party "Gits" (id=4 ownerUID=RjqUafmWjW9Q1BHza4n7WoZ_8uUWujoz2w-ciuQaZcs= ownerName=Slightly Crazed)
00:22:57.856 [VehicleLeave] Player CrazyBob1027 [uid=sotoW1_Nk-TTJiiIPsCtS3o5Fa1yZMPYUSJANQxS2rE=] left vehicle LandCruiser Skul (id=B8A7AFF81947AE3266C70DA21B82F04E pos=<1772.016479, 23.770794, 4416.178711>)
00:23:07.043 [VehicleEnter] Player Chim [uid=34grYJQ9r2wo1L8neGIz09ZgpCiXK_Fe8Cp4Z0ErlKE=] entered vehicle STR_Camaro_Hagr_name (id=4EF2CC56E54C2FCC27CDD58ED276FF36 pos=<1780.102295, 23.752071, 4391.333984>) as driver
00:23:08.641 [VehicleEngine] Player Chim [uid=34grYJQ9r2wo1L8neGIz09ZgpCiXK_Fe8Cp4Z0ErlKE=] started vehicle STR_Camaro_Hagr_name (id=4EF2CC56E54C2FCC27CDD58ED276FF36 pos=<1780.102173, 23.752073, 4391.333984>)
00:23:20.703 [VehicleEngine] Player Chim [uid=34grYJQ9r2wo1L8neGIz09ZgpCiXK_Fe8Cp4Z0ErlKE=] stopped vehicle STR_Camaro_Hagr_name (id=4EF2CC56E54C2FCC27CDD58ED276FF36 pos=<1775.222656, 23.883436, 4368.031738>)
00:23:26.666 [VehicleLeave] Player Chim [uid=34grYJQ9r2wo1L8neGIz09ZgpCiXK_Fe8Cp4Z0ErlKE=] left vehicle STR_Camaro_Hagr_name (id=4EF2CC56E54C2FCC27CDD58ED276FF36 pos=<1775.208496, 23.884159, 4368.031738>)
00:24:06.717 [Chat - Global]("(ADMIN)BLUE"(id=OAdpPkJP2Ps_W7h2ttR1bK23ekHCzrxw0mDT3zqLMdU=)): every one enjoy some unlimited ammo for the time beeing
00:25:27.548 [Chat - Global]("CrazyBob1027"(id=sotoW1_Nk-TTJiiIPsCtS3o5Fa1yZMPYUSJANQxS2rE=)): Nice thats fun
00:25:31.894 [Chat - Global]("CrazyBob1027"(id=sotoW1_Nk-TTJiiIPsCtS3o5Fa1yZMPYUSJANQxS2rE=)): :}
00:25:38.002 [VehicleEnter] Player CrazyBob1027 [uid=sotoW1_Nk-TTJiiIPsCtS3o5Fa1yZMPYUSJANQxS2rE=] entered vehicle LandCruiser Skul (id=B8A7AFF81947AE3266C70DA21B82F04E pos=<1772.017822, 23.770697, 4416.178711>) as driver
00:25:48.166 [VehicleEnter] Player Chim [uid=34grYJQ9r2wo1L8neGIz09ZgpCiXK_Fe8Cp4Z0ErlKE=] entered vehicle STR_Camaro_Hagr_name (id=4EF2CC56E54C2FCC27CDD58ED276FF36 pos=<1775.206299, 23.884233, 4368.030273>) as driver
00:25:50.149 [VehicleEnter] Player ChimnJenny [uid=r2lUmFLKL-sI1uKdFopNx0EDhXQoZf7KY0E9WNMzn7w=] entered vehicle STR_Camaro_Hagr_name (id=4EF2CC56E54C2FCC27CDD58ED276FF36 pos=<1775.200684, 23.884527, 4368.030762>) as passenger
00:25:51.148 [VehicleEngine] Player Chim [uid=34grYJQ9r2wo1L8neGIz09ZgpCiXK_Fe8Cp4Z0ErlKE=] started vehicle STR_Camaro_Hagr_name (id=4EF2CC56E54C2FCC27CDD58ED276FF36 pos=<1775.198364, 23.884645, 4368.030762>)
00:25:53.060 [VehicleEngine] Player CrazyBob1027 [uid=sotoW1_Nk-TTJiiIPsCtS3o5Fa1yZMPYUSJANQxS2rE=] started vehicle LandCruiser Skul (id=B8A7AFF81947AE3266C70DA21B82F04E pos=<1772.017578, 23.770712, 4416.178711>)
00:26:03.689 [VehicleEnter] Player ChaoticBeauty07 [uid=aZuey8BZu5enttVf1frXEoSPxF2bH_OE61qSIaeu7J0=] entered vehicle LandCruiser Skul (id=B8A7AFF81947AE3266C70DA21B82F04E pos=<1772.019165, 23.770683, 4416.179688>) as passenger
00:26:37.947 [AI Patrol] Spawning 3 Shamans bots at <2319.038818, 54.799999, 3065.132813>
00:26:39.845 [Party] Player "Capt Chaos" (id=KWl3ojgjStHOe3-iLRChpUG8crsNiNfei3BT6NCIfaw=) left the party "dirtydan" (id=3 ownerUID=eZvdqnhxQZeB4Wvp7ko5cFy79bCUMACrCdUKq6S9F3w= ownerName=DirtyDan)
00:27:11.616 [AI Patrol] Spawning 3 Shamans bots at <2850.303955, 53.410000, 3195.551514>
00:27:16.474 [AI Patrol] Spawning 3 Shamans bots at <2888.641602, 53.410000, 3206.117920>
00:28:13.910 [VehicleEngine] Player Chim [uid=34grYJQ9r2wo1L8neGIz09ZgpCiXK_Fe8Cp4Z0ErlKE=] stopped vehicle STR_Camaro_Hagr_name (id=4EF2CC56E54C2FCC27CDD58ED276FF36 pos=<2122.638184, 54.863258, 3082.211182>)
00:28:16.481 [VehicleLeave] Player ChaoticBeauty07 [uid=aZuey8BZu5enttVf1frXEoSPxF2bH_OE61qSIaeu7J0=] left vehicle LandCruiser Skul (id=B8A7AFF81947AE3266C70DA21B82F04E pos=<2083.027100, 54.922058, 3088.615479>)
00:28:17.100 [VehicleLeave] Player Chim [uid=34grYJQ9r2wo1L8neGIz09ZgpCiXK_Fe8Cp4Z0ErlKE=] left vehicle STR_Camaro_Hagr_name (id=4EF2CC56E54C2FCC27CDD58ED276FF36 pos=<2122.638428, 54.863258, 3082.211182>)
00:28:23.039 [VehicleLeave] Player ChimnJenny [uid=r2lUmFLKL-sI1uKdFopNx0EDhXQoZf7KY0E9WNMzn7w=] left vehicle STR_Camaro_Hagr_name (id=4EF2CC56E54C2FCC27CDD58ED276FF36 pos=<2122.638184, 54.863255, 3082.211182>)
00:28:46.481 [VehicleLeave] Player CrazyBob1027 [uid=sotoW1_Nk-TTJiiIPsCtS3o5Fa1yZMPYUSJANQxS2rE=] left vehicle LandCruiser Skul (id=B8A7AFF81947AE3266C70DA21B82F04E pos=<2112.595947, 54.960682, 3114.038086>)
00:30:01.999 [AI Patrol] Spawning 3 Shamans bots at <2916.202148, 114.869621, 2409.701416>
00:37:57.727 [Chat - Global]("(ADMIN)BLUE"(id=OAdpPkJP2Ps_W7h2ttR1bK23ekHCzrxw0mDT3zqLMdU=)): gunna drop yall some keys
00:38:36.401 [Chat - Global]("CrazyBob1027"(id=sotoW1_Nk-TTJiiIPsCtS3o5Fa1yZMPYUSJANQxS2rE=)): weapon cleaning kits would be nice lol
00:39:54.216 [Chat - Global]("(ADMIN)BLUE"(id=OAdpPkJP2Ps_W7h2ttR1bK23ekHCzrxw0mDT3zqLMdU=)): put some keys in the inv of the cars
00:40:09.513 [Chat - Global]("CrazyBob1027"(id=sotoW1_Nk-TTJiiIPsCtS3o5Fa1yZMPYUSJANQxS2rE=)): thanks
00:40:37.490 [Chat - Global]("(ADMIN)BLUE"(id=OAdpPkJP2Ps_W7h2ttR1bK23ekHCzrxw0mDT3zqLMdU=)): are yall finding any loot around
00:40:39.363 [VehicleCarKey] Player "Chim" (id=34grYJQ9r2wo1L8neGIz09ZgpCiXK_Fe8Cp4Z0ErlKE= pos=<2123.825684, 54.948303, 3083.634766>) paired a  ExpansionCarKey to Chevrolet_Camaro_Hagr (id=4EF2CC56E54C2FCC27CDD58ED276FF36 pos=<2122.638184, 54.863255, 3082.211182>)
00:40:59.720 [Chat - Global]("CrazyBob1027"(id=sotoW1_Nk-TTJiiIPsCtS3o5Fa1yZMPYUSJANQxS2rE=)): dude those weapon cleaning kits are much appreciated
00:41:15.518 [Chat - Global]("Chim"(id=34grYJQ9r2wo1L8neGIz09ZgpCiXK_Fe8Cp4Z0ErlKE=)): just storage items mainly
00:41:18.322 [Chat - Global]("(ADMIN)BLUE"(id=OAdpPkJP2Ps_W7h2ttR1bK23ekHCzrxw0mDT3zqLMdU=)): your welcome.
00:41:19.667 [Chat - Global]("CrazyBob1027"(id=sotoW1_Nk-TTJiiIPsCtS3o5Fa1yZMPYUSJANQxS2rE=)): not much at all on the ground mostly off the bodies of the ai
00:41:39.542 [Chat - Global]("(ADMIN)BLUE"(id=OAdpPkJP2Ps_W7h2ttR1bK23ekHCzrxw0mDT3zqLMdU=)): ok im going though files looking on how to fix it and balance it to some sort
00:42:13.042 [Chat - Global]("(ADMIN)BLUE"(id=OAdpPkJP2Ps_W7h2ttR1bK23ekHCzrxw0mDT3zqLMdU=)): did yall find your keys
00:43:55.130 [VehicleCarKey] Player "CrazyBob1027" (id=sotoW1_Nk-TTJiiIPsCtS3o5Fa1yZMPYUSJANQxS2rE= pos=<2110.416748, 54.812492, 3114.081787>) paired a  ExpansionCarKey to LandCruiser_skul (id=B8A7AFF81947AE3266C70DA21B82F04E pos=<2112.594971, 54.960682, 3114.037598>)
00:44:09.260 [Chat - Global]("CrazyBob1027"(id=sotoW1_Nk-TTJiiIPsCtS3o5Fa1yZMPYUSJANQxS2rE=)): yes we got the key
00:46:26.599 [Chat - Global]("CrazyBob1027"(id=sotoW1_Nk-TTJiiIPsCtS3o5Fa1yZMPYUSJANQxS2rE=)): WE GOT YOUR GIFT BRUH!!!! :}
00:48:09.686 [VehicleEnter] Player Chim [uid=34grYJQ9r2wo1L8neGIz09ZgpCiXK_Fe8Cp4Z0ErlKE=] entered vehicle STR_Camaro_Hagr_name (id=4EF2CC56E54C2FCC27CDD58ED276FF36 pos=<2122.639404, 54.862892, 3082.212402>) as driver
00:48:11.184 [VehicleEngine] Player Chim [uid=34grYJQ9r2wo1L8neGIz09ZgpCiXK_Fe8Cp4Z0ErlKE=] started vehicle STR_Camaro_Hagr_name (id=4EF2CC56E54C2FCC27CDD58ED276FF36 pos=<2122.639404, 54.862888, 3082.212158>)
00:48:27.545 [VehicleEnter] Player CrazyBob1027 [uid=sotoW1_Nk-TTJiiIPsCtS3o5Fa1yZMPYUSJANQxS2rE=] entered vehicle LandCruiser Skul (id=B8A7AFF81947AE3266C70DA21B82F04E pos=<2112.597900, 54.960690, 3114.038574>) as driver
00:48:30.628 [VehicleEngine] Player CrazyBob1027 [uid=sotoW1_Nk-TTJiiIPsCtS3o5Fa1yZMPYUSJANQxS2rE=] started vehicle LandCruiser Skul (id=B8A7AFF81947AE3266C70DA21B82F04E pos=<2112.596924, 54.960682, 3114.038330>)
00:48:37.311 [VehicleLeave] Player CrazyBob1027 [uid=sotoW1_Nk-TTJiiIPsCtS3o5Fa1yZMPYUSJANQxS2rE=] left vehicle LandCruiser Skul (id=B8A7AFF81947AE3266C70DA21B82F04E pos=<2112.594482, 54.960682, 3114.037354>)
00:49:01.112 [VehicleEnter] Player ChaoticBeauty07 [uid=aZuey8BZu5enttVf1frXEoSPxF2bH_OE61qSIaeu7J0=] entered vehicle LandCruiser Skul (id=B8A7AFF81947AE3266C70DA21B82F04E pos=<2112.593994, 54.960686, 3114.037354>) as passenger
00:49:14.852 [VehicleEnter] Player CrazyBob1027 [uid=sotoW1_Nk-TTJiiIPsCtS3o5Fa1yZMPYUSJANQxS2rE=] entered vehicle LandCruiser Skul (id=B8A7AFF81947AE3266C70DA21B82F04E pos=<2112.593994, 54.960682, 3114.037598>) as driver
00:49:19.937 [VehicleEngine] Player CrazyBob1027 [uid=sotoW1_Nk-TTJiiIPsCtS3o5Fa1yZMPYUSJANQxS2rE=] started vehicle LandCruiser Skul (id=B8A7AFF81947AE3266C70DA21B82F04E pos=<2112.596436, 54.960690, 3114.038330>)
00:49:42.146 [VehicleEnter] Player ChimnJenny [uid=r2lUmFLKL-sI1uKdFopNx0EDhXQoZf7KY0E9WNMzn7w=] entered vehicle STR_Camaro_Hagr_name (id=4EF2CC56E54C2FCC27CDD58ED276FF36 pos=<2108.870361, 54.788757, 3108.015137>) as passenger
00:49:57.536 [VehicleLeave] Player ChimnJenny [uid=r2lUmFLKL-sI1uKdFopNx0EDhXQoZf7KY0E9WNMzn7w=] left vehicle STR_Camaro_Hagr_name (id=4EF2CC56E54C2FCC27CDD58ED276FF36 pos=<2108.870117, 54.788761, 3108.012939>)
00:50:05.699 [VehicleEnter] Player ChimnJenny [uid=r2lUmFLKL-sI1uKdFopNx0EDhXQoZf7KY0E9WNMzn7w=] entered vehicle STR_Camaro_Hagr_name (id=4EF2CC56E54C2FCC27CDD58ED276FF36 pos=<2108.868896, 54.788757, 3108.011719>) as passenger
00:51:13.814 [AI Patrol] Spawning 3 Shamans bots at <3163.278564, 114.673393, 2225.905273>
00:51:58.725 [AI Patrol] Spawning 3 Shamans bots at <4413.667480, -5.182925, 2996.860840>
00:52:38.589 [VehicleLeave] Player Chim [uid=34grYJQ9r2wo1L8neGIz09ZgpCiXK_Fe8Cp4Z0ErlKE=] left vehicle STR_Camaro_Hagr_name (id=4EF2CC56E54C2FCC27CDD58ED276FF36 pos=<4118.017090, 8.833118, 2834.753418>)
00:52:38.798 [VehicleLeave] Player CrazyBob1027 [uid=sotoW1_Nk-TTJiiIPsCtS3o5Fa1yZMPYUSJANQxS2rE=] left vehicle LandCruiser Skul (id=B8A7AFF81947AE3266C70DA21B82F04E pos=<4098.867188, 9.627796, 2830.500977>)
00:52:38.974 [VehicleLeave] Player ChaoticBeauty07 [uid=aZuey8BZu5enttVf1frXEoSPxF2bH_OE61qSIaeu7J0=] left vehicle LandCruiser Skul (id=B8A7AFF81947AE3266C70DA21B82F04E pos=<4098.867188, 9.627787, 2830.499756>)
00:52:44.280 [VehicleLeave] Player ChimnJenny [uid=r2lUmFLKL-sI1uKdFopNx0EDhXQoZf7KY0E9WNMzn7w=] left vehicle STR_Camaro_Hagr_name (id=4EF2CC56E54C2FCC27CDD58ED276FF36 pos=<4118.017090, 8.833124, 2834.755615>)
00:53:36.448 [VehicleEnter] Player CrazyBob1027 [uid=sotoW1_Nk-TTJiiIPsCtS3o5Fa1yZMPYUSJANQxS2rE=] entered vehicle LandCruiser Skul (id=B8A7AFF81947AE3266C70DA21B82F04E pos=<4098.865723, 9.627848, 2830.502197>) as driver
00:54:07.281 [VehicleEnter] Player Chim [uid=34grYJQ9r2wo1L8neGIz09ZgpCiXK_Fe8Cp4Z0ErlKE=] entered vehicle STR_Camaro_Hagr_name (id=4EF2CC56E54C2FCC27CDD58ED276FF36 pos=<4118.017090, 8.833113, 2834.757080>) as driver
00:54:09.960 [VehicleEngine] Player Chim [uid=34grYJQ9r2wo1L8neGIz09ZgpCiXK_Fe8Cp4Z0ErlKE=] started vehicle STR_Camaro_Hagr_name (id=4EF2CC56E54C2FCC27CDD58ED276FF36 pos=<4118.017090, 8.833109, 2834.755615>)
00:54:14.112 [VehicleEngine] Player CrazyBob1027 [uid=sotoW1_Nk-TTJiiIPsCtS3o5Fa1yZMPYUSJANQxS2rE=] started vehicle LandCruiser Skul (id=B8A7AFF81947AE3266C70DA21B82F04E pos=<4098.865723, 9.627853, 2830.502930>)
00:54:19.604 [VehicleEnter] Player ChimnJenny [uid=r2lUmFLKL-sI1uKdFopNx0EDhXQoZf7KY0E9WNMzn7w=] entered vehicle STR_Camaro_Hagr_name (id=4EF2CC56E54C2FCC27CDD58ED276FF36 pos=<4113.938965, 9.008434, 2830.045166>) as passenger
00:54:20.575 [VehicleEnter] Player ChaoticBeauty07 [uid=aZuey8BZu5enttVf1frXEoSPxF2bH_OE61qSIaeu7J0=] entered vehicle LandCruiser Skul (id=B8A7AFF81947AE3266C70DA21B82F04E pos=<4098.865723, 9.627836, 2830.500732>) as passenger
00:54:56.632 [AI Patrol] Spawning 3 Shamans bots at <3930.004639, 28.746586, 1753.334717>
00:55:18.641 [AI Patrol] Spawning 3 Shamans bots at <4722.176758, 70.609879, 1694.156006>
00:55:55.896 [VehicleLeave] Player Chim [uid=34grYJQ9r2wo1L8neGIz09ZgpCiXK_Fe8Cp4Z0ErlKE=] left vehicle STR_Camaro_Hagr_name (id=4EF2CC56E54C2FCC27CDD58ED276FF36 pos=<4235.411621, 6.499892, 2121.330566>)
00:56:07.474 [VehicleEnter] Player Chim [uid=34grYJQ9r2wo1L8neGIz09ZgpCiXK_Fe8Cp4Z0ErlKE=] entered vehicle STR_Camaro_Hagr_name (id=4EF2CC56E54C2FCC27CDD58ED276FF36 pos=<4235.410645, 6.499402, 2121.331543>) as driver
00:56:08.624 [VehicleEngine] Player Chim [uid=34grYJQ9r2wo1L8neGIz09ZgpCiXK_Fe8Cp4Z0ErlKE=] stopped vehicle STR_Camaro_Hagr_name (id=4EF2CC56E54C2FCC27CDD58ED276FF36 pos=<4235.410645, 6.499097, 2121.331543>)
00:56:10.823 [VehicleLeave] Player Chim [uid=34grYJQ9r2wo1L8neGIz09ZgpCiXK_Fe8Cp4Z0ErlKE=] left vehicle STR_Camaro_Hagr_name (id=4EF2CC56E54C2FCC27CDD58ED276FF36 pos=<4235.410156, 6.499520, 2121.332031>)
00:56:30.335 [VehicleEnter] Player Chim [uid=34grYJQ9r2wo1L8neGIz09ZgpCiXK_Fe8Cp4Z0ErlKE=] entered vehicle STR_Camaro_Hagr_name (id=4EF2CC56E54C2FCC27CDD58ED276FF36 pos=<4237.970215, 5.972596, 2123.994141>) as driver
00:56:32.853 [VehicleEngine] Player Chim [uid=34grYJQ9r2wo1L8neGIz09ZgpCiXK_Fe8Cp4Z0ErlKE=] started vehicle STR_Camaro_Hagr_name (id=4EF2CC56E54C2FCC27CDD58ED276FF36 pos=<4237.970703, 5.972587, 2123.993164>)
00:56:59.615 [VehicleLeave] Player CrazyBob1027 [uid=sotoW1_Nk-TTJiiIPsCtS3o5Fa1yZMPYUSJANQxS2rE=] left vehicle LandCruiser Skul (id=B8A7AFF81947AE3266C70DA21B82F04E pos=<3985.219238, 24.732344, 1891.651611>)
00:57:01.345 [VehicleLeave] Player ChaoticBeauty07 [uid=aZuey8BZu5enttVf1frXEoSPxF2bH_OE61qSIaeu7J0=] left vehicle LandCruiser Skul (id=B8A7AFF81947AE3266C70DA21B82F04E pos=<3985.265869, 24.652138, 1891.665527>)
00:57:16.997 [AI Patrol] Spawning 3 Shamans bots at <4898.465332, 47.840000, 1300.548218>
00:58:14.144 [VehicleLeave] Player Chim [uid=34grYJQ9r2wo1L8neGIz09ZgpCiXK_Fe8Cp4Z0ErlKE=] left vehicle STR_Camaro_Hagr_name (id=4EF2CC56E54C2FCC27CDD58ED276FF36 pos=<3936.983643, 26.561012, 1782.676270>)
00:58:24.280 [VehicleLeave] Player ChimnJenny [uid=r2lUmFLKL-sI1uKdFopNx0EDhXQoZf7KY0E9WNMzn7w=] left vehicle STR_Camaro_Hagr_name (id=4EF2CC56E54C2FCC27CDD58ED276FF36 pos=<3936.981445, 26.560997, 1782.676147>)
01:00:24.275 [VehicleEnter] Player Chim [uid=34grYJQ9r2wo1L8neGIz09ZgpCiXK_Fe8Cp4Z0ErlKE=] entered vehicle STR_Camaro_Hagr_name (id=4EF2CC56E54C2FCC27CDD58ED276FF36 pos=<3936.980957, 26.560972, 1782.676392>) as driver
01:00:27.630 [VehicleEngine] Player Chim [uid=34grYJQ9r2wo1L8neGIz09ZgpCiXK_Fe8Cp4Z0ErlKE=] started vehicle STR_Camaro_Hagr_name (id=4EF2CC56E54C2FCC27CDD58ED276FF36 pos=<3936.980713, 26.560974, 1782.676392>)
01:00:34.101 [VehicleEnter] Player ChimnJenny [uid=r2lUmFLKL-sI1uKdFopNx0EDhXQoZf7KY0E9WNMzn7w=] entered vehicle STR_Camaro_Hagr_name (id=4EF2CC56E54C2FCC27CDD58ED276FF36 pos=<3936.981934, 26.560976, 1782.676392>) as passenger
01:00:44.624 [Chat - Global]("CrazyBob1027"(id=sotoW1_Nk-TTJiiIPsCtS3o5Fa1yZMPYUSJANQxS2rE=)): we need tires lol
01:00:55.915 [Chat - Global]("CrazyBob1027"(id=sotoW1_Nk-TTJiiIPsCtS3o5Fa1yZMPYUSJANQxS2rE=)): the AI destroyed our cruiser
01:01:04.615 [VehicleLeave] Player ChimnJenny [uid=r2lUmFLKL-sI1uKdFopNx0EDhXQoZf7KY0E9WNMzn7w=] left vehicle STR_Camaro_Hagr_name (id=4EF2CC56E54C2FCC27CDD58ED276FF36 pos=<3976.325195, 25.345463, 1892.639526>)
01:01:24.637 [VehicleLeave] Player Chim [uid=34grYJQ9r2wo1L8neGIz09ZgpCiXK_Fe8Cp4Z0ErlKE=] left vehicle STR_Camaro_Hagr_name (id=4EF2CC56E54C2FCC27CDD58ED276FF36 pos=<3969.695068, 25.775991, 1892.491699>)
01:01:31.367 [VehicleAttachments] Player Chim (uid=34grYJQ9r2wo1L8neGIz09ZgpCiXK_Fe8Cp4Z0ErlKE=) detached  (type=LandCruiser_Wheel_destroyed) from vehicle LandCruiser Skul(id=B8A7AFF81947AE3266C70DA21B82F04E pos=<3984.912598, 24.710642, 1891.513184>)
01:02:19.906 [VehicleAttachments] Player Chim (uid=34grYJQ9r2wo1L8neGIz09ZgpCiXK_Fe8Cp4Z0ErlKE=) detached LandCruiser Wheel (type=LandCruiser_Wheel) from vehicle LandCruiser Skul(id=B8A7AFF81947AE3266C70DA21B82F04E pos=<3985.163818, 24.721178, 1891.452881>)
01:02:25.816 [VehicleAttachments] Player CrazyBob1027 (uid=sotoW1_Nk-TTJiiIPsCtS3o5Fa1yZMPYUSJANQxS2rE=) detached  (type=LandCruiser_Wheel_destroyed) from vehicle LandCruiser Skul(id=B8A7AFF81947AE3266C70DA21B82F04E pos=<3985.017822, 24.751497, 1891.502563>)
01:03:05.010 [VehicleEnter] Player Chim [uid=34grYJQ9r2wo1L8neGIz09ZgpCiXK_Fe8Cp4Z0ErlKE=] entered vehicle STR_Camaro_Hagr_name (id=4EF2CC56E54C2FCC27CDD58ED276FF36 pos=<3969.707031, 25.775284, 1892.496216>) as driver
01:03:11.544 [Chat - Global]("CrazyBob1027"(id=sotoW1_Nk-TTJiiIPsCtS3o5Fa1yZMPYUSJANQxS2rE=)): is there heli crasher with AI?
01:03:27.064 [Chat - Global]("CrazyBob1027"(id=sotoW1_Nk-TTJiiIPsCtS3o5Fa1yZMPYUSJANQxS2rE=)): Crashes
01:03:32.884 [VehicleEnter] Player CrazyBob1027 [uid=sotoW1_Nk-TTJiiIPsCtS3o5Fa1yZMPYUSJANQxS2rE=] entered vehicle LandCruiser Skul (id=B8A7AFF81947AE3266C70DA21B82F04E pos=<3985.023926, 24.751280, 1891.496582>) as driver
01:03:37.155 [VehicleEngine] Player CrazyBob1027 [uid=sotoW1_Nk-TTJiiIPsCtS3o5Fa1yZMPYUSJANQxS2rE=] started vehicle LandCruiser Skul (id=B8A7AFF81947AE3266C70DA21B82F04E pos=<3985.037109, 24.750626, 1891.482544>)
01:03:50.273 [VehicleEnter] Player ChimnJenny [uid=r2lUmFLKL-sI1uKdFopNx0EDhXQoZf7KY0E9WNMzn7w=] entered vehicle STR_Camaro_Hagr_name (id=4EF2CC56E54C2FCC27CDD58ED276FF36 pos=<3969.707031, 25.775311, 1892.497314>) as passenger
01:04:15.499 [Chat - Global]("Chim"(id=34grYJQ9r2wo1L8neGIz09ZgpCiXK_Fe8Cp4Z0ErlKE=)): yup
01:04:24.710 [Chat - Global]("CrazyBob1027"(id=sotoW1_Nk-TTJiiIPsCtS3o5Fa1yZMPYUSJANQxS2rE=)): ok lol we really found them they killed 3 of our tires
01:04:31.930 [VehicleLeave] Player CrazyBob1027 [uid=sotoW1_Nk-TTJiiIPsCtS3o5Fa1yZMPYUSJANQxS2rE=] left vehicle LandCruiser Skul (id=B8A7AFF81947AE3266C70DA21B82F04E pos=<3986.070068, 24.707113, 1891.089966>)
01:05:05.608 [VehicleEnter] Player CrazyBob1027 [uid=sotoW1_Nk-TTJiiIPsCtS3o5Fa1yZMPYUSJANQxS2rE=] entered vehicle LandCruiser Skul (id=B8A7AFF81947AE3266C70DA21B82F04E pos=<3986.074219, 24.706917, 1891.085571>) as driver
01:05:09.793 [VehicleEnter] Player ChaoticBeauty07 [uid=aZuey8BZu5enttVf1frXEoSPxF2bH_OE61qSIaeu7J0=] entered vehicle LandCruiser Skul (id=B8A7AFF81947AE3266C70DA21B82F04E pos=<3986.082764, 24.706535, 1891.077271>) as passenger
01:05:22.504 [Chat - Global]("CrazyBob1027"(id=sotoW1_Nk-TTJiiIPsCtS3o5Fa1yZMPYUSJANQxS2rE=)): we ae in car
01:05:24.529 [AI Patrol] Spawning 3 Shamans bots at <2545.750244, 114.599998, 2574.620605>
01:05:28.029 [Chat - Global]("CrazyBob1027"(id=sotoW1_Nk-TTJiiIPsCtS3o5Fa1yZMPYUSJANQxS2rE=)): are*
01:05:46.383 [VehicleEngine] Player CrazyBob1027 [uid=sotoW1_Nk-TTJiiIPsCtS3o5Fa1yZMPYUSJANQxS2rE=] started vehicle LandCruiser Skul (id=B8A7AFF81947AE3266C70DA21B82F04E pos=<3986.155029, 24.703285, 1891.006104>)
01:06:15.653 [Chat - Global]("CrazyBob1027"(id=sotoW1_Nk-TTJiiIPsCtS3o5Fa1yZMPYUSJANQxS2rE=)): no tires yet
01:06:20.736 [Chat - Global]("CrazyBob1027"(id=sotoW1_Nk-TTJiiIPsCtS3o5Fa1yZMPYUSJANQxS2rE=)): lol
01:06:36.448 [VehicleLeave] Player CrazyBob1027 [uid=sotoW1_Nk-TTJiiIPsCtS3o5Fa1yZMPYUSJANQxS2rE=] left vehicle LandCruiser Skul (id=B8A7AFF81947AE3266C70DA21B82F04E pos=<3986.254883, 24.698990, 1890.907593>)
01:06:43.932 [VehicleLeave] Player Chim [uid=34grYJQ9r2wo1L8neGIz09ZgpCiXK_Fe8Cp4Z0ErlKE=] left vehicle STR_Camaro_Hagr_name (id=4EF2CC56E54C2FCC27CDD58ED276FF36 pos=<3997.859375, 24.477568, 1890.802246>)
01:07:13.741 [Chat - Global]("Chim"(id=34grYJQ9r2wo1L8neGIz09ZgpCiXK_Fe8Cp4Z0ErlKE=)): we took off the ruined tires
01:07:17.236 [VehicleLeave] Player ChaoticBeauty07 [uid=aZuey8BZu5enttVf1frXEoSPxF2bH_OE61qSIaeu7J0=] left vehicle LandCruiser Skul (id=B8A7AFF81947AE3266C70DA21B82F04E pos=<3986.255371, 24.699005, 1890.907104>)
01:07:25.588 [Chat - Global]("Chim"(id=34grYJQ9r2wo1L8neGIz09ZgpCiXK_Fe8Cp4Z0ErlKE=)): the repair was unsuccesful
01:07:34.988 [Chat - Global]("CrazyBob1027"(id=sotoW1_Nk-TTJiiIPsCtS3o5Fa1yZMPYUSJANQxS2rE=)): we need some land crusier tires lol
01:07:48.507 [Chat - Global]("(ADMIN)BLUE"(id=OAdpPkJP2Ps_W7h2ttR1bK23ekHCzrxw0mDT3zqLMdU=)): looking now
01:08:07.304 [VehicleEnter] Player Chim [uid=34grYJQ9r2wo1L8neGIz09ZgpCiXK_Fe8Cp4Z0ErlKE=] entered vehicle STR_Camaro_Hagr_name (id=4EF2CC56E54C2FCC27CDD58ED276FF36 pos=<3997.858154, 24.477173, 1890.802490>) as driver
01:08:15.499 [VehicleEngine] Player Chim [uid=34grYJQ9r2wo1L8neGIz09ZgpCiXK_Fe8Cp4Z0ErlKE=] started vehicle STR_Camaro_Hagr_name (id=4EF2CC56E54C2FCC27CDD58ED276FF36 pos=<3997.858154, 24.477169, 1890.802368>)
01:08:22.508 [Chat - Global]("CrazyBob1027"(id=sotoW1_Nk-TTJiiIPsCtS3o5Fa1yZMPYUSJANQxS2rE=)): OMG thanks 
01:08:48.642 [Chat - Global]("Chim"(id=34grYJQ9r2wo1L8neGIz09ZgpCiXK_Fe8Cp4Z0ErlKE=)): could i get a footprint gas pedal on this camaro?
01:09:00.096 [VehicleEnter] Player ChaoticBeauty07 [uid=aZuey8BZu5enttVf1frXEoSPxF2bH_OE61qSIaeu7J0=] entered vehicle LandCruiser Skul (id=B8A7AFF81947AE3266C70DA21B82F04E pos=<3986.057373, 24.843309, 1890.743652>) as passenger
01:09:29.530 [VehicleEnter] Player CrazyBob1027 [uid=sotoW1_Nk-TTJiiIPsCtS3o5Fa1yZMPYUSJANQxS2rE=] entered vehicle LandCruiser Skul (id=B8A7AFF81947AE3266C70DA21B82F04E pos=<3986.043701, 24.843748, 1890.733765>) as driver
01:09:37.086 [VehicleEngine] Player CrazyBob1027 [uid=sotoW1_Nk-TTJiiIPsCtS3o5Fa1yZMPYUSJANQxS2rE=] started vehicle LandCruiser Skul (id=B8A7AFF81947AE3266C70DA21B82F04E pos=<3986.044189, 24.843739, 1890.734009>)
01:10:36.875 [AI Patrol] Spawning 3 Shamans bots at <5431.062012, 38.539734, 1093.113281>
01:13:43.753 [VehicleEngine] Player Chim [uid=34grYJQ9r2wo1L8neGIz09ZgpCiXK_Fe8Cp4Z0ErlKE=] stopped vehicle STR_Camaro_Hagr_name (id=4EF2CC56E54C2FCC27CDD58ED276FF36 pos=<4904.343750, 6.574224, 2274.614746>)
01:13:49.493 [VehicleLeave] Player Chim [uid=34grYJQ9r2wo1L8neGIz09ZgpCiXK_Fe8Cp4Z0ErlKE=] left vehicle STR_Camaro_Hagr_name (id=4EF2CC56E54C2FCC27CDD58ED276FF36 pos=<4904.344727, 6.577252, 2274.643311>)
01:13:52.464 [VehicleLeave] Player CrazyBob1027 [uid=sotoW1_Nk-TTJiiIPsCtS3o5Fa1yZMPYUSJANQxS2rE=] left vehicle LandCruiser Skul (id=B8A7AFF81947AE3266C70DA21B82F04E pos=<4911.488281, 6.322375, 2265.920166>)
01:13:54.537 [VehicleLeave] Player ChimnJenny [uid=r2lUmFLKL-sI1uKdFopNx0EDhXQoZf7KY0E9WNMzn7w=] left vehicle STR_Camaro_Hagr_name (id=4EF2CC56E54C2FCC27CDD58ED276FF36 pos=<4904.343262, 6.577641, 2274.644775>)
01:14:13.745 [VehicleLeave] Player ChaoticBeauty07 [uid=aZuey8BZu5enttVf1frXEoSPxF2bH_OE61qSIaeu7J0=] left vehicle LandCruiser Skul (id=B8A7AFF81947AE3266C70DA21B82F04E pos=<4911.488281, 6.322375, 2265.920410>)
01:14:29.625 [VehicleCarKey] Player "Chim" (id=34grYJQ9r2wo1L8neGIz09ZgpCiXK_Fe8Cp4Z0ErlKE= pos=<4903.476563, 6.457808, 2272.341553>) used the  ExpansionCarKey to lock Chevrolet_Camaro_Hagr (id=4EF2CC56E54C2FCC27CDD58ED276FF36 pos=<4904.343262, 6.577641, 2274.644775>)
01:28:17.228 [AI Patrol] Spawning 3 Shamans bots at <3456.927246, 132.295029, 1661.988770>
01:31:34.133 [Party] Player "Chim" (id=34grYJQ9r2wo1L8neGIz09ZgpCiXK_Fe8Cp4Z0ErlKE=) left the party "Psychonuats" (id=6 ownerUID=sotoW1_Nk-TTJiiIPsCtS3o5Fa1yZMPYUSJANQxS2rE= ownerName=CrazyBob1027)
01:32:19.227 [VehicleEnter] Player CrazyBob1027 [uid=sotoW1_Nk-TTJiiIPsCtS3o5Fa1yZMPYUSJANQxS2rE=] entered vehicle LandCruiser Skul (id=B8A7AFF81947AE3266C70DA21B82F04E pos=<4911.489258, 6.322380, 2265.919189>) as driver
01:32:24.757 [VehicleEnter] Player ChaoticBeauty07 [uid=aZuey8BZu5enttVf1frXEoSPxF2bH_OE61qSIaeu7J0=] entered vehicle LandCruiser Skul (id=B8A7AFF81947AE3266C70DA21B82F04E pos=<4911.488281, 6.322376, 2265.920898>) as passenger
01:32:31.097 [VehicleEnter] Player ChimnJenny [uid=r2lUmFLKL-sI1uKdFopNx0EDhXQoZf7KY0E9WNMzn7w=] entered vehicle LandCruiser Skul (id=B8A7AFF81947AE3266C70DA21B82F04E pos=<4911.490234, 6.322382, 2265.917969>) as passenger
01:33:17.114 [VehicleLeave] Player CrazyBob1027 [uid=sotoW1_Nk-TTJiiIPsCtS3o5Fa1yZMPYUSJANQxS2rE=] left vehicle LandCruiser Skul (id=B8A7AFF81947AE3266C70DA21B82F04E pos=<4911.489258, 6.322380, 2265.919922>)
01:33:48.337 [Chat - Global]("CrazyBob1027"(id=sotoW1_Nk-TTJiiIPsCtS3o5Fa1yZMPYUSJANQxS2rE=)): sounds good we will be here 
01:33:52.123 [VehicleEnter] Player CrazyBob1027 [uid=sotoW1_Nk-TTJiiIPsCtS3o5Fa1yZMPYUSJANQxS2rE=] entered vehicle LandCruiser Skul (id=B8A7AFF81947AE3266C70DA21B82F04E pos=<4911.488281, 6.322377, 2265.912354>) as driver
01:33:54.953 [VehicleEngine] Player CrazyBob1027 [uid=sotoW1_Nk-TTJiiIPsCtS3o5Fa1yZMPYUSJANQxS2rE=] started vehicle LandCruiser Skul (id=B8A7AFF81947AE3266C70DA21B82F04E pos=<4911.489258, 6.322380, 2265.910889>)
01:34:58.233 [AI Patrol] Spawning 3 Shamans bots at <5937.782715, 5.834843, 2810.814209>
01:35:22.545 [VehicleLeave] Player CrazyBob1027 [uid=sotoW1_Nk-TTJiiIPsCtS3o5Fa1yZMPYUSJANQxS2rE=] left vehicle LandCruiser Skul (id=B8A7AFF81947AE3266C70DA21B82F04E pos=<5286.086426, 7.278028, 2111.863037>)
01:35:23.737 [VehicleLeave] Player ChimnJenny [uid=r2lUmFLKL-sI1uKdFopNx0EDhXQoZf7KY0E9WNMzn7w=] left vehicle LandCruiser Skul (id=B8A7AFF81947AE3266C70DA21B82F04E pos=<5286.086914, 7.278028, 2111.863281>)
01:35:51.568 [VehicleEnter] Player CrazyBob1027 [uid=sotoW1_Nk-TTJiiIPsCtS3o5Fa1yZMPYUSJANQxS2rE=] entered vehicle LandCruiser Skul (id=B8A7AFF81947AE3266C70DA21B82F04E pos=<5286.084473, 7.278049, 2111.862061>) as driver
01:35:57.603 [VehicleEnter] Player ChimnJenny [uid=r2lUmFLKL-sI1uKdFopNx0EDhXQoZf7KY0E9WNMzn7w=] entered vehicle LandCruiser Skul (id=B8A7AFF81947AE3266C70DA21B82F04E pos=<5286.085449, 7.278049, 2111.862549>) as passenger
01:35:59.516 [VehicleEngine] Player CrazyBob1027 [uid=sotoW1_Nk-TTJiiIPsCtS3o5Fa1yZMPYUSJANQxS2rE=] started vehicle LandCruiser Skul (id=B8A7AFF81947AE3266C70DA21B82F04E pos=<5286.084473, 7.278049, 2111.862061>)
01:37:21.449 [VehicleLeave] Player ChimnJenny [uid=r2lUmFLKL-sI1uKdFopNx0EDhXQoZf7KY0E9WNMzn7w=] left vehicle LandCruiser Skul (id=B8A7AFF81947AE3266C70DA21B82F04E pos=<4996.859375, 3.721154, 2049.944580>)
01:38:14.245 [VehicleLeave] Player ChaoticBeauty07 [uid=aZuey8BZu5enttVf1frXEoSPxF2bH_OE61qSIaeu7J0=] left vehicle LandCruiser Skul (id=B8A7AFF81947AE3266C70DA21B82F04E pos=<5245.702148, 7.986387, 2125.276611>)
01:38:25.204 [VehicleEnter] Player ChaoticBeauty07 [uid=aZuey8BZu5enttVf1frXEoSPxF2bH_OE61qSIaeu7J0=] entered vehicle LandCruiser Skul (id=B8A7AFF81947AE3266C70DA21B82F04E pos=<5247.398438, 7.973761, 2125.509766>) as passenger
01:39:05.378 [Party] Player "ChimnJenny" (id=r2lUmFLKL-sI1uKdFopNx0EDhXQoZf7KY0E9WNMzn7w=) left the party "Psychonuats" (id=6 ownerUID=sotoW1_Nk-TTJiiIPsCtS3o5Fa1yZMPYUSJANQxS2rE= ownerName=CrazyBob1027)
01:40:45.844 [VehicleLeave] Player ChaoticBeauty07 [uid=aZuey8BZu5enttVf1frXEoSPxF2bH_OE61qSIaeu7J0=] left vehicle LandCruiser Skul (id=B8A7AFF81947AE3266C70DA21B82F04E pos=<6409.266602, 26.142376, 2268.306641>)
01:40:46.828 [VehicleLeave] Player CrazyBob1027 [uid=sotoW1_Nk-TTJiiIPsCtS3o5Fa1yZMPYUSJANQxS2rE=] left vehicle LandCruiser Skul (id=B8A7AFF81947AE3266C70DA21B82F04E pos=<6409.266113, 26.142376, 2268.305908>)
01:41:37.666 [VehicleEnter] Player CrazyBob1027 [uid=sotoW1_Nk-TTJiiIPsCtS3o5Fa1yZMPYUSJANQxS2rE=] entered vehicle LandCruiser Skul (id=B8A7AFF81947AE3266C70DA21B82F04E pos=<6409.266113, 26.142374, 2268.305908>) as driver
01:41:45.625 [VehicleEngine] Player CrazyBob1027 [uid=sotoW1_Nk-TTJiiIPsCtS3o5Fa1yZMPYUSJANQxS2rE=] started vehicle LandCruiser Skul (id=B8A7AFF81947AE3266C70DA21B82F04E pos=<6409.264160, 26.142382, 2268.304443>)
01:42:03.706 [VehicleEnter] Player ChaoticBeauty07 [uid=aZuey8BZu5enttVf1frXEoSPxF2bH_OE61qSIaeu7J0=] entered vehicle LandCruiser Skul (id=B8A7AFF81947AE3266C70DA21B82F04E pos=<6396.676758, 29.033106, 2215.091797>) as passenger
01:42:43.330 [VehicleLeave] Player ChaoticBeauty07 [uid=aZuey8BZu5enttVf1frXEoSPxF2bH_OE61qSIaeu7J0=] left vehicle LandCruiser Skul (id=B8A7AFF81947AE3266C70DA21B82F04E pos=<6461.880859, 26.142380, 1993.199707>)
01:42:46.582 [VehicleLeave] Player CrazyBob1027 [uid=sotoW1_Nk-TTJiiIPsCtS3o5Fa1yZMPYUSJANQxS2rE=] left vehicle LandCruiser Skul (id=B8A7AFF81947AE3266C70DA21B82F04E pos=<6461.880371, 26.142380, 1993.199707>)
01:45:51.691 [VehicleEnter] Player CrazyBob1027 [uid=sotoW1_Nk-TTJiiIPsCtS3o5Fa1yZMPYUSJANQxS2rE=] entered vehicle LandCruiser Skul (id=B8A7AFF81947AE3266C70DA21B82F04E pos=<6461.879395, 26.142374, 1993.199707>) as driver
01:45:54.835 [VehicleEngine] Player CrazyBob1027 [uid=sotoW1_Nk-TTJiiIPsCtS3o5Fa1yZMPYUSJANQxS2rE=] started vehicle LandCruiser Skul (id=B8A7AFF81947AE3266C70DA21B82F04E pos=<6461.879395, 26.142376, 1993.199951>)
01:46:51.572 [VehicleLeave] Player CrazyBob1027 [uid=sotoW1_Nk-TTJiiIPsCtS3o5Fa1yZMPYUSJANQxS2rE=] left vehicle LandCruiser Skul (id=B8A7AFF81947AE3266C70DA21B82F04E pos=<6705.228516, 26.142380, 2093.339111>)
01:49:16.116 [VehicleEnter] Player CrazyBob1027 [uid=sotoW1_Nk-TTJiiIPsCtS3o5Fa1yZMPYUSJANQxS2rE=] entered vehicle LandCruiser Skul (id=B8A7AFF81947AE3266C70DA21B82F04E pos=<6705.229492, 26.142382, 2093.336182>) as driver
01:49:23.533 [VehicleEnter] Player ChaoticBeauty07 [uid=aZuey8BZu5enttVf1frXEoSPxF2bH_OE61qSIaeu7J0=] entered vehicle LandCruiser Skul (id=B8A7AFF81947AE3266C70DA21B82F04E pos=<6705.228027, 26.142376, 2093.338379>) as passenger
01:49:27.148 [VehicleEngine] Player CrazyBob1027 [uid=sotoW1_Nk-TTJiiIPsCtS3o5Fa1yZMPYUSJANQxS2rE=] started vehicle LandCruiser Skul (id=B8A7AFF81947AE3266C70DA21B82F04E pos=<6705.229004, 26.142380, 2093.337158>)
01:51:07.214 [VehicleLeave] Player ChaoticBeauty07 [uid=aZuey8BZu5enttVf1frXEoSPxF2bH_OE61qSIaeu7J0=] left vehicle LandCruiser Skul (id=B8A7AFF81947AE3266C70DA21B82F04E pos=<7532.932129, 26.142382, 2124.395264>)
01:51:34.258 [VehicleLeave] Player CrazyBob1027 [uid=sotoW1_Nk-TTJiiIPsCtS3o5Fa1yZMPYUSJANQxS2rE=] left vehicle LandCruiser Skul (id=B8A7AFF81947AE3266C70DA21B82F04E pos=<7562.492676, 26.223133, 2166.128174>)
01:52:57.746 [VehicleEnter] Player CrazyBob1027 [uid=sotoW1_Nk-TTJiiIPsCtS3o5Fa1yZMPYUSJANQxS2rE=] entered vehicle LandCruiser Skul (id=B8A7AFF81947AE3266C70DA21B82F04E pos=<7562.489746, 26.223125, 2166.130859>) as driver
01:53:10.018 [VehicleLeave] Player CrazyBob1027 [uid=sotoW1_Nk-TTJiiIPsCtS3o5Fa1yZMPYUSJANQxS2rE=] left vehicle LandCruiser Skul (id=B8A7AFF81947AE3266C70DA21B82F04E pos=<7562.492188, 26.223135, 2166.128174>)
01:53:28.656 [Party] Player "CrazyBob1027" (id=sotoW1_Nk-TTJiiIPsCtS3o5Fa1yZMPYUSJANQxS2rE=) left the party "Psychonuats" (id=6 ownerUID=sotoW1_Nk-TTJiiIPsCtS3o5Fa1yZMPYUSJANQxS2rE= ownerName=CrazyBob1027)
01:54:05.053 [Party] Player "CrazyBob1027" (id=sotoW1_Nk-TTJiiIPsCtS3o5Fa1yZMPYUSJANQxS2rE=) joinded the party "Psychonuats" (id=6 ownerUID=sotoW1_Nk-TTJiiIPsCtS3o5Fa1yZMPYUSJANQxS2rE= ownerName=CrazyBob1027)
01:55:03.939 [VehicleEnter] Player CrazyBob1027 [uid=sotoW1_Nk-TTJiiIPsCtS3o5Fa1yZMPYUSJANQxS2rE=] entered vehicle LandCruiser Skul (id=B8A7AFF81947AE3266C70DA21B82F04E pos=<7562.489258, 26.223129, 2166.130859>) as driver
01:55:08.541 [VehicleEnter] Player ChaoticBeauty07 [uid=aZuey8BZu5enttVf1frXEoSPxF2bH_OE61qSIaeu7J0=] entered vehicle LandCruiser Skul (id=B8A7AFF81947AE3266C70DA21B82F04E pos=<7562.489258, 26.223127, 2166.131104>) as passenger
01:55:09.386 [VehicleEngine] Player CrazyBob1027 [uid=sotoW1_Nk-TTJiiIPsCtS3o5Fa1yZMPYUSJANQxS2rE=] started vehicle LandCruiser Skul (id=B8A7AFF81947AE3266C70DA21B82F04E pos=<7562.489258, 26.223129, 2166.130859>)
01:56:24.507 [VehicleLeave] Player ChaoticBeauty07 [uid=aZuey8BZu5enttVf1frXEoSPxF2bH_OE61qSIaeu7J0=] left vehicle LandCruiser Skul (id=B8A7AFF81947AE3266C70DA21B82F04E pos=<7598.080566, 26.142376, 1624.695435>)
01:56:26.880 [VehicleLeave] Player CrazyBob1027 [uid=sotoW1_Nk-TTJiiIPsCtS3o5Fa1yZMPYUSJANQxS2rE=] left vehicle LandCruiser Skul (id=B8A7AFF81947AE3266C70DA21B82F04E pos=<7598.077637, 26.142380, 1624.695801>)
02:03:15.626 [VehicleEnter] Player CrazyBob1027 [uid=sotoW1_Nk-TTJiiIPsCtS3o5Fa1yZMPYUSJANQxS2rE=] entered vehicle LandCruiser Skul (id=B8A7AFF81947AE3266C70DA21B82F04E pos=<7598.075684, 26.142380, 1624.696045>) as driver
02:03:17.057 [VehicleEngine] Player CrazyBob1027 [uid=sotoW1_Nk-TTJiiIPsCtS3o5Fa1yZMPYUSJANQxS2rE=] started vehicle LandCruiser Skul (id=B8A7AFF81947AE3266C70DA21B82F04E pos=<7598.078125, 26.142376, 1624.695679>)
02:03:48.036 [VehicleLeave] Player CrazyBob1027 [uid=sotoW1_Nk-TTJiiIPsCtS3o5Fa1yZMPYUSJANQxS2rE=] left vehicle LandCruiser Skul (id=B8A7AFF81947AE3266C70DA21B82F04E pos=<7487.063965, 26.142382, 1569.883423>)
02:09:18.903 [Party] Player "ChaoticBeauty07" (id=aZuey8BZu5enttVf1frXEoSPxF2bH_OE61qSIaeu7J0=) left the party "Psychonuats" (id=6 ownerUID=sotoW1_Nk-TTJiiIPsCtS3o5Fa1yZMPYUSJANQxS2rE= ownerName=CrazyBob1027)
02:10:41.107 [VehicleCarKey] Player "CrazyBob1027" (id=sotoW1_Nk-TTJiiIPsCtS3o5Fa1yZMPYUSJANQxS2rE= pos=<7486.074707, 26.142498, 1568.587036>) used the  ExpansionCarKey to lock LandCruiser_skul (id=B8A7AFF81947AE3266C70DA21B82F04E pos=<7487.061523, 26.142374, 1569.880737>)
02:11:08.127 [Party] Player "CrazyBob1027" (id=sotoW1_Nk-TTJiiIPsCtS3o5Fa1yZMPYUSJANQxS2rE=) left the party "Psychonuats" (id=6 ownerUID=sotoW1_Nk-TTJiiIPsCtS3o5Fa1yZMPYUSJANQxS2rE= ownerName=CrazyBob1027)
05:55:08.308 [Party] Player "Slightly Crazed" (id=RjqUafmWjW9Q1BHza4n7WoZ_8uUWujoz2w-ciuQaZcs=) joinded the party "Gits" (id=4 ownerUID=RjqUafmWjW9Q1BHza4n7WoZ_8uUWujoz2w-ciuQaZcs= ownerName=Slightly Crazed)
05:57:44.462 [AI Patrol] Spawning 3 Shamans bots at <3436.900879, 30.700001, 5297.140625>
05:59:14.357 [Party] Player "Slightly Crazed" (id=RjqUafmWjW9Q1BHza4n7WoZ_8uUWujoz2w-ciuQaZcs=) left the party "Gits" (id=4 ownerUID=RjqUafmWjW9Q1BHza4n7WoZ_8uUWujoz2w-ciuQaZcs= ownerName=Slightly Crazed)
