00:01:32.814 [Party] Player "Captain Chaos" (id=KWl3ojgjStHOe3-iLRChpUG8crsNiNfei3BT6NCIfaw=) joinded the party "Sodomizers" (id=0 ownerUID=KWl3ojgjStHOe3-iLRChpUG8crsNiNfei3BT6NCIfaw= ownerName=Captain Chaos)
00:01:49.282 [AdminTools] Player "Captain Chaos" (id=KWl3ojgjStHOe3-iLRChpUG8crsNiNfei3BT6NCIfaw= pos=<6448.825684, 18.954990, 6974.909668>) used the Admin Hammer to build wood_base
00:01:53.830 [AdminTools] Player "Captain Chaos" (id=KWl3ojgjStHOe3-iLRChpUG8crsNiNfei3BT6NCIfaw= pos=<6448.825684, 18.954990, 6974.909668>) used the Admin Hammer to build wood_windowframe
00:02:36.083 [AdminTools] Player "Captain Chaos" (id=KWl3ojgjStHOe3-iLRChpUG8crsNiNfei3BT6NCIfaw= pos=<6448.825684, 18.954990, 6974.909668>) used the Admin Hammer to build wood_doorframe
00:02:40.046 [AdminTools] Player "Captain Chaos" (id=KWl3ojgjStHOe3-iLRChpUG8crsNiNfei3BT6NCIfaw= pos=<6448.825684, 18.954990, 6974.909668>) used the Admin Hammer to build wood_doorfinished
00:07:16.870 [Party] Player "(ADMIN)BLUE" (id=OAdpPkJP2Ps_W7h2ttR1bK23ekHCzrxw0mDT3zqLMdU=) joinded the party "Sodomizers" (id=0 ownerUID=KWl3ojgjStHOe3-iLRChpUG8crsNiNfei3BT6NCIfaw= ownerName=Captain Chaos)
00:09:59.673 [AI Patrol] Spawning 3 Shamans bots at <2286.287598, 64.470993, 7030.636230>
00:10:12.266 [AdminTools] Player "Captain Chaos" (id=KWl3ojgjStHOe3-iLRChpUG8crsNiNfei3BT6NCIfaw= pos=<6446.057129, 16.744270, 6966.926270>) used the Admin Hammer to build wood_base
00:10:21.648 [AdminTools] Player "Captain Chaos" (id=KWl3ojgjStHOe3-iLRChpUG8crsNiNfei3BT6NCIfaw= pos=<6445.902832, 16.741425, 6962.229004>) used the Admin Hammer to build wood_wallframe
00:10:25.418 [AdminTools] Player "Captain Chaos" (id=KWl3ojgjStHOe3-iLRChpUG8crsNiNfei3BT6NCIfaw= pos=<6445.902832, 16.741425, 6962.229004>) used the Admin Hammer to build wood_wallfinished
00:12:55.776 [VehicleAttachments] Player Captain Chaos (uid=KWl3ojgjStHOe3-iLRChpUG8crsNiNfei3BT6NCIfaw=) detached ToyotaHilux Wheel (type=ToyotaHilux_Wheel) from vehicle ToyotaHilux rust(id=9FF5118C7F4C206758FD899B98F23523 pos=<6465.173828, 15.672389, 6975.432129>)
00:13:56.697 [AdminTools] Player "Captain Chaos" (id=KWl3ojgjStHOe3-iLRChpUG8crsNiNfei3BT6NCIfaw= pos=<6448.064453, 17.209404, 6964.063965>) used the Admin Hammer to build wood_base
00:14:01.015 [AdminTools] Player "Captain Chaos" (id=KWl3ojgjStHOe3-iLRChpUG8crsNiNfei3BT6NCIfaw= pos=<6448.064453, 17.209404, 6964.063965>) used the Admin Hammer to build wood_wallframe
00:14:05.086 [AdminTools] Player "Captain Chaos" (id=KWl3ojgjStHOe3-iLRChpUG8crsNiNfei3BT6NCIfaw= pos=<6448.064453, 17.209404, 6964.063965>) used the Admin Hammer to build wood_wallfinished
00:20:49.650 [AdminTools] Player "Captain Chaos" (id=KWl3ojgjStHOe3-iLRChpUG8crsNiNfei3BT6NCIfaw= pos=<6450.145996, 15.952314, 6982.116211>) used the Admin Hammer to build wood_base
00:20:53.417 [AdminTools] Player "Captain Chaos" (id=KWl3ojgjStHOe3-iLRChpUG8crsNiNfei3BT6NCIfaw= pos=<6450.145996, 15.952314, 6982.116211>) used the Admin Hammer to build wood_wallframe
00:21:29.744 [AdminTools] Player "Captain Chaos" (id=KWl3ojgjStHOe3-iLRChpUG8crsNiNfei3BT6NCIfaw= pos=<6450.145996, 15.952314, 6982.116211>) used the Admin Hammer to build wood_doorframe
00:21:44.479 [AdminTools] Player "Captain Chaos" (id=KWl3ojgjStHOe3-iLRChpUG8crsNiNfei3BT6NCIfaw= pos=<6450.434570, 15.952309, 6982.512695>) used the Admin Hammer to build wood_doorfinished
00:23:42.674 [AI Patrol] Spawning 3 Shamans bots at <2492.567139, 43.939999, 5737.668457>
00:23:42.692 [AI Patrol] Spawning 3 Shamans bots at <2487.554688, 44.251686, 5949.112793>
00:24:54.714 [AdminTools] Player "Captain Chaos" (id=KWl3ojgjStHOe3-iLRChpUG8crsNiNfei3BT6NCIfaw= pos=<6454.018066, 24.441769, 6977.245605>) used the Admin Hammer to build wood_base
00:24:59.387 [AdminTools] Player "Captain Chaos" (id=KWl3ojgjStHOe3-iLRChpUG8crsNiNfei3BT6NCIfaw= pos=<6454.018066, 24.441769, 6977.245605>) used the Admin Hammer to build wood_wallframe
00:25:03.187 [AdminTools] Player "Captain Chaos" (id=KWl3ojgjStHOe3-iLRChpUG8crsNiNfei3BT6NCIfaw= pos=<6454.018066, 24.441769, 6977.245605>) used the Admin Hammer to build wood_wallfinished
00:29:37.312 [AI Patrol] Spawning 3 Shamans bots at <2513.436035, 43.939999, 5704.568848>
00:29:37.329 [AI Patrol] Spawning 3 Shamans bots at <2546.949707, 43.939999, 5731.679688>
00:41:53.213 [Party] Player "(ADMIN)BLUE" (id=OAdpPkJP2Ps_W7h2ttR1bK23ekHCzrxw0mDT3zqLMdU=) left the party "Sodomizers" (id=0 ownerUID=KWl3ojgjStHOe3-iLRChpUG8crsNiNfei3BT6NCIfaw= ownerName=Captain Chaos)
00:43:45.817 [Party] Player "Captain Chaos" (id=KWl3ojgjStHOe3-iLRChpUG8crsNiNfei3BT6NCIfaw=) left the party "Sodomizers" (id=0 ownerUID=KWl3ojgjStHOe3-iLRChpUG8crsNiNfei3BT6NCIfaw= ownerName=Captain Chaos)
00:55:54.983 [Party] Player "(ADMIN)BLUE" (id=OAdpPkJP2Ps_W7h2ttR1bK23ekHCzrxw0mDT3zqLMdU=) joinded the party "Sodomizers" (id=0 ownerUID=KWl3ojgjStHOe3-iLRChpUG8crsNiNfei3BT6NCIfaw= ownerName=Captain Chaos)
00:56:15.117 [AI Patrol] Spawning 3 Shamans bots at <4161.054688, 18.248352, 4801.540039>
00:56:15.135 [AI Patrol] Spawning 3 Shamans bots at <3982.864990, 19.603939, 4638.436035>
00:56:15.153 [AI Patrol] Spawning 3 Shamans bots at <4116.153320, 18.289940, 4748.262695>
00:56:15.171 [AI Patrol] Spawning 3 Shamans bots at <3680.956055, 4.640000, 5994.271484>
00:56:15.186 [AI Patrol] Spawning 3 Shamans bots at <4031.331055, 9.875237, 4865.512207>
00:56:15.204 [AI Patrol] Spawning 3 Shamans bots at <3746.487793, 4.640000, 5967.004883>
00:56:15.221 [AI Patrol] Spawning 3 Shamans bots at <3710.401367, 4.640000, 6044.453613>
00:56:15.234 [AI Patrol] Spawning 3 Shamans bots at <4154.096191, 18.289940, 4778.617676>
00:56:15.253 [AI Patrol] Spawning 3 Shamans bots at <3994.056396, 20.142868, 4658.860840>
00:56:15.271 [AI Patrol] Spawning 3 Shamans bots at <3799.231934, 4.654401, 5986.880371>
00:56:15.289 [AI Patrol] Spawning 3 Shamans bots at <3753.074219, 4.640000, 5968.890625>
00:56:15.308 [AI Patrol] Spawning 3 Shamans bots at <3968.795410, 19.087406, 4639.910156>
00:56:15.326 [AI Patrol] Spawning 3 Shamans bots at <3950.038818, 18.019855, 4637.257324>
00:56:24.403 [AI Patrol] Spawning 3 Shamans bots at <3429.256104, 17.357658, 6303.744629>
00:57:13.024 [AI Patrol] Spawning 3 Shamans bots at <4417.220703, -5.289355, 2994.626465>
00:57:13.035 [AI Patrol] Spawning 3 Shamans bots at <4816.455566, 47.608341, 1413.056885>
01:00:13.507 [AI Patrol] Spawning 3 Shamans bots at <4290.259277, 21.946117, 4735.200195>
01:00:13.517 [AI Patrol] Spawning 3 Shamans bots at <3141.316406, 49.733528, 3224.817627>
01:07:40.788 [AI Patrol] Spawning 3 Shamans bots at <4053.580078, 23.240704, 1935.810791>
01:14:25.128 [Party] Player "(ADMIN)BLUE" (id=OAdpPkJP2Ps_W7h2ttR1bK23ekHCzrxw0mDT3zqLMdU=) left the party "Sodomizers" (id=0 ownerUID=KWl3ojgjStHOe3-iLRChpUG8crsNiNfei3BT6NCIfaw= ownerName=Captain Chaos)
03:07:31.296 [AI Patrol] Spawning 3 Shamans bots at <1690.157837, 18.089642, 5221.454590>
