15:44:13.289 [Party] Player "brailsford40" (id=HQAtXFe6fZZL90M2CD_a22otF9NJ2s4t7n-ol5BAu6o=) joinded the party "DIE HARD" (id=10 ownerUID=JmVdSu0kzNbOpwjpFV-MDcMB-Equ3yPY-l-COMb6HgY= ownerName=Nick Leadbeatter)
15:44:13.308 [Expansion Quests] - InitQuestSystemClient - Loaded existing player quest data for player with UID: HQAtXFe6fZZL90M2CD_a22otF9NJ2s4t7n-ol5BAu6o=
15:44:13.308 [Expansion Quests] - LoadGroupQuestData - Loaded existing group quest data for group with ID: 10
15:44:13.312 [AI Patrol] Spawning 2 Shamans bots at <5989.164063, 26.129999, 1842.852417>
15:44:14.257 [Expansion Quests] - LoadGroupQuestData - Got cached group quest data for group with ID: 10
15:44:55.792 [Party] Player "brailsford40" (id=HQAtXFe6fZZL90M2CD_a22otF9NJ2s4t7n-ol5BAu6o=) left the party "DIE HARD" (id=10 ownerUID=JmVdSu0kzNbOpwjpFV-MDcMB-Equ3yPY-l-COMb6HgY= ownerName=Nick Leadbeatter)
15:49:18.199 [MissionAirdrop] An airdrop is heading towards "South Harbor" (pos=<1854.040039, 0.000000, 584.143005> type=Random_South-Harbor) with a ExpansionAirdropContainer_Military
15:50:59.679 [Party] Player "brailsford40" (id=HQAtXFe6fZZL90M2CD_a22otF9NJ2s4t7n-ol5BAu6o=) joinded the party "DIE HARD" (id=10 ownerUID=JmVdSu0kzNbOpwjpFV-MDcMB-Equ3yPY-l-COMb6HgY= ownerName=Nick Leadbeatter)
15:50:59.683 [Expansion Quests] - InitQuestSystemClient - Loaded existing player quest data for player with UID: HQAtXFe6fZZL90M2CD_a22otF9NJ2s4t7n-ol5BAu6o=
15:50:59.683 [Expansion Quests] - LoadGroupQuestData - Got cached group quest data for group with ID: 10
15:51:00.652 [Expansion Quests] - LoadGroupQuestData - Got cached group quest data for group with ID: 10
16:09:03.015 [AI Patrol] Spawning 2 Shamans bots at <4842.399414, 47.116627, 1425.435913>
16:19:11.558 [Party] Player "brailsford40" (id=HQAtXFe6fZZL90M2CD_a22otF9NJ2s4t7n-ol5BAu6o=) left the party "DIE HARD" (id=10 ownerUID=JmVdSu0kzNbOpwjpFV-MDcMB-Equ3yPY-l-COMb6HgY= ownerName=Nick Leadbeatter)
16:19:58.421 [Party] Player "brailsford40" (id=HQAtXFe6fZZL90M2CD_a22otF9NJ2s4t7n-ol5BAu6o=) joinded the party "DIE HARD" (id=10 ownerUID=JmVdSu0kzNbOpwjpFV-MDcMB-Equ3yPY-l-COMb6HgY= ownerName=Nick Leadbeatter)
16:19:58.425 [Expansion Quests] - InitQuestSystemClient - Loaded existing player quest data for player with UID: HQAtXFe6fZZL90M2CD_a22otF9NJ2s4t7n-ol5BAu6o=
16:19:58.425 [Expansion Quests] - LoadGroupQuestData - Got cached group quest data for group with ID: 10
16:19:59.414 [Expansion Quests] - LoadGroupQuestData - Got cached group quest data for group with ID: 10
16:32:54.953 [Party] Player "brailsford40" (id=HQAtXFe6fZZL90M2CD_a22otF9NJ2s4t7n-ol5BAu6o=) joinded the party "DIE HARD" (id=10 ownerUID=JmVdSu0kzNbOpwjpFV-MDcMB-Equ3yPY-l-COMb6HgY= ownerName=Nick Leadbeatter)
16:32:55.945 [Expansion Quests] - LoadGroupQuestData - Got cached group quest data for group with ID: 10
16:34:54.085 [AI Patrol] Spawning 2 Shamans bots at <2038.738159, 54.799999, 3085.413574>
16:59:50.750 [Party] Player "brailsford40" (id=HQAtXFe6fZZL90M2CD_a22otF9NJ2s4t7n-ol5BAu6o=) joinded the party "DIE HARD" (id=10 ownerUID=JmVdSu0kzNbOpwjpFV-MDcMB-Equ3yPY-l-COMb6HgY= ownerName=Nick Leadbeatter)
16:59:51.742 [Expansion Quests] - LoadGroupQuestData - Got cached group quest data for group with ID: 10
17:15:20.226 [MissionAirdrop] An airdrop is heading towards "Apple Orchard" (pos=<4814.680176, 0.000000, 1308.500000> type=Random_Apple-Orchard) with a ExpansionAirdropContainer_Military
17:59:19.800 [Party] Player "brailsford40" (id=HQAtXFe6fZZL90M2CD_a22otF9NJ2s4t7n-ol5BAu6o=) left the party "DIE HARD" (id=10 ownerUID=JmVdSu0kzNbOpwjpFV-MDcMB-Equ3yPY-l-COMb6HgY= ownerName=Nick Leadbeatter)
