12:04:28.082 [Safezone] Player "[Admin] Bunker" (id=mBNlxASsPlOcry0dpDl8K-WgHNR5WMCMmoJ9NhpU4FY= pos=<4804.012695, 5.896358, 2247.156250>) Entered the safezone
12:04:28.097 [Expansion Quests] - InitQuestSystemClient - Loaded existing player quest data for player with UID: mBNlxASsPlOcry0dpDl8K-WgHNR5WMCMmoJ9NhpU4FY=
12:04:28.101 [AI Patrol] Spawning 2 Shamans bots at <4975.814453, 43.725296, 1375.902832>
12:05:07.730 [VehicleDeleted] Interceptor (id=5F070FE59F4A7377B78EDF8F4C77611B pos=<4843.052734, 6.200662, 2242.827637>)
12:09:34.820 [MissionAirdrop] An airdrop is heading towards "Apple Orchard" (pos=<4814.680176, 0.000000, 1308.500000> type=Random_Apple-Orchard) with a ExpansionAirdropContainer_Military
12:49:50.203 [Safezone] Player "Nick Leadbeatter" (id=JmVdSu0kzNbOpwjpFV-MDcMB-Equ3yPY-l-COMb6HgY= pos=<4834.760254, 6.716146, 2231.929688>) Entered the safezone
12:49:50.203 [Party] Player "Nick Leadbeatter" (id=JmVdSu0kzNbOpwjpFV-MDcMB-Equ3yPY-l-COMb6HgY=) joinded the party "DIE HARD" (id=10 ownerUID=JmVdSu0kzNbOpwjpFV-MDcMB-Equ3yPY-l-COMb6HgY= ownerName=Nick Leadbeatter)
12:49:50.218 [Expansion Quests] - InitQuestSystemClient - Loaded existing player quest data for player with UID: JmVdSu0kzNbOpwjpFV-MDcMB-Equ3yPY-l-COMb6HgY=
12:49:50.218 [Expansion Quests] - LoadGroupQuestData - Loaded existing group quest data for group with ID: 10
12:49:51.160 [Expansion Quests] - LoadGroupQuestData - Got cached group quest data for group with ID: 10
12:51:51.312 [Chat - Global]("Nick Leadbeatter"(id=JmVdSu0kzNbOpwjpFV-MDcMB-Equ3yPY-l-COMb6HgY=)): hi
12:57:13.710 [Party] Player "brailsford40" (id=HQAtXFe6fZZL90M2CD_a22otF9NJ2s4t7n-ol5BAu6o=) joinded the party "DIE HARD" (id=10 ownerUID=JmVdSu0kzNbOpwjpFV-MDcMB-Equ3yPY-l-COMb6HgY= ownerName=Nick Leadbeatter)
12:57:13.718 [Expansion Quests] - InitQuestSystemClient - Loaded existing player quest data for player with UID: HQAtXFe6fZZL90M2CD_a22otF9NJ2s4t7n-ol5BAu6o=
12:57:13.718 [Expansion Quests] - LoadGroupQuestData - Got cached group quest data for group with ID: 10
12:57:14.679 [Expansion Quests] - LoadGroupQuestData - Got cached group quest data for group with ID: 10
12:57:38.546 [VehicleCarKey] Player "brailsford40" (id=HQAtXFe6fZZL90M2CD_a22otF9NJ2s4t7n-ol5BAu6o= pos=<4060.260498, 10.972943, 4159.050293>) used the  ExpansionCarKey to unlock Nissan_warrior (id=71E53717F84715AD2155E5AE355D8FB3 pos=<4062.305908, 11.068821, 4159.508301>)
12:57:46.878 [VehicleEnter] Player brailsford40 [uid=HQAtXFe6fZZL90M2CD_a22otF9NJ2s4t7n-ol5BAu6o=] entered vehicle Nissan warrior (id=71E53717F84715AD2155E5AE355D8FB3 pos=<4062.303711, 11.068822, 4159.507813>) as driver
12:57:59.804 [VehicleEngine] Player brailsford40 [uid=HQAtXFe6fZZL90M2CD_a22otF9NJ2s4t7n-ol5BAu6o=] started vehicle Nissan warrior (Locked) (id=71E53717F84715AD2155E5AE355D8FB3 pos=<4062.305664, 11.068824, 4159.508789>)
12:58:45.675 [VehicleLeave] Player brailsford40 [uid=HQAtXFe6fZZL90M2CD_a22otF9NJ2s4t7n-ol5BAu6o=] left vehicle Nissan warrior (id=71E53717F84715AD2155E5AE355D8FB3 pos=<4070.754639, 10.348044, 4140.236328>)
12:59:03.562 [VehicleEnter] Player brailsford40 [uid=HQAtXFe6fZZL90M2CD_a22otF9NJ2s4t7n-ol5BAu6o=] entered vehicle Nissan warrior (id=71E53717F84715AD2155E5AE355D8FB3 pos=<4070.756592, 10.348136, 4140.237305>) as driver
12:59:06.960 [VehicleEngine] Player brailsford40 [uid=HQAtXFe6fZZL90M2CD_a22otF9NJ2s4t7n-ol5BAu6o=] started vehicle Nissan warrior (id=71E53717F84715AD2155E5AE355D8FB3 pos=<4070.756348, 10.348125, 4140.236816>)
13:04:08.281 [Safezone] Player "brailsford40" (id=HQAtXFe6fZZL90M2CD_a22otF9NJ2s4t7n-ol5BAu6o= pos=<4741.942871, 3.340992, 2483.584473>) Entered the safezone
13:04:37.031 [VehicleEngine] Player brailsford40 [uid=HQAtXFe6fZZL90M2CD_a22otF9NJ2s4t7n-ol5BAu6o=] stopped vehicle Nissan warrior (id=71E53717F84715AD2155E5AE355D8FB3 pos=<4805.400391, 6.405334, 2270.323730>)
13:04:41.054 [VehicleLeave] Player brailsford40 [uid=HQAtXFe6fZZL90M2CD_a22otF9NJ2s4t7n-ol5BAu6o=] left vehicle Nissan warrior (id=71E53717F84715AD2155E5AE355D8FB3 pos=<4805.398438, 6.405343, 2270.322510>)
13:08:03.406 [ATM] Player "brailsford40" (id=HQAtXFe6fZZL90M2CD_a22otF9NJ2s4t7n-ol5BAu6o=) has withdrawn 1000 from the party "DIE HARD" (partyid=10 | ownerid=JmVdSu0kzNbOpwjpFV-MDcMB-Equ3yPY-l-COMb6HgY=) ATM account.
13:08:05.574 [ATM] Player "brailsford40" (id=HQAtXFe6fZZL90M2CD_a22otF9NJ2s4t7n-ol5BAu6o=) has withdrawn 1000 from his ATM account.
13:08:09.367 [ATM] Player "Nick Leadbeatter" (id=JmVdSu0kzNbOpwjpFV-MDcMB-Equ3yPY-l-COMb6HgY=) has withdrawn 1000 from the party "DIE HARD" (partyid=10 | ownerid=JmVdSu0kzNbOpwjpFV-MDcMB-Equ3yPY-l-COMb6HgY=) ATM account.
13:08:11.785 [ATM] Player "Nick Leadbeatter" (id=JmVdSu0kzNbOpwjpFV-MDcMB-Equ3yPY-l-COMb6HgY=) has withdrawn 1000 from his ATM account.
13:08:23.523 [Market] Player "brailsford40" (id=HQAtXFe6fZZL90M2CD_a22otF9NJ2s4t7n-ol5BAu6o=) has send a requested to purchase expansioncarkey x1 from the trader "Vehicle_Parts (Lewis [VEHICLE PARTS])" in market zone "The Holler" (pos=<4864.000000, 0.000000, 2314.000000>).
13:08:23.691 [Market] Player "brailsford40" (id=HQAtXFe6fZZL90M2CD_a22otF9NJ2s4t7n-ol5BAu6o=) has bought expansioncarkey x1 from the trader "Vehicle_Parts (Lewis [VEHICLE PARTS])" in market zone "The Holler" (pos=<4864.000000, 0.000000, 2314.000000>) for a price of 600.
13:09:15.734 [ATM] Player "brailsford40" (id=HQAtXFe6fZZL90M2CD_a22otF9NJ2s4t7n-ol5BAu6o=) has withdrawn 2000 from the party "DIE HARD" (partyid=10 | ownerid=JmVdSu0kzNbOpwjpFV-MDcMB-Equ3yPY-l-COMb6HgY=) ATM account.
13:09:17.492 [ATM] Player "brailsford40" (id=HQAtXFe6fZZL90M2CD_a22otF9NJ2s4t7n-ol5BAu6o=) has withdrawn 2000 from his ATM account.
13:10:04.261 [Market] Player "brailsford40" (id=HQAtXFe6fZZL90M2CD_a22otF9NJ2s4t7n-ol5BAu6o=) has send a requested to purchase expansioncarkey x1 from the trader "Vehicle_Parts (Lewis [VEHICLE PARTS])" in market zone "The Holler" (pos=<4864.000000, 0.000000, 2314.000000>).
13:10:04.417 [Market] Player "brailsford40" (id=HQAtXFe6fZZL90M2CD_a22otF9NJ2s4t7n-ol5BAu6o=) has bought expansioncarkey x1 from the trader "Vehicle_Parts (Lewis [VEHICLE PARTS])" in market zone "The Holler" (pos=<4864.000000, 0.000000, 2314.000000>) for a price of 600.
13:10:12.226 [Market] Player "Nick Leadbeatter" (id=JmVdSu0kzNbOpwjpFV-MDcMB-Equ3yPY-l-COMb6HgY=) has send a requested to purchase mag_mp5_30rnd x1 from the trader "Magazines (Oliver [AMMO & MAGAZINES])" in market zone "The Holler" (pos=<4864.000000, 0.000000, 2314.000000>).
13:10:12.417 [Market] Player "Nick Leadbeatter" (id=JmVdSu0kzNbOpwjpFV-MDcMB-Equ3yPY-l-COMb6HgY=) has bought mag_mp5_30rnd x1 from the trader "Magazines (Oliver [AMMO & MAGAZINES])" in market zone "The Holler" (pos=<4864.000000, 0.000000, 2314.000000>) for a price of 200.
13:10:14.375 [Market] Player "Nick Leadbeatter" (id=JmVdSu0kzNbOpwjpFV-MDcMB-Equ3yPY-l-COMb6HgY=) has send a requested to purchase mag_mp5_30rnd x1 from the trader "Magazines (Oliver [AMMO & MAGAZINES])" in market zone "The Holler" (pos=<4864.000000, 0.000000, 2314.000000>).
13:10:14.566 [Market] Player "Nick Leadbeatter" (id=JmVdSu0kzNbOpwjpFV-MDcMB-Equ3yPY-l-COMb6HgY=) has bought mag_mp5_30rnd x1 from the trader "Magazines (Oliver [AMMO & MAGAZINES])" in market zone "The Holler" (pos=<4864.000000, 0.000000, 2314.000000>) for a price of 200.
13:10:22.605 [Market] Player "Nick Leadbeatter" (id=JmVdSu0kzNbOpwjpFV-MDcMB-Equ3yPY-l-COMb6HgY=) has send a requested to purchase ammobox_9x19_25rnd x1 from the trader "Magazines (Oliver [AMMO & MAGAZINES])" in market zone "The Holler" (pos=<4864.000000, 0.000000, 2314.000000>).
13:10:22.808 [Market] Player "Nick Leadbeatter" (id=JmVdSu0kzNbOpwjpFV-MDcMB-Equ3yPY-l-COMb6HgY=) has bought ammobox_9x19_25rnd x1 from the trader "Magazines (Oliver [AMMO & MAGAZINES])" in market zone "The Holler" (pos=<4864.000000, 0.000000, 2314.000000>) for a price of 40.
13:11:03.300 [Market] Player "brailsford40" (id=HQAtXFe6fZZL90M2CD_a22otF9NJ2s4t7n-ol5BAu6o=) has send a requested to purchase mag_expansion_m9_15rnd x1 from the trader "Magazines (Oliver [AMMO & MAGAZINES])" in market zone "The Holler" (pos=<4864.000000, 0.000000, 2314.000000>).
13:11:03.449 [Market] Player "brailsford40" (id=HQAtXFe6fZZL90M2CD_a22otF9NJ2s4t7n-ol5BAu6o=) has bought mag_expansion_m9_15rnd x1 from the trader "Magazines (Oliver [AMMO & MAGAZINES])" in market zone "The Holler" (pos=<4864.000000, 0.000000, 2314.000000>) for a price of 40.
13:11:04.140 [Market] Player "brailsford40" (id=HQAtXFe6fZZL90M2CD_a22otF9NJ2s4t7n-ol5BAu6o=) has send a requested to purchase mag_expansion_m9_15rnd x1 from the trader "Magazines (Oliver [AMMO & MAGAZINES])" in market zone "The Holler" (pos=<4864.000000, 0.000000, 2314.000000>).
13:11:04.296 [Market] Player "brailsford40" (id=HQAtXFe6fZZL90M2CD_a22otF9NJ2s4t7n-ol5BAu6o=) has bought mag_expansion_m9_15rnd x1 from the trader "Magazines (Oliver [AMMO & MAGAZINES])" in market zone "The Holler" (pos=<4864.000000, 0.000000, 2314.000000>) for a price of 40.
13:11:04.953 [Market] Player "brailsford40" (id=HQAtXFe6fZZL90M2CD_a22otF9NJ2s4t7n-ol5BAu6o=) has send a requested to purchase mag_expansion_m9_15rnd x1 from the trader "Magazines (Oliver [AMMO & MAGAZINES])" in market zone "The Holler" (pos=<4864.000000, 0.000000, 2314.000000>).
13:11:05.089 [Market] Player "brailsford40" (id=HQAtXFe6fZZL90M2CD_a22otF9NJ2s4t7n-ol5BAu6o=) has bought mag_expansion_m9_15rnd x1 from the trader "Magazines (Oliver [AMMO & MAGAZINES])" in market zone "The Holler" (pos=<4864.000000, 0.000000, 2314.000000>) for a price of 40.
13:11:06.078 [Market] Player "brailsford40" (id=HQAtXFe6fZZL90M2CD_a22otF9NJ2s4t7n-ol5BAu6o=) has send a requested to purchase mag_expansion_m9_15rnd x1 from the trader "Magazines (Oliver [AMMO & MAGAZINES])" in market zone "The Holler" (pos=<4864.000000, 0.000000, 2314.000000>).
13:11:06.222 [Market] Player "brailsford40" (id=HQAtXFe6fZZL90M2CD_a22otF9NJ2s4t7n-ol5BAu6o=) has bought mag_expansion_m9_15rnd x1 from the trader "Magazines (Oliver [AMMO & MAGAZINES])" in market zone "The Holler" (pos=<4864.000000, 0.000000, 2314.000000>) for a price of 40.
13:11:23.058 [Market] Player "brailsford40" (id=HQAtXFe6fZZL90M2CD_a22otF9NJ2s4t7n-ol5BAu6o=) has send a requested to purchase ammobox_9x19_25rnd x1 from the trader "Magazines (Oliver [AMMO & MAGAZINES])" in market zone "The Holler" (pos=<4864.000000, 0.000000, 2314.000000>).
13:11:23.257 [Market] Player "brailsford40" (id=HQAtXFe6fZZL90M2CD_a22otF9NJ2s4t7n-ol5BAu6o=) has bought ammobox_9x19_25rnd x1 from the trader "Magazines (Oliver [AMMO & MAGAZINES])" in market zone "The Holler" (pos=<4864.000000, 0.000000, 2314.000000>) for a price of 40.
13:11:23.734 [Market] Player "brailsford40" (id=HQAtXFe6fZZL90M2CD_a22otF9NJ2s4t7n-ol5BAu6o=) has send a requested to purchase ammobox_9x19_25rnd x1 from the trader "Magazines (Oliver [AMMO & MAGAZINES])" in market zone "The Holler" (pos=<4864.000000, 0.000000, 2314.000000>).
13:11:23.894 [Market] Player "brailsford40" (id=HQAtXFe6fZZL90M2CD_a22otF9NJ2s4t7n-ol5BAu6o=) has bought ammobox_9x19_25rnd x1 from the trader "Magazines (Oliver [AMMO & MAGAZINES])" in market zone "The Holler" (pos=<4864.000000, 0.000000, 2314.000000>) for a price of 40.
13:11:24.339 [Market] Player "brailsford40" (id=HQAtXFe6fZZL90M2CD_a22otF9NJ2s4t7n-ol5BAu6o=) has send a requested to purchase ammobox_9x19_25rnd x1 from the trader "Magazines (Oliver [AMMO & MAGAZINES])" in market zone "The Holler" (pos=<4864.000000, 0.000000, 2314.000000>).
13:11:24.488 [Market] Player "brailsford40" (id=HQAtXFe6fZZL90M2CD_a22otF9NJ2s4t7n-ol5BAu6o=) has bought ammobox_9x19_25rnd x1 from the trader "Magazines (Oliver [AMMO & MAGAZINES])" in market zone "The Holler" (pos=<4864.000000, 0.000000, 2314.000000>) for a price of 40.
13:11:24.890 [Market] Player "brailsford40" (id=HQAtXFe6fZZL90M2CD_a22otF9NJ2s4t7n-ol5BAu6o=) has send a requested to purchase ammobox_9x19_25rnd x1 from the trader "Magazines (Oliver [AMMO & MAGAZINES])" in market zone "The Holler" (pos=<4864.000000, 0.000000, 2314.000000>).
13:11:25.046 [Market] Player "brailsford40" (id=HQAtXFe6fZZL90M2CD_a22otF9NJ2s4t7n-ol5BAu6o=) has bought ammobox_9x19_25rnd x1 from the trader "Magazines (Oliver [AMMO & MAGAZINES])" in market zone "The Holler" (pos=<4864.000000, 0.000000, 2314.000000>) for a price of 40.
13:11:25.484 [Market] Player "brailsford40" (id=HQAtXFe6fZZL90M2CD_a22otF9NJ2s4t7n-ol5BAu6o=) has send a requested to purchase ammobox_9x19_25rnd x1 from the trader "Magazines (Oliver [AMMO & MAGAZINES])" in market zone "The Holler" (pos=<4864.000000, 0.000000, 2314.000000>).
13:11:25.660 [Market] Player "brailsford40" (id=HQAtXFe6fZZL90M2CD_a22otF9NJ2s4t7n-ol5BAu6o=) has bought ammobox_9x19_25rnd x1 from the trader "Magazines (Oliver [AMMO & MAGAZINES])" in market zone "The Holler" (pos=<4864.000000, 0.000000, 2314.000000>) for a price of 40.
13:11:26.000 [Market] Player "brailsford40" (id=HQAtXFe6fZZL90M2CD_a22otF9NJ2s4t7n-ol5BAu6o=) has send a requested to purchase ammobox_9x19_25rnd x1 from the trader "Magazines (Oliver [AMMO & MAGAZINES])" in market zone "The Holler" (pos=<4864.000000, 0.000000, 2314.000000>).
13:11:26.156 [Market] Player "brailsford40" (id=HQAtXFe6fZZL90M2CD_a22otF9NJ2s4t7n-ol5BAu6o=) has bought ammobox_9x19_25rnd x1 from the trader "Magazines (Oliver [AMMO & MAGAZINES])" in market zone "The Holler" (pos=<4864.000000, 0.000000, 2314.000000>) for a price of 40.
13:11:27.550 [Market] Player "brailsford40" (id=HQAtXFe6fZZL90M2CD_a22otF9NJ2s4t7n-ol5BAu6o=) has send a requested to purchase ammobox_9x19_25rnd x1 from the trader "Magazines (Oliver [AMMO & MAGAZINES])" in market zone "The Holler" (pos=<4864.000000, 0.000000, 2314.000000>).
13:11:27.710 [Market] Player "brailsford40" (id=HQAtXFe6fZZL90M2CD_a22otF9NJ2s4t7n-ol5BAu6o=) has bought ammobox_9x19_25rnd x1 from the trader "Magazines (Oliver [AMMO & MAGAZINES])" in market zone "The Holler" (pos=<4864.000000, 0.000000, 2314.000000>) for a price of 40.
13:11:28.613 [Market] Player "brailsford40" (id=HQAtXFe6fZZL90M2CD_a22otF9NJ2s4t7n-ol5BAu6o=) has send a requested to purchase ammobox_9x19_25rnd x1 from the trader "Magazines (Oliver [AMMO & MAGAZINES])" in market zone "The Holler" (pos=<4864.000000, 0.000000, 2314.000000>).
13:11:28.785 [Market] Player "brailsford40" (id=HQAtXFe6fZZL90M2CD_a22otF9NJ2s4t7n-ol5BAu6o=) has bought ammobox_9x19_25rnd x1 from the trader "Magazines (Oliver [AMMO & MAGAZINES])" in market zone "The Holler" (pos=<4864.000000, 0.000000, 2314.000000>) for a price of 40.
13:14:05.753 [VehicleEnter] Player Nick Leadbeatter [uid=JmVdSu0kzNbOpwjpFV-MDcMB-Equ3yPY-l-COMb6HgY=] entered vehicle Nissan warrior (id=71E53717F84715AD2155E5AE355D8FB3 pos=<4805.400391, 6.405340, 2270.323975>) as passenger
13:14:11.652 [ATM] Player "brailsford40" (id=HQAtXFe6fZZL90M2CD_a22otF9NJ2s4t7n-ol5BAu6o=) has deposited 1320 on his ATM account.
13:14:34.675 [ATM] Player "brailsford40" (id=HQAtXFe6fZZL90M2CD_a22otF9NJ2s4t7n-ol5BAu6o=) has deposited 1320 on the party "DIE HARD" (partyid=10 | ownerid=JmVdSu0kzNbOpwjpFV-MDcMB-Equ3yPY-l-COMb6HgY=) ATM account.
13:17:00.484 [Expansion Quests] - CreateQuestInstance - Created new quest instance for with instance key HQAtXFe6fZZL90M2CD_a22otF9NJ2s4t7n-ol5BAu6o= for quest 6
13:17:26.847 [VehicleEnter] Player brailsford40 [uid=HQAtXFe6fZZL90M2CD_a22otF9NJ2s4t7n-ol5BAu6o=] entered vehicle Nissan warrior (id=71E53717F84715AD2155E5AE355D8FB3 pos=<4805.399902, 6.405344, 2270.324463>) as driver
13:17:44.136 [VehicleEngine] Player brailsford40 [uid=HQAtXFe6fZZL90M2CD_a22otF9NJ2s4t7n-ol5BAu6o=] started vehicle Nissan warrior (id=71E53717F84715AD2155E5AE355D8FB3 pos=<4805.401367, 6.405340, 2270.325439>)
13:18:45.218 [Safezone] Player "brailsford40" (id=HQAtXFe6fZZL90M2CD_a22otF9NJ2s4t7n-ol5BAu6o= pos=<4716.452637, 5.596387, 2583.687744>) Left the safezone
13:18:45.246 [Safezone] Player "Nick Leadbeatter" (id=JmVdSu0kzNbOpwjpFV-MDcMB-Equ3yPY-l-COMb6HgY= pos=<4717.229492, 5.659229, 2584.057373>) Left the safezone
13:22:41.753 [Party] Player "brailsford40" (id=HQAtXFe6fZZL90M2CD_a22otF9NJ2s4t7n-ol5BAu6o=) left the party "DIE HARD" (id=10 ownerUID=JmVdSu0kzNbOpwjpFV-MDcMB-Equ3yPY-l-COMb6HgY= ownerName=Nick Leadbeatter)
13:25:05.671 [Party] Player "brailsford40" (id=HQAtXFe6fZZL90M2CD_a22otF9NJ2s4t7n-ol5BAu6o=) joinded the party "DIE HARD" (id=10 ownerUID=JmVdSu0kzNbOpwjpFV-MDcMB-Equ3yPY-l-COMb6HgY= ownerName=Nick Leadbeatter)
13:25:05.679 [Expansion Quests] - InitQuestSystemClient - Loaded existing player quest data for player with UID: HQAtXFe6fZZL90M2CD_a22otF9NJ2s4t7n-ol5BAu6o=
13:25:05.679 [Expansion Quests] - LoadGroupQuestData - Got cached group quest data for group with ID: 10
13:25:05.679 [Expansion Quests] - Create new quest instance for quest: 6 - Player UID: HQAtXFe6fZZL90M2CD_a22otF9NJ2s4t7n-ol5BAu6o=
13:25:06.648 [Expansion Quests] - LoadGroupQuestData - Got cached group quest data for group with ID: 10
13:25:26.507 [VehicleEnter] Player brailsford40 [uid=HQAtXFe6fZZL90M2CD_a22otF9NJ2s4t7n-ol5BAu6o=] entered vehicle Nissan warrior (id=71E53717F84715AD2155E5AE355D8FB3 pos=<4565.532715, 29.793226, 3806.423584>) as driver
13:25:31.902 [VehicleEngine] Player brailsford40 [uid=HQAtXFe6fZZL90M2CD_a22otF9NJ2s4t7n-ol5BAu6o=] started vehicle Nissan warrior (id=71E53717F84715AD2155E5AE355D8FB3 pos=<4565.531250, 29.793253, 3806.423584>)
13:27:02.558 [VehicleLeave] Player brailsford40 [uid=HQAtXFe6fZZL90M2CD_a22otF9NJ2s4t7n-ol5BAu6o=] left vehicle Nissan warrior (id=71E53717F84715AD2155E5AE355D8FB3 pos=<4069.719971, 10.365088, 4143.647461>)
13:27:21.222 [VehicleEnter] Player brailsford40 [uid=HQAtXFe6fZZL90M2CD_a22otF9NJ2s4t7n-ol5BAu6o=] entered vehicle Nissan warrior (id=71E53717F84715AD2155E5AE355D8FB3 pos=<4069.717041, 10.364990, 4143.647461>) as driver
13:27:22.878 [VehicleEngine] Player brailsford40 [uid=HQAtXFe6fZZL90M2CD_a22otF9NJ2s4t7n-ol5BAu6o=] started vehicle Nissan warrior (id=71E53717F84715AD2155E5AE355D8FB3 pos=<4069.717041, 10.364981, 4143.647461>)
13:27:38.515 [VehicleEngine] Player brailsford40 [uid=HQAtXFe6fZZL90M2CD_a22otF9NJ2s4t7n-ol5BAu6o=] stopped vehicle Nissan warrior (id=71E53717F84715AD2155E5AE355D8FB3 pos=<4060.484375, 11.068805, 4157.731934>)
13:27:44.312 [VehicleLeave] Player brailsford40 [uid=HQAtXFe6fZZL90M2CD_a22otF9NJ2s4t7n-ol5BAu6o=] left vehicle Nissan warrior (id=71E53717F84715AD2155E5AE355D8FB3 pos=<4060.484131, 11.068806, 4157.731445>)
13:32:37.820 [MissionAirdrop] An airdrop is heading towards "South Harbor" (pos=<1854.040039, 0.000000, 584.143005> type=Random_South-Harbor) with a ExpansionAirdropContainer_Medical
13:33:07.175 [VehicleLeave] Player Nick Leadbeatter [uid=JmVdSu0kzNbOpwjpFV-MDcMB-Equ3yPY-l-COMb6HgY=] left vehicle Nissan warrior (id=71E53717F84715AD2155E5AE355D8FB3 pos=<4060.486084, 11.068810, 4157.733398>)
13:38:27.339 [Territory] Player "Nick Leadbeatter" (id=JmVdSu0kzNbOpwjpFV-MDcMB-Equ3yPY-l-COMb6HgY= pos=<4064.113281, 10.973811, 4159.752441>) was invited to join the territory DIE HARD at <4058.232910, 10.933748, 4154.232422> by the player "brailsford40" (id=HQAtXFe6fZZL90M2CD_a22otF9NJ2s4t7n-ol5BAu6o=)
13:38:34.824 [Expansion Quests] - InitQuestSystemClient - Loaded existing player quest data for player with UID: Sltx5zKJy7sVbO2kN3XTpRthB0wkULqErUtRpY6M_7o=
13:38:34.824 [Expansion Quests] - Create new quest instance for quest: 99 - Player UID: Sltx5zKJy7sVbO2kN3XTpRthB0wkULqErUtRpY6M_7o=
13:40:08.757 [Party] Player "Nick Leadbeatter" (id=JmVdSu0kzNbOpwjpFV-MDcMB-Equ3yPY-l-COMb6HgY=) invited the player "tearsofdawn1066" (id=Sltx5zKJy7sVbO2kN3XTpRthB0wkULqErUtRpY6M_7o=)to the party named DIE HARD
13:40:23.167 [Party] Player "tearsofdawn1066" (id=Sltx5zKJy7sVbO2kN3XTpRthB0wkULqErUtRpY6M_7o=) joinded the party "DIE HARD" (id=10 ownerUID=JmVdSu0kzNbOpwjpFV-MDcMB-Equ3yPY-l-COMb6HgY= ownerName=Nick Leadbeatter)
13:40:24.164 [Expansion Quests] - LoadGroupQuestData - Got cached group quest data for group with ID: 10
13:43:18.046 [VehicleEnter] Player brailsford40 [uid=HQAtXFe6fZZL90M2CD_a22otF9NJ2s4t7n-ol5BAu6o=] entered vehicle Nissan warrior (id=71E53717F84715AD2155E5AE355D8FB3 pos=<4060.485352, 11.068807, 4157.732422>) as driver
13:43:22.546 [VehicleEngine] Player brailsford40 [uid=HQAtXFe6fZZL90M2CD_a22otF9NJ2s4t7n-ol5BAu6o=] started vehicle Nissan warrior (id=71E53717F84715AD2155E5AE355D8FB3 pos=<4060.485352, 11.068808, 4157.732422>)
13:43:42.527 [VehicleLeave] Player brailsford40 [uid=HQAtXFe6fZZL90M2CD_a22otF9NJ2s4t7n-ol5BAu6o=] left vehicle Nissan warrior (id=71E53717F84715AD2155E5AE355D8FB3 pos=<4074.083496, 10.577937, 4142.177246>)
13:43:54.902 [VehicleEnter] Player Nick Leadbeatter [uid=JmVdSu0kzNbOpwjpFV-MDcMB-Equ3yPY-l-COMb6HgY=] entered vehicle Nissan warrior (id=71E53717F84715AD2155E5AE355D8FB3 pos=<4074.085693, 10.578113, 4142.170898>) as passenger
13:44:03.898 [VehicleEnter] Player brailsford40 [uid=HQAtXFe6fZZL90M2CD_a22otF9NJ2s4t7n-ol5BAu6o=] entered vehicle Nissan warrior (id=71E53717F84715AD2155E5AE355D8FB3 pos=<4074.086426, 10.576221, 4142.153809>) as driver
13:44:05.363 [VehicleEngine] Player brailsford40 [uid=HQAtXFe6fZZL90M2CD_a22otF9NJ2s4t7n-ol5BAu6o=] started vehicle Nissan warrior (id=71E53717F84715AD2155E5AE355D8FB3 pos=<4074.087891, 10.574947, 4142.138184>)
13:44:55.773 [VehicleLeave] Player brailsford40 [uid=HQAtXFe6fZZL90M2CD_a22otF9NJ2s4t7n-ol5BAu6o=] left vehicle Nissan warrior (id=71E53717F84715AD2155E5AE355D8FB3 pos=<3809.073486, 9.628333, 4399.635742>)
13:46:05.835 [VehicleEnter] Player brailsford40 [uid=HQAtXFe6fZZL90M2CD_a22otF9NJ2s4t7n-ol5BAu6o=] entered vehicle Nissan warrior (id=71E53717F84715AD2155E5AE355D8FB3 pos=<3809.075195, 9.628336, 4399.636719>) as driver
13:46:09.390 [VehicleEngine] Player brailsford40 [uid=HQAtXFe6fZZL90M2CD_a22otF9NJ2s4t7n-ol5BAu6o=] started vehicle Nissan warrior (id=71E53717F84715AD2155E5AE355D8FB3 pos=<3809.075195, 9.628337, 4399.636719>)
13:49:43.289 [VehicleLeave] Player brailsford40 [uid=HQAtXFe6fZZL90M2CD_a22otF9NJ2s4t7n-ol5BAu6o=] left vehicle Nissan warrior (id=71E53717F84715AD2155E5AE355D8FB3 pos=<5149.976074, 16.313902, 5003.757813>)
13:49:48.632 [VehicleLeave] Player Nick Leadbeatter [uid=JmVdSu0kzNbOpwjpFV-MDcMB-Equ3yPY-l-COMb6HgY=] left vehicle Nissan warrior (id=71E53717F84715AD2155E5AE355D8FB3 pos=<5149.976074, 16.313892, 5003.760254>)
13:51:34.539 [VehicleAttachments] Player brailsford40 (uid=HQAtXFe6fZZL90M2CD_a22otF9NJ2s4t7n-ol5BAu6o=) detached Jerrycan (type=CanisterGasoline) from vehicle Nissan warrior(id=71E53717F84715AD2155E5AE355D8FB3 pos=<5149.976074, 16.313892, 5003.760254>)
13:51:55.003 [VehicleCarKey] Player "brailsford40" (id=HQAtXFe6fZZL90M2CD_a22otF9NJ2s4t7n-ol5BAu6o= pos=<5149.286621, 16.221613, 5005.386230>) used the  ExpansionCarKey to lock Nissan_warrior (id=71E53717F84715AD2155E5AE355D8FB3 pos=<5149.976074, 16.313892, 5003.760254>)
13:52:50.601 [Party] Player "tearsofdawn1066" (id=Sltx5zKJy7sVbO2kN3XTpRthB0wkULqErUtRpY6M_7o=) left the party "DIE HARD" (id=10 ownerUID=JmVdSu0kzNbOpwjpFV-MDcMB-Equ3yPY-l-COMb6HgY= ownerName=Nick Leadbeatter)
13:52:58.507 [VehicleEnter] Player brailsford40 [uid=HQAtXFe6fZZL90M2CD_a22otF9NJ2s4t7n-ol5BAu6o=] entered vehicle BMW (rust) (id=776611B53C4D9DEB6A093AAAB2454CF9 pos=<5273.647461, 18.402197, 5048.027344>) as driver
13:53:02.382 [VehicleEngine] Player brailsford40 [uid=HQAtXFe6fZZL90M2CD_a22otF9NJ2s4t7n-ol5BAu6o=] started vehicle BMW (rust) (id=776611B53C4D9DEB6A093AAAB2454CF9 pos=<5273.647461, 18.402189, 5048.027344>)
13:53:05.976 [VehicleEngine] Player brailsford40 [uid=HQAtXFe6fZZL90M2CD_a22otF9NJ2s4t7n-ol5BAu6o=] started vehicle BMW (rust) (id=776611B53C4D9DEB6A093AAAB2454CF9 pos=<5273.647461, 18.402189, 5048.027344>)
13:53:19.058 [VehicleLeave] Player brailsford40 [uid=HQAtXFe6fZZL90M2CD_a22otF9NJ2s4t7n-ol5BAu6o=] left vehicle BMW (rust) (id=776611B53C4D9DEB6A093AAAB2454CF9 pos=<5273.647461, 18.402195, 5048.027344>)
13:53:46.964 [VehicleAttachments] Player brailsford40 (uid=HQAtXFe6fZZL90M2CD_a22otF9NJ2s4t7n-ol5BAu6o=) detached BMW Wheel (type=BMW_Wheel) from vehicle BMW (rust)(id=776611B53C4D9DEB6A093AAAB2454CF9 pos=<5273.647461, 18.402195, 5048.027344>)
13:55:25.574 [VehicleCarKey] Player "brailsford40" (id=HQAtXFe6fZZL90M2CD_a22otF9NJ2s4t7n-ol5BAu6o= pos=<5147.823242, 16.563457, 5005.024414>) used the  ExpansionCarKey to unlock Nissan_warrior (id=71E53717F84715AD2155E5AE355D8FB3 pos=<5149.976074, 16.313892, 5003.760254>)
13:55:32.890 [VehicleEnter] Player Nick Leadbeatter [uid=JmVdSu0kzNbOpwjpFV-MDcMB-Equ3yPY-l-COMb6HgY=] entered vehicle Nissan warrior (id=71E53717F84715AD2155E5AE355D8FB3 pos=<5149.976074, 16.313892, 5003.760254>) as passenger
13:55:45.855 [VehicleEnter] Player brailsford40 [uid=HQAtXFe6fZZL90M2CD_a22otF9NJ2s4t7n-ol5BAu6o=] entered vehicle Nissan warrior (id=71E53717F84715AD2155E5AE355D8FB3 pos=<5149.975586, 16.313890, 5003.761230>) as driver
13:55:51.539 [Party] Player "tearsofdawn1066" (id=Sltx5zKJy7sVbO2kN3XTpRthB0wkULqErUtRpY6M_7o=) joinded the party "DIE HARD" (id=10 ownerUID=JmVdSu0kzNbOpwjpFV-MDcMB-Equ3yPY-l-COMb6HgY= ownerName=Nick Leadbeatter)
13:55:51.546 [Expansion Quests] - InitQuestSystemClient - Loaded existing player quest data for player with UID: Sltx5zKJy7sVbO2kN3XTpRthB0wkULqErUtRpY6M_7o=
13:55:51.546 [Expansion Quests] - LoadGroupQuestData - Got cached group quest data for group with ID: 10
13:55:51.546 [Expansion Quests] - Create new quest instance for quest: 99 - Player UID: Sltx5zKJy7sVbO2kN3XTpRthB0wkULqErUtRpY6M_7o=
13:55:52.531 [Expansion Quests] - LoadGroupQuestData - Got cached group quest data for group with ID: 10
13:55:54.816 [VehicleEngine] Player brailsford40 [uid=HQAtXFe6fZZL90M2CD_a22otF9NJ2s4t7n-ol5BAu6o=] started vehicle Nissan warrior (id=71E53717F84715AD2155E5AE355D8FB3 pos=<5149.975586, 16.313885, 5003.761719>)
13:56:51.574 [VehicleLeave] Player brailsford40 [uid=HQAtXFe6fZZL90M2CD_a22otF9NJ2s4t7n-ol5BAu6o=] left vehicle Nissan warrior (id=71E53717F84715AD2155E5AE355D8FB3 pos=<4824.559082, 12.787231, 4938.789063>)
13:56:54.304 [VehicleLeave] Player Nick Leadbeatter [uid=JmVdSu0kzNbOpwjpFV-MDcMB-Equ3yPY-l-COMb6HgY=] left vehicle Nissan warrior (id=71E53717F84715AD2155E5AE355D8FB3 pos=<4824.559082, 12.787233, 4938.790039>)
13:57:37.156 [VehicleEnter] Player Nick Leadbeatter [uid=JmVdSu0kzNbOpwjpFV-MDcMB-Equ3yPY-l-COMb6HgY=] entered vehicle Nissan warrior (id=71E53717F84715AD2155E5AE355D8FB3 pos=<4824.559082, 12.787233, 4938.790039>) as passenger
13:57:39.917 [VehicleEnter] Player brailsford40 [uid=HQAtXFe6fZZL90M2CD_a22otF9NJ2s4t7n-ol5BAu6o=] entered vehicle Nissan warrior (id=71E53717F84715AD2155E5AE355D8FB3 pos=<4824.559082, 12.787233, 4938.791016>) as driver
13:57:48.453 [VehicleEngine] Player brailsford40 [uid=HQAtXFe6fZZL90M2CD_a22otF9NJ2s4t7n-ol5BAu6o=] started vehicle Nissan warrior (id=71E53717F84715AD2155E5AE355D8FB3 pos=<4824.559082, 12.787230, 4938.790527>)
13:59:22.992 [VehicleLeave] Player brailsford40 [uid=HQAtXFe6fZZL90M2CD_a22otF9NJ2s4t7n-ol5BAu6o=] left vehicle Nissan warrior (id=71E53717F84715AD2155E5AE355D8FB3 pos=<4611.074707, 5.503600, 5024.223633>)
13:59:27.078 [VehicleLeave] Player Nick Leadbeatter [uid=JmVdSu0kzNbOpwjpFV-MDcMB-Equ3yPY-l-COMb6HgY=] left vehicle Nissan warrior (id=71E53717F84715AD2155E5AE355D8FB3 pos=<4611.075195, 5.503454, 5024.226074>)
14:00:27.683 [VehicleEnter] Player Nick Leadbeatter [uid=JmVdSu0kzNbOpwjpFV-MDcMB-Equ3yPY-l-COMb6HgY=] entered vehicle Nissan warrior (id=71E53717F84715AD2155E5AE355D8FB3 pos=<4611.075195, 5.503403, 5024.227539>) as driver
14:00:57.148 [VehicleEnter] Player brailsford40 [uid=HQAtXFe6fZZL90M2CD_a22otF9NJ2s4t7n-ol5BAu6o=] entered vehicle Nissan warrior (id=71E53717F84715AD2155E5AE355D8FB3 pos=<4611.074707, 5.503494, 5024.226074>) as passenger
14:01:19.257 [VehicleEngine] Player Nick Leadbeatter [uid=JmVdSu0kzNbOpwjpFV-MDcMB-Equ3yPY-l-COMb6HgY=] started vehicle Nissan warrior (id=71E53717F84715AD2155E5AE355D8FB3 pos=<4611.074707, 5.503516, 5024.225586>)
14:01:34.429 [VehicleEngine] Player Nick Leadbeatter [uid=JmVdSu0kzNbOpwjpFV-MDcMB-Equ3yPY-l-COMb6HgY=] stopped vehicle Nissan warrior (id=71E53717F84715AD2155E5AE355D8FB3 pos=<4611.489746, 5.516335, 5023.975586>)
14:02:09.785 [Party] Player "Nick Leadbeatter" (id=JmVdSu0kzNbOpwjpFV-MDcMB-Equ3yPY-l-COMb6HgY=) left the party "DIE HARD" (id=10 ownerUID=JmVdSu0kzNbOpwjpFV-MDcMB-Equ3yPY-l-COMb6HgY= ownerName=Nick Leadbeatter)
14:02:41.316 [Party] Player "Nick Leadbeatter" (id=JmVdSu0kzNbOpwjpFV-MDcMB-Equ3yPY-l-COMb6HgY=) joinded the party "DIE HARD" (id=10 ownerUID=JmVdSu0kzNbOpwjpFV-MDcMB-Equ3yPY-l-COMb6HgY= ownerName=Nick Leadbeatter)
14:02:41.324 [Expansion Quests] - InitQuestSystemClient - Loaded existing player quest data for player with UID: JmVdSu0kzNbOpwjpFV-MDcMB-Equ3yPY-l-COMb6HgY=
14:02:41.324 [Expansion Quests] - LoadGroupQuestData - Got cached group quest data for group with ID: 10
14:02:42.277 [Expansion Quests] - LoadGroupQuestData - Got cached group quest data for group with ID: 10
14:02:53.839 [VehicleEnter] Player Nick Leadbeatter [uid=JmVdSu0kzNbOpwjpFV-MDcMB-Equ3yPY-l-COMb6HgY=] entered vehicle Nissan warrior (id=71E53717F84715AD2155E5AE355D8FB3 pos=<4611.487305, 5.515731, 5023.977051>) as driver
14:02:58.960 [VehicleEngine] Player Nick Leadbeatter [uid=JmVdSu0kzNbOpwjpFV-MDcMB-Equ3yPY-l-COMb6HgY=] started vehicle Nissan warrior (id=71E53717F84715AD2155E5AE355D8FB3 pos=<4611.487305, 5.515862, 5023.975098>)
14:04:52.597 [VehicleLeave] Player brailsford40 [uid=HQAtXFe6fZZL90M2CD_a22otF9NJ2s4t7n-ol5BAu6o=] left vehicle Nissan warrior (id=71E53717F84715AD2155E5AE355D8FB3 pos=<3768.733154, 9.529345, 4649.463867>)
14:05:05.210 [VehicleEnter] Player Nick Leadbeatter [uid=JmVdSu0kzNbOpwjpFV-MDcMB-Equ3yPY-l-COMb6HgY=] switched seats in vehicle Nissan warrior (id=71E53717F84715AD2155E5AE355D8FB3 pos=<3768.733643, 9.529355, 4649.464355>) to passenger
14:05:11.000 [VehicleEnter] Player brailsford40 [uid=HQAtXFe6fZZL90M2CD_a22otF9NJ2s4t7n-ol5BAu6o=] entered vehicle Nissan warrior (id=71E53717F84715AD2155E5AE355D8FB3 pos=<3768.732422, 9.529319, 4649.463379>) as driver
14:05:21.554 [VehicleEngine] Player brailsford40 [uid=HQAtXFe6fZZL90M2CD_a22otF9NJ2s4t7n-ol5BAu6o=] started vehicle Nissan warrior (id=71E53717F84715AD2155E5AE355D8FB3 pos=<3768.732666, 9.529324, 4649.463379>)
14:07:24.316 [AI Patrol] Spawning 2 Shamans bots at <2326.588867, 54.799999, 3028.856445>
14:12:27.957 [Party] Player "Nick Leadbeatter" (id=JmVdSu0kzNbOpwjpFV-MDcMB-Equ3yPY-l-COMb6HgY=) left the party "DIE HARD" (id=10 ownerUID=JmVdSu0kzNbOpwjpFV-MDcMB-Equ3yPY-l-COMb6HgY= ownerName=Nick Leadbeatter)
14:14:21.281 [VehicleLeave] Player brailsford40 [uid=HQAtXFe6fZZL90M2CD_a22otF9NJ2s4t7n-ol5BAu6o=] left vehicle Nissan warrior (id=71E53717F84715AD2155E5AE355D8FB3 pos=<1752.846680, 26.496567, 4259.135742>)
14:16:05.757 [Party] Player "Nick Leadbeatter" (id=JmVdSu0kzNbOpwjpFV-MDcMB-Equ3yPY-l-COMb6HgY=) joinded the party "DIE HARD" (id=10 ownerUID=JmVdSu0kzNbOpwjpFV-MDcMB-Equ3yPY-l-COMb6HgY= ownerName=Nick Leadbeatter)
14:16:05.765 [Expansion Quests] - InitQuestSystemClient - Loaded existing player quest data for player with UID: JmVdSu0kzNbOpwjpFV-MDcMB-Equ3yPY-l-COMb6HgY=
14:16:05.765 [Expansion Quests] - LoadGroupQuestData - Got cached group quest data for group with ID: 10
14:16:06.718 [Expansion Quests] - LoadGroupQuestData - Got cached group quest data for group with ID: 10
14:17:22.011 [VehicleEnter] Player Nick Leadbeatter [uid=JmVdSu0kzNbOpwjpFV-MDcMB-Equ3yPY-l-COMb6HgY=] entered vehicle Nissan warrior (id=71E53717F84715AD2155E5AE355D8FB3 pos=<1752.844116, 26.496511, 4259.135742>) as passenger
14:17:25.976 [VehicleEnter] Player brailsford40 [uid=HQAtXFe6fZZL90M2CD_a22otF9NJ2s4t7n-ol5BAu6o=] entered vehicle Nissan warrior (id=71E53717F84715AD2155E5AE355D8FB3 pos=<1752.843018, 26.496490, 4259.135742>) as driver
14:17:29.894 [VehicleEngine] Player brailsford40 [uid=HQAtXFe6fZZL90M2CD_a22otF9NJ2s4t7n-ol5BAu6o=] started vehicle Nissan warrior (id=71E53717F84715AD2155E5AE355D8FB3 pos=<1752.844482, 26.496523, 4259.135742>)
14:18:13.058 [VehicleLeave] Player brailsford40 [uid=HQAtXFe6fZZL90M2CD_a22otF9NJ2s4t7n-ol5BAu6o=] left vehicle Nissan warrior (id=71E53717F84715AD2155E5AE355D8FB3 pos=<1733.549561, 23.160896, 4541.060059>)
14:19:55.046 [VehicleEnter] Player brailsford40 [uid=HQAtXFe6fZZL90M2CD_a22otF9NJ2s4t7n-ol5BAu6o=] entered vehicle Nissan warrior (id=71E53717F84715AD2155E5AE355D8FB3 pos=<1733.545776, 23.160873, 4541.060059>) as driver
14:19:58.875 [VehicleEngine] Player brailsford40 [uid=HQAtXFe6fZZL90M2CD_a22otF9NJ2s4t7n-ol5BAu6o=] started vehicle Nissan warrior (id=71E53717F84715AD2155E5AE355D8FB3 pos=<1733.547363, 23.160877, 4541.060059>)
14:20:55.093 [VehicleLeave] Player brailsford40 [uid=HQAtXFe6fZZL90M2CD_a22otF9NJ2s4t7n-ol5BAu6o=] left vehicle Nissan warrior (id=71E53717F84715AD2155E5AE355D8FB3 pos=<1746.403687, 16.373657, 4962.605469>)
14:20:57.656 [VehicleLeave] Player Nick Leadbeatter [uid=JmVdSu0kzNbOpwjpFV-MDcMB-Equ3yPY-l-COMb6HgY=] left vehicle Nissan warrior (id=71E53717F84715AD2155E5AE355D8FB3 pos=<1746.402832, 16.373640, 4962.606445>)
14:21:07.417 [VehicleCarKey] Player "brailsford40" (id=HQAtXFe6fZZL90M2CD_a22otF9NJ2s4t7n-ol5BAu6o= pos=<1745.243408, 16.224058, 4963.828613>) used the  ExpansionCarKey to lock Nissan_warrior (id=71E53717F84715AD2155E5AE355D8FB3 pos=<1746.402832, 16.373640, 4962.606445>)
14:25:24.609 [VehicleCarKey] Player "brailsford40" (id=HQAtXFe6fZZL90M2CD_a22otF9NJ2s4t7n-ol5BAu6o= pos=<1745.318604, 16.180071, 4964.431641>) used the  ExpansionCarKey to unlock Nissan_warrior (id=71E53717F84715AD2155E5AE355D8FB3 pos=<1746.402832, 16.373640, 4962.606445>)
14:25:29.542 [VehicleEnter] Player Nick Leadbeatter [uid=JmVdSu0kzNbOpwjpFV-MDcMB-Equ3yPY-l-COMb6HgY=] entered vehicle Nissan warrior (id=71E53717F84715AD2155E5AE355D8FB3 pos=<1746.402832, 16.373640, 4962.606445>) as passenger
14:25:35.953 [VehicleEnter] Player brailsford40 [uid=HQAtXFe6fZZL90M2CD_a22otF9NJ2s4t7n-ol5BAu6o=] entered vehicle Nissan warrior (id=71E53717F84715AD2155E5AE355D8FB3 pos=<1746.401978, 16.373638, 4962.605957>) as driver
14:25:45.070 [VehicleEnter] Player tearsofdawn1066 [uid=Sltx5zKJy7sVbO2kN3XTpRthB0wkULqErUtRpY6M_7o=] entered vehicle Nissan warrior (id=71E53717F84715AD2155E5AE355D8FB3 pos=<1746.403442, 16.373672, 4962.605469>) as passenger
14:25:57.648 [VehicleEngine] Player brailsford40 [uid=HQAtXFe6fZZL90M2CD_a22otF9NJ2s4t7n-ol5BAu6o=] started vehicle Nissan warrior (id=71E53717F84715AD2155E5AE355D8FB3 pos=<1746.402222, 16.373644, 4962.605957>)
14:28:22.566 [VehicleLeave] Player tearsofdawn1066 [uid=Sltx5zKJy7sVbO2kN3XTpRthB0wkULqErUtRpY6M_7o=] left vehicle Nissan warrior (id=71E53717F84715AD2155E5AE355D8FB3 pos=<1846.610352, 64.005600, 3677.396240>)
14:29:23.406 [Party] Player "tearsofdawn1066" (id=Sltx5zKJy7sVbO2kN3XTpRthB0wkULqErUtRpY6M_7o=) left the party "DIE HARD" (id=10 ownerUID=JmVdSu0kzNbOpwjpFV-MDcMB-Equ3yPY-l-COMb6HgY= ownerName=Nick Leadbeatter)
14:31:08.476 [VehicleLeave] Player brailsford40 [uid=HQAtXFe6fZZL90M2CD_a22otF9NJ2s4t7n-ol5BAu6o=] left vehicle Nissan warrior (id=71E53717F84715AD2155E5AE355D8FB3 pos=<2041.788452, 80.036789, 2393.661621>)
14:31:09.644 [VehicleLeave] Player Nick Leadbeatter [uid=JmVdSu0kzNbOpwjpFV-MDcMB-Equ3yPY-l-COMb6HgY=] left vehicle Nissan warrior (id=71E53717F84715AD2155E5AE355D8FB3 pos=<2041.789063, 80.036781, 2393.661621>)
14:31:11.421 [VehicleCarKey] Player "brailsford40" (id=HQAtXFe6fZZL90M2CD_a22otF9NJ2s4t7n-ol5BAu6o= pos=<2044.787231, 79.954163, 2392.659912>) used the  ExpansionCarKey to lock Nissan_warrior (id=71E53717F84715AD2155E5AE355D8FB3 pos=<2041.789063, 80.036781, 2393.661621>)
14:31:13.781 [VehicleCarKey] Player "brailsford40" (id=HQAtXFe6fZZL90M2CD_a22otF9NJ2s4t7n-ol5BAu6o= pos=<2044.787231, 79.954163, 2392.659912>) used the  ExpansionCarKey to unlock Nissan_warrior (id=71E53717F84715AD2155E5AE355D8FB3 pos=<2041.789063, 80.036781, 2393.661621>)
14:32:15.074 [VehicleCarKey] Player "brailsford40" (id=HQAtXFe6fZZL90M2CD_a22otF9NJ2s4t7n-ol5BAu6o= pos=<2040.027466, 79.949913, 2393.467285>) used the  ExpansionCarKey to lock Nissan_warrior (id=71E53717F84715AD2155E5AE355D8FB3 pos=<2041.789063, 80.036781, 2393.661621>)
14:36:45.039 [VehicleCarKey] Player "brailsford40" (id=HQAtXFe6fZZL90M2CD_a22otF9NJ2s4t7n-ol5BAu6o= pos=<2040.342773, 79.940460, 2391.420898>) used the  ExpansionCarKey to unlock Nissan_warrior (id=71E53717F84715AD2155E5AE355D8FB3 pos=<2041.789063, 80.036781, 2393.661621>)
14:37:52.347 [VehicleEnter] Player Nick Leadbeatter [uid=JmVdSu0kzNbOpwjpFV-MDcMB-Equ3yPY-l-COMb6HgY=] entered vehicle Nissan warrior (id=71E53717F84715AD2155E5AE355D8FB3 pos=<2041.789063, 80.036781, 2393.661621>) as passenger
14:39:18.531 [VehicleEnter] Player brailsford40 [uid=HQAtXFe6fZZL90M2CD_a22otF9NJ2s4t7n-ol5BAu6o=] entered vehicle Nissan warrior (id=71E53717F84715AD2155E5AE355D8FB3 pos=<2041.790405, 80.036789, 2393.661621>) as driver
14:39:22.675 [VehicleEngine] Player brailsford40 [uid=HQAtXFe6fZZL90M2CD_a22otF9NJ2s4t7n-ol5BAu6o=] started vehicle Nissan warrior (id=71E53717F84715AD2155E5AE355D8FB3 pos=<2041.790283, 80.036781, 2393.661621>)
14:40:51.511 [VehicleLeave] Player Nick Leadbeatter [uid=JmVdSu0kzNbOpwjpFV-MDcMB-Equ3yPY-l-COMb6HgY=] left vehicle Nissan warrior (id=71E53717F84715AD2155E5AE355D8FB3 pos=<1871.106445, 42.136890, 1681.199341>)
14:41:00.515 [VehicleLeave] Player brailsford40 [uid=HQAtXFe6fZZL90M2CD_a22otF9NJ2s4t7n-ol5BAu6o=] left vehicle Nissan warrior (id=71E53717F84715AD2155E5AE355D8FB3 pos=<1871.106567, 42.136890, 1681.199341>)
14:41:04.097 [VehicleEnter] Player Nick Leadbeatter [uid=JmVdSu0kzNbOpwjpFV-MDcMB-Equ3yPY-l-COMb6HgY=] entered vehicle Nissan warrior (id=71E53717F84715AD2155E5AE355D8FB3 pos=<1871.103027, 42.136871, 1681.198730>) as driver
14:41:07.214 [VehicleEnter] Player brailsford40 [uid=HQAtXFe6fZZL90M2CD_a22otF9NJ2s4t7n-ol5BAu6o=] entered vehicle Nissan warrior (id=71E53717F84715AD2155E5AE355D8FB3 pos=<1871.102295, 42.136868, 1681.198608>) as passenger
14:41:08.246 [VehicleEngine] Player Nick Leadbeatter [uid=JmVdSu0kzNbOpwjpFV-MDcMB-Equ3yPY-l-COMb6HgY=] started vehicle Nissan warrior (id=71E53717F84715AD2155E5AE355D8FB3 pos=<1871.103027, 42.136875, 1681.198730>)
14:41:24.632 [AI Patrol] Spawning 2 Shamans bots at <1811.690063, 15.570000, 553.074158>
14:46:20.695 [VehicleLeave] Player brailsford40 [uid=HQAtXFe6fZZL90M2CD_a22otF9NJ2s4t7n-ol5BAu6o=] left vehicle Nissan warrior (id=71E53717F84715AD2155E5AE355D8FB3 pos=<4147.152832, 41.331409, 1341.867920>)
14:46:32.554 [VehicleEngine] Player Nick Leadbeatter [uid=JmVdSu0kzNbOpwjpFV-MDcMB-Equ3yPY-l-COMb6HgY=] stopped vehicle Nissan warrior (id=71E53717F84715AD2155E5AE355D8FB3 pos=<4147.153320, 41.331413, 1341.868164>)
14:46:37.167 [VehicleLeave] Player Nick Leadbeatter [uid=JmVdSu0kzNbOpwjpFV-MDcMB-Equ3yPY-l-COMb6HgY=] left vehicle Nissan warrior (id=71E53717F84715AD2155E5AE355D8FB3 pos=<4147.152344, 41.331413, 1341.867432>)
14:46:42.566 [VehicleCarKey] Player "Nick Leadbeatter" (id=JmVdSu0kzNbOpwjpFV-MDcMB-Equ3yPY-l-COMb6HgY= pos=<4149.500488, 41.270588, 1342.111938>) used the  ExpansionCarKey to lock Nissan_warrior (id=71E53717F84715AD2155E5AE355D8FB3 pos=<4147.151367, 41.331417, 1341.866821>)
14:52:01.699 [VehicleCarKey] Player "Nick Leadbeatter" (id=JmVdSu0kzNbOpwjpFV-MDcMB-Equ3yPY-l-COMb6HgY= pos=<4148.745117, 41.248379, 1342.949951>) used the  ExpansionCarKey to unlock Nissan_warrior (id=71E53717F84715AD2155E5AE355D8FB3 pos=<4147.151367, 41.331417, 1341.866821>)
14:52:03.527 [VehicleCarKey] Player "Nick Leadbeatter" (id=JmVdSu0kzNbOpwjpFV-MDcMB-Equ3yPY-l-COMb6HgY= pos=<4148.745117, 41.248379, 1342.949951>) used the  ExpansionCarKey to lock Nissan_warrior (id=71E53717F84715AD2155E5AE355D8FB3 pos=<4147.151367, 41.331417, 1341.866821>)
14:52:04.929 [VehicleCarKey] Player "Nick Leadbeatter" (id=JmVdSu0kzNbOpwjpFV-MDcMB-Equ3yPY-l-COMb6HgY= pos=<4148.745117, 41.248379, 1342.949951>) used the  ExpansionCarKey to unlock Nissan_warrior (id=71E53717F84715AD2155E5AE355D8FB3 pos=<4147.151367, 41.331417, 1341.866821>)
14:52:06.835 [VehicleCarKey] Player "Nick Leadbeatter" (id=JmVdSu0kzNbOpwjpFV-MDcMB-Equ3yPY-l-COMb6HgY= pos=<4148.745117, 41.248379, 1342.949951>) used the  ExpansionCarKey to lock Nissan_warrior (id=71E53717F84715AD2155E5AE355D8FB3 pos=<4147.151367, 41.331417, 1341.866821>)
14:52:08.265 [VehicleCarKey] Player "Nick Leadbeatter" (id=JmVdSu0kzNbOpwjpFV-MDcMB-Equ3yPY-l-COMb6HgY= pos=<4148.745117, 41.248379, 1342.949951>) used the  ExpansionCarKey to unlock Nissan_warrior (id=71E53717F84715AD2155E5AE355D8FB3 pos=<4147.151367, 41.331417, 1341.866821>)
14:52:13.234 [VehicleEnter] Player Nick Leadbeatter [uid=JmVdSu0kzNbOpwjpFV-MDcMB-Equ3yPY-l-COMb6HgY=] entered vehicle Nissan warrior (id=71E53717F84715AD2155E5AE355D8FB3 pos=<4147.152832, 41.331406, 1341.867920>) as driver
14:52:23.617 [VehicleEnter] Player brailsford40 [uid=HQAtXFe6fZZL90M2CD_a22otF9NJ2s4t7n-ol5BAu6o=] entered vehicle Nissan warrior (id=71E53717F84715AD2155E5AE355D8FB3 pos=<4147.151855, 41.331406, 1341.867554>) as passenger
14:53:18.445 [VehicleEngine] Player Nick Leadbeatter [uid=JmVdSu0kzNbOpwjpFV-MDcMB-Equ3yPY-l-COMb6HgY=] started vehicle Nissan warrior (id=71E53717F84715AD2155E5AE355D8FB3 pos=<4147.151367, 41.331406, 1341.866943>)
14:54:54.710 [Expansion Quests] - InitQuestSystemClient - Created new persistent player quest data for player UID: NUj5dH2QCyzwrXBBkAWpwAeeg4cKJakUjy5gBEZK-I4=
14:56:13.578 [VehicleEnter] Player Paspuniak [uid=NUj5dH2QCyzwrXBBkAWpwAeeg4cKJakUjy5gBEZK-I4=] entered vehicle LUAZ 969 rust (id=9D4A8AD30940B36AE45B558695125EE6 pos=<3683.073730, 4.705276, 5939.402832>) as driver
14:56:19.281 [VehicleEngine] Player Paspuniak [uid=NUj5dH2QCyzwrXBBkAWpwAeeg4cKJakUjy5gBEZK-I4=] started vehicle LUAZ 969 rust (id=9D4A8AD30940B36AE45B558695125EE6 pos=<3683.073730, 4.705276, 5939.402832>)
14:56:22.433 [VehicleEngine] Player Paspuniak [uid=NUj5dH2QCyzwrXBBkAWpwAeeg4cKJakUjy5gBEZK-I4=] started vehicle LUAZ 969 rust (id=9D4A8AD30940B36AE45B558695125EE6 pos=<3683.073730, 4.705276, 5939.402832>)
14:56:27.132 [VehicleLeave] Player Paspuniak [uid=NUj5dH2QCyzwrXBBkAWpwAeeg4cKJakUjy5gBEZK-I4=] left vehicle LUAZ 969 rust (id=9D4A8AD30940B36AE45B558695125EE6 pos=<3683.073730, 4.705276, 5939.402832>)
14:56:28.367 [Safezone] Player "Nick Leadbeatter" (id=JmVdSu0kzNbOpwjpFV-MDcMB-Equ3yPY-l-COMb6HgY= pos=<4983.820313, 4.772783, 2148.249268>) Entered the safezone
14:56:28.367 [Safezone] Player "brailsford40" (id=HQAtXFe6fZZL90M2CD_a22otF9NJ2s4t7n-ol5BAu6o= pos=<4984.665527, 4.765848, 2148.342041>) Entered the safezone
14:57:07.101 [VehicleLeave] Player brailsford40 [uid=HQAtXFe6fZZL90M2CD_a22otF9NJ2s4t7n-ol5BAu6o=] left vehicle Nissan warrior (id=71E53717F84715AD2155E5AE355D8FB3 pos=<4841.875000, 6.405411, 2243.140625>)
14:57:08.367 [VehicleEngine] Player Nick Leadbeatter [uid=JmVdSu0kzNbOpwjpFV-MDcMB-Equ3yPY-l-COMb6HgY=] stopped vehicle Nissan warrior (id=71E53717F84715AD2155E5AE355D8FB3 pos=<4841.875977, 6.405409, 2243.140381>)
14:57:12.746 [VehicleLeave] Player Nick Leadbeatter [uid=JmVdSu0kzNbOpwjpFV-MDcMB-Equ3yPY-l-COMb6HgY=] left vehicle Nissan warrior (id=71E53717F84715AD2155E5AE355D8FB3 pos=<4841.875000, 6.405410, 2243.140625>)
14:59:02.828 [MissionAirdrop] An airdrop is heading towards "South Harbor" (pos=<1854.040039, 0.000000, 584.143005> type=Random_South-Harbor) with a ExpansionAirdropContainer_Medical
15:01:00.695 [ATM] Player "brailsford40" (id=HQAtXFe6fZZL90M2CD_a22otF9NJ2s4t7n-ol5BAu6o=) has withdrawn 1000 from the party "DIE HARD" (partyid=10 | ownerid=JmVdSu0kzNbOpwjpFV-MDcMB-Equ3yPY-l-COMb6HgY=) ATM account.
15:01:02.773 [ATM] Player "brailsford40" (id=HQAtXFe6fZZL90M2CD_a22otF9NJ2s4t7n-ol5BAu6o=) has withdrawn 1000 from his ATM account.
15:01:30.656 [Market] Player "brailsford40" (id=HQAtXFe6fZZL90M2CD_a22otF9NJ2s4t7n-ol5BAu6o=) has send a requested to purchase ammobox_556x45_20rnd x1 from the trader "Magazines (Oliver [AMMO & MAGAZINES])" in market zone "The Holler" (pos=<4864.000000, 0.000000, 2314.000000>).
15:01:30.792 [Market] Player "brailsford40" (id=HQAtXFe6fZZL90M2CD_a22otF9NJ2s4t7n-ol5BAu6o=) has bought ammobox_556x45_20rnd x1 from the trader "Magazines (Oliver [AMMO & MAGAZINES])" in market zone "The Holler" (pos=<4864.000000, 0.000000, 2314.000000>) for a price of 32.
15:01:31.468 [Market] Player "brailsford40" (id=HQAtXFe6fZZL90M2CD_a22otF9NJ2s4t7n-ol5BAu6o=) has send a requested to purchase ammobox_556x45_20rnd x1 from the trader "Magazines (Oliver [AMMO & MAGAZINES])" in market zone "The Holler" (pos=<4864.000000, 0.000000, 2314.000000>).
15:01:31.621 [Market] Player "brailsford40" (id=HQAtXFe6fZZL90M2CD_a22otF9NJ2s4t7n-ol5BAu6o=) has bought ammobox_556x45_20rnd x1 from the trader "Magazines (Oliver [AMMO & MAGAZINES])" in market zone "The Holler" (pos=<4864.000000, 0.000000, 2314.000000>) for a price of 32.
15:01:32.367 [Market] Player "brailsford40" (id=HQAtXFe6fZZL90M2CD_a22otF9NJ2s4t7n-ol5BAu6o=) has send a requested to purchase ammobox_556x45_20rnd x1 from the trader "Magazines (Oliver [AMMO & MAGAZINES])" in market zone "The Holler" (pos=<4864.000000, 0.000000, 2314.000000>).
15:01:32.562 [Market] Player "brailsford40" (id=HQAtXFe6fZZL90M2CD_a22otF9NJ2s4t7n-ol5BAu6o=) has bought ammobox_556x45_20rnd x1 from the trader "Magazines (Oliver [AMMO & MAGAZINES])" in market zone "The Holler" (pos=<4864.000000, 0.000000, 2314.000000>) for a price of 32.
15:01:33.238 [Market] Player "brailsford40" (id=HQAtXFe6fZZL90M2CD_a22otF9NJ2s4t7n-ol5BAu6o=) has send a requested to purchase ammobox_556x45_20rnd x1 from the trader "Magazines (Oliver [AMMO & MAGAZINES])" in market zone "The Holler" (pos=<4864.000000, 0.000000, 2314.000000>).
15:01:33.410 [Market] Player "brailsford40" (id=HQAtXFe6fZZL90M2CD_a22otF9NJ2s4t7n-ol5BAu6o=) has bought ammobox_556x45_20rnd x1 from the trader "Magazines (Oliver [AMMO & MAGAZINES])" in market zone "The Holler" (pos=<4864.000000, 0.000000, 2314.000000>) for a price of 32.
15:01:34.039 [Market] Player "brailsford40" (id=HQAtXFe6fZZL90M2CD_a22otF9NJ2s4t7n-ol5BAu6o=) has send a requested to purchase ammobox_556x45_20rnd x1 from the trader "Magazines (Oliver [AMMO & MAGAZINES])" in market zone "The Holler" (pos=<4864.000000, 0.000000, 2314.000000>).
15:01:34.214 [Market] Player "brailsford40" (id=HQAtXFe6fZZL90M2CD_a22otF9NJ2s4t7n-ol5BAu6o=) has bought ammobox_556x45_20rnd x1 from the trader "Magazines (Oliver [AMMO & MAGAZINES])" in market zone "The Holler" (pos=<4864.000000, 0.000000, 2314.000000>) for a price of 32.
15:01:34.851 [Market] Player "brailsford40" (id=HQAtXFe6fZZL90M2CD_a22otF9NJ2s4t7n-ol5BAu6o=) has send a requested to purchase ammobox_556x45_20rnd x1 from the trader "Magazines (Oliver [AMMO & MAGAZINES])" in market zone "The Holler" (pos=<4864.000000, 0.000000, 2314.000000>).
15:01:35.023 [Market] Player "brailsford40" (id=HQAtXFe6fZZL90M2CD_a22otF9NJ2s4t7n-ol5BAu6o=) has bought ammobox_556x45_20rnd x1 from the trader "Magazines (Oliver [AMMO & MAGAZINES])" in market zone "The Holler" (pos=<4864.000000, 0.000000, 2314.000000>) for a price of 32.
15:01:35.687 [Market] Player "brailsford40" (id=HQAtXFe6fZZL90M2CD_a22otF9NJ2s4t7n-ol5BAu6o=) has send a requested to purchase ammobox_556x45_20rnd x1 from the trader "Magazines (Oliver [AMMO & MAGAZINES])" in market zone "The Holler" (pos=<4864.000000, 0.000000, 2314.000000>).
15:01:35.859 [Market] Player "brailsford40" (id=HQAtXFe6fZZL90M2CD_a22otF9NJ2s4t7n-ol5BAu6o=) has bought ammobox_556x45_20rnd x1 from the trader "Magazines (Oliver [AMMO & MAGAZINES])" in market zone "The Holler" (pos=<4864.000000, 0.000000, 2314.000000>) for a price of 32.
15:01:36.507 [Market] Player "brailsford40" (id=HQAtXFe6fZZL90M2CD_a22otF9NJ2s4t7n-ol5BAu6o=) has send a requested to purchase ammobox_556x45_20rnd x1 from the trader "Magazines (Oliver [AMMO & MAGAZINES])" in market zone "The Holler" (pos=<4864.000000, 0.000000, 2314.000000>).
15:01:36.671 [Market] Player "brailsford40" (id=HQAtXFe6fZZL90M2CD_a22otF9NJ2s4t7n-ol5BAu6o=) has bought ammobox_556x45_20rnd x1 from the trader "Magazines (Oliver [AMMO & MAGAZINES])" in market zone "The Holler" (pos=<4864.000000, 0.000000, 2314.000000>) for a price of 32.
15:01:37.304 [Market] Player "brailsford40" (id=HQAtXFe6fZZL90M2CD_a22otF9NJ2s4t7n-ol5BAu6o=) has send a requested to purchase ammobox_556x45_20rnd x1 from the trader "Magazines (Oliver [AMMO & MAGAZINES])" in market zone "The Holler" (pos=<4864.000000, 0.000000, 2314.000000>).
15:01:37.472 [Market] Player "brailsford40" (id=HQAtXFe6fZZL90M2CD_a22otF9NJ2s4t7n-ol5BAu6o=) has bought ammobox_556x45_20rnd x1 from the trader "Magazines (Oliver [AMMO & MAGAZINES])" in market zone "The Holler" (pos=<4864.000000, 0.000000, 2314.000000>) for a price of 32.
15:01:38.085 [Market] Player "brailsford40" (id=HQAtXFe6fZZL90M2CD_a22otF9NJ2s4t7n-ol5BAu6o=) has send a requested to purchase ammobox_556x45_20rnd x1 from the trader "Magazines (Oliver [AMMO & MAGAZINES])" in market zone "The Holler" (pos=<4864.000000, 0.000000, 2314.000000>).
15:01:38.277 [Market] Player "brailsford40" (id=HQAtXFe6fZZL90M2CD_a22otF9NJ2s4t7n-ol5BAu6o=) has bought ammobox_556x45_20rnd x1 from the trader "Magazines (Oliver [AMMO & MAGAZINES])" in market zone "The Holler" (pos=<4864.000000, 0.000000, 2314.000000>) for a price of 32.
15:01:44.609 [ATM] Player "Nick Leadbeatter" (id=JmVdSu0kzNbOpwjpFV-MDcMB-Equ3yPY-l-COMb6HgY=) has withdrawn 1000 from the party "DIE HARD" (partyid=10 | ownerid=JmVdSu0kzNbOpwjpFV-MDcMB-Equ3yPY-l-COMb6HgY=) ATM account.
15:01:47.128 [ATM] Player "Nick Leadbeatter" (id=JmVdSu0kzNbOpwjpFV-MDcMB-Equ3yPY-l-COMb6HgY=) has withdrawn 1000 from his ATM account.
15:02:11.437 [Market] Player "Nick Leadbeatter" (id=JmVdSu0kzNbOpwjpFV-MDcMB-Equ3yPY-l-COMb6HgY=) has send a requested to purchase mag_stanag_60rnd x1 from the trader "Magazines (Oliver [AMMO & MAGAZINES])" in market zone "The Holler" (pos=<4864.000000, 0.000000, 2314.000000>).
15:02:11.578 [Market] Player "Nick Leadbeatter" (id=JmVdSu0kzNbOpwjpFV-MDcMB-Equ3yPY-l-COMb6HgY=) has bought mag_stanag_60rnd x1 from the trader "Magazines (Oliver [AMMO & MAGAZINES])" in market zone "The Holler" (pos=<4864.000000, 0.000000, 2314.000000>) for a price of 480.
15:02:12.570 [Market] Player "Nick Leadbeatter" (id=JmVdSu0kzNbOpwjpFV-MDcMB-Equ3yPY-l-COMb6HgY=) has send a requested to purchase mag_stanag_60rnd x1 from the trader "Magazines (Oliver [AMMO & MAGAZINES])" in market zone "The Holler" (pos=<4864.000000, 0.000000, 2314.000000>).
15:02:12.761 [Market] Player "Nick Leadbeatter" (id=JmVdSu0kzNbOpwjpFV-MDcMB-Equ3yPY-l-COMb6HgY=) has bought mag_stanag_60rnd x1 from the trader "Magazines (Oliver [AMMO & MAGAZINES])" in market zone "The Holler" (pos=<4864.000000, 0.000000, 2314.000000>) for a price of 480.
15:02:23.535 [Market] Player "Nick Leadbeatter" (id=JmVdSu0kzNbOpwjpFV-MDcMB-Equ3yPY-l-COMb6HgY=) has send a requested to purchase ammobox_556x45_20rnd x1 from the trader "Magazines (Oliver [AMMO & MAGAZINES])" in market zone "The Holler" (pos=<4864.000000, 0.000000, 2314.000000>).
15:02:23.667 [Market] Player "Nick Leadbeatter" (id=JmVdSu0kzNbOpwjpFV-MDcMB-Equ3yPY-l-COMb6HgY=) has bought ammobox_556x45_20rnd x1 from the trader "Magazines (Oliver [AMMO & MAGAZINES])" in market zone "The Holler" (pos=<4864.000000, 0.000000, 2314.000000>) for a price of 32.
15:02:55.031 [Market] Player "Nick Leadbeatter" (id=JmVdSu0kzNbOpwjpFV-MDcMB-Equ3yPY-l-COMb6HgY=) has send a requested to purchase ammobox_556x45_20rnd x1 from the trader "Magazines (Oliver [AMMO & MAGAZINES])" in market zone "The Holler" (pos=<4864.000000, 0.000000, 2314.000000>).
15:02:55.210 [Market] Player "Nick Leadbeatter" (id=JmVdSu0kzNbOpwjpFV-MDcMB-Equ3yPY-l-COMb6HgY=) has bought ammobox_556x45_20rnd x1 from the trader "Magazines (Oliver [AMMO & MAGAZINES])" in market zone "The Holler" (pos=<4864.000000, 0.000000, 2314.000000>) for a price of 32.
15:02:55.296 [Market] Player "Nick Leadbeatter" (id=JmVdSu0kzNbOpwjpFV-MDcMB-Equ3yPY-l-COMb6HgY=) has send a requested to purchase ammobox_556x45_20rnd x1 from the trader "Magazines (Oliver [AMMO & MAGAZINES])" in market zone "The Holler" (pos=<4864.000000, 0.000000, 2314.000000>).
15:02:55.433 [Market] Player "Nick Leadbeatter" (id=JmVdSu0kzNbOpwjpFV-MDcMB-Equ3yPY-l-COMb6HgY=) has bought ammobox_556x45_20rnd x1 from the trader "Magazines (Oliver [AMMO & MAGAZINES])" in market zone "The Holler" (pos=<4864.000000, 0.000000, 2314.000000>) for a price of 32.
15:02:55.613 [Market] Player "Nick Leadbeatter" (id=JmVdSu0kzNbOpwjpFV-MDcMB-Equ3yPY-l-COMb6HgY=) has send a requested to purchase ammobox_556x45_20rnd x1 from the trader "Magazines (Oliver [AMMO & MAGAZINES])" in market zone "The Holler" (pos=<4864.000000, 0.000000, 2314.000000>).
15:02:55.789 [Market] Player "Nick Leadbeatter" (id=JmVdSu0kzNbOpwjpFV-MDcMB-Equ3yPY-l-COMb6HgY=) has bought ammobox_556x45_20rnd x1 from the trader "Magazines (Oliver [AMMO & MAGAZINES])" in market zone "The Holler" (pos=<4864.000000, 0.000000, 2314.000000>) for a price of 32.
15:02:55.921 [Market] Player "Nick Leadbeatter" (id=JmVdSu0kzNbOpwjpFV-MDcMB-Equ3yPY-l-COMb6HgY=) has send a requested to purchase ammobox_556x45_20rnd x1 from the trader "Magazines (Oliver [AMMO & MAGAZINES])" in market zone "The Holler" (pos=<4864.000000, 0.000000, 2314.000000>).
15:02:56.058 [Market] Player "Nick Leadbeatter" (id=JmVdSu0kzNbOpwjpFV-MDcMB-Equ3yPY-l-COMb6HgY=) has bought ammobox_556x45_20rnd x1 from the trader "Magazines (Oliver [AMMO & MAGAZINES])" in market zone "The Holler" (pos=<4864.000000, 0.000000, 2314.000000>) for a price of 32.
15:02:56.195 [Market] Player "Nick Leadbeatter" (id=JmVdSu0kzNbOpwjpFV-MDcMB-Equ3yPY-l-COMb6HgY=) has send a requested to purchase ammobox_556x45_20rnd x1 from the trader "Magazines (Oliver [AMMO & MAGAZINES])" in market zone "The Holler" (pos=<4864.000000, 0.000000, 2314.000000>).
15:02:56.382 [Market] Player "Nick Leadbeatter" (id=JmVdSu0kzNbOpwjpFV-MDcMB-Equ3yPY-l-COMb6HgY=) has bought ammobox_556x45_20rnd x1 from the trader "Magazines (Oliver [AMMO & MAGAZINES])" in market zone "The Holler" (pos=<4864.000000, 0.000000, 2314.000000>) for a price of 32.
15:02:56.585 [Market] Player "Nick Leadbeatter" (id=JmVdSu0kzNbOpwjpFV-MDcMB-Equ3yPY-l-COMb6HgY=) has send a requested to purchase ammobox_556x45_20rnd x1 from the trader "Magazines (Oliver [AMMO & MAGAZINES])" in market zone "The Holler" (pos=<4864.000000, 0.000000, 2314.000000>).
15:02:56.757 [Market] Player "Nick Leadbeatter" (id=JmVdSu0kzNbOpwjpFV-MDcMB-Equ3yPY-l-COMb6HgY=) has bought ammobox_556x45_20rnd x1 from the trader "Magazines (Oliver [AMMO & MAGAZINES])" in market zone "The Holler" (pos=<4864.000000, 0.000000, 2314.000000>) for a price of 32.
15:02:56.898 [Market] Player "Nick Leadbeatter" (id=JmVdSu0kzNbOpwjpFV-MDcMB-Equ3yPY-l-COMb6HgY=) has send a requested to purchase ammobox_556x45_20rnd x1 from the trader "Magazines (Oliver [AMMO & MAGAZINES])" in market zone "The Holler" (pos=<4864.000000, 0.000000, 2314.000000>).
15:02:57.085 [Market] Player "Nick Leadbeatter" (id=JmVdSu0kzNbOpwjpFV-MDcMB-Equ3yPY-l-COMb6HgY=) has bought ammobox_556x45_20rnd x1 from the trader "Magazines (Oliver [AMMO & MAGAZINES])" in market zone "The Holler" (pos=<4864.000000, 0.000000, 2314.000000>) for a price of 32.
15:02:57.207 [Market] Player "Nick Leadbeatter" (id=JmVdSu0kzNbOpwjpFV-MDcMB-Equ3yPY-l-COMb6HgY=) has send a requested to purchase ammobox_556x45_20rnd x1 from the trader "Magazines (Oliver [AMMO & MAGAZINES])" in market zone "The Holler" (pos=<4864.000000, 0.000000, 2314.000000>).
15:02:57.343 [Market] Player "Nick Leadbeatter" (id=JmVdSu0kzNbOpwjpFV-MDcMB-Equ3yPY-l-COMb6HgY=) has bought ammobox_556x45_20rnd x1 from the trader "Magazines (Oliver [AMMO & MAGAZINES])" in market zone "The Holler" (pos=<4864.000000, 0.000000, 2314.000000>) for a price of 32.
15:02:57.527 [Market] Player "Nick Leadbeatter" (id=JmVdSu0kzNbOpwjpFV-MDcMB-Equ3yPY-l-COMb6HgY=) has send a requested to purchase ammobox_556x45_20rnd x1 from the trader "Magazines (Oliver [AMMO & MAGAZINES])" in market zone "The Holler" (pos=<4864.000000, 0.000000, 2314.000000>).
15:02:57.714 [Market] Player "Nick Leadbeatter" (id=JmVdSu0kzNbOpwjpFV-MDcMB-Equ3yPY-l-COMb6HgY=) has bought ammobox_556x45_20rnd x1 from the trader "Magazines (Oliver [AMMO & MAGAZINES])" in market zone "The Holler" (pos=<4864.000000, 0.000000, 2314.000000>) for a price of 32.
15:02:57.796 [Market] Player "Nick Leadbeatter" (id=JmVdSu0kzNbOpwjpFV-MDcMB-Equ3yPY-l-COMb6HgY=) has send a requested to purchase ammobox_556x45_20rnd x1 from the trader "Magazines (Oliver [AMMO & MAGAZINES])" in market zone "The Holler" (pos=<4864.000000, 0.000000, 2314.000000>).
15:02:57.976 [Market] Player "Nick Leadbeatter" (id=JmVdSu0kzNbOpwjpFV-MDcMB-Equ3yPY-l-COMb6HgY=) has bought ammobox_556x45_20rnd x1 from the trader "Magazines (Oliver [AMMO & MAGAZINES])" in market zone "The Holler" (pos=<4864.000000, 0.000000, 2314.000000>) for a price of 32.
15:03:47.804 [Chat - Global]("Nick Leadbeatter"(id=JmVdSu0kzNbOpwjpFV-MDcMB-Equ3yPY-l-COMb6HgY=)): HI
15:06:57.339 [ATM] Player "Nick Leadbeatter" (id=JmVdSu0kzNbOpwjpFV-MDcMB-Equ3yPY-l-COMb6HgY=) has deposited 368 on his ATM account.
15:07:01.390 [ATM] Player "Nick Leadbeatter" (id=JmVdSu0kzNbOpwjpFV-MDcMB-Equ3yPY-l-COMb6HgY=) has deposited 368 on the party "DIE HARD" (partyid=10 | ownerid=JmVdSu0kzNbOpwjpFV-MDcMB-Equ3yPY-l-COMb6HgY=) ATM account.
15:07:50.050 [VehicleEnter] Player Nick Leadbeatter [uid=JmVdSu0kzNbOpwjpFV-MDcMB-Equ3yPY-l-COMb6HgY=] entered vehicle Nissan warrior (id=71E53717F84715AD2155E5AE355D8FB3 pos=<4841.874512, 6.405411, 2243.140869>) as driver
15:08:12.730 [VehicleAttachments] Player brailsford40 (uid=HQAtXFe6fZZL90M2CD_a22otF9NJ2s4t7n-ol5BAu6o=) detached Jerrycan (type=CanisterGasoline) from vehicle Nissan warrior(id=71E53717F84715AD2155E5AE355D8FB3 pos=<4841.875977, 6.405408, 2243.140625>)
15:08:38.164 [VehicleEnter] Player brailsford40 [uid=HQAtXFe6fZZL90M2CD_a22otF9NJ2s4t7n-ol5BAu6o=] entered vehicle Nissan warrior (id=71E53717F84715AD2155E5AE355D8FB3 pos=<4841.874023, 6.405412, 2243.141113>) as passenger
15:08:41.761 [VehicleEngine] Player Nick Leadbeatter [uid=JmVdSu0kzNbOpwjpFV-MDcMB-Equ3yPY-l-COMb6HgY=] started vehicle Nissan warrior (id=71E53717F84715AD2155E5AE355D8FB3 pos=<4841.874023, 6.405412, 2243.140869>)
15:09:39.070 [Safezone] Player "Nick Leadbeatter" (id=JmVdSu0kzNbOpwjpFV-MDcMB-Equ3yPY-l-COMb6HgY= pos=<4721.820313, 6.658029, 2587.167480>) Left the safezone
15:09:39.070 [Safezone] Player "brailsford40" (id=HQAtXFe6fZZL90M2CD_a22otF9NJ2s4t7n-ol5BAu6o= pos=<4722.667969, 6.686543, 2587.222168>) Left the safezone
15:12:56.832 [VehicleLeave] Player brailsford40 [uid=HQAtXFe6fZZL90M2CD_a22otF9NJ2s4t7n-ol5BAu6o=] left vehicle Nissan warrior (id=71E53717F84715AD2155E5AE355D8FB3 pos=<4068.393311, 10.361239, 4132.932617>)
15:13:21.480 [VehicleEngine] Player Nick Leadbeatter [uid=JmVdSu0kzNbOpwjpFV-MDcMB-Equ3yPY-l-COMb6HgY=] stopped vehicle Nissan warrior (id=71E53717F84715AD2155E5AE355D8FB3 pos=<4060.722412, 11.069052, 4157.115234>)
15:13:25.507 [VehicleLeave] Player Nick Leadbeatter [uid=JmVdSu0kzNbOpwjpFV-MDcMB-Equ3yPY-l-COMb6HgY=] left vehicle Nissan warrior (id=71E53717F84715AD2155E5AE355D8FB3 pos=<4060.723633, 11.069055, 4157.117188>)
15:18:56.183 [AI Patrol] Spawning 2 Shamans bots at <2621.765137, 43.585114, 5714.159180>
15:27:28.898 [VehicleCarKey] Player "Nick Leadbeatter" (id=JmVdSu0kzNbOpwjpFV-MDcMB-Equ3yPY-l-COMb6HgY= pos=<4062.263184, 10.973777, 4158.105957>) used the  ExpansionCarKey to lock Nissan_warrior (id=71E53717F84715AD2155E5AE355D8FB3 pos=<4060.724121, 11.069055, 4157.117676>)
15:29:20.941 [Party] Player "Nick Leadbeatter" (id=JmVdSu0kzNbOpwjpFV-MDcMB-Equ3yPY-l-COMb6HgY=) left the party "DIE HARD" (id=10 ownerUID=JmVdSu0kzNbOpwjpFV-MDcMB-Equ3yPY-l-COMb6HgY= ownerName=Nick Leadbeatter)
15:29:25.761 [Party] Player "brailsford40" (id=HQAtXFe6fZZL90M2CD_a22otF9NJ2s4t7n-ol5BAu6o=) left the party "DIE HARD" (id=10 ownerUID=JmVdSu0kzNbOpwjpFV-MDcMB-Equ3yPY-l-COMb6HgY= ownerName=Nick Leadbeatter)
15:49:06.898 [Expansion Quests] - InitQuestSystemClient - Loaded existing player quest data for player with UID: NUj5dH2QCyzwrXBBkAWpwAeeg4cKJakUjy5gBEZK-I4=
15:49:06.898 [Expansion Quests] - Create new quest instance for quest: 99 - Player UID: NUj5dH2QCyzwrXBBkAWpwAeeg4cKJakUjy5gBEZK-I4=
16:24:22.843 [MissionAirdrop] An airdrop is heading towards "the Mine" (pos=<3056.280029, 0.000000, 1123.099976> type=Random_Mine) with a ExpansionAirdropContainer_Military
17:00:46.519 [Expansion Quests] - InitQuestSystemClient - Loaded existing player quest data for player with UID: KRyMpbUrusxw3039QqIeik3znMfIL0peuzchFYzzOUI=
17:00:46.519 [Expansion Quests] - Create new quest instance for quest: 1 - Player UID: KRyMpbUrusxw3039QqIeik3znMfIL0peuzchFYzzOUI=
17:00:46.523 [AI Patrol] Spawning 2 Shamans bots at <7265.637207, 26.192825, 2085.018555>
17:00:46.539 [AI Patrol] Spawning 2 Shamans bots at <6494.411621, 27.790787, 1942.274658>
17:01:51.453 [AI Patrol] Spawning 2 Shamans bots at <6749.944336, 19.120001, 3726.881836>
