06:50:47.099 [Safezone] Player "Lets_G0_Brandon" (id=RjqUafmWjW9Q1BHza4n7WoZ_8uUWujoz2w-ciuQaZcs= pos=<4805.267090, 5.959401, 2248.277588>) Entered the safezone
06:50:47.101 [Party] Player "Lets_G0_Brandon" (id=RjqUafmWjW9Q1BHza4n7WoZ_8uUWujoz2w-ciuQaZcs=) joinded the party "Hard Gits" (id=2 ownerUID=RjqUafmWjW9Q1BHza4n7WoZ_8uUWujoz2w-ciuQaZcs= ownerName=Lets_G0_Brandon)
06:50:47.107 [Expansion Quests] - InitQuestSystemClient - Loaded existing player quest data for player with UID: RjqUafmWjW9Q1BHza4n7WoZ_8uUWujoz2w-ciuQaZcs=
06:50:47.109 [Expansion Quests] - LoadGroupQuestData - Loaded existing group quest data for group with ID: 2
06:50:47.113 [AI Patrol] Spawning 2 Shamans bots at <4743.131836, 47.805664, 1338.542114>
06:50:48.074 [Expansion Quests] - LoadGroupQuestData - Got cached group quest data for group with ID: 2
06:55:54.990 [MissionAirdrop] An airdrop is heading towards "Mt Lapithas" (pos=<5540.580078, 0.000000, 4123.680176> type=Random_Mt-Lapithas) with a ExpansionAirdropContainer
06:56:26.615 [Safezone] Player "Lets_G0_Brandon" (id=RjqUafmWjW9Q1BHza4n7WoZ_8uUWujoz2w-ciuQaZcs= pos=<4614.386230, 2.473518, 2225.211914>) Left the safezone
07:11:29.630 [VehicleCover] Player "Lets_G0_Brandon" (id=RjqUafmWjW9Q1BHza4n7WoZ_8uUWujoz2w-ciuQaZcs= pos=<2334.387451, 78.194168, 1684.054321>) uncovered vehicle "PONTIAC_rust" (GlobalID=80000000800000008000000080000318 pos=<2335.304199, 78.164421, 1680.640381>)!
07:12:12.117 [Safezone] Player "wiggy" (id=SgADkNjbGaUs8SauxTNPqYQENYs5GlEGD7NNksMh0hI= pos=<4803.142090, 5.944802, 2243.825928>) Entered the safezone
07:12:12.117 [Party] Player "wiggy" (id=SgADkNjbGaUs8SauxTNPqYQENYs5GlEGD7NNksMh0hI=) joinded the party "Hard Gits" (id=2 ownerUID=RjqUafmWjW9Q1BHza4n7WoZ_8uUWujoz2w-ciuQaZcs= ownerName=Lets_G0_Brandon)
07:12:12.130 [Expansion Quests] - InitQuestSystemClient - Loaded existing player quest data for player with UID: SgADkNjbGaUs8SauxTNPqYQENYs5GlEGD7NNksMh0hI=
07:12:12.130 [Expansion Quests] - LoadGroupQuestData - Got cached group quest data for group with ID: 2
07:12:12.132 [Expansion Quests] - Create new quest instance for quest: 57 - Player UID: SgADkNjbGaUs8SauxTNPqYQENYs5GlEGD7NNksMh0hI=
07:12:13.064 [Expansion Quests] - LoadGroupQuestData - Got cached group quest data for group with ID: 2
07:14:11.304 [VehicleCover] Player "Lets_G0_Brandon" (id=RjqUafmWjW9Q1BHza4n7WoZ_8uUWujoz2w-ciuQaZcs= pos=<2331.347900, 78.195908, 1687.045044>) uncovered vehicle "BMW_rust" (GlobalID=800000008000000080000000800002E2 pos=<2331.201416, 78.115036, 1684.580566>)!
07:14:30.021 [VehicleCarKey] Player "Lets_G0_Brandon" (id=RjqUafmWjW9Q1BHza4n7WoZ_8uUWujoz2w-ciuQaZcs= pos=<2330.349854, 78.196182, 1686.990601>) used the  ExpansionCarKey to unlock BMW_rust (id=63EF32EFBA45CC9DDB12758554D6A741 pos=<2331.201172, 78.114990, 1684.580566>)
07:19:46.630 [Safezone] Player "wiggy" (id=SgADkNjbGaUs8SauxTNPqYQENYs5GlEGD7NNksMh0hI= pos=<4613.985840, 2.473534, 2224.157471>) Left the safezone
07:25:49.429 [VehicleCarKey] Player "Lets_G0_Brandon" (id=RjqUafmWjW9Q1BHza4n7WoZ_8uUWujoz2w-ciuQaZcs= pos=<2334.172852, 78.194153, 1683.759521>) used the  ExpansionCarKey to lock PONTIAC_rust (id=BAB0458AFC4AA926691338BDEC373366 pos=<2335.303955, 78.164413, 1680.639282>)
07:26:13.644 [VehicleDeleted] PONTIAC_rust (id=BAB0458AFC4AA926691338BDEC373366 pos=<2335.303955, 78.164413, 1680.639282>)
07:26:13.646 [VehicleCover] Player "Lets_G0_Brandon" (id=RjqUafmWjW9Q1BHza4n7WoZ_8uUWujoz2w-ciuQaZcs= pos=<2335.871582, 78.193489, 1683.256470>) covered vehicle "PONTIAC_rust" (GlobalID=80000000800000008000000080000318 pos=<2335.303955, 78.164413, 1680.639282>)!
07:29:35.386 [AI Patrol] Spawning 2 Shamans bots at <1640.633057, 15.570000, 478.994049>
07:37:38.277 [VehicleEnter] Player Lets_G0_Brandon [uid=RjqUafmWjW9Q1BHza4n7WoZ_8uUWujoz2w-ciuQaZcs=] entered vehicle BMW (rust) (id=63EF32EFBA45CC9DDB12758554D6A741 pos=<2331.207275, 78.114967, 1684.439575>) as driver
07:37:44.363 [VehicleEngine] Player Lets_G0_Brandon [uid=RjqUafmWjW9Q1BHza4n7WoZ_8uUWujoz2w-ciuQaZcs=] started vehicle BMW (rust) (id=63EF32EFBA45CC9DDB12758554D6A741 pos=<2331.206055, 78.114967, 1684.440674>)
07:39:29.681 [VehicleEnter] Player wiggy [uid=SgADkNjbGaUs8SauxTNPqYQENYs5GlEGD7NNksMh0hI=] entered vehicle BMW (rust) (id=63EF32EFBA45CC9DDB12758554D6A741 pos=<2323.729980, 77.019714, 1695.675659>) as passenger
07:44:52.591 [VehicleLeave] Player Lets_G0_Brandon [uid=RjqUafmWjW9Q1BHza4n7WoZ_8uUWujoz2w-ciuQaZcs=] left vehicle BMW (rust) (id=63EF32EFBA45CC9DDB12758554D6A741 pos=<3810.431152, 40.360035, 1773.678955>)
07:44:57.625 [VehicleLeave] Player wiggy [uid=SgADkNjbGaUs8SauxTNPqYQENYs5GlEGD7NNksMh0hI=] left vehicle BMW (rust) (id=63EF32EFBA45CC9DDB12758554D6A741 pos=<3810.441650, 40.358227, 1773.666016>)
07:45:46.884 [VehicleEnter] Player wiggy [uid=SgADkNjbGaUs8SauxTNPqYQENYs5GlEGD7NNksMh0hI=] entered vehicle BMW (rust) (id=63EF32EFBA45CC9DDB12758554D6A741 pos=<3810.441650, 40.358227, 1773.666016>) as passenger
07:45:50.097 [VehicleEnter] Player Lets_G0_Brandon [uid=RjqUafmWjW9Q1BHza4n7WoZ_8uUWujoz2w-ciuQaZcs=] entered vehicle BMW (rust) (id=63EF32EFBA45CC9DDB12758554D6A741 pos=<3810.473389, 40.352829, 1773.626099>) as driver
07:45:53.697 [VehicleEngine] Player Lets_G0_Brandon [uid=RjqUafmWjW9Q1BHza4n7WoZ_8uUWujoz2w-ciuQaZcs=] started vehicle BMW (rust) (id=63EF32EFBA45CC9DDB12758554D6A741 pos=<3810.545410, 40.340443, 1773.534912>)
07:48:24.974 [Safezone] Player "wiggy" (id=SgADkNjbGaUs8SauxTNPqYQENYs5GlEGD7NNksMh0hI= pos=<4667.623047, 3.001572, 2242.762451>) Entered the safezone
07:48:24.974 [Safezone] Player "Lets_G0_Brandon" (id=RjqUafmWjW9Q1BHza4n7WoZ_8uUWujoz2w-ciuQaZcs= pos=<4667.340820, 3.002589, 2243.552246>) Entered the safezone
07:48:50.152 [VehicleLeave] Player Lets_G0_Brandon [uid=RjqUafmWjW9Q1BHza4n7WoZ_8uUWujoz2w-ciuQaZcs=] left vehicle BMW (rust) (id=63EF32EFBA45CC9DDB12758554D6A741 pos=<4806.025879, 6.227159, 2265.853516>)
07:48:50.544 [VehicleLeave] Player wiggy [uid=SgADkNjbGaUs8SauxTNPqYQENYs5GlEGD7NNksMh0hI=] left vehicle BMW (rust) (id=63EF32EFBA45CC9DDB12758554D6A741 pos=<4806.025879, 6.227155, 2265.853516>)
07:49:18.058 [Expansion Quests] - CreateQuestInstance - Created new quest instance for with instance key RjqUafmWjW9Q1BHza4n7WoZ_8uUWujoz2w-ciuQaZcs= for quest 38
07:49:29.246 [Expansion Quests] - CompleteQuest - Player with UID SgADkNjbGaUs8SauxTNPqYQENYs5GlEGD7NNksMh0hI= has completed quest 57
07:49:36.285 [Market] Player "Lets_G0_Brandon" (id=RjqUafmWjW9Q1BHza4n7WoZ_8uUWujoz2w-ciuQaZcs=) has send a requested to sell cp_cannabisbagblue x1 at the trader "Fishing_Hunting (Helga [HOLLER MARKET])" in market zone "The Holler" (pos=<4864.000000, 0.000000, 2314.000000>).
07:49:36.554 [Market] Player "Lets_G0_Brandon" (id=RjqUafmWjW9Q1BHza4n7WoZ_8uUWujoz2w-ciuQaZcs=) has sold cp_cannabisbagblue x1 at the trader "Fishing_Hunting (Helga [HOLLER MARKET])" in market zone "The Holler" (pos=<4864.000000, 0.000000, 2314.000000>) and got 1500.
07:49:36.804 [Market] Player "Lets_G0_Brandon" (id=RjqUafmWjW9Q1BHza4n7WoZ_8uUWujoz2w-ciuQaZcs=) has send a requested to sell cp_cannabisbagblue x1 at the trader "Fishing_Hunting (Helga [HOLLER MARKET])" in market zone "The Holler" (pos=<4864.000000, 0.000000, 2314.000000>).
07:49:37.082 [Market] Player "Lets_G0_Brandon" (id=RjqUafmWjW9Q1BHza4n7WoZ_8uUWujoz2w-ciuQaZcs=) has sold cp_cannabisbagblue x1 at the trader "Fishing_Hunting (Helga [HOLLER MARKET])" in market zone "The Holler" (pos=<4864.000000, 0.000000, 2314.000000>) and got 1500.
07:49:37.636 [Market] Player "Lets_G0_Brandon" (id=RjqUafmWjW9Q1BHza4n7WoZ_8uUWujoz2w-ciuQaZcs=) has send a requested to sell cp_cannabisbagblue x1 at the trader "Fishing_Hunting (Helga [HOLLER MARKET])" in market zone "The Holler" (pos=<4864.000000, 0.000000, 2314.000000>).
07:49:37.951 [Market] Player "Lets_G0_Brandon" (id=RjqUafmWjW9Q1BHza4n7WoZ_8uUWujoz2w-ciuQaZcs=) has sold cp_cannabisbagblue x1 at the trader "Fishing_Hunting (Helga [HOLLER MARKET])" in market zone "The Holler" (pos=<4864.000000, 0.000000, 2314.000000>) and got 1500.
07:49:39.156 [Market] Player "Lets_G0_Brandon" (id=RjqUafmWjW9Q1BHza4n7WoZ_8uUWujoz2w-ciuQaZcs=) has send a requested to sell cp_cannabisbagblue x1 at the trader "Fishing_Hunting (Helga [HOLLER MARKET])" in market zone "The Holler" (pos=<4864.000000, 0.000000, 2314.000000>).
07:49:39.449 [Market] Player "Lets_G0_Brandon" (id=RjqUafmWjW9Q1BHza4n7WoZ_8uUWujoz2w-ciuQaZcs=) has sold cp_cannabisbagblue x1 at the trader "Fishing_Hunting (Helga [HOLLER MARKET])" in market zone "The Holler" (pos=<4864.000000, 0.000000, 2314.000000>) and got 1500.
07:49:39.902 [Market] Player "Lets_G0_Brandon" (id=RjqUafmWjW9Q1BHza4n7WoZ_8uUWujoz2w-ciuQaZcs=) has send a requested to sell cp_cannabisbagblue x1 at the trader "Fishing_Hunting (Helga [HOLLER MARKET])" in market zone "The Holler" (pos=<4864.000000, 0.000000, 2314.000000>).
07:49:40.179 [Market] Player "Lets_G0_Brandon" (id=RjqUafmWjW9Q1BHza4n7WoZ_8uUWujoz2w-ciuQaZcs=) has sold cp_cannabisbagblue x1 at the trader "Fishing_Hunting (Helga [HOLLER MARKET])" in market zone "The Holler" (pos=<4864.000000, 0.000000, 2314.000000>) and got 1500.
07:49:40.296 [Market] Player "Lets_G0_Brandon" (id=RjqUafmWjW9Q1BHza4n7WoZ_8uUWujoz2w-ciuQaZcs=) has send a requested to sell cp_cannabisbagblue x1 at the trader "Fishing_Hunting (Helga [HOLLER MARKET])" in market zone "The Holler" (pos=<4864.000000, 0.000000, 2314.000000>).
07:49:40.623 [Market] Player "Lets_G0_Brandon" (id=RjqUafmWjW9Q1BHza4n7WoZ_8uUWujoz2w-ciuQaZcs=) has sold cp_cannabisbagblue x1 at the trader "Fishing_Hunting (Helga [HOLLER MARKET])" in market zone "The Holler" (pos=<4864.000000, 0.000000, 2314.000000>) and got 1500.
07:49:40.953 [Market] Player "Lets_G0_Brandon" (id=RjqUafmWjW9Q1BHza4n7WoZ_8uUWujoz2w-ciuQaZcs=) has send a requested to sell cp_cannabisbagblue x1 at the trader "Fishing_Hunting (Helga [HOLLER MARKET])" in market zone "The Holler" (pos=<4864.000000, 0.000000, 2314.000000>).
07:49:41.263 [Market] Player "Lets_G0_Brandon" (id=RjqUafmWjW9Q1BHza4n7WoZ_8uUWujoz2w-ciuQaZcs=) has sold cp_cannabisbagblue x1 at the trader "Fishing_Hunting (Helga [HOLLER MARKET])" in market zone "The Holler" (pos=<4864.000000, 0.000000, 2314.000000>) and got 1500.
07:49:41.470 [Market] Player "Lets_G0_Brandon" (id=RjqUafmWjW9Q1BHza4n7WoZ_8uUWujoz2w-ciuQaZcs=) has send a requested to sell cp_cannabisbagblue x1 at the trader "Fishing_Hunting (Helga [HOLLER MARKET])" in market zone "The Holler" (pos=<4864.000000, 0.000000, 2314.000000>).
07:49:41.775 [Market] Player "Lets_G0_Brandon" (id=RjqUafmWjW9Q1BHza4n7WoZ_8uUWujoz2w-ciuQaZcs=) has sold cp_cannabisbagblue x1 at the trader "Fishing_Hunting (Helga [HOLLER MARKET])" in market zone "The Holler" (pos=<4864.000000, 0.000000, 2314.000000>) and got 1500.
07:49:45.951 [Market] Player "Lets_G0_Brandon" (id=RjqUafmWjW9Q1BHza4n7WoZ_8uUWujoz2w-ciuQaZcs=) has send a requested to sell cp_cannabisbags1 x1 at the trader "Fishing_Hunting (Helga [HOLLER MARKET])" in market zone "The Holler" (pos=<4864.000000, 0.000000, 2314.000000>).
07:49:46.242 [Market] Player "Lets_G0_Brandon" (id=RjqUafmWjW9Q1BHza4n7WoZ_8uUWujoz2w-ciuQaZcs=) has sold cp_cannabisbags1 x1 at the trader "Fishing_Hunting (Helga [HOLLER MARKET])" in market zone "The Holler" (pos=<4864.000000, 0.000000, 2314.000000>) and got 3250.
07:49:50.373 [Expansion Quests] - CreateQuestInstance - Created new quest instance for with instance key SgADkNjbGaUs8SauxTNPqYQENYs5GlEGD7NNksMh0hI= for quest 51
07:49:52.347 [ATM] Player "Lets_G0_Brandon" (id=RjqUafmWjW9Q1BHza4n7WoZ_8uUWujoz2w-ciuQaZcs=) has deposited 62370 on his ATM account.
07:50:17.390 [ATM] Player "wiggy" (id=SgADkNjbGaUs8SauxTNPqYQENYs5GlEGD7NNksMh0hI=) has deposited 200 on his ATM account.
07:50:26.214 [VehicleEnter] Player wiggy [uid=SgADkNjbGaUs8SauxTNPqYQENYs5GlEGD7NNksMh0hI=] entered vehicle BMW (rust) (id=63EF32EFBA45CC9DDB12758554D6A741 pos=<4806.025879, 6.227161, 2265.853516>) as passenger
07:50:29.863 [VehicleEnter] Player Lets_G0_Brandon [uid=RjqUafmWjW9Q1BHza4n7WoZ_8uUWujoz2w-ciuQaZcs=] entered vehicle BMW (rust) (id=63EF32EFBA45CC9DDB12758554D6A741 pos=<4806.025879, 6.227156, 2265.853516>) as driver
07:51:52.558 [VehicleEngine] Player Lets_G0_Brandon [uid=RjqUafmWjW9Q1BHza4n7WoZ_8uUWujoz2w-ciuQaZcs=] started vehicle BMW (rust) (id=63EF32EFBA45CC9DDB12758554D6A741 pos=<4806.025879, 6.227153, 2265.857666>)
07:53:08.164 [Safezone] Player "wiggy" (id=SgADkNjbGaUs8SauxTNPqYQENYs5GlEGD7NNksMh0hI= pos=<4725.907715, 2.578105, 2553.999023>) Left the safezone
07:53:08.164 [Safezone] Player "Lets_G0_Brandon" (id=RjqUafmWjW9Q1BHza4n7WoZ_8uUWujoz2w-ciuQaZcs= pos=<4725.087402, 2.599592, 2553.823730>) Left the safezone
08:01:08.867 [AI Patrol] Spawning 2 Shamans bots at <2120.712402, 55.226208, 2894.982178>
08:03:37.638 [VehicleLeave] Player Lets_G0_Brandon [uid=RjqUafmWjW9Q1BHza4n7WoZ_8uUWujoz2w-ciuQaZcs=] left vehicle BMW (rust) (id=63EF32EFBA45CC9DDB12758554D6A741 pos=<2436.208252, 53.313263, 3515.985840>)
08:03:40.101 [VehicleLeave] Player wiggy [uid=SgADkNjbGaUs8SauxTNPqYQENYs5GlEGD7NNksMh0hI=] left vehicle BMW (rust) (id=63EF32EFBA45CC9DDB12758554D6A741 pos=<2436.218750, 53.312275, 3515.991455>)
08:05:01.191 [BaseBuildingRaiding] Player "wiggy" (id=SgADkNjbGaUs8SauxTNPqYQENYs5GlEGD7NNksMh0hI= pos=<2415.861084, 56.448486, 3496.939941>) deployed ExpansionSatchel at <2415.670898, 57.105972, 3497.523682>
08:05:31.296 [ExplosionDamageSystem] About to explode ExpansionC4_Ammo from Expansion_C4_Explosion<a8b9080> at <2414.21, 56.44, 3497.18> EXPLOSION range 5 dropoff 2.5
08:08:08.902 [VehicleEnter] Player Lets_G0_Brandon [uid=RjqUafmWjW9Q1BHza4n7WoZ_8uUWujoz2w-ciuQaZcs=] entered vehicle BMW (rust) (id=63EF32EFBA45CC9DDB12758554D6A741 pos=<2436.249023, 53.309307, 3516.009033>) as driver
08:08:11.898 [VehicleEngine] Player Lets_G0_Brandon [uid=RjqUafmWjW9Q1BHza4n7WoZ_8uUWujoz2w-ciuQaZcs=] started vehicle BMW (rust) (id=63EF32EFBA45CC9DDB12758554D6A741 pos=<2436.306152, 53.303719, 3516.041260>)
08:08:27.482 [VehicleEnter] Player wiggy [uid=SgADkNjbGaUs8SauxTNPqYQENYs5GlEGD7NNksMh0hI=] entered vehicle BMW (rust) (id=63EF32EFBA45CC9DDB12758554D6A741 pos=<2436.624512, 53.272530, 3516.222412>) as passenger
08:09:54.617 [VehicleLeave] Player wiggy [uid=SgADkNjbGaUs8SauxTNPqYQENYs5GlEGD7NNksMh0hI=] left vehicle BMW (rust) (id=63EF32EFBA45CC9DDB12758554D6A741 pos=<2389.488037, 55.025131, 3563.800537>)
08:10:40.630 [VehicleAttachments] Player wiggy (uid=SgADkNjbGaUs8SauxTNPqYQENYs5GlEGD7NNksMh0hI=) detached Kamaz Typhoon 63969 Wheel (type=Kamaz_Typhoon_Wheel) from vehicle Kamaz Typhoon 63969(id=1B9DEC02E44BF6899A2865B3DB450F88 pos=<2375.751953, 55.484016, 3562.683105>)
08:10:51.259 [VehicleAttachments] Player wiggy (uid=SgADkNjbGaUs8SauxTNPqYQENYs5GlEGD7NNksMh0hI=) detached Kamaz Typhoon 63969 Wheel (type=Kamaz_Typhoon_Wheel) from vehicle Kamaz Typhoon 63969(id=1B9DEC02E44BF6899A2865B3DB450F88 pos=<2375.787598, 55.459293, 3562.704590>)
08:11:03.230 [VehicleAttachments] Player wiggy (uid=SgADkNjbGaUs8SauxTNPqYQENYs5GlEGD7NNksMh0hI=) detached Kamaz Typhoon 63969 Wheel (type=Kamaz_Typhoon_Wheel) from vehicle Kamaz Typhoon 63969(id=1B9DEC02E44BF6899A2865B3DB450F88 pos=<2375.818604, 55.481365, 3562.648682>)
08:11:14.093 [VehicleLeave] Player Lets_G0_Brandon [uid=RjqUafmWjW9Q1BHza4n7WoZ_8uUWujoz2w-ciuQaZcs=] left vehicle BMW (rust) (id=63EF32EFBA45CC9DDB12758554D6A741 pos=<2389.488037, 55.025131, 3563.800537>)
08:11:23.962 [VehicleAttachments] Player wiggy (uid=SgADkNjbGaUs8SauxTNPqYQENYs5GlEGD7NNksMh0hI=) detached Kamaz Typhoon 63969 Wheel (type=Kamaz_Typhoon_Wheel) from vehicle Kamaz Typhoon 63969(id=1B9DEC02E44BF6899A2865B3DB450F88 pos=<2375.818604, 55.481365, 3562.648682>)
08:11:28.031 [VehicleAttachments] Player wiggy (uid=SgADkNjbGaUs8SauxTNPqYQENYs5GlEGD7NNksMh0hI=) detached Kamaz Typhoon 63969 Wheel (type=Kamaz_Typhoon_Wheel) from vehicle Kamaz Typhoon 63969(id=1B9DEC02E44BF6899A2865B3DB450F88 pos=<2375.818604, 55.481365, 3562.648682>)
08:11:32.087 [VehicleAttachments] Player wiggy (uid=SgADkNjbGaUs8SauxTNPqYQENYs5GlEGD7NNksMh0hI=) detached Kamaz Typhoon 63969 Wheel (type=Kamaz_Typhoon_Wheel) from vehicle Kamaz Typhoon 63969(id=1B9DEC02E44BF6899A2865B3DB450F88 pos=<2375.818604, 55.481365, 3562.648682>)
08:12:25.927 [VehicleEnter] Player wiggy [uid=SgADkNjbGaUs8SauxTNPqYQENYs5GlEGD7NNksMh0hI=] entered vehicle Kamaz Typhoon 63969 (id=1B9DEC02E44BF6899A2865B3DB450F88 pos=<2375.847168, 55.480362, 3562.648438>) as driver
08:12:33.773 [VehicleLeave] Player wiggy [uid=SgADkNjbGaUs8SauxTNPqYQENYs5GlEGD7NNksMh0hI=] left vehicle Kamaz Typhoon 63969 (id=1B9DEC02E44BF6899A2865B3DB450F88 pos=<2376.000000, 55.474819, 3562.648193>)
08:13:07.177 [VehicleEnter] Player wiggy [uid=SgADkNjbGaUs8SauxTNPqYQENYs5GlEGD7NNksMh0hI=] entered vehicle BMW (rust) (id=63EF32EFBA45CC9DDB12758554D6A741 pos=<2389.488037, 55.025135, 3563.800537>) as passenger
08:13:11.949 [VehicleEnter] Player Lets_G0_Brandon [uid=RjqUafmWjW9Q1BHza4n7WoZ_8uUWujoz2w-ciuQaZcs=] entered vehicle BMW (rust) (id=63EF32EFBA45CC9DDB12758554D6A741 pos=<2389.488037, 55.025131, 3563.800537>) as driver
08:13:14.865 [VehicleEngine] Player Lets_G0_Brandon [uid=RjqUafmWjW9Q1BHza4n7WoZ_8uUWujoz2w-ciuQaZcs=] started vehicle BMW (rust) (id=63EF32EFBA45CC9DDB12758554D6A741 pos=<2389.488037, 55.025131, 3563.800537>)
08:14:34.382 [VehicleLeave] Player Lets_G0_Brandon [uid=RjqUafmWjW9Q1BHza4n7WoZ_8uUWujoz2w-ciuQaZcs=] left vehicle BMW (rust) (id=63EF32EFBA45CC9DDB12758554D6A741 pos=<2242.995850, 54.719727, 3080.798828>)
08:14:37.242 [VehicleLeave] Player wiggy [uid=SgADkNjbGaUs8SauxTNPqYQENYs5GlEGD7NNksMh0hI=] left vehicle BMW (rust) (id=63EF32EFBA45CC9DDB12758554D6A741 pos=<2242.996338, 54.719730, 3080.799316>)
08:14:48.902 [VehicleCarKey] Player "Lets_G0_Brandon" (id=RjqUafmWjW9Q1BHza4n7WoZ_8uUWujoz2w-ciuQaZcs= pos=<2245.121582, 54.812496, 3080.998291>) used the  ExpansionCarKey to lock BMW_rust (id=63EF32EFBA45CC9DDB12758554D6A741 pos=<2242.996338, 54.719730, 3080.799316>)
08:18:45.054 [MissionAirdrop] An airdrop is heading towards "Kefka" (pos=<6764.890137, 0.000000, 3778.790039> type=Random_Kefka) with a ExpansionAirdropContainer
08:19:19.460 [BaseBuildingRaiding] Player "Lets_G0_Brandon" (id=RjqUafmWjW9Q1BHza4n7WoZ_8uUWujoz2w-ciuQaZcs= pos=<2221.229492, 54.910324, 3023.489014>) deployed ExpansionSatchel at <2221.764404, 55.571430, 3023.786621>
08:19:49.566 [ExplosionDamageSystem] About to explode ExpansionC4_Ammo from Expansion_C4_Explosion<e1dbdb0> at <2220.61, 54.53, 3025.35> EXPLOSION range 5 dropoff 2.5
08:20:21.582 [BaseBuildingRaiding] Player "wiggy" (id=SgADkNjbGaUs8SauxTNPqYQENYs5GlEGD7NNksMh0hI= pos=<2220.930664, 54.910324, 3023.566895>) deployed ExpansionSatchel at <2221.306641, 55.567810, 3024.052246>
08:20:51.687 [ExplosionDamageSystem] About to explode ExpansionC4_Ammo from Expansion_C4_Explosion<e1dcfd0> at <2220.72, 54.87, 3025.08> EXPLOSION range 5 dropoff 2.5
08:21:53.250 [VehicleCarKey] Player "Lets_G0_Brandon" (id=RjqUafmWjW9Q1BHza4n7WoZ_8uUWujoz2w-ciuQaZcs= pos=<2244.053467, 54.812492, 3079.393311>) used the  ExpansionCarKey to unlock BMW_rust (id=63EF32EFBA45CC9DDB12758554D6A741 pos=<2242.996338, 54.719730, 3080.799316>)
08:21:59.183 [VehicleEnter] Player wiggy [uid=SgADkNjbGaUs8SauxTNPqYQENYs5GlEGD7NNksMh0hI=] entered vehicle BMW (rust) (id=63EF32EFBA45CC9DDB12758554D6A741 pos=<2242.996338, 54.719730, 3080.799316>) as passenger
08:22:04.636 [VehicleEnter] Player Lets_G0_Brandon [uid=RjqUafmWjW9Q1BHza4n7WoZ_8uUWujoz2w-ciuQaZcs=] entered vehicle BMW (rust) (id=63EF32EFBA45CC9DDB12758554D6A741 pos=<2242.996338, 54.719685, 3080.799561>) as driver
08:22:08.351 [VehicleEngine] Player Lets_G0_Brandon [uid=RjqUafmWjW9Q1BHza4n7WoZ_8uUWujoz2w-ciuQaZcs=] started vehicle BMW (rust) (id=63EF32EFBA45CC9DDB12758554D6A741 pos=<2242.997559, 54.719746, 3080.800781>)
08:25:24.583 [VehicleLeave] Player Lets_G0_Brandon [uid=RjqUafmWjW9Q1BHza4n7WoZ_8uUWujoz2w-ciuQaZcs=] left vehicle BMW (rust) (id=63EF32EFBA45CC9DDB12758554D6A741 pos=<4084.910645, 31.666357, 1507.984619>)
08:26:55.062 [VehicleEnter] Player Lets_G0_Brandon [uid=RjqUafmWjW9Q1BHza4n7WoZ_8uUWujoz2w-ciuQaZcs=] entered vehicle BMW (rust) (id=63EF32EFBA45CC9DDB12758554D6A741 pos=<4084.891113, 31.664560, 1508.009277>) as driver
08:26:57.826 [VehicleEngine] Player Lets_G0_Brandon [uid=RjqUafmWjW9Q1BHza4n7WoZ_8uUWujoz2w-ciuQaZcs=] started vehicle BMW (rust) (id=63EF32EFBA45CC9DDB12758554D6A741 pos=<4084.865967, 31.662371, 1508.039063>)
08:28:30.416 [VehicleLeave] Player Lets_G0_Brandon [uid=RjqUafmWjW9Q1BHza4n7WoZ_8uUWujoz2w-ciuQaZcs=] left vehicle BMW (rust) (id=63EF32EFBA45CC9DDB12758554D6A741 pos=<4531.846680, 36.344837, 1273.600464>)
08:28:51.982 [VehicleEnter] Player Lets_G0_Brandon [uid=RjqUafmWjW9Q1BHza4n7WoZ_8uUWujoz2w-ciuQaZcs=] entered vehicle BMW (rust) (id=63EF32EFBA45CC9DDB12758554D6A741 pos=<4531.846680, 36.344799, 1273.598389>) as driver
08:28:55.894 [VehicleEngine] Player Lets_G0_Brandon [uid=RjqUafmWjW9Q1BHza4n7WoZ_8uUWujoz2w-ciuQaZcs=] started vehicle BMW (rust) (id=63EF32EFBA45CC9DDB12758554D6A741 pos=<4531.846680, 36.344765, 1273.593994>)
08:30:39.046 [AI Patrol] Spawning 2 Shamans bots at <6494.593262, 26.129999, 1905.708984>
08:32:00.697 [VehicleLeave] Player Lets_G0_Brandon [uid=RjqUafmWjW9Q1BHza4n7WoZ_8uUWujoz2w-ciuQaZcs=] left vehicle BMW (rust) (id=63EF32EFBA45CC9DDB12758554D6A741 pos=<5902.879395, 26.049723, 1896.241821>)
08:32:03.410 [VehicleLeave] Player wiggy [uid=SgADkNjbGaUs8SauxTNPqYQENYs5GlEGD7NNksMh0hI=] left vehicle BMW (rust) (id=63EF32EFBA45CC9DDB12758554D6A741 pos=<5902.879395, 26.049746, 1896.241943>)
08:34:00.929 [Party] Player "wiggy" (id=SgADkNjbGaUs8SauxTNPqYQENYs5GlEGD7NNksMh0hI=) left the party "Hard Gits" (id=2 ownerUID=RjqUafmWjW9Q1BHza4n7WoZ_8uUWujoz2w-ciuQaZcs= ownerName=Lets_G0_Brandon)
08:34:32.058 [Party] Player "wiggy" (id=SgADkNjbGaUs8SauxTNPqYQENYs5GlEGD7NNksMh0hI=) joinded the party "Hard Gits" (id=2 ownerUID=RjqUafmWjW9Q1BHza4n7WoZ_8uUWujoz2w-ciuQaZcs= ownerName=Lets_G0_Brandon)
08:34:32.066 [Expansion Quests] - InitQuestSystemClient - Loaded existing player quest data for player with UID: SgADkNjbGaUs8SauxTNPqYQENYs5GlEGD7NNksMh0hI=
08:34:32.066 [Expansion Quests] - LoadGroupQuestData - Got cached group quest data for group with ID: 2
08:34:32.066 [Expansion Quests] - Create new quest instance for quest: 51 - Player UID: SgADkNjbGaUs8SauxTNPqYQENYs5GlEGD7NNksMh0hI=
08:34:33.011 [Expansion Quests] - LoadGroupQuestData - Got cached group quest data for group with ID: 2
08:36:59.851 [VehicleEnter] Player Lets_G0_Brandon [uid=RjqUafmWjW9Q1BHza4n7WoZ_8uUWujoz2w-ciuQaZcs=] entered vehicle BMW (rust) (id=63EF32EFBA45CC9DDB12758554D6A741 pos=<5902.879395, 26.049740, 1896.241943>) as driver
08:37:03.845 [VehicleEnter] Player wiggy [uid=SgADkNjbGaUs8SauxTNPqYQENYs5GlEGD7NNksMh0hI=] entered vehicle BMW (rust) (id=63EF32EFBA45CC9DDB12758554D6A741 pos=<5902.878906, 26.049742, 1896.241821>) as passenger
08:37:04.011 [VehicleEngine] Player Lets_G0_Brandon [uid=RjqUafmWjW9Q1BHza4n7WoZ_8uUWujoz2w-ciuQaZcs=] started vehicle BMW (rust) (id=63EF32EFBA45CC9DDB12758554D6A741 pos=<5902.878906, 26.049749, 1896.241821>)
08:37:39.175 [VehicleLeave] Player wiggy [uid=SgADkNjbGaUs8SauxTNPqYQENYs5GlEGD7NNksMh0hI=] left vehicle BMW (rust) (id=63EF32EFBA45CC9DDB12758554D6A741 pos=<6193.403320, 26.049753, 1904.754150>)
08:37:39.687 [VehicleLeave] Player Lets_G0_Brandon [uid=RjqUafmWjW9Q1BHza4n7WoZ_8uUWujoz2w-ciuQaZcs=] left vehicle BMW (rust) (id=63EF32EFBA45CC9DDB12758554D6A741 pos=<6193.403320, 26.049726, 1904.754028>)
08:38:40.808 [AI Patrol] Spawning 2 Shamans bots at <7201.244629, 26.129999, 1793.115112>
08:39:06.460 [VehicleEnter] Player Lets_G0_Brandon [uid=RjqUafmWjW9Q1BHza4n7WoZ_8uUWujoz2w-ciuQaZcs=] entered vehicle BMW (rust) (id=63EF32EFBA45CC9DDB12758554D6A741 pos=<6193.403320, 26.049749, 1904.754028>) as driver
08:39:10.843 [VehicleEnter] Player wiggy [uid=SgADkNjbGaUs8SauxTNPqYQENYs5GlEGD7NNksMh0hI=] entered vehicle BMW (rust) (id=63EF32EFBA45CC9DDB12758554D6A741 pos=<6193.401855, 26.049734, 1904.754028>) as passenger
08:39:12.042 [VehicleEngine] Player Lets_G0_Brandon [uid=RjqUafmWjW9Q1BHza4n7WoZ_8uUWujoz2w-ciuQaZcs=] started vehicle BMW (rust) (id=63EF32EFBA45CC9DDB12758554D6A741 pos=<6193.401367, 26.049744, 1904.753906>)
08:39:54.941 [VehicleLeave] Player Lets_G0_Brandon [uid=RjqUafmWjW9Q1BHza4n7WoZ_8uUWujoz2w-ciuQaZcs=] left vehicle BMW (rust) (id=63EF32EFBA45CC9DDB12758554D6A741 pos=<6898.108887, 26.049723, 1904.017944>)
08:40:08.113 [VehicleLeave] Player wiggy [uid=SgADkNjbGaUs8SauxTNPqYQENYs5GlEGD7NNksMh0hI=] left vehicle BMW (rust) (id=63EF32EFBA45CC9DDB12758554D6A741 pos=<6898.108887, 26.049734, 1904.017944>)
08:41:03.507 [VehicleEnter] Player Lets_G0_Brandon [uid=RjqUafmWjW9Q1BHza4n7WoZ_8uUWujoz2w-ciuQaZcs=] entered vehicle BMW (rust) (id=63EF32EFBA45CC9DDB12758554D6A741 pos=<6898.108887, 26.049730, 1904.018555>) as driver
08:41:07.115 [VehicleEngine] Player Lets_G0_Brandon [uid=RjqUafmWjW9Q1BHza4n7WoZ_8uUWujoz2w-ciuQaZcs=] started vehicle BMW (rust) (id=63EF32EFBA45CC9DDB12758554D6A741 pos=<6898.108887, 26.049742, 1904.018188>)
08:41:08.306 [VehicleEnter] Player wiggy [uid=SgADkNjbGaUs8SauxTNPqYQENYs5GlEGD7NNksMh0hI=] entered vehicle BMW (rust) (id=63EF32EFBA45CC9DDB12758554D6A741 pos=<6898.107910, 26.049660, 1904.018311>) as passenger
08:41:25.285 [VehicleLeave] Player Lets_G0_Brandon [uid=RjqUafmWjW9Q1BHza4n7WoZ_8uUWujoz2w-ciuQaZcs=] left vehicle BMW (rust) (id=63EF32EFBA45CC9DDB12758554D6A741 pos=<6976.202148, 26.049725, 1908.741333>)
08:41:38.386 [VehicleEnter] Player Lets_G0_Brandon [uid=RjqUafmWjW9Q1BHza4n7WoZ_8uUWujoz2w-ciuQaZcs=] entered vehicle BMW (rust) (id=63EF32EFBA45CC9DDB12758554D6A741 pos=<6976.201660, 26.049717, 1908.740479>) as driver
08:41:41.521 [VehicleEngine] Player Lets_G0_Brandon [uid=RjqUafmWjW9Q1BHza4n7WoZ_8uUWujoz2w-ciuQaZcs=] started vehicle BMW (rust) (id=63EF32EFBA45CC9DDB12758554D6A741 pos=<6976.201172, 26.049744, 1908.740356>)
08:42:06.167 [VehicleLeave] Player Lets_G0_Brandon [uid=RjqUafmWjW9Q1BHza4n7WoZ_8uUWujoz2w-ciuQaZcs=] left vehicle BMW (rust) (id=63EF32EFBA45CC9DDB12758554D6A741 pos=<7146.149902, 26.049730, 1899.775879>)
08:42:41.910 [VehicleLeave] Player wiggy [uid=SgADkNjbGaUs8SauxTNPqYQENYs5GlEGD7NNksMh0hI=] left vehicle BMW (rust) (id=63EF32EFBA45CC9DDB12758554D6A741 pos=<7146.149902, 26.049740, 1899.775879>)
08:43:18.464 [VehicleEnter] Player Lets_G0_Brandon [uid=RjqUafmWjW9Q1BHza4n7WoZ_8uUWujoz2w-ciuQaZcs=] entered vehicle BMW (rust) (id=63EF32EFBA45CC9DDB12758554D6A741 pos=<7146.149902, 26.049740, 1899.775879>) as driver
08:43:20.943 [VehicleEnter] Player wiggy [uid=SgADkNjbGaUs8SauxTNPqYQENYs5GlEGD7NNksMh0hI=] entered vehicle BMW (rust) (id=63EF32EFBA45CC9DDB12758554D6A741 pos=<7146.149902, 26.049721, 1899.775879>) as passenger
08:43:21.566 [VehicleEngine] Player Lets_G0_Brandon [uid=RjqUafmWjW9Q1BHza4n7WoZ_8uUWujoz2w-ciuQaZcs=] started vehicle BMW (rust) (id=63EF32EFBA45CC9DDB12758554D6A741 pos=<7146.149902, 26.049744, 1899.775879>)
08:44:15.830 [VehicleLeave] Player Lets_G0_Brandon [uid=RjqUafmWjW9Q1BHza4n7WoZ_8uUWujoz2w-ciuQaZcs=] left vehicle BMW (rust) (id=63EF32EFBA45CC9DDB12758554D6A741 pos=<7500.699707, 26.151342, 1625.337769>)
08:44:16.048 [VehicleLeave] Player wiggy [uid=SgADkNjbGaUs8SauxTNPqYQENYs5GlEGD7NNksMh0hI=] left vehicle BMW (rust) (id=63EF32EFBA45CC9DDB12758554D6A741 pos=<7500.699707, 26.151375, 1625.337769>)
09:02:14.931 [Safezone] Player "Nachoz" (id=fvuyfu2vAyZ5FpaBSc8JMfvFka2TJFc5PXMfSME3A8I= pos=<4803.879395, 5.938842, 2248.988770>) Entered the safezone
09:02:14.931 [Party] Player "Nachoz" (id=fvuyfu2vAyZ5FpaBSc8JMfvFka2TJFc5PXMfSME3A8I=) joinded the party "Hard Gits" (id=2 ownerUID=RjqUafmWjW9Q1BHza4n7WoZ_8uUWujoz2w-ciuQaZcs= ownerName=Lets_G0_Brandon)
09:02:14.943 [Expansion Quests] - InitQuestSystemClient - Loaded existing player quest data for player with UID: fvuyfu2vAyZ5FpaBSc8JMfvFka2TJFc5PXMfSME3A8I=
09:02:14.943 [Expansion Quests] - LoadGroupQuestData - Got cached group quest data for group with ID: 2
09:02:14.943 [Expansion Quests] - Create new quest instance for quest: 99 - Player UID: fvuyfu2vAyZ5FpaBSc8JMfvFka2TJFc5PXMfSME3A8I=
09:02:15.902 [Expansion Quests] - LoadGroupQuestData - Got cached group quest data for group with ID: 2
09:11:30.742 [Expansion Quests] - CompleteQuest - Player with UID fvuyfu2vAyZ5FpaBSc8JMfvFka2TJFc5PXMfSME3A8I= has completed quest 99
09:18:19.171 [VehicleEnter] Player Lets_G0_Brandon [uid=RjqUafmWjW9Q1BHza4n7WoZ_8uUWujoz2w-ciuQaZcs=] entered vehicle BMW (rust) (id=63EF32EFBA45CC9DDB12758554D6A741 pos=<7500.699219, 26.151365, 1625.336426>) as driver
09:18:22.875 [VehicleEngine] Player Lets_G0_Brandon [uid=RjqUafmWjW9Q1BHza4n7WoZ_8uUWujoz2w-ciuQaZcs=] started vehicle BMW (rust) (id=63EF32EFBA45CC9DDB12758554D6A741 pos=<7500.699219, 26.151369, 1625.335693>)
09:18:27.375 [VehicleEnter] Player wiggy [uid=SgADkNjbGaUs8SauxTNPqYQENYs5GlEGD7NNksMh0hI=] entered vehicle BMW (rust) (id=63EF32EFBA45CC9DDB12758554D6A741 pos=<7500.699219, 26.151367, 1625.334717>) as passenger
09:21:17.824 [VehicleDestroyed] MUSTANG_rust (id=949FC9A506413BD8E3B9F8A779F04AAB pos=<4657.991211, -12.079046, 2256.461914>)
09:23:14.414 [Safezone] Player "Nachoz" (id=fvuyfu2vAyZ5FpaBSc8JMfvFka2TJFc5PXMfSME3A8I= pos=<4601.294434, 2.473503, 2218.330322>) Left the safezone
09:24:31.085 [VehicleDeleted] MUSTANG_rust (id=949FC9A506413BD8E3B9F8A779F04AAB pos=<4657.991211, -12.079046, 2256.461914>)
09:26:06.460 [VehicleLeave] Player wiggy [uid=SgADkNjbGaUs8SauxTNPqYQENYs5GlEGD7NNksMh0hI=] left vehicle BMW (rust) (id=63EF32EFBA45CC9DDB12758554D6A741 pos=<2217.942871, 54.719749, 3008.202637>)
09:27:47.367 [VehicleLeave] Player Lets_G0_Brandon [uid=RjqUafmWjW9Q1BHza4n7WoZ_8uUWujoz2w-ciuQaZcs=] left vehicle BMW (rust) (id=63EF32EFBA45CC9DDB12758554D6A741 pos=<2276.148926, 54.719727, 3031.727539>)
09:29:38.046 [VehicleEnter] Player Lets_G0_Brandon [uid=RjqUafmWjW9Q1BHza4n7WoZ_8uUWujoz2w-ciuQaZcs=] entered vehicle MUSTANG (id=34A7643C91489D7E61B49889FC30B0B9 pos=<2237.823730, 54.859737, 3155.889404>) as driver
09:29:41.507 [VehicleEngine] Player Lets_G0_Brandon [uid=RjqUafmWjW9Q1BHza4n7WoZ_8uUWujoz2w-ciuQaZcs=] started vehicle MUSTANG (id=34A7643C91489D7E61B49889FC30B0B9 pos=<2237.823486, 54.859737, 3155.889404>)
09:30:12.941 [VehicleLeave] Player Lets_G0_Brandon [uid=RjqUafmWjW9Q1BHza4n7WoZ_8uUWujoz2w-ciuQaZcs=] left vehicle MUSTANG (id=34A7643C91489D7E61B49889FC30B0B9 pos=<2268.727295, 54.859737, 3106.973877>)
09:30:17.953 [VehicleEnter] Player wiggy [uid=SgADkNjbGaUs8SauxTNPqYQENYs5GlEGD7NNksMh0hI=] entered vehicle MUSTANG (id=34A7643C91489D7E61B49889FC30B0B9 pos=<2268.727539, 54.859737, 3106.974121>) as driver
09:30:27.320 [VehicleEngine] Player wiggy [uid=SgADkNjbGaUs8SauxTNPqYQENYs5GlEGD7NNksMh0hI=] started vehicle MUSTANG (id=34A7643C91489D7E61B49889FC30B0B9 pos=<2268.727539, 54.859737, 3106.974121>)
09:30:55.804 [VehicleEnter] Player Lets_G0_Brandon [uid=RjqUafmWjW9Q1BHza4n7WoZ_8uUWujoz2w-ciuQaZcs=] entered vehicle BMW (rust) (id=63EF32EFBA45CC9DDB12758554D6A741 pos=<2276.147705, 54.719727, 3031.727539>) as driver
09:30:59.156 [VehicleEngine] Player Lets_G0_Brandon [uid=RjqUafmWjW9Q1BHza4n7WoZ_8uUWujoz2w-ciuQaZcs=] started vehicle BMW (rust) (id=63EF32EFBA45CC9DDB12758554D6A741 pos=<2276.146484, 54.719723, 3031.727539>)
09:34:46.011 [VehicleLeave] Player Lets_G0_Brandon [uid=RjqUafmWjW9Q1BHza4n7WoZ_8uUWujoz2w-ciuQaZcs=] left vehicle BMW (rust) (id=63EF32EFBA45CC9DDB12758554D6A741 pos=<2315.461914, 77.033134, 1698.213257>)
09:35:10.492 [VehicleLeave] Player wiggy [uid=SgADkNjbGaUs8SauxTNPqYQENYs5GlEGD7NNksMh0hI=] left vehicle MUSTANG (id=34A7643C91489D7E61B49889FC30B0B9 pos=<2316.249512, 77.161301, 1691.239014>)
09:35:42.796 [VehicleEnter] Player wiggy [uid=SgADkNjbGaUs8SauxTNPqYQENYs5GlEGD7NNksMh0hI=] entered vehicle MUSTANG (id=34A7643C91489D7E61B49889FC30B0B9 pos=<2316.249512, 77.161301, 1691.240112>) as driver
09:35:46.570 [VehicleEngine] Player wiggy [uid=SgADkNjbGaUs8SauxTNPqYQENYs5GlEGD7NNksMh0hI=] started vehicle MUSTANG (id=34A7643C91489D7E61B49889FC30B0B9 pos=<2316.249512, 77.161308, 1691.240234>)
09:36:12.699 [VehicleEnter] Player Lets_G0_Brandon [uid=RjqUafmWjW9Q1BHza4n7WoZ_8uUWujoz2w-ciuQaZcs=] entered vehicle BMW (rust) (id=63EF32EFBA45CC9DDB12758554D6A741 pos=<2315.548828, 77.032623, 1698.529053>) as driver
09:36:16.289 [VehicleEngine] Player Lets_G0_Brandon [uid=RjqUafmWjW9Q1BHza4n7WoZ_8uUWujoz2w-ciuQaZcs=] started vehicle BMW (rust) (id=63EF32EFBA45CC9DDB12758554D6A741 pos=<2315.549072, 77.032593, 1698.529053>)
09:36:40.871 [VehicleLeave] Player Lets_G0_Brandon [uid=RjqUafmWjW9Q1BHza4n7WoZ_8uUWujoz2w-ciuQaZcs=] left vehicle BMW (rust) (id=63EF32EFBA45CC9DDB12758554D6A741 pos=<2336.721191, 77.110458, 1692.515625>)
09:36:54.476 [VehicleLeave] Player wiggy [uid=SgADkNjbGaUs8SauxTNPqYQENYs5GlEGD7NNksMh0hI=] left vehicle MUSTANG (id=34A7643C91489D7E61B49889FC30B0B9 pos=<2325.778809, 77.716064, 1689.331421>)
09:37:00.078 [VehicleCarKey] Player "Lets_G0_Brandon" (id=RjqUafmWjW9Q1BHza4n7WoZ_8uUWujoz2w-ciuQaZcs= pos=<2337.573975, 77.243721, 1694.388672>) used the  ExpansionCarKey to lock BMW_rust (id=63EF32EFBA45CC9DDB12758554D6A741 pos=<2336.709961, 77.109940, 1692.521240>)
09:37:04.253 [VehicleEnter] Player wiggy [uid=SgADkNjbGaUs8SauxTNPqYQENYs5GlEGD7NNksMh0hI=] entered vehicle MUSTANG (id=34A7643C91489D7E61B49889FC30B0B9 pos=<2325.778809, 77.715988, 1689.331787>) as driver
09:37:06.500 [VehicleEngine] Player wiggy [uid=SgADkNjbGaUs8SauxTNPqYQENYs5GlEGD7NNksMh0hI=] started vehicle MUSTANG (id=34A7643C91489D7E61B49889FC30B0B9 pos=<2325.779053, 77.716011, 1689.331787>)
09:37:31.515 [VehicleCarKey] Player "Lets_G0_Brandon" (id=RjqUafmWjW9Q1BHza4n7WoZ_8uUWujoz2w-ciuQaZcs= pos=<2336.706787, 77.171928, 1694.394165>) used the  ExpansionCarKey to unlock BMW_rust (id=63EF32EFBA45CC9DDB12758554D6A741 pos=<2336.709961, 77.109940, 1692.521240>)
09:37:38.605 [VehicleEnter] Player Lets_G0_Brandon [uid=RjqUafmWjW9Q1BHza4n7WoZ_8uUWujoz2w-ciuQaZcs=] entered vehicle BMW (rust) (id=63EF32EFBA45CC9DDB12758554D6A741 pos=<2336.678711, 77.108528, 1692.537964>) as driver
09:37:42.722 [VehicleEngine] Player Lets_G0_Brandon [uid=RjqUafmWjW9Q1BHza4n7WoZ_8uUWujoz2w-ciuQaZcs=] started vehicle BMW (rust) (Locked) (id=63EF32EFBA45CC9DDB12758554D6A741 pos=<2336.597412, 77.104836, 1692.581665>)
09:37:50.175 [VehicleLeave] Player wiggy [uid=SgADkNjbGaUs8SauxTNPqYQENYs5GlEGD7NNksMh0hI=] left vehicle MUSTANG (id=34A7643C91489D7E61B49889FC30B0B9 pos=<2333.698975, 78.252312, 1677.337769>)
09:38:57.085 [VehicleLeave] Player Lets_G0_Brandon [uid=RjqUafmWjW9Q1BHza4n7WoZ_8uUWujoz2w-ciuQaZcs=] left vehicle BMW (rust) (id=63EF32EFBA45CC9DDB12758554D6A741 pos=<2331.684082, 78.114754, 1684.063232>)
09:39:07.152 [VehicleEnter] Player Lets_G0_Brandon [uid=RjqUafmWjW9Q1BHza4n7WoZ_8uUWujoz2w-ciuQaZcs=] entered vehicle BMW (rust) (id=63EF32EFBA45CC9DDB12758554D6A741 pos=<2331.684082, 78.114723, 1684.063354>) as driver
09:39:26.664 [VehicleLeave] Player Lets_G0_Brandon [uid=RjqUafmWjW9Q1BHza4n7WoZ_8uUWujoz2w-ciuQaZcs=] left vehicle BMW (rust) (id=63EF32EFBA45CC9DDB12758554D6A741 pos=<2331.679199, 78.114731, 1684.066162>)
09:41:43.070 [MissionAirdrop] An airdrop is heading towards "Apple Orchard" (pos=<4814.680176, 0.000000, 1308.500000> type=Random_Apple-Orchard) with a ExpansionAirdropContainer_Basebuilding
09:47:21.757 [VehicleCover] Player "Lets_G0_Brandon" (id=RjqUafmWjW9Q1BHza4n7WoZ_8uUWujoz2w-ciuQaZcs= pos=<2334.988525, 78.193909, 1683.798340>) uncovered vehicle "PONTIAC_rust" (GlobalID=80000000800000008000000080000318 pos=<2335.303955, 78.164413, 1680.639282>)!
09:47:30.253 [VehicleCarKey] Player "Lets_G0_Brandon" (id=RjqUafmWjW9Q1BHza4n7WoZ_8uUWujoz2w-ciuQaZcs= pos=<2334.970215, 78.376579, 1684.173340>) used the  ExpansionCarKey to unlock PONTIAC_rust (id=00E283A056419DCD408774AF52EB19A6 pos=<2335.366943, 78.164383, 1680.587769>)
09:51:36.210 [VehicleCarKey] Player "wiggy" (id=SgADkNjbGaUs8SauxTNPqYQENYs5GlEGD7NNksMh0hI= pos=<2329.026123, 78.196228, 1685.755127>) used the  ExpansionCarKey to lock BMW_rust (id=63EF32EFBA45CC9DDB12758554D6A741 pos=<2331.570313, 78.114807, 1684.166382>)
09:51:55.718 [VehicleDeleted] BMW_rust (id=63EF32EFBA45CC9DDB12758554D6A741 pos=<2331.570313, 78.114807, 1684.166382>)
09:51:55.722 [VehicleCover] Player "wiggy" (id=SgADkNjbGaUs8SauxTNPqYQENYs5GlEGD7NNksMh0hI= pos=<2328.496094, 78.196205, 1685.091431>) covered vehicle "BMW_rust" (GlobalID=800000008000000080000000800002E2 pos=<2331.570313, 78.114807, 1684.166382>)!
09:52:32.660 [Party] Player "wiggy" (id=SgADkNjbGaUs8SauxTNPqYQENYs5GlEGD7NNksMh0hI=) left the party "Hard Gits" (id=2 ownerUID=RjqUafmWjW9Q1BHza4n7WoZ_8uUWujoz2w-ciuQaZcs= ownerName=Lets_G0_Brandon)
09:53:08.210 [Party] Player "Nachoz" (id=fvuyfu2vAyZ5FpaBSc8JMfvFka2TJFc5PXMfSME3A8I=) left the party "Hard Gits" (id=2 ownerUID=RjqUafmWjW9Q1BHza4n7WoZ_8uUWujoz2w-ciuQaZcs= ownerName=Lets_G0_Brandon)
09:53:34.472 [VehicleCarKey] Player "Lets_G0_Brandon" (id=RjqUafmWjW9Q1BHza4n7WoZ_8uUWujoz2w-ciuQaZcs= pos=<2334.782715, 78.235985, 1683.318604>) used the  ExpansionCarKey to lock PONTIAC_rust (id=00E283A056419DCD408774AF52EB19A6 pos=<2335.366943, 78.164383, 1680.587769>)
09:53:50.929 [VehicleDeleted] PONTIAC_rust (id=00E283A056419DCD408774AF52EB19A6 pos=<2335.366943, 78.164383, 1680.587769>)
09:53:50.929 [VehicleCover] Player "Lets_G0_Brandon" (id=RjqUafmWjW9Q1BHza4n7WoZ_8uUWujoz2w-ciuQaZcs= pos=<2334.104248, 78.194260, 1684.055908>) covered vehicle "PONTIAC_rust" (GlobalID=80000000800000008000000080000318 pos=<2335.366943, 78.164383, 1680.587769>)!
09:54:26.203 [Party] Player "Lets_G0_Brandon" (id=RjqUafmWjW9Q1BHza4n7WoZ_8uUWujoz2w-ciuQaZcs=) left the party "Hard Gits" (id=2 ownerUID=RjqUafmWjW9Q1BHza4n7WoZ_8uUWujoz2w-ciuQaZcs= ownerName=Lets_G0_Brandon)
