00:01:18.147 [Expansion Quests] - InitQuestSystemClient - Loaded existing player quest data for player with UID: IW3MnR3McauttxAmllhiLcVZXXR2zNHDIgpt6drXQpQ=
00:01:18.148 [Expansion Quests] - LoadGroupQuestData - Created new persistent group quest data for group with ID: -1
00:01:18.148 [Expansion Quests] - Create new quest instance for quest: 32 - Player UID: IW3MnR3McauttxAmllhiLcVZXXR2zNHDIgpt6drXQpQ=
00:01:42.919 [Party] Player "Captain Chaos" (id=KWl3ojgjStHOe3-iLRChpUG8crsNiNfei3BT6NCIfaw=) joinded the party "Dirtydan" (id=0 ownerUID=eZvdqnhxQZeB4Wvp7ko5cFy79bCUMACrCdUKq6S9F3w= ownerName=DirtyDan)
00:01:42.931 [Expansion Quests] - InitQuestSystemClient - Loaded existing player quest data for player with UID: KWl3ojgjStHOe3-iLRChpUG8crsNiNfei3BT6NCIfaw=
00:01:42.931 [Expansion Quests] - LoadGroupQuestData - Loaded existing group quest data for group with ID: 0
00:01:43.874 [Expansion Quests] - LoadGroupQuestData - Got cached group quest data for group with ID: 0
00:01:51.842 [Party] Player "Sharkparty" (id=2H7391gmOSCz4VnnBebcTth-2Sm4qjaSYaboxsOPA1Q=) joinded the party "Dirtydan" (id=0 ownerUID=eZvdqnhxQZeB4Wvp7ko5cFy79bCUMACrCdUKq6S9F3w= ownerName=DirtyDan)
00:01:51.849 [Expansion Quests] - InitQuestSystemClient - Loaded existing player quest data for player with UID: 2H7391gmOSCz4VnnBebcTth-2Sm4qjaSYaboxsOPA1Q=
00:01:51.849 [Expansion Quests] - LoadGroupQuestData - Got cached group quest data for group with ID: 0
00:01:51.849 [Expansion Quests] - Create new quest instance for quest: 33 - Player UID: 2H7391gmOSCz4VnnBebcTth-2Sm4qjaSYaboxsOPA1Q=
00:01:52.819 [Expansion Quests] - LoadGroupQuestData - Got cached group quest data for group with ID: 0
00:06:24.214 [MissionAirdrop] An airdrop is heading towards "Deadman's Rock" (pos=<1541.849976, 0.000000, 6417.939941> type=Random_Deadmans-Rock) with a ExpansionAirdropContainer
00:07:16.007 [Party] Player "Lets_G0_Brandon" (id=RjqUafmWjW9Q1BHza4n7WoZ_8uUWujoz2w-ciuQaZcs=) joinded the party "Hard Gits" (id=2 ownerUID=RjqUafmWjW9Q1BHza4n7WoZ_8uUWujoz2w-ciuQaZcs= ownerName=Lets_G0_Brandon)
00:07:16.014 [Expansion Quests] - InitQuestSystemClient - Loaded existing player quest data for player with UID: RjqUafmWjW9Q1BHza4n7WoZ_8uUWujoz2w-ciuQaZcs=
00:07:16.015 [Expansion Quests] - LoadGroupQuestData - Loaded existing group quest data for group with ID: 2
00:07:16.959 [Expansion Quests] - LoadGroupQuestData - Got cached group quest data for group with ID: 2
00:07:22.824 [AI Patrol] Spawning 2 Shamans bots at <4870.199219, 47.840000, 1310.857910>
00:17:42.061 [AI Patrol] Spawning 2 Shamans bots at <2093.220703, 56.426640, 3238.788086>
00:18:07.038 [AI Patrol] Spawning 2 Shamans bots at <6387.954102, 26.129999, 1915.053467>
00:21:58.834 [Expansion Quests] - InitQuestSystemClient - Created new persistent player quest data for player UID: w1AyGxXs29S_sprAlC0gIpSD4Bhzu65HjLG503L3lSk=
00:21:58.834 [Expansion Quests] - LoadGroupQuestData - Got cached group quest data for group with ID: -1
00:31:13.157 [VehicleCover] Player "Lets_G0_Brandon" (id=RjqUafmWjW9Q1BHza4n7WoZ_8uUWujoz2w-ciuQaZcs= pos=<2329.244385, 78.195412, 1683.006592>) uncovered vehicle "BMW_rust" (GlobalID=800000008000000080000000800002E2 pos=<2331.202637, 78.114983, 1684.579834>)!
00:31:26.112 [VehicleCarKey] Player "Lets_G0_Brandon" (id=RjqUafmWjW9Q1BHza4n7WoZ_8uUWujoz2w-ciuQaZcs= pos=<2328.086182, 78.196442, 1685.525757>) used the  ExpansionCarKey to unlock BMW_rust (id=422AC4EBBF4F0DDC192F198CC8A7938D pos=<2331.202393, 78.115013, 1684.579834>)
00:32:37.276 [VehicleCarKey] Player "Lets_G0_Brandon" (id=RjqUafmWjW9Q1BHza4n7WoZ_8uUWujoz2w-ciuQaZcs= pos=<2328.579834, 78.196625, 1686.701416>) used the  ExpansionCarKey to lock BMW_rust (id=422AC4EBBF4F0DDC192F198CC8A7938D pos=<2331.202393, 78.115013, 1684.579834>)
00:32:41.132 [VehicleCarKey] Player "Lets_G0_Brandon" (id=RjqUafmWjW9Q1BHza4n7WoZ_8uUWujoz2w-ciuQaZcs= pos=<2329.087158, 78.196518, 1686.858154>) used the  ExpansionCarKey to unlock BMW_rust (id=422AC4EBBF4F0DDC192F198CC8A7938D pos=<2331.202393, 78.115013, 1684.579834>)
00:33:42.447 [VehicleCover] Player "Lets_G0_Brandon" (id=RjqUafmWjW9Q1BHza4n7WoZ_8uUWujoz2w-ciuQaZcs= pos=<2332.291992, 78.193794, 1680.322144>) uncovered vehicle "PONTIAC_rust" (GlobalID=80000000800000008000000080000318 pos=<2335.304199, 78.164413, 1680.639526>)!
00:33:51.703 [VehicleCarKey] Player "Lets_G0_Brandon" (id=RjqUafmWjW9Q1BHza4n7WoZ_8uUWujoz2w-ciuQaZcs= pos=<2332.466309, 78.290932, 1681.022339>) used the  ExpansionCarKey to unlock PONTIAC_rust (id=7D12D58CA84B0449A0A9528EA1248A7C pos=<2335.303955, 78.164421, 1680.639282>)
00:41:30.597 [Party] Player "Perfect" (id=IW3MnR3McauttxAmllhiLcVZXXR2zNHDIgpt6drXQpQ=) joinded the party "Beep bop boop" (id=6 ownerUID= ownerName=)
00:41:30.598 [Party] Player "Perfect" (id=IW3MnR3McauttxAmllhiLcVZXXR2zNHDIgpt6drXQpQ=) created a party named Beep bop boop (boop)
00:41:31.596 [Expansion Quests] - LoadGroupQuestData - Created new persistent group quest data for group with ID: 6
00:41:43.170 [Party] Player "Perfect" (id=IW3MnR3McauttxAmllhiLcVZXXR2zNHDIgpt6drXQpQ=) invited the player "10nopiecesauce" (id=w1AyGxXs29S_sprAlC0gIpSD4Bhzu65HjLG503L3lSk=)to the party named Beep bop boop
00:42:03.585 [Party] Player "10nopiecesauce" (id=w1AyGxXs29S_sprAlC0gIpSD4Bhzu65HjLG503L3lSk=) joinded the party "Beep bop boop" (id=6 ownerUID=IW3MnR3McauttxAmllhiLcVZXXR2zNHDIgpt6drXQpQ= ownerName=Perfect)
00:42:04.584 [Expansion Quests] - LoadGroupQuestData - Got cached group quest data for group with ID: 6
00:46:37.343 [VehicleCarKey] Player "Lets_G0_Brandon" (id=RjqUafmWjW9Q1BHza4n7WoZ_8uUWujoz2w-ciuQaZcs= pos=<2334.093506, 78.194153, 1683.668945>) used the  ExpansionCarKey to lock PONTIAC_rust (id=7D12D58CA84B0449A0A9528EA1248A7C pos=<2335.303955, 78.164421, 1680.639282>)
00:46:49.722 [VehicleCarKey] Player "Lets_G0_Brandon" (id=RjqUafmWjW9Q1BHza4n7WoZ_8uUWujoz2w-ciuQaZcs= pos=<2327.932129, 78.196320, 1684.899048>) used the  ExpansionCarKey to lock BMW_rust (id=422AC4EBBF4F0DDC192F198CC8A7938D pos=<2331.201172, 78.115005, 1684.580322>)
00:47:06.312 [VehicleDeleted] BMW_rust (id=422AC4EBBF4F0DDC192F198CC8A7938D pos=<2331.201172, 78.115005, 1684.580322>)
00:47:06.313 [VehicleCover] Player "Lets_G0_Brandon" (id=RjqUafmWjW9Q1BHza4n7WoZ_8uUWujoz2w-ciuQaZcs= pos=<2328.318115, 78.196045, 1684.318848>) covered vehicle "BMW_rust" (GlobalID=800000008000000080000000800002E2 pos=<2331.201172, 78.115005, 1684.580322>)!
00:47:24.206 [VehicleDeleted] PONTIAC_rust (id=7D12D58CA84B0449A0A9528EA1248A7C pos=<2335.303955, 78.164421, 1680.639282>)
00:47:24.207 [VehicleCover] Player "Lets_G0_Brandon" (id=RjqUafmWjW9Q1BHza4n7WoZ_8uUWujoz2w-ciuQaZcs= pos=<2332.480225, 78.193832, 1680.661133>) covered vehicle "PONTIAC_rust" (GlobalID=80000000800000008000000080000318 pos=<2335.303955, 78.164421, 1680.639282>)!
01:05:38.903 [Party] Player "Hooligan-235" (id=Lz9Kmumu1QnE7HX0I_hIz0vW-Eq-ERMw5EWCTjeKz4U=) joinded the party "AFL" (id=4 ownerUID=Lz9Kmumu1QnE7HX0I_hIz0vW-Eq-ERMw5EWCTjeKz4U= ownerName=Hooligan-235)
01:05:38.916 [Expansion Quests] - InitQuestSystemClient - Loaded existing player quest data for player with UID: Lz9Kmumu1QnE7HX0I_hIz0vW-Eq-ERMw5EWCTjeKz4U=
01:05:38.917 [Expansion Quests] - LoadGroupQuestData - Loaded existing group quest data for group with ID: 4
01:05:38.917 [Expansion Quests] - Create new quest instance for quest: 46 - Player UID: Lz9Kmumu1QnE7HX0I_hIz0vW-Eq-ERMw5EWCTjeKz4U=
01:05:39.870 [Expansion Quests] - LoadGroupQuestData - Got cached group quest data for group with ID: 4
01:12:52.154 [Party] Player "Lets_G0_Brandon" (id=RjqUafmWjW9Q1BHza4n7WoZ_8uUWujoz2w-ciuQaZcs=) left the party "Hard Gits" (id=2 ownerUID=RjqUafmWjW9Q1BHza4n7WoZ_8uUWujoz2w-ciuQaZcs= ownerName=Lets_G0_Brandon)
01:26:46.755 [AI Patrol] Spawning 2 Shamans bots at <2703.956299, 44.381695, 6028.634766>
01:29:39.306 [MissionAirdrop] An airdrop is heading towards "Airfield" (pos=<6791.240234, 0.000000, 2116.860107> type=Random_Airfield) with a ExpansionAirdropContainer_Basebuilding
01:39:21.690 [Killfeed] Perfect got killed by Survivor (Shamans) with KA-M from a distance of 1 m.
01:39:45.122 [Party] Player "Perfect" (id=IW3MnR3McauttxAmllhiLcVZXXR2zNHDIgpt6drXQpQ=) joinded the party "Beep bop boop" (id=6 ownerUID=IW3MnR3McauttxAmllhiLcVZXXR2zNHDIgpt6drXQpQ= ownerName=Perfect)
01:39:46.115 [Expansion Quests] - LoadGroupQuestData - Got cached group quest data for group with ID: 6
01:42:29.836 [Party] Player "10nopiecesauce" (id=w1AyGxXs29S_sprAlC0gIpSD4Bhzu65HjLG503L3lSk=) joinded the party "Beep bop boop" (id=6 ownerUID=IW3MnR3McauttxAmllhiLcVZXXR2zNHDIgpt6drXQpQ= ownerName=Perfect)
01:42:30.825 [Expansion Quests] - LoadGroupQuestData - Got cached group quest data for group with ID: 6
01:52:14.751 [Killfeed] Perfect got killed by Survivor (Shamans) with SK 59/66 from a distance of 3 m.
01:52:36.873 [Party] Player "Perfect" (id=IW3MnR3McauttxAmllhiLcVZXXR2zNHDIgpt6drXQpQ=) joinded the party "Beep bop boop" (id=6 ownerUID=IW3MnR3McauttxAmllhiLcVZXXR2zNHDIgpt6drXQpQ= ownerName=Perfect)
01:52:37.865 [Expansion Quests] - LoadGroupQuestData - Got cached group quest data for group with ID: 6
02:01:53.330 [AI Patrol] Spawning 2 Shamans bots at <7611.767578, 26.129999, 2185.950928>
02:04:45.011 [Party] Player "Perfect" (id=IW3MnR3McauttxAmllhiLcVZXXR2zNHDIgpt6drXQpQ=) joinded the party "Beep bop boop" (id=6 ownerUID=IW3MnR3McauttxAmllhiLcVZXXR2zNHDIgpt6drXQpQ= ownerName=Perfect)
02:04:46.004 [Expansion Quests] - LoadGroupQuestData - Got cached group quest data for group with ID: 6
02:07:36.804 [Party] Player "10nopiecesauce" (id=w1AyGxXs29S_sprAlC0gIpSD4Bhzu65HjLG503L3lSk=) joinded the party "Beep bop boop" (id=6 ownerUID=IW3MnR3McauttxAmllhiLcVZXXR2zNHDIgpt6drXQpQ= ownerName=Perfect)
02:07:37.793 [Expansion Quests] - LoadGroupQuestData - Got cached group quest data for group with ID: 6
02:50:06.513 [Party] Player "Lets_G0_Brandon" (id=RjqUafmWjW9Q1BHza4n7WoZ_8uUWujoz2w-ciuQaZcs=) joinded the party "Hard Gits" (id=2 ownerUID=RjqUafmWjW9Q1BHza4n7WoZ_8uUWujoz2w-ciuQaZcs= ownerName=Lets_G0_Brandon)
02:50:06.522 [Expansion Quests] - InitQuestSystemClient - Loaded existing player quest data for player with UID: RjqUafmWjW9Q1BHza4n7WoZ_8uUWujoz2w-ciuQaZcs=
02:50:06.522 [Expansion Quests] - LoadGroupQuestData - Got cached group quest data for group with ID: 2
02:50:07.475 [Expansion Quests] - LoadGroupQuestData - Got cached group quest data for group with ID: 2
02:51:39.019 [Party] Player "Hooligan-235" (id=Lz9Kmumu1QnE7HX0I_hIz0vW-Eq-ERMw5EWCTjeKz4U=) left the party "AFL" (id=4 ownerUID=Lz9Kmumu1QnE7HX0I_hIz0vW-Eq-ERMw5EWCTjeKz4U= ownerName=Hooligan-235)
02:53:47.314 [MissionAirdrop] An airdrop is heading towards "the Mine" (pos=<3056.280029, 0.000000, 1123.099976> type=Random_Mine) with a ExpansionAirdropContainer_Basebuilding
03:17:03.133 [Party] Player "Lets_G0_Brandon" (id=RjqUafmWjW9Q1BHza4n7WoZ_8uUWujoz2w-ciuQaZcs=) left the party "Hard Gits" (id=2 ownerUID=RjqUafmWjW9Q1BHza4n7WoZ_8uUWujoz2w-ciuQaZcs= ownerName=Lets_G0_Brandon)
03:20:17.194 [Party] Player "Perfect" (id=IW3MnR3McauttxAmllhiLcVZXXR2zNHDIgpt6drXQpQ=) left the party "Beep bop boop" (id=6 ownerUID=IW3MnR3McauttxAmllhiLcVZXXR2zNHDIgpt6drXQpQ= ownerName=Perfect)
03:20:41.458 [Party] Player "10nopiecesauce" (id=w1AyGxXs29S_sprAlC0gIpSD4Bhzu65HjLG503L3lSk=) left the party "Beep bop boop" (id=6 ownerUID=IW3MnR3McauttxAmllhiLcVZXXR2zNHDIgpt6drXQpQ= ownerName=Perfect)
03:44:06.134 [Party] Player "Lets_G0_Brandon" (id=RjqUafmWjW9Q1BHza4n7WoZ_8uUWujoz2w-ciuQaZcs=) joinded the party "Hard Gits" (id=2 ownerUID=RjqUafmWjW9Q1BHza4n7WoZ_8uUWujoz2w-ciuQaZcs= ownerName=Lets_G0_Brandon)
03:44:06.142 [Expansion Quests] - InitQuestSystemClient - Loaded existing player quest data for player with UID: RjqUafmWjW9Q1BHza4n7WoZ_8uUWujoz2w-ciuQaZcs=
03:44:06.142 [Expansion Quests] - LoadGroupQuestData - Got cached group quest data for group with ID: 2
03:44:07.089 [Expansion Quests] - LoadGroupQuestData - Got cached group quest data for group with ID: 2
03:50:56.529 [Party] Player "Lets_G0_Brandon" (id=RjqUafmWjW9Q1BHza4n7WoZ_8uUWujoz2w-ciuQaZcs=) left the party "Hard Gits" (id=2 ownerUID=RjqUafmWjW9Q1BHza4n7WoZ_8uUWujoz2w-ciuQaZcs= ownerName=Lets_G0_Brandon)
03:55:32.250 [Party] Player "Slightly Crazed" (id=RjqUafmWjW9Q1BHza4n7WoZ_8uUWujoz2w-ciuQaZcs=) joinded the party "Hard Gits" (id=2 ownerUID=RjqUafmWjW9Q1BHza4n7WoZ_8uUWujoz2w-ciuQaZcs= ownerName=Lets_G0_Brandon)
03:55:32.257 [Expansion Quests] - InitQuestSystemClient - Loaded existing player quest data for player with UID: RjqUafmWjW9Q1BHza4n7WoZ_8uUWujoz2w-ciuQaZcs=
03:55:32.258 [Expansion Quests] - LoadGroupQuestData - Got cached group quest data for group with ID: 2
03:55:33.205 [Expansion Quests] - LoadGroupQuestData - Got cached group quest data for group with ID: 2
03:58:06.708 [Party] Player "Slightly Crazed" (id=RjqUafmWjW9Q1BHza4n7WoZ_8uUWujoz2w-ciuQaZcs=) left the party "Hard Gits" (id=2 ownerUID=RjqUafmWjW9Q1BHza4n7WoZ_8uUWujoz2w-ciuQaZcs= ownerName=Lets_G0_Brandon)
03:59:01.734 [AI Patrol] Spawning 2 Shamans bots at <1775.093628, 15.570000, 462.221619>
04:03:28.013 [Party] Player "Slightly Crazed" (id=RjqUafmWjW9Q1BHza4n7WoZ_8uUWujoz2w-ciuQaZcs=) joinded the party "Hard Gits" (id=2 ownerUID=RjqUafmWjW9Q1BHza4n7WoZ_8uUWujoz2w-ciuQaZcs= ownerName=Lets_G0_Brandon)
04:03:28.021 [Expansion Quests] - InitQuestSystemClient - Loaded existing player quest data for player with UID: RjqUafmWjW9Q1BHza4n7WoZ_8uUWujoz2w-ciuQaZcs=
04:03:28.021 [Expansion Quests] - LoadGroupQuestData - Got cached group quest data for group with ID: 2
04:03:28.968 [Expansion Quests] - LoadGroupQuestData - Got cached group quest data for group with ID: 2
04:13:44.208 [VehicleCover] Player "Slightly Crazed" (id=RjqUafmWjW9Q1BHza4n7WoZ_8uUWujoz2w-ciuQaZcs= pos=<2334.443848, 78.194145, 1684.017944>) uncovered vehicle "PONTIAC_rust" (GlobalID=80000000800000008000000080000318 pos=<2335.303955, 78.164421, 1680.639282>)!
04:13:57.464 [VehicleCover] Player "Slightly Crazed" (id=RjqUafmWjW9Q1BHza4n7WoZ_8uUWujoz2w-ciuQaZcs= pos=<2333.461670, 78.194908, 1685.713501>) uncovered vehicle "BMW_rust" (GlobalID=800000008000000080000000800002E2 pos=<2331.201172, 78.115005, 1684.580322>)!
04:14:14.332 [VehicleCarKey] Player "Slightly Crazed" (id=RjqUafmWjW9Q1BHza4n7WoZ_8uUWujoz2w-ciuQaZcs= pos=<2334.547363, 78.193954, 1683.431274>) used the  ExpansionCarKey to unlock PONTIAC_rust (id=A834E02E6A4782477277ABAD558896E1 pos=<2335.304199, 78.164413, 1680.640503>)
04:14:17.094 [VehicleCarKey] Player "Slightly Crazed" (id=RjqUafmWjW9Q1BHza4n7WoZ_8uUWujoz2w-ciuQaZcs= pos=<2334.547363, 78.193954, 1683.431274>) used the  ExpansionCarKey to lock PONTIAC_rust (id=A834E02E6A4782477277ABAD558896E1 pos=<2335.304199, 78.164413, 1680.640503>)
04:14:18.828 [VehicleCarKey] Player "Slightly Crazed" (id=RjqUafmWjW9Q1BHza4n7WoZ_8uUWujoz2w-ciuQaZcs= pos=<2334.547363, 78.193954, 1683.431274>) used the  ExpansionCarKey to unlock PONTIAC_rust (id=A834E02E6A4782477277ABAD558896E1 pos=<2335.304199, 78.164413, 1680.640503>)
04:14:42.430 [VehicleCarKey] Player "Slightly Crazed" (id=RjqUafmWjW9Q1BHza4n7WoZ_8uUWujoz2w-ciuQaZcs= pos=<2334.547363, 78.193954, 1683.431274>) used the  ExpansionCarKey to lock PONTIAC_rust (id=A834E02E6A4782477277ABAD558896E1 pos=<2335.304199, 78.164413, 1680.640503>)
04:15:01.181 [VehicleDeleted] PONTIAC_rust (id=A834E02E6A4782477277ABAD558896E1 pos=<2335.304199, 78.164413, 1680.640503>)
04:15:01.182 [VehicleCover] Player "Slightly Crazed" (id=RjqUafmWjW9Q1BHza4n7WoZ_8uUWujoz2w-ciuQaZcs= pos=<2335.481934, 78.193695, 1683.564331>) covered vehicle "PONTIAC_rust" (GlobalID=80000000800000008000000080000318 pos=<2335.304199, 78.164413, 1680.640503>)!
04:15:18.730 [VehicleCarKey] Player "Slightly Crazed" (id=RjqUafmWjW9Q1BHza4n7WoZ_8uUWujoz2w-ciuQaZcs= pos=<2330.620117, 78.196075, 1686.888306>) used the  ExpansionCarKey to unlock BMW_rust (id=A7255D358F448B640F83478A5CFA4420 pos=<2331.201660, 78.115013, 1684.580078>)
04:16:00.004 [VehicleCarKey] Player "Slightly Crazed" (id=RjqUafmWjW9Q1BHza4n7WoZ_8uUWujoz2w-ciuQaZcs= pos=<2330.796875, 78.196083, 1687.100342>) used the  ExpansionCarKey to lock BMW_rust (id=A7255D358F448B640F83478A5CFA4420 pos=<2331.201660, 78.115013, 1684.580078>)
04:16:18.375 [VehicleDeleted] BMW_rust (id=A7255D358F448B640F83478A5CFA4420 pos=<2331.201660, 78.115013, 1684.580078>)
04:16:18.376 [VehicleCover] Player "Slightly Crazed" (id=RjqUafmWjW9Q1BHza4n7WoZ_8uUWujoz2w-ciuQaZcs= pos=<2333.269531, 78.195045, 1686.004272>) covered vehicle "BMW_rust" (GlobalID=800000008000000080000000800002E2 pos=<2331.201660, 78.115013, 1684.580078>)!
04:18:55.328 [MissionAirdrop] An airdrop is heading towards "Mt Helikon" (pos=<6612.930176, 0.000000, 4908.759766> type=Random_Mt-Helikon) with a ExpansionAirdropContainer
04:26:50.469 [Chat - Global]("Slightly Crazed"(id=RjqUafmWjW9Q1BHza4n7WoZ_8uUWujoz2w-ciuQaZcs=)): u lads friendly?
05:06:26.792 [Party] Player "wiggy" (id=SgADkNjbGaUs8SauxTNPqYQENYs5GlEGD7NNksMh0hI=) joinded the party "Hard Gits" (id=2 ownerUID=RjqUafmWjW9Q1BHza4n7WoZ_8uUWujoz2w-ciuQaZcs= ownerName=Lets_G0_Brandon)
05:06:26.808 [Expansion Quests] - InitQuestSystemClient - Loaded existing player quest data for player with UID: SgADkNjbGaUs8SauxTNPqYQENYs5GlEGD7NNksMh0hI=
05:06:26.808 [Expansion Quests] - LoadGroupQuestData - Got cached group quest data for group with ID: 2
05:06:26.808 [Expansion Quests] - Create new quest instance for quest: 38 - Player UID: SgADkNjbGaUs8SauxTNPqYQENYs5GlEGD7NNksMh0hI=
05:06:27.744 [Expansion Quests] - LoadGroupQuestData - Got cached group quest data for group with ID: 2
05:28:29.167 [Safezone] Player "wiggy" (id=SgADkNjbGaUs8SauxTNPqYQENYs5GlEGD7NNksMh0hI= pos=<4668.214355, 2.501147, 2241.717529>) Entered the safezone
05:28:30.109 [Safezone] Player "Slightly Crazed" (id=RjqUafmWjW9Q1BHza4n7WoZ_8uUWujoz2w-ciuQaZcs= pos=<4668.038086, 2.501128, 2243.245361>) Entered the safezone
05:29:35.132 [ATM] Player "wiggy" (id=SgADkNjbGaUs8SauxTNPqYQENYs5GlEGD7NNksMh0hI=) has withdrawn 11158 from his ATM account.
05:30:36.214 [Market] Player "wiggy" (id=SgADkNjbGaUs8SauxTNPqYQENYs5GlEGD7NNksMh0hI=) has send a requested to purchase ammobox_9x39ap_20rnd x1 from the trader "Magazines (Oliver [AMMO & MAGAZINES])" in market zone "The Holler" (pos=<4864.000000, 0.000000, 2314.000000>).
05:30:36.380 [Market] Player "wiggy" (id=SgADkNjbGaUs8SauxTNPqYQENYs5GlEGD7NNksMh0hI=) has bought ammobox_9x39ap_20rnd x1 from the trader "Magazines (Oliver [AMMO & MAGAZINES])" in market zone "The Holler" (pos=<4864.000000, 0.000000, 2314.000000>) for a price of 64.
05:30:37.332 [Market] Player "wiggy" (id=SgADkNjbGaUs8SauxTNPqYQENYs5GlEGD7NNksMh0hI=) has send a requested to purchase ammobox_9x39ap_20rnd x1 from the trader "Magazines (Oliver [AMMO & MAGAZINES])" in market zone "The Holler" (pos=<4864.000000, 0.000000, 2314.000000>).
05:30:37.460 [Market] Player "wiggy" (id=SgADkNjbGaUs8SauxTNPqYQENYs5GlEGD7NNksMh0hI=) has bought ammobox_9x39ap_20rnd x1 from the trader "Magazines (Oliver [AMMO & MAGAZINES])" in market zone "The Holler" (pos=<4864.000000, 0.000000, 2314.000000>) for a price of 64.
05:30:38.101 [Market] Player "wiggy" (id=SgADkNjbGaUs8SauxTNPqYQENYs5GlEGD7NNksMh0hI=) has send a requested to purchase ammobox_9x39ap_20rnd x1 from the trader "Magazines (Oliver [AMMO & MAGAZINES])" in market zone "The Holler" (pos=<4864.000000, 0.000000, 2314.000000>).
05:30:38.265 [Market] Player "wiggy" (id=SgADkNjbGaUs8SauxTNPqYQENYs5GlEGD7NNksMh0hI=) has bought ammobox_9x39ap_20rnd x1 from the trader "Magazines (Oliver [AMMO & MAGAZINES])" in market zone "The Holler" (pos=<4864.000000, 0.000000, 2314.000000>) for a price of 64.
05:30:39.056 [Market] Player "wiggy" (id=SgADkNjbGaUs8SauxTNPqYQENYs5GlEGD7NNksMh0hI=) has send a requested to purchase ammobox_9x39ap_20rnd x1 from the trader "Magazines (Oliver [AMMO & MAGAZINES])" in market zone "The Holler" (pos=<4864.000000, 0.000000, 2314.000000>).
05:30:39.218 [Market] Player "wiggy" (id=SgADkNjbGaUs8SauxTNPqYQENYs5GlEGD7NNksMh0hI=) has bought ammobox_9x39ap_20rnd x1 from the trader "Magazines (Oliver [AMMO & MAGAZINES])" in market zone "The Holler" (pos=<4864.000000, 0.000000, 2314.000000>) for a price of 64.
05:30:39.724 [Market] Player "wiggy" (id=SgADkNjbGaUs8SauxTNPqYQENYs5GlEGD7NNksMh0hI=) has send a requested to purchase ammobox_9x39ap_20rnd x1 from the trader "Magazines (Oliver [AMMO & MAGAZINES])" in market zone "The Holler" (pos=<4864.000000, 0.000000, 2314.000000>).
05:30:39.849 [Market] Player "wiggy" (id=SgADkNjbGaUs8SauxTNPqYQENYs5GlEGD7NNksMh0hI=) has bought ammobox_9x39ap_20rnd x1 from the trader "Magazines (Oliver [AMMO & MAGAZINES])" in market zone "The Holler" (pos=<4864.000000, 0.000000, 2314.000000>) for a price of 64.
05:30:40.273 [Market] Player "wiggy" (id=SgADkNjbGaUs8SauxTNPqYQENYs5GlEGD7NNksMh0hI=) has send a requested to purchase ammobox_9x39ap_20rnd x1 from the trader "Magazines (Oliver [AMMO & MAGAZINES])" in market zone "The Holler" (pos=<4864.000000, 0.000000, 2314.000000>).
05:30:40.445 [Market] Player "wiggy" (id=SgADkNjbGaUs8SauxTNPqYQENYs5GlEGD7NNksMh0hI=) has bought ammobox_9x39ap_20rnd x1 from the trader "Magazines (Oliver [AMMO & MAGAZINES])" in market zone "The Holler" (pos=<4864.000000, 0.000000, 2314.000000>) for a price of 64.
05:30:40.701 [Market] Player "wiggy" (id=SgADkNjbGaUs8SauxTNPqYQENYs5GlEGD7NNksMh0hI=) has send a requested to purchase ammobox_9x39ap_20rnd x1 from the trader "Magazines (Oliver [AMMO & MAGAZINES])" in market zone "The Holler" (pos=<4864.000000, 0.000000, 2314.000000>).
05:30:40.843 [Market] Player "wiggy" (id=SgADkNjbGaUs8SauxTNPqYQENYs5GlEGD7NNksMh0hI=) has bought ammobox_9x39ap_20rnd x1 from the trader "Magazines (Oliver [AMMO & MAGAZINES])" in market zone "The Holler" (pos=<4864.000000, 0.000000, 2314.000000>) for a price of 64.
05:30:41.167 [Market] Player "wiggy" (id=SgADkNjbGaUs8SauxTNPqYQENYs5GlEGD7NNksMh0hI=) has send a requested to purchase ammobox_9x39ap_20rnd x1 from the trader "Magazines (Oliver [AMMO & MAGAZINES])" in market zone "The Holler" (pos=<4864.000000, 0.000000, 2314.000000>).
05:30:41.343 [Market] Player "wiggy" (id=SgADkNjbGaUs8SauxTNPqYQENYs5GlEGD7NNksMh0hI=) has bought ammobox_9x39ap_20rnd x1 from the trader "Magazines (Oliver [AMMO & MAGAZINES])" in market zone "The Holler" (pos=<4864.000000, 0.000000, 2314.000000>) for a price of 64.
05:30:41.691 [Market] Player "wiggy" (id=SgADkNjbGaUs8SauxTNPqYQENYs5GlEGD7NNksMh0hI=) has send a requested to purchase ammobox_9x39ap_20rnd x1 from the trader "Magazines (Oliver [AMMO & MAGAZINES])" in market zone "The Holler" (pos=<4864.000000, 0.000000, 2314.000000>).
05:30:41.857 [Market] Player "wiggy" (id=SgADkNjbGaUs8SauxTNPqYQENYs5GlEGD7NNksMh0hI=) has bought ammobox_9x39ap_20rnd x1 from the trader "Magazines (Oliver [AMMO & MAGAZINES])" in market zone "The Holler" (pos=<4864.000000, 0.000000, 2314.000000>) for a price of 64.
05:30:42.185 [Market] Player "wiggy" (id=SgADkNjbGaUs8SauxTNPqYQENYs5GlEGD7NNksMh0hI=) has send a requested to purchase ammobox_9x39ap_20rnd x1 from the trader "Magazines (Oliver [AMMO & MAGAZINES])" in market zone "The Holler" (pos=<4864.000000, 0.000000, 2314.000000>).
05:30:42.349 [Market] Player "wiggy" (id=SgADkNjbGaUs8SauxTNPqYQENYs5GlEGD7NNksMh0hI=) has bought ammobox_9x39ap_20rnd x1 from the trader "Magazines (Oliver [AMMO & MAGAZINES])" in market zone "The Holler" (pos=<4864.000000, 0.000000, 2314.000000>) for a price of 64.
05:30:42.699 [Market] Player "wiggy" (id=SgADkNjbGaUs8SauxTNPqYQENYs5GlEGD7NNksMh0hI=) has send a requested to purchase ammobox_9x39ap_20rnd x1 from the trader "Magazines (Oliver [AMMO & MAGAZINES])" in market zone "The Holler" (pos=<4864.000000, 0.000000, 2314.000000>).
05:30:42.869 [Market] Player "wiggy" (id=SgADkNjbGaUs8SauxTNPqYQENYs5GlEGD7NNksMh0hI=) has bought ammobox_9x39ap_20rnd x1 from the trader "Magazines (Oliver [AMMO & MAGAZINES])" in market zone "The Holler" (pos=<4864.000000, 0.000000, 2314.000000>) for a price of 64.
05:30:43.210 [Market] Player "wiggy" (id=SgADkNjbGaUs8SauxTNPqYQENYs5GlEGD7NNksMh0hI=) has send a requested to purchase ammobox_9x39ap_20rnd x1 from the trader "Magazines (Oliver [AMMO & MAGAZINES])" in market zone "The Holler" (pos=<4864.000000, 0.000000, 2314.000000>).
05:30:43.376 [Market] Player "wiggy" (id=SgADkNjbGaUs8SauxTNPqYQENYs5GlEGD7NNksMh0hI=) has bought ammobox_9x39ap_20rnd x1 from the trader "Magazines (Oliver [AMMO & MAGAZINES])" in market zone "The Holler" (pos=<4864.000000, 0.000000, 2314.000000>) for a price of 64.
05:30:43.628 [Market] Player "wiggy" (id=SgADkNjbGaUs8SauxTNPqYQENYs5GlEGD7NNksMh0hI=) has send a requested to purchase ammobox_9x39ap_20rnd x1 from the trader "Magazines (Oliver [AMMO & MAGAZINES])" in market zone "The Holler" (pos=<4864.000000, 0.000000, 2314.000000>).
05:30:43.761 [Market] Player "wiggy" (id=SgADkNjbGaUs8SauxTNPqYQENYs5GlEGD7NNksMh0hI=) has bought ammobox_9x39ap_20rnd x1 from the trader "Magazines (Oliver [AMMO & MAGAZINES])" in market zone "The Holler" (pos=<4864.000000, 0.000000, 2314.000000>) for a price of 64.
05:34:00.949 [Expansion Quests] - InitQuestSystemClient - Loaded existing player quest data for player with UID: 8aHbwb5XZ9Gq0J-7qO1AVn3G8YD6-lBt4iCz53aUxso=
05:34:00.949 [Expansion Quests] - LoadGroupQuestData - Got cached group quest data for group with ID: -1
05:34:00.949 [Expansion Quests] - Create new quest instance for quest: 99 - Player UID: 8aHbwb5XZ9Gq0J-7qO1AVn3G8YD6-lBt4iCz53aUxso=
05:36:10.007 [Safezone] Player "Sharkparty" (id=2H7391gmOSCz4VnnBebcTth-2Sm4qjaSYaboxsOPA1Q= pos=<4668.035156, 2.501147, 2241.252930>) Entered the safezone
05:36:14.181 [Safezone] Player "Captain Chaos" (id=KWl3ojgjStHOe3-iLRChpUG8crsNiNfei3BT6NCIfaw= pos=<4668.241211, 2.501129, 2243.259033>) Entered the safezone
05:38:45.396 [Expansion Quests] - CompleteQuest - Player with UID 2H7391gmOSCz4VnnBebcTth-2Sm4qjaSYaboxsOPA1Q= has completed quest 33
05:39:35.269 [Market] Player "wiggy" (id=SgADkNjbGaUs8SauxTNPqYQENYs5GlEGD7NNksMh0hI=) has send a requested to purchase ammobox_556x45_20rnd x1 from the trader "Magazines (Oliver [AMMO & MAGAZINES])" in market zone "The Holler" (pos=<4864.000000, 0.000000, 2314.000000>).
05:39:35.437 [Market] Player "wiggy" (id=SgADkNjbGaUs8SauxTNPqYQENYs5GlEGD7NNksMh0hI=) has bought ammobox_556x45_20rnd x1 from the trader "Magazines (Oliver [AMMO & MAGAZINES])" in market zone "The Holler" (pos=<4864.000000, 0.000000, 2314.000000>) for a price of 32.
05:39:36.558 [Market] Player "wiggy" (id=SgADkNjbGaUs8SauxTNPqYQENYs5GlEGD7NNksMh0hI=) has send a requested to purchase ammobox_556x45_20rnd x1 from the trader "Magazines (Oliver [AMMO & MAGAZINES])" in market zone "The Holler" (pos=<4864.000000, 0.000000, 2314.000000>).
05:39:36.677 [Market] Player "wiggy" (id=SgADkNjbGaUs8SauxTNPqYQENYs5GlEGD7NNksMh0hI=) has bought ammobox_556x45_20rnd x1 from the trader "Magazines (Oliver [AMMO & MAGAZINES])" in market zone "The Holler" (pos=<4864.000000, 0.000000, 2314.000000>) for a price of 32.
05:39:37.505 [Market] Player "wiggy" (id=SgADkNjbGaUs8SauxTNPqYQENYs5GlEGD7NNksMh0hI=) has send a requested to purchase ammobox_556x45_20rnd x1 from the trader "Magazines (Oliver [AMMO & MAGAZINES])" in market zone "The Holler" (pos=<4864.000000, 0.000000, 2314.000000>).
05:39:37.664 [Market] Player "wiggy" (id=SgADkNjbGaUs8SauxTNPqYQENYs5GlEGD7NNksMh0hI=) has bought ammobox_556x45_20rnd x1 from the trader "Magazines (Oliver [AMMO & MAGAZINES])" in market zone "The Holler" (pos=<4864.000000, 0.000000, 2314.000000>) for a price of 32.
05:40:15.339 [MissionAirdrop] An airdrop is heading towards "Military Transmitting Station" (pos=<6328.509766, 0.000000, 979.291016> type=Random_Military-Transmitting-Station) with a ExpansionAirdropContainer
05:40:29.263 [ATM] Player "Slightly Crazed" (id=RjqUafmWjW9Q1BHza4n7WoZ_8uUWujoz2w-ciuQaZcs=) has withdrawn 320 from his ATM account.
05:40:29.388 [ATM] Player "wiggy" (id=SgADkNjbGaUs8SauxTNPqYQENYs5GlEGD7NNksMh0hI=) has deposited 10230 on his ATM account.
05:40:57.056 [Market] Player "Slightly Crazed" (id=RjqUafmWjW9Q1BHza4n7WoZ_8uUWujoz2w-ciuQaZcs=) has send a requested to purchase ammobox_556x45_20rnd x1 from the trader "Magazines (Oliver [AMMO & MAGAZINES])" in market zone "The Holler" (pos=<4864.000000, 0.000000, 2314.000000>).
05:40:57.376 [Market] Player "Slightly Crazed" (id=RjqUafmWjW9Q1BHza4n7WoZ_8uUWujoz2w-ciuQaZcs=) has bought ammobox_556x45_20rnd x1 from the trader "Magazines (Oliver [AMMO & MAGAZINES])" in market zone "The Holler" (pos=<4864.000000, 0.000000, 2314.000000>) for a price of 32.
05:40:59.181 [Market] Player "Slightly Crazed" (id=RjqUafmWjW9Q1BHza4n7WoZ_8uUWujoz2w-ciuQaZcs=) has send a requested to purchase ammobox_556x45_20rnd x1 from the trader "Magazines (Oliver [AMMO & MAGAZINES])" in market zone "The Holler" (pos=<4864.000000, 0.000000, 2314.000000>).
05:40:59.472 [Market] Player "Slightly Crazed" (id=RjqUafmWjW9Q1BHza4n7WoZ_8uUWujoz2w-ciuQaZcs=) has bought ammobox_556x45_20rnd x1 from the trader "Magazines (Oliver [AMMO & MAGAZINES])" in market zone "The Holler" (pos=<4864.000000, 0.000000, 2314.000000>) for a price of 32.
05:41:00.697 [Market] Player "Slightly Crazed" (id=RjqUafmWjW9Q1BHza4n7WoZ_8uUWujoz2w-ciuQaZcs=) has send a requested to purchase ammobox_556x45_20rnd x1 from the trader "Magazines (Oliver [AMMO & MAGAZINES])" in market zone "The Holler" (pos=<4864.000000, 0.000000, 2314.000000>).
05:41:01.013 [Market] Player "Slightly Crazed" (id=RjqUafmWjW9Q1BHza4n7WoZ_8uUWujoz2w-ciuQaZcs=) has bought ammobox_556x45_20rnd x1 from the trader "Magazines (Oliver [AMMO & MAGAZINES])" in market zone "The Holler" (pos=<4864.000000, 0.000000, 2314.000000>) for a price of 32.
05:41:02.181 [Market] Player "Slightly Crazed" (id=RjqUafmWjW9Q1BHza4n7WoZ_8uUWujoz2w-ciuQaZcs=) has send a requested to purchase ammobox_556x45_20rnd x1 from the trader "Magazines (Oliver [AMMO & MAGAZINES])" in market zone "The Holler" (pos=<4864.000000, 0.000000, 2314.000000>).
05:41:02.464 [Market] Player "Slightly Crazed" (id=RjqUafmWjW9Q1BHza4n7WoZ_8uUWujoz2w-ciuQaZcs=) has bought ammobox_556x45_20rnd x1 from the trader "Magazines (Oliver [AMMO & MAGAZINES])" in market zone "The Holler" (pos=<4864.000000, 0.000000, 2314.000000>) for a price of 32.
05:41:03.316 [Market] Player "Slightly Crazed" (id=RjqUafmWjW9Q1BHza4n7WoZ_8uUWujoz2w-ciuQaZcs=) has send a requested to purchase ammobox_556x45_20rnd x1 from the trader "Magazines (Oliver [AMMO & MAGAZINES])" in market zone "The Holler" (pos=<4864.000000, 0.000000, 2314.000000>).
05:41:03.625 [Market] Player "Slightly Crazed" (id=RjqUafmWjW9Q1BHza4n7WoZ_8uUWujoz2w-ciuQaZcs=) has bought ammobox_556x45_20rnd x1 from the trader "Magazines (Oliver [AMMO & MAGAZINES])" in market zone "The Holler" (pos=<4864.000000, 0.000000, 2314.000000>) for a price of 32.
05:41:04.437 [Market] Player "Slightly Crazed" (id=RjqUafmWjW9Q1BHza4n7WoZ_8uUWujoz2w-ciuQaZcs=) has send a requested to purchase ammobox_556x45_20rnd x1 from the trader "Magazines (Oliver [AMMO & MAGAZINES])" in market zone "The Holler" (pos=<4864.000000, 0.000000, 2314.000000>).
05:41:04.761 [Market] Player "Slightly Crazed" (id=RjqUafmWjW9Q1BHza4n7WoZ_8uUWujoz2w-ciuQaZcs=) has bought ammobox_556x45_20rnd x1 from the trader "Magazines (Oliver [AMMO & MAGAZINES])" in market zone "The Holler" (pos=<4864.000000, 0.000000, 2314.000000>) for a price of 32.
05:41:06.080 [Market] Player "Slightly Crazed" (id=RjqUafmWjW9Q1BHza4n7WoZ_8uUWujoz2w-ciuQaZcs=) has send a requested to purchase ammobox_556x45_20rnd x1 from the trader "Magazines (Oliver [AMMO & MAGAZINES])" in market zone "The Holler" (pos=<4864.000000, 0.000000, 2314.000000>).
05:41:06.564 [Market] Player "Slightly Crazed" (id=RjqUafmWjW9Q1BHza4n7WoZ_8uUWujoz2w-ciuQaZcs=) has send a requested to purchase ammobox_556x45_20rnd x1 from the trader "Magazines (Oliver [AMMO & MAGAZINES])" in market zone "The Holler" (pos=<4864.000000, 0.000000, 2314.000000>).
05:41:07.029 [Market] Player "Slightly Crazed" (id=RjqUafmWjW9Q1BHza4n7WoZ_8uUWujoz2w-ciuQaZcs=) has send a requested to purchase ammobox_556x45_20rnd x1 from the trader "Magazines (Oliver [AMMO & MAGAZINES])" in market zone "The Holler" (pos=<4864.000000, 0.000000, 2314.000000>).
05:41:10.064 [Market] Player "Slightly Crazed" (id=RjqUafmWjW9Q1BHza4n7WoZ_8uUWujoz2w-ciuQaZcs=) has send a requested to purchase ammobox_556x45_20rnd x1 from the trader "Magazines (Oliver [AMMO & MAGAZINES])" in market zone "The Holler" (pos=<4864.000000, 0.000000, 2314.000000>).
05:41:10.365 [Market] Player "Slightly Crazed" (id=RjqUafmWjW9Q1BHza4n7WoZ_8uUWujoz2w-ciuQaZcs=) has bought ammobox_556x45_20rnd x1 from the trader "Magazines (Oliver [AMMO & MAGAZINES])" in market zone "The Holler" (pos=<4864.000000, 0.000000, 2314.000000>) for a price of 32.
05:41:11.808 [Market] Player "Slightly Crazed" (id=RjqUafmWjW9Q1BHza4n7WoZ_8uUWujoz2w-ciuQaZcs=) has send a requested to purchase ammobox_556x45_20rnd x1 from the trader "Magazines (Oliver [AMMO & MAGAZINES])" in market zone "The Holler" (pos=<4864.000000, 0.000000, 2314.000000>).
05:41:12.132 [Market] Player "Slightly Crazed" (id=RjqUafmWjW9Q1BHza4n7WoZ_8uUWujoz2w-ciuQaZcs=) has bought ammobox_556x45_20rnd x1 from the trader "Magazines (Oliver [AMMO & MAGAZINES])" in market zone "The Holler" (pos=<4864.000000, 0.000000, 2314.000000>) for a price of 32.
05:41:13.376 [Market] Player "Slightly Crazed" (id=RjqUafmWjW9Q1BHza4n7WoZ_8uUWujoz2w-ciuQaZcs=) has send a requested to purchase ammobox_556x45_20rnd x1 from the trader "Magazines (Oliver [AMMO & MAGAZINES])" in market zone "The Holler" (pos=<4864.000000, 0.000000, 2314.000000>).
05:41:13.716 [Market] Player "Slightly Crazed" (id=RjqUafmWjW9Q1BHza4n7WoZ_8uUWujoz2w-ciuQaZcs=) has bought ammobox_556x45_20rnd x1 from the trader "Magazines (Oliver [AMMO & MAGAZINES])" in market zone "The Holler" (pos=<4864.000000, 0.000000, 2314.000000>) for a price of 32.
05:41:15.009 [Market] Player "Slightly Crazed" (id=RjqUafmWjW9Q1BHza4n7WoZ_8uUWujoz2w-ciuQaZcs=) has send a requested to purchase ammobox_556x45_20rnd x1 from the trader "Magazines (Oliver [AMMO & MAGAZINES])" in market zone "The Holler" (pos=<4864.000000, 0.000000, 2314.000000>).
05:41:15.304 [Market] Player "Slightly Crazed" (id=RjqUafmWjW9Q1BHza4n7WoZ_8uUWujoz2w-ciuQaZcs=) has bought ammobox_556x45_20rnd x1 from the trader "Magazines (Oliver [AMMO & MAGAZINES])" in market zone "The Holler" (pos=<4864.000000, 0.000000, 2314.000000>) for a price of 32.
05:41:22.312 [Expansion Quests] - CreateQuestInstance - Created new quest instance for with instance key KWl3ojgjStHOe3-iLRChpUG8crsNiNfei3BT6NCIfaw= for quest 39
05:41:47.125 [Expansion Quests] - CreateQuestInstance - Created new quest instance for with instance key 2H7391gmOSCz4VnnBebcTth-2Sm4qjaSYaboxsOPA1Q= for quest 32
05:49:08.085 [Party] Player "Sharkparty" (id=2H7391gmOSCz4VnnBebcTth-2Sm4qjaSYaboxsOPA1Q=) left the party "Dirtydan" (id=0 ownerUID=eZvdqnhxQZeB4Wvp7ko5cFy79bCUMACrCdUKq6S9F3w= ownerName=DirtyDan)
05:49:45.570 [Party] Player "Captain Chaos" (id=KWl3ojgjStHOe3-iLRChpUG8crsNiNfei3BT6NCIfaw=) left the party "Dirtydan" (id=0 ownerUID=eZvdqnhxQZeB4Wvp7ko5cFy79bCUMACrCdUKq6S9F3w= ownerName=DirtyDan)
05:59:19.521 [Party] Player "Slightly Crazed" (id=RjqUafmWjW9Q1BHza4n7WoZ_8uUWujoz2w-ciuQaZcs=) left the party "Hard Gits" (id=2 ownerUID=RjqUafmWjW9Q1BHza4n7WoZ_8uUWujoz2w-ciuQaZcs= ownerName=Lets_G0_Brandon)
05:59:19.533 [Party] Player "wiggy" (id=SgADkNjbGaUs8SauxTNPqYQENYs5GlEGD7NNksMh0hI=) left the party "Hard Gits" (id=2 ownerUID=RjqUafmWjW9Q1BHza4n7WoZ_8uUWujoz2w-ciuQaZcs= ownerName=Lets_G0_Brandon)
