19:40:32.664 [Party] Player "DirtyDan" (id=eZvdqnhxQZeB4Wvp7ko5cFy79bCUMACrCdUKq6S9F3w=) joinded the party "dirtydan" (id=3 ownerUID=eZvdqnhxQZeB4Wvp7ko5cFy79bCUMACrCdUKq6S9F3w= ownerName=DirtyDan)
19:40:32.679 [AI Patrol] Spawning 3 Shamans bots at <3799.962891, 4.640000, 5982.647949>
19:40:32.773 [AI Patrol] Spawning 3 Shamans bots at <3717.325928, 4.640000, 6051.497559>
19:40:32.789 [AI Patrol] Spawning 3 Shamans bots at <3757.963867, 15.630000, 6553.904785>
19:40:32.796 [AI Patrol] Spawning 3 Shamans bots at <3742.161133, 4.640000, 5977.058105>
19:40:32.812 [AI Patrol] Spawning 3 Shamans bots at <3740.374756, 4.640000, 5961.773438>
19:40:32.820 [AI Patrol] Spawning 3 Shamans bots at <2876.261475, 42.135288, 5895.083984>
19:40:32.835 [AI Patrol] Spawning 3 Shamans bots at <2517.359863, 43.939999, 5713.379883>
19:40:32.843 [AI Patrol] Spawning 3 Shamans bots at <2490.580078, 43.939999, 5732.584473>
19:40:32.859 [AI Patrol] Spawning 3 Shamans bots at <2476.139160, 44.376152, 5951.578125>
19:40:32.867 [AI Patrol] Spawning 3 Shamans bots at <3680.730957, 4.640000, 5996.126953>
19:40:32.882 [AI Patrol] Spawning 3 Shamans bots at <3420.701660, 17.311558, 6309.863281>
19:40:52.304 [AI Patrol] Spawning 3 Shamans bots at <3759.777344, 15.630000, 6573.740723>
19:43:44.843 [AI Patrol] Spawning 3 Shamans bots at <4004.110107, 15.630000, 6619.668945>
19:43:50.773 [AI Patrol] Spawning 3 Shamans bots at <3999.660400, 15.630000, 6651.653320>
19:45:37.953 [MissionAirdrop] An airdrop is heading towards "Airfield" (pos=<6791.240234, 0.000000, 2116.860107> type=Random_Airfield) with a ExpansionAirdropContainer_Basebuilding
19:45:47.953 [MissionAirdrop] An airdrop is heading towards "Ares" (pos=<2171.350098, 0.000000, 2934.139893> type=Random_Ares) with a ExpansionAirdropContainer_Medical
20:11:08.640 [Party] Player "DirtyDan" (id=eZvdqnhxQZeB4Wvp7ko5cFy79bCUMACrCdUKq6S9F3w=) left the party "dirtydan" (id=3 ownerUID=eZvdqnhxQZeB4Wvp7ko5cFy79bCUMACrCdUKq6S9F3w= ownerName=DirtyDan)
20:18:51.703 [Party] Player "Slightly Crazed" (id=RjqUafmWjW9Q1BHza4n7WoZ_8uUWujoz2w-ciuQaZcs=) joinded the party "Gits" (id=4 ownerUID=RjqUafmWjW9Q1BHza4n7WoZ_8uUWujoz2w-ciuQaZcs= ownerName=Slightly Crazed)
20:28:57.117 [Party] Player "DirtyDan" (id=eZvdqnhxQZeB4Wvp7ko5cFy79bCUMACrCdUKq6S9F3w=) joinded the party "dirtydan" (id=3 ownerUID=eZvdqnhxQZeB4Wvp7ko5cFy79bCUMACrCdUKq6S9F3w= ownerName=DirtyDan)
20:29:50.507 [Chat - Global]("DirtyDan"(id=eZvdqnhxQZeB4Wvp7ko5cFy79bCUMACrCdUKq6S9F3w=)): hope this loot sticks around 
20:29:58.953 [AI Patrol] Spawning 3 Shamans bots at <4024.768555, 9.777956, 4871.581055>
20:43:29.117 [Party] Player "Slightly Crazed" (id=RjqUafmWjW9Q1BHza4n7WoZ_8uUWujoz2w-ciuQaZcs=) left the party "Gits" (id=4 ownerUID=RjqUafmWjW9Q1BHza4n7WoZ_8uUWujoz2w-ciuQaZcs= ownerName=Slightly Crazed)
20:44:18.046 [Party] Player "Slightly Crazed" (id=RjqUafmWjW9Q1BHza4n7WoZ_8uUWujoz2w-ciuQaZcs=) joinded the party "Gits" (id=4 ownerUID=RjqUafmWjW9Q1BHza4n7WoZ_8uUWujoz2w-ciuQaZcs= ownerName=Slightly Crazed)
20:44:32.148 [AI Patrol] Spawning 3 Shamans bots at <1685.440674, 18.161434, 5226.037598>
20:45:18.218 [AI Patrol] Spawning 3 Shamans bots at <4760.398438, 42.797829, 1464.884521>
20:50:17.531 [AI Patrol] Spawning 3 Shamans bots at <2326.102051, 54.799999, 3052.681152>
20:50:20.968 [AI Patrol] Spawning 3 Shamans bots at <2170.285645, 54.799999, 3059.851807>
20:50:24.234 [AI Patrol] Spawning 3 Shamans bots at <2129.129883, 54.799999, 3054.727051>
20:50:28.945 [AI Patrol] Spawning 3 Shamans bots at <2089.028320, 54.799999, 3045.226563>
20:51:05.750 [AI Patrol] Spawning 3 Shamans bots at <2103.348633, 54.799999, 2962.783691>
20:51:18.445 [AI Patrol] Spawning 3 Shamans bots at <1959.097900, 54.799999, 2952.254639>
20:51:41.976 [AI Patrol] Spawning 3 Shamans bots at <1952.648193, 54.799999, 2933.242676>
20:51:42.453 [AI Patrol] Spawning 3 Shamans bots at <1962.273193, 54.799999, 2927.278076>
20:51:53.171 [AI Patrol] Spawning 3 Shamans bots at <1631.707397, 44.722794, 3079.409912>
21:00:44.640 [Party] Player "Slightly Crazed" (id=RjqUafmWjW9Q1BHza4n7WoZ_8uUWujoz2w-ciuQaZcs=) joinded the party "Gits" (id=4 ownerUID=RjqUafmWjW9Q1BHza4n7WoZ_8uUWujoz2w-ciuQaZcs= ownerName=Slightly Crazed)
21:09:39.968 [MissionAirdrop] An airdrop is heading towards "Airfield" (pos=<6791.240234, 0.000000, 2116.860107> type=Random_Airfield) with a ExpansionAirdropContainer_Basebuilding
21:10:19.968 [MissionAirdrop] An airdrop is heading towards "Mt Helikon" (pos=<6612.930176, 0.000000, 4908.759766> type=Random_Mt-Helikon) with a ExpansionAirdropContainer_Medical
21:19:52.039 [AI Patrol] Spawning 3 Shamans bots at <1630.448608, 45.273834, 3064.203369>
21:19:52.492 [AI Patrol] Spawning 3 Shamans bots at <1917.009155, 54.829891, 2871.516602>
21:23:58.960 [AI Patrol] Spawning 3 Shamans bots at <982.321228, 5.594793, 3125.186035>
21:23:59.867 [AI Patrol] Spawning 3 Shamans bots at <979.743896, 6.496900, 3103.533936>
21:26:36.132 [AI Patrol] Spawning 3 Shamans bots at <851.139893, 5.260000, 3292.036865>
21:26:38.984 [AI Patrol] Spawning 3 Shamans bots at <877.529297, 5.260000, 3506.034912>
21:26:40.648 [AI Patrol] Spawning 3 Shamans bots at <830.498718, 5.260000, 3329.426514>
21:27:29.250 [AI Patrol] Spawning 3 Shamans bots at <1910.619751, 49.737213, 3486.546631>
21:50:51.312 [AI Patrol] Spawning 3 Shamans bots at <1912.536255, 49.354237, 3482.718018>
21:54:23.093 [Party] Player "DirtyDan" (id=eZvdqnhxQZeB4Wvp7ko5cFy79bCUMACrCdUKq6S9F3w=) left the party "dirtydan" (id=3 ownerUID=eZvdqnhxQZeB4Wvp7ko5cFy79bCUMACrCdUKq6S9F3w= ownerName=DirtyDan)
21:58:50.414 [Party] Player "DirtyDan" (id=eZvdqnhxQZeB4Wvp7ko5cFy79bCUMACrCdUKq6S9F3w=) joinded the party "dirtydan" (id=3 ownerUID=eZvdqnhxQZeB4Wvp7ko5cFy79bCUMACrCdUKq6S9F3w= ownerName=DirtyDan)
22:05:34.656 [AI Patrol] Spawning 3 Shamans bots at <1752.056763, 15.570000, 629.563782>
22:06:35.718 [AI Patrol] Spawning 3 Shamans bots at <1854.826294, 15.570000, 590.899231>
22:07:19.656 [AI Patrol] Spawning 3 Shamans bots at <1849.812012, 15.570000, 576.054626>
22:07:27.054 [AI Patrol] Spawning 3 Shamans bots at <1730.045410, 15.570000, 523.271057>
22:07:34.890 [AI Patrol] Spawning 3 Shamans bots at <1717.485107, 15.570000, 488.575867>
22:24:28.953 [AI Patrol] Spawning 3 Shamans bots at <3574.710693, 133.559601, 2268.993408>
22:24:29.109 [AI Patrol] Spawning 3 Shamans bots at <2308.639404, 77.099998, 1726.034546>
22:30:35.890 [Party] Player "Slightly Crazed" (id=RjqUafmWjW9Q1BHza4n7WoZ_8uUWujoz2w-ciuQaZcs=) joinded the party "Gits" (id=4 ownerUID=RjqUafmWjW9Q1BHza4n7WoZ_8uUWujoz2w-ciuQaZcs= ownerName=Slightly Crazed)
22:31:52.265 [MissionAirdrop] An airdrop is heading towards "Apple Orchard" (pos=<4814.680176, 0.000000, 1308.500000> type=Random_Apple-Orchard) with a ExpansionAirdropContainer_Basebuilding
22:32:12.265 [MissionAirdrop] An airdrop is heading towards "South Harbor" (pos=<1854.040039, 0.000000, 584.143005> type=Random_South-Harbor) with a ExpansionAirdropContainer_Military
22:36:11.906 [AI Patrol] Spawning 3 Shamans bots at <5666.169922, 29.008316, 1823.496826>
22:46:06.414 [Chat - Global]("DirtyDan"(id=eZvdqnhxQZeB4Wvp7ko5cFy79bCUMACrCdUKq6S9F3w=)): where are you at crazed?
22:52:44.218 [AI Patrol] Spawning 3 Shamans bots at <3939.252197, 28.731922, 1745.474731>
22:56:04.812 [Party] Player "CrazyBob1027" (id=sotoW1_Nk-TTJiiIPsCtS3o5Fa1yZMPYUSJANQxS2rE=) joinded the party "Psychonuats" (id=6 ownerUID=sotoW1_Nk-TTJiiIPsCtS3o5Fa1yZMPYUSJANQxS2rE= ownerName=CrazyBob1027)
22:56:12.367 [Party] Player "ChaoticBeauty07" (id=aZuey8BZu5enttVf1frXEoSPxF2bH_OE61qSIaeu7J0=) joinded the party "Psychonuats" (id=6 ownerUID=sotoW1_Nk-TTJiiIPsCtS3o5Fa1yZMPYUSJANQxS2rE= ownerName=CrazyBob1027)
22:59:40.562 [AI Patrol] Spawning 3 Shamans bots at <1667.739746, 54.811832, 1691.516602>
23:02:23.703 [Chat - Global]("CrazyBob1027"(id=sotoW1_Nk-TTJiiIPsCtS3o5Fa1yZMPYUSJANQxS2rE=)): yo hows it going
23:02:44.046 [Chat - Global]("DirtyDan"(id=eZvdqnhxQZeB4Wvp7ko5cFy79bCUMACrCdUKq6S9F3w=)): good.  how are you?
23:03:01.179 [Party] Player "CrazyBob1027" (id=sotoW1_Nk-TTJiiIPsCtS3o5Fa1yZMPYUSJANQxS2rE=) joinded the party "Psychonuats" (id=6 ownerUID=sotoW1_Nk-TTJiiIPsCtS3o5Fa1yZMPYUSJANQxS2rE= ownerName=CrazyBob1027)
23:03:29.859 [Chat - Global]("CrazyBob1027"(id=sotoW1_Nk-TTJiiIPsCtS3o5Fa1yZMPYUSJANQxS2rE=)): yeah looks like there is alot spawing in now 
23:03:41.789 [Chat - Global]("DirtyDan"(id=eZvdqnhxQZeB4Wvp7ko5cFy79bCUMACrCdUKq6S9F3w=)): ya ive found a good bit
23:04:38.937 [Chat - Global]("DirtyDan"(id=eZvdqnhxQZeB4Wvp7ko5cFy79bCUMACrCdUKq6S9F3w=)): im looking for tetra 
23:06:12.500 [AI Patrol] Spawning 3 Shamans bots at <3499.079102, 59.606144, 1899.610107>
23:07:38.367 [Party] Player "ChaoticBeauty07" (id=aZuey8BZu5enttVf1frXEoSPxF2bH_OE61qSIaeu7J0=) joinded the party "Psychonuats" (id=6 ownerUID=sotoW1_Nk-TTJiiIPsCtS3o5Fa1yZMPYUSJANQxS2rE= ownerName=CrazyBob1027)
23:16:04.640 [AI Patrol] Spawning 3 Shamans bots at <2635.921631, 56.335087, 3161.269531>
23:17:19.062 [AI Patrol] Spawning 3 Shamans bots at <2848.330078, 53.410000, 3205.356201>
23:17:25.695 [AI Patrol] Spawning 3 Shamans bots at <2887.932129, 53.410000, 3215.651123>
23:21:55.210 [AI Patrol] Spawning 3 Shamans bots at <4401.029297, 15.872901, 7735.626953>
23:21:55.218 [AI Patrol] Spawning 3 Shamans bots at <4340.875000, 15.700000, 7668.548828>
23:21:55.234 [AI Patrol] Spawning 3 Shamans bots at <4330.049805, 15.894756, 7652.219727>
23:21:55.242 [AI Patrol] Spawning 3 Shamans bots at <4426.814453, 16.800169, 7268.077148>
23:30:55.851 [Chat - Global]("DirtyDan"(id=eZvdqnhxQZeB4Wvp7ko5cFy79bCUMACrCdUKq6S9F3w=)): who is shooting
23:31:07.187 [Chat - Global]("CrazyBob1027"(id=sotoW1_Nk-TTJiiIPsCtS3o5Fa1yZMPYUSJANQxS2rE=)): not us
23:31:14.039 [Chat - Global]("CrazyBob1027"(id=sotoW1_Nk-TTJiiIPsCtS3o5Fa1yZMPYUSJANQxS2rE=)): prolly AI patrol
23:32:07.929 [Chat - Global]("DirtyDan"(id=eZvdqnhxQZeB4Wvp7ko5cFy79bCUMACrCdUKq6S9F3w=)): lots
23:32:18.460 [Chat - Global]("Muffinman516"(id=7GiGcjXfdiZaTzbJRYMyCLChQAe8_Kwhj-GvNddjfEQ=)): can't find any
23:32:22.921 [Chat - Global]("Slightly Crazed"(id=RjqUafmWjW9Q1BHza4n7WoZ_8uUWujoz2w-ciuQaZcs=)): JUST ME
23:32:26.148 [AI Patrol] Spawning 3 Shamans bots at <4151.341797, 18.289940, 4797.787598>
23:32:28.046 [AI Patrol] Spawning 3 Shamans bots at <4110.494141, 18.289940, 4757.307617>
23:32:33.460 [AI Patrol] Spawning 3 Shamans bots at <4150.070801, 18.289940, 4762.492188>
23:32:33.531 [AI Patrol] Spawning 3 Shamans bots at <3985.594971, 19.825970, 4651.749512>
23:32:34.625 [AI Patrol] Spawning 3 Shamans bots at <3970.512695, 19.109703, 4636.973145>
23:32:35.062 [AI Patrol] Spawning 3 Shamans bots at <3977.160400, 19.193293, 4637.921875>
23:32:36.046 [Chat - Global]("Slightly Crazed"(id=RjqUafmWjW9Q1BHza4n7WoZ_8uUWujoz2w-ciuQaZcs=)): about to die again
23:32:49.390 [Chat - Global]("DirtyDan"(id=eZvdqnhxQZeB4Wvp7ko5cFy79bCUMACrCdUKq6S9F3w=)): you need help
23:33:00.031 [Chat - Global]("Muffinman516"(id=7GiGcjXfdiZaTzbJRYMyCLChQAe8_Kwhj-GvNddjfEQ=)): can't find any food
23:33:08.062 [Chat - Global]("DirtyDan"(id=eZvdqnhxQZeB4Wvp7ko5cFy79bCUMACrCdUKq6S9F3w=)): ive found a lot of food
23:33:08.265 [Chat - Global]("Slightly Crazed"(id=RjqUafmWjW9Q1BHza4n7WoZ_8uUWujoz2w-ciuQaZcs=)): sick, may a well start over
23:33:19.945 [Chat - Global]("Muffinman516"(id=7GiGcjXfdiZaTzbJRYMyCLChQAe8_Kwhj-GvNddjfEQ=)): must be nice lol
23:33:22.046 [Chat - Global]("DirtyDan"(id=eZvdqnhxQZeB4Wvp7ko5cFy79bCUMACrCdUKq6S9F3w=)): i found a littletetra
23:33:38.421 [Chat - Global]("Slightly Crazed"(id=RjqUafmWjW9Q1BHza4n7WoZ_8uUWujoz2w-ciuQaZcs=)): ok
23:33:47.343 [Chat - Global]("Slightly Crazed"(id=RjqUafmWjW9Q1BHza4n7WoZ_8uUWujoz2w-ciuQaZcs=)): im in the city
23:33:51.640 [Chat - Global]("DirtyDan"(id=eZvdqnhxQZeB4Wvp7ko5cFy79bCUMACrCdUKq6S9F3w=)): im just south of ares
23:34:10.281 [Chat - Global]("Slightly Crazed"(id=RjqUafmWjW9Q1BHza4n7WoZ_8uUWujoz2w-ciuQaZcs=)): yeah that where I am
23:34:30.703 [Chat - Global]("DirtyDan"(id=eZvdqnhxQZeB4Wvp7ko5cFy79bCUMACrCdUKq6S9F3w=)): meet me in the woods south
23:34:41.742 [Chat - Global]("DirtyDan"(id=eZvdqnhxQZeB4Wvp7ko5cFy79bCUMACrCdUKq6S9F3w=)): of ares between those 2 yellow roads
23:34:50.398 [Chat - Global]("Slightly Crazed"(id=RjqUafmWjW9Q1BHza4n7WoZ_8uUWujoz2w-ciuQaZcs=)): not sure i will make it
23:34:55.265 [Party] Player "Capt Chaos" (id=KWl3ojgjStHOe3-iLRChpUG8crsNiNfei3BT6NCIfaw=) joinded the party "dirtydan" (id=3 ownerUID=eZvdqnhxQZeB4Wvp7ko5cFy79bCUMACrCdUKq6S9F3w= ownerName=DirtyDan)
23:35:02.218 [Chat - Global]("DirtyDan"(id=eZvdqnhxQZeB4Wvp7ko5cFy79bCUMACrCdUKq6S9F3w=)): where about are you
23:35:10.031 [Chat - Global]("Slightly Crazed"(id=RjqUafmWjW9Q1BHza4n7WoZ_8uUWujoz2w-ciuQaZcs=)): oh im in the building there
23:35:35.062 [Chat - Global]("DirtyDan"(id=eZvdqnhxQZeB4Wvp7ko5cFy79bCUMACrCdUKq6S9F3w=)): the appartment 
23:35:39.171 [Chat - Global]("Slightly Crazed"(id=RjqUafmWjW9Q1BHza4n7WoZ_8uUWujoz2w-ciuQaZcs=)): in the woods now
23:35:43.625 [Chat - Global]("DirtyDan"(id=eZvdqnhxQZeB4Wvp7ko5cFy79bCUMACrCdUKq6S9F3w=)): or hanger buildings
23:35:52.781 [Chat - Global]("Slightly Crazed"(id=RjqUafmWjW9Q1BHza4n7WoZ_8uUWujoz2w-ciuQaZcs=)): apartements
23:36:02.914 [Chat - Global]("DirtyDan"(id=eZvdqnhxQZeB4Wvp7ko5cFy79bCUMACrCdUKq6S9F3w=)): k dont shoot me
23:36:21.726 [Chat - Global]("Slightly Crazed"(id=RjqUafmWjW9Q1BHza4n7WoZ_8uUWujoz2w-ciuQaZcs=)): nope, out of ammo anyways
23:39:55.359 [Chat - Global]("Slightly Crazed"(id=RjqUafmWjW9Q1BHza4n7WoZ_8uUWujoz2w-ciuQaZcs=)): IM CURED!!! its a miracle!!!
23:40:27.359 [Chat - Global]("Slightly Crazed"(id=RjqUafmWjW9Q1BHza4n7WoZ_8uUWujoz2w-ciuQaZcs=)): buy the way im friendly
23:40:40.007 [Chat - Global]("Slightly Crazed"(id=RjqUafmWjW9Q1BHza4n7WoZ_8uUWujoz2w-ciuQaZcs=)): wont shoot unless shot at
23:41:05.539 [Chat - Global]("DirtyDan"(id=eZvdqnhxQZeB4Wvp7ko5cFy79bCUMACrCdUKq6S9F3w=)): ok.  im the same but its day z lol
23:41:19.117 [Chat - Global]("Slightly Crazed"(id=RjqUafmWjW9Q1BHza4n7WoZ_8uUWujoz2w-ciuQaZcs=)): yep it is
23:48:08.343 [Chat - Global]("Slightly Crazed"(id=RjqUafmWjW9Q1BHza4n7WoZ_8uUWujoz2w-ciuQaZcs=)): does the AI kill now? 
23:48:18.304 [Chat - Global]("DirtyDan"(id=eZvdqnhxQZeB4Wvp7ko5cFy79bCUMACrCdUKq6S9F3w=)): yes
23:48:25.718 [Chat - Global]("DirtyDan"(id=eZvdqnhxQZeB4Wvp7ko5cFy79bCUMACrCdUKq6S9F3w=)): they made a post about it
23:48:36.265 [Chat - Global]("Slightly Crazed"(id=RjqUafmWjW9Q1BHza4n7WoZ_8uUWujoz2w-ciuQaZcs=)): ok no longer broken
23:50:41.875 [Chat - Global]("Slightly Crazed"(id=RjqUafmWjW9Q1BHza4n7WoZ_8uUWujoz2w-ciuQaZcs=)): great, playing good now
23:51:11.125 [Chat - Global]("Slightly Crazed"(id=RjqUafmWjW9Q1BHza4n7WoZ_8uUWujoz2w-ciuQaZcs=)): three or 4 of us have been on last few night
23:51:15.523 [Chat - Global]("Slightly Crazed"(id=RjqUafmWjW9Q1BHza4n7WoZ_8uUWujoz2w-ciuQaZcs=)): nights
23:53:13.679 [Chat - Global]("DirtyDan"(id=eZvdqnhxQZeB4Wvp7ko5cFy79bCUMACrCdUKq6S9F3w=)): ya i like the other maps they have
23:54:36.906 [AI Patrol] Spawning 3 Shamans bots at <3494.201660, 16.151735, 6333.039063>
23:54:37.375 [AI Patrol] Spawning 3 Shamans bots at <1634.907715, 45.381001, 3067.885254>
23:55:01.976 [Chat - Global]("Slightly Crazed"(id=RjqUafmWjW9Q1BHza4n7WoZ_8uUWujoz2w-ciuQaZcs=)): I like this one most for now, bitteroot is not bad wither
23:55:16.429 [Chat - Global]("Slightly Crazed"(id=RjqUafmWjW9Q1BHza4n7WoZ_8uUWujoz2w-ciuQaZcs=)): either*
23:56:49.851 [Chat - Global]("Muffinman516"(id=7GiGcjXfdiZaTzbJRYMyCLChQAe8_Kwhj-GvNddjfEQ=)): all my sounds are coming from the wrong direction lol
23:56:57.515 [Party] Player "CrazyBob1027" (id=sotoW1_Nk-TTJiiIPsCtS3o5Fa1yZMPYUSJANQxS2rE=) left the party "Psychonuats" (id=6 ownerUID=sotoW1_Nk-TTJiiIPsCtS3o5Fa1yZMPYUSJANQxS2rE= ownerName=CrazyBob1027)
23:57:28.453 [MissionAirdrop] An airdrop is heading towards "Military Transmitting Station" (pos=<6328.509766, 0.000000, 979.291016> type=Random_Military-Transmitting-Station) with a ExpansionAirdropContainer_Medical
23:57:48.453 [MissionAirdrop] An airdrop is heading towards "Apple Orchard" (pos=<4814.680176, 0.000000, 1308.500000> type=Random_Apple-Orchard) with a ExpansionAirdropContainer_Basebuilding
23:58:16.046 [Party] Player "Capt Chaos" (id=KWl3ojgjStHOe3-iLRChpUG8crsNiNfei3BT6NCIfaw=) left the party "dirtydan" (id=3 ownerUID=eZvdqnhxQZeB4Wvp7ko5cFy79bCUMACrCdUKq6S9F3w= ownerName=DirtyDan)
23:58:21.296 [Party] Player "DirtyDan" (id=eZvdqnhxQZeB4Wvp7ko5cFy79bCUMACrCdUKq6S9F3w=) left the party "dirtydan" (id=3 ownerUID=eZvdqnhxQZeB4Wvp7ko5cFy79bCUMACrCdUKq6S9F3w= ownerName=DirtyDan)
23:59:19.429 [Party] Player "ChaoticBeauty07" (id=aZuey8BZu5enttVf1frXEoSPxF2bH_OE61qSIaeu7J0=) left the party "Psychonuats" (id=6 ownerUID=sotoW1_Nk-TTJiiIPsCtS3o5Fa1yZMPYUSJANQxS2rE= ownerName=CrazyBob1027)
23:59:19.437 [Party] Player "Slightly Crazed" (id=RjqUafmWjW9Q1BHza4n7WoZ_8uUWujoz2w-ciuQaZcs=) left the party "Gits" (id=4 ownerUID=RjqUafmWjW9Q1BHza4n7WoZ_8uUWujoz2w-ciuQaZcs= ownerName=Slightly Crazed)
