18:56:05.476 [AI Patrol] Spawning 3 Shamans bots at <3999.244141, 15.630000, 6662.654785>
18:56:05.625 [AI Patrol] Spawning 3 Shamans bots at <3769.588135, 15.630000, 6561.188477>
18:56:05.632 [AI Patrol] Spawning 3 Shamans bots at <3669.787842, 4.640000, 5989.232422>
18:56:05.640 [AI Patrol] Spawning 3 Shamans bots at <3420.467529, 17.272537, 6308.268066>
18:56:05.656 [AI Patrol] Spawning 3 Shamans bots at <4019.459961, 15.630000, 6620.888184>
18:56:05.664 [AI Patrol] Spawning 3 Shamans bots at <3798.261719, 4.640000, 5982.845703>
18:56:05.679 [AI Patrol] Spawning 3 Shamans bots at <3725.111084, 4.640000, 6045.703613>
18:56:05.695 [AI Patrol] Spawning 3 Shamans bots at <3744.503662, 4.640000, 5962.418457>
18:56:05.710 [AI Patrol] Spawning 3 Shamans bots at <3747.532715, 15.630000, 6577.806641>
18:56:05.726 [AI Patrol] Spawning 3 Shamans bots at <3746.909912, 4.640000, 5978.417969>
18:56:34.093 [AI Patrol] Spawning 3 Shamans bots at <3501.348633, 16.026936, 6343.299805>
18:58:19.031 [AI Patrol] Spawning 3 Shamans bots at <2291.212891, 64.215919, 7039.523926>
19:11:39.789 [AI Patrol] Spawning 3 Shamans bots at <4250.684082, 17.419283, 7527.466797>
19:12:14.351 [AI Patrol] Spawning 3 Shamans bots at <4329.233887, 15.896169, 7651.131836>
19:12:22.484 [AI Patrol] Spawning 3 Shamans bots at <4356.484375, 15.700000, 7676.871094>
19:12:33.687 [AI Patrol] Spawning 3 Shamans bots at <4668.804688, 17.293173, 7428.707031>
19:13:24.757 [AI Patrol] Spawning 3 Shamans bots at <4899.502930, 16.226551, 7494.987305>
20:40:22.335 [AI Patrol] Spawning 3 Shamans bots at <5134.620117, 16.030008, 7293.161133>
21:20:24.382 [AI Patrol] Spawning 3 Shamans bots at <6080.741211, 10.767220, 7088.346191>
21:46:23.695 [AI Patrol] Spawning 3 Shamans bots at <6603.371094, 14.376179, 7013.009766>
21:49:02.601 [Killfeed] (ADMIN)BLUE got killed by Survivor (Shamans) with KA-M from a distance of 45 m.
21:50:36.250 [AI Patrol] Spawning 3 Shamans bots at <3768.765381, 15.630000, 6585.731934>
21:51:01.187 [Killfeed] (ADMIN)BLUE died because of dehydration.
21:51:17.312 [AI Patrol] Spawning 3 Shamans bots at <2513.237549, 43.939999, 5831.943848>
21:51:17.320 [AI Patrol] Spawning 3 Shamans bots at <2486.411133, 44.311085, 5956.627930>
21:51:17.328 [AI Patrol] Spawning 3 Shamans bots at <2504.585938, 43.939999, 5737.429688>
21:51:17.335 [AI Patrol] Spawning 3 Shamans bots at <2509.655518, 43.939999, 5700.846680>
22:00:33.171 [Party] Player "Captain Chaos" (id=KWl3ojgjStHOe3-iLRChpUG8crsNiNfei3BT6NCIfaw=) joinded the party "Sodomizers" (id=0 ownerUID= ownerName=)
22:00:33.171 [Party] Player "Captain Chaos" (id=KWl3ojgjStHOe3-iLRChpUG8crsNiNfei3BT6NCIfaw=) created a party named Sodomizers (SDZ)
22:00:46.695 [Party] Player "Captain Chaos" (id=KWl3ojgjStHOe3-iLRChpUG8crsNiNfei3BT6NCIfaw=) invited the player "(ADMIN)BLUE" (id=OAdpPkJP2Ps_W7h2ttR1bK23ekHCzrxw0mDT3zqLMdU=)to the party named Sodomizers
22:07:14.750 [Party] Player "(ADMIN)BLUE" (id=OAdpPkJP2Ps_W7h2ttR1bK23ekHCzrxw0mDT3zqLMdU=) joinded the party "Sodomizers" (id=0 ownerUID=KWl3ojgjStHOe3-iLRChpUG8crsNiNfei3BT6NCIfaw= ownerName=Captain Chaos)
22:10:37.875 [Party] Player "(ADMIN)BLUE" (id=OAdpPkJP2Ps_W7h2ttR1bK23ekHCzrxw0mDT3zqLMdU=) left the party "Sodomizers" (id=0 ownerUID=KWl3ojgjStHOe3-iLRChpUG8crsNiNfei3BT6NCIfaw= ownerName=Captain Chaos)
22:21:21.531 [AI Patrol] Spawning 3 Shamans bots at <4085.794189, 15.640000, 7106.496582>
22:49:20.093 [Party] Player "(ADMIN)BLUE" (id=OAdpPkJP2Ps_W7h2ttR1bK23ekHCzrxw0mDT3zqLMdU=) joinded the party "Sodomizers" (id=0 ownerUID=KWl3ojgjStHOe3-iLRChpUG8crsNiNfei3BT6NCIfaw= ownerName=Captain Chaos)
22:49:36.890 [AI Patrol] Spawning 3 Shamans bots at <4892.986328, 15.633749, 7503.602051>
22:50:16.515 [Killfeed] Captain Chaos got killed by (ADMIN)BLUE with M16-A2 from a distance of 23 m.
22:50:46.210 [Party] Player "Captain Chaos" (id=KWl3ojgjStHOe3-iLRChpUG8crsNiNfei3BT6NCIfaw=) joinded the party "Sodomizers" (id=0 ownerUID=KWl3ojgjStHOe3-iLRChpUG8crsNiNfei3BT6NCIfaw= ownerName=Captain Chaos)
22:50:46.210 [AI Patrol] Spawning 3 Shamans bots at <3507.769043, 15.722766, 6334.201172>
23:04:49.890 [AI Patrol] Spawning 3 Shamans bots at <6761.579590, 22.259256, 3840.297852>
23:04:50.828 [AI Patrol] Spawning 3 Shamans bots at <6510.649414, 22.610001, 3785.715820>
23:04:51.609 [AI Patrol] Spawning 3 Shamans bots at <6511.493164, 22.610001, 3780.725586>
23:04:53.296 [AI Patrol] Spawning 3 Shamans bots at <6520.756348, 22.610001, 3771.327637>
23:05:23.101 [AI Patrol] Spawning 3 Shamans bots at <5386.618652, 137.504333, 4528.708008>
23:05:23.164 [AI Patrol] Spawning 3 Shamans bots at <5528.352539, 209.889999, 4137.003418>
23:06:14.890 [VehicleEnter] Player Captain Chaos [uid=KWl3ojgjStHOe3-iLRChpUG8crsNiNfei3BT6NCIfaw=] entered vehicle Sarka 120 (id=F27C86A08B4EA262ADB4348D9A525FFA pos=<4465.346680, 15.620252, 7783.342773>) as driver
23:06:21.828 [VehicleEnter] Player Captain Chaos [uid=KWl3ojgjStHOe3-iLRChpUG8crsNiNfei3BT6NCIfaw=] switched seats in vehicle Sarka 120 (id=F27C86A08B4EA262ADB4348D9A525FFA pos=<4465.346680, 15.620309, 7783.342773>) to passenger
23:06:32.843 [VehicleEnter] Player (ADMIN)BLUE [uid=OAdpPkJP2Ps_W7h2ttR1bK23ekHCzrxw0mDT3zqLMdU=] entered vehicle Sarka 120 (id=F27C86A08B4EA262ADB4348D9A525FFA pos=<4465.346680, 15.620282, 7783.342285>) as driver
23:06:35.390 [VehicleEngine] Player (ADMIN)BLUE [uid=OAdpPkJP2Ps_W7h2ttR1bK23ekHCzrxw0mDT3zqLMdU=] started vehicle Sarka 120 (id=F27C86A08B4EA262ADB4348D9A525FFA pos=<4465.346680, 15.620283, 7783.342285>)
23:08:23.992 [Chat - Global]("(ADMIN)BLUE"(id=OAdpPkJP2Ps_W7h2ttR1bK23ekHCzrxw0mDT3zqLMdU=)): heading your way hax
23:09:28.195 [VehicleLeave] Player (ADMIN)BLUE [uid=OAdpPkJP2Ps_W7h2ttR1bK23ekHCzrxw0mDT3zqLMdU=] left vehicle Sarka 120 (id=F27C86A08B4EA262ADB4348D9A525FFA pos=<3341.232910, 16.445971, 6232.173340>)
23:09:28.828 [VehicleLeave] Player Captain Chaos [uid=KWl3ojgjStHOe3-iLRChpUG8crsNiNfei3BT6NCIfaw=] left vehicle Sarka 120 (id=F27C86A08B4EA262ADB4348D9A525FFA pos=<3341.232422, 16.445982, 6232.171387>)
23:09:53.687 [Killfeed] Haxzawbuddy got killed by Survivor (Shamans) with KAS-74U from a distance of 36 m.
23:10:58.820 [Killfeed] (ADMIN)BLUE got killed by Survivor (Shamans) with KAS-74U from a distance of 10 m.
23:11:25.593 [Party] Player "(ADMIN)BLUE" (id=OAdpPkJP2Ps_W7h2ttR1bK23ekHCzrxw0mDT3zqLMdU=) joinded the party "Sodomizers" (id=0 ownerUID=KWl3ojgjStHOe3-iLRChpUG8crsNiNfei3BT6NCIfaw= ownerName=Captain Chaos)
23:13:32.140 [Killfeed] (ADMIN)BLUE got killed by Haxzawbuddy with MK II from a distance of 3 m.
23:13:57.179 [Party] Player "(ADMIN)BLUE" (id=OAdpPkJP2Ps_W7h2ttR1bK23ekHCzrxw0mDT3zqLMdU=) joinded the party "Sodomizers" (id=0 ownerUID=KWl3ojgjStHOe3-iLRChpUG8crsNiNfei3BT6NCIfaw= ownerName=Captain Chaos)
23:14:00.640 [Chat - Global]("Haxzawbuddy"(id=DUcyoGt2VWtZr3oKf6o6tsVc93jmEW_SrXqfXzeLc1g=)): i just saw that lol
23:14:04.054 [Chat - Global]("Haxzawbuddy"(id=DUcyoGt2VWtZr3oKf6o6tsVc93jmEW_SrXqfXzeLc1g=)): im so sry
23:14:17.960 [Chat - Global]("Haxzawbuddy"(id=DUcyoGt2VWtZr3oKf6o6tsVc93jmEW_SrXqfXzeLc1g=)): i didnt know you were admin and i got spooked
23:14:26.625 [Chat - Global]("Haxzawbuddy"(id=DUcyoGt2VWtZr3oKf6o6tsVc93jmEW_SrXqfXzeLc1g=)): whats up
23:14:50.289 [Chat - Global]("Haxzawbuddy"(id=DUcyoGt2VWtZr3oKf6o6tsVc93jmEW_SrXqfXzeLc1g=)): i was only planning on being on a cpl deaths 
23:14:54.320 [Chat - Global]("Haxzawbuddy"(id=DUcyoGt2VWtZr3oKf6o6tsVc93jmEW_SrXqfXzeLc1g=)): but yea i m down
23:15:05.500 [Chat - Global]("Haxzawbuddy"(id=DUcyoGt2VWtZr3oKf6o6tsVc93jmEW_SrXqfXzeLc1g=)): ok
23:16:03.968 [Party] Player "Captain Chaos" (id=KWl3ojgjStHOe3-iLRChpUG8crsNiNfei3BT6NCIfaw=) invited the player "Haxzawbuddy" (id=DUcyoGt2VWtZr3oKf6o6tsVc93jmEW_SrXqfXzeLc1g=)to the party named Sodomizers
23:18:53.234 [Chat - Global]("Haxzawbuddy"(id=DUcyoGt2VWtZr3oKf6o6tsVc93jmEW_SrXqfXzeLc1g=)): mmk
23:19:06.953 [Chat - Global]("Haxzawbuddy"(id=DUcyoGt2VWtZr3oKf6o6tsVc93jmEW_SrXqfXzeLc1g=)): ill folo
23:19:14.328 [Chat - Global]("(ADMIN)BLUE"(id=OAdpPkJP2Ps_W7h2ttR1bK23ekHCzrxw0mDT3zqLMdU=)): https://discord.gg/NM2tB8ZU
23:19:18.007 [Chat - Global]("(ADMIN)BLUE"(id=OAdpPkJP2Ps_W7h2ttR1bK23ekHCzrxw0mDT3zqLMdU=)): if you want
23:20:40.687 [VehicleDeleted] Sedan_02 (id=F27C86A08B4EA262ADB4348D9A525FFA pos=<3341.232422, 16.446009, 6232.171387>)
23:21:36.125 [Chat - Global]("Haxzawbuddy"(id=DUcyoGt2VWtZr3oKf6o6tsVc93jmEW_SrXqfXzeLc1g=)): usg 45
23:21:38.265 [Chat - Global]("Haxzawbuddy"(id=DUcyoGt2VWtZr3oKf6o6tsVc93jmEW_SrXqfXzeLc1g=)): yes
23:23:07.679 [Chat - Global]("Haxzawbuddy"(id=DUcyoGt2VWtZr3oKf6o6tsVc93jmEW_SrXqfXzeLc1g=)): how
23:23:11.031 [Chat - Global]("Haxzawbuddy"(id=DUcyoGt2VWtZr3oKf6o6tsVc93jmEW_SrXqfXzeLc1g=)): ?
23:23:24.148 [Party] Player "Haxzawbuddy" (id=DUcyoGt2VWtZr3oKf6o6tsVc93jmEW_SrXqfXzeLc1g=) joinded the party "Sodomizers" (id=0 ownerUID=KWl3ojgjStHOe3-iLRChpUG8crsNiNfei3BT6NCIfaw= ownerName=Captain Chaos)
23:23:30.796 [Chat - Global]("Haxzawbuddy"(id=DUcyoGt2VWtZr3oKf6o6tsVc93jmEW_SrXqfXzeLc1g=)): lol
23:23:35.617 [Chat - Global]("Haxzawbuddy"(id=DUcyoGt2VWtZr3oKf6o6tsVc93jmEW_SrXqfXzeLc1g=)): gotcha
23:25:42.453 [Chat - Global]("Haxzawbuddy"(id=DUcyoGt2VWtZr3oKf6o6tsVc93jmEW_SrXqfXzeLc1g=)): k
23:25:59.515 [Chat - Global]("Haxzawbuddy"(id=DUcyoGt2VWtZr3oKf6o6tsVc93jmEW_SrXqfXzeLc1g=)): i need food and drink
23:26:26.296 [Chat - Global]("Haxzawbuddy"(id=DUcyoGt2VWtZr3oKf6o6tsVc93jmEW_SrXqfXzeLc1g=)): ty
23:26:57.039 [Party] Player "Captain Chaos" (id=KWl3ojgjStHOe3-iLRChpUG8crsNiNfei3BT6NCIfaw=) invited the player "MaxCaliber" (id=s7vJf2NuCNme1MUM_sgLr2G3yzcxYg10pO0s-GAKExM=)to the party named Sodomizers
23:26:58.890 [Party] Player "MaxCaliber" (id=s7vJf2NuCNme1MUM_sgLr2G3yzcxYg10pO0s-GAKExM=) joinded the party "Sodomizers" (id=0 ownerUID=KWl3ojgjStHOe3-iLRChpUG8crsNiNfei3BT6NCIfaw= ownerName=Captain Chaos)
23:31:55.000 [Chat - Global]("Haxzawbuddy"(id=DUcyoGt2VWtZr3oKf6o6tsVc93jmEW_SrXqfXzeLc1g=)): ?
23:32:10.210 [Chat - Global]("Haxzawbuddy"(id=DUcyoGt2VWtZr3oKf6o6tsVc93jmEW_SrXqfXzeLc1g=)): im good rn but i appreciate the invite
23:35:32.867 [AI Patrol] Spawning 3 Shamans bots at <6117.525391, 41.253479, 3506.266602>
23:38:08.531 [Chat - Global]("Haxzawbuddy"(id=DUcyoGt2VWtZr3oKf6o6tsVc93jmEW_SrXqfXzeLc1g=)): here max
23:39:04.976 [ExplosionDamageSystem] About to explode LandFuelFeed_Ammo from Land_FuelStation_Feed_Enoch<11dd5010> at <4062.91, 16.75, 7197.77> EXPLOSION range 20 dropoff 5
23:39:11.554 [ExplosionDamageSystem] About to explode LandFuelFeed_Ammo from Land_FuelStation_Feed_Enoch<11dd10a0> at <4056.06, 16.76, 7198.54> EXPLOSION range 20 dropoff 5
23:39:18.109 [Chat - Global]("Haxzawbuddy"(id=DUcyoGt2VWtZr3oKf6o6tsVc93jmEW_SrXqfXzeLc1g=)): here
23:39:21.156 [ExplosionDamageSystem] About to explode LandFuelFeed_Ammo from Land_FuelStation_Feed_Enoch<11dd6230> at <4048.89, 16.73, 7196.92> EXPLOSION range 20 dropoff 5
23:39:23.578 [Chat - Global]("Haxzawbuddy"(id=DUcyoGt2VWtZr3oKf6o6tsVc93jmEW_SrXqfXzeLc1g=)): i ahve no ammo for em but u can have me
23:39:42.562 [Chat - Global]("Haxzawbuddy"(id=DUcyoGt2VWtZr3oKf6o6tsVc93jmEW_SrXqfXzeLc1g=)): nice , nah i dont need it
23:39:44.867 [Chat - Global]("Haxzawbuddy"(id=DUcyoGt2VWtZr3oKf6o6tsVc93jmEW_SrXqfXzeLc1g=)): i got one
23:39:53.703 [ExplosionDamageSystem] About to explode LandFuelFeed_Ammo from Land_FuelStation_Feed_Enoch<11dd8f80> at <4063.73, 16.75, 7204.85> EXPLOSION range 20 dropoff 5
23:39:57.492 [ExplosionDamageSystem] About to explode LandFuelFeed_Ammo from Land_FuelStation_Feed_Enoch<11ddcef0> at <4056.86, 16.75, 7205.62> EXPLOSION range 20 dropoff 5
23:40:01.875 [ExplosionDamageSystem] About to explode LandFuelFeed_Ammo from Land_FuelStation_Feed_Enoch<11de0e60> at <4050, 16.77, 7206.42> EXPLOSION range 20 dropoff 5
23:40:24.812 [Chat - Global]("Haxzawbuddy"(id=DUcyoGt2VWtZr3oKf6o6tsVc93jmEW_SrXqfXzeLc1g=)): got any tetra blue?
23:40:43.476 [Chat - Global]("MaxCaliber"(id=s7vJf2NuCNme1MUM_sgLr2G3yzcxYg10pO0s-GAKExM=)): He is takin a quick bathroom break
23:45:29.593 [Chat - Global]("Haxzawbuddy"(id=DUcyoGt2VWtZr3oKf6o6tsVc93jmEW_SrXqfXzeLc1g=)): anyone got any tetra?
23:49:23.765 [AI Patrol] Spawning 3 Shamans bots at <5570.655273, 10.054330, 7095.819336>
23:50:22.671 [Party] Player "Haxzawbuddy" (id=DUcyoGt2VWtZr3oKf6o6tsVc93jmEW_SrXqfXzeLc1g=) left the party "Sodomizers" (id=0 ownerUID=KWl3ojgjStHOe3-iLRChpUG8crsNiNfei3BT6NCIfaw= ownerName=Captain Chaos)
23:51:26.835 [Party] Player "Haxzawbuddy" (id=DUcyoGt2VWtZr3oKf6o6tsVc93jmEW_SrXqfXzeLc1g=) left the party "Sodomizers" (id=0 ownerUID=KWl3ojgjStHOe3-iLRChpUG8crsNiNfei3BT6NCIfaw= ownerName=Captain Chaos)
23:55:43.781 [ExplosionDamageSystem] About to explode LandFuelFeed_Ammo from Land_FuelStation_Feed<18518590> at <4337.57, 16.77, 7643.87> EXPLOSION range 20 dropoff 5
23:58:36.398 [Party] Player "Captain Chaos" (id=KWl3ojgjStHOe3-iLRChpUG8crsNiNfei3BT6NCIfaw=) left the party "Sodomizers" (id=0 ownerUID=KWl3ojgjStHOe3-iLRChpUG8crsNiNfei3BT6NCIfaw= ownerName=Captain Chaos)
23:58:37.296 [Party] Player "(ADMIN)BLUE" (id=OAdpPkJP2Ps_W7h2ttR1bK23ekHCzrxw0mDT3zqLMdU=) left the party "Sodomizers" (id=0 ownerUID=KWl3ojgjStHOe3-iLRChpUG8crsNiNfei3BT6NCIfaw= ownerName=Captain Chaos)
23:59:09.320 [Party] Player "MaxCaliber" (id=s7vJf2NuCNme1MUM_sgLr2G3yzcxYg10pO0s-GAKExM=) left the party "Sodomizers" (id=0 ownerUID=KWl3ojgjStHOe3-iLRChpUG8crsNiNfei3BT6NCIfaw= ownerName=Captain Chaos)
