00:24:25.853 [Expansion Quests] - InitQuestSystemClient - Loaded existing player quest data for player with UID: ax7Tt8AKEfSEyy4-XVMEjmiM71IuF4dUHcqKEdRBHaE=
00:24:25.853 [Expansion Quests] - Create new quest instance for quest: 99 - Player UID: ax7Tt8AKEfSEyy4-XVMEjmiM71IuF4dUHcqKEdRBHaE=
00:29:34.400 [MissionAirdrop] An airdrop is heading towards "South Harbor" (pos=<1854.040039, 0.000000, 584.143005> type=Random_South-Harbor) with a ExpansionAirdropContainer_Military
01:23:30.994 [AI Patrol] Spawning 2 Shamans bots at <2628.100830, 43.939999, 5769.834473>
01:29:05.246 [Expansion Quests] - InitQuestSystemClient - Loaded existing player quest data for player with UID: ax7Tt8AKEfSEyy4-XVMEjmiM71IuF4dUHcqKEdRBHaE=
01:29:05.247 [Expansion Quests] - Create new quest instance for quest: 99 - Player UID: ax7Tt8AKEfSEyy4-XVMEjmiM71IuF4dUHcqKEdRBHaE=
01:55:52.397 [MissionAirdrop] An airdrop is heading towards "Military Transmitting Station" (pos=<6328.509766, 0.000000, 979.291016> type=Random_Military-Transmitting-Station) with a ExpansionAirdropContainer_Basebuilding
02:25:37.398 [Party] Player "brailsford40" (id=HQAtXFe6fZZL90M2CD_a22otF9NJ2s4t7n-ol5BAu6o=) joinded the party "DIE HARD" (id=10 ownerUID=JmVdSu0kzNbOpwjpFV-MDcMB-Equ3yPY-l-COMb6HgY= ownerName=Nick Leadbeatter)
02:25:37.408 [Expansion Quests] - InitQuestSystemClient - Loaded existing player quest data for player with UID: HQAtXFe6fZZL90M2CD_a22otF9NJ2s4t7n-ol5BAu6o=
02:25:37.409 [Expansion Quests] - LoadGroupQuestData - Loaded existing group quest data for group with ID: 10
02:25:38.352 [Expansion Quests] - LoadGroupQuestData - Got cached group quest data for group with ID: 10
02:44:17.503 [AI Patrol] Spawning 2 Shamans bots at <6770.588379, 21.781591, 3855.981201>
03:00:27.997 [Party] Player "brailsford40" (id=HQAtXFe6fZZL90M2CD_a22otF9NJ2s4t7n-ol5BAu6o=) joinded the party "DIE HARD" (id=10 ownerUID=JmVdSu0kzNbOpwjpFV-MDcMB-Equ3yPY-l-COMb6HgY= ownerName=Nick Leadbeatter)
03:00:28.991 [Expansion Quests] - LoadGroupQuestData - Got cached group quest data for group with ID: 10
03:18:24.397 [MissionAirdrop] An airdrop is heading towards "Deadman's Rock" (pos=<1541.849976, 0.000000, 6417.939941> type=Random_Deadmans-Rock) with a ExpansionAirdropContainer_Military
03:57:43.342 [Party] Player "brailsford40" (id=HQAtXFe6fZZL90M2CD_a22otF9NJ2s4t7n-ol5BAu6o=) left the party "DIE HARD" (id=10 ownerUID=JmVdSu0kzNbOpwjpFV-MDcMB-Equ3yPY-l-COMb6HgY= ownerName=Nick Leadbeatter)
04:01:25.478 [Party] Player "brailsford40" (id=HQAtXFe6fZZL90M2CD_a22otF9NJ2s4t7n-ol5BAu6o=) joinded the party "DIE HARD" (id=10 ownerUID=JmVdSu0kzNbOpwjpFV-MDcMB-Equ3yPY-l-COMb6HgY= ownerName=Nick Leadbeatter)
04:01:25.485 [Expansion Quests] - InitQuestSystemClient - Loaded existing player quest data for player with UID: HQAtXFe6fZZL90M2CD_a22otF9NJ2s4t7n-ol5BAu6o=
04:01:25.485 [Expansion Quests] - LoadGroupQuestData - Got cached group quest data for group with ID: 10
04:01:26.454 [Expansion Quests] - LoadGroupQuestData - Got cached group quest data for group with ID: 10
04:19:30.576 [Expansion Quests] - InitQuestSystemClient - Loaded existing player quest data for player with UID: OAdpPkJP2Ps_W7h2ttR1bK23ekHCzrxw0mDT3zqLMdU=
04:19:54.677 [Chat - Admin]("(ADMIN)BLUE"(id=OAdpPkJP2Ps_W7h2ttR1bK23ekHCzrxw0mDT3zqLMdU=)): DIDNT YOU SAY YOU WANTED LIGHT
04:43:04.398 [MissionAirdrop] An airdrop is heading towards "Airfield" (pos=<6791.240234, 0.000000, 2116.860107> type=Random_Airfield) with a ExpansionAirdropContainer_Military
04:57:18.539 [VehicleEnter] Player brailsford40 [uid=HQAtXFe6fZZL90M2CD_a22otF9NJ2s4t7n-ol5BAu6o=] entered vehicle Nissan warrior (id=71E53717F84715AD2155E5AE355D8FB3 pos=<4311.320801, 6.057640, 5053.788086>) as driver
04:57:22.960 [VehicleEngine] Player brailsford40 [uid=HQAtXFe6fZZL90M2CD_a22otF9NJ2s4t7n-ol5BAu6o=] started vehicle Nissan warrior (id=71E53717F84715AD2155E5AE355D8FB3 pos=<4311.318359, 6.057645, 5053.788086>)
04:57:28.746 [VehicleLeave] Player brailsford40 [uid=HQAtXFe6fZZL90M2CD_a22otF9NJ2s4t7n-ol5BAu6o=] left vehicle Nissan warrior (id=71E53717F84715AD2155E5AE355D8FB3 pos=<4311.318848, 6.057644, 5053.788086>)
04:57:42.048 [VehicleCarKey] Player "brailsford40" (id=HQAtXFe6fZZL90M2CD_a22otF9NJ2s4t7n-ol5BAu6o= pos=<4309.543945, 5.970426, 5054.259277>) paired a  ExpansionCarKey to Nissan_warrior (id=71E53717F84715AD2155E5AE355D8FB3 pos=<4311.317383, 6.057639, 5053.788086>)
04:57:53.083 [VehicleEnter] Player brailsford40 [uid=HQAtXFe6fZZL90M2CD_a22otF9NJ2s4t7n-ol5BAu6o=] entered vehicle Nissan warrior (id=71E53717F84715AD2155E5AE355D8FB3 pos=<4311.320801, 6.057643, 5053.788086>) as driver
04:57:56.181 [VehicleEngine] Player brailsford40 [uid=HQAtXFe6fZZL90M2CD_a22otF9NJ2s4t7n-ol5BAu6o=] stopped vehicle Nissan warrior (id=71E53717F84715AD2155E5AE355D8FB3 pos=<4311.320801, 6.057642, 5053.788086>)
04:57:59.664 [VehicleLeave] Player brailsford40 [uid=HQAtXFe6fZZL90M2CD_a22otF9NJ2s4t7n-ol5BAu6o=] left vehicle Nissan warrior (id=71E53717F84715AD2155E5AE355D8FB3 pos=<4311.318359, 6.057646, 5053.788086>)
04:58:03.964 [VehicleCarKey] Player "brailsford40" (id=HQAtXFe6fZZL90M2CD_a22otF9NJ2s4t7n-ol5BAu6o= pos=<4309.444336, 5.969356, 5054.364746>) used the  ExpansionCarKey to lock Nissan_warrior (id=71E53717F84715AD2155E5AE355D8FB3 pos=<4311.320801, 6.057640, 5053.788086>)
05:03:03.523 [VehicleCarKey] Player "brailsford40" (id=HQAtXFe6fZZL90M2CD_a22otF9NJ2s4t7n-ol5BAu6o= pos=<4309.704102, 5.976029, 5053.778809>) used the  ExpansionCarKey to unlock Nissan_warrior (id=71E53717F84715AD2155E5AE355D8FB3 pos=<4311.320801, 6.057640, 5053.788086>)
05:03:08.925 [VehicleEnter] Player brailsford40 [uid=HQAtXFe6fZZL90M2CD_a22otF9NJ2s4t7n-ol5BAu6o=] entered vehicle Nissan warrior (id=71E53717F84715AD2155E5AE355D8FB3 pos=<4311.320801, 6.057639, 5053.788086>) as driver
05:03:18.824 [VehicleEngine] Player brailsford40 [uid=HQAtXFe6fZZL90M2CD_a22otF9NJ2s4t7n-ol5BAu6o=] started vehicle Nissan warrior (id=71E53717F84715AD2155E5AE355D8FB3 pos=<4311.320801, 6.057639, 5053.788086>)
05:04:30.585 [VehicleEngine] Player brailsford40 [uid=HQAtXFe6fZZL90M2CD_a22otF9NJ2s4t7n-ol5BAu6o=] stopped vehicle Nissan warrior (id=71E53717F84715AD2155E5AE355D8FB3 pos=<4217.475098, 7.463918, 4966.684570>)
05:04:34.939 [VehicleLeave] Player brailsford40 [uid=HQAtXFe6fZZL90M2CD_a22otF9NJ2s4t7n-ol5BAu6o=] left vehicle Nissan warrior (id=71E53717F84715AD2155E5AE355D8FB3 pos=<4217.475098, 7.463915, 4966.684570>)
05:04:40.037 [VehicleCarKey] Player "brailsford40" (id=HQAtXFe6fZZL90M2CD_a22otF9NJ2s4t7n-ol5BAu6o= pos=<4218.230957, 7.418183, 4964.222656>) used the  ExpansionCarKey to lock Nissan_warrior (id=71E53717F84715AD2155E5AE355D8FB3 pos=<4217.477051, 7.463956, 4966.682617>)
05:05:37.365 [VehicleCarKey] Player "brailsford40" (id=HQAtXFe6fZZL90M2CD_a22otF9NJ2s4t7n-ol5BAu6o= pos=<4219.789063, 7.404029, 4966.911621>) used the  ExpansionCarKey to unlock Nissan_warrior (id=71E53717F84715AD2155E5AE355D8FB3 pos=<4217.477051, 7.463956, 4966.682617>)
05:07:42.828 [VehicleEnter] Player brailsford40 [uid=HQAtXFe6fZZL90M2CD_a22otF9NJ2s4t7n-ol5BAu6o=] entered vehicle Nissan warrior (id=71E53717F84715AD2155E5AE355D8FB3 pos=<4217.476563, 7.463953, 4966.682617>) as driver
05:07:47.568 [VehicleEngine] Player brailsford40 [uid=HQAtXFe6fZZL90M2CD_a22otF9NJ2s4t7n-ol5BAu6o=] started vehicle Nissan warrior (id=71E53717F84715AD2155E5AE355D8FB3 pos=<4217.475098, 7.463920, 4966.684082>)
05:10:29.556 [VehicleEngine] Player brailsford40 [uid=HQAtXFe6fZZL90M2CD_a22otF9NJ2s4t7n-ol5BAu6o=] stopped vehicle Nissan warrior (id=71E53717F84715AD2155E5AE355D8FB3 pos=<4044.634277, 18.175995, 4756.644043>)
05:10:47.564 [VehicleLeave] Player brailsford40 [uid=HQAtXFe6fZZL90M2CD_a22otF9NJ2s4t7n-ol5BAu6o=] left vehicle Nissan warrior (id=71E53717F84715AD2155E5AE355D8FB3 pos=<4044.634033, 18.175985, 4756.644531>)
05:10:57.140 [VehicleCarKey] Player "brailsford40" (id=HQAtXFe6fZZL90M2CD_a22otF9NJ2s4t7n-ol5BAu6o= pos=<4043.170410, 17.972507, 4758.370117>) used the  ExpansionCarKey to lock Nissan_warrior (id=71E53717F84715AD2155E5AE355D8FB3 pos=<4044.636719, 18.176096, 4756.642578>)
05:11:32.099 [VehicleCarKey] Player "brailsford40" (id=HQAtXFe6fZZL90M2CD_a22otF9NJ2s4t7n-ol5BAu6o= pos=<4045.008789, 18.250353, 4754.132813>) used the  ExpansionCarKey to unlock Nissan_warrior (id=71E53717F84715AD2155E5AE355D8FB3 pos=<4044.636719, 18.176096, 4756.642578>)
05:11:41.332 [VehicleCarKey] Player "brailsford40" (id=HQAtXFe6fZZL90M2CD_a22otF9NJ2s4t7n-ol5BAu6o= pos=<4045.008789, 18.250353, 4754.132813>) used the  ExpansionCarKey to lock Nissan_warrior (id=71E53717F84715AD2155E5AE355D8FB3 pos=<4044.636719, 18.176096, 4756.642578>)
05:14:30.968 [VehicleCarKey] Player "brailsford40" (id=HQAtXFe6fZZL90M2CD_a22otF9NJ2s4t7n-ol5BAu6o= pos=<4043.480713, 18.052250, 4757.145996>) used the  ExpansionCarKey to unlock Nissan_warrior (id=71E53717F84715AD2155E5AE355D8FB3 pos=<4044.636719, 18.176096, 4756.642578>)
05:14:36.884 [VehicleEnter] Player brailsford40 [uid=HQAtXFe6fZZL90M2CD_a22otF9NJ2s4t7n-ol5BAu6o=] entered vehicle Nissan warrior (id=71E53717F84715AD2155E5AE355D8FB3 pos=<4044.638184, 18.176125, 4756.642578>) as driver
05:14:44.357 [VehicleEngine] Player brailsford40 [uid=HQAtXFe6fZZL90M2CD_a22otF9NJ2s4t7n-ol5BAu6o=] started vehicle Nissan warrior (id=71E53717F84715AD2155E5AE355D8FB3 pos=<4044.635986, 18.176041, 4756.643555>)
05:16:59.005 [VehicleEngine] Player brailsford40 [uid=HQAtXFe6fZZL90M2CD_a22otF9NJ2s4t7n-ol5BAu6o=] stopped vehicle Nissan warrior (id=71E53717F84715AD2155E5AE355D8FB3 pos=<4688.846191, 43.165409, 4665.762207>)
05:22:51.500 [VehicleLeave] Player brailsford40 [uid=HQAtXFe6fZZL90M2CD_a22otF9NJ2s4t7n-ol5BAu6o=] left vehicle Nissan warrior (id=71E53717F84715AD2155E5AE355D8FB3 pos=<4688.847656, 43.165409, 4665.762695>)
05:22:55.697 [VehicleCarKey] Player "brailsford40" (id=HQAtXFe6fZZL90M2CD_a22otF9NJ2s4t7n-ol5BAu6o= pos=<4690.464355, 43.082497, 4665.158203>) used the  ExpansionCarKey to lock Nissan_warrior (id=71E53717F84715AD2155E5AE355D8FB3 pos=<4688.848633, 43.165409, 4665.762695>)
05:24:29.076 [VehicleCarKey] Player "brailsford40" (id=HQAtXFe6fZZL90M2CD_a22otF9NJ2s4t7n-ol5BAu6o= pos=<4691.152344, 43.082485, 4665.583496>) used the  ExpansionCarKey to unlock Nissan_warrior (id=71E53717F84715AD2155E5AE355D8FB3 pos=<4688.848633, 43.165409, 4665.762695>)
05:24:34.847 [VehicleEnter] Player brailsford40 [uid=HQAtXFe6fZZL90M2CD_a22otF9NJ2s4t7n-ol5BAu6o=] entered vehicle Nissan warrior (id=71E53717F84715AD2155E5AE355D8FB3 pos=<4688.849121, 43.165409, 4665.762695>) as driver
05:33:51.542 [VehicleEngine] Player brailsford40 [uid=HQAtXFe6fZZL90M2CD_a22otF9NJ2s4t7n-ol5BAu6o=] started vehicle Nissan warrior (id=71E53717F84715AD2155E5AE355D8FB3 pos=<4688.849121, 43.165405, 4665.762695>)
05:37:01.802 [VehicleEngine] Player brailsford40 [uid=HQAtXFe6fZZL90M2CD_a22otF9NJ2s4t7n-ol5BAu6o=] stopped vehicle Nissan warrior (id=71E53717F84715AD2155E5AE355D8FB3 pos=<4062.951904, 11.070572, 4155.791016>)
05:39:39.632 [VehicleLeave] Player brailsford40 [uid=HQAtXFe6fZZL90M2CD_a22otF9NJ2s4t7n-ol5BAu6o=] left vehicle Nissan warrior (id=71E53717F84715AD2155E5AE355D8FB3 pos=<4062.951904, 11.070573, 4155.791016>)
05:39:53.617 [VehicleCarKey] Player "brailsford40" (id=HQAtXFe6fZZL90M2CD_a22otF9NJ2s4t7n-ol5BAu6o= pos=<4061.195557, 10.974443, 4154.787109>) used the  ExpansionCarKey to lock Nissan_warrior (id=71E53717F84715AD2155E5AE355D8FB3 pos=<4062.951904, 11.070573, 4155.791016>)
05:40:20.179 [VehicleCarKey] Player "brailsford40" (id=HQAtXFe6fZZL90M2CD_a22otF9NJ2s4t7n-ol5BAu6o= pos=<4062.013428, 10.974780, 4154.394531>) used the  ExpansionCarKey to unlock Nissan_warrior (id=71E53717F84715AD2155E5AE355D8FB3 pos=<4062.951904, 11.070573, 4155.791016>)
05:41:29.644 [VehicleCarKey] Player "brailsford40" (id=HQAtXFe6fZZL90M2CD_a22otF9NJ2s4t7n-ol5BAu6o= pos=<4059.954102, 10.973771, 4155.850586>) used the  ExpansionCarKey to lock Nissan_warrior (id=71E53717F84715AD2155E5AE355D8FB3 pos=<4062.951904, 11.070573, 4155.791016>)
05:41:42.660 [VehicleCarKey] Player "brailsford40" (id=HQAtXFe6fZZL90M2CD_a22otF9NJ2s4t7n-ol5BAu6o= pos=<4060.896240, 10.974034, 4155.860840>) used the  ExpansionCarKey to unlock Nissan_warrior (id=71E53717F84715AD2155E5AE355D8FB3 pos=<4062.951904, 11.070573, 4155.791016>)
05:41:46.644 [VehicleCarKey] Player "brailsford40" (id=HQAtXFe6fZZL90M2CD_a22otF9NJ2s4t7n-ol5BAu6o= pos=<4060.896240, 10.974034, 4155.860840>) used the  ExpansionCarKey to lock Nissan_warrior (id=71E53717F84715AD2155E5AE355D8FB3 pos=<4062.951904, 11.070573, 4155.791016>)
05:48:22.865 [VehicleCarKey] Player "brailsford40" (id=HQAtXFe6fZZL90M2CD_a22otF9NJ2s4t7n-ol5BAu6o= pos=<4063.747314, 10.974488, 4157.061523>) used the  ExpansionCarKey to unlock Nissan_warrior (id=71E53717F84715AD2155E5AE355D8FB3 pos=<4062.951904, 11.070573, 4155.791016>)
05:54:09.845 [VehicleCarKey] Player "brailsford40" (id=HQAtXFe6fZZL90M2CD_a22otF9NJ2s4t7n-ol5BAu6o= pos=<4064.067627, 10.974544, 4157.176270>) used the  ExpansionCarKey to lock Nissan_warrior (id=71E53717F84715AD2155E5AE355D8FB3 pos=<4062.951904, 11.070573, 4155.791016>)
05:59:20.048 [Party] Player "brailsford40" (id=HQAtXFe6fZZL90M2CD_a22otF9NJ2s4t7n-ol5BAu6o=) left the party "DIE HARD" (id=10 ownerUID=JmVdSu0kzNbOpwjpFV-MDcMB-Equ3yPY-l-COMb6HgY= ownerName=Nick Leadbeatter)
