12:11:56.824 [Safezone] Player "Hooligan-235" (id=Lz9Kmumu1QnE7HX0I_hIz0vW-Eq-ERMw5EWCTjeKz4U= pos=<4802.482910, 5.971453, 2249.642334>) Entered the safezone
12:11:56.824 [Party] Player "Hooligan-235" (id=Lz9Kmumu1QnE7HX0I_hIz0vW-Eq-ERMw5EWCTjeKz4U=) joinded the party "AFL" (id=4 ownerUID=Lz9Kmumu1QnE7HX0I_hIz0vW-Eq-ERMw5EWCTjeKz4U= ownerName=Hooligan-235)
12:11:56.832 [Expansion Quests] - InitQuestSystemClient - Loaded existing player quest data for player with UID: Lz9Kmumu1QnE7HX0I_hIz0vW-Eq-ERMw5EWCTjeKz4U=
12:11:56.832 [Expansion Quests] - LoadGroupQuestData - Loaded existing group quest data for group with ID: 4
12:11:56.832 [Expansion Quests] - Create new quest instance for quest: 32 - Player UID: Lz9Kmumu1QnE7HX0I_hIz0vW-Eq-ERMw5EWCTjeKz4U=
12:11:56.835 [AI Patrol] Spawning 2 Shamans bots at <4855.091309, 43.890411, 1447.971436>
12:11:57.785 [Expansion Quests] - LoadGroupQuestData - Got cached group quest data for group with ID: 4
12:13:05.011 [Party] Player "Hooligan-235" (id=Lz9Kmumu1QnE7HX0I_hIz0vW-Eq-ERMw5EWCTjeKz4U=) left the party "AFL" (id=4 ownerUID=Lz9Kmumu1QnE7HX0I_hIz0vW-Eq-ERMw5EWCTjeKz4U= ownerName=Hooligan-235)
12:14:14.890 [Safezone] Player "Hooligan-235" (id=Lz9Kmumu1QnE7HX0I_hIz0vW-Eq-ERMw5EWCTjeKz4U= pos=<4802.482910, 5.971453, 2249.642334>) Entered the safezone
12:14:14.890 [Party] Player "Hooligan-235" (id=Lz9Kmumu1QnE7HX0I_hIz0vW-Eq-ERMw5EWCTjeKz4U=) joinded the party "AFL" (id=4 ownerUID=Lz9Kmumu1QnE7HX0I_hIz0vW-Eq-ERMw5EWCTjeKz4U= ownerName=Hooligan-235)
12:14:14.898 [Expansion Quests] - InitQuestSystemClient - Loaded existing player quest data for player with UID: Lz9Kmumu1QnE7HX0I_hIz0vW-Eq-ERMw5EWCTjeKz4U=
12:14:14.898 [Expansion Quests] - LoadGroupQuestData - Got cached group quest data for group with ID: 4
12:14:14.898 [Expansion Quests] - Create new quest instance for quest: 32 - Player UID: Lz9Kmumu1QnE7HX0I_hIz0vW-Eq-ERMw5EWCTjeKz4U=
12:14:15.851 [Expansion Quests] - LoadGroupQuestData - Got cached group quest data for group with ID: 4
12:17:03.214 [MissionAirdrop] An airdrop is heading towards "Mt Lapithas" (pos=<5540.580078, 0.000000, 4123.680176> type=Random_Mt-Lapithas) with a ExpansionAirdropContainer
12:17:05.515 [Safezone] Player "Hooligan-235" (id=Lz9Kmumu1QnE7HX0I_hIz0vW-Eq-ERMw5EWCTjeKz4U= pos=<4732.947266, 2.404928, 2525.065918>) Left the safezone
12:28:56.207 [Party] Player "brailsford40" (id=HQAtXFe6fZZL90M2CD_a22otF9NJ2s4t7n-ol5BAu6o=) joinded the party "DIE HARD" (id=10 ownerUID=JmVdSu0kzNbOpwjpFV-MDcMB-Equ3yPY-l-COMb6HgY= ownerName=Nick Leadbeatter)
12:28:56.218 [Expansion Quests] - InitQuestSystemClient - Loaded existing player quest data for player with UID: HQAtXFe6fZZL90M2CD_a22otF9NJ2s4t7n-ol5BAu6o=
12:28:56.218 [Expansion Quests] - LoadGroupQuestData - Loaded existing group quest data for group with ID: 10
12:28:57.171 [Expansion Quests] - LoadGroupQuestData - Got cached group quest data for group with ID: 10
12:42:31.277 [AI Patrol] Spawning 2 Shamans bots at <2339.181641, 54.799999, 3124.092041>
12:44:46.906 [Safezone] Player "Hooligan-235" (id=Lz9Kmumu1QnE7HX0I_hIz0vW-Eq-ERMw5EWCTjeKz4U= pos=<4742.894531, 2.410268, 2483.253174>) Entered the safezone
12:47:17.476 [Expansion Quests] - CompleteQuest - Player with UID Lz9Kmumu1QnE7HX0I_hIz0vW-Eq-ERMw5EWCTjeKz4U= has completed quest 32
12:48:01.898 [Expansion Quests] - CreateQuestInstance - Created new quest instance for with instance key Lz9Kmumu1QnE7HX0I_hIz0vW-Eq-ERMw5EWCTjeKz4U= for quest 58
12:49:37.531 [Market] Player "Hooligan-235" (id=Lz9Kmumu1QnE7HX0I_hIz0vW-Eq-ERMw5EWCTjeKz4U=) has send a requested to purchase ammobox_556x45_20rnd x10 from the trader "Magazines (Oliver [AMMO & MAGAZINES])" in market zone "The Holler" (pos=<4864.000000, 0.000000, 2314.000000>).
12:49:37.644 [Market] Player "Hooligan-235" (id=Lz9Kmumu1QnE7HX0I_hIz0vW-Eq-ERMw5EWCTjeKz4U=) has bought ammobox_556x45_20rnd x10 from the trader "Magazines (Oliver [AMMO & MAGAZINES])" in market zone "The Holler" (pos=<4864.000000, 0.000000, 2314.000000>) for a price of 320.
12:49:58.730 [ATM] Player "Hooligan-235" (id=Lz9Kmumu1QnE7HX0I_hIz0vW-Eq-ERMw5EWCTjeKz4U=) has deposited 180 on his ATM account.
12:51:45.921 [Safezone] Player "Hooligan-235" (id=Lz9Kmumu1QnE7HX0I_hIz0vW-Eq-ERMw5EWCTjeKz4U= pos=<4627.617188, 2.473507, 2227.103516>) Left the safezone
12:56:23.539 [Party] Player "brailsford40" (id=HQAtXFe6fZZL90M2CD_a22otF9NJ2s4t7n-ol5BAu6o=) left the party "DIE HARD" (id=10 ownerUID=JmVdSu0kzNbOpwjpFV-MDcMB-Equ3yPY-l-COMb6HgY= ownerName=Nick Leadbeatter)
13:11:59.507 [Party] Player "Hooligan-235" (id=Lz9Kmumu1QnE7HX0I_hIz0vW-Eq-ERMw5EWCTjeKz4U=) left the party "AFL" (id=4 ownerUID=Lz9Kmumu1QnE7HX0I_hIz0vW-Eq-ERMw5EWCTjeKz4U= ownerName=Hooligan-235)
