06:01:32.542 [Party] Player "brailsford40" (id=HQAtXFe6fZZL90M2CD_a22otF9NJ2s4t7n-ol5BAu6o=) joinded the party "DIE HARD" (id=10 ownerUID=JmVdSu0kzNbOpwjpFV-MDcMB-Equ3yPY-l-COMb6HgY= ownerName=Nick Leadbeatter)
06:01:32.554 [Expansion Quests] - InitQuestSystemClient - Loaded existing player quest data for player with UID: HQAtXFe6fZZL90M2CD_a22otF9NJ2s4t7n-ol5BAu6o=
06:01:32.554 [Expansion Quests] - LoadGroupQuestData - Loaded existing group quest data for group with ID: 10
06:01:33.509 [Expansion Quests] - LoadGroupQuestData - Got cached group quest data for group with ID: 10
06:05:37.828 [VehicleCarKey] Player "brailsford40" (id=HQAtXFe6fZZL90M2CD_a22otF9NJ2s4t7n-ol5BAu6o= pos=<4061.981445, 10.974855, 4154.102539>) used the  ExpansionCarKey to unlock Nissan_warrior (id=71E53717F84715AD2155E5AE355D8FB3 pos=<4062.951904, 11.070573, 4155.791016>)
06:05:51.251 [VehicleCarKey] Player "brailsford40" (id=HQAtXFe6fZZL90M2CD_a22otF9NJ2s4t7n-ol5BAu6o= pos=<4064.024658, 10.975849, 4152.621582>) used the  ExpansionCarKey to lock Nissan_warrior (id=71E53717F84715AD2155E5AE355D8FB3 pos=<4062.951904, 11.070573, 4155.791016>)
06:06:40.736 [MissionAirdrop] An airdrop is heading towards "the Mine" (pos=<3056.280029, 0.000000, 1123.099976> type=Random_Mine) with a ExpansionAirdropContainer_Medical
06:14:12.384 [VehicleCarKey] Player "brailsford40" (id=HQAtXFe6fZZL90M2CD_a22otF9NJ2s4t7n-ol5BAu6o= pos=<4061.380371, 10.974465, 4154.866211>) used the  ExpansionCarKey to unlock Nissan_warrior (id=71E53717F84715AD2155E5AE355D8FB3 pos=<4062.951904, 11.070573, 4155.791016>)
06:21:40.275 [Territory] Player "brailsford40" (id=HQAtXFe6fZZL90M2CD_a22otF9NJ2s4t7n-ol5BAu6o=) created territory DIE HARD at <4058.232910, 10.933748, 4154.232422>
06:23:33.988 [VehicleCarKey] Player "brailsford40" (id=HQAtXFe6fZZL90M2CD_a22otF9NJ2s4t7n-ol5BAu6o= pos=<4062.358643, 10.975153, 4153.432129>) used the  ExpansionCarKey to lock Nissan_warrior (id=71E53717F84715AD2155E5AE355D8FB3 pos=<4062.951904, 11.070573, 4155.791016>)
06:29:19.232 [AdminTools] Player "brailsford40" (id=HQAtXFe6fZZL90M2CD_a22otF9NJ2s4t7n-ol5BAu6o= pos=<4055.896729, 10.971013, 4161.274902>) used the Admin Hammer to build frame
06:29:25.078 [AdminTools] Player "brailsford40" (id=HQAtXFe6fZZL90M2CD_a22otF9NJ2s4t7n-ol5BAu6o= pos=<4055.896729, 10.971013, 4161.274902>) used the Admin Hammer to build t1_door
06:30:08.125 [BaseRaiding] BBP_BDoor (<4055.494385, 10.940212, 4162.261230>) Code set by player "brailsford40" (ID = "HQAtXFe6fZZL90M2CD_a22otF9NJ2s4t7n-ol5BAu6o=" at <4055.896729, 10.971013, 4161.274902>) and the code is 8444
06:31:53.226 [AdminTools] Player "brailsford40" (id=HQAtXFe6fZZL90M2CD_a22otF9NJ2s4t7n-ol5BAu6o= pos=<4062.932861, 10.972968, 4161.539063>) used the Admin Hammer to build frame
06:31:58.529 [AdminTools] Player "brailsford40" (id=HQAtXFe6fZZL90M2CD_a22otF9NJ2s4t7n-ol5BAu6o= pos=<4062.932861, 10.972968, 4161.539063>) used the Admin Hammer to build t1_wall_logs_horizontal
06:34:04.705 [VehicleCarKey] Player "brailsford40" (id=HQAtXFe6fZZL90M2CD_a22otF9NJ2s4t7n-ol5BAu6o= pos=<4061.041260, 10.974372, 4154.838379>) used the  ExpansionCarKey to unlock Nissan_warrior (id=71E53717F84715AD2155E5AE355D8FB3 pos=<4062.951904, 11.070573, 4155.791016>)
06:34:10.298 [VehicleEnter] Player brailsford40 [uid=HQAtXFe6fZZL90M2CD_a22otF9NJ2s4t7n-ol5BAu6o=] entered vehicle Nissan warrior (id=71E53717F84715AD2155E5AE355D8FB3 pos=<4062.949951, 11.070073, 4155.789551>) as driver
06:34:17.341 [VehicleEngine] Player brailsford40 [uid=HQAtXFe6fZZL90M2CD_a22otF9NJ2s4t7n-ol5BAu6o=] started vehicle Nissan warrior (id=71E53717F84715AD2155E5AE355D8FB3 pos=<4062.949951, 11.070071, 4155.790527>)
06:34:25.599 [VehicleEngine] Player brailsford40 [uid=HQAtXFe6fZZL90M2CD_a22otF9NJ2s4t7n-ol5BAu6o=] stopped vehicle Nissan warrior (id=71E53717F84715AD2155E5AE355D8FB3 pos=<4059.338623, 11.067810, 4160.071289>)
06:34:28.925 [VehicleLeave] Player brailsford40 [uid=HQAtXFe6fZZL90M2CD_a22otF9NJ2s4t7n-ol5BAu6o=] left vehicle Nissan warrior (id=71E53717F84715AD2155E5AE355D8FB3 pos=<4059.336670, 11.067807, 4160.069336>)
06:34:30.595 [VehicleCarKey] Player "brailsford40" (id=HQAtXFe6fZZL90M2CD_a22otF9NJ2s4t7n-ol5BAu6o= pos=<4056.875244, 10.972065, 4158.622559>) used the  ExpansionCarKey to lock Nissan_warrior (id=71E53717F84715AD2155E5AE355D8FB3 pos=<4059.338867, 11.067812, 4160.071777>)
06:34:32.531 [VehicleCarKey] Player "brailsford40" (id=HQAtXFe6fZZL90M2CD_a22otF9NJ2s4t7n-ol5BAu6o= pos=<4056.875244, 10.972065, 4158.622559>) used the  ExpansionCarKey to unlock Nissan_warrior (id=71E53717F84715AD2155E5AE355D8FB3 pos=<4059.338867, 11.067812, 4160.071777>)
06:34:37.730 [VehicleCarKey] Player "brailsford40" (id=HQAtXFe6fZZL90M2CD_a22otF9NJ2s4t7n-ol5BAu6o= pos=<4057.373291, 10.971858, 4159.860840>) used the  ExpansionCarKey to lock Nissan_warrior (id=71E53717F84715AD2155E5AE355D8FB3 pos=<4059.338867, 11.067812, 4160.071777>)
06:35:41.289 [AdminTools] Player "brailsford40" (id=HQAtXFe6fZZL90M2CD_a22otF9NJ2s4t7n-ol5BAu6o= pos=<4065.752686, 10.976274, 4152.814453>) used the Admin Hammer to build frame
06:35:47.927 [AdminTools] Player "brailsford40" (id=HQAtXFe6fZZL90M2CD_a22otF9NJ2s4t7n-ol5BAu6o= pos=<4065.752686, 10.976274, 4152.814453>) used the Admin Hammer to build t1_wall_logs_horizontal
06:36:04.203 [VehicleCarKey] Player "brailsford40" (id=HQAtXFe6fZZL90M2CD_a22otF9NJ2s4t7n-ol5BAu6o= pos=<4057.877686, 10.972381, 4158.563477>) used the  ExpansionCarKey to unlock Nissan_warrior (id=71E53717F84715AD2155E5AE355D8FB3 pos=<4059.338867, 11.067812, 4160.071777>)
06:36:32.609 [BaseRaiding] BBP_SGate (<4065.553955, 10.936581, 4151.755371>) Code set by player "brailsford40" (ID = "HQAtXFe6fZZL90M2CD_a22otF9NJ2s4t7n-ol5BAu6o=" at <4064.295898, 10.975843, 4152.900879>) and the code is 8444
06:55:55.640 [AdminTools] Player "brailsford40" (id=HQAtXFe6fZZL90M2CD_a22otF9NJ2s4t7n-ol5BAu6o= pos=<4058.712158, 10.970916, 4164.530762>) used the Admin Hammer to build frame
06:56:02.646 [AdminTools] Player "brailsford40" (id=HQAtXFe6fZZL90M2CD_a22otF9NJ2s4t7n-ol5BAu6o= pos=<4058.712158, 10.970916, 4164.530762>) used the Admin Hammer to build t1_wall_logs_horizontal
06:59:18.814 [AdminTools] Player "brailsford40" (id=HQAtXFe6fZZL90M2CD_a22otF9NJ2s4t7n-ol5BAu6o= pos=<4055.610352, 10.971040, 4160.885742>) used the Admin Hammer to build frame
06:59:24.089 [AdminTools] Player "brailsford40" (id=HQAtXFe6fZZL90M2CD_a22otF9NJ2s4t7n-ol5BAu6o= pos=<4055.610352, 10.971040, 4160.885742>) used the Admin Hammer to build t1_wall_logs_horizontal
07:12:38.304 [VehicleCarKey] Player "brailsford40" (id=HQAtXFe6fZZL90M2CD_a22otF9NJ2s4t7n-ol5BAu6o= pos=<4058.348877, 10.972629, 4158.186523>) used the  ExpansionCarKey to lock Nissan_warrior (id=71E53717F84715AD2155E5AE355D8FB3 pos=<4059.338867, 11.067812, 4160.071777>)
07:13:22.736 [Party] Player "brailsford40" (id=HQAtXFe6fZZL90M2CD_a22otF9NJ2s4t7n-ol5BAu6o=) left the party "DIE HARD" (id=10 ownerUID=JmVdSu0kzNbOpwjpFV-MDcMB-Equ3yPY-l-COMb6HgY= ownerName=Nick Leadbeatter)
09:04:09.158 [Expansion Quests] - InitQuestSystemClient - Created new persistent player quest data for player UID: 5S3ZUld8GyMwgl9SahjoKy5ud6LcvSszIkLDYq6_EKA=
09:04:18.734 [MissionAirdrop] An airdrop is heading towards "Military Transmitting Station" (pos=<6328.509766, 0.000000, 979.291016> type=Random_Military-Transmitting-Station) with a ExpansionAirdropContainer
09:39:54.671 [Party] Player "brailsford40" (id=HQAtXFe6fZZL90M2CD_a22otF9NJ2s4t7n-ol5BAu6o=) joinded the party "DIE HARD" (id=10 ownerUID=JmVdSu0kzNbOpwjpFV-MDcMB-Equ3yPY-l-COMb6HgY= ownerName=Nick Leadbeatter)
09:39:54.691 [Expansion Quests] - InitQuestSystemClient - Loaded existing player quest data for player with UID: HQAtXFe6fZZL90M2CD_a22otF9NJ2s4t7n-ol5BAu6o=
09:39:54.691 [Expansion Quests] - LoadGroupQuestData - Got cached group quest data for group with ID: 10
09:39:55.640 [Expansion Quests] - LoadGroupQuestData - Got cached group quest data for group with ID: 10
09:40:36.156 [VehicleCarKey] Player "brailsford40" (id=HQAtXFe6fZZL90M2CD_a22otF9NJ2s4t7n-ol5BAu6o= pos=<4058.368164, 10.972645, 4158.147949>) used the  ExpansionCarKey to unlock Nissan_warrior (id=71E53717F84715AD2155E5AE355D8FB3 pos=<4059.338867, 11.067812, 4160.071777>)
09:41:16.847 [VehicleCarKey] Player "brailsford40" (id=HQAtXFe6fZZL90M2CD_a22otF9NJ2s4t7n-ol5BAu6o= pos=<4059.759033, 10.973316, 4157.235840>) used the  ExpansionCarKey to lock Nissan_warrior (id=71E53717F84715AD2155E5AE355D8FB3 pos=<4059.338867, 11.067812, 4160.071777>)
09:42:36.804 [VehicleCarKey] Player "brailsford40" (id=HQAtXFe6fZZL90M2CD_a22otF9NJ2s4t7n-ol5BAu6o= pos=<4058.454102, 10.972709, 4158.017090>) used the  ExpansionCarKey to unlock Nissan_warrior (id=71E53717F84715AD2155E5AE355D8FB3 pos=<4059.338867, 11.067812, 4160.071777>)
09:44:35.804 [VehicleCarKey] Player "brailsford40" (id=HQAtXFe6fZZL90M2CD_a22otF9NJ2s4t7n-ol5BAu6o= pos=<4058.454102, 10.972709, 4158.017090>) used the  ExpansionCarKey to lock Nissan_warrior (id=71E53717F84715AD2155E5AE355D8FB3 pos=<4059.338867, 11.067812, 4160.071777>)
09:55:17.398 [VehicleCarKey] Player "brailsford40" (id=HQAtXFe6fZZL90M2CD_a22otF9NJ2s4t7n-ol5BAu6o= pos=<4058.688232, 10.972930, 4157.485352>) used the  ExpansionCarKey to unlock Nissan_warrior (id=71E53717F84715AD2155E5AE355D8FB3 pos=<4059.338867, 11.067812, 4160.071777>)
09:57:36.898 [VehicleCarKey] Player "brailsford40" (id=HQAtXFe6fZZL90M2CD_a22otF9NJ2s4t7n-ol5BAu6o= pos=<4058.688232, 10.972930, 4157.485352>) used the  ExpansionCarKey to lock Nissan_warrior (id=71E53717F84715AD2155E5AE355D8FB3 pos=<4059.338867, 11.067812, 4160.071777>)
10:02:13.398 [VehicleCarKey] Player "brailsford40" (id=HQAtXFe6fZZL90M2CD_a22otF9NJ2s4t7n-ol5BAu6o= pos=<4058.604004, 10.972648, 4158.383789>) used the  ExpansionCarKey to unlock Nissan_warrior (id=71E53717F84715AD2155E5AE355D8FB3 pos=<4059.338867, 11.067812, 4160.071777>)
10:02:19.273 [VehicleEnter] Player brailsford40 [uid=HQAtXFe6fZZL90M2CD_a22otF9NJ2s4t7n-ol5BAu6o=] entered vehicle Nissan warrior (id=71E53717F84715AD2155E5AE355D8FB3 pos=<4059.338623, 11.067808, 4160.070313>) as driver
10:02:24.781 [VehicleEngine] Player brailsford40 [uid=HQAtXFe6fZZL90M2CD_a22otF9NJ2s4t7n-ol5BAu6o=] started vehicle Nissan warrior (id=71E53717F84715AD2155E5AE355D8FB3 pos=<4059.338379, 11.067808, 4160.069824>)
10:02:47.136 [VehicleLeave] Player brailsford40 [uid=HQAtXFe6fZZL90M2CD_a22otF9NJ2s4t7n-ol5BAu6o=] left vehicle Nissan warrior (id=71E53717F84715AD2155E5AE355D8FB3 pos=<4073.272949, 10.469046, 4141.895508>)
10:03:04.402 [VehicleEnter] Player brailsford40 [uid=HQAtXFe6fZZL90M2CD_a22otF9NJ2s4t7n-ol5BAu6o=] entered vehicle Nissan warrior (id=71E53717F84715AD2155E5AE355D8FB3 pos=<4073.271484, 10.468948, 4141.892578>) as driver
10:03:08.359 [VehicleEngine] Player brailsford40 [uid=HQAtXFe6fZZL90M2CD_a22otF9NJ2s4t7n-ol5BAu6o=] started vehicle Nissan warrior (id=71E53717F84715AD2155E5AE355D8FB3 pos=<4073.272217, 10.469006, 4141.894043>)
10:03:36.949 [VehicleEngine] Player brailsford40 [uid=HQAtXFe6fZZL90M2CD_a22otF9NJ2s4t7n-ol5BAu6o=] stopped vehicle Nissan warrior (id=71E53717F84715AD2155E5AE355D8FB3 pos=<3887.245361, 8.075408, 4299.672852>)
10:03:40.730 [VehicleLeave] Player brailsford40 [uid=HQAtXFe6fZZL90M2CD_a22otF9NJ2s4t7n-ol5BAu6o=] left vehicle Nissan warrior (id=71E53717F84715AD2155E5AE355D8FB3 pos=<3887.243408, 8.075407, 4299.670898>)
10:05:34.808 [VehicleEnter] Player brailsford40 [uid=HQAtXFe6fZZL90M2CD_a22otF9NJ2s4t7n-ol5BAu6o=] entered vehicle Nissan warrior (id=71E53717F84715AD2155E5AE355D8FB3 pos=<3887.246582, 8.075411, 4299.673340>) as driver
10:05:40.074 [VehicleEngine] Player brailsford40 [uid=HQAtXFe6fZZL90M2CD_a22otF9NJ2s4t7n-ol5BAu6o=] started vehicle Nissan warrior (id=71E53717F84715AD2155E5AE355D8FB3 pos=<3887.244873, 8.075408, 4299.671387>)
10:06:13.445 [VehicleEngine] Player brailsford40 [uid=HQAtXFe6fZZL90M2CD_a22otF9NJ2s4t7n-ol5BAu6o=] stopped vehicle Nissan warrior (id=71E53717F84715AD2155E5AE355D8FB3 pos=<4067.654053, 10.302391, 4143.373535>)
10:06:18.078 [VehicleLeave] Player brailsford40 [uid=HQAtXFe6fZZL90M2CD_a22otF9NJ2s4t7n-ol5BAu6o=] left vehicle Nissan warrior (id=71E53717F84715AD2155E5AE355D8FB3 pos=<4067.652100, 10.302242, 4143.375000>)
10:08:51.316 [VehicleEnter] Player brailsford40 [uid=HQAtXFe6fZZL90M2CD_a22otF9NJ2s4t7n-ol5BAu6o=] entered vehicle Nissan warrior (id=71E53717F84715AD2155E5AE355D8FB3 pos=<4067.655518, 10.302323, 4143.373535>) as driver
10:08:55.617 [VehicleEngine] Player brailsford40 [uid=HQAtXFe6fZZL90M2CD_a22otF9NJ2s4t7n-ol5BAu6o=] started vehicle Nissan warrior (id=71E53717F84715AD2155E5AE355D8FB3 pos=<4067.655518, 10.302323, 4143.373535>)
10:09:10.160 [VehicleEngine] Player brailsford40 [uid=HQAtXFe6fZZL90M2CD_a22otF9NJ2s4t7n-ol5BAu6o=] stopped vehicle Nissan warrior (id=71E53717F84715AD2155E5AE355D8FB3 pos=<4062.306885, 11.068840, 4159.509277>)
10:09:14.496 [VehicleLeave] Player brailsford40 [uid=HQAtXFe6fZZL90M2CD_a22otF9NJ2s4t7n-ol5BAu6o=] left vehicle Nissan warrior (id=71E53717F84715AD2155E5AE355D8FB3 pos=<4062.308350, 11.068825, 4159.509766>)
10:09:23.519 [VehicleCarKey] Player "brailsford40" (id=HQAtXFe6fZZL90M2CD_a22otF9NJ2s4t7n-ol5BAu6o= pos=<4059.672607, 10.972708, 4159.259766>) used the  ExpansionCarKey to lock Nissan_warrior (id=71E53717F84715AD2155E5AE355D8FB3 pos=<4062.305908, 11.068821, 4159.508301>)
10:14:51.835 [VehicleCarKey] Player "brailsford40" (id=HQAtXFe6fZZL90M2CD_a22otF9NJ2s4t7n-ol5BAu6o= pos=<4062.249756, 10.974158, 4156.774414>) used the  ExpansionCarKey to unlock Nissan_warrior (id=71E53717F84715AD2155E5AE355D8FB3 pos=<4062.305908, 11.068821, 4159.508301>)
10:27:52.734 [MissionAirdrop] An airdrop is heading towards "Airfield" (pos=<6791.240234, 0.000000, 2116.860107> type=Random_Airfield) with a ExpansionAirdropContainer_Military
10:30:47.191 [BaseRaiding] mmg_solo_locker_medic (<4064.992432, 10.933846, 4160.683105>) Code set by player "brailsford40" (ID = "HQAtXFe6fZZL90M2CD_a22otF9NJ2s4t7n-ol5BAu6o=" at <4064.945557, 10.974276, 4158.944824>) and the code is 8444
10:34:23.503 [VehicleCarKey] Player "brailsford40" (id=HQAtXFe6fZZL90M2CD_a22otF9NJ2s4t7n-ol5BAu6o= pos=<4061.288818, 10.973701, 4157.434082>) used the  ExpansionCarKey to lock Nissan_warrior (id=71E53717F84715AD2155E5AE355D8FB3 pos=<4062.305908, 11.068821, 4159.508301>)
10:47:21.066 [Party] Player "brailsford40" (id=HQAtXFe6fZZL90M2CD_a22otF9NJ2s4t7n-ol5BAu6o=) left the party "DIE HARD" (id=10 ownerUID=JmVdSu0kzNbOpwjpFV-MDcMB-Equ3yPY-l-COMb6HgY= ownerName=Nick Leadbeatter)
10:54:24.609 [Party] Player "brailsford40" (id=HQAtXFe6fZZL90M2CD_a22otF9NJ2s4t7n-ol5BAu6o=) joinded the party "DIE HARD" (id=10 ownerUID=JmVdSu0kzNbOpwjpFV-MDcMB-Equ3yPY-l-COMb6HgY= ownerName=Nick Leadbeatter)
10:54:24.617 [Expansion Quests] - InitQuestSystemClient - Loaded existing player quest data for player with UID: HQAtXFe6fZZL90M2CD_a22otF9NJ2s4t7n-ol5BAu6o=
10:54:24.621 [Expansion Quests] - LoadGroupQuestData - Got cached group quest data for group with ID: 10
10:54:25.585 [Expansion Quests] - LoadGroupQuestData - Got cached group quest data for group with ID: 10
11:43:16.695 [VehicleCarKey] Player "brailsford40" (id=HQAtXFe6fZZL90M2CD_a22otF9NJ2s4t7n-ol5BAu6o= pos=<4063.979248, 10.973566, 4160.471680>) used the  ExpansionCarKey to unlock Nissan_warrior (id=71E53717F84715AD2155E5AE355D8FB3 pos=<4062.305908, 11.068821, 4159.508301>)
11:49:21.109 [VehicleCarKey] Player "brailsford40" (id=HQAtXFe6fZZL90M2CD_a22otF9NJ2s4t7n-ol5BAu6o= pos=<4061.691162, 10.973984, 4156.844238>) used the  ExpansionCarKey to lock Nissan_warrior (id=71E53717F84715AD2155E5AE355D8FB3 pos=<4062.305908, 11.068821, 4159.508301>)
11:51:59.804 [MissionAirdrop] An airdrop is heading towards "Cassandra" (pos=<4274.000000, 0.000000, 7597.299805> type=Random_Cassandra) with a ExpansionAirdropContainer_Military
11:55:05.906 [Party] Player "brailsford40" (id=HQAtXFe6fZZL90M2CD_a22otF9NJ2s4t7n-ol5BAu6o=) left the party "DIE HARD" (id=10 ownerUID=JmVdSu0kzNbOpwjpFV-MDcMB-Equ3yPY-l-COMb6HgY= ownerName=Nick Leadbeatter)
