---------------------------------------------
Log C:\Users\rylic\OneDrive\Documents\Alteria\servers\0\profiles\crash_2024-02-15_12-00-28.log started at 15.02. 12:00:49



------------------------------------
WINTER-LIVONIA-, 15.02 2024 12:00:49

ExpansionQuestModule<bfdb790>::GetQuestData - Quest config with ID 31 (File: Quest_31.json uses a DELIVERY objective ID 31 witch does not exist! Skip..
Class:      'ExpansionQuestModule'
Function: 'Error'
Stack trace:
scripts/1_Core/proto\endebug.c:92
DayZExpansion/Quests/Scripts/4_World/dayzexpansion_quests\systems\quests\expansionquestmodule.c:2843
DayZExpansion/Quests/Scripts/4_World/dayzexpansion_quests\systems\quests\expansionquestmodule.c:2718
DayZExpansion/Quests/Scripts/4_World/dayzexpansion_quests\systems\quests\expansionquestmodule.c:381
DayZExpansion/Quests/Scripts/4_World/dayzexpansion_quests\systems\quests\expansionquestmodule.c:183
JM/CF/Scripts/1_Core/communityframework\module\cf_modulecoreevent.c:41
JM/CF/Scripts/1_Core/communityframework\module\cf_modulecoremanager.c:157
JM/CF/Scripts/5_Mission/communityframework\mission\missionserver.c:37
JM/COT/Scripts/5_Mission/communityonlinetools\missionserver.c:30
StaminaSettings\scripts\5_Mission/mission\missionserver.c:5
DayZEditorLoader/scripts/5_Mission/dayzeditorloader\mission\missionserver.c:104
DayZExpansion/Core/Scripts/5_Mission/dayzexpansion_core\mission\missionserver.c:53

Runtime mode
CLI params: config serverDZ.cfg.active port 2302 profiles profiles adminlog  freezecheck  dologs  mod @Community-Online-Tools;@DayZ-Expansion-Licensed;@DayZ-Expansion-Bundle;@Alteria Official (Experimental - Dev Build);@CF;@Dabs Framework;@DayZ Editor Loader;@GameLabs;@42 Months After Alteria Mod Pack;@FlipTransport;@CodeLock to ExpansionCodeLock Bridge;@MMG Base Storage;@BaseBuildingPlus; 


------------------------------------
WINTER-LIVONIA-, 15.02 2024 12:00:49

File $profile:ExpansionMod\Quests\Quests\Quest_90.json:
JSON ERROR:
Missing a comma or '}' after an object member.
Function: 'Error'
Stack trace:
scripts/1_Core/proto\endebug.c:92
DayZExpansion/Core/Scripts/3_Game/dayzexpansion_core\tools\expansionjsonfileparser.c:39
DayZExpansion/Quests/Scripts/4_World/dayzexpansion_quests\systems\quests\expansionquestconfig.c:595
DayZExpansion/Quests/Scripts/4_World/dayzexpansion_quests\systems\quests\expansionquestmodule.c:2803
DayZExpansion/Quests/Scripts/4_World/dayzexpansion_quests\systems\quests\expansionquestmodule.c:2718
DayZExpansion/Quests/Scripts/4_World/dayzexpansion_quests\systems\quests\expansionquestmodule.c:381
DayZExpansion/Quests/Scripts/4_World/dayzexpansion_quests\systems\quests\expansionquestmodule.c:183
JM/CF/Scripts/1_Core/communityframework\module\cf_modulecoreevent.c:41
JM/CF/Scripts/1_Core/communityframework\module\cf_modulecoremanager.c:157
JM/CF/Scripts/5_Mission/communityframework\mission\missionserver.c:37
JM/COT/Scripts/5_Mission/communityonlinetools\missionserver.c:30
StaminaSettings\scripts\5_Mission/mission\missionserver.c:5
DayZEditorLoader/scripts/5_Mission/dayzeditorloader\mission\missionserver.c:104
DayZExpansion/Core/Scripts/5_Mission/dayzexpansion_core\mission\missionserver.c:53

Runtime mode
CLI params: config serverDZ.cfg.active port 2302 profiles profiles adminlog  freezecheck  dologs  mod @Community-Online-Tools;@DayZ-Expansion-Licensed;@DayZ-Expansion-Bundle;@Alteria Official (Experimental - Dev Build);@CF;@Dabs Framework;@DayZ Editor Loader;@GameLabs;@42 Months After Alteria Mod Pack;@FlipTransport;@CodeLock to ExpansionCodeLock Bridge;@MMG Base Storage;@BaseBuildingPlus; 
