************************** 2024-03-17T10:00:38+00:00 **************************
2024-03-17T10:00:38+00:00 | [INFO	] GameLabs v1.932 start for server 78da06b5-bc0a-424b-9b66-a42c7f89719f
2024-03-17T10:00:46+00:00 | [INFO	] Server up (GameLabs v1.932)
2024-03-17T10:00:46+00:00 | [INFO	] RPC interface initiated and handler registered
2024-03-17T10:00:46+00:00 | [INFO	] Experimental speed check is enabled
2024-03-17T10:00:46+00:00 | [WARN	] "ActionDismantleBBP" has been added as monitored action by a third party application
2024-03-17T11:00:46+00:00 | [ERROR	] ServerPoll2 errorCode(5)
2024-03-17T11:00:46+00:00 | [ERROR	] GameLabs API error, reauthenticating...
2024-03-17T11:00:47+00:00 | [WARN	] RegisterAsync re-authorized
2024-03-17T12:00:51+00:00 | [ERROR	] ServerPoll2 errorCode(5)
2024-03-17T12:00:51+00:00 | [ERROR	] GameLabs API error, reauthenticating...
2024-03-17T12:00:52+00:00 | [WARN	] RegisterAsync re-authorized
2024-03-17T13:00:57+00:00 | [ERROR	] ServerPoll2 errorCode(5)
2024-03-17T13:00:57+00:00 | [ERROR	] GameLabs API error, reauthenticating...
2024-03-17T13:00:57+00:00 | [WARN	] RegisterAsync re-authorized
2024-03-17T14:00:57+00:00 | [ERROR	] ServerPoll2 errorCode(5)
2024-03-17T14:00:57+00:00 | [ERROR	] GameLabs API error, reauthenticating...
2024-03-17T14:00:57+00:00 | [WARN	] RegisterAsync re-authorized
2024-03-17T15:01:02+00:00 | [ERROR	] ServerPoll2 errorCode(5)
2024-03-17T15:01:02+00:00 | [ERROR	] GameLabs API error, reauthenticating...
2024-03-17T15:01:02+00:00 | [WARN	] RegisterAsync re-authorized
